* Micro Focus Server Express         V5.1 revision 000 06-Oct-15 17:18 Page   1
* AGEB16.cbl
* Options: int("AGEB16.int") anim csi verbose NOBOUND PARAMCOUNTCHECK
*          directives(cobopt.bth) endp list("AGEB16.lst")
* Setting: NOACCEPTREFRESH NOADV ALIGN"8" ALPHASTART"1" NOALTER NOAMODE ANIM
*          NOANIMPREP ANS85 APOST NOAREACHECK ARITHMETIC"OSVS" ASSIGN
*          "EXTERNAL" NOASSIGN-PRINTER NOAUTOLOCK NOBELL NOBOUND NOBRIEF
*          NOBS2000 BWZSTAR NOBYTEMODEMOVE CALLFH"ebmlsfile" NOCALLMCS
*          NOCALLRECOVERY CALLSORT"EXTSM" CANCEL CANCELLBR NOCHANGEMESSAGE
*          CHARSET"ASCII" NOCHECKDIV NOCHECKREFMOD NOCICS CICS-CPY
*          NOCICSOPTIMIZE NOCMPR2 NOCOBFSTATCONV NOCOBIDY NOCOBOL370 COBOLDIR
*          NOCOMP COMP-5"2" COMP-6"2" NOCOMS85 CONFIRM NOCONVERTRET CONVSPACE
*          COPYEXT",cbl,cpy" NOCOPYLBR COPYLIST COPYLISTCOMMENT"1" CSI
*          CURRENCY-SIGN"36" CURRENT-DATE"MMDDYY" NODATA DATACOMPRESS"0"
*          NODATA-CONTEXT DATE DBCHECK DBCS"2" NODBCSSOSI DBSPACE DE-EDIT"2"
*          DEFAULTBYTE"32" NODEFAULTCALLS DETECTLOCK NODG DIALECT"MF"
*          NODIRECTIVES-IN-COMMENTS NODOSVS NODPCINSUBSCRIPT DYNAM
*          NOEARLY-RELEASE ECHO NOECHOALL NOEDITOR ENSUITE"0" NOENTCOBOL
*          ERRFORMAT"1" ERRLIST"EMBED" NOERRQ FASTSORT NOFCD3 NOFCDREG
*          NOFDCLEAR NOFILESHARE FILETYPE"0" NOFLAG NOFLAGAS NOFLAGCD
*          NOFLAGEUC NOFLAGMIG NOFLAGQ FLAGSINEDIT NOFLAGSTD NOFOLDCALLNAME
*          NOFOLDCOPYNAME FORM"60" NOFP-ROUNDING NOHOSTARITHMETIC
*          NOHOSTCONTZERO NOHOST-NUMCOMPARE NOHOST-NUMMOVE NOHOSTFD NOHOSTRW
*          NOIBM-MS IBMCOMP IDXFORMAT"0" NOILGEN IMPLICITSCOPE NOINDD
*          INFORETURN"0" NOINITCALL INITPTR INT"AGEB16.int" INTDATE"ANSI"
*          INTLEVEL"2" IOCONV NOISO2002 NOIXNLSKEY NOIXNUMKEY KEEP-INT
*          KEYCHECK KEYCOMPRESS"0" LIBRARIAN"2" NOLINE-COUNT LIST"AGEB16.lst"
*          LISTPATH"" LISTWIDTH"80" LITVAL-SIZE"4" LOCKTYPE"0" NOMAPNAME
*          NOMAXERROR METHODDEFAULT"REFERENCE" MF"15" MFCOMMENT NOMOVELENCHECK
*          NOMS NOMVS NATIVE"ASCII" NONATIVEFLOATINGPOINT NONCHAR
*          NONEWBASENAME NONLS NSYMBOL"DBCS" NOODOOSVS NOODOSLIDE
*          NOOLDBLANKLINE NOOLDCOPY NOOLDINDEX NOOLDNEXTSENTENCE NOOLDREADINTO
*          NOOLDSTRMIX OOCTRL"-C-E-G-P+Q+R-S+W" OPTIONAL-FILE NOOS390 OSEXT""
*          NOOSVS NOOUTDD NOP64 NOPANVALET PERFORM-TYPE"OSVS" NOPREPLIST
*          NOPREPROCESS NOPRINT-EXT NOPROFILE NOPROGID-COMMENT
*          NOPROGID-INT-NAME NOPROTECT-LINKAGE PROTOTYPE"RELAXED" QUAL
*          QUALPROC NOQUERY NOQUOTE NORAWLIST NORDW RECMODE"F" NOREENTRANT
*          NOREF NOREFNO REMAINDER"1" REPORT-LINE"256" RESEQ NORETRYLOCK
*          REWRITE-LS NORM RTNCODE-SIZE"4" NORWHARDPAGE NOSAA SEG NOSEQCHK
*          SEQUENTIAL"RECORD" NOSERIAL SETTING"LINE" NOSHAREOUTDD NOSHOW-DIR
*          SIGN"ASCII" NOSIGNDISCARD NOSIGNFIXUP SORTTYPE"DFSORT" SOURCEFORMAT
*          "FIXED" SOURCETABSTOP"8" NOSPZERO NOSSRANGE STDERR NOSTICKY-LINKAGE
*          NOSTICKY-PERFORM SUPFF SWITCHTYPE"1" SYMBSTART"1" SYSPUNCH"132"
*          TERMPAGE TIME NOTRACE NOTRUNC NOTRUNCCALLNAME NOTRUNCCOPY TRUNCINC
*          "10" UNICODE"NATIVE" VERBOSE VSC2"2" WARNING"1" NOWB NOWB2 NOWB3
*          WEBSERVER"CGI" NOWRITELOCK NOWRITETHRU NOXOPEN NOXREF
*          NOZEROLENGTHFALSE NOZEROSEQ NOZWB
     1 IDENTIFICATION DIVISION.
     2 PROGRAM-ID.  AGEB16.
     3 AUTHOR.       J. CONDON.
     4
     5*REMARKS.
     6*    THIS SUB-PROGRAM CALLS AND PASSES PARAMETERS TO THE IBM BAR CODE
     7*    ROUTINE (eansrc), WHICH IS CONTAINED IN barcode.c (A COPY OF THE
     8*    ORGINAL CODE)
     9
    10
    11******************************************************************
    12*                   C H A N G E   L O G
    13*
* Micro Focus Server Express         V5.1 revision 000 06-Oct-15 17:18 Page   2
* AGEB16.cbl
    14* CHANGES ARE MARKED BY THE CHANGE EFFECTIVE DATE.
    15*-----------------------------------------------------------------
    16*  CHANGE   CHANGE REQUEST PGMR  DESCRIPTION OF CHANGE
    17* EFFECTIVE    NUMBER
    18*-----------------------------------------------------------------
    19* 051707  CR2006082200001  PEMA  REMOVE FORCED LENGTH OF 28
    20******************************************************************
    21 ENVIRONMENT DIVISION.
    22
    23
    24 DATA DIVISION.
    25
    26
    27 WORKING-STORAGE SECTION.
    28
*   29 copy "ctypes.cpy".
    30 77  char                   pic s9(2)  comp-5 is typedef.
    31 77  uns-char               pic  9(2)  comp-5 is typedef.
    32 77  short                  pic s9(4)  comp-5 is typedef.
    33 77  uns-short              pic  9(4)  comp-5 is typedef.
    34 77  int                    pic s9(9)  comp-5 is typedef.
    35 77  uns-int                pic  9(9)  comp-5 is typedef.
    36$IF P64 set
    37X77  long                   pic s9(18) comp-5 is typedef.
    38X77  uns-long               pic  9(18) comp-5 is typedef.
    39$ELSE
    40 77  long                   pic s9(9)  comp-5 is typedef.
    41 77  uns-long               pic  9(9)  comp-5 is typedef.
    42$END
    43 77  l-long                 pic s9(18) comp-5 is typedef.
    44 77  uns-l-long             pic  9(18) comp-5 is typedef.
    45 77  d-l-float                         comp-2 is typedef.
    46 77  d-float                           comp-2 is typedef.
    47 77  float                             comp-1 is typedef.
    48 77  proc-pointer           procedure-pointer is typedef.
    49 77  data-pointer                     pointer is typedef.
    50 77  void                   pic  9(2)  comp-5 is typedef.
    51 78  default-convention-val value   0.
    52 78  cdecl-convention-val   value   0.
    53 78  pascal-convention-val  value  11.
    54 78  fast-convention-val    value   2.
    55 78  std-convention-val     value  74.
    56 78  sys-convention-val     value  16.
    57 78  opt-convention-val     value   0.
    58 78  pasc16-convention-val  value  35.
    59 78  cdec16-convention-val  value  32.
    60
    61 01  preloadobj   procedure-pointer.
    62 01  preloaderr   procedure-pointer.
    63
    64 01  PARM-FLDS.
    65     05  PARM-BC-TYPE                PIC X(1).
    66     05  PARM-BC-IN                  PIC X(50).
    67     05  PARM-BC-OUT                 PIC X(128).
    68 01 PARM-BC-LEN short.
    69 01 PARM-BC-RC  short.
    70
    71 LINKAGE SECTION.
* Micro Focus Server Express         V5.1 revision 000 06-Oct-15 17:18 Page   3
* AGEB16.cbl
    72 01  PARM-LIST.
    73    05  BC-LENGTH                    short.
    74    05  BC-CODE-IN                   PIC X(28).
    75    05  BC-CODE-OUT                  PIC X(128).
    76
    77
    78 PROCEDURE DIVISION USING PARM-LIST.
    79
    80 set preloadobj to entry "barcode".
    81 set preloaderr to entry "doesnotexit".
    82
    83 if preloadobj = preloaderr
    84     display "unable to load barcode"
    85     stop run
    86 end-if.
    87
    88 MOVE 'C'        TO PARM-BC-TYPE.
    89 MOVE BC-CODE-IN TO PARM-BC-IN.
    90 MOVE BC-LENGTH  TO PARM-BC-LEN
    91*MOVE +28        TO PARM-BC-LEN.
    92
    93**** for testing
    94*      MOVE '0011600000000000277700001' TO PARM-BC-IN.
    95
    96*DISPLAY 'Calling BarCode'.
    97
    98 CALL "eansrc" USING
    99     BY REFERENCE PARM-BC-TYPE,
   100     BY REFERENCE PARM-BC-IN,
   101     BY REFERENCE PARM-BC-LEN,
   102     BY REFERENCE PARM-BC-OUT,
   103     RETURNING PARM-BC-RC.
   104
   105
   106 MOVE PARM-BC-LEN TO BC-LENGTH.
   107 MOVE PARM-BC-OUT TO BC-CODE-OUT.
   108*DISPLAY 'RC was: ' PARM-BC-RC.
   109*DISPLAY 'Got ' PARM-BC-LEN ' bytes back'.
   110 GOBACK.
* Micro Focus Server Express         V5.1 revision 000 Compiler
* Copyright (C) Micro Focus IP Development Limited 1984-2012.
*                                                        REF GNR-008065005AF
* Total Messages:     0
* Data:         772     Code:         185
