* Micro Focus Server Express         V5.1 revision 000 06-Oct-15 17:18 Page   1
* CIB009151.cbl
* Options: int("CIB009151.int") anim csi verbose NOBOUND PARAMCOUNTCHECK
*          directives(cobopt.bth) endp list("CIB009151.lst")
* Setting: NOACCEPTREFRESH NOADV ALIGN"8" ALPHASTART"1" NOALTER NOAMODE ANIM
*          NOANIMPREP ANS85 APOST NOAREACHECK ARITHMETIC"OSVS" ASSIGN
*          "EXTERNAL" NOASSIGN-PRINTER NOAUTOLOCK NOBELL NOBOUND NOBRIEF
*          NOBS2000 BWZSTAR NOBYTEMODEMOVE CALLFH"ebmlsfile" NOCALLMCS
*          NOCALLRECOVERY CALLSORT"EXTSM" CANCEL CANCELLBR NOCHANGEMESSAGE
*          CHARSET"ASCII" NOCHECKDIV NOCHECKREFMOD NOCICS CICS-CPY
*          NOCICSOPTIMIZE NOCMPR2 NOCOBFSTATCONV NOCOBIDY NOCOBOL370 COBOLDIR
*          NOCOMP COMP-5"2" COMP-6"2" NOCOMS85 CONFIRM NOCONVERTRET CONVSPACE
*          COPYEXT",cbl,cpy" NOCOPYLBR COPYLIST COPYLISTCOMMENT"1" CSI
*          CURRENCY-SIGN"36" CURRENT-DATE"MMDDYY" NODATA DATACOMPRESS"0"
*          NODATA-CONTEXT DATE DBCHECK DBCS"2" NODBCSSOSI DBSPACE DE-EDIT"2"
*          DEFAULTBYTE"32" NODEFAULTCALLS DETECTLOCK NODG DIALECT"MF"
*          NODIRECTIVES-IN-COMMENTS NODOSVS NODPCINSUBSCRIPT DYNAM
*          NOEARLY-RELEASE ECHO NOECHOALL NOEDITOR ENSUITE"0" NOENTCOBOL
*          ERRFORMAT"1" ERRLIST"EMBED" NOERRQ FASTSORT NOFCD3 NOFCDREG
*          NOFDCLEAR NOFILESHARE FILETYPE"0" NOFLAG NOFLAGAS NOFLAGCD
*          NOFLAGEUC NOFLAGMIG NOFLAGQ FLAGSINEDIT NOFLAGSTD NOFOLDCALLNAME
*          NOFOLDCOPYNAME FORM"60" NOFP-ROUNDING NOHOSTARITHMETIC
*          NOHOSTCONTZERO NOHOST-NUMCOMPARE NOHOST-NUMMOVE NOHOSTFD NOHOSTRW
*          NOIBM-MS IBMCOMP IDXFORMAT"0" NOILGEN IMPLICITSCOPE NOINDD
*          INFORETURN"0" NOINITCALL INITPTR INT"CIB009151.int" INTDATE"ANSI"
*          INTLEVEL"2" IOCONV NOISO2002 NOIXNLSKEY NOIXNUMKEY KEEP-INT
*          KEYCHECK KEYCOMPRESS"0" LIBRARIAN"2" NOLINE-COUNT LIST
*          "CIB009151.lst" LISTPATH"" LISTWIDTH"80" LITVAL-SIZE"4" LOCKTYPE"0"
*          NOMAPNAME NOMAXERROR METHODDEFAULT"REFERENCE" MF"15" MFCOMMENT
*          NOMOVELENCHECK NOMS NOMVS NATIVE"ASCII" NONATIVEFLOATINGPOINT
*          NONCHAR NONEWBASENAME NONLS NSYMBOL"DBCS" NOODOOSVS NOODOSLIDE
*          NOOLDBLANKLINE NOOLDCOPY NOOLDINDEX NOOLDNEXTSENTENCE NOOLDREADINTO
*          NOOLDSTRMIX OOCTRL"-C-E-G-P+Q+R-S+W" OPTIONAL-FILE NOOS390 OSEXT""
*          NOOSVS NOOUTDD NOP64 NOPANVALET PERFORM-TYPE"OSVS" NOPREPLIST
*          NOPREPROCESS NOPRINT-EXT NOPROFILE NOPROGID-COMMENT
*          NOPROGID-INT-NAME NOPROTECT-LINKAGE PROTOTYPE"RELAXED" QUAL
*          QUALPROC NOQUERY NOQUOTE NORAWLIST NORDW RECMODE"F" NOREENTRANT
*          NOREF NOREFNO REMAINDER"1" REPORT-LINE"256" RESEQ NORETRYLOCK
*          REWRITE-LS NORM RTNCODE-SIZE"4" NORWHARDPAGE NOSAA SEG NOSEQCHK
*          SEQUENTIAL"RECORD" NOSERIAL SETTING"LINE" NOSHAREOUTDD NOSHOW-DIR
*          SIGN"ASCII" NOSIGNDISCARD NOSIGNFIXUP SORTTYPE"DFSORT" SOURCEFORMAT
*          "FIXED" SOURCETABSTOP"8" NOSPZERO NOSSRANGE STDERR NOSTICKY-LINKAGE
*          NOSTICKY-PERFORM SUPFF SWITCHTYPE"1" SYMBSTART"1" SYSPUNCH"132"
*          TERMPAGE TIME NOTRACE NOTRUNC NOTRUNCCALLNAME NOTRUNCCOPY TRUNCINC
*          "10" UNICODE"NATIVE" VERBOSE VSC2"2" WARNING"1" NOWB NOWB2 NOWB3
*          WEBSERVER"CGI" NOWRITELOCK NOWRITETHRU NOXOPEN NOXREF
*          NOZEROLENGTHFALSE NOZEROSEQ NOZWB
     1 IDENTIFICATION DIVISION.
     2 PROGRAM-ID. CIB009151.
     3 AUTHOR.     COWTOWN.
     4
     5*****************************************************************
     6*                                                               *
     7*  THIS PROGRAM SEARCHES THE FIRST 10 LINES OF A REPORT LOOKING *
     8*  FOR THE VALUE IN THE PARAMETER.  IF THE PARM IS FOUND, THE   *
     9*  ENTIRE PAGE IS PRINTED.                                      *
    10*                                                               *
    11*  THE PROGRAM ALSO INSERTS BLANK LINES INSTEAD OF PRINTER      *
    12*  CARRIAGE CONTROL CHARACTERS.                                 *
    13*                                                               *
* Micro Focus Server Express         V5.1 revision 000 06-Oct-15 17:18 Page   2
* CIB009151.cbl
    14*****************************************************************
    15
    16 ENVIRONMENT DIVISION.
    17 INPUT-OUTPUT SECTION.
    18 FILE-CONTROL.
    19
    20     SELECT OPTIONAL FICHE-FILE
    21         ASSIGN TO SYS010
    22         FILE STATUS IS SYS010-STATUS.
    23
    24     SELECT REPORT-FILE
    25         ASSIGN TO SYS011
    26         organization is line sequential
    27         FILE STATUS IS SYS011-STATUS.
    28
    29
    30 DATA DIVISION.
    31 FILE SECTION.
    32
    33 FD  FICHE-FILE
    34     LABEL RECORDS ARE STANDARD
    35     RECORDING MODE IS F
    36     BLOCK CONTAINS 0 RECORDS.
    37 01  FICHE-REC.
    38     05  PRINT-CONTROL    PIC X.
    39     05  FICHE-RECORD     PIC X(150).
    40
    41 FD  REPORT-FILE
    42     LABEL RECORDS ARE STANDARD
    43     RECORDING MODE IS F
    44     BLOCK CONTAINS 0 RECORDS.
    45 01  REPORT-RECORD    PIC X(150).
    46
    47
    48 WORKING-STORAGE SECTION.
    49
    50 01  BINARY.
    51     05  SUB         PIC S9(4)  VALUE +0.
    52     05  STRT        PIC S9(4)  VALUE +0.
    53     05  END-LINE    PIC S9(4)  VALUE +0.
    54
    55 01  FILLER.
    56     05  BLANK-LINE      PIC X     VALUE SPACE.
    57     05  S0C7            PIC X     VALUE SPACE.
    58     05  FORCE-DUMP REDEFINES S0C7 PIC S9 COMP-3.
    59     05  SYS010-STATUS   PIC XX    VALUE ZERO.
    60         88  EOF                   VALUE '10'.
    61     05  SYS011-STATUS   PIC XX    VALUE ZERO.
    62     05  IN-CNT          PIC S9(9) COMP-3 VALUE +0.
    63     05  OUT-CNT         PIC S9(9) COMP-3 VALUE +0.
    64     05  PRINT-SW        PIC X(3)  VALUE SPACE.
    65     05  WORKAREA.
    66         10  SAVE-REC OCCURS 10 TIMES PIC X(151).
    67
    68 LINKAGE SECTION.
    69
    70 01  PARM.
    71     05  PARM-LENGTH BINARY  PICTURE IS S9(4).
* Micro Focus Server Express         V5.1 revision 000 06-Oct-15 17:18 Page   3
* CIB009151.cbl
    72     05  PARM-VALUE  DISPLAY PICTURE IS X(100).
    73
    74 PROCEDURE DIVISION USING PARM.
    75
    76     PERFORM 000-INIT THRU 000-EXIT
    77     PERFORM 100-PROCESS THRU 100-EXIT
    78         UNTIL EOF
    79     PERFORM 900-END-PROGRAM THRU 900-EXIT
    80     STOP RUN.
    81
    82 000-INIT.
    83
    84     OPEN INPUT FICHE-FILE
    85     IF SYS010-STATUS NOT = '00'
    86        DISPLAY 'OPEN ERROR ' SYS010-STATUS ' ON SYS010'
    87        MOVE '10' TO SYS010-STATUS
    88     END-IF
    89
    90     OPEN OUTPUT REPORT-FILE
    91
    92     COMPUTE END-LINE = LENGTH OF WORKAREA - PARM-LENGTH
    93     if parm-length > +0
    94        inspect parm-value replacing
    95           all '-' by ' '
    96     end-if
    97
    98     .
    99 000-EXIT.
   100     EXIT.
   101
   102 100-PROCESS.
   103
   104     READ FICHE-FILE
   105          AT END GO TO 100-EXIT.
   106     ADD +1 TO IN-CNT
   107
   108     IF PRINT-CONTROL = '1'
   109        PERFORM 200-NEW-PAGE THRU 200-EXIT.
   110
   111     IF PRINT-SW = 'YES'
   112        EVALUATE PRINT-CONTROL
   113           WHEN '0' WRITE REPORT-RECORD FROM BLANK-LINE
   114                    ADD +1 TO OUT-CNT
   115           WHEN '-' WRITE REPORT-RECORD FROM BLANK-LINE
   116                    WRITE REPORT-RECORD FROM BLANK-LINE
   117                    ADD +2 TO OUT-CNT
   118        END-EVALUATE
   119        WRITE REPORT-RECORD FROM FICHE-RECORD
   120        ADD +1 TO OUT-CNT
   121     END-IF
   122
   123     .
   124 100-EXIT.
   125     EXIT.
   126
   127 200-NEW-PAGE.
   128
   129     IF PARM-LENGTH = +0
* Micro Focus Server Express         V5.1 revision 000 06-Oct-15 17:18 Page   4
* CIB009151.cbl
   130        MOVE 'YES' TO PRINT-SW
   131        GO TO 200-EXIT.
   132
   133     IF PARM-VALUE(1:PARM-LENGTH) = 'ALL'
   134        MOVE 'YES' TO PRINT-SW
   135        GO TO 200-EXIT.
   136
   137     MOVE 'NO' TO PRINT-SW
   138
   139     MOVE SPACES     TO WORKAREA
   140     MOVE FICHE-REC  TO SAVE-REC(1)
   141     PERFORM VARYING SUB FROM 2 BY 1
   142       UNTIL SUB > 10 OR EOF
   143        READ FICHE-FILE INTO SAVE-REC(SUB)
   144     END-PERFORM
   145
   146     PERFORM VARYING STRT FROM 1 BY 1
   147       UNTIL PRINT-SW = 'YES' OR STRT > END-LINE
   148          IF WORKAREA(STRT:PARM-LENGTH) =
   149             PARM-VALUE(1:PARM-LENGTH)
   150                MOVE 'YES' TO PRINT-SW
   151          END-IF
   152     END-PERFORM
   153
   154     IF PRINT-SW = 'YES'
   155        PERFORM VARYING SUB FROM 1 BY 1 UNTIL SUB > 9
   156          EVALUATE SAVE-REC(SUB)(1:1)
   157            WHEN '0' WRITE REPORT-RECORD FROM BLANK-LINE
   158                     ADD +1 TO OUT-CNT
   159            WHEN '-' WRITE REPORT-RECORD FROM BLANK-LINE
   160                     WRITE REPORT-RECORD FROM BLANK-LINE
   161                     ADD +2 TO OUT-CNT
   162          END-EVALUATE
   163          WRITE REPORT-RECORD FROM SAVE-REC(SUB)(2:150)
   164          ADD +1 TO OUT-CNT
   165        END-PERFORM
   166     END-IF
   167     .
   168 200-EXIT.
   169     EXIT.
   170
   171 900-END-PROGRAM.
   172
   173     CLOSE REPORT-FILE
   174     DISPLAY 'RECORDS IN....' IN-CNT
   175     DISPLAY 'RECORDS OUT...' OUT-CNT
   176
   177     .
   178 900-EXIT.
   179     EXIT.
* Micro Focus Server Express         V5.1 revision 000 Compiler
* Copyright (C) Micro Focus IP Development Limited 1984-2012.
*                                                        REF GNR-008065005AF
* Total Messages:     0
* Data:        3248     Code:        1272
