* Micro Focus Server Express         V5.1 revision 000 06-Oct-15 17:18 Page   1
* CIB009.cbl
* Options: int("CIB009.int") anim csi verbose NOBOUND PARAMCOUNTCHECK
*          directives(cobopt.bth) endp list("CIB009.lst")
* Setting: NOACCEPTREFRESH NOADV ALIGN"8" ALPHASTART"1" NOALTER NOAMODE ANIM
*          NOANIMPREP ANS85 APOST NOAREACHECK ARITHMETIC"OSVS" ASSIGN
*          "EXTERNAL" NOASSIGN-PRINTER NOAUTOLOCK NOBELL NOBOUND NOBRIEF
*          NOBS2000 BWZSTAR NOBYTEMODEMOVE CALLFH"ebmlsfile" NOCALLMCS
*          NOCALLRECOVERY CALLSORT"EXTSM" CANCEL CANCELLBR NOCHANGEMESSAGE
*          CHARSET"ASCII" NOCHECKDIV NOCHECKREFMOD NOCICS CICS-CPY
*          NOCICSOPTIMIZE NOCMPR2 NOCOBFSTATCONV NOCOBIDY NOCOBOL370 COBOLDIR
*          NOCOMP COMP-5"2" COMP-6"2" NOCOMS85 CONFIRM NOCONVERTRET CONVSPACE
*          COPYEXT",cbl,cpy" NOCOPYLBR COPYLIST COPYLISTCOMMENT"1" CSI
*          CURRENCY-SIGN"36" CURRENT-DATE"MMDDYY" NODATA DATACOMPRESS"0"
*          NODATA-CONTEXT DATE DBCHECK DBCS"2" NODBCSSOSI DBSPACE DE-EDIT"2"
*          DEFAULTBYTE"32" NODEFAULTCALLS DETECTLOCK NODG DIALECT"MF"
*          NODIRECTIVES-IN-COMMENTS NODOSVS NODPCINSUBSCRIPT DYNAM
*          NOEARLY-RELEASE ECHO NOECHOALL NOEDITOR ENSUITE"0" NOENTCOBOL
*          ERRFORMAT"1" ERRLIST"EMBED" NOERRQ FASTSORT NOFCD3 NOFCDREG
*          NOFDCLEAR NOFILESHARE FILETYPE"0" NOFLAG NOFLAGAS NOFLAGCD
*          NOFLAGEUC NOFLAGMIG NOFLAGQ FLAGSINEDIT NOFLAGSTD NOFOLDCALLNAME
*          NOFOLDCOPYNAME FORM"60" NOFP-ROUNDING NOHOSTARITHMETIC
*          NOHOSTCONTZERO NOHOST-NUMCOMPARE NOHOST-NUMMOVE NOHOSTFD NOHOSTRW
*          NOIBM-MS IBMCOMP IDXFORMAT"0" NOILGEN IMPLICITSCOPE NOINDD
*          INFORETURN"0" NOINITCALL INITPTR INT"CIB009.int" INTDATE"ANSI"
*          INTLEVEL"2" IOCONV NOISO2002 NOIXNLSKEY NOIXNUMKEY KEEP-INT
*          KEYCHECK KEYCOMPRESS"0" LIBRARIAN"2" NOLINE-COUNT LIST"CIB009.lst"
*          LISTPATH"" LISTWIDTH"80" LITVAL-SIZE"4" LOCKTYPE"0" NOMAPNAME
*          NOMAXERROR METHODDEFAULT"REFERENCE" MF"15" MFCOMMENT NOMOVELENCHECK
*          NOMS NOMVS NATIVE"ASCII" NONATIVEFLOATINGPOINT NONCHAR
*          NONEWBASENAME NONLS NSYMBOL"DBCS" NOODOOSVS NOODOSLIDE
*          NOOLDBLANKLINE NOOLDCOPY NOOLDINDEX NOOLDNEXTSENTENCE NOOLDREADINTO
*          NOOLDSTRMIX OOCTRL"-C-E-G-P+Q+R-S+W" OPTIONAL-FILE NOOS390 OSEXT""
*          NOOSVS NOOUTDD NOP64 NOPANVALET PERFORM-TYPE"OSVS" NOPREPLIST
*          NOPREPROCESS NOPRINT-EXT NOPROFILE NOPROGID-COMMENT
*          NOPROGID-INT-NAME NOPROTECT-LINKAGE PROTOTYPE"RELAXED" QUAL
*          QUALPROC NOQUERY NOQUOTE NORAWLIST NORDW RECMODE"F" NOREENTRANT
*          NOREF NOREFNO REMAINDER"1" REPORT-LINE"256" RESEQ NORETRYLOCK
*          REWRITE-LS NORM RTNCODE-SIZE"4" NORWHARDPAGE NOSAA SEG NOSEQCHK
*          SEQUENTIAL"RECORD" NOSERIAL SETTING"LINE" NOSHAREOUTDD NOSHOW-DIR
*          SIGN"ASCII" NOSIGNDISCARD NOSIGNFIXUP SORTTYPE"DFSORT" SOURCEFORMAT
*          "FIXED" SOURCETABSTOP"8" NOSPZERO NOSSRANGE STDERR NOSTICKY-LINKAGE
*          NOSTICKY-PERFORM SUPFF SWITCHTYPE"1" SYMBSTART"1" SYSPUNCH"132"
*          TERMPAGE TIME NOTRACE NOTRUNC NOTRUNCCALLNAME NOTRUNCCOPY TRUNCINC
*          "10" UNICODE"NATIVE" VERBOSE VSC2"2" WARNING"1" NOWB NOWB2 NOWB3
*          WEBSERVER"CGI" NOWRITELOCK NOWRITETHRU NOXOPEN NOXREF
*          NOZEROLENGTHFALSE NOZEROSEQ NOZWB
     1 IDENTIFICATION DIVISION.
     2 PROGRAM-ID. CIB009.
     3 AUTHOR.     DAN DRYDEN.
     4
     5*****************************************************************
     6*                                                               *
     7*  THIS PROGRAM SEARCHES THE FIRST 10 LINES OF A REPORT LOOKING *
     8*  FOR THE VALUE IN THE PARAMETER.  IF THE PARM IS FOUND, THE   *
     9*  ENTIRE PAGE IS PRINTED.                                      *
    10*                                                               *
    11*  THE PROGRAM ALSO INSERTS BLANK LINES INSTEAD OF PRINTER      *
    12*  CARRIAGE CONTROL CHARACTERS.                                 *
    13*                                                               *
* Micro Focus Server Express         V5.1 revision 000 06-Oct-15 17:18 Page   2
* CIB009.cbl
    14*****************************************************************
    15
    16 ENVIRONMENT DIVISION.
    17 INPUT-OUTPUT SECTION.
    18 FILE-CONTROL.
    19
    20     SELECT OPTIONAL FICHE-FILE
    21         ASSIGN TO SYS010
    22         FILE STATUS IS SYS010-STATUS.
    23
    24     SELECT REPORT-FILE
    25         ASSIGN TO SYS011
    26         FILE STATUS IS SYS011-STATUS.
    27
    28
    29 DATA DIVISION.
    30 FILE SECTION.
    31
    32 FD  FICHE-FILE
    33     LABEL RECORDS ARE STANDARD
    34     RECORDING MODE IS F
    35     BLOCK CONTAINS 0 RECORDS.
    36 01  FICHE-REC.
    37     05  PRINT-CONTROL    PIC X.
    38     05  FICHE-RECORD     PIC X(132).
    39
    40 FD  REPORT-FILE
    41     LABEL RECORDS ARE STANDARD
    42     RECORDING MODE IS F
    43     BLOCK CONTAINS 0 RECORDS.
    44 01  REPORT-RECORD    PIC X(132).
    45
    46
    47 WORKING-STORAGE SECTION.
    48
    49 01  BINARY.
    50     05  SUB         PIC S9(4)  VALUE +0.
    51     05  STRT        PIC S9(4)  VALUE +0.
    52     05  END-LINE    PIC S9(4)  VALUE +0.
    53
    54 01  FILLER.
    55     05  BLANK-LINE      PIC X     VALUE SPACE.
    56     05  S0C7            PIC X     VALUE SPACE.
    57     05  FORCE-DUMP REDEFINES S0C7 PIC S9 COMP-3.
    58     05  SYS010-STATUS   PIC XX    VALUE ZERO.
    59         88  EOF                   VALUE '10'.
    60     05  SYS011-STATUS   PIC XX    VALUE ZERO.
    61     05  IN-CNT          PIC S9(9) COMP-3 VALUE +0.
    62     05  OUT-CNT         PIC S9(9) COMP-3 VALUE +0.
    63     05  PRINT-SW        PIC X(3)  VALUE SPACE.
    64     05  WORKAREA.
    65         10  SAVE-REC OCCURS 10 TIMES PIC X(133).
    66
    67
* Micro Focus Server Express         V5.1 revision 000 06-Oct-15 17:18 Page   3
* CIB009.cbl
    69*
    70 LINKAGE SECTION.
    71
    72 01  PARM.
    73     05  PARM-LENGTH BINARY  PICTURE IS S9(4).
    74     05  PARM-VALUE  DISPLAY PICTURE IS X(100).
    75
    76
    77
* Micro Focus Server Express         V5.1 revision 000 06-Oct-15 17:18 Page   4
* CIB009.cbl
    79*
    80 PROCEDURE DIVISION USING PARM.
    81*
    82     PERFORM 000-INIT THRU 000-EXIT
    83     PERFORM 100-PROCESS THRU 100-EXIT
    84         UNTIL EOF
    85     PERFORM 900-END-PROGRAM THRU 900-EXIT
    86     STOP RUN.
    87
    88
* Micro Focus Server Express         V5.1 revision 000 06-Oct-15 17:18 Page   5
* CIB009.cbl
    89/
    90 000-INIT.
    91*
    92     OPEN INPUT FICHE-FILE
    93     IF SYS010-STATUS NOT = '00'
    94        DISPLAY 'OPEN ERROR ' SYS010-STATUS ' ON SYS010'
    95        MOVE '10' TO SYS010-STATUS
    96     END-IF
    97
    98     OPEN OUTPUT REPORT-FILE
    99
   100     COMPUTE END-LINE = LENGTH OF WORKAREA - PARM-LENGTH
   101     .
   102 000-EXIT.
   103     EXIT.
   104
   105
* Micro Focus Server Express         V5.1 revision 000 06-Oct-15 17:18 Page   6
* CIB009.cbl
   106/
   107 100-PROCESS.
   108*
   109     READ FICHE-FILE
   110          AT END GO TO 100-EXIT.
   111     ADD +1 TO IN-CNT
   112
   113     IF PRINT-CONTROL = '1'
   114        PERFORM 200-NEW-PAGE THRU 200-EXIT.
   115
   116     IF PRINT-SW = 'YES'
   117        EVALUATE PRINT-CONTROL
   118           WHEN '0' WRITE REPORT-RECORD FROM BLANK-LINE
   119                    ADD +1 TO OUT-CNT
   120           WHEN '-' WRITE REPORT-RECORD FROM BLANK-LINE
   121                    WRITE REPORT-RECORD FROM BLANK-LINE
   122                    ADD +2 TO OUT-CNT
   123        END-EVALUATE
   124        WRITE REPORT-RECORD FROM FICHE-RECORD
   125        ADD +1 TO OUT-CNT
   126     END-IF
   127     .
   128 100-EXIT.
   129     EXIT.
   130
   131
* Micro Focus Server Express         V5.1 revision 000 06-Oct-15 17:18 Page   7
* CIB009.cbl
   132/
   133 200-NEW-PAGE.
   134*
   135     IF PARM-LENGTH = +0
   136        MOVE 'YES' TO PRINT-SW
   137        GO TO 200-EXIT.
   138
   139     IF PARM-VALUE(1:PARM-LENGTH) = 'ALL'
   140        MOVE 'YES' TO PRINT-SW
   141        GO TO 200-EXIT.
   142
   143     MOVE 'NO' TO PRINT-SW
   144
   145     MOVE SPACES     TO WORKAREA
   146     MOVE FICHE-REC  TO SAVE-REC(1)
   147     PERFORM VARYING SUB FROM 2 BY 1
   148       UNTIL SUB > 10 OR EOF
   149        READ FICHE-FILE INTO SAVE-REC(SUB)
   150     END-PERFORM
   151
   152     PERFORM VARYING STRT FROM 1 BY 1
   153       UNTIL PRINT-SW = 'YES' OR STRT > END-LINE
   154          IF WORKAREA(STRT:PARM-LENGTH) =
   155             PARM-VALUE(1:PARM-LENGTH)
   156                MOVE 'YES' TO PRINT-SW
   157          END-IF
   158     END-PERFORM
   159
   160     IF PRINT-SW = 'YES'
   161        PERFORM VARYING SUB FROM 1 BY 1 UNTIL SUB > 9
   162          EVALUATE SAVE-REC(SUB)(1:1)
   163            WHEN '0' WRITE REPORT-RECORD FROM BLANK-LINE
   164                     ADD +1 TO OUT-CNT
   165            WHEN '-' WRITE REPORT-RECORD FROM BLANK-LINE
   166                     WRITE REPORT-RECORD FROM BLANK-LINE
   167                     ADD +2 TO OUT-CNT
   168          END-EVALUATE
   169          WRITE REPORT-RECORD FROM SAVE-REC(SUB)(2:132)
   170          ADD +1 TO OUT-CNT
   171        END-PERFORM
   172     END-IF
   173     .
   174 200-EXIT.
   175     EXIT.
   176
   177
* Micro Focus Server Express         V5.1 revision 000 06-Oct-15 17:18 Page   8
* CIB009.cbl
   178/
   179 900-END-PROGRAM.
   180*
   181     CLOSE REPORT-FILE
   182     DISPLAY 'RECORDS IN....' IN-CNT
   183     DISPLAY 'RECORDS OUT...' OUT-CNT
   184     .
   185 900-EXIT.
   186     EXIT.
   187
* Micro Focus Server Express         V5.1 revision 000 Compiler
* Copyright (C) Micro Focus IP Development Limited 1984-2012.
*                                                        REF GNR-008065005AF
* Total Messages:     0
* Data:        3020     Code:        1227
