* Micro Focus Server Express         V5.1 revision 000 06-Oct-15 17:18 Page   1
* CIBOWCNV.cbl
* Options: int("CIBOWCNV.int") anim csi verbose NOBOUND PARAMCOUNTCHECK
*          directives(cobopt.bth) endp list("CIBOWCNV.lst")
* Setting: NOACCEPTREFRESH NOADV ALIGN"8" ALPHASTART"1" NOALTER NOAMODE ANIM
*          NOANIMPREP ANS85 APOST NOAREACHECK ARITHMETIC"OSVS" ASSIGN
*          "EXTERNAL" NOASSIGN-PRINTER NOAUTOLOCK NOBELL NOBOUND NOBRIEF
*          NOBS2000 BWZSTAR NOBYTEMODEMOVE CALLFH"ebmlsfile" NOCALLMCS
*          NOCALLRECOVERY CALLSORT"EXTSM" CANCEL CANCELLBR NOCHANGEMESSAGE
*          CHARSET"ASCII" NOCHECKDIV NOCHECKREFMOD NOCICS CICS-CPY
*          NOCICSOPTIMIZE NOCMPR2 NOCOBFSTATCONV NOCOBIDY NOCOBOL370 COBOLDIR
*          NOCOMP COMP-5"2" COMP-6"2" NOCOMS85 CONFIRM NOCONVERTRET CONVSPACE
*          COPYEXT",cbl,cpy" NOCOPYLBR COPYLIST COPYLISTCOMMENT"1" CSI
*          CURRENCY-SIGN"36" CURRENT-DATE"MMDDYY" NODATA DATACOMPRESS"0"
*          NODATA-CONTEXT DATE DBCHECK DBCS"2" NODBCSSOSI DBSPACE DE-EDIT"2"
*          DEFAULTBYTE"32" NODEFAULTCALLS DETECTLOCK NODG DIALECT"MF"
*          NODIRECTIVES-IN-COMMENTS NODOSVS NODPCINSUBSCRIPT DYNAM
*          NOEARLY-RELEASE ECHO NOECHOALL NOEDITOR ENSUITE"0" NOENTCOBOL
*          ERRFORMAT"1" ERRLIST"EMBED" NOERRQ FASTSORT NOFCD3 NOFCDREG
*          NOFDCLEAR NOFILESHARE FILETYPE"0" NOFLAG NOFLAGAS NOFLAGCD
*          NOFLAGEUC NOFLAGMIG NOFLAGQ FLAGSINEDIT NOFLAGSTD NOFOLDCALLNAME
*          NOFOLDCOPYNAME FORM"60" NOFP-ROUNDING NOHOSTARITHMETIC
*          NOHOSTCONTZERO NOHOST-NUMCOMPARE NOHOST-NUMMOVE NOHOSTFD NOHOSTRW
*          NOIBM-MS IBMCOMP IDXFORMAT"0" NOILGEN IMPLICITSCOPE NOINDD
*          INFORETURN"0" NOINITCALL INITPTR INT"CIBOWCNV.int" INTDATE"ANSI"
*          INTLEVEL"2" IOCONV NOISO2002 NOIXNLSKEY NOIXNUMKEY KEEP-INT
*          KEYCHECK KEYCOMPRESS"0" LIBRARIAN"2" NOLINE-COUNT LIST
*          "CIBOWCNV.lst" LISTPATH"" LISTWIDTH"80" LITVAL-SIZE"4" LOCKTYPE"0"
*          NOMAPNAME NOMAXERROR METHODDEFAULT"REFERENCE" MF"15" MFCOMMENT
*          NOMOVELENCHECK NOMS NOMVS NATIVE"ASCII" NONATIVEFLOATINGPOINT
*          NONCHAR NONEWBASENAME NONLS NSYMBOL"DBCS" NOODOOSVS NOODOSLIDE
*          NOOLDBLANKLINE NOOLDCOPY NOOLDINDEX NOOLDNEXTSENTENCE NOOLDREADINTO
*          NOOLDSTRMIX OOCTRL"-C-E-G-P+Q+R-S+W" OPTIONAL-FILE NOOS390 OSEXT""
*          NOOSVS NOOUTDD NOP64 NOPANVALET PERFORM-TYPE"OSVS" NOPREPLIST
*          NOPREPROCESS NOPRINT-EXT NOPROFILE NOPROGID-COMMENT
*          NOPROGID-INT-NAME NOPROTECT-LINKAGE PROTOTYPE"RELAXED" QUAL
*          QUALPROC NOQUERY NOQUOTE NORAWLIST NORDW RECMODE"F" NOREENTRANT
*          NOREF NOREFNO REMAINDER"1" REPORT-LINE"256" RESEQ NORETRYLOCK
*          REWRITE-LS NORM RTNCODE-SIZE"4" NORWHARDPAGE NOSAA SEG NOSEQCHK
*          SEQUENTIAL"RECORD" NOSERIAL SETTING"LINE" NOSHAREOUTDD NOSHOW-DIR
*          SIGN"ASCII" NOSIGNDISCARD NOSIGNFIXUP SORTTYPE"DFSORT" SOURCEFORMAT
*          "FIXED" SOURCETABSTOP"8" NOSPZERO NOSSRANGE STDERR NOSTICKY-LINKAGE
*          NOSTICKY-PERFORM SUPFF SWITCHTYPE"1" SYMBSTART"1" SYSPUNCH"132"
*          TERMPAGE TIME NOTRACE NOTRUNC NOTRUNCCALLNAME NOTRUNCCOPY TRUNCINC
*          "10" UNICODE"NATIVE" VERBOSE VSC2"2" WARNING"1" NOWB NOWB2 NOWB3
*          WEBSERVER"CGI" NOWRITELOCK NOWRITETHRU NOXOPEN NOXREF
*          NOZEROLENGTHFALSE NOZEROSEQ NOZWB
     1 IDENTIFICATION DIVISION.
     2 PROGRAM-ID. CIBOWCNV.
     3 AUTHOR.     PABLO.
     4 DATE-COMPILED. 06-Oct-15 17:18.
     5******************************************************************
     6*                   C H A N G E   L O G
     7*
     8* CHANGES ARE MARKED BY THE CHANGE EFFECTIVE DATE.
     9*-----------------------------------------------------------------
    10*  CHANGE   CHANGE REQUEST PGMR  DESCRIPTION OF CHANGE
    11* EFFECTIVE    NUMBER
    12*-----------------------------------------------------------------
    13* 032306                   PEMA  ADD BOW LOAN NUMBER
* Micro Focus Server Express         V5.1 revision 000 06-Oct-15 17:18 Page   2
* CIBOWCNV.cbl
    14******************************************************************
    15 ENVIRONMENT DIVISION.
    16 INPUT-OUTPUT SECTION.
    17 FILE-CONTROL.
    18
    19     SELECT  BOW-IN              ASSIGN TO SYS010
    20        ORGANIZATION IS LINE SEQUENTIAL.
    21     SELECT  BOW-OUT             ASSIGN TO SYS012.
    22 DATA DIVISION.
    23
    24 FILE SECTION.
    25
    26 FD  BOW-IN
    27     RECORDING MODE IS F
    28     BLOCK CONTAINS 0 RECORDS.
    29
    30 01  BOW-REC1.
    31     05  BOW-REC1-ID             PIC XXX.
    32     05  FILLER                  PIC X(477).
    33 01  BOW-REC2.
    34     05  BOW-REC2-ID             PIC XXX.
    35     05  FILLER                  PIC X(477).
    36 01  BOW-REC3.
    37     05  BOW-REC3-ID             PIC XXX.
    38     05  FILLER                  PIC X(477).
    39
    40 FD  BOW-OUT
    41     RECORDING MODE IS F
    42     LABEL RECORDS ARE STANDARD
    43     BLOCK CONTAINS 0 RECORDS
    44     DATA RECORD IS BOW-OUT-RECORD.
    45
    46 01  BOW-OUT-RECORD          PIC X(480).
    47
    48 WORKING-STORAGE SECTION.                                         00007200
    49 77  FILLER  PIC X(32) VALUE '********************************'.  00007300
    50 77  FILLER  PIC X(32) VALUE '         WORKING-STORAGE        '.  00007400
    51 77  FILLER  PIC X(32) VALUE '********************************'.  00007500
    52 77  WS-EOF-SW                   PIC X  VALUE SPACES.
    53     88  END-OF-BOW                     VALUE 'Y'.
    54 77  RECS-IN                     PIC 9(7)  VALUE ZEROS.
    55 77  RECS-OUT                    PIC 9(7)  VALUE ZEROS.
    56 77  S1                          PIC S999  VALUE +0 COMP-3.
    57 77  S2                          PIC S999  VALUE +0 COMP-3.
    58 77  WS-WORK-CERT                PIC X(10).
    59
*   60                                 COPY ERCBOWRL.
    61******************************************************************
    62*                                                                *
    63*                                                                *
    64*                            ERCBOWRL.                           *
    65*                                                                *
    66*   FILE DESCRIPTION = NEW BUSINESS AND CANCELS FOR BOW          *
    67*                                                                *
    68******************************************************************
    69*                                                                *
    70*                                                                *
    71*   FILE TYPE = QSAM                                             *
* Micro Focus Server Express         V5.1 revision 000 06-Oct-15 17:18 Page   3
* CIBOWCNV.cbl (/apps/prod/cid1p/copy/ERCBOWRL)
    72*   RECORD SIZE = 662  RECFORM = FIXED                           *
    73*                                                                *
    74******************************************************************
    75******************************************************************
    76*                   C H A N G E   L O G
    77*
    78* CHANGES ARE MARKED BY THE CHANGE EFFECTIVE DATE.
    79*-----------------------------------------------------------------
    80*  CHANGE   CHANGE REQUEST PGMR  DESCRIPTION OF CHANGE
    81* EFFECTIVE    NUMBER
    82*-----------------------------------------------------------------
    83* 110705                   PEMA  NEW COPYBOOK
    84******************************************************************
    85
    86 01  BANK-OF-THE-WEST-INPUT.
    87     05  BW-RECORD-ID                     PIC XXX.
    88         88  VALID-HDR-ID                       VALUE 'SP1'.
    89         88  VALID-DETAIL-ID                    VALUE 'SP2'.
    90         88  VALID-TRLR-ID                      VALUE 'SP3'.
    91     05  BW-RECORD-BODY                   PIC X(477).
    92******************************************************************
    93*    SECTION 1: HEADER RECORDS                                   *
    94******************************************************************
    95     05  BW-HEADER-RECORD REDEFINES BW-RECORD-BODY.
    96         10  BWH-CLIENT-NUM               PIC X(6).
    97         10  BWH-FIN-INST                 PIC X(25).
    98         10  BWH-BEGIN-DATE               PIC X(6).
    99         10  BWH-END-DATE                 PIC X(6).
   100         10  FILLER                       PIC X(407).
   101******************************************************************
   102*    SECTION 2: PERSONAL INFORMATION                             *
   103******************************************************************
   104     05  BW-DETAIL-RECORD REDEFINES BW-RECORD-BODY.
   105         10  BWD-CLIENT-NUM               PIC X(6).
   106         10  BWD-STATE                    PIC XX.
   107         10  BWD-LAST-NAME                PIC X(15).
   108         10  BWD-FIRST-NAME               PIC X(10).
   109         10  BWD-MID-INIT                 PIC X.
   110         10  BWD-SSN                      PIC X(9).
   111         10  BWD-DOB                      PIC X(6).
   112         10  BWD-ADDR1                    PIC X(30).
   113         10  BWD-CITY                     PIC X(20).
   114         10  BWD-ADDR-STATE               PIC XX.
   115         10  BWD-ZIP                      PIC X(9).
   116         10  BWD-JT-LAST-NAME             PIC X(15).
   117         10  BWD-JT-FIRST-NAME            PIC X(10).
   118         10  BWD-JT-MID-INIT              PIC X.
   119         10  BWD-JT-DOB                   PIC X(6).
   120******************************************************************
   121*    SECTION 3: LOAN DETAIL INFORMATION.                         *
   122******************************************************************
   123         10  BWD-ACCOUNT-NO.
   124             15  BWD-BRANCH-NO            PIC XXX.
   125             15  FILLER                   PIC X(7).
   126         10  BWD-LOAN-NO                  PIC X(10).
   127         10  BWD-LOAN-IND                 PIC X.
   128         10  BWD-LOAN-AMT                 PIC 9(9)V99.
   129         10  BWD-LF-BENEFIT-AMT           PIC 9(9)V99.
* Micro Focus Server Express         V5.1 revision 000 06-Oct-15 17:18 Page   4
* CIBOWCNV.cbl (/apps/prod/cid1p/copy/ERCBOWRL)
   130         10  BWD-NOTE-AMT                 PIC 9(9)V99.
   131         10  BWD-AMT-FIN                  PIC 9(9)V99.
   132*        10  BWD-CURRENT-BAL              PIC 9(9)V99.
   133         10  BWD-LOAN-TERM                PIC 999.
   134         10  BWD-INS-TERM                 PIC 999.
   135         10  BWD-APR1                     PIC 99V999.
   136         10  BWD-APR2                     PIC 99V999.
   137         10  BWD-LOAN-PMT                 PIC 9(9)V99.
   138         10  BWD-AH-BENEFIT-AMT           PIC 9(9)V99.
   139         10  BWD-FINAL-PMT                PIC 9(9)V99.
   140         10  BWD-LOAN-DATE                PIC X(6).
   141         10  BWD-CERT-EFF-DATE            PIC X(6).
   142         10  BWD-1ST-PMT-DATE             PIC X(6).
   143         10  BWD-LOAN-EXP-DATE            PIC X(6).
   144         10  BWD-ENROLLER-NAME            PIC X(20).
   145         10  BWD-BRANCH-CODE              PIC XXX.
   146         10  BWD-ENROLLER-CODE            PIC XXX.
   147******************************************************************
   148*    SECTION 4: INSURANCE INFORMATION                            *
   149******************************************************************
   150         10  BWD-INS-CODE                 PIC XX.
   151         10  BWD-CRIT-PER                 PIC XXX.
   152         10  BWD-LF-PREM                  PIC 9(9)V99.
   153         10  BWD-AH-PREM                  PIC 9(9)V99.
   154         10  BWD-LEV-LF-PREM              PIC 9(9)V99.
   155         10  BWD-IUI-PREM                 PIC 9(9)V99.
   156******************************************************************
   157*    SECTION 5: INSURANCE REFUND/REFINANCED LOAN INFORMATION     *
   158******************************************************************
   159         10  BWD-CANCEL-DATE              PIC X(6).
   160         10  BWD-PRIOR-LOAN-NO.
   161             15  FILLER                   PIC XX.
   162             15  BWD-PRIOR-CERT-NO        PIC X(10).
   163         10  BWD-LF-REFUND                PIC 9(9)V99.
   164         10  BWD-LEV-LF-REFUND            PIC 9(9)V99.
   165         10  BWD-AH-REFUND                PIC 9(9)V99.
   166         10  BWD-IUI-REFUND               PIC 9(9)V99.
   167******************************************************************
   168*    SECTION 8: TRAILER RECORD (WHERE IS SEC 6 AND 7?)           *
   169******************************************************************
   170     05  BW-TRLR-RECORD REDEFINES BW-RECORD-BODY.
   171         10  FILLER                       PIC X(477).
   172
   173******************************************************************
   174
   175 01  BOW-RECORD                  PIC X(450)  VALUE SPACES.
   176
   177 PROCEDURE DIVISION.
   178
   179     PERFORM 0010-OPEN-FILES     THRU 0010-EXIT
   180     PERFORM 0020-INIT           THRU 0020-EXIT
   181     PERFORM 0030-PROCESS-BOW    THRU 0030-EXIT UNTIL
   182        END-OF-BOW
   183     PERFORM 0015-CLOSE-FILES    THRU 0015-EXIT
   184
   185     DISPLAY ' RECORDS IN  ' RECS-IN
   186     DISPLAY ' RECORDS OUT ' RECS-OUT
   187
* Micro Focus Server Express         V5.1 revision 000 06-Oct-15 17:18 Page   5
* CIBOWCNV.cbl
   188     GOBACK
   189     .
   190 0010-OPEN-FILES.
   191
   192     OPEN INPUT  BOW-IN
   193          OUTPUT BOW-OUT
   194
   195     .
   196 0010-EXIT.
   197     EXIT.
   198
   199 0015-CLOSE-FILES.
   200
   201     CLOSE BOW-IN  BOW-OUT
   202
   203     .
   204 0015-EXIT.
   205     EXIT.
   206
   207 0020-INIT.
   208
   209     PERFORM 0040-READ-BOW       THRU 0040-EXIT
   210
   211     .
   212 0020-EXIT.
   213     EXIT.
   214
   215 0030-PROCESS-BOW.
   216
   217     IF BOW-REC2-ID = 'SP1'
   218        MOVE BOW-REC1            TO BOW-RECORD
   219     ELSE
   220        IF BOW-REC2-ID = 'SP3'
   221           MOVE BOW-REC3         TO BOW-RECORD
   222        ELSE
   223           IF BOW-REC2-ID = 'SP2'
   224              MOVE BOW-REC2      TO BANK-OF-THE-WEST-INPUT
   225              PERFORM 0060-BUILD-ACCOUNT
   226                                 THRU 0060-EXIT
   227              PERFORM 0070-FIX-CERT-NO
   228                                 THRU 0070-EXIT
   229           END-IF
   230        END-IF
   231     END-IF
   232
   233     PERFORM 0050-WRITE-BOW      THRU 0050-EXIT
   234     PERFORM 0040-READ-BOW       THRU 0040-EXIT
   235
   236     .
   237 0030-EXIT.
   238     EXIT.
   239
   240 0040-READ-BOW.
   241
   242     READ BOW-IN AT END
   243          SET END-OF-BOW         TO TRUE
   244     END-READ
   245
* Micro Focus Server Express         V5.1 revision 000 06-Oct-15 17:18 Page   6
* CIBOWCNV.cbl
   246     IF NOT END-OF-BOW
   247        ADD 1                    TO RECS-IN
   248     END-IF
   249
   250     .
   251 0040-EXIT.
   252     EXIT.
   253
   254 0050-WRITE-BOW.
   255
   256     MOVE BOW-RECORD             TO BOW-OUT-RECORD
   257     WRITE BOW-OUT-RECORD
   258     ADD 1                       TO RECS-OUT
   259
   260     .
   261 0050-EXIT.
   262     EXIT.
   263
   264 0060-BUILD-ACCOUNT.
   265
   266* FIRST, WE NEED TO SAVE THE BRANCH NO AND LOAN #
   267
   268     STRING BWD-BRANCH-NO '-' BWD-LOAN-NO DELIMITED BY SIZE
   269        INTO BWD-ENROLLER-NAME
   270     END-STRING
   271
   272     EVALUATE BWD-STATE
   273        WHEN 'NE'
   274           MOVE '0000015860'     TO BWD-ACCOUNT-NO
   275        WHEN 'CO'
   276           MOVE '0000017500'     TO BWD-ACCOUNT-NO
   277        WHEN 'KS'
   278           MOVE '0000019580'     TO BWD-ACCOUNT-NO
   279        WHEN 'IA'
   280           MOVE '0000610400'     TO BWD-ACCOUNT-NO
   281        WHEN 'MO'
   282           MOVE '0000610500'     TO BWD-ACCOUNT-NO
   283        WHEN 'OK'
   284           MOVE '0000490700'     TO BWD-ACCOUNT-NO
   285        WHEN 'AZ'
   286           MOVE '0000596100'     TO BWD-ACCOUNT-NO
   287        WHEN 'IL'
   288           MOVE '0000596200'     TO BWD-ACCOUNT-NO
   289        WHEN 'IN'
   290           MOVE '0000596300'     TO BWD-ACCOUNT-NO
   291        WHEN 'MN'
   292           MOVE '0000596400'     TO BWD-ACCOUNT-NO
   293        WHEN 'SD'
   294           MOVE '0000596500'     TO BWD-ACCOUNT-NO
   295        WHEN 'WY'
   296           MOVE '0000596600'     TO BWD-ACCOUNT-NO
   297        WHEN OTHER
   298           DISPLAY 'INVALID STATE COULD NOT BLD ACCT NO '
   299           DISPLAY BWD-STATE ' ' BWD-LOAN-NO
   300     END-EVALUATE
   301
   302*    MOVE BANK-OF-THE-WEST-INPUT TO BOW-RECORD
   303
* Micro Focus Server Express         V5.1 revision 000 06-Oct-15 17:18 Page   7
* CIBOWCNV.cbl
   304     .
   305 0060-EXIT.
   306     EXIT.
   307
   308 0070-FIX-CERT-NO.
   309
   310     DISPLAY ' BEFORE CERT NO ' BWD-PRIOR-CERT-NO
   311     MOVE +1                     TO S2
   312     MOVE ZEROS                  TO WS-WORK-CERT
   313
   314     PERFORM VARYING S1 FROM +1 BY +1 UNTIL
   315        (S1 > +10)
   316        OR (BWD-PRIOR-CERT-NO (S1:1) NOT = ZEROS)
   317     END-PERFORM
   318
   319     IF S1 > +10
   320        CONTINUE
   321     ELSE
   322        COMPUTE S2 = (10 - S1) + 1
   323        MOVE BWD-PRIOR-CERT-NO (S1:S2) TO WS-WORK-CERT (1:S2)
   324        MOVE WS-WORK-CERT        TO BWD-PRIOR-CERT-NO
   325        DISPLAY ' AFTER CERT NO ' BWD-PRIOR-CERT-NO
   326     END-IF
   327
   328
   329     MOVE BANK-OF-THE-WEST-INPUT TO BOW-RECORD
   330
   331     .
   332 0070-EXIT.
   333     EXIT.
   334
   335
   336
   337
* Micro Focus Server Express         V5.1 revision 000 Compiler
* Copyright (C) Micro Focus IP Development Limited 1984-2012.
*                                                        REF GNR-008065005AF
* Total Messages:     0
* Data:        3440     Code:        1272
