* Micro Focus Server Express         V5.1 revision 000 06-Oct-15 17:18 Page   1
* CID150M1.cbl
* Options: int("CID150M1.int") anim csi verbose NOBOUND PARAMCOUNTCHECK
*          directives(cobopt.bth) endp list("CID150M1.lst")
* Setting: NOACCEPTREFRESH NOADV ALIGN"8" ALPHASTART"1" NOALTER NOAMODE ANIM
*          NOANIMPREP ANS85 APOST NOAREACHECK ARITHMETIC"OSVS" ASSIGN
*          "EXTERNAL" NOASSIGN-PRINTER NOAUTOLOCK NOBELL NOBOUND NOBRIEF
*          NOBS2000 BWZSTAR NOBYTEMODEMOVE CALLFH"ebmlsfile" NOCALLMCS
*          NOCALLRECOVERY CALLSORT"EXTSM" CANCEL CANCELLBR NOCHANGEMESSAGE
*          CHARSET"ASCII" NOCHECKDIV NOCHECKREFMOD NOCICS CICS-CPY
*          NOCICSOPTIMIZE NOCMPR2 NOCOBFSTATCONV NOCOBIDY NOCOBOL370 COBOLDIR
*          NOCOMP COMP-5"2" COMP-6"2" NOCOMS85 CONFIRM NOCONVERTRET CONVSPACE
*          COPYEXT",cbl,cpy" NOCOPYLBR COPYLIST COPYLISTCOMMENT"1" CSI
*          CURRENCY-SIGN"36" CURRENT-DATE"MMDDYY" NODATA DATACOMPRESS"0"
*          NODATA-CONTEXT DATE DBCHECK DBCS"2" NODBCSSOSI DBSPACE DE-EDIT"2"
*          DEFAULTBYTE"32" NODEFAULTCALLS DETECTLOCK NODG DIALECT"MF"
*          NODIRECTIVES-IN-COMMENTS NODOSVS NODPCINSUBSCRIPT DYNAM
*          NOEARLY-RELEASE ECHO NOECHOALL NOEDITOR ENSUITE"0" NOENTCOBOL
*          ERRFORMAT"1" ERRLIST"EMBED" NOERRQ FASTSORT NOFCD3 NOFCDREG
*          NOFDCLEAR NOFILESHARE FILETYPE"0" NOFLAG NOFLAGAS NOFLAGCD
*          NOFLAGEUC NOFLAGMIG NOFLAGQ FLAGSINEDIT NOFLAGSTD NOFOLDCALLNAME
*          NOFOLDCOPYNAME FORM"60" NOFP-ROUNDING NOHOSTARITHMETIC
*          NOHOSTCONTZERO NOHOST-NUMCOMPARE NOHOST-NUMMOVE NOHOSTFD NOHOSTRW
*          NOIBM-MS IBMCOMP IDXFORMAT"0" NOILGEN IMPLICITSCOPE NOINDD
*          INFORETURN"0" NOINITCALL INITPTR INT"CID150M1.int" INTDATE"ANSI"
*          INTLEVEL"2" IOCONV NOISO2002 NOIXNLSKEY NOIXNUMKEY KEEP-INT
*          KEYCHECK KEYCOMPRESS"0" LIBRARIAN"2" NOLINE-COUNT LIST
*          "CID150M1.lst" LISTPATH"" LISTWIDTH"80" LITVAL-SIZE"4" LOCKTYPE"0"
*          NOMAPNAME NOMAXERROR METHODDEFAULT"REFERENCE" MF"15" MFCOMMENT
*          NOMOVELENCHECK NOMS NOMVS NATIVE"ASCII" NONATIVEFLOATINGPOINT
*          NONCHAR NONEWBASENAME NONLS NSYMBOL"DBCS" NOODOOSVS NOODOSLIDE
*          NOOLDBLANKLINE NOOLDCOPY NOOLDINDEX NOOLDNEXTSENTENCE NOOLDREADINTO
*          NOOLDSTRMIX OOCTRL"-C-E-G-P+Q+R-S+W" OPTIONAL-FILE NOOS390 OSEXT""
*          NOOSVS NOOUTDD NOP64 NOPANVALET PERFORM-TYPE"OSVS" NOPREPLIST
*          NOPREPROCESS NOPRINT-EXT NOPROFILE NOPROGID-COMMENT
*          NOPROGID-INT-NAME NOPROTECT-LINKAGE PROTOTYPE"RELAXED" QUAL
*          QUALPROC NOQUERY NOQUOTE NORAWLIST NORDW RECMODE"F" NOREENTRANT
*          NOREF NOREFNO REMAINDER"1" REPORT-LINE"256" RESEQ NORETRYLOCK
*          REWRITE-LS NORM RTNCODE-SIZE"4" NORWHARDPAGE NOSAA SEG NOSEQCHK
*          SEQUENTIAL"RECORD" NOSERIAL SETTING"LINE" NOSHAREOUTDD NOSHOW-DIR
*          SIGN"ASCII" NOSIGNDISCARD NOSIGNFIXUP SORTTYPE"DFSORT" SOURCEFORMAT
*          "FIXED" SOURCETABSTOP"8" NOSPZERO NOSSRANGE STDERR NOSTICKY-LINKAGE
*          NOSTICKY-PERFORM SUPFF SWITCHTYPE"1" SYMBSTART"1" SYSPUNCH"132"
*          TERMPAGE TIME NOTRACE NOTRUNC NOTRUNCCALLNAME NOTRUNCCOPY TRUNCINC
*          "10" UNICODE"NATIVE" VERBOSE VSC2"2" WARNING"1" NOWB NOWB2 NOWB3
*          WEBSERVER"CGI" NOWRITELOCK NOWRITETHRU NOXOPEN NOXREF
*          NOZEROLENGTHFALSE NOZEROSEQ NOZWB
     1 IDENTIFICATION DIVISION.
     2 PROGRAM-ID. CID150AM1.
     3*AUTHOR.     PABLO.
     4*REMARKS.
     5*     THIS PROGRAM READS THE EXTRACTS FROM ECS150 FROM LAST YEAR
     6*       AND THIS YEAR, MATCHES THEM TOGETHER, THEN OVERLAYS
     7*       THE PREVIOUS YEAR TOTALS ON THIS YEARS EXTRACT WITH
     8*       THE CURRENT YEAR TOTALS FROM LAST YEARS FILE
     9
    10******************************************************************
    11*                   C H A N G E   L O G
    12*
    13* CHANGES ARE MARKED BY THE CHANGE EFFECTIVE DATE.
* Micro Focus Server Express         V5.1 revision 000 06-Oct-15 17:18 Page   2
* CID150M1.cbl
    14*-----------------------------------------------------------------
    15*  CHANGE   CHANGE REQUEST PGMR  DESCRIPTION OF CHANGE
    16* EFFECTIVE    NUMBER
    17*-----------------------------------------------------------------
    18* 050312  IR2012011200002  PEMA  NEW REPORT PROGRAM
    19******************************************************************
    20
    21 ENVIRONMENT DIVISION.
    22 INPUT-OUTPUT SECTION.
    23 FILE-CONTROL.
    24     SELECT LAST-YEAR            ASSIGN TO SYS010.
    25
    26     SELECT THIS-YEAR            ASSIGN TO SYS011.
    27
    28     SELECT NEW-EXTRACT          ASSIGN TO SYS012.
    29
    30 DATA DIVISION.
    31
    32 FILE SECTION.
    33
    34 FD  LAST-YEAR
    35     RECORDING MODE IS F
    36     LABEL RECORDS ARE STANDARD
    37     BLOCK CONTAINS 0 RECORDS.
    38
    39 01  LAST-YEAR-IN-RECORD         PIC X(2701).
    40
    41 FD  THIS-YEAR
    42     RECORDING MODE IS F
    43     LABEL RECORDS ARE STANDARD
    44     BLOCK CONTAINS 0 RECORDS.
    45
    46 01  THIS-YEAR-IN-RECORD         PIC X(2701).
    47
    48 FD  NEW-EXTRACT
    49     RECORDING MODE IS F
    50     LABEL RECORDS ARE STANDARD
    51     BLOCK CONTAINS 0 RECORDS.
    52
    53 01  NEW-EXTRACT-RECORD         PIC X(2701).
    54
    55 WORKING-STORAGE SECTION.
    56 77  FILLER  PIC X(32) VALUE '********************************'.
    57 77  FILLER  PIC X(32) VALUE '         WORKING-STORAGE        '.
    58 77  FILLER  PIC X(32) VALUE '********************************'.
    59 77  S1                          PIC S999  COMP-3 VALUE +0.
    60 77  S2                          PIC S999  COMP-3 VALUE +0.
    61 77  WS-NUMBER-SW                PIC X.
    62     88  HAS-NUMBERS             VALUE 'Y'.
    63 01  LAST-YEAR-RECORD.
    64     03  LY-SORT-KEY.
    65         05  LY-CONTROL.
    66             07  LY-REINS-CO     PIC X(06).
    67             07  LY-CARRIER      PIC X(01).
    68             07  LY-COMPANY      PIC X(06).
    69             07  LY-STATE        PIC X(02).
    70             07  LY-ACCOUNT      PIC X(10).
    71         05  LY-ST-SEQ           PIC X(02).
* Micro Focus Server Express         V5.1 revision 000 06-Oct-15 17:18 Page   3
* CID150M1.cbl
    72         05  LY-REC-TYPE         PIC 99.
    73     03  LY-PERIOD-START         PIC 9(11)   COMP-3.
    74     03  LY-PERIOD-END           PIC 9(11)   COMP-3.
    75     03  LY-ACTIVITY-TOTALS.
    76         05  LY-TERM-GROUP       OCCURS 3 TIMES.
    77*                1 = 0-60 MONTHS
    78*                2 = 61-120 MONTHS
    79*                3 = 121 AND OVER.
    80             07  LY-TYPE-GROUPS  OCCURS 10 TIMES.
    81*                    1 = LIFE(R-GP)      6 = LIFE(R-IND)
    82*                    2 = LIFE(L-GP)      7 = LIFE(L-IND)
    83*                    3 = LIFE(OB-GP)     8 = LIFE(OB-IND)
    84*                    4 = AH(GP)          9 = AH(IND)
    85*                    5 = AH(OB-GP)      10 = AH(OB-IND)
    86                 09  LY-ISSUE-CNT    PIC S9(13)      COMP-3.
    87                 09  LY-ISSUE-AMT    PIC S9(11)V99   COMP-3.
    88                 09  LY-ISSUE-PREM   PIC S9(11)V99   COMP-3.
    89                 09  LY-CANCEL-CNT   PIC S9(13)      COMP-3.
    90                 09  LY-CANCEL-AMT   PIC S9(11)V99   COMP-3.
    91                 09  LY-CANCEL-PREM  PIC S9(11)V99   COMP-3.
    92                 09  LY-CLAIM-CNT    PIC S9(13)      COMP-3.
    93                 09  LY-CLAIM-AMT    PIC S9(11)V99   COMP-3.
    94                 09  LY-EARN-PREM    PIC S9(11)V99   COMP-3.
    95     03  LY-EXHIBIT-TOTALS.
    96         05  LY-TERM-GROUP-E     OCCURS 3 TIMES.
    97*                1 = 0-60 MONTHS
    98*                2 = 61-120 MONTHS
    99*                3 = 121 AND OVER
   100             07  LY-LINE-DETAIL  OCCURS 9 TIMES.
   101*                1 = INFORCE PREVIOUS PER  6 = CANCEL IN PERIOD
   102*                2 = ISSUED IN PERIOD      7 = DECREASES IN PERIOD
   103*                3 = TOTAL INFORCE-START   8 = TOTAL DEC IN PERIOD
   104*                4 = DEATHS IN PERIOD      9 = TOTAL INFORCE (END)
   105*                5 = EXPIRED IN PERIOD
   106
   107                 09  LY-GROUP-CNT    PIC S9(13)      COMP-3.
   108                 09  LY-GROUP-AMT    PIC S9(11)V99   COMP-3.
   109                 09  LY-IND-CNT      PIC S9(13)      COMP-3.
   110                 09  LY-IND-AMT      PIC S9(11)V99   COMP-3.
   111
   112     03  LY-AH-PD-THIS               PIC S9(11)V99   COMP-3.
   113     03  LY-AH-PD-LAST               PIC S9(11)V99   COMP-3.
   114
   115 01  THIS-YEAR-RECORD.
   116     03  TY-SORT-KEY.
   117         05  TY-CONTROL.
   118             07  TY-REINS-CO     PIC X(06).
   119             07  TY-CARRIER      PIC X(01).
   120             07  TY-COMPANY      PIC X(06).
   121             07  TY-STATE        PIC X(02).
   122             07  TY-ACCOUNT      PIC X(10).
   123         05  TY-ST-SEQ           PIC X(02).
   124         05  TY-REC-TYPE         PIC 99.
   125     03  TY-PERIOD-START         PIC 9(11)   COMP-3.
   126     03  TY-PERIOD-END           PIC 9(11)   COMP-3.
   127     03  TY-ACTIVITY-TOTALS.
   128         05  TY-TERM-GROUP       OCCURS 3 TIMES.
   129*                1 = 0-60 MONTHS
* Micro Focus Server Express         V5.1 revision 000 06-Oct-15 17:18 Page   4
* CID150M1.cbl
   130*                2 = 61-120 MONTHS
   131*                3 = 121 AND OVER.
   132             07  TY-TYPE-GROUPS  OCCURS 10 TIMES.
   133*                    1 = LIFE(R-GP)      6 = LIFE(R-IND)
   134*                    2 = LIFE(L-GP)      7 = LIFE(L-IND)
   135*                    3 = LIFE(OB-GP)     8 = LIFE(OB-IND)
   136*                    4 = AH(GP)          9 = AH(IND)
   137*                    5 = AH(OB-GP)      10 = AH(OB-IND)
   138                 09  TY-ISSUE-CNT    PIC S9(13)      COMP-3.
   139                 09  TY-ISSUE-AMT    PIC S9(11)V99   COMP-3.
   140                 09  TY-ISSUE-PREM   PIC S9(11)V99   COMP-3.
   141                 09  TY-CANCEL-CNT   PIC S9(13)      COMP-3.
   142                 09  TY-CANCEL-AMT   PIC S9(11)V99   COMP-3.
   143                 09  TY-CANCEL-PREM  PIC S9(11)V99   COMP-3.
   144                 09  TY-CLAIM-CNT    PIC S9(13)      COMP-3.
   145                 09  TY-CLAIM-AMT    PIC S9(11)V99   COMP-3.
   146                 09  TY-EARN-PREM    PIC S9(11)V99   COMP-3.
   147     03  TY-EXHIBIT-TOTALS.
   148         05  TY-TERM-GROUP-E     OCCURS 3 TIMES.
   149*                1 = 0-60 MONTHS
   150*                2 = 61-120 MONTHS
   151*                3 = 121 AND OVER
   152             07  TY-LINE-DETAIL  OCCURS 9 TIMES.
   153*                1 = INFORCE PREVIOUS PER  6 = CANCEL IN PERIOD
   154*                2 = ISSUED IN PERIOD      7 = DECREASES IN PERIOD
   155*                3 = TOTAL INFORCE-START   8 = TOTAL DEC IN PERIOD
   156*                4 = DEATHS IN PERIOD      9 = TOTAL INFORCE (END)
   157*                5 = EXPIRED IN PERIOD
   158
   159                 09  TY-GROUP-CNT    PIC S9(13)      COMP-3.
   160                 09  TY-GROUP-AMT    PIC S9(11)V99   COMP-3.
   161                 09  TY-IND-CNT      PIC S9(13)      COMP-3.
   162                 09  TY-IND-AMT      PIC S9(11)V99   COMP-3.
   163
   164     03  TY-AH-PD-THIS               PIC S9(11)V99   COMP-3.
   165     03  TY-AH-PD-LAST               PIC S9(11)V99   COMP-3.
   166
   167
   168 01  W-MISC.
   169     05  WS-DATE-ALPH.
   170         10  FILLER             PIC XXX VALUE '000'.
   171         10  WS-WORK-CENT       PIC XX.
   172         10  WS-WORK-YR         PIC XX.
   173         10  WS-WORK-MO         PIC XX.
   174         10  WS-WORK-DA         PIC XX.
   175     05  WS-DATE-NUM REDEFINES WS-DATE-ALPH
   176                                PIC 9(11).
   177
   178     05  THIS-YEAR-CNT           PIC 9(9) VALUE ZEROS.
   179     05  LAST-YEAR-CNT           PIC 9(9) VALUE ZEROS.
   180     05  MATCH-CNT               PIC 9(9) VALUE ZEROS.
   181     05  NEW-EXTRACT-CNT         PIC 9(9) VALUE ZEROS.
   182     05  WS-EOF-SW1             PIC X VALUE SPACES.
   183         88  END-OF-THIS-YEAR         VALUE 'Y'.
   184     05  WS-EOF-SW2             PIC X VALUE ' '.
   185         88  END-OF-LAST-YEAR         VALUE 'Y'.
   186
*  187                                 COPY ELCDATE.
* Micro Focus Server Express         V5.1 revision 000 06-Oct-15 17:18 Page   5
* CID150M1.cbl (/apps/prod/cid1p/copy/ELCDATE)
   188******************************************************************06/11/98
   189*                                                                *ELCDATE
   190*                                                                *ELCDATE
   191*                            ELCDATE.                            *   LV023
   192*           COPYBOOK REVIEWED FOR YEAR 2000 COMPLIANCE               CL*16
   193*                            VMOD=2.003                           ELCDATE
   194*                                                                *ELCDATE
   195*                                                                *ELCDATE
   196*   DESCRIPTION:  DATA PASSED TO DATE CONVERSION ROUTINE.        *ELCDATE
   197*                 LENGTH = 200                                   *   CL*19
   198******************************************************************ELCDATE
   199                                                                  ELCDATE
   200 01  DATE-CONVERSION-DATA.                                        ELCDATE
   201     12  DC-COMM-LENGTH                PIC S9(4) COMP VALUE +200.    CL*19
   202     12  DC-OPTION-CODE                PIC X.                        CL*15
   203         88  BIN-TO-GREG                VALUE ' '.                ELCDATE
   204         88  ELAPSED-BETWEEN-BIN        VALUE '1'.                ELCDATE
   205         88  EDIT-GREG-TO-BIN           VALUE '2'.                ELCDATE
   206         88  YMD-GREG-TO-BIN            VALUE '3'.                ELCDATE
   207         88  MDY-GREG-TO-BIN            VALUE '4'.                ELCDATE
   208         88  JULIAN-TO-BIN              VALUE '5'.                ELCDATE
   209         88  BIN-PLUS-ELAPSED           VALUE '6'.                ELCDATE
   210         88  FIND-CENTURY               VALUE '7'.                   CL*22
   211         88  ELAPSED-BETWEEN-BIN-3      VALUE '8'.                ELCDATE
   212         88  EDIT-GREG-TO-BIN-3         VALUE '9'.                ELCDATE
   213         88  YMD-GREG-TO-BIN-3          VALUE 'A'.                ELCDATE
   214         88  MDY-GREG-TO-BIN-3          VALUE 'B'.                ELCDATE
   215         88  JULIAN-TO-BIN-3            VALUE 'C'.                ELCDATE
   216         88  BIN-PLUS-ELAPSED-3         VALUE 'D'.                ELCDATE
   217         88  JULIAN-EXPANDED-TO-BIN     VALUE 'E'.                   CL*14
   218         88  JULIAN-EXPANDED-TO-BIN-3   VALUE 'F'.                   CL*14
   219         88  BIN-TO-JULIAN-EXPANDED     VALUE 'G'.                   CL*14
   220         88  JULIAN-EXPANDED            VALUE 'E', 'F', 'G'.         CL*14
   221         88  CHECK-LEAP-YEAR            VALUE 'H'.                   CL*14
   222         88  BIN-3-TO-GREG              VALUE 'I'.                   CL*14
   223         88  CYMD-GREG-TO-BIN-3         VALUE 'J'.                   CL*14
   224         88  MDCY-GREG-TO-BIN-3         VALUE 'K'.                   CL*14
   225         88  CYMD-GREG-TO-BIN           VALUE 'L'.                   CL*14
   226         88  MDCY-GREG-TO-BIN           VALUE 'M'.                   CL*14
   227         88  MDY-GREG-TO-JULIAN         VALUE 'N'.                   CL*14
   228         88  MDCY-GREG-TO-JULIAN        VALUE 'O'.                   CL*14
   229         88  YMD-GREG-TO-JULIAN         VALUE 'P'.                   CL*14
   230         88  CYMD-GREG-TO-JULIAN        VALUE 'Q'.                   CL*14
   231         88  THREE-CHARACTER-BIN                                  ELCDATE
   232                  VALUES  '8' '9' 'A' 'B' 'C' 'D' 'I' 'J' 'K'.       CL*14
   233         88  GREGORIAN-TO-BIN                                        CL**2
   234                  VALUES '2' '3' '4' '9' 'A' 'B' 'J' 'K' 'L' 'M'.    CL*14
   235         88  BIN-TO-GREGORIAN                                        CL**2
   236                  VALUES ' ' '1' 'I' '8' 'G'.                        CL*14
   237         88  JULIAN-TO-BINARY                                        CL**2
   238                  VALUES '5' 'C' 'E' 'F'.                            CL*14
   239     12  DC-ERROR-CODE                 PIC X.                        CL*15
   240         88  NO-CONVERSION-ERROR        VALUE ' '.                   CL**3
   241         88  DATE-CONVERSION-ERROR                                ELCDATE
   242                  VALUES '1' '2' '3' '4' '5' '9' 'A' 'B' 'C'.        CL*14
   243         88  DATE-IS-ZERO               VALUE '1'.                ELCDATE
   244         88  DATE-IS-NON-NUMERIC        VALUE '2'.                ELCDATE
   245         88  DATE-IS-INVALID            VALUE '3'.                ELCDATE
* Micro Focus Server Express         V5.1 revision 000 06-Oct-15 17:18 Page   6
* CID150M1.cbl (/apps/prod/cid1p/copy/ELCDATE)
   246         88  DATE1-GREATER-DATE2        VALUE '4'.                ELCDATE
   247         88  ELAPSED-PLUS-NEGATIVE      VALUE '5'.                ELCDATE
   248         88  DATE-INVALID-OPTION        VALUE '9'.                ELCDATE
   249         88  INVALID-CENTURY            VALUE 'A'.                ELCDATE
   250         88  ONLY-CENTURY               VALUE 'B'.                ELCDATE
   251         88  ONLY-LEAP-YEAR             VALUE 'C'.                ELCDATE
   252         88  VALID-CENTURY-LEAP-YEAR    VALUE 'B', 'C'.              CL**3
   253     12  DC-END-OF-MONTH               PIC X.                        CL*15
   254         88  CALCULATE-END-OF-MONTH     VALUE '1'.                ELCDATE
   255     12  DC-CENTURY-ADJUSTMENT         PIC X   VALUE SPACES.         CL*15
   256         88  USE-NORMAL-PROCESS         VALUE ' '.                ELCDATE
   257         88  ADJUST-DOWN-100-YRS        VALUE '1'.                ELCDATE
   258         88  ADJUST-UP-100-YRS          VALUE '2'.                ELCDATE
   259     12  FILLER                        PIC X.                        CL*15
   260     12  DC-CONVERSION-DATES.                                        CL*15
   261         16  DC-BIN-DATE-1             PIC XX.                       CL*15
   262         16  DC-BIN-DATE-2             PIC XX.                       CL*15
   263         16  DC-GREG-DATE-1-EDIT       PIC X(08).                    CL*15
   264         16  DC-GREG-DATE-1-EDIT-R REDEFINES                         CL*15
   265                       DC-GREG-DATE-1-EDIT.                       ELCDATE
   266             20  DC-EDIT1-MONTH        PIC 99.                       CL*15
   267             20  SLASH1-1              PIC X.                        CL*15
   268             20  DC-EDIT1-DAY          PIC 99.                       CL*15
   269             20  SLASH1-2              PIC X.                        CL*15
   270             20  DC-EDIT1-YEAR         PIC 99.                       CL*15
   271         16  DC-GREG-DATE-2-EDIT       PIC X(08).                    CL*15
   272         16  DC-GREG-DATE-2-EDIT-R REDEFINES                         CL*15
   273                     DC-GREG-DATE-2-EDIT.                         ELCDATE
   274             20  DC-EDIT2-MONTH        PIC 99.                       CL*15
   275             20  SLASH2-1              PIC X.                        CL*15
   276             20  DC-EDIT2-DAY          PIC 99.                       CL*15
   277             20  SLASH2-2              PIC X.                        CL*15
   278             20  DC-EDIT2-YEAR         PIC 99.                       CL*15
   279         16  DC-GREG-DATE-1-YMD        PIC 9(06).                    CL*15
   280         16  DC-GREG-DATE-1-YMD-R  REDEFINES                         CL*15
   281                     DC-GREG-DATE-1-YMD.                          ELCDATE
   282             20  DC-YMD-YEAR           PIC 99.                       CL*15
   283             20  DC-YMD-MONTH          PIC 99.                       CL*15
   284             20  DC-YMD-DAY            PIC 99.                       CL*15
   285         16  DC-GREG-DATE-1-MDY        PIC 9(06).                    CL*15
   286         16  DC-GREG-DATE-1-MDY-R REDEFINES                          CL*15
   287                      DC-GREG-DATE-1-MDY.                         ELCDATE
   288             20  DC-MDY-MONTH          PIC 99.                       CL*15
   289             20  DC-MDY-DAY            PIC 99.                       CL*15
   290             20  DC-MDY-YEAR           PIC 99.                       CL*15
   291         16  DC-GREG-DATE-1-ALPHA.                                   CL*15
   292             20  DC-ALPHA-MONTH        PIC X(10).                    CL*15
   293             20  DC-ALPHA-DAY          PIC 99.                       CL*15
   294             20  FILLER                PIC XX.                       CL*15
   295             20  DC-ALPHA-CENTURY.                                   CL*15
   296                 24 DC-ALPHA-CEN-N     PIC 99.                       CL*15
   297             20  DC-ALPHA-YEAR         PIC 99.                       CL*15
   298         16  DC-ELAPSED-MONTHS         PIC S9(4)     COMP.           CL*15
   299         16  DC-ODD-DAYS-OVER          PIC S9(4)     COMP.           CL*15
   300         16  DC-ELAPSED-DAYS           PIC S9(4)     COMP.           CL*15
   301         16  DC-JULIAN-DATE            PIC 9(05).                    CL*15
   302         16  DC-JULIAN-YYDDD REDEFINES DC-JULIAN-DATE                CL*20
   303                                       PIC 9(05).                    CL*20
* Micro Focus Server Express         V5.1 revision 000 06-Oct-15 17:18 Page   7
* CID150M1.cbl (/apps/prod/cid1p/copy/ELCDATE)
   304         16  DC-JULIAN-DT REDEFINES DC-JULIAN-DATE.                  CL*15
   305             20  DC-JULIAN-YEAR        PIC 99.                       CL*15
   306             20  DC-JULIAN-DAYS        PIC 999.                      CL*15
   307         16  DC-DAYS-IN-MONTH          PIC S9(3)       COMP-3.       CL*15
   308         16  DC-DAY-OF-WEEK            PIC S9  VALUE ZERO COMP-3.    CL*15
   309         16  DC-DAY-OF-WEEK2           PIC S9  VALUE ZERO COMP-3.    CL*15
   310     12  DATE-CONVERSION-VARIBLES.                                   CL*15
   311         16  HOLD-CENTURY-1            PIC 9(11) VALUE 0.            CL*15
   312         16  HOLD-CENTURY-1-SPLIT REDEFINES HOLD-CENTURY-1.          CL*15
   313             20  FILLER                PIC 9(3).                     CL*15
   314             20  HOLD-CEN-1-CCYY.                                    CL*15
   315                 24  HOLD-CEN-1-CC     PIC 99.                       CL*17
   316                 24  HOLD-CEN-1-YY     PIC 99.                       CL*17
   317             20  HOLD-CEN-1-MO         PIC 99.                       CL*17
   318             20  HOLD-CEN-1-DA         PIC 99.                       CL*17
   319         16  HOLD-CENTURY-1-R   REDEFINES HOLD-CENTURY-1.            CL*15
   320             20  HOLD-CEN-1-R-MO       PIC 99.                       CL*17
   321             20  HOLD-CEN-1-R-DA       PIC 99.                       CL*17
   322             20  HOLD-CEN-1-R-CCYY.                                  CL*15
   323                 24  HOLD-CEN-1-R-CC   PIC 99.                       CL*17
   324                 24  HOLD-CEN-1-R-YY   PIC 99.                       CL*17
   325             20  FILLER                PIC 9(3).                     CL*15
   326         16  HOLD-CENTURY-1-X.                                       CL*15
   327             20  FILLER                PIC X(3)  VALUE SPACES.       CL*15
   328             20  HOLD-CEN-1-X-CCYY.                                  CL*15
   329                 24  HOLD-CEN-1-X-CC   PIC XX VALUE SPACES.          CL*17
   330                 24  HOLD-CEN-1-X-YY   PIC XX VALUE SPACES.          CL*17
   331             20  HOLD-CEN-1-X-MO       PIC XX VALUE SPACES.          CL*17
   332             20  HOLD-CEN-1-X-DA       PIC XX VALUE SPACES.          CL*17
   333         16  HOLD-CENTURY-1-R-X REDEFINES HOLD-CENTURY-1-X.          CL*15
   334             20  HOLD-CEN-1-R-X-MO     PIC XX.                       CL*17
   335             20  HOLD-CEN-1-R-X-DA     PIC XX.                       CL*17
   336             20  HOLD-CEN-1-R-X-CCYY.                                CL*15
   337                 24  HOLD-CEN-1-R-X-CC PIC XX.                       CL*17
   338                 24  HOLD-CEN-1-R-X-YY PIC XX.                       CL*17
   339             20  FILLER                PIC XXX.                      CL*23
   340         16  DC-BIN-DATE-EXPAND-1      PIC XXX.                      CL*15
   341         16  DC-BIN-DATE-EXPAND-2      PIC XXX.                      CL*15
   342         16  DC-JULIAN-DATE-1          PIC 9(07).                    CL*15
   343         16  DC-JULIAN-DATE-1-R REDEFINES DC-JULIAN-DATE-1.          CL*15
   344             20  DC-JULIAN-1-CCYY.                                   CL*15
   345                 24  DC-JULIAN-1-CC    PIC 99.                       CL*15
   346                 24  DC-JULIAN-1-YR    PIC 99.                       CL*15
   347             20  DC-JULIAN-DA-1        PIC 999.                      CL*15
   348         16  DC-JULIAN-DATE-2          PIC 9(07).                    CL*15
   349         16  DC-JULIAN-DATE-2-R REDEFINES DC-JULIAN-DATE-2.          CL*15
   350             20  DC-JULIAN-2-CCYY.                                   CL*15
   351                 24  DC-JULIAN-2-CC    PIC 99.                       CL*15
   352                 24  DC-JULIAN-2-YR    PIC 99.                       CL*15
   353             20  DC-JULIAN-DA-2        PIC 999.                      CL*15
   354         16  DC-GREG-DATE-A-EDIT.                                    CL*15
   355             20  DC-EDITA-MONTH        PIC 99.                       CL*15
   356             20  SLASHA-1              PIC X VALUE '/'.              CL*15
   357             20  DC-EDITA-DAY          PIC 99.                       CL*15
   358             20  SLASHA-2              PIC X VALUE '/'.              CL*15
   359             20  DC-EDITA-CCYY.                                      CL*15
   360                 24  DC-EDITA-CENT     PIC 99.                       CL*15
   361                 24  DC-EDITA-YEAR     PIC 99.                       CL*15
* Micro Focus Server Express         V5.1 revision 000 06-Oct-15 17:18 Page   8
* CID150M1.cbl (/apps/prod/cid1p/copy/ELCDATE)
   362         16  DC-GREG-DATE-B-EDIT.                                    CL*15
   363             20  DC-EDITB-MONTH        PIC 99.                       CL*15
   364             20  SLASHB-1              PIC X VALUE '/'.              CL*15
   365             20  DC-EDITB-DAY          PIC 99.                       CL*15
   366             20  SLASHB-2              PIC X VALUE '/'.              CL*15
   367             20  DC-EDITB-CCYY.                                      CL*15
   368                 24  DC-EDITB-CENT     PIC 99.                       CL*15
   369                 24  DC-EDITB-YEAR     PIC 99.                       CL*15
   370         16  DC-GREG-DATE-CYMD         PIC 9(08).                    CL*15
   371         16  DC-GREG-DATE-CYMD-R REDEFINES                           CL*15
   372                              DC-GREG-DATE-CYMD.                  ELCDATE
   373             20  DC-CYMD-CEN           PIC 99.                       CL*15
   374             20  DC-CYMD-YEAR          PIC 99.                       CL*15
   375             20  DC-CYMD-MONTH         PIC 99.                       CL*15
   376             20  DC-CYMD-DAY           PIC 99.                       CL*15
   377         16  DC-GREG-DATE-MDCY         PIC 9(08).                    CL*15
   378         16  DC-GREG-DATE-MDCY-R REDEFINES                           CL*15
   379                              DC-GREG-DATE-MDCY.                  ELCDATE
   380             20  DC-MDCY-MONTH         PIC 99.                       CL*15
   381             20  DC-MDCY-DAY           PIC 99.                       CL*15
   382             20  DC-MDCY-CEN           PIC 99.                       CL*15
   383             20  DC-MDCY-YEAR          PIC 99.                       CL*15
   384    12  DC-FORCE-EL310-DATE-SW         PIC X    VALUE SPACE.      ELCDATE
   385        88  DC-FORCE-EL310-DATE                 VALUE 'Y'.        ELCDATE
   386    12  DC-EL310-DATE                  PIC X(21).                    CL*26
   387    12  FILLER                         PIC X(28).                    CL*26
   388 PROCEDURE DIVISION.
   389
   390     OPEN INPUT THIS-YEAR LAST-YEAR
   391
   392     OPEN OUTPUT NEW-EXTRACT
   393
   394     PERFORM 0015-READ-LAST-YEAR THRU 0015-EXIT
   395     PERFORM 0010-READ-THIS-YEAR THRU 0010-EXIT
   396
   397     PERFORM 0020-PROCESS THRU 0020-EXIT UNTIL
   398        END-OF-LAST-YEAR AND END-OF-THIS-YEAR
   399
   400     CLOSE THIS-YEAR LAST-YEAR NEW-EXTRACT
   401
   402     DISPLAY ' LAST YEAR RECS READ  ' LAST-YEAR-CNT
   403     DISPLAY ' THIS YEAR RECS READ  ' THIS-YEAR-CNT
   404     DISPLAY ' NEW EXTRACT RECS OUT ' NEW-EXTRACT-CNT
   405     DISPLAY ' MATCHED RECORD CNT   ' MATCH-CNT
   406
   407     GOBACK
   408
   409     .
   410 0010-READ-THIS-YEAR.
   411
   412     READ THIS-YEAR AT END
   413        DISPLAY ' FOUND END OF THIS YEAR '
   414        SET END-OF-THIS-YEAR TO TRUE
   415     END-READ
   416
   417     IF NOT END-OF-THIS-YEAR
   418        MOVE THIS-YEAR-IN-RECORD TO THIS-YEAR-RECORD
   419        ADD  1    TO THIS-YEAR-CNT
* Micro Focus Server Express         V5.1 revision 000 06-Oct-15 17:18 Page   9
* CID150M1.cbl
   420     ELSE
   421        MOVE HIGH-VALUES         TO TY-SORT-KEY
   422     END-IF
   423
   424     .
   425 0010-EXIT.
   426     EXIT.
   427
   428 0015-READ-LAST-YEAR.
   429
   430     READ LAST-YEAR AT END
   431        DISPLAY ' FOUND END OF LAST YEAR '
   432        SET END-OF-LAST-YEAR TO TRUE
   433     END-READ
   434
   435     IF NOT END-OF-LAST-YEAR
   436        MOVE LAST-YEAR-IN-RECORD TO LAST-YEAR-RECORD
   437        ADD  1    TO LAST-YEAR-CNT
   438     ELSE
   439        MOVE HIGH-VALUES         TO LY-SORT-KEY
   440     END-IF
   441
   442     .
   443 0015-EXIT.
   444     EXIT.
   445
   446 0020-PROCESS.
   447
   448*    DISPLAY ' EXT KEY = ' EXT-KEY
   449*    DISPLAY 'CERT KEY = ' CERT-KEY
   450     IF LY-SORT-KEY = TY-SORT-KEY
   451        PERFORM 0030-MATCHED     THRU 0030-EXIT
   452     ELSE
   453        IF LY-SORT-KEY > TY-SORT-KEY
   454           PERFORM 0035-LY-GT-TY THRU 0035-EXIT
   455        ELSE
   456           PERFORM 0040-NO-MATCH THRU 0040-EXIT
   457        END-IF
   458     END-IF
   459
   460     .
   461 0020-EXIT.
   462      EXIT.
   463
   464 0030-MATCHED.
   465
   466*  I'M DOING THE IF STMT BELOW PRIMARILY FOR THE REC 20
   467*  BECAUSE THERE ARE A TON OF DUPLICATES SO I DON'T
   468*  RUN OUT OF LAST YEAR RECORDS
   469
   470*    IF     (TY-GROUP-CNT (1 1) = ZERO)
   471*       AND (TY-GROUP-CNT (2 1) = ZERO)
   472*       AND (TY-GROUP-CNT (3 1) = ZERO)
   473*       AND (TY-GROUP-AMT (1 1) = ZERO)
   474*       AND (TY-GROUP-AMT (2 1) = ZERO)
   475*       AND (TY-GROUP-AMT (3 1) = ZERO)
   476*       AND (TY-IND-CNT   (1 1) = ZERO)
   477*       AND (TY-IND-CNT   (2 1) = ZERO)
* Micro Focus Server Express         V5.1 revision 000 06-Oct-15 17:18 Page  10
* CID150M1.cbl
   478*       AND (TY-IND-CNT   (3 1) = ZERO)
   479*       AND (TY-IND-AMT   (1 1) = ZERO)
   480*       AND (TY-IND-AMT   (2 1) = ZERO)
   481*       AND (TY-IND-AMT   (3 1) = ZERO)
   482*       PERFORM 0050-WRITE-NEW-EXTRACT
   483*                                THRU 0050-EXIT
   484*
   485*       PERFORM 0010-READ-THIS-YEAR
   486*                                THRU 0010-EXIT
   487*       GO TO 0030-EXIT
   488*    END-IF
   489
   490     ADD 1                       TO MATCH-CNT
   491
   492*  1 IS BEGINNING, 9 IS ENDING
   493
   494     PERFORM VARYING S1 FROM +1 BY +1 UNTIL
   495        S1 > +3
   496        MOVE LY-GROUP-CNT (S1 9) TO TY-GROUP-CNT (S1 1)
   497        MOVE LY-GROUP-AMT (S1 9) TO TY-GROUP-AMT (S1 1)
   498        MOVE LY-IND-CNT   (S1 9) TO TY-IND-CNT   (S1 1)
   499        MOVE LY-IND-AMT   (S1 9) TO TY-IND-AMT   (S1 1)
   500     END-PERFORM
   501
   502
   503     PERFORM 0050-WRITE-NEW-EXTRACT
   504                                 THRU 0050-EXIT
   505
   506     PERFORM 0010-READ-THIS-YEAR THRU 0010-EXIT
   507     PERFORM 0015-READ-LAST-YEAR THRU 0015-EXIT
   508
   509     .
   510 0030-EXIT.
   511      EXIT.
   512
   513 0035-LY-GT-TY.
   514
   515     PERFORM VARYING S1 FROM +1 BY +1 UNTIL
   516        S1 > +3
   517        MOVE ZEROS               TO TY-GROUP-CNT (S1 1)
   518                                    TY-GROUP-AMT (S1 1)
   519                                    TY-IND-CNT   (S1 1)
   520                                    TY-IND-AMT   (S1 1)
   521     END-PERFORM
   522
   523     PERFORM 0050-WRITE-NEW-EXTRACT
   524                                 THRU 0050-EXIT
   525
   526     PERFORM 0010-READ-THIS-YEAR THRU 0010-EXIT
   527
   528     .
   529 0035-EXIT.
   530     EXIT.
   531
   532 0040-NO-MATCH.
   533
   534     MOVE ' '                    TO WS-NUMBER-SW
   535
* Micro Focus Server Express         V5.1 revision 000 06-Oct-15 17:18 Page  11
* CID150M1.cbl
   536     PERFORM VARYING S1 FROM +1 BY +1 UNTIL
   537        S1 > +3
   538        IF    (LY-GROUP-CNT (S1 9) > ZEROS)
   539           OR (LY-GROUP-AMT (S1 9) > ZEROS)
   540           OR (LY-IND-CNT   (S1 9) > ZEROS)
   541           OR (LY-IND-AMT   (S1 9) > ZEROS)
   542           SET HAS-NUMBERS       TO TRUE
   543        END-IF
   544     END-PERFORM
   545
   546     IF HAS-NUMBERS
   547        DISPLAY '*******************************'
   548     END-IF
   549     DISPLAY ' NO MATCH LAST YEAR ' LY-SORT-KEY
   550        ' THIS YEAR ' TY-SORT-KEY
   551     IF HAS-NUMBERS
   552        DISPLAY '*******************************'
   553     END-IF
   554
   555     IF NOT HAS-NUMBERS
   556        GO TO 0040-READ
   557     END-IF
   558
   559     MOVE TY-PERIOD-START        TO LY-PERIOD-START
   560     MOVE TY-PERIOD-END          TO LY-PERIOD-END
   561
   562     MOVE ZEROS                  TO LY-AH-PD-THIS
   563                                    LY-AH-PD-LAST
   564
   565     PERFORM VARYING S1 FROM +1 BY +1 UNTIL
   566        S1 > +3
   567        PERFORM VARYING S2 FROM +1 BY +1 UNTIL
   568           S2 > +10
   569           MOVE +0               TO LY-ISSUE-CNT   (S1 S2)
   570                                    LY-ISSUE-AMT   (S1 S2)
   571                                    LY-ISSUE-PREM  (S1 S2)
   572                                    LY-CANCEL-CNT  (S1 S2)
   573                                    LY-CANCEL-AMT  (S1 S2)
   574                                    LY-CANCEL-PREM (S1 S2)
   575                                    LY-CLAIM-CNT   (S1 S2)
   576                                    LY-CLAIM-AMT   (S1 S2)
   577                                    LY-EARN-PREM   (S1 S2)
   578        END-PERFORM
   579     END-PERFORM
   580
   581     PERFORM VARYING S1 FROM +1 BY +1 UNTIL
   582        S1 > +3
   583        MOVE LY-GROUP-CNT (S1 9) TO LY-GROUP-CNT (S1 1)
   584        MOVE LY-GROUP-AMT (S1 9) TO LY-GROUP-AMT (S1 1)
   585        MOVE LY-IND-CNT   (S1 9) TO LY-IND-CNT   (S1 1)
   586        MOVE LY-IND-AMT   (S1 9) TO LY-IND-AMT   (S1 1)
   587     END-PERFORM
   588
   589     PERFORM VARYING S1 FROM +1 BY +1 UNTIL
   590        S1 > +3
   591        PERFORM VARYING S2 FROM +2 BY +1 UNTIL
   592           S2 > +9
   593           MOVE +0               TO LY-GROUP-CNT (S1 S2)
* Micro Focus Server Express         V5.1 revision 000 06-Oct-15 17:18 Page  12
* CID150M1.cbl
   594                                    LY-GROUP-AMT (S1 S2)
   595                                    LY-IND-CNT   (S1 S2)
   596                                    LY-IND-AMT   (S1 S2)
   597        END-PERFORM
   598     END-PERFORM
   599
   600     WRITE NEW-EXTRACT-RECORD    FROM LAST-YEAR-RECORD
   601     ADD 1                       TO NEW-EXTRACT-CNT
   602
   603     .
   604 0040-READ.
   605
   606     PERFORM 0015-READ-LAST-YEAR THRU 0015-EXIT
   607
   608     .
   609 0040-EXIT.
   610      EXIT.
   611
   612 0050-WRITE-NEW-EXTRACT.
   613
   614     WRITE NEW-EXTRACT-RECORD    FROM THIS-YEAR-RECORD
   615     ADD 1                       TO NEW-EXTRACT-CNT
   616
   617     .
   618 0050-EXIT.
   619     EXIT.
* Micro Focus Server Express         V5.1 revision 000 Compiler
* Copyright (C) Micro Focus IP Development Limited 1984-2012.
*                                                        REF GNR-008065005AF
* Total Messages:     0
* Data:       15708     Code:        2134
