* Micro Focus Server Express         V5.1 revision 000 06-Oct-15 17:18 Page   1
* CIDCTX2.cbl
* Options: int("CIDCTX2.int") anim csi verbose NOBOUND PARAMCOUNTCHECK
*          directives(cobopt.bth) endp list("CIDCTX2.lst")
* Setting: NOACCEPTREFRESH NOADV ALIGN"8" ALPHASTART"1" NOALTER NOAMODE ANIM
*          NOANIMPREP ANS85 APOST NOAREACHECK ARITHMETIC"OSVS" ASSIGN
*          "EXTERNAL" NOASSIGN-PRINTER NOAUTOLOCK NOBELL NOBOUND NOBRIEF
*          NOBS2000 BWZSTAR NOBYTEMODEMOVE CALLFH"ebmlsfile" NOCALLMCS
*          NOCALLRECOVERY CALLSORT"EXTSM" CANCEL CANCELLBR NOCHANGEMESSAGE
*          CHARSET"ASCII" NOCHECKDIV NOCHECKREFMOD NOCICS CICS-CPY
*          NOCICSOPTIMIZE NOCMPR2 NOCOBFSTATCONV NOCOBIDY NOCOBOL370 COBOLDIR
*          NOCOMP COMP-5"2" COMP-6"2" NOCOMS85 CONFIRM NOCONVERTRET CONVSPACE
*          COPYEXT",cbl,cpy" NOCOPYLBR COPYLIST COPYLISTCOMMENT"1" CSI
*          CURRENCY-SIGN"36" CURRENT-DATE"MMDDYY" NODATA DATACOMPRESS"0"
*          NODATA-CONTEXT DATE DBCHECK DBCS"2" NODBCSSOSI DBSPACE DE-EDIT"2"
*          DEFAULTBYTE"32" NODEFAULTCALLS DETECTLOCK NODG DIALECT"MF"
*          NODIRECTIVES-IN-COMMENTS NODOSVS NODPCINSUBSCRIPT DYNAM
*          NOEARLY-RELEASE ECHO NOECHOALL NOEDITOR ENSUITE"0" NOENTCOBOL
*          ERRFORMAT"1" ERRLIST"EMBED" NOERRQ FASTSORT NOFCD3 NOFCDREG
*          NOFDCLEAR NOFILESHARE FILETYPE"0" NOFLAG NOFLAGAS NOFLAGCD
*          NOFLAGEUC NOFLAGMIG NOFLAGQ FLAGSINEDIT NOFLAGSTD NOFOLDCALLNAME
*          NOFOLDCOPYNAME FORM"60" NOFP-ROUNDING NOHOSTARITHMETIC
*          NOHOSTCONTZERO NOHOST-NUMCOMPARE NOHOST-NUMMOVE NOHOSTFD NOHOSTRW
*          NOIBM-MS IBMCOMP IDXFORMAT"0" NOILGEN IMPLICITSCOPE NOINDD
*          INFORETURN"0" NOINITCALL INITPTR INT"CIDCTX2.int" INTDATE"ANSI"
*          INTLEVEL"2" IOCONV NOISO2002 NOIXNLSKEY NOIXNUMKEY KEEP-INT
*          KEYCHECK KEYCOMPRESS"0" LIBRARIAN"2" NOLINE-COUNT LIST"CIDCTX2.lst"
*          LISTPATH"" LISTWIDTH"80" LITVAL-SIZE"4" LOCKTYPE"0" NOMAPNAME
*          NOMAXERROR METHODDEFAULT"REFERENCE" MF"15" MFCOMMENT NOMOVELENCHECK
*          NOMS NOMVS NATIVE"ASCII" NONATIVEFLOATINGPOINT NONCHAR
*          NONEWBASENAME NONLS NSYMBOL"DBCS" NOODOOSVS NOODOSLIDE
*          NOOLDBLANKLINE NOOLDCOPY NOOLDINDEX NOOLDNEXTSENTENCE NOOLDREADINTO
*          NOOLDSTRMIX OOCTRL"-C-E-G-P+Q+R-S+W" OPTIONAL-FILE NOOS390 OSEXT""
*          NOOSVS NOOUTDD NOP64 NOPANVALET PERFORM-TYPE"OSVS" NOPREPLIST
*          NOPREPROCESS NOPRINT-EXT NOPROFILE NOPROGID-COMMENT
*          NOPROGID-INT-NAME NOPROTECT-LINKAGE PROTOTYPE"RELAXED" QUAL
*          QUALPROC NOQUERY NOQUOTE NORAWLIST NORDW RECMODE"F" NOREENTRANT
*          NOREF NOREFNO REMAINDER"1" REPORT-LINE"256" RESEQ NORETRYLOCK
*          REWRITE-LS NORM RTNCODE-SIZE"4" NORWHARDPAGE NOSAA SEG NOSEQCHK
*          SEQUENTIAL"RECORD" NOSERIAL SETTING"LINE" NOSHAREOUTDD NOSHOW-DIR
*          SIGN"ASCII" NOSIGNDISCARD NOSIGNFIXUP SORTTYPE"DFSORT" SOURCEFORMAT
*          "FIXED" SOURCETABSTOP"8" NOSPZERO NOSSRANGE STDERR NOSTICKY-LINKAGE
*          NOSTICKY-PERFORM SUPFF SWITCHTYPE"1" SYMBSTART"1" SYSPUNCH"132"
*          TERMPAGE TIME NOTRACE NOTRUNC NOTRUNCCALLNAME NOTRUNCCOPY TRUNCINC
*          "10" UNICODE"NATIVE" VERBOSE VSC2"2" WARNING"1" NOWB NOWB2 NOWB3
*          WEBSERVER"CGI" NOWRITELOCK NOWRITETHRU NOXOPEN NOXREF
*          NOZEROLENGTHFALSE NOZEROSEQ NOZWB
     1 IDENTIFICATION DIVISION.
     2 PROGRAM-ID. CIDCTX2.
     3 AUTHOR.     PABLO.
     4 DATE-COMPILED. 06-Oct-15 17:18.
     5******************************************************************
     6*                   C H A N G E   L O G
     7*
     8* CHANGES ARE MARKED BY THE CHANGE EFFECTIVE DATE.
     9*-----------------------------------------------------------------
    10*  CHANGE   CHANGE REQUEST PGMR  DESCRIPTION OF CHANGE
    11* EFFECTIVE    NUMBER
    12*-----------------------------------------------------------------
    13* 020910 CR2009062900001   PEMA  NEW PROGRAM TO RUN DAILY
* Micro Focus Server Express         V5.1 revision 000 06-Oct-15 17:18 Page   2
* CIDCTX2.cbl
    14******************************************************************
    15 ENVIRONMENT DIVISION.
    16 INPUT-OUTPUT SECTION.
    17 FILE-CONTROL.
    18
    19     SELECT ERCTBL           ASSIGN TO ERCTBL
    20                             ORGANIZATION IS INDEXED
    21                             ACCESS IS DYNAMIC
    22                             RECORD KEY IS CT-CONTROL-PRIMARY
    23                             FILE STATUS IS ERCTBL-FILE-STATUS.
    24
    25     SELECT DISK-DATE        ASSIGN TO SYS019.
    26
    27     SELECT EXTR-OUT         ASSIGN TO CTBLOUT
    28           ORGANIZATION IS LINE SEQUENTIAL.
    29
    30 DATA DIVISION.
    31 FILE SECTION.
    32
    33 FD  ERCTBL.
    34
*   35                                 COPY ERCCTBL.
    36******************************************************************04/29/98
    37*                                                                *ERCCTBL
    38*                                                                *ERCCTBL
    39*                            ERCCTBL                             *   LV002
    40*           COPYBOOK REVIEWED FOR YEAR 2000 COMPLIANCE               CL**2
    41*                            VMOD=2.003                              CL**2
    42*                                                                *ERCCTBL
    43*   ONLINE CREDIT SYSTEM                                         *ERCCTBL
    44*                                                                *ERCCTBL
    45*   FILE DESCRIPTION = COMPENSATION TABLE                        *ERCCTBL
    46*                                                                *ERCCTBL
    47*   FILE TYPE = VSAM,KSDS                                        *ERCCTBL
    48*   RECORD SIZE = 200   RECFORM = FIXED                          *ERCCTBL
    49*                                                                *ERCCTBL
    50*   BASE CLUSTER NAME = ERCTBL                   RKP=2,LEN=7     *ERCCTBL
    51*       ALTERNATE PATH = NONE                                    *ERCCTBL
    52*                                                                *ERCCTBL
    53*   LOG = NO                                                     *ERCCTBL
    54*   SERVREQ = BROWSE, DELETE, UPDATE, NEWREC                     *ERCCTBL
    55*                                                                *ERCCTBL
    56*                                                                *ERCCTBL
    57******************************************************************ERCCTBL
    58                                                                  ERCCTBL
    59 01  COMM-TABLE-RECORD.                                           ERCCTBL
    60     12  CT-RECORD-ID                      PIC XX.                ERCCTBL
    61         88  VALID-CT-ID                      VALUE 'CT'.         ERCCTBL
    62                                                                  ERCCTBL
    63     12  CT-CONTROL-PRIMARY.                                      ERCCTBL
    64         16  CT-COMPANY-CD                 PIC X.                 ERCCTBL
    65         16  CT-TABLE                      PIC XXX.               ERCCTBL
    66         16  CT-CNTRL-2.                                          ERCCTBL
    67             20  CT-BEN-TYPE               PIC X.                 ERCCTBL
    68             20  CT-BEN-CODE               PIC XX.                ERCCTBL
    69                                                                  ERCCTBL
    70     12  CT-MAINT-INFORMATION.                                    ERCCTBL
    71         16  CT-LAST-MAINT-DT              PIC XX.                ERCCTBL
* Micro Focus Server Express         V5.1 revision 000 06-Oct-15 17:18 Page   3
* CIDCTX2.cbl (/apps/prod/cid1p/copy/ERCCTBL)
    72         16  CT-LAST-MAINT-HHMMSS          PIC S9(7)      COMP-3. ERCCTBL
    73         16  CT-LAST-MAINT-USER            PIC X(4).              ERCCTBL
    74         16  FILLER                        PIC X(31).             ERCCTBL
    75                                                                  ERCCTBL
    76     12  CT-LIMITS.                                               ERCCTBL
    77         16  CT-TBF OCCURS 3 TIMES         PIC S9(7)V99   COMP-3. ERCCTBL
    78                                                                  ERCCTBL
    79         16  CT-AGE OCCURS 3 TIMES         PIC S99        COMP-3. ERCCTBL
    80                                                                  ERCCTBL
    81         16  CT-TRM OCCURS 3 TIMES         PIC S999       COMP-3. ERCCTBL
    82                                                                  ERCCTBL
    83     12  CT-RATES.                                                ERCCTBL
    84         16  CT-RTX          OCCURS 27 TIMES.                     ERCCTBL
    85             20  CT-RT                     PIC SV9(5)     COMP-3. ERCCTBL
    86             20  CT-RT-R   REDEFINES                              ERCCTBL
    87                 CT-RT                     PIC XXX.               ERCCTBL
    88                                                                  ERCCTBL
    89     12  FILLER                            PIC  X(42).            ERCCTBL
    90                                                                  ERCCTBL
    91******************************************************************ERCCTBL
    92 FD  EXTR-OUT
    93     RECORDING MODE F
    94     LABEL RECORDS STANDARD
    95     BLOCK CONTAINS 0 RECORDS.
    96
    97 01  EXTR-OUT-REC                PIC X(400).
    98
    99 FD  DISK-DATE
*  100                                 COPY ELCDTEFD.
   101******************************************************************04/15/98
   102*                                                                *ELCDTEFD
   103*                                                                *ELCDTEFD
   104*                            ELCDTEFD.                           *   LV002
   105*           COPYBOOK REVIEWED FOR YEAR 2000 COMPLIANCE               CL**2
   106*                            VMOD=2.007                          *   CL**2
   107*                                                                *ELCDTEFD
   108******************************************************************ELCDTEFD
   109     BLOCK CONTAINS 0 RECORDS
   110     RECORDING MODE F.                                            ELCDTEFD
   111                                                                  ELCDTEFD
   112 01  DATE-DISK.                                                   ELCDTEFD
   113     12  DD-ID                       PIC  X(4).                   ELCDTEFD
   114     12  FILLER                      PIC  X(14).                  ELCDTEFD
   115     12  DD-CR1                      PIC  9.                      ELCDTEFD
   116     12  DD-CR1N                     PIC  X(30).                  ELCDTEFD
   117     12  DD-CR2                      PIC  9.                      ELCDTEFD
   118     12  DD-CR2N                     PIC  X(30).                  ELCDTEFD
   119     12  FILLER                      PIC  X(20).                  ELCDTEFD
   120                                                                  ELCDTEFD
   121 01  DATE-DISK-R.                                                 ELCDTEFD
   122     12  FILLER                      PIC  X(4).                   ELCDTEFD
   123     12  DD-ST           OCCURS 3 TIMES                           ELCDTEFD
   124                                     PIC  X(32).                  ELCDTEFD
   125                                                                  ELCDTEFD
   126 01  DATE-DISK-T.                                                 ELCDTEFD
   127     12  FILLER                      PIC  X(4).                   ELCDTEFD
   128     12  DD-TYPE         OCCURS 2 TIMES                           ELCDTEFD
   129                                     PIC  X(48).                  ELCDTEFD
* Micro Focus Server Express         V5.1 revision 000 06-Oct-15 17:18 Page   4
* CIDCTX2.cbl (/apps/prod/cid1p/copy/ELCDTEFD)
   130                                                                  ELCDTEFD
   131 01  DATE-DISK-M.                                                 ELCDTEFD
   132     12  FILLER                      PIC  X(4).                   ELCDTEFD
   133     12  DD-MORT         OCCURS 2 TIMES                           ELCDTEFD
   134                                     PIC  X(48).                  ELCDTEFD
   135                                                                  ELCDTEFD
   136 01  DATE-DISK-P.                                                 ELCDTEFD
   137     12  DD-IDA                      PIC  XX.                     ELCDTEFD
   138     12  DD-IDX                      PIC  99.                     ELCDTEFD
   139     12  DD-DATA                     PIC  X(96).                  ELCDTEFD
   140     12  FILLER  REDEFINES DD-DATA.                               ELCDTEFD
   141         16  DD-PS-PIC   OCCURS 50 TIMES                          ELCDTEFD
   142                                     PIC  X.                      ELCDTEFD
   143         16  FILLER                  PIC  X(46).                  ELCDTEFD
   144     12  FILLER  REDEFINES DD-DATA.                               ELCDTEFD
   145         16  DD-PS-PICO  OCCURS 20 TIMES.                         ELCDTEFD
   146             20  DD-PS-PRT           PIC  X.                      ELCDTEFD
   147             20  DD-PS-FMT           PIC  X.                      ELCDTEFD
   148             20  DD-PS-PRC           PIC  X.                      ELCDTEFD
   149             20  DD-PS-TOT           PIC  X.                      ELCDTEFD
   150         16  FILLER                  PIC  X(16).                  ELCDTEFD
   151                                                                  ELCDTEFD
   152 01  DATE-DISK-E.                                                 ELCDTEFD
   153     12  FILLER                      PIC  X(4).                   ELCDTEFD
   154     12  DD-EDIT         OCCURS 24 TIMES                          ELCDTEFD
   155                                     PIC  X(4).                   ELCDTEFD
   156                                                                  ELCDTEFD
   157 01  DATE-DISK-C.                                                 ELCDTEFD
   158     12  FILLER                      PIC  X(7).                   ELCDTEFD
   159     12  DD-CARR1-SECPAY-SW          PIC  X.
   160     12  DD-CARR1-UEP-PCT            PIC  S9V9(4) COMP-3.         ELCDTEFD
   161     12  DD-CARR1-R78-PCT            PIC  S9V9(4) COMP-3.         ELCDTEFD
   162     12  DD-CARR1-PRO-PCT            PIC  S9V9(4) COMP-3.         ELCDTEFD
   163     12  DD-CARR1                    PIC  X.                      ELCDTEFD
   164     12  DD-CARR1S                   PIC  XX.                     ELCDTEFD
   165     12  DD-CARR1N                   PIC  X(30).                  ELCDTEFD
   166     12  DD-CARR2                    PIC  X.                      ELCDTEFD
   167     12  DD-CARR2S                   PIC  XX.                     ELCDTEFD
   168     12  DD-CARR2N                   PIC  X(30).                  ELCDTEFD
   169     12  DD-CARR2-UEP-PCT            PIC  S9V9(4) COMP-3.         ELCDTEFD
   170     12  DD-CARR2-R78-PCT            PIC  S9V9(4) COMP-3.         ELCDTEFD
   171     12  DD-CARR2-PRO-PCT            PIC  S9V9(4) COMP-3.         ELCDTEFD
   172     12  DD-CARR2-SECPAY-SW          PIC  X.
   173     12  FILLER                      PIC  X(7).                   ELCDTEFD
   174                                                                  ELCDTEFD
   175 01  DATE-DISK-OPT.                                               ELCDTEFD
   176     12  FILLER                      PIC  X(04).                  ELCDTEFD
   177     12  DD-TLR-DATA.                                             ELCDTEFD
   178         16  DD-TLR                  OCCURS 32 TIMES              ELCDTEFD
   179                                     PIC  X(03).                  ELCDTEFD
   180     12  DD-STATE-DATA REDEFINES DD-TLR-DATA.                     ELCDTEFD
   181         16  DD-STATE-FLDS           OCCURS 16 TIMES              ELCDTEFD
   182                                     PIC  X(06).                  ELCDTEFD
   183     12  DD-CARR-DATA REDEFINES DD-TLR-DATA.                      ELCDTEFD
   184         16  DD-CARR-FLDS            OCCURS 13 TIMES              ELCDTEFD
   185                                     PIC  X(07).                  ELCDTEFD
   186         16  FILLER                  PIC  X(05).                  ELCDTEFD
   187     12  DD-MISC-DATA REDEFINES DD-TLR-DATA                       ELCDTEFD
* Micro Focus Server Express         V5.1 revision 000 06-Oct-15 17:18 Page   5
* CIDCTX2.cbl
   188                                     PIC  X(96).                  ELCDTEFD
   189******************************************************************ELCDTEFD
   190
   191 WORKING-STORAGE SECTION.
   192 77  FILLER  PIC X(32) VALUE '********************************'.
   193 77  FILLER  PIC X(32) VALUE '   CIDCTX2 WORKING STORAGE      '.
   194 77  FILLER  PIC X(32) VALUE '********************************'.
   195
   196 77  WS-EOF-SW                   PIC X VALUE SPACES.
   197     88  END-OF-INPUT              VALUE 'Y'.
   198 77  WS-RECS-IN                  PIC 9(9) VALUE ZEROS.
   199 77  WS-RECS-OUT                 PIC 9(9) VALUE ZEROS.
   200 77  T1                          PIC S999  VALUE +0 COMP-3.
   201 77  T2                          PIC S999  VALUE +0 COMP-3.
   202 77  T3                          PIC S999  VALUE +0 COMP-3.
   203 77  S1                          PIC S9(5) VALUE +0 COMP-3.
   204 77  PGM-SUB                     PIC S999    COMP    VALUE +506.
   205
   206 01  WS-PREV-TABLE               PIC XXX  VALUE LOW-VALUES.
   207 01  WS-LF-COMM                  PIC SV9(5) COMP-3 VALUE +0.
   208 01  WS-AH-COMM                  PIC SV9(5) COMP-3 VALUE +0.
   209 01  WS-MISC.
   210     12  WS-RETURN-CODE          PIC S9(4)   COMP   VALUE +0.
   211     12  WS-ABEND-MESSAGE        PIC X(80)          VALUE SPACES.
   212     12  WS-ABEND-FILE-STATUS    PIC XX             VALUE ZEROS.
   213     12  WS-ZERO                 PIC S9      COMP-3 VALUE +0.
   214     12  WS-ABEND-CODE           PIC 9(4).
   215     12  ABEND-CODE  REDEFINES  WS-ABEND-CODE.
   216         16  ABEND-CODE-1        PIC XX.
   217         16  ABEND-CODE-2.
   218             20  AC2-ONE         PIC X.
   219             20  AC2-TWO         PIC X.
   220     12  ERCTBL-FILE-STATUS      PIC XX    VALUE ZEROS.
   221     12  WS-DATE                 PIC 9(11) VALUE ZEROS.
   222
   223 01  EXTR-REC-INIT               PIC X(400).
   224 01  EXTR-REC.
   225     05  EX-TABLE                PIC XXX.
   226     05  EX-SC1                  PIC X.
   227     05  EX-LF-AH                PIC X.
   228     05  EX-SC2                  PIC X.
   229     05  EX-BEN-CODE             PIC XX.
   230     05  EX-SC3                  PIC X.
   231     05  FILLER OCCURS 3.
   232         10  EX-BENEFIT          PIC 9999999.99.
   233         10  EX-SC4              PIC X.
   234         10  FILLER OCCURS 3.
   235             15  EX-AGE          PIC 99.
   236             15  EX-SC5          PIC X.
   237             15  FILLER OCCURS 3.
   238                 20  EX-TERM     PIC 999.
   239                 20  EX-SC6      PIC X.
   240                 20  EX-COMM-PCT PIC .99999.
   241                 20  EX-SC7      PIC X.
   242     05  EX-EOR                  PIC X.
   243
*  244                                 COPY ELCDTECX.
   245******************************************************************06/05/98
* Micro Focus Server Express         V5.1 revision 000 06-Oct-15 17:18 Page   6
* CIDCTX2.cbl (/apps/prod/cid1p/copy/ELCDTECX)
   246*                                                                *ELCDTECX
   247*                            ELCDTECX.                           *   LV005
   248*           COPYBOOK REVIEWED FOR YEAR 2000 COMPLIANCE               CL**2
   249*                            VMOD=2.015                          *ELCDTECX
   250*                                                                *ELCDTECX
   251*      WORKING STORAGE COPY CODE FOR APPLICATIONS CALLING        *ELCDTECX
   252*      THE DATE CARD DISK FILE. ( READ ROUTINE = ELCDTERX,       *ELCDTECX
   253*      AND DISK FILE FD = ELCDTEFX)                              *ELCDTECX
   254*                                                                *ELCDTECX
   255******************************************************************ELCDTECX
   256******************************************************************
   257*                   C H A N G E   L O G
   258*
   259* CHANGES ARE MARKED BY THE CHANGE EFFECTIVE DATE.
   260*-----------------------------------------------------------------
   261*  CHANGE   CHANGE REQUEST PGMR  DESCRIPTION OF CHANGE
   262* EFFECTIVE    NUMBER
   263*-----------------------------------------------------------------
   264* 092602    2002091900008  PEMA  INCREASE NUMBER OF MAXIMUM
   265*                                  BENEFIT CODES FROM 300 TO 900
   266* 090803    2003080800002  PEMA  ADD CATEGORY FOR SUPER GAP
   267* 051304    2003080800002  SMVA  ADD REFUND METHOD
   268* 071714    2013100100002  PEMA  FIX CRIT PERIOD EDITS
   269******************************************************************
   270 01  DATE-CARD.                                                   ELCDTECX
   271     12  DATX-COD                    PIC  X(4).                   ELCDTECX
   272     12  RUN-DATE                    PIC  9(11)  COMP-3.          ELCDTECX
   273     12  ALPH-DATE                   PIC  X(18).                  ELCDTECX
   274     12  EP-DT                       PIC  9(11)  COMP-3.          ELCDTECX
   275     12  PEND-ACT-FILE               PIC  XX.                     ELCDTECX
   276     12  EP-SW                       PIC  X.                      ELCDTECX
   277         88  NO-EP-EXTRACTS          VALUE SPACE.                 ELCDTECX
   278     12  TAPE-BATCHES                PIC  X.                      ELCDTECX
   279         88  TP-PREL-BAL             VALUE '1'.                   ELCDTECX
   280     12  BIN-RUN-DATE                PIC  XX.                     ELCDTECX
   281     12  RUN-CENTURY.                                             ELCDTECX
   282         16 RUN-CENTURY-N            PIC  99.                        CL**4
   283     12  FILLER                      PIC  X.                         CL**4
   284     12  CLAS-MORT-OVRD              PIC  X(4).                   ELCDTECX
   285     12  FILLER                      PIC  XXX.                    ELCDTECX
   286     12  COMPANY-NAME                PIC  X(30).                  ELCDTECX
   287                                                                  ELCDTECX
   288 01  FILLER                          PIC  X(7)                       CL**6
   289                                          VALUE 'OPTIONS'.        ELCDTECX
   290 01  DATE-CARD-OPTIONS.                                           ELCDTECX
   291     12  DATE-OPTIONS-ID             PIC  X(4).                   ELCDTECX
   292     12  DTE-MIN-PREM                PIC  99V99.                  ELCDTECX
   293     12  DTE-LANGUAGE-IND            PIC  X.                      ELCDTECX
   294         88  DTE-LANGUAGE-IS-FR           VALUE 'F'.              ELCDTECX
   295         88  DTE-LANGUAGE-IS-ENG          VALUE 'E'.              ELCDTECX
   296     12  DTE-MIN-AGE                 PIC  99.                     ELCDTECX
   297     12  DTE-DEFAULT-AGE             PIC  99.                     ELCDTECX
   298     12  FILLER                      PIC  X.                      ELCDTECX
   299     12  DTE-MAX-TERM                PIC  999.                    ELCDTECX
   300     12  DTE-COMP-VG                 PIC  X.                      ELCDTECX
   301     12  DTE-REM-TRM                 PIC  X.                      ELCDTECX
   302     12  DTE-PRM-CK                  PIC S99V99.                  ELCDTECX
   303     12  DTE-PRORATA                 PIC  X.                      ELCDTECX
* Micro Focus Server Express         V5.1 revision 000 06-Oct-15 17:18 Page   7
* CIDCTX2.cbl (/apps/prod/cid1p/copy/ELCDTECX)
   304     12  DTE-CLM-REJ                 PIC  X.                      ELCDTECX
   305     12  DTE-REF-REJ                 PIC  X.                      ELCDTECX
   306     12  DTE-COM-TBL-USED            PIC  X.                      ELCDTECX
   307     12  FILLER                      PIC  X.                      ELCDTECX
   308     12  DTE-QTR-CO                  PIC  X.                      ELCDTECX
   309     12  DTE-REF-CK                  PIC S99V99.                  ELCDTECX
   310     12  DTE-CLM-CK                  PIC S99V99.                  ELCDTECX
   311     12  DTE-CONV-DT                 PIC 9(11) COMP-3.               CL**2
   312     12  DTE-DEFAULT-SEX             PIC  X.                      ELCDTECX
   313     12  DTE-EPL-FORMAT              PIC  X.                      ELCDTECX
   314     12  FILLER                      PIC  X.                      ELCDTECX
   315     12  DTE-JT-AGE                  PIC  X.                      ELCDTECX
   316     12  DTE-KEY-BIRTH               PIC  X.                      ELCDTECX
   317     12  DTE-REINSURANCE             PIC  X.                      ELCDTECX
   318     12  DTE-CLAIM-SORT              PIC  X.                      ELCDTECX
   319     12  DTE-WRT-OFF                 PIC  S99V99.                 ELCDTECX
   320     12  DTE-R78                     PIC  X.                      ELCDTECX
   321     12  DTE-DLY-BILL                PIC  X.                      ELCDTECX
   322     12  DTE-ALT-MORT-CODE           PIC  X(4).                   ELCDTECX
   323     12  DTE-CLAIM-PAID-THRU-TO      PIC  X.                      ELCDTECX
   324     12  DTE-COMPENSATION-ACCESS     PIC  X.                      ELCDTECX
   325     12  DTE-MORTG-ACCESS-CNTL       PIC  X.                      ELCDTECX
   326     12  DTE-MP-ALT-MORT-CODE        PIC  X(4).                   ELCDTECX
   327     12  DTE-MORTALITY-AGE-CALC-METHOD                            ELCDTECX
   328                                     PIC  X.                      ELCDTECX
   329         88  DTE-USE-TABLE-ASSIGNED-METHOD VALUE '1'              ELCDTECX
   330                                                 ' '.             ELCDTECX
   331         88  DTE-USE-ALL-AGE-LAST          VALUE '2'.             ELCDTECX
   332         88  DTE-USE-ALL-AGE-NEAR          VALUE '3'.             ELCDTECX
   333     12  DTE-RESERVE-OPTION-SWITCH   PIC  X.                      ELCDTECX
   334         88  DTE-OPT-RESERVE-METHOD-AUTH       VALUE 'Y'.         ELCDTECX
   335         88  DTE-OPT-RESERVE-METHOD-UNAUTH     VALUE 'N' ' '.     ELCDTECX
   336     12  DTE-REM-TRM-CALC-OPTION     PIC  X.                      ELCDTECX
   337     12  DTE-EXPERIENCE-RETENTION-AGE                             ELCDTECX
   338                                     PIC  9.                         CL**4
   339     12  DTE-SYSTEM.                                              ELCDTECX
   340         16  DTE-SYS-A-CREDIT        PIC  X.                      ELCDTECX
   341         16  DTE-SYS-B-PEND-CLAIM    PIC  X.                      ELCDTECX
   342         16  DTE-SYS-C-CONFIRMATIONS PIC  X.                      ELCDTECX
   343         16  DTE-SYS-D-DEMAND-BILL   PIC  X.                      ELCDTECX
   344         16  DTE-SYS-E-CLASIC-CLAIMS PIC  X.                      ELCDTECX
   345         16  DTE-SYS-F-CLASIC-CREDIT PIC  X.                      ELCDTECX
   346         16  DTE-SYS-G-AR-USED       PIC  X.                      ELCDTECX
   347         16  DTE-SYS-H               PIC  X.                      ELCDTECX
   348         16  DTE-SYS-I               PIC  X.                      ELCDTECX
   349         16  DTE-SYS-J               PIC  X.                      ELCDTECX
   350         16  DTE-SYS-K               PIC  X.                      ELCDTECX
   351         16  DTE-SYS-L               PIC  X.                      ELCDTECX
   352         16  DTE-SYS-M               PIC  X.                      ELCDTECX
   353         16  DTE-SYS-N               PIC  X.                      ELCDTECX
   354         16  DTE-SYS-O               PIC  X.                      ELCDTECX
   355         16  DTE-SYS-P               PIC  X.                      ELCDTECX
   356         16  DTE-SYS-Q               PIC  X.                      ELCDTECX
   357         16  DTE-SYS-R               PIC  X.                      ELCDTECX
   358         16  DTE-SYS-S               PIC  X.                      ELCDTECX
   359         16  DTE-SYS-T               PIC  X.                      ELCDTECX
   360         16  DTE-SYS-U               PIC  X.                      ELCDTECX
   361         16  DTE-SYS-V               PIC  X.                      ELCDTECX
* Micro Focus Server Express         V5.1 revision 000 06-Oct-15 17:18 Page   8
* CIDCTX2.cbl (/apps/prod/cid1p/copy/ELCDTECX)
   362         16  DTE-SYS-W               PIC  X.                      ELCDTECX
   363         16  DTE-SYS-X               PIC  X.                      ELCDTECX
   364         16  DTE-SYS-Y               PIC  X.                      ELCDTECX
   365         16  DTE-SYS-Z               PIC  X.                      ELCDTECX
   366     12  FILLER                      REDEFINES DTE-SYSTEM.        ELCDTECX
   367         16  DTE-SYS-CODE            OCCURS 26 TIMES              ELCDTECX
   368                                     PIC  X.                      ELCDTECX
   369     12  DTE-CLIENT                  PIC  XXX.                    ELCDTECX
   370                                                                  ELCDTECX
   371 01  CLASIC-SYSTEM-CODES.                                         ELCDTECX
   372     12  DTE-COLC-ID                 PIC  X(4).                   ELCDTECX
   373     12  DTE-CLASIC-COMPANY-CD       PIC  X.                      ELCDTECX
   374     12  DTE-CLASIC-COMPANY-NUMBER   PIC  999.                    ELCDTECX
   375*    12  DTE-CLASIC-CLAIM-ACCESS     PIC  X.                      ELCDTECX
   376     12  FILLER                      PIC  X.                      ELCDTECX
   377     12  CLASIC-REIN-MAINT           PIC  XX.                     ELCDTECX
   378     12  CLASIC-COMP-MAINT           PIC  XX.                     ELCDTECX
   379     12  CLASIC-ACCT-MAINT           PIC  XX.                     ELCDTECX
   380     12  CLASIC-CTBL-MAINT           PIC  XX.                     ELCDTECX
   381     12  CLASIC-RATE-MAINT           PIC  XX.                     ELCDTECX
   382     12  CLASIC-CREDIT-EOM-DT        PIC  XX.                     ELCDTECX
   383     12  CLASIC-CLAIMS-EOM-DT        PIC  XX.                     ELCDTECX
   384                                                                  ELCDTECX
   385     12  LIFE-OVERRIDE-L1            PIC  X.                      ELCDTECX
   386     12  LIFE-OVERRIDE-L2            PIC  XX.                     ELCDTECX
   387     12  LIFE-OVERRIDE-L6            PIC  X(6).                   ELCDTECX
   388     12  LIFE-OVERRIDE-L12           PIC  X(12).                  ELCDTECX
   389                                                                  ELCDTECX
   390     12  AH-OVERRIDE-L1              PIC  X.                      ELCDTECX
   391     12  AH-OVERRIDE-L2              PIC  XX.                     ELCDTECX
   392     12  AH-OVERRIDE-L6              PIC  X(6).                   ELCDTECX
   393     12  AH-OVERRIDE-L12             PIC  X(12).                  ELCDTECX
   394                                                                  ELCDTECX
   395     12  CLAS-REPORT-CD1-CAPTION     PIC  X(10).                  ELCDTECX
   396     12  CLAS-REPORT-CD2-CAPTION     PIC  X(10).                  ELCDTECX
   397                                                                  ELCDTECX
   398     12  CLASIC-MORTG-EOM-DT         PIC  XX.                     ELCDTECX
   399     12  CLASIC-AR-EOM-DT            PIC  XX.                     ELCDTECX
   400                                                                  ELCDTECX
   401     12  FILLER                      PIC  X(11)      VALUE SPACE. ELCDTECX
   402                                                                  ELCDTECX
   403 01  DATE-CARD-FACTORS.                                           ELCDTECX
   404     12  DATE-FACTOR-ID              PIC  X(4).                   ELCDTECX
   405     12  FAC-1                       PIC S999V9(5).               ELCDTECX
   406     12  FAC-2                       PIC S999V9(5).               ELCDTECX
   407     12  FAC-3                       PIC S999V9(5).               ELCDTECX
   408     12  FAC-4                       PIC S999V9(5).               ELCDTECX
   409     12  FAC-5                       PIC S999V9(5).               ELCDTECX
   410     12  FAC-6                       PIC S999V9(5).               ELCDTECX
   411                                                                  ELCDTECX
   412 01  FILLER                          PIC  X(12)                   ELCDTECX
   413                                          VALUE 'COMPANY NAME'.   ELCDTECX
   414 01  COMPANY-NAME-TABLE.                                          ELCDTECX
   415     12  C-N-TBL                     OCCURS 6 TIMES.              ELCDTECX
   416         16  CNT-ID                  PIC  X.                      ELCDTECX
   417         16  CNT-NAME                PIC  X(30).                  ELCDTECX
   418                                                                  ELCDTECX
   419 01  FILLER                          PIC  X(11)                   ELCDTECX
* Micro Focus Server Express         V5.1 revision 000 06-Oct-15 17:18 Page   9
* CIDCTX2.cbl (/apps/prod/cid1p/copy/ELCDTECX)
   420                                          VALUE 'STATE NAMES'.    ELCDTECX
   421 01  STATE-NAMES.                                                 ELCDTECX
   422     12  STATE-NAME-FLD              OCCURS 75 TIMES.             ELCDTECX
   423         16  STATE-SUB               PIC  XX.                     ELCDTECX
   424         16  STATE-PIC1.                                          ELCDTECX
   425             20  STATE-ABBR          PIC  XX.                     ELCDTECX
   426             20  FILLER              PIC  XXX.                    ELCDTECX
   427             20  STATE-PIC           PIC  X(20).                  ELCDTECX
   428             20  STATE-CALL-EARN     PIC  X.                      ELCDTECX
   429             20  STATE-CALL-BREAK    PIC  X.                      ELCDTECX
   430             20  STATE-PRIM-FAC-DEV  PIC  XXX.                    ELCDTECX
   431                                                                  ELCDTECX
   432 01  FILLER                          PIC  X(13)                   ELCDTECX
   433                                          VALUE 'CARRIER NAMES'.  ELCDTECX
   434 01  CARRIER-NAMES.                                               ELCDTECX
   435     12  CARRIER-NAME-FLD            OCCURS 25 TIMES.             ELCDTECX
   436         16  CARRIER-SUB             PIC  X.                      ELCDTECX
   437         16  CARRIER-DOM-ST          PIC  XX.                     ELCDTECX
   438         16  CARRIER-PIC             PIC  X(30).                  ELCDTECX
   439         16  CARRIER-UEP-PCT         PIC  S9V9(4) COMP-3.            CL**6
   440         16  CARRIER-R78-PCT         PIC  S9V9(4) COMP-3.            CL**6
   441         16  CARRIER-PRO-PCT         PIC  S9V9(4) COMP-3.            CL**6
   442*        16  FILLER                  PIC  X.                      ELCDTECX
   443         16  CARRIER-SEC-PAY         PIC  X.
   444             88  SEC-PAY-CARRIER          VALUE 'Y'.
   445                                                                  ELCDTECX
   446 01  FILLER                          PIC  X(9)                       CL**6
   447                                          VALUE 'INS TYPES'.      ELCDTECX
   448 01  CLAS-INS-TYPES.                                              ELCDTECX
   449*    12 CLAS-ALL-TYPES               OCCURS 300 TIMES.            ELCDTECX
   450     12 CLAS-ALL-TYPES               OCCURS 900 TIMES.            ELCDTECX
   451         16  CLAS-I-BEN              PIC  XX.                     ELCDTECX
   452         16  CLAS-I-AB3.                                          ELCDTECX
   453             20  FILLER              PIC  X.                      ELCDTECX
   454             20  CLAS-I-AB2.                                      ELCDTECX
   455                 24  FILLER          PIC  X.                      ELCDTECX
   456                 24  CLAS-I-AB1      PIC  X.                      ELCDTECX
   457         16  CLAS-I-AB3-AH REDEFINES CLAS-I-AB3.                  ELCDTECX
   458             20  CLAS-EXCLUSION      PIC  XX.                        CL**4
   459             20  FILLER              PIC  X.                         CL**4
   460         16  CLAS-I-AB10.                                         ELCDTECX
   461             20  FILLER              PIC  X(9).                   ELCDTECX
   462             20  CLAS-I-REIN-YN      PIC  X.                      ELCDTECX
   463         16  CLAS-I-COMMENT          PIC  X(10).                  ELCDTECX
   464         16  CLAS-I-JOINT            PIC  X.                      ELCDTECX
   465         16  CLAS-I-RL-AH            PIC  X.                      ELCDTECX
   466         16  CLAS-I-CALC-TYPE.                                    ELCDTECX
   467             20  CLAS-I-BAL          PIC  X.                      ELCDTECX
   468         16  CLAS-I-EP               PIC  X.                      ELCDTECX
   469         16  CLAS-CO-BEN-I-G-CD      PIC  X.                      ELCDTECX
   470         16  CLAS-CO-REM-TERM-CALC   PIC  X.                      ELCDTECX
   471         16  CLAS-I-BEN-CATEGORY     PIC  X.
   472         16  CLAS-I-REFUND-METHOD    PIC  X.
   473         16  CLAS-I-MAX-BENEFITS     PIC 99.
   474         16  FILLER                  PIC  XXX.
   475                                                                  ELCDTECX
   476 01  FILLER                          PIC  X(16)                   ELCDTECX
   477                                     VALUE 'MORTALITY TABLES'.    ELCDTECX
* Micro Focus Server Express         V5.1 revision 000 06-Oct-15 17:18 Page  10
* CIDCTX2.cbl (/apps/prod/cid1p/copy/ELCDTECX)
   478 01  CLAS-MORTALITY-CODES.                                        ELCDTECX
   479     12  CLAS-MORT-FLD               OCCURS 99 TIMES              ELCDTECX
   480                                     INDEXED BY CLAS-MORT-NDX.    ELCDTECX
   481         16  CLAS-MORT-CODE          PIC  X(4).                      CL**6
   482         16  CLAS-MORT-J-CODE        PIC  X.                         CL**5
   483         16  CLAS-MORT-J-FACT        PIC S9V9(4).                    CL**6
   484         16  CLAS-MORT-DESC.                                      ELCDTECX
   485             20  CLAS-RESERVE-ADJ    PIC  999.                       CL**6
   486             20  FILLER              PIC  XX.                        CL**5
   487             20  CLAS-YEAR           PIC  X(4).                      CL**6
   488             20  FILLER              PIC  X.                         CL**5
   489             20  CLAS-TABLE-TYPE     PIC  XXX.                       CL**6
   490             20  FILLER              PIC  X.                         CL**5
   491             20  CLAS-AGE-METHOD     PIC  XX.                        CL**5
   492             20  FILLER              PIC  X.                         CL**5
   493             20  CLAS-INTEREST       PIC  99.99.                     CL**5
   494             20  FILLER              PIC  X(5).                      CL**6
   495                                                                  ELCDTECX
   496 01  FILLER                          PIC  X(15)                   ELCDTECX
   497                                     VALUE 'BUSINESS TABLES'.     ELCDTECX
   498 01  CLAS-BUSINESS-CLASSES.                                       ELCDTECX
   499     12  CLAS-BUSC-FLD               OCCURS 50 TIMES.             ELCDTECX
   500         16  CLAS-BUSC-CODE          PIC  99.                     ELCDTECX
   501         16  CLAS-BUSC-GROUP         PIC  X.                      ELCDTECX
   502         16  CLAS-BUSC-DESC          PIC  X(19).                  ELCDTECX
   503         16  CLAS-BUSC-EXCL          PIC  X.                         CL**5
   504         16  FILLER                  PIC  X(4).                      CL**6
   505                                                                  ELCDTECX
   506 01  FILLER                          PIC  X(7)                       CL**6
   507                                     VALUE 'INDEXES'.             ELCDTECX
   508 01  CLAS-INDEX-TBL.                                              ELCDTECX
   509     12  CLAX-ID                     PIC  X(4).                   ELCDTECX
   510     12  CLAS-STARTC                 PIC S9(4) COMP.              ELCDTECX
   511     12  CLAS-MAXC                   PIC S9(4) COMP.              ELCDTECX
   512     12  CLAS-STARTL                 PIC S9(4) COMP.              ELCDTECX
   513     12  CLAS-MAXL                   PIC S9(4) COMP.              ELCDTECX
   514     12  CLAS-STARTA                 PIC S9(4) COMP.              ELCDTECX
   515     12  CLAS-MAXA                   PIC S9(4) COMP.              ELCDTECX
   516     12  CLAS-STARTM                 PIC S9(4) COMP.              ELCDTECX
   517     12  CLAS-MAXM                   PIC S9(4) COMP.              ELCDTECX
   518     12  CLAS-STARTB                 PIC S9(4) COMP.              ELCDTECX
   519     12  CLAS-MAXB                   PIC S9(4) COMP.              ELCDTECX
   520     12  CLAS-STARTS                 PIC S9(4) COMP.              ELCDTECX
   521     12  CLAS-MAXS                   PIC S9(4) COMP.              ELCDTECX
   522     12  CLAS-STARTE                 PIC S9(4) COMP.              ELCDTECX
   523     12  CLAS-MAXE                   PIC S9(4) COMP.              ELCDTECX
   524     12  CLAS-STARTCN                PIC S9(4) COMP.              ELCDTECX
   525     12  CLAS-MAXCN                  PIC S9(4) COMP.              ELCDTECX
   526                                                                  ELCDTECX
   527 01  CLAS-TYPE-MISC.                                              ELCDTECX
   528     12  CLAS-INDEXC                 PIC S9(4) COMP.              ELCDTECX
   529     12  CLAS-INDEXL                 PIC S9(4) COMP.              ELCDTECX
   530     12  CLAS-INDEXA                 PIC S9(4) COMP.              ELCDTECX
   531     12  CLAS-INDEXM                 PIC S9(4) COMP.              ELCDTECX
   532     12  CLAS-INDEXB                 PIC S9(4) COMP.              ELCDTECX
   533     12  CLAS-INDEXS                 PIC S9(4) COMP.              ELCDTECX
   534     12  CLAS-INDEXE                 PIC S9(4) COMP.              ELCDTECX
   535     12  CLAS-INDEX                  PIC S9(4) COMP.              ELCDTECX
* Micro Focus Server Express         V5.1 revision 000 06-Oct-15 17:18 Page  11
* CIDCTX2.cbl (/apps/prod/cid1p/copy/ELCDTECX)
   536     12  CLAS-INDEXEN                PIC S9(4) COMP.              ELCDTECX
   537     12  CLAS-INDEXCN                PIC S9(4) COMP.              ELCDTECX
   538     12  CLAS-INDEXON                PIC S9(4) COMP.              ELCDTECX
   539                                                                  ELCDTECX
   540 01  FILLER                          PIC  X(13)                   ELCDTECX
   541                                     VALUE 'MISCELLANEOUS'.       ELCDTECX
   542 01  CLAS-MISC.                                                   ELCDTECX
   543     12  DTE-FICH                    PIC  X.                      ELCDTECX
   544         88  FICH-NO                 VALUE SPACE.                 ELCDTECX
   545         88  FICH-ONLY               VALUE '1'.                   ELCDTECX
   546         88  FICH-BOTH               VALUE '2'.                   ELCDTECX
   547     12  FICH-OPEN                   PIC  X.                      ELCDTECX
   548     12  REPT-OPEN                   PIC  X.                      ELCDTECX
   549     12  DTE-PGM-OPT                 PIC  9.                         CL**5
   550     12  DTE-PRT-OPT                 PIC  X.                      ELCDTECX
   551     12  DTE-FMT-OPT                 PIC  9.                      ELCDTECX
   552     12  DTE-PRC-OPT                 PIC  9.                      ELCDTECX
   553     12  DTE-TOT-OPT                 PIC  9.                      ELCDTECX
   554     12  CLAS-LOOK                   PIC  XX.                     ELCDTECX
   555     12  DTE-TOT-LINES               PIC S9(8)      COMP.         ELCDTECX
   556     12  STATE-L                     PIC  XX.                     ELCDTECX
   557     12  CLAS-CN                     PIC  99.                     ELCDTECX
   558     12  CLAS-CO                     PIC  99.                     ELCDTECX
   559     12  DTE-VSAM-FLAGS                              VALUE ZERO.  ELCDTECX
   560         16  DTE-F-1                 PIC  X.                      ELCDTECX
   561         16  DTE-F-2                 PIC  X.                      ELCDTECX
   562     12  DTE-ABEND-WORK.                                          ELCDTECX
   563         16  DTE-ABEND-CD-1          PIC  XX         VALUE SPACES.ELCDTECX
   564         16  DTE-ABEND-CD-2          PIC  XX         VALUE SPACES.ELCDTECX
   565                                                                  ELCDTECX
   566 01  FILLER                          PIC  X(12)                   ELCDTECX
   567                                     VALUE 'WORKING DATE'.        ELCDTECX
   568 01  WS-DATE-AND-TIME.                                            ELCDTECX
   569     12  WS-ACCEPT-DATE.                                          ELCDTECX
   570         16  WS-AD-YY                PIC  99.                     ELCDTECX
   571         16  WS-AD-MM                PIC  99.                     ELCDTECX
   572         16  WS-AD-DD                PIC  99.                     ELCDTECX
   573     12  WS-CURRENT-DATE.                                         ELCDTECX
   574         16  WS-CD-MM                PIC  99.                     ELCDTECX
   575         16  FILLER                  PIC  X          VALUE '/'.   ELCDTECX
   576         16  WS-CD-DD                PIC  99.                     ELCDTECX
   577         16  FILLER                  PIC  X          VALUE '/'.   ELCDTECX
   578         16  WS-CD-YY                PIC  99.                     ELCDTECX
   579     12  WS-TIME-OF-DAY.                                          ELCDTECX
   580         16  WS-TIME                 PIC  9(6).                   ELCDTECX
   581         16  WS-HUN-SEC              PIC  99.                     ELCDTECX
   582                                                                  ELCDTECX
   583 01  FILLER                          PIC  X(12)                   ELCDTECX
   584                                     VALUE 'CARRIER CLMS'.        ELCDTECX
   585 01  CARRIER-OPT-CLAIM-DATA.                                      ELCDTECX
   586     12  CARRIER-FLDS                OCCURS 25 TIMES.             ELCDTECX
   587         16  CARRIER-IBNR-SWITCH     PIC  X.                         CL**5
   588         16  CARRIER-IBNR-PERCENT    PIC S9V9(4) COMP-3.             CL**6
   589         16  CARRIER-CIDA-DISCOUNT   PIC S9V9(4) COMP-3.             CL**6
   590                                                                  ELCDTECX
   591 01  FILLER                          PIC  X(10)                   ELCDTECX
   592                                     VALUE 'STATE TLRS'.          ELCDTECX
   593 01  STATE-TARGET-LOSS-RATIOS.                                    ELCDTECX
* Micro Focus Server Express         V5.1 revision 000 06-Oct-15 17:18 Page  12
* CIDCTX2.cbl (/apps/prod/cid1p/copy/ELCDTECX)
   594     12  STATE-TLR-FLD               OCCURS 75 TIMES.             ELCDTECX
   595         16  STATE-TARGET-LOSS-RATIO PIC S9V9(4) COMP-3.             CL**6
   596         16  STATE-CALC-INTEREST     PIC S9V9(4) COMP-3.             CL**6
   597                                                                  ELCDTECX
   598 01  FILLER                          PIC  X(13)                   ELCDTECX
   599                                     VALUE 'BUSINESS TLRS'.       ELCDTECX
   600 01  BUSINESS-TRGT-LOSS-RATIO-MODS.                               ELCDTECX
   601     12  BUS-TLRM-FLD                OCCURS 99 TIMES.             ELCDTECX
   602         16  BUS-TRGT-LOSS-RATIO-MOD PIC S9V9(4) COMP-3.             CL**6
   603                                                                  ELCDTECX
   604 01  FILLER                          PIC  X(13)                   ELCDTECX
   605                                     VALUE 'MISC CLM DATA'.       ELCDTECX
   606 01  MISC-OPT-CLM-RSV-DATA.                                       ELCDTECX
   607     12  COMPANY-CALC-INTEREST       PIC S9V9(4) COMP-3.             CL**6
   608     12  COMPANY-CIDA-DISCOUNT       PIC S9V9(4) COMP-3.             CL**6
   609     12  COMPANY-CRDB-TABLE-SELECTION                             ELCDTECX
   610                                     PIC  X.                         CL**5
   611     12  COMPANY-IBNR-AH-FACTOR      PIC S9V9(4) COMP-3.             CL**6
   612     12  COMPANY-IBNR-LAG-MONTH      PIC S999    COMP-3.             CL**6
   613     12  COMPANY-IBNR-LIFE-FACTOR    PIC S9V9(4) COMP-3.             CL**6
   614     12  COMPANY-OPTION-START-DATE   PIC  XX.                        CL**5
   615     12  INDEXBS                     PIC S9(4)   COMP.               CL**6
   616     12  INDEXCA                     PIC S9(4)   COMP.               CL**6
   617     12  INDEXST                     PIC S9(4)   COMP.               CL**6
   618     12  FILLER                      PIC  X(75).                  ELCDTECX
   619******************************************************************ELCDTECX
   620*01  MISC-CARR-PCT-DATA.                                          00001521
   621*    12  DD-CARR1-UEP-PCT            PIC S9V9(4) COMP-3.          00001522
   622*    12  DD-CARR1-R78-PCT            PIC S9V9(4) COMP-3.          00001522
   623*    12  DD-CARR1-PRO-PCT            PIC S9V9(4) COMP-3.          00001522
   624*    12  DD-CARR2-UEP-PCT            PIC S9V9(4) COMP-3.          00001522
   625*    12  DD-CARR2-R78-PCT            PIC S9V9(4) COMP-3.          00001522
   626*    12  DD-CARR2-PRO-PCT            PIC S9V9(4) COMP-3.          00001522
   627******************************************************************ELCDTECX
   628
*  629                                 COPY ELCDTEVR.
   630***************************************************************** 04/15/98
   631*                                                                *ELCDTEVR
   632*                                                                *ELCDTEVR
   633*                            ELCDTEVR.                           *   LV003
   634*           COPYBOOK REVIEWED FOR YEAR 2000 COMPLIANCE               CL**3
   635*                            VMOD=2.001                          *   CL**2
   636*                                                                *ELCDTEVR
   637*   WORKING STORAGE FOR DATE VARIABLES CREATED                   *ELCDTEVR
   638*   FOR THE YEAR 2000 DATE MODIFICATION                          *ELCDTEVR
   639*                                                                *ELCDTEVR
   640******************************************************************ELCDTEVR
   641 01  WS-DATE-CARD-DATE.                                           ELCDTEVR
   642     05  WS-RUN-DATE.                                             ELCDTEVR
   643         10  FILLER                  PIC  9(03).                  ELCDTEVR
   644         10  RUN-CCYY                PIC  9(04).                  ELCDTEVR
   645         10  RUN-CCYR  REDEFINES  RUN-CCYY.                       ELCDTEVR
   646             15  RUN-CC              PIC  99.                     ELCDTEVR
   647             15  RUN-YR              PIC  99.                     ELCDTEVR
   648         10  RUN-MO                  PIC  99.                     ELCDTEVR
   649         10  RUN-DA                  PIC  99.                     ELCDTEVR
   650     05  WS-RUN-DATE-N REDEFINES                                     CL**2
   651            WS-RUN-DATE              PIC 9(11).                      CL**2
* Micro Focus Server Express         V5.1 revision 000 06-Oct-15 17:18 Page  13
* CIDCTX2.cbl (/apps/prod/cid1p/copy/ELCDTEVR)
   652     05  WS-EP-DT.                                                ELCDTEVR
   653         10  FILLER                  PIC  9(03).                  ELCDTEVR
   654         10  EP-CCYY                 PIC  9(04).                  ELCDTEVR
   655         10  EP-CCYR  REDEFINES  EP-CCYY.                         ELCDTEVR
   656             15  EP-CC               PIC  99.                     ELCDTEVR
   657             15  EP-YR               PIC  99.                     ELCDTEVR
   658         10  EP-MO                   PIC  99.                     ELCDTEVR
   659         10  EP-DA                   PIC  99.                     ELCDTEVR
   660     05  WS-EP-DT-N REDEFINES                                        CL**2
   661            WS-EP-DT                 PIC 9(11).                      CL**2
   662     05  WS-DTE-CONV-DT.                                             CL**4
   663         10  FILLER                  PIC  9(03).                     CL**4
   664         10  DTE-CONV-CCYY           PIC  9(04).                     CL**4
   665         10  DTE-CONV-CCYR  REDEFINES  DTE-CONV-CCYY.                CL**4
   666             15  DTE-CONV-CC         PIC  99.                        CL**4
   667             15  DTE-CONV-YR         PIC  99.                        CL**4
   668         10  DTE-CONV-MO             PIC  99.                        CL**4
   669         10  DTE-CONV-DA             PIC  99.                        CL**4
   670     05  WS-DTE-CONV-DT-N REDEFINES                                  CL**4
   671            WS-DTE-CONV-DT           PIC  9(11).                     CL**4
   672 01  WS-BALANCE-FORWARD-DATE.                                     ELCDTEVR
   673     05  WS-BF-LAST-ACTIVITY-DATE.                                ELCDTEVR
   674         10  FILLER                            PIC 999.           ELCDTEVR
   675         10  BF-ACT-CCYY                       PIC 9(04).         ELCDTEVR
   676         10  BF-ACT-CCYR  REDEFINES  BF-ACT-CCYY.                 ELCDTEVR
   677             15  BF-ACT-CC                     PIC 99.            ELCDTEVR
   678             15  BF-ACT-YEAR                   PIC 99.            ELCDTEVR
   679         10  BF-ACT-MONTH                      PIC 99.            ELCDTEVR
   680         10  BF-ACT-DAY                        PIC 99.            ELCDTEVR
   681     05  WS-BF-LAST-ACTIVITY-DATE-N REDEFINES                        CL**2
   682            WS-BF-LAST-ACTIVITY-DATE           PIC 9(11).            CL**2
   683     05  WS-BF-CURRENT-LAST-STMT-DT.                              ELCDTEVR
   684         10  FILLER                            PIC 999.           ELCDTEVR
   685         10  BF-CURRENT-LAST-STMT-CEN          PIC 99.            ELCDTEVR
   686         10  BF-CURRENT-LAST-STMT-YEAR         PIC 99.            ELCDTEVR
   687         10  BF-CURRENT-LAST-STMT-MONTH        PIC 99.            ELCDTEVR
   688         10  BF-CURRENT-LAST-STMT-DAY          PIC 99.            ELCDTEVR
   689     05  WS-BF-CURRENT-LAST-STMT-DT-N REDEFINES                      CL**2
   690            WS-BF-CURRENT-LAST-STMT-DT        PIC 9(11).             CL**2
   691 01  WS-ADD-CONF-TRANSACTIONS-DTE.                                ELCDTEVR
   692     05  WS-AC-CERT-EFF-DATE.                                     ELCDTEVR
   693         10  FILLER                            PIC 999.           ELCDTEVR
   694         10  AC-CERT-CCYY                      PIC 9(04).         ELCDTEVR
   695         10  AC-CERT-CCYR  REDEFINES  AC-CERT-CCYY.               ELCDTEVR
   696             15  AC-CERT-CC                    PIC 99.            ELCDTEVR
   697             15  AC-CERT-YR                    PIC 99.            ELCDTEVR
   698         10  AC-CERT-MO                        PIC 99.            ELCDTEVR
   699         10  AC-CERT-DA                        PIC 99.            ELCDTEVR
   700     05  WS-AC-CERT-EFF-DATE-N REDEFINES                             CL**2
   701            WS-AC-CERT-EFF-DATE                PIC 9(11).            CL**2
   702     05  WS-AC-LIFE-CANCEL-DATE.                                  ELCDTEVR
   703         10  FILLER                            PIC 999.           ELCDTEVR
   704         10  AC-LIFE-CANCEL-CCYY               PIC 9(04).         ELCDTEVR
   705         10  AC-LIFE-CANCEL-CCYR REDEFINES AC-LIFE-CANCEL-CCYY.   ELCDTEVR
   706             15  AC-LIFE-CANCEL-CC             PIC 99.            ELCDTEVR
   707             15  AC-LIFE-CANCEL-YR             PIC 99.            ELCDTEVR
   708         10  AC-LIFE-CANCEL-MO                 PIC 99.            ELCDTEVR
   709         10  AC-LIFE-CANCEL-DA                 PIC 99.            ELCDTEVR
* Micro Focus Server Express         V5.1 revision 000 06-Oct-15 17:18 Page  14
* CIDCTX2.cbl (/apps/prod/cid1p/copy/ELCDTEVR)
   710     05  WS-AC-LIFE-CANCEL-DATE-N REDEFINES                          CL**2
   711            WS-AC-LIFE-CANCEL-DATE             PIC 9(11).            CL**2
   712     05  WS-AC-AH-CANCEL-DATE.                                    ELCDTEVR
   713         10  FILLER                            PIC 999.           ELCDTEVR
   714         10  AC-AH-CANCEL-CCYY                 PIC 9(04).         ELCDTEVR
   715         10  AC-AH-CANCEL-CCYR  REDEFINES  AC-AH-CANCEL-CCYY.     ELCDTEVR
   716             15  AC-AH-CANCEL-CC               PIC 99.            ELCDTEVR
   717             15  AC-AH-CANCEL-YR               PIC 99.            ELCDTEVR
   718         10  AC-AH-CANCEL-MO                   PIC 99.            ELCDTEVR
   719         10  AC-AH-CANCEL-DA                   PIC 99.            ELCDTEVR
   720     05  WS-AC-AH-CANCEL-DATE-N REDEFINES                            CL**2
   721            WS-AC-AH-CANCEL-DATE               PIC 9(11).            CL**2
   722 01  WS-RATE-RECORD.                                              ELCDTEVR
   723         05  WS-RT-EXPIRY-DATE.                                   ELCDTEVR
   724             10  FILLER                        PIC 999.           ELCDTEVR
   725             10  RT-EXP-CCYY                   PIC 9(04).         ELCDTEVR
   726             10  RT-EXP-CCYR  REDEFINES  RT-EXP-CCYY.             ELCDTEVR
   727                 15  RT-EXP-CC                 PIC 99.            ELCDTEVR
   728                 15  RT-EXP-YR                 PIC 99.            ELCDTEVR
   729             10  RT-EXP-MO                     PIC 99.            ELCDTEVR
   730             10  RT-EXP-DA                     PIC 99.            ELCDTEVR
   731         05  WS-RT-EXPIRY-DATE-N REDEFINES                           CL**2
   732                WS-RT-EXPIRY-DATE              PIC 9(11).            CL**2
   733
   734 PROCEDURE DIVISION.
   735
*  736                                 COPY ELCDTERX.
   737******************************************************************04/15/98
   738*                                                                *ELCDTERX
   739*                                                                *ELCDTERX
   740*                            ELCDTERX.                           *   LV002
   741*           COPYBOOK REVIEWED FOR YEAR 2000 COMPLIANCE               CL**2
   742*                            VMOD=2.007                          *ELCDTERX
   743*                                                                *ELCDTERX
   744*      LOAD DATE CARD DISK FILE INTO WORKING STORAGE AREA        *ELCDTERX
   745*      (COPY CODE FOR W/S = ELCDTECX AND COPY CODE FOR FD        *ELCDTERX
   746*      = ELCDTEFD)                                               *ELCDTERX
   747*                                                                *ELCDTERX
   748******************************************************************ELCDTERX
   749                                                                  ELCDTERX
   750     ACCEPT WS-ACCEPT-DATE       FROM  DATE.                      ELCDTERX
   751                                                                  ELCDTERX
   752     MOVE WS-AD-YY               TO  WS-CD-YY.                    ELCDTERX
   753     MOVE WS-AD-MM               TO  WS-CD-MM.                    ELCDTERX
   754     MOVE WS-AD-DD               TO  WS-CD-DD.                    ELCDTERX
   755                                                                  ELCDTERX
   756     ACCEPT WS-TIME-OF-DAY       FROM  TIME.                      ELCDTERX
   757                                                                  ELCDTERX
   758******************************************************************ELCDTERX
   759*    NOTE: THE FOLLOWING STATEMENT IS USED TO ELIMINATE COB II    ELCDTERX
   760*          WARNING MESSAGES.                                      ELCDTERX
   761******************************************************************ELCDTERX
   762     IF WS-CD-YY = LOW-VALUES                                     ELCDTERX
   763         COMPUTE PGM-SUB = PGM-SUB + 1.                           ELCDTERX
   764                                                                  ELCDTERX
   765     OPEN INPUT DISK-DATE.                                        ELCDTERX
   766                                                                  ELCDTERX
   767     MOVE SPACE TO DATE-CARD         CLAS-BUSINESS-CLASSES        ELCDTERX
* Micro Focus Server Express         V5.1 revision 000 06-Oct-15 17:18 Page  15
* CIDCTX2.cbl (/apps/prod/cid1p/copy/ELCDTERX)
   768                   STATE-NAMES       CLAS-MORTALITY-CODES         ELCDTERX
   769                   CLAS-INS-TYPES    COMPANY-NAME-TABLE           ELCDTERX
   770                   DATE-CARD-OPTIONS DATE-CARD-FACTORS            ELCDTERX
   771                   CLAX-ID           CLAS-MISC                    ELCDTERX
   772                   CARRIER-NAMES     CLASIC-SYSTEM-CODES          ELCDTERX
   773                   CARRIER-OPT-CLAIM-DATA                         ELCDTERX
   774                   STATE-TARGET-LOSS-RATIOS                       ELCDTERX
   775                   BUSINESS-TRGT-LOSS-RATIO-MODS                  ELCDTERX
   776                   MISC-OPT-CLM-RSV-DATA.                         ELCDTERX
   777                                                                  ELCDTERX
   778     MOVE LOW-VALUES TO CLAS-INDEX-TBL CLAS-TYPE-MISC.            ELCDTERX
   779                                                                  ELCDTERX
   780     MOVE ZERO TO CLAS-CN DTE-TOT-LINES CLAS-CO                   ELCDTERX
   781                  INDEXCA INDEXBS INDEXST.                        ELCDTERX
   782                                                                  ELCDTERX
   783     COMPUTE CLAS-CN = PGM-SUB / +50.                             ELCDTERX
   784     COMPUTE CLAS-CO = PGM-SUB / +20.                             ELCDTERX
   785     COMPUTE CLAS-INDEXEN = PGM-SUB - (CLAS-CN * +50).            ELCDTERX
   786     COMPUTE CLAS-INDEXON = PGM-SUB - (CLAS-CO * +20).            ELCDTERX
   787                                                                  ELCDTERX
   788     IF CLAS-INDEXEN = ZERO                                       ELCDTERX
   789         MOVE +50               TO CLAS-INDEXEN                   ELCDTERX
   790     ELSE                                                         ELCDTERX
   791         ADD +1                 TO CLAS-CN.                       ELCDTERX
   792                                                                  ELCDTERX
   793     IF CLAS-INDEXON = ZERO                                       ELCDTERX
   794         MOVE +20               TO CLAS-INDEXON                   ELCDTERX
   795     ELSE                                                         ELCDTERX
   796         ADD +1                 TO CLAS-CO.                       ELCDTERX
   797                                                                  ELCDTERX
   798 0005-READ--CARD.                                                 ELCDTERX
   799     READ DISK-DATE                                               ELCDTERX
   800         AT END CLOSE DISK-DATE                                   ELCDTERX
   801             GO TO 0060-READ--TEST.                               ELCDTERX
   802                                                                  ELCDTERX
   803     MOVE ZERO                   TO CLAS-INDEX.                   ELCDTERX
   804                                                                  ELCDTERX
   805     IF DD-ID = 'CLAS' OR 'LIFE' OR 'GLED'                        ELCDTERX
   806         MOVE DATE-DISK          TO DATE-CARD                     ELCDTERX
   807         MOVE RUN-DATE           TO WS-RUN-DATE-N                    CL**2
   808         MOVE EP-DT              TO WS-EP-DT-N                       CL**2
   809         GO TO 0005-READ--CARD.                                   ELCDTERX
   810                                                                  ELCDTERX
   811     IF DD-ID = 'CLAD'                                            ELCDTERX
   812         MOVE DATE-DISK          TO DATE-CARD-OPTIONS             ELCDTERX
   813         GO TO 0005-READ--CARD.                                   ELCDTERX
   814                                                                  ELCDTERX
   815     IF DD-ID = 'CLAX'                                            ELCDTERX
   816         MOVE DATE-DISK          TO CLAS-INDEX-TBL                ELCDTERX
   817         GO TO 0005-READ--CARD.                                   ELCDTERX
   818                                                                  ELCDTERX
   819     IF DD-ID = 'CLAF'                                            ELCDTERX
   820         MOVE DATE-DISK          TO DATE-CARD-FACTORS             ELCDTERX
   821         GO TO 0005-READ--CARD.                                   ELCDTERX
   822                                                                  ELCDTERX
   823     IF DD-ID = 'CLAC'                                            ELCDTERX
   824         GO TO 0010-READ--CLAC.                                   ELCDTERX
   825                                                                  ELCDTERX
* Micro Focus Server Express         V5.1 revision 000 06-Oct-15 17:18 Page  16
* CIDCTX2.cbl (/apps/prod/cid1p/copy/ELCDTERX)
   826     IF DD-ID = 'CARR'                                            ELCDTERX
   827         GO TO 0015-READ--CARR.                                   ELCDTERX
   828                                                                  ELCDTERX
   829     IF DD-ID = 'STAT'                                            ELCDTERX
   830         GO TO 0020-READ--STAT.                                   ELCDTERX
   831                                                                  ELCDTERX
   832     IF DD-ID = 'BUSC'                                            ELCDTERX
   833         GO TO 0025-READ--BUSC.                                   ELCDTERX
   834                                                                  ELCDTERX
   835     IF DD-ID = 'MORT'                                            ELCDTERX
   836         GO TO 0030-READ--MORT.                                   ELCDTERX
   837                                                                  ELCDTERX
   838     IF DD-ID = 'CLAI'                                            ELCDTERX
   839         GO TO 0040-READ--CLAI.                                   ELCDTERX
   840                                                                  ELCDTERX
   841     IF DD-ID = 'COLC'                                            ELCDTERX
   842         GO TO 0065-READ--COLC.                                   ELCDTERX
   843                                                                  ELCDTERX
   844     IF DD-IDX NUMERIC AND                                        ELCDTERX
   845        DD-IDA = 'CL'                                             ELCDTERX
   846         GO TO 0035-READ--CLXX.                                   ELCDTERX
   847                                                                  ELCDTERX
   848     IF DD-IDX NUMERIC AND                                        ELCDTERX
   849        DD-IDA = 'PO'                                             ELCDTERX
   850         GO TO 0050-READ--POXX.                                   ELCDTERX
   851                                                                  ELCDTERX
   852     IF DD-ID = 'OPCA'                                            ELCDTERX
   853         GO TO 0070-READ--OPCA.                                   ELCDTERX
   854                                                                  ELCDTERX
   855     IF DD-ID = 'OPST'                                            ELCDTERX
   856         GO TO 0072-READ--OPST.                                   ELCDTERX
   857                                                                  ELCDTERX
   858     IF DD-ID = 'OPBS'                                            ELCDTERX
   859         GO TO 0074-READ--OPBS.                                   ELCDTERX
   860                                                                  ELCDTERX
   861     IF DD-ID = 'OPMS'                                            ELCDTERX
   862         MOVE DD-MISC-DATA       TO MISC-OPT-CLM-RSV-DATA.        ELCDTERX
   863                                                                  ELCDTERX
   864     GO TO 0005-READ--CARD.                                       ELCDTERX
   865                                                                  ELCDTERX
   866 0010-READ--CLAC.                                                 ELCDTERX
   867     ADD 1                       TO CLAS-INDEXC.                  ELCDTERX
   868     MOVE DD-CR1                 TO CNT-ID (CLAS-INDEXC).         ELCDTERX
   869     MOVE DD-CR1N                TO CNT-NAME (CLAS-INDEXC).       ELCDTERX
   870     ADD 1                       TO CLAS-INDEXC.                  ELCDTERX
   871     MOVE DD-CR2                 TO CNT-ID (CLAS-INDEXC).         ELCDTERX
   872     MOVE DD-CR2N                TO CNT-NAME (CLAS-INDEXC).       ELCDTERX
   873     GO TO 0005-READ--CARD.                                       ELCDTERX
   874                                                                  ELCDTERX
   875 0015-READ--CARR.                                                 ELCDTERX
   876     ADD 1  TO  CLAS-INDEXCN.                                     ELCDTERX
   877     IF CLAS-INDEXCN LESS THAN +26                                ELCDTERX
   878        MOVE DD-CARR1         TO CARRIER-SUB (CLAS-INDEXCN)
   879        MOVE DD-CARR1S        TO CARRIER-DOM-ST (CLAS-INDEXCN)
   880        MOVE DD-CARR1N        TO CARRIER-PIC (CLAS-INDEXCN)
   881        MOVE DD-CARR1-UEP-PCT TO CARRIER-UEP-PCT (CLAS-INDEXCN)
   882        MOVE DD-CARR1-R78-PCT TO CARRIER-R78-PCT (CLAS-INDEXCN)
   883        MOVE DD-CARR1-PRO-PCT TO CARRIER-PRO-PCT (CLAS-INDEXCN)
* Micro Focus Server Express         V5.1 revision 000 06-Oct-15 17:18 Page  17
* CIDCTX2.cbl (/apps/prod/cid1p/copy/ELCDTERX)
   884        MOVE DD-CARR1-SECPAY-SW
   885                               TO CARRIER-SEC-PAY (CLAS-INDEXCN)
   886     END-IF
   887                                                                  ELCDTERX
   888     ADD 1  TO  CLAS-INDEXCN.                                     ELCDTERX
   889     IF CLAS-INDEXCN LESS THAN +26                                ELCDTERX
   890        MOVE DD-CARR2         TO CARRIER-SUB (CLAS-INDEXCN)
   891        MOVE DD-CARR2S        TO CARRIER-DOM-ST (CLAS-INDEXCN)
   892        MOVE DD-CARR2N        TO CARRIER-PIC (CLAS-INDEXCN)
   893        MOVE DD-CARR2-UEP-PCT TO CARRIER-UEP-PCT (CLAS-INDEXCN)
   894        MOVE DD-CARR2-R78-PCT TO CARRIER-R78-PCT (CLAS-INDEXCN)
   895        MOVE DD-CARR2-PRO-PCT TO CARRIER-PRO-PCT (CLAS-INDEXCN)
   896        MOVE DD-CARR2-SECPAY-SW
   897                              TO CARRIER-SEC-PAY (CLAS-INDEXCN)
   898     END-IF
   899                                                                  ELCDTERX
   900                                                                  ELCDTERX
   901     GO TO 0005-READ--CARD.                                       ELCDTERX
   902                                                                  ELCDTERX
   903 0020-READ--STAT.                                                 ELCDTERX
   904     ADD 1                       TO CLAS-INDEX.                   ELCDTERX
   905     IF CLAS-INDEX GREATER 3  OR                                  ELCDTERX
   906        DD-ST (CLAS-INDEX) = SPACE                                ELCDTERX
   907         GO TO 0005-READ--CARD.                                   ELCDTERX
   908                                                                  ELCDTERX
   909     ADD 1                       TO CLAS-INDEXS.                  ELCDTERX
   910     MOVE DD-ST (CLAS-INDEX)     TO STATE-NAME-FLD (CLAS-INDEXS). ELCDTERX
   911     GO TO 0020-READ--STAT.                                       ELCDTERX
   912                                                                  ELCDTERX
   913 0025-READ--BUSC.                                                 ELCDTERX
   914     ADD 1                       TO CLAS-INDEX.                   ELCDTERX
   915     IF CLAS-INDEX GREATER 3  OR                                  ELCDTERX
   916        DD-ST (CLAS-INDEX) = SPACE                                ELCDTERX
   917         GO TO 0005-READ--CARD.                                   ELCDTERX
   918                                                                  ELCDTERX
   919     ADD 1                       TO CLAS-INDEXB.                  ELCDTERX
   920     MOVE DD-ST (CLAS-INDEX)     TO CLAS-BUSC-FLD (CLAS-INDEXB).  ELCDTERX
   921     GO TO 0025-READ--BUSC.                                       ELCDTERX
   922                                                                  ELCDTERX
   923 0030-READ--MORT.                                                 ELCDTERX
   924     ADD 1                       TO CLAS-INDEX.                   ELCDTERX
   925     IF CLAS-INDEX GREATER 2  OR                                  ELCDTERX
   926        DD-MORT (CLAS-INDEX) = SPACE                              ELCDTERX
   927         GO TO 0005-READ--CARD.                                   ELCDTERX
   928                                                                  ELCDTERX
   929     ADD 1                       TO CLAS-INDEXM.                  ELCDTERX
   930     MOVE DD-MORT (CLAS-INDEX)   TO CLAS-MORT-FLD (CLAS-INDEXM).  ELCDTERX
   931     GO TO 0030-READ--MORT.                                       ELCDTERX
   932                                                                  ELCDTERX
   933 0035-READ--CLXX.                                                 ELCDTERX
   934     IF DD-IDX NOT = CLAS-CN                                      ELCDTERX
   935          GO TO 0005-READ--CARD.                                  ELCDTERX
   936                                                                  ELCDTERX
   937     IF DD-PS-PIC (CLAS-INDEXEN) = 'X'                            ELCDTERX
   938         DISPLAY '***********************************************'ELCDTERX
   939         DISPLAY 'PROGRAM ECS-', PGM-SUB, ' NOT SCHEDULED TO RUN' ELCDTERX
   940         DISPLAY '***********************************************'ELCDTERX
   941         GO TO 0055-READ--STOP.                                   ELCDTERX
* Micro Focus Server Express         V5.1 revision 000 06-Oct-15 17:18 Page  18
* CIDCTX2.cbl (/apps/prod/cid1p/copy/ELCDTERX)
   942                                                                  ELCDTERX
   943     IF DD-PS-PIC (CLAS-INDEXEN) NOT LESS 'A'  AND                ELCDTERX
   944        DD-PS-PIC (CLAS-INDEXEN) NOT GREATER 'I'                  ELCDTERX
   945         MOVE '1'                TO DTE-FICH.                     ELCDTERX
   946                                                                  ELCDTERX
   947     IF DD-PS-PIC (CLAS-INDEXEN) NOT LESS 'J'  AND                ELCDTERX
   948        DD-PS-PIC (CLAS-INDEXEN) NOT GREATER 'R'                  ELCDTERX
   949         MOVE '2'                TO DTE-FICH.                     ELCDTERX
   950                                                                  ELCDTERX
   951*    MOVE DD-PS-PIC (CLAS-INDEXEN) TO DTE-PGM-OPT.                ELCDTERX
   952     GO TO 0005-READ--CARD.                                       ELCDTERX
   953                                                                  ELCDTERX
   954 0040-READ--CLAI.                                                 ELCDTERX
   955     ADD 1                       TO CLAS-INDEX.                   ELCDTERX
   956     IF CLAS-INDEX GREATER 2  OR                                  ELCDTERX
   957        DD-TYPE (CLAS-INDEX) = SPACE                              ELCDTERX
   958         GO TO 0005-READ--CARD.                                   ELCDTERX
   959                                                                  ELCDTERX
   960     ADD 1                       TO CLAS-INDEXA.                  ELCDTERX
   961     MOVE DD-TYPE (CLAS-INDEX) TO CLAS-ALL-TYPES (CLAS-INDEXA).   ELCDTERX
   962     GO TO 0040-READ--CLAI.                                       ELCDTERX
   963                                                                  ELCDTERX
   964 0045-READ--DUMP.                                                 ELCDTERX
   965     MOVE +999 TO WS-RETURN-CODE                                  ELCDTERX
   966     MOVE 'MISSING AND/OR INVALID CLAS DATE CARD'                 ELCDTERX
   967                                 TO  WS-ABEND-MESSAGE             ELCDTERX
   968     PERFORM ABEND-PGM.                                           ELCDTERX
   969                                                                  ELCDTERX
   970 0050-READ--POXX.                                                 ELCDTERX
   971     IF DD-IDX NOT = CLAS-CO                                      ELCDTERX
   972         GO TO 0005-READ--CARD.                                   ELCDTERX
   973                                                                  ELCDTERX
   974     IF DD-PS-PRC (CLAS-INDEXON) = 'X'                            ELCDTERX
   975         DISPLAY '***********************************************'ELCDTERX
   976         DISPLAY 'ECS - ', PGM-SUB, ' IS NOT SCHEDULED TO RUN'    ELCDTERX
   977         DISPLAY '***********************************************'ELCDTERX
   978         GO TO 0055-READ--STOP.                                   ELCDTERX
   979                                                                  ELCDTERX
   980     MOVE DD-PS-PRT (CLAS-INDEXON) TO DTE-PRT-OPT.                ELCDTERX
   981     MOVE DD-PS-FMT (CLAS-INDEXON) TO DTE-FMT-OPT.                ELCDTERX
   982     MOVE DD-PS-PRC (CLAS-INDEXON) TO DTE-PRC-OPT DTE-PGM-OPT.    ELCDTERX
   983     MOVE DD-PS-TOT (CLAS-INDEXON) TO DTE-TOT-OPT.                ELCDTERX
   984                                                                  ELCDTERX
   985     IF DTE-PRT-OPT = 'B'                                         ELCDTERX
   986         MOVE '2'                  TO DTE-FICH.                   ELCDTERX
   987     IF DTE-PRT-OPT = 'F'                                         ELCDTERX
   988         MOVE '1'                  TO DTE-FICH.                   ELCDTERX
   989                                                                  ELCDTERX
   990     GO TO 0005-READ--CARD.                                       ELCDTERX
   991                                                                  ELCDTERX
   992 0055-READ--STOP.                                                 ELCDTERX
   993     GOBACK.                                                      ELCDTERX
   994                                                                  ELCDTERX
   995 0060-READ--TEST.                                                 ELCDTERX
   996     IF DATX-COD        = SPACE  OR                               ELCDTERX
   997        CLAX-ID         = SPACE  OR                               ELCDTERX
   998        DATE-OPTIONS-ID = SPACE                                   ELCDTERX
   999         GO TO 0045-READ--DUMP.                                   ELCDTERX
* Micro Focus Server Express         V5.1 revision 000 06-Oct-15 17:18 Page  19
* CIDCTX2.cbl (/apps/prod/cid1p/copy/ELCDTERX)
  1000                                                                  ELCDTERX
  1001     MOVE LOW-VALUE TO CLAS-TYPE-MISC.                            ELCDTERX
  1002     GO TO 0079-READ--EXIT.                                       ELCDTERX
  1003                                                                  ELCDTERX
  1004 0065-READ--COLC.                                                 ELCDTERX
  1005     MOVE DATE-DISK              TO CLASIC-SYSTEM-CODES.          ELCDTERX
  1006     GO TO 0005-READ--CARD.                                       ELCDTERX
  1007                                                                  ELCDTERX
  1008 0070-READ--OPCA.                                                 ELCDTERX
  1009                                                                  ELCDTERX
  1010     ADD 1                       TO CLAS-INDEX.                   ELCDTERX
  1011                                                                  ELCDTERX
  1012     IF  CLAS-INDEX GREATER 13                                    ELCDTERX
  1013             OR                                                   ELCDTERX
  1014         DD-CARR-FLDS (CLAS-INDEX) = SPACE                        ELCDTERX
  1015         GO TO 0005-READ--CARD.                                   ELCDTERX
  1016                                                                  ELCDTERX
  1017     ADD 1                       TO INDEXCA.                      ELCDTERX
  1018     MOVE DD-CARR-FLDS (CLAS-INDEX)                               ELCDTERX
  1019                                 TO CARRIER-FLDS (INDEXCA).       ELCDTERX
  1020     GO TO 0070-READ--OPCA.                                       ELCDTERX
  1021                                                                  ELCDTERX
  1022 0072-READ--OPST.                                                 ELCDTERX
  1023                                                                  ELCDTERX
  1024     ADD 1                       TO CLAS-INDEX.                   ELCDTERX
  1025                                                                  ELCDTERX
  1026     IF  CLAS-INDEX GREATER 16                                    ELCDTERX
  1027             OR                                                   ELCDTERX
  1028         DD-TLR (CLAS-INDEX) = SPACE                              ELCDTERX
  1029         GO TO 0005-READ--CARD.                                   ELCDTERX
  1030                                                                  ELCDTERX
  1031     ADD 1                       TO INDEXST.                      ELCDTERX
  1032     MOVE DD-STATE-FLDS (CLAS-INDEX)                              ELCDTERX
  1033                                 TO STATE-TLR-FLD (INDEXST).      ELCDTERX
  1034     GO TO 0072-READ--OPST.                                       ELCDTERX
  1035                                                                  ELCDTERX
  1036 0074-READ--OPBS.                                                 ELCDTERX
  1037                                                                  ELCDTERX
  1038     ADD 1                       TO CLAS-INDEX.                   ELCDTERX
  1039                                                                  ELCDTERX
  1040     IF  CLAS-INDEX GREATER 32                                    ELCDTERX
  1041             OR                                                   ELCDTERX
  1042         DD-TLR (CLAS-INDEX) = SPACE                              ELCDTERX
  1043         GO TO 0005-READ--CARD.                                   ELCDTERX
  1044                                                                  ELCDTERX
  1045     ADD 1                       TO INDEXBS.                      ELCDTERX
  1046     MOVE DD-TLR (CLAS-INDEX)    TO BUS-TLRM-FLD (INDEXBS).       ELCDTERX
  1047     GO TO 0074-READ--OPBS.                                       ELCDTERX
  1048                                                                  ELCDTERX
  1049 0079-READ--EXIT.                                                 ELCDTERX
  1050*    EXIT.                                                        ELCDTERX
  1051******************************************************************ELCDTERX
  1052
  1053     PERFORM 0010-OPEN-FILES     THRU 0010-EXIT
  1054
  1055     PERFORM 0020-INITIALIZE     THRU 0020-EXIT
  1056
  1057     PERFORM 0050-PROCESS-INPUT  THRU 0050-EXIT UNTIL
* Micro Focus Server Express         V5.1 revision 000 06-Oct-15 17:18 Page  20
* CIDCTX2.cbl
  1058        END-OF-INPUT
  1059
  1060     PERFORM 0500-CLOSE-FILES    THRU 0500-EXIT
  1061
  1062     DISPLAY ' RECORDS READ         '  WS-RECS-IN
  1063     DISPLAY ' RECORDS WRITTEN      '  WS-RECS-OUT
  1064     GOBACK
  1065
  1066     .
  1067 0010-OPEN-FILES.
  1068
  1069     OPEN INPUT ERCTBL
  1070         OUTPUT EXTR-OUT
  1071
  1072     .
  1073 0010-EXIT.
  1074     EXIT.
  1075
  1076 0020-INITIALIZE.
  1077
  1078     INITIALIZE EXTR-REC
  1079     MOVE ';'                    TO EX-SC1
  1080                                    EX-SC2
  1081                                    EX-SC3
  1082     MOVE 'E'                    TO EX-EOR
  1083
  1084     MOVE +1 TO T1 T2 T3 S1
  1085
  1086     PERFORM UNTIL T1 > +3
  1087        MOVE ';'                 TO EX-SC4 (T1)
  1088        MOVE ZEROS               TO EX-BENEFIT (T1)
  1089        PERFORM UNTIL T2 > +3
  1090           MOVE ';'              TO EX-SC5 (T1 T2)
  1091           MOVE ZEROS            TO EX-AGE (T1 T2)
  1092           PERFORM UNTIL T3 > +3
  1093              MOVE ';'           TO EX-SC6 (T1 T2 T3)
  1094                                    EX-SC7 (T1 T2 T3)
  1095              MOVE ZEROS         TO EX-TERM (T1 T2 T3)
  1096                                    EX-COMM-PCT (T1 T2 T3)
  1097              ADD +1 TO T3
  1098           END-PERFORM
  1099           MOVE +1 TO T3
  1100           ADD +1 TO T2
  1101        END-PERFORM
  1102        MOVE +1 TO T2
  1103        ADD +1 TO T1
  1104     END-PERFORM
  1105
  1106     MOVE EXTR-REC               TO EXTR-REC-INIT
  1107
  1108     PERFORM 0550-START-INPUT    THRU 0550-EXIT
  1109     PERFORM 0200-READ-INPUT     THRU 0200-EXIT
  1110
  1111     MOVE CT-TABLE               TO WS-PREV-TABLE
  1112
  1113     .
  1114 0020-EXIT.
  1115     EXIT.
* Micro Focus Server Express         V5.1 revision 000 06-Oct-15 17:18 Page  21
* CIDCTX2.cbl
  1116
  1117 0050-PROCESS-INPUT.
  1118
  1119     MOVE +1                     TO S1 T1 T2 T3
  1120     MOVE EXTR-REC-INIT          TO EXTR-REC
  1121     MOVE CT-TABLE               TO EX-TABLE
  1122     MOVE CT-BEN-TYPE            TO EX-LF-AH
  1123     MOVE CT-BEN-CODE            TO EX-BEN-CODE
  1124
  1125
  1126     PERFORM UNTIL T1 > +3
  1127        MOVE CT-TBF (T1)         TO EX-BENEFIT (T1)
  1128        PERFORM UNTIL T2 > +3
  1129           MOVE CT-AGE (T2)      TO EX-AGE (T1 T2)
  1130           PERFORM UNTIL T3 > +3
  1131              IF S1 > +27
  1132                 DISPLAY 'WE HAVE A PROBLEM ' T1 ' ' T2
  1133                    ' ' T3 ' ' S1
  1134                 PERFORM ABEND-PGM
  1135              END-IF
  1136              IF CT-RT (S1) NOT NUMERIC
  1137                 MOVE ZEROS TO CT-RT (S1)
  1138              END-IF
  1139              MOVE CT-TRM (T3)   TO EX-TERM (T1 T2 T3)
  1140              MOVE CT-RT (S1)    TO EX-COMM-PCT (T1 T2 T3)
  1141              ADD +1 TO S1
  1142              ADD +1 TO T3
  1143           END-PERFORM
  1144           MOVE +1 TO T3
  1145           ADD +1 TO T2
  1146        END-PERFORM
  1147        MOVE +1 TO T2
  1148        ADD +1 TO T1
  1149     END-PERFORM
  1150
  1151     PERFORM 0300-WRITE-EXTR     THRU 0300-EXIT
  1152
  1153     PERFORM 0200-READ-INPUT     THRU 0200-EXIT
  1154
  1155     .
  1156 0050-EXIT.
  1157     EXIT.
  1158
  1159 0200-READ-INPUT.
  1160
  1161     READ ERCTBL NEXT RECORD
  1162
  1163     IF (ERCTBL-FILE-STATUS = '10' OR '23')
  1164        OR (CT-COMPANY-CD > DTE-CLASIC-COMPANY-CD)
  1165        SET END-OF-INPUT         TO TRUE
  1166     ELSE
  1167        IF ERCTBL-FILE-STATUS NOT = '00'
  1168           DISPLAY ' ERROR - ERCTBL - READ ' ERCTBL-FILE-STATUS
  1169           SET END-OF-INPUT      TO TRUE
  1170        END-IF
  1171     END-IF
  1172
  1173     IF NOT END-OF-INPUT
* Micro Focus Server Express         V5.1 revision 000 06-Oct-15 17:18 Page  22
* CIDCTX2.cbl
  1174        ADD +1                   TO WS-RECS-IN
  1175     END-IF
  1176
  1177     .
  1178 0200-EXIT.
  1179     EXIT.
  1180
  1181 0300-WRITE-EXTR.
  1182
  1183     WRITE EXTR-OUT-REC          FROM EXTR-REC
  1184
  1185     ADD +1                      TO WS-RECS-OUT
  1186
  1187     .
  1188 0300-EXIT.
  1189     EXIT.
  1190
  1191 0500-CLOSE-FILES.
  1192
  1193     CLOSE ERCTBL EXTR-OUT
  1194
  1195     .
  1196 0500-EXIT.
  1197     EXIT.
  1198
  1199 0550-START-INPUT.
  1200
  1201     MOVE LOW-VALUES             TO CT-CONTROL-PRIMARY
  1202     MOVE DTE-CLASIC-COMPANY-CD  TO CT-COMPANY-CD
  1203
  1204     START ERCTBL KEY >= CT-CONTROL-PRIMARY
  1205
  1206     IF (ERCTBL-FILE-STATUS = '10' OR '23')
  1207        OR (CT-COMPANY-CD > DTE-CLASIC-COMPANY-CD)
  1208        SET END-OF-INPUT         TO TRUE
  1209     ELSE
  1210        IF ERCTBL-FILE-STATUS NOT = '00'
  1211           DISPLAY ' ERROR - ERCTBL - START ' ERCTBL-FILE-STATUS
  1212           SET END-OF-INPUT      TO TRUE
  1213        END-IF
  1214     END-IF
  1215
  1216     .
  1217 0550-EXIT.
  1218     EXIT.
  1219
  1220 ABEND-PGM.
* 1221                             COPY ELCABEND.
  1222***************************************************************** 04/14/98
  1223*                                                               * ELCABEND
  1224*                            ELCABEND.                          *    LV003
  1225*           COPYBOOK REVIEWED FOR YEAR 2000 COMPLIANCE               CL**3
  1226*                            VMOD 2.002                              CL**2
  1227*                                                               * ELCABEND
  1228*                THIS SECTION DISPLAYS THE NECESSARY MESSAGES   * ELCABEND
  1229*            AND THEN ABENDS.                                   * ELCABEND
  1230*                                                               * ELCABEND
  1231*  NO  CID  MODS  IN  COPYBOOK  ELCABEND                        * ELCABEND
* Micro Focus Server Express         V5.1 revision 000 06-Oct-15 17:18 Page  23
* CIDCTX2.cbl (/apps/prod/cid1p/copy/ELCABEND)
  1232*                                                               * ELCABEND
  1233***************************************************************** ELCABEND
  1234*APS-010.                                                         ELCABEND
  1235     DISPLAY WS-ABEND-MESSAGE.                                    ELCABEND
  1236     DISPLAY WS-ABEND-MESSAGE UPON CONSOLE.                       ELCABEND
  1237                                                                  ELCABEND
  1238     IF WS-ABEND-FILE-STATUS NOT = ZERO                           ELCABEND
  1239         DISPLAY 'FILE STATUS = ' WS-ABEND-FILE-STATUS            ELCABEND
  1240         DISPLAY 'FILE STATUS = ' WS-ABEND-FILE-STATUS            ELCABEND
  1241                                 UPON CONSOLE.                    ELCABEND
  1242                                                                  ELCABEND
  1243     IF WS-RETURN-CODE NOT = ZERO                                 ELCABEND
  1244         DISPLAY 'RETURN CODE = '  WS-RETURN-CODE                 ELCABEND
  1245         DISPLAY 'RETURN CODE = '  WS-RETURN-CODE                 ELCABEND
  1246                                 UPON CONSOLE.                    ELCABEND
  1247                                                                  ELCABEND
  1248     DISPLAY 'PROGRAM WILL NOW ABEND **************'              ELCABEND
  1249     DISPLAY 'PROGRAM WILL NOW ABEND **************'              ELCABEND
  1250                                 UPON CONSOLE.                    ELCABEND
  1251                                                                  ELCABEND
  1252     DIVIDE WS-ZERO BY WS-ZERO GIVING WS-ZERO.                    ELCABEND
  1253     CALL 'ABORTME'.
  1254                                                                  ELCABEND
  1255 APS-EXIT.                                                        ELCABEND
  1256     EXIT.                                                        ELCABEND
* Micro Focus Server Express         V5.1 revision 000 Compiler
* Copyright (C) Micro Focus IP Development Limited 1984-2012.
*                                                        REF GNR-008065005AF
* Total Messages:     0
* Data:       48360     Code:        4565
