* Micro Focus Server Express         V5.1 revision 000 06-Oct-15 17:18 Page   1
* CIDCRX1T.cbl
* Options: int("CIDCRX1T.int") anim csi verbose NOBOUND PARAMCOUNTCHECK
*          directives(cobopt.bth) endp list("CIDCRX1T.lst")
* Setting: NOACCEPTREFRESH NOADV ALIGN"8" ALPHASTART"1" NOALTER NOAMODE ANIM
*          NOANIMPREP ANS85 APOST NOAREACHECK ARITHMETIC"OSVS" ASSIGN
*          "EXTERNAL" NOASSIGN-PRINTER NOAUTOLOCK NOBELL NOBOUND NOBRIEF
*          NOBS2000 BWZSTAR NOBYTEMODEMOVE CALLFH"ebmlsfile" NOCALLMCS
*          NOCALLRECOVERY CALLSORT"EXTSM" CANCEL CANCELLBR NOCHANGEMESSAGE
*          CHARSET"ASCII" NOCHECKDIV NOCHECKREFMOD NOCICS CICS-CPY
*          NOCICSOPTIMIZE NOCMPR2 NOCOBFSTATCONV NOCOBIDY NOCOBOL370 COBOLDIR
*          NOCOMP COMP-5"2" COMP-6"2" NOCOMS85 CONFIRM NOCONVERTRET CONVSPACE
*          COPYEXT",cbl,cpy" NOCOPYLBR COPYLIST COPYLISTCOMMENT"1" CSI
*          CURRENCY-SIGN"36" CURRENT-DATE"MMDDYY" NODATA DATACOMPRESS"0"
*          NODATA-CONTEXT DATE DBCHECK DBCS"2" NODBCSSOSI DBSPACE DE-EDIT"2"
*          DEFAULTBYTE"32" NODEFAULTCALLS DETECTLOCK NODG DIALECT"MF"
*          NODIRECTIVES-IN-COMMENTS NODOSVS NODPCINSUBSCRIPT DYNAM
*          NOEARLY-RELEASE ECHO NOECHOALL NOEDITOR ENSUITE"0" NOENTCOBOL
*          ERRFORMAT"1" ERRLIST"EMBED" NOERRQ FASTSORT NOFCD3 NOFCDREG
*          NOFDCLEAR NOFILESHARE FILETYPE"0" NOFLAG NOFLAGAS NOFLAGCD
*          NOFLAGEUC NOFLAGMIG NOFLAGQ FLAGSINEDIT NOFLAGSTD NOFOLDCALLNAME
*          NOFOLDCOPYNAME FORM"60" NOFP-ROUNDING NOHOSTARITHMETIC
*          NOHOSTCONTZERO NOHOST-NUMCOMPARE NOHOST-NUMMOVE NOHOSTFD NOHOSTRW
*          NOIBM-MS IBMCOMP IDXFORMAT"0" NOILGEN IMPLICITSCOPE NOINDD
*          INFORETURN"0" NOINITCALL INITPTR INT"CIDCRX1T.int" INTDATE"ANSI"
*          INTLEVEL"2" IOCONV NOISO2002 NOIXNLSKEY NOIXNUMKEY KEEP-INT
*          KEYCHECK KEYCOMPRESS"0" LIBRARIAN"2" NOLINE-COUNT LIST
*          "CIDCRX1T.lst" LISTPATH"" LISTWIDTH"80" LITVAL-SIZE"4" LOCKTYPE"0"
*          NOMAPNAME NOMAXERROR METHODDEFAULT"REFERENCE" MF"15" MFCOMMENT
*          NOMOVELENCHECK NOMS NOMVS NATIVE"ASCII" NONATIVEFLOATINGPOINT
*          NONCHAR NONEWBASENAME NONLS NSYMBOL"DBCS" NOODOOSVS NOODOSLIDE
*          NOOLDBLANKLINE NOOLDCOPY NOOLDINDEX NOOLDNEXTSENTENCE NOOLDREADINTO
*          NOOLDSTRMIX OOCTRL"-C-E-G-P+Q+R-S+W" OPTIONAL-FILE NOOS390 OSEXT""
*          NOOSVS NOOUTDD NOP64 NOPANVALET PERFORM-TYPE"OSVS" NOPREPLIST
*          NOPREPROCESS NOPRINT-EXT NOPROFILE NOPROGID-COMMENT
*          NOPROGID-INT-NAME NOPROTECT-LINKAGE PROTOTYPE"RELAXED" QUAL
*          QUALPROC NOQUERY NOQUOTE NORAWLIST NORDW RECMODE"F" NOREENTRANT
*          NOREF NOREFNO REMAINDER"1" REPORT-LINE"256" RESEQ NORETRYLOCK
*          REWRITE-LS NORM RTNCODE-SIZE"4" NORWHARDPAGE NOSAA SEG NOSEQCHK
*          SEQUENTIAL"RECORD" NOSERIAL SETTING"LINE" NOSHAREOUTDD NOSHOW-DIR
*          SIGN"ASCII" NOSIGNDISCARD NOSIGNFIXUP SORTTYPE"DFSORT" SOURCEFORMAT
*          "FIXED" SOURCETABSTOP"8" NOSPZERO NOSSRANGE STDERR NOSTICKY-LINKAGE
*          NOSTICKY-PERFORM SUPFF SWITCHTYPE"1" SYMBSTART"1" SYSPUNCH"132"
*          TERMPAGE TIME NOTRACE NOTRUNC NOTRUNCCALLNAME NOTRUNCCOPY TRUNCINC
*          "10" UNICODE"NATIVE" VERBOSE VSC2"2" WARNING"1" NOWB NOWB2 NOWB3
*          WEBSERVER"CGI" NOWRITELOCK NOWRITETHRU NOXOPEN NOXREF
*          NOZEROLENGTHFALSE NOZEROSEQ NOZWB
     1 IDENTIFICATION DIVISION.
     2 PROGRAM-ID.    CIDCRX1.
     3 AUTHOR.        PABLO.
     4 DATE-COMPILED. 06-Oct-15 17:18.
     6*REMARKS.
     8 ENVIRONMENT DIVISION.
     9 INPUT-OUTPUT SECTION.
    10 FILE-CONTROL.
    11
    12     SELECT CERTS        ASSIGN TO SYS010.
    13     SELECT EXTRACT      ASSIGN TO SYS011
    14         ORGANIZATION IS LINE SEQUENTIAL.
    15
* Micro Focus Server Express         V5.1 revision 000 06-Oct-15 17:18 Page   2
* CIDCRX1T.cbl
    16
    17
    18 DATA DIVISION.
    19 FILE SECTION.
    20
    21 FD  CERTS
*   22                                 COPY ECSCRIFD.
    23******************************************************************07/10/97
    24*                                                                *ECSCRIFD
    25*                            ECSCRIFD                            *   LV001
    26*                            VMOD 2.005                          *ECSCRIFD
    27*                                                                *ECSCRIFD
    28*  NO CID MODS FOR COPYBOOK ECSCRIFD                             *ECSCRIFD
    29*                                                                *ECSCRIFD
    30******************************************************************ECSCRIFD
    31     BLOCK CONTAINS 0 RECORDS
    32     RECORDING MODE F.                                            ECSCRIFD
    33                                                                  ECSCRIFD
    34 01  CERT-IN-RECORD.                                              ECSCRIFD
    35                                                                  ECSCRIFD
    36     12  FILLER                            PIC XXX.               ECSCRIFD
    37     12  CIR-CONTROL                       PIC X(36).             ECSCRIFD
    38     12  FILLER                            PIC X(66).             ECSCRIFD
    39     12  CIR-JOINT-AGE                     PIC 99.                ECSCRIFD
    40     12  FILLER                            PIC X(20).             ECSCRIFD
    41     12  CIR-LFTYP                         PIC XX.                ECSCRIFD
    42     12  FILLER                            PIC X(14).             ECSCRIFD
    43     12  CIR-LFAMT                         PIC S9(9)V99   COMP-3. ECSCRIFD
    44     12  FILLER                            PIC X(39).             ECSCRIFD
    45     12  CIR-LFRFND-CALC                   PIC S9(7)V99   COMP-3. ECSCRIFD
    46     12  FILLER                            PIC X(45).             ECSCRIFD
    47     12  CIR-AHTYP                         PIC XX.                ECSCRIFD
    48     12  FILLER                            PIC X(35).             ECSCRIFD
    49     12  CIR-AHRFND-CALC                   PIC S9(7)V99   COMP-3. ECSCRIFD
    50     12  FILLER                            PIC X(41).             ECSCRIFD
    51     12  CIR-APR                           PIC S999V9(4)  COMP-3. ECSCRIFD
    52     12  FILLER                            PIC X(48).             ECSCRIFD
    53     12  CIR-REIN-TABLE                    PIC XXX.               ECSCRIFD
    54     12  FILLER                            PIC X(9).              ECSCRIFD
    55     12  CIR-SUM-CAN-CNT-YTD               PIC S999       COMP-3. ECSCRIFD
    56     12  FILLER                            PIC X(120).            ECSCRIFD
    57     12  CIR-DTHAMT-YTD                    PIC S9(9)V99   COMP-3. ECSCRIFD
    58     12  FILLER                            PIC X(73).             ECSCRIFD
    59     12  CIR-DISAMT-YTD                    PIC S9(9)V99   COMP-3. ECSCRIFD
    60     12  FILLER                            PIC X(464).            ECSCRIFD
    61                                                                  ECSCRIFD
    62******************************************************************ECSCRIFD
*   63                                 COPY ECSCRT01.
    64******************************************************************
    65*                                                                *
    66*                            ECSCRT01                            *
    67*           COPYBOOK REVIEWED FOR YEAR 2000 COMPLIANCE
    68*                            VMOD=2.016                          *
    69*                                                                *
    70*   FILE DESCRIPTION = CERTIFICATE RECORD    (OFF-LINE)          *
    71*                                                                *
    72*   FILE TYPE = SEQUENTIAL
    73*   RECORD SIZE = 1056 RECFORM = FIXED                           *
* Micro Focus Server Express         V5.1 revision 000 06-Oct-15 17:18 Page   3
* CIDCRX1T.cbl (/apps/prod/cid1p/copy/ECSCRT01)
    74*                                                                *
    75*   KEY DATA =                         START=4, LEN=36           *
    76*                                                                *
    77*  NO  CID  MODS  IN  COPYBOOK  ECSCRT01                         *
    78*                                                                *
    79******************************************************************
    80******************************************************************
    81*                   C H A N G E   L O G
    82*
    83* CHANGES ARE MARKED BY THE CHANGE EFFECTIVE DATE.
    84*-----------------------------------------------------------------
    85*  CHANGE   CHANGE REQUEST PGMR  DESCRIPTION OF CHANGE
    86* EFFECTIVE    NUMBER
    87*-----------------------------------------------------------------
    88* 122002                   PEMA  ADD MONTHLY PRODUCT PROCESSING
    89* 100703    2003080800002  PEMA  ADD SUPER GAP PROCESSING
    90* 040504    2003080800002  PEMA  ADD DEALER INCENTIVE PROCESSING
    91* 020305    2005020000000  PEMA  ADD CLP STATE TO CERT RECORD
    92* 110105    2005071200004  PEMA  INCREASE SIZE OF LOAN OFFICER
    93* 042408    2007110500003  PEMA  ADD REFUND INTEREST PROCESSING
    94* 071211  CR2009050700003  PEMA  ADD SPP DEALER DIRECT
    95* 032612  CR2011110200001  PEMA  AHL CHANGES
    96* 052814  CR2014012300001  PEMA  DCC CREDIT UNION CHANGES
    97* 090314  CR2014081300001  PEMA  LOAD CERTS INVOLVED IN THAO
    98******************************************************************
    99
   100 01  CERTIFICATE-RECORD.
   101     12  CR-RECORD-ID                      PIC XX.
   102         88  VALID-CR-ID                      VALUE 'CR'.
   103
   104     12  CR-COMPANY-CD                     PIC X.
   105
   106     12  CR-FULL-CONTROL.
   107         16  CR-CONTROL-1.
   108             20  CR-ACCT-CONTROL.
   109                 24  CR-CARRIER            PIC X.
   110                 24  CR-GROUPING.
   111                     28  CR-GROUP-PREFIX   PIC XXX.
   112                     28  CR-GROUP-PRIME    PIC XXX.
   113                 24  CR-STATE              PIC XX.
   114                 24  CR-ACCOUNT.
   115                     28  CR-ACCT-PREFIX    PIC X(4).
   116                     28  CR-ACCT-PRIME     PIC X(6).
   117             20  CR-DT                     PIC 9(11)  COMP-3.
   118         16  CR-CERT-NO.
   119             20  CR-CERT.
   120                 24  CR-CERT-PREFIX        PIC X(3).
   121                 24  CR-CERT-PRIME         PIC X(7).
   122             20  CR-CERT-SFX               PIC X.
   123
   124     12  CR-INSUREDS-PROFILE.
   125         16  CR-NAME.
   126             20  CR-LNAME                  PIC X(15).
   127             20  CR-FNAME.
   128                 24  CR-1ST-INITIAL        PIC X.
   129                 24  FILLER                PIC X(9).
   130             20  CR-INIT                   PIC X.
   131         16  CR-AGE                        PIC 99.
* Micro Focus Server Express         V5.1 revision 000 06-Oct-15 17:18 Page   4
* CIDCRX1T.cbl (/apps/prod/cid1p/copy/ECSCRT01)
   132         16  CR-SEX                        PIC X.
   133             88  CR-SEX-MALE                  VALUE 'M'.
   134             88  CR-SEX-FEMALE                VALUE 'F'.
   135         16  CR-SOC-SEC                    PIC X(11).
   136         16  CR-JOINT-NAME.
   137             20  CR-JT-LNAME               PIC X(15).
   138             20  CR-JT-FNAME.
   139                 24  CR-JT-1ST-INIT        PIC X.
   140                 24  FILLER                PIC X(9).
   141             20  CR-JT-INIT                PIC X.
   142         16  CR-JOINT-AGE                  PIC 99.
   143
   144         16  cr-ahl-ah-claim-no            pic x(9).
   145         16  cr-ahl-ah-cert-seq            pic x(3).
   146         16  cr-hst-proc-lf                pic x.
   147         16  f                             pic x(7).
   148
   149     12  CR-LF-COVERAGE-DATA.
   150         16  CR-LFTYP                      PIC XX.
   151         16  CR-LF-TERM                    PIC S999       COMP-3.
   152         16  CR-LF-CRIT-PERIOD             PIC S999       COMP-3.
   153         16  CR-LF-TERM-IN-DAYS            PIC S9(5)      COMP-3.
   154         16  CR-LF-DEV-CODE                PIC XXX.
   155         16  CR-LF-DEV-PCT                 PIC S9V9(6)    COMP-3.
   156
   157         16  CR-LFAMT                      PIC S9(9)V99   COMP-3.
   158         16  CR-LFPRM                      PIC S9(7)V99   COMP-3.
   159         16  CR-LFPRM-CALC                 PIC S9(7)V99   COMP-3.
   160         16  CR-LFPRM-RATE                 PIC S99V9(5)   COMP-3.
   161
   162         16  CR-LFAMT-ALT                  PIC S9(9)V99   COMP-3.
   163         16  CR-LFPRM-ALT                  PIC S9(7)V99   COMP-3.
   164         16  CR-LFPRM-CALC-ALT             PIC S9(7)V99   COMP-3.
   165         16  CR-LFPRM-RATE-ALT             PIC S99V9(5)   COMP-3.
   166
   167         16  CR-LFRFND                     PIC S9(7)V99   COMP-3.
   168         16  CR-LFRFND-CALC                PIC S9(7)V99   COMP-3.
   169
   170         16  CR-LF-NSP-PRM                 PIC S9(7)V99   COMP-3.
   171         16  CR-LF-NSP-PRM-RATE            PIC S99V9(5)   COMP-3.
   172
   173         16  CR-LF-REFUND-TYPE             PIC X.
   174         16  CR-LF-POLICY-FEE              PIC S9(3)V99   COMP-3.
   175
   176         16  CR-LF-COMM-CHARGEBACK         PIC X.
   177             88  CR-NO-LF-CHARGEBACK          VALUE 'N'.
   178
   179         16  CR-LF-REI-RISK-PRM            PIC S9(7)V99   COMP-3.
   180
   181         16  CR-LF-EXPIRE-DATE             PIC 9(11)      COMP-3.
   182         16  CR-LF-ISS-PREM-TAX            PIC S9V9(4)    COMP-3.
   183         16  CR-LF-CNC-PREM-TAX            PIC S9V9(4)    COMP-3.
   184
   185         16  cr-ahl-lf-claim-no            pic x(9).
   186         16  cr-ahl-lf-cert-seq            pic x(3).
   187         16  FILLER                        PIC XX.
   188
   189     12  CR-AH-COVERAGE-DATA.
* Micro Focus Server Express         V5.1 revision 000 06-Oct-15 17:18 Page   5
* CIDCRX1T.cbl (/apps/prod/cid1p/copy/ECSCRT01)
   190         16  CR-AHTYP                      PIC XX.
   191         16  CR-AH-TERM                    PIC S999       COMP-3.
   192         16  CR-AH-CRIT-PERIOD             PIC S999       COMP-3.
   193         16  CR-AH-DEV-CODE                PIC XXX.
   194         16  CR-AH-DEV-PCT                 PIC S9V9(6)    COMP-3.
   195
   196         16  CR-AHAMT                      PIC S9(7)V99   COMP-3.
   197         16  CR-AHPRM                      PIC S9(7)V99   COMP-3.
   198         16  CR-AHPRM-CALC                 PIC S9(7)V99   COMP-3.
   199         16  CR-AHPRM-RATE                 PIC S99V9(5)   COMP-3.
   200
   201         16  CR-AHRFND                     PIC S9(7)V99   COMP-3.
   202         16  CR-AHRFND-CALC                PIC S9(7)V99   COMP-3.
   203
   204         16  CR-AH-NSP-PRM                 PIC S9(7)V99   COMP-3.
   205         16  CR-AH-NSP-PRM-RATE            PIC S99V9(5)   COMP-3.
   206
   207         16  CR-AH-REFUND-TYPE             PIC X.
   208         16  CR-AH-POLICY-FEE              PIC S9(3)V99   COMP-3.
   209
   210         16  CR-AH-COMM-CHARGEBACK         PIC X.
   211             88  CR-NO-AH-CHARGEBACK          VALUE 'N'.
   212
   213         16  CR-AH-REI-RISK-PRM            PIC S9(7)V99   COMP-3.
   214
   215         16  CR-AH-EXPIRE-DATE             PIC 9(11)      COMP-3.
   216         16  CR-AH-ISS-PREM-TAX            PIC S9V9(4)    COMP-3.
   217         16  CR-AH-CNC-PREM-TAX            PIC S9V9(4)    COMP-3.
   218
   219         16  FILLER                        PIC XX.
   220*        16  FILLER                        PIC X(8).
   221
   222     12  CR-LOAN-DATA.
   223         16  CR-LIVES                      PIC S9(7)      COMP-3.
   224         16  CR-DDF-IU-RATE-UP REDEFINES CR-LIVES
   225                                           PIC S9(5)V99   COMP-3.
   226         16  CR-BILLED                     PIC S9(7)      COMP-3.
   227         16  CR-APR                        PIC S999V9(4)  COMP-3.
   228         16  CR-PMT-FREQ                   PIC 99.
   229         16  CR-LOAN-TERM                  PIC S999       COMP-3.
   230         16  CR-RATING-CLASS               PIC XX.
   231         16  CR-POLICY-FORM-NO             PIC X(12).
   232         16  CR-GRPTYP                     PIC XX.
   233         16  CR-IND-GRP                    PIC X.
   234             88  CR-INDIVIDUAL                VALUE '1'.
   235             88  CR-GROUP                     VALUE '2'.
   236         16  CR-SKIP                       PIC 99.
   237             88  NO-MONTHS-SKIPPED            VALUE 00.
   238             88  SKIP-JULY                    VALUE 01.
   239             88  SKIP-AUGUST                  VALUE 02.
   240             88  SKIP-SEPTEMBER               VALUE 03.
   241             88  SKIP-JULY-AUG                VALUE 04.
   242             88  SKIP-AUG-SEPT                VALUE 05.
   243             88  SKIP-JULY-AUG-SEPT           VALUE 06.
   244             88  SKIP-JUNE-JULY-AUG           VALUE 07.
   245             88  SKIP-JUNE                    VALUE 08.
   246             88  SKIP-JUNE-JULY               VALUE 09.
   247             88  SKIP-AUG-SEPT-OCT            VALUE 10.
* Micro Focus Server Express         V5.1 revision 000 06-Oct-15 17:18 Page   6
* CIDCRX1T.cbl (/apps/prod/cid1p/copy/ECSCRT01)
   248             88  SKIP-BI-WEEKLY-3RD-PMT       VALUE 11.
   249         16  CR-RESIDENT-STATE             PIC XX.
   250         16  CR-RATE-CODE.
   251             20  CR-LF-CLASS-CD            PIC XX.
   252             20  CR-AH-CLASS-CD            PIC XX.
   253         16  CR-MORT.
   254             20  CR-TAB                    PIC X.
   255             20  CR-INT                    PIC 99.
   256             20  CR-GRP                    PIC X.
   257         16  CR-MEMBER-NO                  PIC X(12).
   258         16  CR-OLD-LOF                    PIC XXX.
   259*        16  CR-LOAN-OFFICER               PIC XXX.
   260         16  CR-REIN-TABLE                 PIC XXX.
   261         16  CR-REIN-SPEC                  PIC X.
   262         16  CR-LOAN-1ST-PMT-DT.
   263             20  CR-1ST-PMT-YR             PIC 99.
   264             20  CR-1ST-PMT-MO             PIC 99.
   265             20  CR-1ST-PMT-DA             PIC 99.
   266         16  CR-SUM-CAN-CNT-ITD            PIC S999       COMP-3.
   267         16  CR-SUM-CAN-CNT-YTD            PIC S999       COMP-3.
   268         16  CR-PMT-EXTENSION-DAYS         PIC S999       COMP-3.
   269         16  CR-LAST-ADD-ON-DT             PIC XX.
   270
   271         16  CR-UNDERWRITING-CODE          PIC X.
   272             88  CR-POLICY-UNDERWRITTEN       VALUE 'Y'.
   273
   274         16  CR-STATE-TAX                  PIC S9(7)V99   COMP-3.
   275         16  CR-MUNI-TAX                   PIC S9(7)V99   COMP-3.
   276         16  CR-CANCEL-STATE-TAX           PIC S9(7)V99   COMP-3.
   277         16  CR-CANCEL-MUNI-TAX            PIC S9(7)V99   COMP-3.
   278
   279     12  CR-STATUS-INFORMATION.
   280         16  CR-ENTRY-STATUS               PIC X.
   281             88  CR-NORMAL-ENTRY              VALUE '1'.
   282             88  CR-POLICY-IS-RESTORE         VALUE '3'.
   283             88  CR-CONVERSION-ENTRY          VALUE '4'.
   284             88  CR-POLICY-IS-REISSUE         VALUE '5'.
   285             88  CR-POLICY-IS-CASH            VALUE 'C'.
   286             88  CR-POLICY-IS-MONTHLY         VALUE 'M'.
   287             88  CR-POLICY-IS-REIN-ONLY       VALUE '9'.
   288             88  CR-POLICY-IS-DECLINED        VALUE 'D'.
   289             88  CR-POLICY-IS-VOID            VALUE 'V'.
   290             88  CR-POLICY-IS-PREM-ONLY       VALUE 'P'.
   291             88  CR-POLICY-IS-ACTIVE          VALUE '1' '3' '4'
   292                                                'C' '5' '9' 'P'.
   293         16  CR-ENTRY-DATE                 PIC 9(11)  COMP-3.
   294
   295         16  CR-LF-STATUS-AT-CANCEL        PIC X.
   296         16  CR-LF-CANC-DT                 PIC 9(11)  COMP-3.
   297         16  CR-LF-CANCEL-EXIT-DATE        PIC 9(11)  COMP-3.
   298
   299         16  CR-LF-STATUS-AT-DEATH         PIC X.
   300         16  CR-LF-CLAIM-EXIT-DATE         PIC 9(11)  COMP-3.
   301
   302         16  CR-LF-CURRENT-STATUS          PIC X.
   303             88  CR-LF-NORMAL-ENTRY           VALUE '1'.
   304             88  CR-LF-POLICY-PENDING         VALUE '2'.
   305             88  CR-LF-POLICY-IS-RESTORE      VALUE '3'.
* Micro Focus Server Express         V5.1 revision 000 06-Oct-15 17:18 Page   7
* CIDCRX1T.cbl (/apps/prod/cid1p/copy/ECSCRT01)
   306             88  CR-LF-CONVERSION-ENTRY       VALUE '4'.
   307             88  CR-LF-POLICY-IS-REISSUE      VALUE '5'.
   308             88  CR-LF-POLICY-IS-MONTHLY      VALUE 'M'.
   309             88  CR-LF-LUMP-SUM-DISAB         VALUE '6'.
   310             88  CR-LF-DEATH-CLAIM-APPLIED    VALUE '7'.
   311             88  CR-LF-CANCEL-APPLIED         VALUE '8'.
   312             88  CR-LF-IS-REIN-ONLY           VALUE '9'.
   313             88  CR-LF-IS-DECLINED            VALUE 'D'.
   314             88  CR-LF-IS-VOID                VALUE 'V'.
   315             88  CR-LF-POLICY-IS-ACTIVE       VALUE '1' '2' '3'
   316                                                    '4' '5' '9'.
   317
   318         16  CR-AH-STATUS-AT-CANCEL        PIC X.
   319
   320         16  CR-AH-CANC-DT                 PIC 9(11)  COMP-3.
   321         16  CR-AH-CANCEL-EXIT-DATE        PIC 9(11)  COMP-3.
   322
   323         16  CR-AH-STATUS-AT-SETTLEMENT    PIC X.
   324         16  CR-AH-SETTLEMENT-EXIT-DATE    PIC 9(11)  COMP-3.
   325
   326         16  CR-AH-CURRENT-STATUS          PIC X.
   327             88  CR-AH-NORMAL-ENTRY           VALUE '1'.
   328             88  CR-AH-POLICY-PENDING         VALUE '2'.
   329             88  CR-AH-POLICY-IS-RESTORE      VALUE '3'.
   330             88  CR-AH-CONVERSION-ENTRY       VALUE '4'.
   331             88  CR-AH-POLICY-IS-REISSUE      VALUE '5'.
   332             88  CR-AH-POLICY-IS-MONTHLY      VALUE 'M'.
   333             88  CR-AH-LUMP-SUM-DISAB         VALUE '6'.
   334             88  CR-AH-DEATH-CLAIM-APPLIED    VALUE '7'.
   335             88  CR-AH-CANCEL-APPLIED         VALUE '8'.
   336             88  CR-AH-IS-REIN-ONLY           VALUE '9'.
   337             88  CR-AH-IS-DECLINED            VALUE 'D'.
   338             88  CR-AH-IS-VOID                VALUE 'V'.
   339             88  CR-AH-POLICY-IS-ACTIVE       VALUE '1' '2' '3'
   340                                                    '4' '5' '9'.
   341         16  CR-LOAN-OFFICER               PIC X(5).
   342         16  CR-CANCEL-REASON              PIC X.
   343         16  cr-xycor-lf-cov-code          pic x(4).
   344         16  cr-xycor-ah-cov-code          pic x(4).
   345         16  cr-temp-epiq                  pic x(4).
   346         16  FILLER                        PIC XX.
   347
   348     12  CR-DEATH-CLAIM-DATA.
   349         16  CR-NUM-DTH-CLM                PIC S999       COMP-3.
   350
   351         16  CR-DTH-DT                     PIC 9(11)      COMP-3.
   352         16  CR-DTH-RPT-DT.
   353             20  CR-DTH-RPT-YR             PIC 99.
   354             20  CR-DTH-RPT-MO             PIC 99.
   355             20  CR-DTH-RPT-DA             PIC 99.
   356         16  CR-DTH-PAY-DT                 PIC 9(11)      COMP-3.
   357
   358         16  CR-DTHAMT                     PIC S9(9)V99   COMP-3.
   359         16  CR-DTHAMT-YTD                 PIC S9(9)V99   COMP-3.
   360         16  CR-DTHAMT-LAST                PIC S9(9)V99   COMP-3.
   361         16  CR-DTHEXP                     PIC S9(7)V99   COMP-3.
   362         16  CR-DTHEXP-YTD                 PIC S9(7)V99   COMP-3.
   363
* Micro Focus Server Express         V5.1 revision 000 06-Oct-15 17:18 Page   8
* CIDCRX1T.cbl (/apps/prod/cid1p/copy/ECSCRT01)
   364         16  CR-DTH-AGE                    PIC 99.
   365         16  CR-DTH-PAY-CD                 PIC X.
   366         16  CR-DEATH-CAUSE                PIC X(6).
   367
   368         16  FILLER                        PIC X(16).
   369
   370     12  CR-DISAB-CLAIM-DATA.
   371         16  CR-NUM-DIS-CLM                PIC S999       COMP-3.
   372
   373         16  CR-DIS-DT                     PIC 9(11)      COMP-3.
   374         16  CR-DIS-RPT-DT.
   375             20  CR-DIS-RPT-YR             PIC 99.
   376             20  CR-DIS-RPT-MO             PIC 99.
   377             20  CR-DIS-RPT-DA             PIC 99.
   378         16  CR-DIS-PAY-DT                 PIC 9(11)      COMP-3.
   379         16  CR-DIS-PTO-DT                 PIC 9(11)      COMP-3.
   380
   381         16  CR-DISAMT                     PIC S9(9)V99   COMP-3.
   382         16  CR-DISAMT-YTD                 PIC S9(9)V99   COMP-3.
   383         16  CR-DISAMT-LAST                PIC S9(9)V99   COMP-3.
   384         16  CR-DISEXP                     PIC S9(7)V99   COMP-3.
   385         16  CR-DISEXP-YTD                 PIC S9(7)V99   COMP-3.
   386
   387         16  CR-DAYS-DISAB                 PIC 999        COMP-3.
   388         16  CR-DIS-PAY-CD                 PIC X.
   389         16  FILLER                        PIC XX.
   390
   391         16  CR-DISAB-INCURRED-DETAIL.
   392             20  CR-DISAB-DETAIL-DATA  OCCURS 5 TIMES.
   393**ELCCRTVR MUST BE CHANGED IF THE "OCCURS" IS CHANGED.
   394                 24  CR-DIS-INCUR-DT       PIC 9(11)     COMP-3.
   395                 24  CR-INCUR-DISAMT       PIC S9(9)V99  COMP-3.
   396                 24  CR-INCUR-DISEXP       PIC S9(9)V99  COMP-3.
   397
   398         16  CR-DISAB-CAUSE                PIC X(6).
   399         16  FILLER                        PIC X(14).
   400
   401     12  CR-REMIT-TO                       PIC 99.
   402
   403     12  CR-COMPENSATION-LEVELS.
   404         16  CR-AGT-LEVELS      OCCURS 10 TIMES.
   405             20  CR-COM-AGT.
   406                 24  CR-COM-AGT-PREFIX     PIC X(4).
   407                 24  CR-COM-AGT-PRIME      PIC X(6).
   408             20  CR-AGT-TYPE               PIC X.
   409             20  CR-LCOM-L                 PIC SV9(5)     COMP-3.
   410             20  CR-LCOM-AH                PIC SV9(5)     COMP-3.
   411
   412     12  CR-BANK-NOCHRGB-MONTHS            PIC 99.
   413     12  CR-MOB-NET-TOT-FEES               PIC S9(7)V99   COMP-3.
   414     12  CR-ADDL-CLP                       PIC S9(5)V99   COMP-3.
   415     12  CR-CLP-STATE                      PIC XX.
   416     12  CR-POST-CARD-IND                  PIC X.
   417     12  CR-LF-CLP                         PIC S9(5)V99   COMP-3.
   418     12  CR-AH-CLP                         PIC S9(5)V99   COMP-3.
   419     12  CR-DCC-PRODUCT-CODE               PIC XXX.
   420     12  CR-LF-RFND-CLP                    PIC S9(5)V99   COMP-3.
   421     12  CR-AH-RFND-CLP                    PIC S9(5)V99   COMP-3.
* Micro Focus Server Express         V5.1 revision 000 06-Oct-15 17:18 Page   9
* CIDCRX1T.cbl (/apps/prod/cid1p/copy/ECSCRT01)
   422     12  FILLER                            PIC X(07).
   423
   424     12  CR-CSR-CODE                       PIC XXX.
   425
   426     12  CR-CLAIM-DEDUCT-WITHHELD          PIC S9(5)V99   COMP-3.
   427     12  CR-CANCEL-DEDUCT-WITHHELD         PIC S9(5)V99   COMP-3.
   428
   429     12  CR-MICROFILM-NUMBERS.
   430*        16  CR-ISS-MICROFILM-NO           PIC S9(9)      COMP-3.
   431         16  FILLER                        PIC X(5).
   432     12  CR-NH-INT-ON-REF                  PIC S9(7)V99   COMP-3.
   433
   434     12  CR-USER-CODE                      PIC X.
   435     12  CR-USER-FUTURE                    PIC X(9).
   436
   437     12  CR-BENEFICIARY.
   438         16  CR-BANK-NO                    PIC X(10).
   439         16  FILLER                        PIC X(15).
   440
   441     12  CR-ENTRY-BATCH                    PIC X(6).
   442     12  CR-LF-EXIT-BATCH                  PIC X(6).
   443     12  CR-AH-EXIT-BATCH                  PIC X(6).
   444
   445     12  CR-NOTE-SW                        PIC X.
   446
   447     12  CR-ORIGIN-INDICATOR               PIC X.
   448         88  CR-ENTERED-MANUALLY              VALUE '1'.
   449         88  CR-CREATED-FROM-TAPE-LOAD        VALUE '2'.
   450
   451     12  CR-LF-CNC-ENT-DT                  PIC 9(11)  COMP-3.
   452     12  CR-AH-CNC-ENT-DT                  PIC 9(11)  COMP-3.
   453     12  FILLER                            PIC X(33).
   454
   455******************************************************************
   456
* Micro Focus Server Express         V5.1 revision 000 06-Oct-15 17:18 Page  10
* CIDCRX1T.cbl
   458 FD  EXTRACT
   459     BLOCK CONTAINS 0 RECORDS
   460     RECORDING MODE IS F.
   461
   462 01  EXTRACT-RECORD-out          PIC x(431).
   463
   464 WORKING-STORAGE SECTION.
   465 77  FILLER  PIC X(32) VALUE '********************************'.
   466 77  FILLER  PIC X(32) VALUE '     CIDCRX1 WORKING STORAGE    '.
   467 77  FILLER  PIC X(32) VALUE '********************************'.
   468
   469 77  WS-GMAC-SW                  PIC X  VALUE SPACES.
   470     88  GMAC                       VALUE 'Y'.
   471 77  WS-EOF-SW                   PIC X  VALUE SPACES.
   472     88  END-OF-CERT                VALUE 'Y'.
   473 77  PAGE-CTR                    PIC S9(07) VALUE +0  COMP-3.
   474 77  LINE-CTR                    PIC S9(03) VALUE +99 COMP-3.
   475 77  X                           PIC X      VALUE ' '.
   476 77  CERT-IN-CNT                 PIC 9(11)  VALUE ZEROS.
   477 77  EXTR-OUT-CNT                PIC 9(11)  VALUE ZEROS.
   478 77  G1                          PIC S999   COMP-3 VALUE +0.
   479
   480 01  WS-INIT-EXTRACT             PIC X(431).
   481 01  EXTRACT-RECORD.
   482     05  EXT-CARRIER             PIC X.
   483     05  EXT-TAB                 PIC X.
   484     05  EXT-STATE               PIC XX.
   485     05  EXT-TAB0                PIC X.
   486     05  EXT-ACCOUNT             PIC X(10).
   487     05  EXT-TAB1                PIC X.
   488     05  EXT-EFF-DT              PIC X(10).
   489     05  EXT-TAB1A               PIC X.
   490     05  EXT-CERT-NO             PIC X(11).
   491     05  EXT-TAB1B               PIC X.
   492     05  EXT-ENT-DT              PIC X(10).
   493     05  EXT-TAB2                PIC X.
   494     05  EXT-1ST-PAY-DT          PIC X(10).
   495     05  EXT-TAB2A               PIC X.
   496     05  EXT-ENTRY-STATUS        PIC X.
   497     05  EXT-TAB2B               PIC X.
   498     05  EXT-LF-BEN              PIC XX.
   499     05  EXT-TAB2C               PIC X.
   500     05  EXT-LF-TERM             PIC 999.
   501     05  EXT-TAB2D               PIC X.
   502     05  EXT-LF-AMT              PIC ZZZ,ZZ9.99.
   503     05  EXT-TAB2E               PIC X.
   504     05  EXT-LF-PREM             PIC ZZZ,ZZ9.99.
   505     05  EXT-TAB3                PIC X.
   506     05  EXT-LF-REFUND           PIC ZZZ,ZZ9.99.
   507     05  EXT-TAB4                PIC X.
   508     05  EXT-LF-EXP-DT           PIC X(10).
   509     05  EXT-TAB4A               PIC X.
   510     05  EXT-LF-CAN-DT           PIC X(10).
   511     05  EXT-TAB4B               PIC X.
   512     05  EXT-LF-DTH-DT           PIC X(10).
   513     05  EXT-TAB4C               PIC X.
   514     05  EXT-LF-CUR-STATUS       PIC X.
   515     05  EXT-TAB4D               PIC X.
* Micro Focus Server Express         V5.1 revision 000 06-Oct-15 17:18 Page  11
* CIDCRX1T.cbl
   516     05  EXT-AH-BEN              PIC XX.
   517     05  EXT-TAB4E               PIC X.
   518     05  EXT-AH-TERM             PIC 999.
   519     05  EXT-TAB4F               PIC X.
   520     05  EXT-AH-AMT              PIC ZZZ,ZZ9.99.
   521     05  EXT-TAB4G               PIC X.
   522     05  EXT-AH-PREM             PIC ZZZ,ZZ9.99.
   523     05  EXT-TAB5                PIC X.
   524     05  EXT-AH-REFUND           PIC ZZZ,ZZ9.99.
   525     05  EXT-TAB6                PIC X.
   526     05  EXT-AH-EXP-DT           PIC X(10).
   527     05  EXT-TAB6A               PIC X.
   528     05  EXT-AH-CAN-DT           PIC X(10).
   529     05  EXT-TAB6B               PIC X.
   530     05  EXT-AH-DIS-DT           PIC X(10).
   531     05  EXT-TAB6C               PIC X.
   532     05  EXT-AH-CUR-STATUS       PIC X.
   533     05  EXT-TAB6D               PIC X.
   534     05  EXT-AGT1                PIC X(10).
   535     05  EXT-TAB7                PIC X.
   536     05  EXT-LF-COM1             PIC .99999.
   537     05  EXT-TAB8                PIC X.
   538     05  EXT-AH-COM1             PIC .99999.
   539     05  EXT-TAB9                PIC X.
   540     05  EXT-AGT2                PIC X(10).
   541     05  EXT-TAB10               PIC X.
   542     05  EXT-LF-COM2             PIC .99999.
   543     05  EXT-TAB11               PIC X.
   544     05  EXT-AH-COM2             PIC .99999.
   545     05  EXT-TAB12               PIC X.
   546     05  EXT-AGT3                PIC X(10).
   547     05  EXT-TAB13               PIC X.
   548     05  EXT-LF-COM3             PIC .99999.
   549     05  EXT-TAB14               PIC X.
   550     05  EXT-AH-COM3             PIC .99999.
   551     05  EXT-TAB15               PIC X.
   552     05  EXT-AGT4                PIC X(10).
   553     05  EXT-TAB16               PIC X.
   554     05  EXT-LF-COM4             PIC .99999.
   555     05  EXT-TAB17               PIC X.
   556     05  EXT-AH-COM4             PIC .99999.
   557     05  EXT-TAB18               PIC X.
   558     05  EXT-AGT5                PIC X(10).
   559     05  EXT-TAB19               PIC X.
   560     05  EXT-LF-COM5             PIC .99999.
   561     05  EXT-TAB20               PIC X.
   562     05  EXT-AH-COM5             PIC .99999.
   563     05  EXT-TAB21               PIC X.
   564     05  EXT-BENEFICIARY         PIC X(25).
   565     05  EXT-TAB22               PIC X.
   566     05  EXT-END                 PIC X.
   567
   568
* Micro Focus Server Express         V5.1 revision 000 06-Oct-15 17:18 Page  12
* CIDCRX1T.cbl
   570
   571 01  WS-ABEND-AREA.
   572     05  WS-ABEND-FILE-STATUS    PIC X(02).
   573     05  WS-ABEND-MESSAGE        PIC X(80) VALUE SPACES.
   574     05  WS-RETURN-CODE          PIC S9(04)  COMP VALUE +0.
   575     05  WS-ZERO                 PIC S9(01) VALUE +0 COMP-3.
   576
   577 01  WORK-ABEND-CODE.
   578     12  WAC-1                   PIC X.
   579     12  WAC-2                   PIC X.
   580     12  WAC-3-4.
   581         16  WAC-3               PIC X.
   582         16  WAC-4               PIC X.
   583
   584 01  DATE-AREAS.
   585     05  WS-DATE                 PIC 9(11) VALUE ZEROS.
   586     05  FILLER REDEFINES WS-DATE.
   587         10  FILLER              PIC 999.
   588         10  WS-CCYY             PIC 9999.
   589         10  WS-MM               PIC 99.
   590         10  WS-DD               PIC 99.
   591     05  WS-WORK-DATE            PIC 9(11).
   592     05  FILLER REDEFINES WS-WORK-DATE.
   593         10  FILLER              PIC XXX.
   594         10  WS-WORK-CCYY        PIC X(4).
   595         10  WS-WORK-MM          PIC XX.
   596         10  WS-WORK-DD          PIC XX.
   597
   598 01  ABEND-FIELDS.
   599     12  PGM-SUB                 PIC S999 COMP  VALUE +158.
   600     12  FIRST-TIME-SW           PIC X  VALUE 'Y'.
   601         88  FIRST-TIME                 VALUE 'Y'.
   602
* Micro Focus Server Express         V5.1 revision 000 06-Oct-15 17:18 Page  13
* CIDCRX1T.cbl
*  604                                 COPY ELCDATE.
   605******************************************************************06/11/98
   606*                                                                *ELCDATE
   607*                                                                *ELCDATE
   608*                            ELCDATE.                            *   LV023
   609*           COPYBOOK REVIEWED FOR YEAR 2000 COMPLIANCE               CL*16
   610*                            VMOD=2.003                           ELCDATE
   611*                                                                *ELCDATE
   612*                                                                *ELCDATE
   613*   DESCRIPTION:  DATA PASSED TO DATE CONVERSION ROUTINE.        *ELCDATE
   614*                 LENGTH = 200                                   *   CL*19
   615******************************************************************ELCDATE
   616                                                                  ELCDATE
   617 01  DATE-CONVERSION-DATA.                                        ELCDATE
   618     12  DC-COMM-LENGTH                PIC S9(4) COMP VALUE +200.    CL*19
   619     12  DC-OPTION-CODE                PIC X.                        CL*15
   620         88  BIN-TO-GREG                VALUE ' '.                ELCDATE
   621         88  ELAPSED-BETWEEN-BIN        VALUE '1'.                ELCDATE
   622         88  EDIT-GREG-TO-BIN           VALUE '2'.                ELCDATE
   623         88  YMD-GREG-TO-BIN            VALUE '3'.                ELCDATE
   624         88  MDY-GREG-TO-BIN            VALUE '4'.                ELCDATE
   625         88  JULIAN-TO-BIN              VALUE '5'.                ELCDATE
   626         88  BIN-PLUS-ELAPSED           VALUE '6'.                ELCDATE
   627         88  FIND-CENTURY               VALUE '7'.                   CL*22
   628         88  ELAPSED-BETWEEN-BIN-3      VALUE '8'.                ELCDATE
   629         88  EDIT-GREG-TO-BIN-3         VALUE '9'.                ELCDATE
   630         88  YMD-GREG-TO-BIN-3          VALUE 'A'.                ELCDATE
   631         88  MDY-GREG-TO-BIN-3          VALUE 'B'.                ELCDATE
   632         88  JULIAN-TO-BIN-3            VALUE 'C'.                ELCDATE
   633         88  BIN-PLUS-ELAPSED-3         VALUE 'D'.                ELCDATE
   634         88  JULIAN-EXPANDED-TO-BIN     VALUE 'E'.                   CL*14
   635         88  JULIAN-EXPANDED-TO-BIN-3   VALUE 'F'.                   CL*14
   636         88  BIN-TO-JULIAN-EXPANDED     VALUE 'G'.                   CL*14
   637         88  JULIAN-EXPANDED            VALUE 'E', 'F', 'G'.         CL*14
   638         88  CHECK-LEAP-YEAR            VALUE 'H'.                   CL*14
   639         88  BIN-3-TO-GREG              VALUE 'I'.                   CL*14
   640         88  CYMD-GREG-TO-BIN-3         VALUE 'J'.                   CL*14
   641         88  MDCY-GREG-TO-BIN-3         VALUE 'K'.                   CL*14
   642         88  CYMD-GREG-TO-BIN           VALUE 'L'.                   CL*14
   643         88  MDCY-GREG-TO-BIN           VALUE 'M'.                   CL*14
   644         88  MDY-GREG-TO-JULIAN         VALUE 'N'.                   CL*14
   645         88  MDCY-GREG-TO-JULIAN        VALUE 'O'.                   CL*14
   646         88  YMD-GREG-TO-JULIAN         VALUE 'P'.                   CL*14
   647         88  CYMD-GREG-TO-JULIAN        VALUE 'Q'.                   CL*14
   648         88  THREE-CHARACTER-BIN                                  ELCDATE
   649                  VALUES  '8' '9' 'A' 'B' 'C' 'D' 'I' 'J' 'K'.       CL*14
   650         88  GREGORIAN-TO-BIN                                        CL**2
   651                  VALUES '2' '3' '4' '9' 'A' 'B' 'J' 'K' 'L' 'M'.    CL*14
   652         88  BIN-TO-GREGORIAN                                        CL**2
   653                  VALUES ' ' '1' 'I' '8' 'G'.                        CL*14
   654         88  JULIAN-TO-BINARY                                        CL**2
   655                  VALUES '5' 'C' 'E' 'F'.                            CL*14
   656     12  DC-ERROR-CODE                 PIC X.                        CL*15
   657         88  NO-CONVERSION-ERROR        VALUE ' '.                   CL**3
   658         88  DATE-CONVERSION-ERROR                                ELCDATE
   659                  VALUES '1' '2' '3' '4' '5' '9' 'A' 'B' 'C'.        CL*14
   660         88  DATE-IS-ZERO               VALUE '1'.                ELCDATE
   661         88  DATE-IS-NON-NUMERIC        VALUE '2'.                ELCDATE
* Micro Focus Server Express         V5.1 revision 000 06-Oct-15 17:18 Page  14
* CIDCRX1T.cbl (/apps/prod/cid1p/copy/ELCDATE)
   662         88  DATE-IS-INVALID            VALUE '3'.                ELCDATE
   663         88  DATE1-GREATER-DATE2        VALUE '4'.                ELCDATE
   664         88  ELAPSED-PLUS-NEGATIVE      VALUE '5'.                ELCDATE
   665         88  DATE-INVALID-OPTION        VALUE '9'.                ELCDATE
   666         88  INVALID-CENTURY            VALUE 'A'.                ELCDATE
   667         88  ONLY-CENTURY               VALUE 'B'.                ELCDATE
   668         88  ONLY-LEAP-YEAR             VALUE 'C'.                ELCDATE
   669         88  VALID-CENTURY-LEAP-YEAR    VALUE 'B', 'C'.              CL**3
   670     12  DC-END-OF-MONTH               PIC X.                        CL*15
   671         88  CALCULATE-END-OF-MONTH     VALUE '1'.                ELCDATE
   672     12  DC-CENTURY-ADJUSTMENT         PIC X   VALUE SPACES.         CL*15
   673         88  USE-NORMAL-PROCESS         VALUE ' '.                ELCDATE
   674         88  ADJUST-DOWN-100-YRS        VALUE '1'.                ELCDATE
   675         88  ADJUST-UP-100-YRS          VALUE '2'.                ELCDATE
   676     12  FILLER                        PIC X.                        CL*15
   677     12  DC-CONVERSION-DATES.                                        CL*15
   678         16  DC-BIN-DATE-1             PIC XX.                       CL*15
   679         16  DC-BIN-DATE-2             PIC XX.                       CL*15
   680         16  DC-GREG-DATE-1-EDIT       PIC X(08).                    CL*15
   681         16  DC-GREG-DATE-1-EDIT-R REDEFINES                         CL*15
   682                       DC-GREG-DATE-1-EDIT.                       ELCDATE
   683             20  DC-EDIT1-MONTH        PIC 99.                       CL*15
   684             20  SLASH1-1              PIC X.                        CL*15
   685             20  DC-EDIT1-DAY          PIC 99.                       CL*15
   686             20  SLASH1-2              PIC X.                        CL*15
   687             20  DC-EDIT1-YEAR         PIC 99.                       CL*15
   688         16  DC-GREG-DATE-2-EDIT       PIC X(08).                    CL*15
   689         16  DC-GREG-DATE-2-EDIT-R REDEFINES                         CL*15
   690                     DC-GREG-DATE-2-EDIT.                         ELCDATE
   691             20  DC-EDIT2-MONTH        PIC 99.                       CL*15
   692             20  SLASH2-1              PIC X.                        CL*15
   693             20  DC-EDIT2-DAY          PIC 99.                       CL*15
   694             20  SLASH2-2              PIC X.                        CL*15
   695             20  DC-EDIT2-YEAR         PIC 99.                       CL*15
   696         16  DC-GREG-DATE-1-YMD        PIC 9(06).                    CL*15
   697         16  DC-GREG-DATE-1-YMD-R  REDEFINES                         CL*15
   698                     DC-GREG-DATE-1-YMD.                          ELCDATE
   699             20  DC-YMD-YEAR           PIC 99.                       CL*15
   700             20  DC-YMD-MONTH          PIC 99.                       CL*15
   701             20  DC-YMD-DAY            PIC 99.                       CL*15
   702         16  DC-GREG-DATE-1-MDY        PIC 9(06).                    CL*15
   703         16  DC-GREG-DATE-1-MDY-R REDEFINES                          CL*15
   704                      DC-GREG-DATE-1-MDY.                         ELCDATE
   705             20  DC-MDY-MONTH          PIC 99.                       CL*15
   706             20  DC-MDY-DAY            PIC 99.                       CL*15
   707             20  DC-MDY-YEAR           PIC 99.                       CL*15
   708         16  DC-GREG-DATE-1-ALPHA.                                   CL*15
   709             20  DC-ALPHA-MONTH        PIC X(10).                    CL*15
   710             20  DC-ALPHA-DAY          PIC 99.                       CL*15
   711             20  FILLER                PIC XX.                       CL*15
   712             20  DC-ALPHA-CENTURY.                                   CL*15
   713                 24 DC-ALPHA-CEN-N     PIC 99.                       CL*15
   714             20  DC-ALPHA-YEAR         PIC 99.                       CL*15
   715         16  DC-ELAPSED-MONTHS         PIC S9(4)     COMP.           CL*15
   716         16  DC-ODD-DAYS-OVER          PIC S9(4)     COMP.           CL*15
   717         16  DC-ELAPSED-DAYS           PIC S9(4)     COMP.           CL*15
   718         16  DC-JULIAN-DATE            PIC 9(05).                    CL*15
   719         16  DC-JULIAN-YYDDD REDEFINES DC-JULIAN-DATE                CL*20
* Micro Focus Server Express         V5.1 revision 000 06-Oct-15 17:18 Page  15
* CIDCRX1T.cbl (/apps/prod/cid1p/copy/ELCDATE)
   720                                       PIC 9(05).                    CL*20
   721         16  DC-JULIAN-DT REDEFINES DC-JULIAN-DATE.                  CL*15
   722             20  DC-JULIAN-YEAR        PIC 99.                       CL*15
   723             20  DC-JULIAN-DAYS        PIC 999.                      CL*15
   724         16  DC-DAYS-IN-MONTH          PIC S9(3)       COMP-3.       CL*15
   725         16  DC-DAY-OF-WEEK            PIC S9  VALUE ZERO COMP-3.    CL*15
   726         16  DC-DAY-OF-WEEK2           PIC S9  VALUE ZERO COMP-3.    CL*15
   727     12  DATE-CONVERSION-VARIBLES.                                   CL*15
   728         16  HOLD-CENTURY-1            PIC 9(11) VALUE 0.            CL*15
   729         16  HOLD-CENTURY-1-SPLIT REDEFINES HOLD-CENTURY-1.          CL*15
   730             20  FILLER                PIC 9(3).                     CL*15
   731             20  HOLD-CEN-1-CCYY.                                    CL*15
   732                 24  HOLD-CEN-1-CC     PIC 99.                       CL*17
   733                 24  HOLD-CEN-1-YY     PIC 99.                       CL*17
   734             20  HOLD-CEN-1-MO         PIC 99.                       CL*17
   735             20  HOLD-CEN-1-DA         PIC 99.                       CL*17
   736         16  HOLD-CENTURY-1-R   REDEFINES HOLD-CENTURY-1.            CL*15
   737             20  HOLD-CEN-1-R-MO       PIC 99.                       CL*17
   738             20  HOLD-CEN-1-R-DA       PIC 99.                       CL*17
   739             20  HOLD-CEN-1-R-CCYY.                                  CL*15
   740                 24  HOLD-CEN-1-R-CC   PIC 99.                       CL*17
   741                 24  HOLD-CEN-1-R-YY   PIC 99.                       CL*17
   742             20  FILLER                PIC 9(3).                     CL*15
   743         16  HOLD-CENTURY-1-X.                                       CL*15
   744             20  FILLER                PIC X(3)  VALUE SPACES.       CL*15
   745             20  HOLD-CEN-1-X-CCYY.                                  CL*15
   746                 24  HOLD-CEN-1-X-CC   PIC XX VALUE SPACES.          CL*17
   747                 24  HOLD-CEN-1-X-YY   PIC XX VALUE SPACES.          CL*17
   748             20  HOLD-CEN-1-X-MO       PIC XX VALUE SPACES.          CL*17
   749             20  HOLD-CEN-1-X-DA       PIC XX VALUE SPACES.          CL*17
   750         16  HOLD-CENTURY-1-R-X REDEFINES HOLD-CENTURY-1-X.          CL*15
   751             20  HOLD-CEN-1-R-X-MO     PIC XX.                       CL*17
   752             20  HOLD-CEN-1-R-X-DA     PIC XX.                       CL*17
   753             20  HOLD-CEN-1-R-X-CCYY.                                CL*15
   754                 24  HOLD-CEN-1-R-X-CC PIC XX.                       CL*17
   755                 24  HOLD-CEN-1-R-X-YY PIC XX.                       CL*17
   756             20  FILLER                PIC XXX.                      CL*23
   757         16  DC-BIN-DATE-EXPAND-1      PIC XXX.                      CL*15
   758         16  DC-BIN-DATE-EXPAND-2      PIC XXX.                      CL*15
   759         16  DC-JULIAN-DATE-1          PIC 9(07).                    CL*15
   760         16  DC-JULIAN-DATE-1-R REDEFINES DC-JULIAN-DATE-1.          CL*15
   761             20  DC-JULIAN-1-CCYY.                                   CL*15
   762                 24  DC-JULIAN-1-CC    PIC 99.                       CL*15
   763                 24  DC-JULIAN-1-YR    PIC 99.                       CL*15
   764             20  DC-JULIAN-DA-1        PIC 999.                      CL*15
   765         16  DC-JULIAN-DATE-2          PIC 9(07).                    CL*15
   766         16  DC-JULIAN-DATE-2-R REDEFINES DC-JULIAN-DATE-2.          CL*15
   767             20  DC-JULIAN-2-CCYY.                                   CL*15
   768                 24  DC-JULIAN-2-CC    PIC 99.                       CL*15
   769                 24  DC-JULIAN-2-YR    PIC 99.                       CL*15
   770             20  DC-JULIAN-DA-2        PIC 999.                      CL*15
   771         16  DC-GREG-DATE-A-EDIT.                                    CL*15
   772             20  DC-EDITA-MONTH        PIC 99.                       CL*15
   773             20  SLASHA-1              PIC X VALUE '/'.              CL*15
   774             20  DC-EDITA-DAY          PIC 99.                       CL*15
   775             20  SLASHA-2              PIC X VALUE '/'.              CL*15
   776             20  DC-EDITA-CCYY.                                      CL*15
   777                 24  DC-EDITA-CENT     PIC 99.                       CL*15
* Micro Focus Server Express         V5.1 revision 000 06-Oct-15 17:18 Page  16
* CIDCRX1T.cbl (/apps/prod/cid1p/copy/ELCDATE)
   778                 24  DC-EDITA-YEAR     PIC 99.                       CL*15
   779         16  DC-GREG-DATE-B-EDIT.                                    CL*15
   780             20  DC-EDITB-MONTH        PIC 99.                       CL*15
   781             20  SLASHB-1              PIC X VALUE '/'.              CL*15
   782             20  DC-EDITB-DAY          PIC 99.                       CL*15
   783             20  SLASHB-2              PIC X VALUE '/'.              CL*15
   784             20  DC-EDITB-CCYY.                                      CL*15
   785                 24  DC-EDITB-CENT     PIC 99.                       CL*15
   786                 24  DC-EDITB-YEAR     PIC 99.                       CL*15
   787         16  DC-GREG-DATE-CYMD         PIC 9(08).                    CL*15
   788         16  DC-GREG-DATE-CYMD-R REDEFINES                           CL*15
   789                              DC-GREG-DATE-CYMD.                  ELCDATE
   790             20  DC-CYMD-CEN           PIC 99.                       CL*15
   791             20  DC-CYMD-YEAR          PIC 99.                       CL*15
   792             20  DC-CYMD-MONTH         PIC 99.                       CL*15
   793             20  DC-CYMD-DAY           PIC 99.                       CL*15
   794         16  DC-GREG-DATE-MDCY         PIC 9(08).                    CL*15
   795         16  DC-GREG-DATE-MDCY-R REDEFINES                           CL*15
   796                              DC-GREG-DATE-MDCY.                  ELCDATE
   797             20  DC-MDCY-MONTH         PIC 99.                       CL*15
   798             20  DC-MDCY-DAY           PIC 99.                       CL*15
   799             20  DC-MDCY-CEN           PIC 99.                       CL*15
   800             20  DC-MDCY-YEAR          PIC 99.                       CL*15
   801    12  DC-FORCE-EL310-DATE-SW         PIC X    VALUE SPACE.      ELCDATE
   802        88  DC-FORCE-EL310-DATE                 VALUE 'Y'.        ELCDATE
   803    12  DC-EL310-DATE                  PIC X(21).                    CL*26
   804    12  FILLER                         PIC X(28).                    CL*26
* Micro Focus Server Express         V5.1 revision 000 06-Oct-15 17:18 Page  17
* CIDCRX1T.cbl
   805/
*  806                                 COPY ELCDTECX.
   807******************************************************************06/05/98
   808*                                                                *ELCDTECX
   809*                            ELCDTECX.                           *   LV005
   810*           COPYBOOK REVIEWED FOR YEAR 2000 COMPLIANCE               CL**2
   811*                            VMOD=2.015                          *ELCDTECX
   812*                                                                *ELCDTECX
   813*      WORKING STORAGE COPY CODE FOR APPLICATIONS CALLING        *ELCDTECX
   814*      THE DATE CARD DISK FILE. ( READ ROUTINE = ELCDTERX,       *ELCDTECX
   815*      AND DISK FILE FD = ELCDTEFX)                              *ELCDTECX
   816*                                                                *ELCDTECX
   817******************************************************************ELCDTECX
   818******************************************************************
   819*                   C H A N G E   L O G
   820*
   821* CHANGES ARE MARKED BY THE CHANGE EFFECTIVE DATE.
   822*-----------------------------------------------------------------
   823*  CHANGE   CHANGE REQUEST PGMR  DESCRIPTION OF CHANGE
   824* EFFECTIVE    NUMBER
   825*-----------------------------------------------------------------
   826* 092602    2002091900008  PEMA  INCREASE NUMBER OF MAXIMUM
   827*                                  BENEFIT CODES FROM 300 TO 900
   828* 090803    2003080800002  PEMA  ADD CATEGORY FOR SUPER GAP
   829* 051304    2003080800002  SMVA  ADD REFUND METHOD
   830* 071714    2013100100002  PEMA  FIX CRIT PERIOD EDITS
   831******************************************************************
   832 01  DATE-CARD.                                                   ELCDTECX
   833     12  DATX-COD                    PIC  X(4).                   ELCDTECX
   834     12  RUN-DATE                    PIC  9(11)  COMP-3.          ELCDTECX
   835     12  ALPH-DATE                   PIC  X(18).                  ELCDTECX
   836     12  EP-DT                       PIC  9(11)  COMP-3.          ELCDTECX
   837     12  PEND-ACT-FILE               PIC  XX.                     ELCDTECX
   838     12  EP-SW                       PIC  X.                      ELCDTECX
   839         88  NO-EP-EXTRACTS          VALUE SPACE.                 ELCDTECX
   840     12  TAPE-BATCHES                PIC  X.                      ELCDTECX
   841         88  TP-PREL-BAL             VALUE '1'.                   ELCDTECX
   842     12  BIN-RUN-DATE                PIC  XX.                     ELCDTECX
   843     12  RUN-CENTURY.                                             ELCDTECX
   844         16 RUN-CENTURY-N            PIC  99.                        CL**4
   845     12  FILLER                      PIC  X.                         CL**4
   846     12  CLAS-MORT-OVRD              PIC  X(4).                   ELCDTECX
   847     12  FILLER                      PIC  XXX.                    ELCDTECX
   848     12  COMPANY-NAME                PIC  X(30).                  ELCDTECX
   849                                                                  ELCDTECX
   850 01  FILLER                          PIC  X(7)                       CL**6
   851                                          VALUE 'OPTIONS'.        ELCDTECX
   852 01  DATE-CARD-OPTIONS.                                           ELCDTECX
   853     12  DATE-OPTIONS-ID             PIC  X(4).                   ELCDTECX
   854     12  DTE-MIN-PREM                PIC  99V99.                  ELCDTECX
   855     12  DTE-LANGUAGE-IND            PIC  X.                      ELCDTECX
   856         88  DTE-LANGUAGE-IS-FR           VALUE 'F'.              ELCDTECX
   857         88  DTE-LANGUAGE-IS-ENG          VALUE 'E'.              ELCDTECX
   858     12  DTE-MIN-AGE                 PIC  99.                     ELCDTECX
   859     12  DTE-DEFAULT-AGE             PIC  99.                     ELCDTECX
   860     12  FILLER                      PIC  X.                      ELCDTECX
   861     12  DTE-MAX-TERM                PIC  999.                    ELCDTECX
   862     12  DTE-COMP-VG                 PIC  X.                      ELCDTECX
* Micro Focus Server Express         V5.1 revision 000 06-Oct-15 17:18 Page  18
* CIDCRX1T.cbl (/apps/prod/cid1p/copy/ELCDTECX)
   863     12  DTE-REM-TRM                 PIC  X.                      ELCDTECX
   864     12  DTE-PRM-CK                  PIC S99V99.                  ELCDTECX
   865     12  DTE-PRORATA                 PIC  X.                      ELCDTECX
   866     12  DTE-CLM-REJ                 PIC  X.                      ELCDTECX
   867     12  DTE-REF-REJ                 PIC  X.                      ELCDTECX
   868     12  DTE-COM-TBL-USED            PIC  X.                      ELCDTECX
   869     12  FILLER                      PIC  X.                      ELCDTECX
   870     12  DTE-QTR-CO                  PIC  X.                      ELCDTECX
   871     12  DTE-REF-CK                  PIC S99V99.                  ELCDTECX
   872     12  DTE-CLM-CK                  PIC S99V99.                  ELCDTECX
   873     12  DTE-CONV-DT                 PIC 9(11) COMP-3.               CL**2
   874     12  DTE-DEFAULT-SEX             PIC  X.                      ELCDTECX
   875     12  DTE-EPL-FORMAT              PIC  X.                      ELCDTECX
   876     12  FILLER                      PIC  X.                      ELCDTECX
   877     12  DTE-JT-AGE                  PIC  X.                      ELCDTECX
   878     12  DTE-KEY-BIRTH               PIC  X.                      ELCDTECX
   879     12  DTE-REINSURANCE             PIC  X.                      ELCDTECX
   880     12  DTE-CLAIM-SORT              PIC  X.                      ELCDTECX
   881     12  DTE-WRT-OFF                 PIC  S99V99.                 ELCDTECX
   882     12  DTE-R78                     PIC  X.                      ELCDTECX
   883     12  DTE-DLY-BILL                PIC  X.                      ELCDTECX
   884     12  DTE-ALT-MORT-CODE           PIC  X(4).                   ELCDTECX
   885     12  DTE-CLAIM-PAID-THRU-TO      PIC  X.                      ELCDTECX
   886     12  DTE-COMPENSATION-ACCESS     PIC  X.                      ELCDTECX
   887     12  DTE-MORTG-ACCESS-CNTL       PIC  X.                      ELCDTECX
   888     12  DTE-MP-ALT-MORT-CODE        PIC  X(4).                   ELCDTECX
   889     12  DTE-MORTALITY-AGE-CALC-METHOD                            ELCDTECX
   890                                     PIC  X.                      ELCDTECX
   891         88  DTE-USE-TABLE-ASSIGNED-METHOD VALUE '1'              ELCDTECX
   892                                                 ' '.             ELCDTECX
   893         88  DTE-USE-ALL-AGE-LAST          VALUE '2'.             ELCDTECX
   894         88  DTE-USE-ALL-AGE-NEAR          VALUE '3'.             ELCDTECX
   895     12  DTE-RESERVE-OPTION-SWITCH   PIC  X.                      ELCDTECX
   896         88  DTE-OPT-RESERVE-METHOD-AUTH       VALUE 'Y'.         ELCDTECX
   897         88  DTE-OPT-RESERVE-METHOD-UNAUTH     VALUE 'N' ' '.     ELCDTECX
   898     12  DTE-REM-TRM-CALC-OPTION     PIC  X.                      ELCDTECX
   899     12  DTE-EXPERIENCE-RETENTION-AGE                             ELCDTECX
   900                                     PIC  9.                         CL**4
   901     12  DTE-SYSTEM.                                              ELCDTECX
   902         16  DTE-SYS-A-CREDIT        PIC  X.                      ELCDTECX
   903         16  DTE-SYS-B-PEND-CLAIM    PIC  X.                      ELCDTECX
   904         16  DTE-SYS-C-CONFIRMATIONS PIC  X.                      ELCDTECX
   905         16  DTE-SYS-D-DEMAND-BILL   PIC  X.                      ELCDTECX
   906         16  DTE-SYS-E-CLASIC-CLAIMS PIC  X.                      ELCDTECX
   907         16  DTE-SYS-F-CLASIC-CREDIT PIC  X.                      ELCDTECX
   908         16  DTE-SYS-G-AR-USED       PIC  X.                      ELCDTECX
   909         16  DTE-SYS-H               PIC  X.                      ELCDTECX
   910         16  DTE-SYS-I               PIC  X.                      ELCDTECX
   911         16  DTE-SYS-J               PIC  X.                      ELCDTECX
   912         16  DTE-SYS-K               PIC  X.                      ELCDTECX
   913         16  DTE-SYS-L               PIC  X.                      ELCDTECX
   914         16  DTE-SYS-M               PIC  X.                      ELCDTECX
   915         16  DTE-SYS-N               PIC  X.                      ELCDTECX
   916         16  DTE-SYS-O               PIC  X.                      ELCDTECX
   917         16  DTE-SYS-P               PIC  X.                      ELCDTECX
   918         16  DTE-SYS-Q               PIC  X.                      ELCDTECX
   919         16  DTE-SYS-R               PIC  X.                      ELCDTECX
   920         16  DTE-SYS-S               PIC  X.                      ELCDTECX
* Micro Focus Server Express         V5.1 revision 000 06-Oct-15 17:18 Page  19
* CIDCRX1T.cbl (/apps/prod/cid1p/copy/ELCDTECX)
   921         16  DTE-SYS-T               PIC  X.                      ELCDTECX
   922         16  DTE-SYS-U               PIC  X.                      ELCDTECX
   923         16  DTE-SYS-V               PIC  X.                      ELCDTECX
   924         16  DTE-SYS-W               PIC  X.                      ELCDTECX
   925         16  DTE-SYS-X               PIC  X.                      ELCDTECX
   926         16  DTE-SYS-Y               PIC  X.                      ELCDTECX
   927         16  DTE-SYS-Z               PIC  X.                      ELCDTECX
   928     12  FILLER                      REDEFINES DTE-SYSTEM.        ELCDTECX
   929         16  DTE-SYS-CODE            OCCURS 26 TIMES              ELCDTECX
   930                                     PIC  X.                      ELCDTECX
   931     12  DTE-CLIENT                  PIC  XXX.                    ELCDTECX
   932                                                                  ELCDTECX
   933 01  CLASIC-SYSTEM-CODES.                                         ELCDTECX
   934     12  DTE-COLC-ID                 PIC  X(4).                   ELCDTECX
   935     12  DTE-CLASIC-COMPANY-CD       PIC  X.                      ELCDTECX
   936     12  DTE-CLASIC-COMPANY-NUMBER   PIC  999.                    ELCDTECX
   937*    12  DTE-CLASIC-CLAIM-ACCESS     PIC  X.                      ELCDTECX
   938     12  FILLER                      PIC  X.                      ELCDTECX
   939     12  CLASIC-REIN-MAINT           PIC  XX.                     ELCDTECX
   940     12  CLASIC-COMP-MAINT           PIC  XX.                     ELCDTECX
   941     12  CLASIC-ACCT-MAINT           PIC  XX.                     ELCDTECX
   942     12  CLASIC-CTBL-MAINT           PIC  XX.                     ELCDTECX
   943     12  CLASIC-RATE-MAINT           PIC  XX.                     ELCDTECX
   944     12  CLASIC-CREDIT-EOM-DT        PIC  XX.                     ELCDTECX
   945     12  CLASIC-CLAIMS-EOM-DT        PIC  XX.                     ELCDTECX
   946                                                                  ELCDTECX
   947     12  LIFE-OVERRIDE-L1            PIC  X.                      ELCDTECX
   948     12  LIFE-OVERRIDE-L2            PIC  XX.                     ELCDTECX
   949     12  LIFE-OVERRIDE-L6            PIC  X(6).                   ELCDTECX
   950     12  LIFE-OVERRIDE-L12           PIC  X(12).                  ELCDTECX
   951                                                                  ELCDTECX
   952     12  AH-OVERRIDE-L1              PIC  X.                      ELCDTECX
   953     12  AH-OVERRIDE-L2              PIC  XX.                     ELCDTECX
   954     12  AH-OVERRIDE-L6              PIC  X(6).                   ELCDTECX
   955     12  AH-OVERRIDE-L12             PIC  X(12).                  ELCDTECX
   956                                                                  ELCDTECX
   957     12  CLAS-REPORT-CD1-CAPTION     PIC  X(10).                  ELCDTECX
   958     12  CLAS-REPORT-CD2-CAPTION     PIC  X(10).                  ELCDTECX
   959                                                                  ELCDTECX
   960     12  CLASIC-MORTG-EOM-DT         PIC  XX.                     ELCDTECX
   961     12  CLASIC-AR-EOM-DT            PIC  XX.                     ELCDTECX
   962                                                                  ELCDTECX
   963     12  FILLER                      PIC  X(11)      VALUE SPACE. ELCDTECX
   964                                                                  ELCDTECX
   965 01  DATE-CARD-FACTORS.                                           ELCDTECX
   966     12  DATE-FACTOR-ID              PIC  X(4).                   ELCDTECX
   967     12  FAC-1                       PIC S999V9(5).               ELCDTECX
   968     12  FAC-2                       PIC S999V9(5).               ELCDTECX
   969     12  FAC-3                       PIC S999V9(5).               ELCDTECX
   970     12  FAC-4                       PIC S999V9(5).               ELCDTECX
   971     12  FAC-5                       PIC S999V9(5).               ELCDTECX
   972     12  FAC-6                       PIC S999V9(5).               ELCDTECX
   973                                                                  ELCDTECX
   974 01  FILLER                          PIC  X(12)                   ELCDTECX
   975                                          VALUE 'COMPANY NAME'.   ELCDTECX
   976 01  COMPANY-NAME-TABLE.                                          ELCDTECX
   977     12  C-N-TBL                     OCCURS 6 TIMES.              ELCDTECX
   978         16  CNT-ID                  PIC  X.                      ELCDTECX
* Micro Focus Server Express         V5.1 revision 000 06-Oct-15 17:18 Page  20
* CIDCRX1T.cbl (/apps/prod/cid1p/copy/ELCDTECX)
   979         16  CNT-NAME                PIC  X(30).                  ELCDTECX
   980                                                                  ELCDTECX
   981 01  FILLER                          PIC  X(11)                   ELCDTECX
   982                                          VALUE 'STATE NAMES'.    ELCDTECX
   983 01  STATE-NAMES.                                                 ELCDTECX
   984     12  STATE-NAME-FLD              OCCURS 75 TIMES.             ELCDTECX
   985         16  STATE-SUB               PIC  XX.                     ELCDTECX
   986         16  STATE-PIC1.                                          ELCDTECX
   987             20  STATE-ABBR          PIC  XX.                     ELCDTECX
   988             20  FILLER              PIC  XXX.                    ELCDTECX
   989             20  STATE-PIC           PIC  X(20).                  ELCDTECX
   990             20  STATE-CALL-EARN     PIC  X.                      ELCDTECX
   991             20  STATE-CALL-BREAK    PIC  X.                      ELCDTECX
   992             20  STATE-PRIM-FAC-DEV  PIC  XXX.                    ELCDTECX
   993                                                                  ELCDTECX
   994 01  FILLER                          PIC  X(13)                   ELCDTECX
   995                                          VALUE 'CARRIER NAMES'.  ELCDTECX
   996 01  CARRIER-NAMES.                                               ELCDTECX
   997     12  CARRIER-NAME-FLD            OCCURS 25 TIMES.             ELCDTECX
   998         16  CARRIER-SUB             PIC  X.                      ELCDTECX
   999         16  CARRIER-DOM-ST          PIC  XX.                     ELCDTECX
  1000         16  CARRIER-PIC             PIC  X(30).                  ELCDTECX
  1001         16  CARRIER-UEP-PCT         PIC  S9V9(4) COMP-3.            CL**6
  1002         16  CARRIER-R78-PCT         PIC  S9V9(4) COMP-3.            CL**6
  1003         16  CARRIER-PRO-PCT         PIC  S9V9(4) COMP-3.            CL**6
  1004*        16  FILLER                  PIC  X.                      ELCDTECX
  1005         16  CARRIER-SEC-PAY         PIC  X.
  1006             88  SEC-PAY-CARRIER          VALUE 'Y'.
  1007                                                                  ELCDTECX
  1008 01  FILLER                          PIC  X(9)                       CL**6
  1009                                          VALUE 'INS TYPES'.      ELCDTECX
  1010 01  CLAS-INS-TYPES.                                              ELCDTECX
  1011*    12 CLAS-ALL-TYPES               OCCURS 300 TIMES.            ELCDTECX
  1012     12 CLAS-ALL-TYPES               OCCURS 900 TIMES.            ELCDTECX
  1013         16  CLAS-I-BEN              PIC  XX.                     ELCDTECX
  1014         16  CLAS-I-AB3.                                          ELCDTECX
  1015             20  FILLER              PIC  X.                      ELCDTECX
  1016             20  CLAS-I-AB2.                                      ELCDTECX
  1017                 24  FILLER          PIC  X.                      ELCDTECX
  1018                 24  CLAS-I-AB1      PIC  X.                      ELCDTECX
  1019         16  CLAS-I-AB3-AH REDEFINES CLAS-I-AB3.                  ELCDTECX
  1020             20  CLAS-EXCLUSION      PIC  XX.                        CL**4
  1021             20  FILLER              PIC  X.                         CL**4
  1022         16  CLAS-I-AB10.                                         ELCDTECX
  1023             20  FILLER              PIC  X(9).                   ELCDTECX
  1024             20  CLAS-I-REIN-YN      PIC  X.                      ELCDTECX
  1025         16  CLAS-I-COMMENT          PIC  X(10).                  ELCDTECX
  1026         16  CLAS-I-JOINT            PIC  X.                      ELCDTECX
  1027         16  CLAS-I-RL-AH            PIC  X.                      ELCDTECX
  1028         16  CLAS-I-CALC-TYPE.                                    ELCDTECX
  1029             20  CLAS-I-BAL          PIC  X.                      ELCDTECX
  1030         16  CLAS-I-EP               PIC  X.                      ELCDTECX
  1031         16  CLAS-CO-BEN-I-G-CD      PIC  X.                      ELCDTECX
  1032         16  CLAS-CO-REM-TERM-CALC   PIC  X.                      ELCDTECX
  1033         16  CLAS-I-BEN-CATEGORY     PIC  X.
  1034         16  CLAS-I-REFUND-METHOD    PIC  X.
  1035         16  CLAS-I-MAX-BENEFITS     PIC 99.
  1036         16  FILLER                  PIC  XXX.
* Micro Focus Server Express         V5.1 revision 000 06-Oct-15 17:18 Page  21
* CIDCRX1T.cbl (/apps/prod/cid1p/copy/ELCDTECX)
  1037                                                                  ELCDTECX
  1038 01  FILLER                          PIC  X(16)                   ELCDTECX
  1039                                     VALUE 'MORTALITY TABLES'.    ELCDTECX
  1040 01  CLAS-MORTALITY-CODES.                                        ELCDTECX
  1041     12  CLAS-MORT-FLD               OCCURS 99 TIMES              ELCDTECX
  1042                                     INDEXED BY CLAS-MORT-NDX.    ELCDTECX
  1043         16  CLAS-MORT-CODE          PIC  X(4).                      CL**6
  1044         16  CLAS-MORT-J-CODE        PIC  X.                         CL**5
  1045         16  CLAS-MORT-J-FACT        PIC S9V9(4).                    CL**6
  1046         16  CLAS-MORT-DESC.                                      ELCDTECX
  1047             20  CLAS-RESERVE-ADJ    PIC  999.                       CL**6
  1048             20  FILLER              PIC  XX.                        CL**5
  1049             20  CLAS-YEAR           PIC  X(4).                      CL**6
  1050             20  FILLER              PIC  X.                         CL**5
  1051             20  CLAS-TABLE-TYPE     PIC  XXX.                       CL**6
  1052             20  FILLER              PIC  X.                         CL**5
  1053             20  CLAS-AGE-METHOD     PIC  XX.                        CL**5
  1054             20  FILLER              PIC  X.                         CL**5
  1055             20  CLAS-INTEREST       PIC  99.99.                     CL**5
  1056             20  FILLER              PIC  X(5).                      CL**6
  1057                                                                  ELCDTECX
  1058 01  FILLER                          PIC  X(15)                   ELCDTECX
  1059                                     VALUE 'BUSINESS TABLES'.     ELCDTECX
  1060 01  CLAS-BUSINESS-CLASSES.                                       ELCDTECX
  1061     12  CLAS-BUSC-FLD               OCCURS 50 TIMES.             ELCDTECX
  1062         16  CLAS-BUSC-CODE          PIC  99.                     ELCDTECX
  1063         16  CLAS-BUSC-GROUP         PIC  X.                      ELCDTECX
  1064         16  CLAS-BUSC-DESC          PIC  X(19).                  ELCDTECX
  1065         16  CLAS-BUSC-EXCL          PIC  X.                         CL**5
  1066         16  FILLER                  PIC  X(4).                      CL**6
  1067                                                                  ELCDTECX
  1068 01  FILLER                          PIC  X(7)                       CL**6
  1069                                     VALUE 'INDEXES'.             ELCDTECX
  1070 01  CLAS-INDEX-TBL.                                              ELCDTECX
  1071     12  CLAX-ID                     PIC  X(4).                   ELCDTECX
  1072     12  CLAS-STARTC                 PIC S9(4) COMP.              ELCDTECX
  1073     12  CLAS-MAXC                   PIC S9(4) COMP.              ELCDTECX
  1074     12  CLAS-STARTL                 PIC S9(4) COMP.              ELCDTECX
  1075     12  CLAS-MAXL                   PIC S9(4) COMP.              ELCDTECX
  1076     12  CLAS-STARTA                 PIC S9(4) COMP.              ELCDTECX
  1077     12  CLAS-MAXA                   PIC S9(4) COMP.              ELCDTECX
  1078     12  CLAS-STARTM                 PIC S9(4) COMP.              ELCDTECX
  1079     12  CLAS-MAXM                   PIC S9(4) COMP.              ELCDTECX
  1080     12  CLAS-STARTB                 PIC S9(4) COMP.              ELCDTECX
  1081     12  CLAS-MAXB                   PIC S9(4) COMP.              ELCDTECX
  1082     12  CLAS-STARTS                 PIC S9(4) COMP.              ELCDTECX
  1083     12  CLAS-MAXS                   PIC S9(4) COMP.              ELCDTECX
  1084     12  CLAS-STARTE                 PIC S9(4) COMP.              ELCDTECX
  1085     12  CLAS-MAXE                   PIC S9(4) COMP.              ELCDTECX
  1086     12  CLAS-STARTCN                PIC S9(4) COMP.              ELCDTECX
  1087     12  CLAS-MAXCN                  PIC S9(4) COMP.              ELCDTECX
  1088                                                                  ELCDTECX
  1089 01  CLAS-TYPE-MISC.                                              ELCDTECX
  1090     12  CLAS-INDEXC                 PIC S9(4) COMP.              ELCDTECX
  1091     12  CLAS-INDEXL                 PIC S9(4) COMP.              ELCDTECX
  1092     12  CLAS-INDEXA                 PIC S9(4) COMP.              ELCDTECX
  1093     12  CLAS-INDEXM                 PIC S9(4) COMP.              ELCDTECX
  1094     12  CLAS-INDEXB                 PIC S9(4) COMP.              ELCDTECX
* Micro Focus Server Express         V5.1 revision 000 06-Oct-15 17:18 Page  22
* CIDCRX1T.cbl (/apps/prod/cid1p/copy/ELCDTECX)
  1095     12  CLAS-INDEXS                 PIC S9(4) COMP.              ELCDTECX
  1096     12  CLAS-INDEXE                 PIC S9(4) COMP.              ELCDTECX
  1097     12  CLAS-INDEX                  PIC S9(4) COMP.              ELCDTECX
  1098     12  CLAS-INDEXEN                PIC S9(4) COMP.              ELCDTECX
  1099     12  CLAS-INDEXCN                PIC S9(4) COMP.              ELCDTECX
  1100     12  CLAS-INDEXON                PIC S9(4) COMP.              ELCDTECX
  1101                                                                  ELCDTECX
  1102 01  FILLER                          PIC  X(13)                   ELCDTECX
  1103                                     VALUE 'MISCELLANEOUS'.       ELCDTECX
  1104 01  CLAS-MISC.                                                   ELCDTECX
  1105     12  DTE-FICH                    PIC  X.                      ELCDTECX
  1106         88  FICH-NO                 VALUE SPACE.                 ELCDTECX
  1107         88  FICH-ONLY               VALUE '1'.                   ELCDTECX
  1108         88  FICH-BOTH               VALUE '2'.                   ELCDTECX
  1109     12  FICH-OPEN                   PIC  X.                      ELCDTECX
  1110     12  REPT-OPEN                   PIC  X.                      ELCDTECX
  1111     12  DTE-PGM-OPT                 PIC  9.                         CL**5
  1112     12  DTE-PRT-OPT                 PIC  X.                      ELCDTECX
  1113     12  DTE-FMT-OPT                 PIC  9.                      ELCDTECX
  1114     12  DTE-PRC-OPT                 PIC  9.                      ELCDTECX
  1115     12  DTE-TOT-OPT                 PIC  9.                      ELCDTECX
  1116     12  CLAS-LOOK                   PIC  XX.                     ELCDTECX
  1117     12  DTE-TOT-LINES               PIC S9(8)      COMP.         ELCDTECX
  1118     12  STATE-L                     PIC  XX.                     ELCDTECX
  1119     12  CLAS-CN                     PIC  99.                     ELCDTECX
  1120     12  CLAS-CO                     PIC  99.                     ELCDTECX
  1121     12  DTE-VSAM-FLAGS                              VALUE ZERO.  ELCDTECX
  1122         16  DTE-F-1                 PIC  X.                      ELCDTECX
  1123         16  DTE-F-2                 PIC  X.                      ELCDTECX
  1124     12  DTE-ABEND-WORK.                                          ELCDTECX
  1125         16  DTE-ABEND-CD-1          PIC  XX         VALUE SPACES.ELCDTECX
  1126         16  DTE-ABEND-CD-2          PIC  XX         VALUE SPACES.ELCDTECX
  1127                                                                  ELCDTECX
  1128 01  FILLER                          PIC  X(12)                   ELCDTECX
  1129                                     VALUE 'WORKING DATE'.        ELCDTECX
  1130 01  WS-DATE-AND-TIME.                                            ELCDTECX
  1131     12  WS-ACCEPT-DATE.                                          ELCDTECX
  1132         16  WS-AD-YY                PIC  99.                     ELCDTECX
  1133         16  WS-AD-MM                PIC  99.                     ELCDTECX
  1134         16  WS-AD-DD                PIC  99.                     ELCDTECX
  1135     12  WS-CURRENT-DATE.                                         ELCDTECX
  1136         16  WS-CD-MM                PIC  99.                     ELCDTECX
  1137         16  FILLER                  PIC  X          VALUE '/'.   ELCDTECX
  1138         16  WS-CD-DD                PIC  99.                     ELCDTECX
  1139         16  FILLER                  PIC  X          VALUE '/'.   ELCDTECX
  1140         16  WS-CD-YY                PIC  99.                     ELCDTECX
  1141     12  WS-TIME-OF-DAY.                                          ELCDTECX
  1142         16  WS-TIME                 PIC  9(6).                   ELCDTECX
  1143         16  WS-HUN-SEC              PIC  99.                     ELCDTECX
  1144                                                                  ELCDTECX
  1145 01  FILLER                          PIC  X(12)                   ELCDTECX
  1146                                     VALUE 'CARRIER CLMS'.        ELCDTECX
  1147 01  CARRIER-OPT-CLAIM-DATA.                                      ELCDTECX
  1148     12  CARRIER-FLDS                OCCURS 25 TIMES.             ELCDTECX
  1149         16  CARRIER-IBNR-SWITCH     PIC  X.                         CL**5
  1150         16  CARRIER-IBNR-PERCENT    PIC S9V9(4) COMP-3.             CL**6
  1151         16  CARRIER-CIDA-DISCOUNT   PIC S9V9(4) COMP-3.             CL**6
  1152                                                                  ELCDTECX
* Micro Focus Server Express         V5.1 revision 000 06-Oct-15 17:18 Page  23
* CIDCRX1T.cbl (/apps/prod/cid1p/copy/ELCDTECX)
  1153 01  FILLER                          PIC  X(10)                   ELCDTECX
  1154                                     VALUE 'STATE TLRS'.          ELCDTECX
  1155 01  STATE-TARGET-LOSS-RATIOS.                                    ELCDTECX
  1156     12  STATE-TLR-FLD               OCCURS 75 TIMES.             ELCDTECX
  1157         16  STATE-TARGET-LOSS-RATIO PIC S9V9(4) COMP-3.             CL**6
  1158         16  STATE-CALC-INTEREST     PIC S9V9(4) COMP-3.             CL**6
  1159                                                                  ELCDTECX
  1160 01  FILLER                          PIC  X(13)                   ELCDTECX
  1161                                     VALUE 'BUSINESS TLRS'.       ELCDTECX
  1162 01  BUSINESS-TRGT-LOSS-RATIO-MODS.                               ELCDTECX
  1163     12  BUS-TLRM-FLD                OCCURS 99 TIMES.             ELCDTECX
  1164         16  BUS-TRGT-LOSS-RATIO-MOD PIC S9V9(4) COMP-3.             CL**6
  1165                                                                  ELCDTECX
  1166 01  FILLER                          PIC  X(13)                   ELCDTECX
  1167                                     VALUE 'MISC CLM DATA'.       ELCDTECX
  1168 01  MISC-OPT-CLM-RSV-DATA.                                       ELCDTECX
  1169     12  COMPANY-CALC-INTEREST       PIC S9V9(4) COMP-3.             CL**6
  1170     12  COMPANY-CIDA-DISCOUNT       PIC S9V9(4) COMP-3.             CL**6
  1171     12  COMPANY-CRDB-TABLE-SELECTION                             ELCDTECX
  1172                                     PIC  X.                         CL**5
  1173     12  COMPANY-IBNR-AH-FACTOR      PIC S9V9(4) COMP-3.             CL**6
  1174     12  COMPANY-IBNR-LAG-MONTH      PIC S999    COMP-3.             CL**6
  1175     12  COMPANY-IBNR-LIFE-FACTOR    PIC S9V9(4) COMP-3.             CL**6
  1176     12  COMPANY-OPTION-START-DATE   PIC  XX.                        CL**5
  1177     12  INDEXBS                     PIC S9(4)   COMP.               CL**6
  1178     12  INDEXCA                     PIC S9(4)   COMP.               CL**6
  1179     12  INDEXST                     PIC S9(4)   COMP.               CL**6
  1180     12  FILLER                      PIC  X(75).                  ELCDTECX
  1181******************************************************************ELCDTECX
  1182*01  MISC-CARR-PCT-DATA.                                          00001521
  1183*    12  DD-CARR1-UEP-PCT            PIC S9V9(4) COMP-3.          00001522
  1184*    12  DD-CARR1-R78-PCT            PIC S9V9(4) COMP-3.          00001522
  1185*    12  DD-CARR1-PRO-PCT            PIC S9V9(4) COMP-3.          00001522
  1186*    12  DD-CARR2-UEP-PCT            PIC S9V9(4) COMP-3.          00001522
  1187*    12  DD-CARR2-R78-PCT            PIC S9V9(4) COMP-3.          00001522
  1188*    12  DD-CARR2-PRO-PCT            PIC S9V9(4) COMP-3.          00001522
  1189******************************************************************ELCDTECX
* Micro Focus Server Express         V5.1 revision 000 06-Oct-15 17:18 Page  24
* CIDCRX1T.cbl
  1190/
  1191 PROCEDURE DIVISION.
  1192
  1193 0002-INPUT.
  1194
  1195     PERFORM 0010-INITIALIZE     THRU 0010-EXIT
  1196
  1197     PERFORM 0020-OPEN-FILES     THRU 0020-EXIT
  1198
  1199     PERFORM 0060-READ-CERT      THRU 0060-EXIT
  1200
  1201     PERFORM 0080-PROCESS-CERT   THRU 0080-EXIT UNTIL
  1202           (END-OF-CERT)
  1203*          OR (CERT-IN-CNT > 10000)
  1204
  1205     PERFORM 0030-CLOSE-FILES    THRU 0030-EXIT
  1206
  1207     GOBACK
  1208     .
  1209 0002-EXIT.
  1210     EXIT.
  1211
  1212 0010-INITIALIZE.
  1213
  1214     MOVE SPACES                 TO EXTRACT-RECORD
  1215     MOVE X'09'                  TO EXT-TAB1
  1216                                    EXT-TAB
  1217                                    EXT-TAB0
  1218                                    EXT-TAB1A
  1219                                    EXT-TAB1B
  1220                                    EXT-TAB2
  1221                                    EXT-TAB2A
  1222                                    EXT-TAB2B
  1223                                    EXT-TAB2C
  1224                                    EXT-TAB2D
  1225                                    EXT-TAB2E
  1226                                    EXT-TAB3
  1227                                    EXT-TAB4
  1228                                    EXT-TAB4A
  1229                                    EXT-TAB4B
  1230                                    EXT-TAB4C
  1231                                    EXT-TAB4D
  1232                                    EXT-TAB4E
  1233                                    EXT-TAB4F
  1234                                    EXT-TAB4G
  1235                                    EXT-TAB5
  1236                                    EXT-TAB6
  1237                                    EXT-TAB6A
  1238                                    EXT-TAB6B
  1239                                    EXT-TAB6C
  1240                                    EXT-TAB6D
  1241                                    EXT-TAB7
  1242                                    EXT-TAB8
  1243                                    EXT-TAB9
  1244                                    EXT-TAB10
  1245                                    EXT-TAB11
  1246                                    EXT-TAB12
  1247                                    EXT-TAB13
* Micro Focus Server Express         V5.1 revision 000 06-Oct-15 17:18 Page  25
* CIDCRX1T.cbl
  1248                                    EXT-TAB14
  1249                                    EXT-TAB15
  1250                                    EXT-TAB16
  1251                                    EXT-TAB17
  1252                                    EXT-TAB18
  1253                                    EXT-TAB19
  1254                                    EXT-TAB20
  1255                                    EXT-TAB21
  1256                                    EXT-TAB22
  1257     MOVE '*'                    TO EXT-END
  1258     MOVE EXTRACT-RECORD         TO WS-INIT-EXTRACT
  1259     .
  1260
  1261 0010-EXIT.
  1262     EXIT.
  1263
  1264 0020-OPEN-FILES.
  1265
  1266     OPEN INPUT CERTS
  1267         OUTPUT EXTRACT
  1268
  1269     .
  1270
  1271 0020-EXIT.
  1272     EXIT.
  1273
  1274 0030-CLOSE-FILES.
  1275
  1276     DISPLAY ' CERT IN RECORDS  ' CERT-IN-CNT
  1277     DISPLAY ' EXTR OUT RECORDS ' EXTR-OUT-CNT
  1278     CLOSE CERTS
  1279         EXTRACT
  1280
  1281     .
  1282
  1283 0030-EXIT.
  1284     EXIT.
  1285
  1286 0060-READ-CERT.
  1287
  1288     READ CERTS AT END
  1289         SET END-OF-CERT TO TRUE
  1290     END-READ
  1291
  1292     IF NOT END-OF-CERT
  1293        ADD 1 TO CERT-IN-CNT
  1294     END-IF
  1295
  1296     .
  1297
  1298 0060-EXIT.
  1299     EXIT.
  1300
  1301
  1302 0080-PROCESS-CERT.
  1303
  1304*    MOVE SPACES                 TO WS-GMAC-SW
  1305*
* Micro Focus Server Express         V5.1 revision 000 06-Oct-15 17:18 Page  26
* CIDCRX1T.cbl
  1306*    PERFORM VARYING G1 FROM +1 BY +1 UNTIL
  1307*        G1 > +22
  1308*       IF CR-BENEFICIARY (G1:4) = 'GMAC' OR 'GAMC'
  1309*          SET GMAC TO TRUE
  1310*       END-IF
  1311*       IF G1 < +11
  1312*          IF CR-BENEFICIARY (G1:14) = 'GENERAL MOTORS'
  1313*             SET GMAC TO TRUE
  1314*          END-IF
  1315*       END-IF
  1316*    END-PERFORM
  1317*
  1318*    IF GMAC
  1319*       PERFORM 0090-BUILD-EXTRACT  THRU 0090-EXIT
  1320*    END-IF
  1321
  1322*    IF (CR-STATE = 'WY')
  1323*       AND (CR-ACCOUNT = '0001146900')
  1324*       AND (CR-REIN-TABLE = '0V4')
  1325*       PERFORM 0090-BUILD-EXTRACT  THRU 0090-EXIT
  1326*    END-IF
  1327
  1328     IF CR-ACCOUNT = '0821000001' AND CR-CERT-NO = '0009296550 '
  1329        PERFORM 0090-BUILD-EXTRACT  THRU 0090-EXIT
  1330     END-IF
  1331     PERFORM 0060-READ-CERT      THRU 0060-EXIT
  1332
  1333     .
  1334 0080-EXIT.
  1335     EXIT.
  1336
  1337 0090-BUILD-EXTRACT.
  1338
  1339     MOVE WS-INIT-EXTRACT        TO EXTRACT-RECORD
  1340     MOVE CR-CARRIER             TO EXT-CARRIER
  1341     MOVE CR-STATE               TO EXT-STATE
  1342     MOVE CR-ACCOUNT             TO EXT-ACCOUNT
  1343     MOVE CR-CERT-NO             TO EXT-CERT-NO
  1344     MOVE CR-BENEFICIARY         TO EXT-BENEFICIARY
  1345
  1346     MOVE CR-DT                  TO WS-DATE
  1347     MOVE ' '                    TO DC-OPTION-CODE
  1348     STRING WS-MM '/' WS-DD '/' WS-CCYY DELIMITED BY SIZE
  1349         INTO EXT-EFF-DT
  1350     END-STRING
  1351     STRING CR-1ST-PMT-MO '/' CR-1ST-PMT-DA '/'
  1352        CR-1ST-PMT-YR DELIMITED BY SIZE
  1353         INTO EXT-1ST-PAY-DT
  1354     END-STRING
  1355
  1356     MOVE CR-ENTRY-DATE          TO WS-DATE
  1357     MOVE ' '                    TO DC-OPTION-CODE
  1358     STRING WS-MM '/' WS-DD '/' WS-CCYY DELIMITED BY SIZE
  1359         INTO EXT-ENT-DT
  1360     END-STRING
  1361     MOVE CR-ENTRY-STATUS        TO EXT-ENTRY-STATUS
  1362     MOVE CR-LFTYP               TO EXT-LF-BEN
  1363     MOVE CR-LFAMT               TO EXT-LF-AMT
* Micro Focus Server Express         V5.1 revision 000 06-Oct-15 17:18 Page  27
* CIDCRX1T.cbl
  1364     MOVE CR-LF-TERM             TO EXT-LF-TERM
  1365     MOVE CR-LFPRM               TO EXT-LF-PREM
  1366*    MOVE CR-LFRFND              TO EXT-LF-REFUND
  1367     MOVE CR-LFPRM-CALC          TO EXT-LF-REFUND
  1368     MOVE CR-LF-EXPIRE-DATE      TO WS-DATE
  1369     MOVE ' '                    TO DC-OPTION-CODE
  1370     STRING WS-MM '/' WS-DD '/' WS-CCYY DELIMITED BY SIZE
  1371         INTO EXT-LF-EXP-DT
  1372     END-STRING
  1373     MOVE CR-LF-CANC-DT          TO WS-DATE
  1374     MOVE ' '                    TO DC-OPTION-CODE
  1375     STRING WS-MM '/' WS-DD '/' WS-CCYY DELIMITED BY SIZE
  1376         INTO EXT-LF-CAN-DT
  1377     END-STRING
  1378     MOVE CR-DTH-DT              TO WS-DATE
  1379     MOVE ' '                    TO DC-OPTION-CODE
  1380     STRING WS-MM '/' WS-DD '/' WS-CCYY DELIMITED BY SIZE
  1381         INTO EXT-LF-DTH-DT
  1382     END-STRING
  1383     MOVE CR-LF-CURRENT-STATUS   TO EXT-LF-CUR-STATUS
  1384     MOVE CR-AHTYP               TO EXT-AH-BEN
  1385     MOVE CR-AHAMT               TO EXT-AH-AMT
  1386     MOVE CR-AH-TERM             TO EXT-AH-TERM
  1387     MOVE CR-AHPRM               TO EXT-AH-PREM
  1388     MOVE CR-AHPRM-CALC          TO EXT-AH-REFUND
  1389*    MOVE CR-AHRFND              TO EXT-AH-REFUND
  1390     MOVE CR-AH-EXPIRE-DATE      TO WS-DATE
  1391     MOVE ' '                    TO DC-OPTION-CODE
  1392     STRING WS-MM '/' WS-DD '/' WS-CCYY DELIMITED BY SIZE
  1393         INTO EXT-AH-EXP-DT
  1394     END-STRING
  1395     MOVE CR-AH-CANC-DT          TO WS-DATE
  1396     MOVE ' '                    TO DC-OPTION-CODE
  1397     STRING WS-MM '/' WS-DD '/' WS-CCYY DELIMITED BY SIZE
  1398         INTO EXT-AH-CAN-DT
  1399     END-STRING
  1400     MOVE CR-DIS-DT              TO WS-DATE
  1401     MOVE ' '                    TO DC-OPTION-CODE
  1402     STRING WS-MM '/' WS-DD '/' WS-CCYY DELIMITED BY SIZE
  1403         INTO EXT-AH-DIS-DT
  1404     END-STRING
  1405     MOVE CR-AH-CURRENT-STATUS   TO EXT-AH-CUR-STATUS
  1406     MOVE CR-COM-AGT (1)         TO EXT-AGT1
  1407     MOVE CR-LCOM-L (1)          TO EXT-LF-COM1
  1408     MOVE CR-LCOM-AH (1)         TO EXT-AH-COM1
  1409     MOVE CR-COM-AGT (2)         TO EXT-AGT2
  1410     MOVE CR-LCOM-L (2)          TO EXT-LF-COM2
  1411     MOVE CR-LCOM-AH (2)         TO EXT-AH-COM2
  1412     MOVE CR-COM-AGT (3)         TO EXT-AGT3
  1413     MOVE CR-LCOM-L (3)          TO EXT-LF-COM3
  1414     MOVE CR-LCOM-AH (3)         TO EXT-AH-COM3
  1415     MOVE CR-COM-AGT (4)         TO EXT-AGT4
  1416     MOVE CR-LCOM-L (4)          TO EXT-LF-COM4
  1417     MOVE CR-LCOM-AH (4)         TO EXT-AH-COM4
  1418     MOVE CR-COM-AGT (5)         TO EXT-AGT5
  1419     MOVE CR-LCOM-L (5)          TO EXT-LF-COM5
  1420     MOVE CR-LCOM-AH (5)         TO EXT-AH-COM5
  1421
* Micro Focus Server Express         V5.1 revision 000 06-Oct-15 17:18 Page  28
* CIDCRX1T.cbl
  1422*    MOVE CR-DT                  TO WS-WORK-DATE
  1423*    STRING WS-WORK-MM '/' WS-WORK-DD '/' WS-WORK-CCYY
  1424*       DELIMITED BY SIZE INTO EXT-EFF-DT
  1425*    END-STRING
  1426     MOVE '*'                    TO EXT-END
  1427     PERFORM 0100-WRITE-EXTRACT  THRU 0100-EXIT
  1428
  1429     .
  1430 0090-EXIT.
  1431     EXIT.
  1432
  1433 0100-WRITE-EXTRACT.
  1434
  1435     WRITE EXTRACT-RECORD-OUT    FROM EXTRACT-RECORD
  1436     ADD 1 TO EXTR-OUT-CNT
  1437
  1438     .
  1439 0100-EXIT.
  1440     EXIT.
  1441
  1442
  1443 8510-DATE-CONVERSION.
  1444
  1445     CALL 'ELDATCX' USING DATE-CONVERSION-DATA
  1446
  1447     .
  1448
  1449 8590-EXIT.
  1450     EXIT.
  1451
  1452
  1453
  1454
  1455 ABEND-PGM.
* 1456                                 COPY ELCABEND.
  1457***************************************************************** 04/14/98
  1458*                                                               * ELCABEND
  1459*                            ELCABEND.                          *    LV003
  1460*           COPYBOOK REVIEWED FOR YEAR 2000 COMPLIANCE               CL**3
  1461*                            VMOD 2.002                              CL**2
  1462*                                                               * ELCABEND
  1463*                THIS SECTION DISPLAYS THE NECESSARY MESSAGES   * ELCABEND
  1464*            AND THEN ABENDS.                                   * ELCABEND
  1465*                                                               * ELCABEND
  1466*  NO  CID  MODS  IN  COPYBOOK  ELCABEND                        * ELCABEND
  1467*                                                               * ELCABEND
  1468***************************************************************** ELCABEND
  1469*APS-010.                                                         ELCABEND
  1470     DISPLAY WS-ABEND-MESSAGE.                                    ELCABEND
  1471     DISPLAY WS-ABEND-MESSAGE UPON CONSOLE.                       ELCABEND
  1472                                                                  ELCABEND
  1473     IF WS-ABEND-FILE-STATUS NOT = ZERO                           ELCABEND
  1474         DISPLAY 'FILE STATUS = ' WS-ABEND-FILE-STATUS            ELCABEND
  1475         DISPLAY 'FILE STATUS = ' WS-ABEND-FILE-STATUS            ELCABEND
  1476                                 UPON CONSOLE.                    ELCABEND
  1477                                                                  ELCABEND
  1478     IF WS-RETURN-CODE NOT = ZERO                                 ELCABEND
  1479         DISPLAY 'RETURN CODE = '  WS-RETURN-CODE                 ELCABEND
* Micro Focus Server Express         V5.1 revision 000 06-Oct-15 17:18 Page  29
* CIDCRX1T.cbl (/apps/prod/cid1p/copy/ELCABEND)
  1480         DISPLAY 'RETURN CODE = '  WS-RETURN-CODE                 ELCABEND
  1481                                 UPON CONSOLE.                    ELCABEND
  1482                                                                  ELCABEND
  1483     DISPLAY 'PROGRAM WILL NOW ABEND **************'              ELCABEND
  1484     DISPLAY 'PROGRAM WILL NOW ABEND **************'              ELCABEND
  1485                                 UPON CONSOLE.                    ELCABEND
  1486                                                                  ELCABEND
  1487     DIVIDE WS-ZERO BY WS-ZERO GIVING WS-ZERO.                    ELCABEND
  1488     CALL 'ABORTME'.
  1489                                                                  ELCABEND
  1490 APS-EXIT.                                                        ELCABEND
  1491     EXIT.                                                        ELCABEND
  1492
* Micro Focus Server Express         V5.1 revision 000 Compiler
* Copyright (C) Micro Focus IP Development Limited 1984-2012.
*                                                        REF GNR-008065005AF
* Total Messages:     0
* Data:       48792     Code:        1844
