* Micro Focus Server Express         V5.1 revision 000 06-Oct-15 17:18 Page   1
* CIDCTX1.cbl
* Options: int("CIDCTX1.int") anim csi verbose NOBOUND PARAMCOUNTCHECK
*          directives(cobopt.bth) endp list("CIDCTX1.lst")
* Setting: NOACCEPTREFRESH NOADV ALIGN"8" ALPHASTART"1" NOALTER NOAMODE ANIM
*          NOANIMPREP ANS85 APOST NOAREACHECK ARITHMETIC"OSVS" ASSIGN
*          "EXTERNAL" NOASSIGN-PRINTER NOAUTOLOCK NOBELL NOBOUND NOBRIEF
*          NOBS2000 BWZSTAR NOBYTEMODEMOVE CALLFH"ebmlsfile" NOCALLMCS
*          NOCALLRECOVERY CALLSORT"EXTSM" CANCEL CANCELLBR NOCHANGEMESSAGE
*          CHARSET"ASCII" NOCHECKDIV NOCHECKREFMOD NOCICS CICS-CPY
*          NOCICSOPTIMIZE NOCMPR2 NOCOBFSTATCONV NOCOBIDY NOCOBOL370 COBOLDIR
*          NOCOMP COMP-5"2" COMP-6"2" NOCOMS85 CONFIRM NOCONVERTRET CONVSPACE
*          COPYEXT",cbl,cpy" NOCOPYLBR COPYLIST COPYLISTCOMMENT"1" CSI
*          CURRENCY-SIGN"36" CURRENT-DATE"MMDDYY" NODATA DATACOMPRESS"0"
*          NODATA-CONTEXT DATE DBCHECK DBCS"2" NODBCSSOSI DBSPACE DE-EDIT"2"
*          DEFAULTBYTE"32" NODEFAULTCALLS DETECTLOCK NODG DIALECT"MF"
*          NODIRECTIVES-IN-COMMENTS NODOSVS NODPCINSUBSCRIPT DYNAM
*          NOEARLY-RELEASE ECHO NOECHOALL NOEDITOR ENSUITE"0" NOENTCOBOL
*          ERRFORMAT"1" ERRLIST"EMBED" NOERRQ FASTSORT NOFCD3 NOFCDREG
*          NOFDCLEAR NOFILESHARE FILETYPE"0" NOFLAG NOFLAGAS NOFLAGCD
*          NOFLAGEUC NOFLAGMIG NOFLAGQ FLAGSINEDIT NOFLAGSTD NOFOLDCALLNAME
*          NOFOLDCOPYNAME FORM"60" NOFP-ROUNDING NOHOSTARITHMETIC
*          NOHOSTCONTZERO NOHOST-NUMCOMPARE NOHOST-NUMMOVE NOHOSTFD NOHOSTRW
*          NOIBM-MS IBMCOMP IDXFORMAT"0" NOILGEN IMPLICITSCOPE NOINDD
*          INFORETURN"0" NOINITCALL INITPTR INT"CIDCTX1.int" INTDATE"ANSI"
*          INTLEVEL"2" IOCONV NOISO2002 NOIXNLSKEY NOIXNUMKEY KEEP-INT
*          KEYCHECK KEYCOMPRESS"0" LIBRARIAN"2" NOLINE-COUNT LIST"CIDCTX1.lst"
*          LISTPATH"" LISTWIDTH"80" LITVAL-SIZE"4" LOCKTYPE"0" NOMAPNAME
*          NOMAXERROR METHODDEFAULT"REFERENCE" MF"15" MFCOMMENT NOMOVELENCHECK
*          NOMS NOMVS NATIVE"ASCII" NONATIVEFLOATINGPOINT NONCHAR
*          NONEWBASENAME NONLS NSYMBOL"DBCS" NOODOOSVS NOODOSLIDE
*          NOOLDBLANKLINE NOOLDCOPY NOOLDINDEX NOOLDNEXTSENTENCE NOOLDREADINTO
*          NOOLDSTRMIX OOCTRL"-C-E-G-P+Q+R-S+W" OPTIONAL-FILE NOOS390 OSEXT""
*          NOOSVS NOOUTDD NOP64 NOPANVALET PERFORM-TYPE"OSVS" NOPREPLIST
*          NOPREPROCESS NOPRINT-EXT NOPROFILE NOPROGID-COMMENT
*          NOPROGID-INT-NAME NOPROTECT-LINKAGE PROTOTYPE"RELAXED" QUAL
*          QUALPROC NOQUERY NOQUOTE NORAWLIST NORDW RECMODE"F" NOREENTRANT
*          NOREF NOREFNO REMAINDER"1" REPORT-LINE"256" RESEQ NORETRYLOCK
*          REWRITE-LS NORM RTNCODE-SIZE"4" NORWHARDPAGE NOSAA SEG NOSEQCHK
*          SEQUENTIAL"RECORD" NOSERIAL SETTING"LINE" NOSHAREOUTDD NOSHOW-DIR
*          SIGN"ASCII" NOSIGNDISCARD NOSIGNFIXUP SORTTYPE"DFSORT" SOURCEFORMAT
*          "FIXED" SOURCETABSTOP"8" NOSPZERO NOSSRANGE STDERR NOSTICKY-LINKAGE
*          NOSTICKY-PERFORM SUPFF SWITCHTYPE"1" SYMBSTART"1" SYSPUNCH"132"
*          TERMPAGE TIME NOTRACE NOTRUNC NOTRUNCCALLNAME NOTRUNCCOPY TRUNCINC
*          "10" UNICODE"NATIVE" VERBOSE VSC2"2" WARNING"1" NOWB NOWB2 NOWB3
*          WEBSERVER"CGI" NOWRITELOCK NOWRITETHRU NOXOPEN NOXREF
*          NOZEROLENGTHFALSE NOZEROSEQ NOZWB
     1 IDENTIFICATION DIVISION.
     2 PROGRAM-ID. CIDCTX1.
     3 AUTHOR.     PABLO.
     4 DATE-COMPILED. 06-Oct-15 17:18.
     5******************************************************************
     6*                   C H A N G E   L O G
     7*
     8* CHANGES ARE MARKED BY THE CHANGE EFFECTIVE DATE.
     9*-----------------------------------------------------------------
    10*  CHANGE   CHANGE REQUEST PGMR  DESCRIPTION OF CHANGE
    11* EFFECTIVE    NUMBER
    12*-----------------------------------------------------------------
    13* 122007 CR2007110800002   PEMA  NEW PROGRAM TO RUN DAILY
* Micro Focus Server Express         V5.1 revision 000 06-Oct-15 17:18 Page   2
* CIDCTX1.cbl
    14******************************************************************
    15 ENVIRONMENT DIVISION.
    16 INPUT-OUTPUT SECTION.
    17 FILE-CONTROL.
    18
    19     SELECT ERCTBL           ASSIGN TO ERCTBL
    20                             ORGANIZATION IS INDEXED
    21                             ACCESS IS DYNAMIC
    22                             RECORD KEY IS CT-CONTROL-PRIMARY
    23                             FILE STATUS IS ERCTBL-FILE-STATUS.
    24
    25     SELECT DISK-DATE        ASSIGN TO SYS019.
    26
    27     SELECT EXTR-OUT         ASSIGN TO CTBLOUT
    28           ORGANIZATION IS LINE SEQUENTIAL.
    29
    30 DATA DIVISION.
    31 FILE SECTION.
    32
    33 FD  ERCTBL.
    34
*   35                                 COPY ERCCTBL.
    36******************************************************************04/29/98
    37*                                                                *ERCCTBL
    38*                                                                *ERCCTBL
    39*                            ERCCTBL                             *   LV002
    40*           COPYBOOK REVIEWED FOR YEAR 2000 COMPLIANCE               CL**2
    41*                            VMOD=2.003                              CL**2
    42*                                                                *ERCCTBL
    43*   ONLINE CREDIT SYSTEM                                         *ERCCTBL
    44*                                                                *ERCCTBL
    45*   FILE DESCRIPTION = COMPENSATION TABLE                        *ERCCTBL
    46*                                                                *ERCCTBL
    47*   FILE TYPE = VSAM,KSDS                                        *ERCCTBL
    48*   RECORD SIZE = 200   RECFORM = FIXED                          *ERCCTBL
    49*                                                                *ERCCTBL
    50*   BASE CLUSTER NAME = ERCTBL                   RKP=2,LEN=7     *ERCCTBL
    51*       ALTERNATE PATH = NONE                                    *ERCCTBL
    52*                                                                *ERCCTBL
    53*   LOG = NO                                                     *ERCCTBL
    54*   SERVREQ = BROWSE, DELETE, UPDATE, NEWREC                     *ERCCTBL
    55*                                                                *ERCCTBL
    56*                                                                *ERCCTBL
    57******************************************************************ERCCTBL
    58                                                                  ERCCTBL
    59 01  COMM-TABLE-RECORD.                                           ERCCTBL
    60     12  CT-RECORD-ID                      PIC XX.                ERCCTBL
    61         88  VALID-CT-ID                      VALUE 'CT'.         ERCCTBL
    62                                                                  ERCCTBL
    63     12  CT-CONTROL-PRIMARY.                                      ERCCTBL
    64         16  CT-COMPANY-CD                 PIC X.                 ERCCTBL
    65         16  CT-TABLE                      PIC XXX.               ERCCTBL
    66         16  CT-CNTRL-2.                                          ERCCTBL
    67             20  CT-BEN-TYPE               PIC X.                 ERCCTBL
    68             20  CT-BEN-CODE               PIC XX.                ERCCTBL
    69                                                                  ERCCTBL
    70     12  CT-MAINT-INFORMATION.                                    ERCCTBL
    71         16  CT-LAST-MAINT-DT              PIC XX.                ERCCTBL
* Micro Focus Server Express         V5.1 revision 000 06-Oct-15 17:18 Page   3
* CIDCTX1.cbl (/apps/prod/cid1p/copy/ERCCTBL)
    72         16  CT-LAST-MAINT-HHMMSS          PIC S9(7)      COMP-3. ERCCTBL
    73         16  CT-LAST-MAINT-USER            PIC X(4).              ERCCTBL
    74         16  FILLER                        PIC X(31).             ERCCTBL
    75                                                                  ERCCTBL
    76     12  CT-LIMITS.                                               ERCCTBL
    77         16  CT-TBF OCCURS 3 TIMES         PIC S9(7)V99   COMP-3. ERCCTBL
    78                                                                  ERCCTBL
    79         16  CT-AGE OCCURS 3 TIMES         PIC S99        COMP-3. ERCCTBL
    80                                                                  ERCCTBL
    81         16  CT-TRM OCCURS 3 TIMES         PIC S999       COMP-3. ERCCTBL
    82                                                                  ERCCTBL
    83     12  CT-RATES.                                                ERCCTBL
    84         16  CT-RTX          OCCURS 27 TIMES.                     ERCCTBL
    85             20  CT-RT                     PIC SV9(5)     COMP-3. ERCCTBL
    86             20  CT-RT-R   REDEFINES                              ERCCTBL
    87                 CT-RT                     PIC XXX.               ERCCTBL
    88                                                                  ERCCTBL
    89     12  FILLER                            PIC  X(42).            ERCCTBL
    90                                                                  ERCCTBL
    91******************************************************************ERCCTBL
    92 FD  EXTR-OUT
    93     RECORDING MODE F
    94     LABEL RECORDS STANDARD
    95     BLOCK CONTAINS 0 RECORDS.
    96
    97 01  EXTR-OUT-REC                PIC X(23).
    98
    99 FD  DISK-DATE
*  100                                 COPY ELCDTEFD.
   101******************************************************************04/15/98
   102*                                                                *ELCDTEFD
   103*                                                                *ELCDTEFD
   104*                            ELCDTEFD.                           *   LV002
   105*           COPYBOOK REVIEWED FOR YEAR 2000 COMPLIANCE               CL**2
   106*                            VMOD=2.007                          *   CL**2
   107*                                                                *ELCDTEFD
   108******************************************************************ELCDTEFD
   109     BLOCK CONTAINS 0 RECORDS
   110     RECORDING MODE F.                                            ELCDTEFD
   111                                                                  ELCDTEFD
   112 01  DATE-DISK.                                                   ELCDTEFD
   113     12  DD-ID                       PIC  X(4).                   ELCDTEFD
   114     12  FILLER                      PIC  X(14).                  ELCDTEFD
   115     12  DD-CR1                      PIC  9.                      ELCDTEFD
   116     12  DD-CR1N                     PIC  X(30).                  ELCDTEFD
   117     12  DD-CR2                      PIC  9.                      ELCDTEFD
   118     12  DD-CR2N                     PIC  X(30).                  ELCDTEFD
   119     12  FILLER                      PIC  X(20).                  ELCDTEFD
   120                                                                  ELCDTEFD
   121 01  DATE-DISK-R.                                                 ELCDTEFD
   122     12  FILLER                      PIC  X(4).                   ELCDTEFD
   123     12  DD-ST           OCCURS 3 TIMES                           ELCDTEFD
   124                                     PIC  X(32).                  ELCDTEFD
   125                                                                  ELCDTEFD
   126 01  DATE-DISK-T.                                                 ELCDTEFD
   127     12  FILLER                      PIC  X(4).                   ELCDTEFD
   128     12  DD-TYPE         OCCURS 2 TIMES                           ELCDTEFD
   129                                     PIC  X(48).                  ELCDTEFD
* Micro Focus Server Express         V5.1 revision 000 06-Oct-15 17:18 Page   4
* CIDCTX1.cbl (/apps/prod/cid1p/copy/ELCDTEFD)
   130                                                                  ELCDTEFD
   131 01  DATE-DISK-M.                                                 ELCDTEFD
   132     12  FILLER                      PIC  X(4).                   ELCDTEFD
   133     12  DD-MORT         OCCURS 2 TIMES                           ELCDTEFD
   134                                     PIC  X(48).                  ELCDTEFD
   135                                                                  ELCDTEFD
   136 01  DATE-DISK-P.                                                 ELCDTEFD
   137     12  DD-IDA                      PIC  XX.                     ELCDTEFD
   138     12  DD-IDX                      PIC  99.                     ELCDTEFD
   139     12  DD-DATA                     PIC  X(96).                  ELCDTEFD
   140     12  FILLER  REDEFINES DD-DATA.                               ELCDTEFD
   141         16  DD-PS-PIC   OCCURS 50 TIMES                          ELCDTEFD
   142                                     PIC  X.                      ELCDTEFD
   143         16  FILLER                  PIC  X(46).                  ELCDTEFD
   144     12  FILLER  REDEFINES DD-DATA.                               ELCDTEFD
   145         16  DD-PS-PICO  OCCURS 20 TIMES.                         ELCDTEFD
   146             20  DD-PS-PRT           PIC  X.                      ELCDTEFD
   147             20  DD-PS-FMT           PIC  X.                      ELCDTEFD
   148             20  DD-PS-PRC           PIC  X.                      ELCDTEFD
   149             20  DD-PS-TOT           PIC  X.                      ELCDTEFD
   150         16  FILLER                  PIC  X(16).                  ELCDTEFD
   151                                                                  ELCDTEFD
   152 01  DATE-DISK-E.                                                 ELCDTEFD
   153     12  FILLER                      PIC  X(4).                   ELCDTEFD
   154     12  DD-EDIT         OCCURS 24 TIMES                          ELCDTEFD
   155                                     PIC  X(4).                   ELCDTEFD
   156                                                                  ELCDTEFD
   157 01  DATE-DISK-C.                                                 ELCDTEFD
   158     12  FILLER                      PIC  X(7).                   ELCDTEFD
   159     12  DD-CARR1-SECPAY-SW          PIC  X.
   160     12  DD-CARR1-UEP-PCT            PIC  S9V9(4) COMP-3.         ELCDTEFD
   161     12  DD-CARR1-R78-PCT            PIC  S9V9(4) COMP-3.         ELCDTEFD
   162     12  DD-CARR1-PRO-PCT            PIC  S9V9(4) COMP-3.         ELCDTEFD
   163     12  DD-CARR1                    PIC  X.                      ELCDTEFD
   164     12  DD-CARR1S                   PIC  XX.                     ELCDTEFD
   165     12  DD-CARR1N                   PIC  X(30).                  ELCDTEFD
   166     12  DD-CARR2                    PIC  X.                      ELCDTEFD
   167     12  DD-CARR2S                   PIC  XX.                     ELCDTEFD
   168     12  DD-CARR2N                   PIC  X(30).                  ELCDTEFD
   169     12  DD-CARR2-UEP-PCT            PIC  S9V9(4) COMP-3.         ELCDTEFD
   170     12  DD-CARR2-R78-PCT            PIC  S9V9(4) COMP-3.         ELCDTEFD
   171     12  DD-CARR2-PRO-PCT            PIC  S9V9(4) COMP-3.         ELCDTEFD
   172     12  DD-CARR2-SECPAY-SW          PIC  X.
   173     12  FILLER                      PIC  X(7).                   ELCDTEFD
   174                                                                  ELCDTEFD
   175 01  DATE-DISK-OPT.                                               ELCDTEFD
   176     12  FILLER                      PIC  X(04).                  ELCDTEFD
   177     12  DD-TLR-DATA.                                             ELCDTEFD
   178         16  DD-TLR                  OCCURS 32 TIMES              ELCDTEFD
   179                                     PIC  X(03).                  ELCDTEFD
   180     12  DD-STATE-DATA REDEFINES DD-TLR-DATA.                     ELCDTEFD
   181         16  DD-STATE-FLDS           OCCURS 16 TIMES              ELCDTEFD
   182                                     PIC  X(06).                  ELCDTEFD
   183     12  DD-CARR-DATA REDEFINES DD-TLR-DATA.                      ELCDTEFD
   184         16  DD-CARR-FLDS            OCCURS 13 TIMES              ELCDTEFD
   185                                     PIC  X(07).                  ELCDTEFD
   186         16  FILLER                  PIC  X(05).                  ELCDTEFD
   187     12  DD-MISC-DATA REDEFINES DD-TLR-DATA                       ELCDTEFD
* Micro Focus Server Express         V5.1 revision 000 06-Oct-15 17:18 Page   5
* CIDCTX1.cbl
   188                                     PIC  X(96).                  ELCDTEFD
   189******************************************************************ELCDTEFD
   190
   191 WORKING-STORAGE SECTION.
   192 77  FILLER  PIC X(32) VALUE '********************************'.
   193 77  FILLER  PIC X(32) VALUE '   CIDCTX1 WORKING STORAGE      '.
   194 77  FILLER  PIC X(32) VALUE '********************************'.
   195
   196 77  WS-EOF-SW                   PIC X VALUE SPACES.
   197     88  END-OF-INPUT              VALUE 'Y'.
   198 77  WS-RECS-IN                  PIC 9(9) VALUE ZEROS.
   199 77  WS-RECS-OUT                 PIC 9(9) VALUE ZEROS.
   200 77  S1                          PIC S9(5) VALUE +0 COMP-3.
   201 77  PGM-SUB                     PIC S999    COMP    VALUE +506.
   202
   203 01  WS-PREV-TABLE               PIC XXX  VALUE LOW-VALUES.
   204 01  WS-LF-COMM                  PIC SV9(5) COMP-3 VALUE +0.
   205 01  WS-AH-COMM                  PIC SV9(5) COMP-3 VALUE +0.
   206 01  WS-MISC.
   207     12  WS-RETURN-CODE          PIC S9(4)   COMP   VALUE +0.
   208     12  WS-ABEND-MESSAGE        PIC X(80)          VALUE SPACES.
   209     12  WS-ABEND-FILE-STATUS    PIC XX             VALUE ZEROS.
   210     12  WS-ZERO                 PIC S9      COMP-3 VALUE +0.
   211     12  WS-ABEND-CODE           PIC 9(4).
   212     12  ABEND-CODE  REDEFINES  WS-ABEND-CODE.
   213         16  ABEND-CODE-1        PIC XX.
   214         16  ABEND-CODE-2.
   215             20  AC2-ONE         PIC X.
   216             20  AC2-TWO         PIC X.
   217     12  ERCTBL-FILE-STATUS      PIC XX    VALUE ZEROS.
   218     12  WS-DATE                 PIC 9(11) VALUE ZEROS.
   219
   220 01  EXTR-REC-INIT               PIC X(23).
   221 01  EXTR-REC.
   222     12  EX-TABLE                PIC XXX.
   223     12  EX-SC1                  PIC X.
   224     12  EX-LF-IND               PIC X.
   225     12  EX-SC2                  PIC X.
   226     12  EX-LF-MAX-COMM          PIC .99999.
   227     12  EX-SC3                  PIC X.
   228     12  EX-AH-IND               PIC X.
   229     12  EX-SC4                  PIC X.
   230     12  EX-AH-MAX-COMM          PIC .99999.
   231     12  EX-SC5                  PIC X.
   232     12  EX-EOR                  PIC X.
   233
*  234                                 COPY ELCDTECX.
   235******************************************************************06/05/98
   236*                                                                *ELCDTECX
   237*                            ELCDTECX.                           *   LV005
   238*           COPYBOOK REVIEWED FOR YEAR 2000 COMPLIANCE               CL**2
   239*                            VMOD=2.015                          *ELCDTECX
   240*                                                                *ELCDTECX
   241*      WORKING STORAGE COPY CODE FOR APPLICATIONS CALLING        *ELCDTECX
   242*      THE DATE CARD DISK FILE. ( READ ROUTINE = ELCDTERX,       *ELCDTECX
   243*      AND DISK FILE FD = ELCDTEFX)                              *ELCDTECX
   244*                                                                *ELCDTECX
   245******************************************************************ELCDTECX
* Micro Focus Server Express         V5.1 revision 000 06-Oct-15 17:18 Page   6
* CIDCTX1.cbl (/apps/prod/cid1p/copy/ELCDTECX)
   246******************************************************************
   247*                   C H A N G E   L O G
   248*
   249* CHANGES ARE MARKED BY THE CHANGE EFFECTIVE DATE.
   250*-----------------------------------------------------------------
   251*  CHANGE   CHANGE REQUEST PGMR  DESCRIPTION OF CHANGE
   252* EFFECTIVE    NUMBER
   253*-----------------------------------------------------------------
   254* 092602    2002091900008  PEMA  INCREASE NUMBER OF MAXIMUM
   255*                                  BENEFIT CODES FROM 300 TO 900
   256* 090803    2003080800002  PEMA  ADD CATEGORY FOR SUPER GAP
   257* 051304    2003080800002  SMVA  ADD REFUND METHOD
   258* 071714    2013100100002  PEMA  FIX CRIT PERIOD EDITS
   259******************************************************************
   260 01  DATE-CARD.                                                   ELCDTECX
   261     12  DATX-COD                    PIC  X(4).                   ELCDTECX
   262     12  RUN-DATE                    PIC  9(11)  COMP-3.          ELCDTECX
   263     12  ALPH-DATE                   PIC  X(18).                  ELCDTECX
   264     12  EP-DT                       PIC  9(11)  COMP-3.          ELCDTECX
   265     12  PEND-ACT-FILE               PIC  XX.                     ELCDTECX
   266     12  EP-SW                       PIC  X.                      ELCDTECX
   267         88  NO-EP-EXTRACTS          VALUE SPACE.                 ELCDTECX
   268     12  TAPE-BATCHES                PIC  X.                      ELCDTECX
   269         88  TP-PREL-BAL             VALUE '1'.                   ELCDTECX
   270     12  BIN-RUN-DATE                PIC  XX.                     ELCDTECX
   271     12  RUN-CENTURY.                                             ELCDTECX
   272         16 RUN-CENTURY-N            PIC  99.                        CL**4
   273     12  FILLER                      PIC  X.                         CL**4
   274     12  CLAS-MORT-OVRD              PIC  X(4).                   ELCDTECX
   275     12  FILLER                      PIC  XXX.                    ELCDTECX
   276     12  COMPANY-NAME                PIC  X(30).                  ELCDTECX
   277                                                                  ELCDTECX
   278 01  FILLER                          PIC  X(7)                       CL**6
   279                                          VALUE 'OPTIONS'.        ELCDTECX
   280 01  DATE-CARD-OPTIONS.                                           ELCDTECX
   281     12  DATE-OPTIONS-ID             PIC  X(4).                   ELCDTECX
   282     12  DTE-MIN-PREM                PIC  99V99.                  ELCDTECX
   283     12  DTE-LANGUAGE-IND            PIC  X.                      ELCDTECX
   284         88  DTE-LANGUAGE-IS-FR           VALUE 'F'.              ELCDTECX
   285         88  DTE-LANGUAGE-IS-ENG          VALUE 'E'.              ELCDTECX
   286     12  DTE-MIN-AGE                 PIC  99.                     ELCDTECX
   287     12  DTE-DEFAULT-AGE             PIC  99.                     ELCDTECX
   288     12  FILLER                      PIC  X.                      ELCDTECX
   289     12  DTE-MAX-TERM                PIC  999.                    ELCDTECX
   290     12  DTE-COMP-VG                 PIC  X.                      ELCDTECX
   291     12  DTE-REM-TRM                 PIC  X.                      ELCDTECX
   292     12  DTE-PRM-CK                  PIC S99V99.                  ELCDTECX
   293     12  DTE-PRORATA                 PIC  X.                      ELCDTECX
   294     12  DTE-CLM-REJ                 PIC  X.                      ELCDTECX
   295     12  DTE-REF-REJ                 PIC  X.                      ELCDTECX
   296     12  DTE-COM-TBL-USED            PIC  X.                      ELCDTECX
   297     12  FILLER                      PIC  X.                      ELCDTECX
   298     12  DTE-QTR-CO                  PIC  X.                      ELCDTECX
   299     12  DTE-REF-CK                  PIC S99V99.                  ELCDTECX
   300     12  DTE-CLM-CK                  PIC S99V99.                  ELCDTECX
   301     12  DTE-CONV-DT                 PIC 9(11) COMP-3.               CL**2
   302     12  DTE-DEFAULT-SEX             PIC  X.                      ELCDTECX
   303     12  DTE-EPL-FORMAT              PIC  X.                      ELCDTECX
* Micro Focus Server Express         V5.1 revision 000 06-Oct-15 17:18 Page   7
* CIDCTX1.cbl (/apps/prod/cid1p/copy/ELCDTECX)
   304     12  FILLER                      PIC  X.                      ELCDTECX
   305     12  DTE-JT-AGE                  PIC  X.                      ELCDTECX
   306     12  DTE-KEY-BIRTH               PIC  X.                      ELCDTECX
   307     12  DTE-REINSURANCE             PIC  X.                      ELCDTECX
   308     12  DTE-CLAIM-SORT              PIC  X.                      ELCDTECX
   309     12  DTE-WRT-OFF                 PIC  S99V99.                 ELCDTECX
   310     12  DTE-R78                     PIC  X.                      ELCDTECX
   311     12  DTE-DLY-BILL                PIC  X.                      ELCDTECX
   312     12  DTE-ALT-MORT-CODE           PIC  X(4).                   ELCDTECX
   313     12  DTE-CLAIM-PAID-THRU-TO      PIC  X.                      ELCDTECX
   314     12  DTE-COMPENSATION-ACCESS     PIC  X.                      ELCDTECX
   315     12  DTE-MORTG-ACCESS-CNTL       PIC  X.                      ELCDTECX
   316     12  DTE-MP-ALT-MORT-CODE        PIC  X(4).                   ELCDTECX
   317     12  DTE-MORTALITY-AGE-CALC-METHOD                            ELCDTECX
   318                                     PIC  X.                      ELCDTECX
   319         88  DTE-USE-TABLE-ASSIGNED-METHOD VALUE '1'              ELCDTECX
   320                                                 ' '.             ELCDTECX
   321         88  DTE-USE-ALL-AGE-LAST          VALUE '2'.             ELCDTECX
   322         88  DTE-USE-ALL-AGE-NEAR          VALUE '3'.             ELCDTECX
   323     12  DTE-RESERVE-OPTION-SWITCH   PIC  X.                      ELCDTECX
   324         88  DTE-OPT-RESERVE-METHOD-AUTH       VALUE 'Y'.         ELCDTECX
   325         88  DTE-OPT-RESERVE-METHOD-UNAUTH     VALUE 'N' ' '.     ELCDTECX
   326     12  DTE-REM-TRM-CALC-OPTION     PIC  X.                      ELCDTECX
   327     12  DTE-EXPERIENCE-RETENTION-AGE                             ELCDTECX
   328                                     PIC  9.                         CL**4
   329     12  DTE-SYSTEM.                                              ELCDTECX
   330         16  DTE-SYS-A-CREDIT        PIC  X.                      ELCDTECX
   331         16  DTE-SYS-B-PEND-CLAIM    PIC  X.                      ELCDTECX
   332         16  DTE-SYS-C-CONFIRMATIONS PIC  X.                      ELCDTECX
   333         16  DTE-SYS-D-DEMAND-BILL   PIC  X.                      ELCDTECX
   334         16  DTE-SYS-E-CLASIC-CLAIMS PIC  X.                      ELCDTECX
   335         16  DTE-SYS-F-CLASIC-CREDIT PIC  X.                      ELCDTECX
   336         16  DTE-SYS-G-AR-USED       PIC  X.                      ELCDTECX
   337         16  DTE-SYS-H               PIC  X.                      ELCDTECX
   338         16  DTE-SYS-I               PIC  X.                      ELCDTECX
   339         16  DTE-SYS-J               PIC  X.                      ELCDTECX
   340         16  DTE-SYS-K               PIC  X.                      ELCDTECX
   341         16  DTE-SYS-L               PIC  X.                      ELCDTECX
   342         16  DTE-SYS-M               PIC  X.                      ELCDTECX
   343         16  DTE-SYS-N               PIC  X.                      ELCDTECX
   344         16  DTE-SYS-O               PIC  X.                      ELCDTECX
   345         16  DTE-SYS-P               PIC  X.                      ELCDTECX
   346         16  DTE-SYS-Q               PIC  X.                      ELCDTECX
   347         16  DTE-SYS-R               PIC  X.                      ELCDTECX
   348         16  DTE-SYS-S               PIC  X.                      ELCDTECX
   349         16  DTE-SYS-T               PIC  X.                      ELCDTECX
   350         16  DTE-SYS-U               PIC  X.                      ELCDTECX
   351         16  DTE-SYS-V               PIC  X.                      ELCDTECX
   352         16  DTE-SYS-W               PIC  X.                      ELCDTECX
   353         16  DTE-SYS-X               PIC  X.                      ELCDTECX
   354         16  DTE-SYS-Y               PIC  X.                      ELCDTECX
   355         16  DTE-SYS-Z               PIC  X.                      ELCDTECX
   356     12  FILLER                      REDEFINES DTE-SYSTEM.        ELCDTECX
   357         16  DTE-SYS-CODE            OCCURS 26 TIMES              ELCDTECX
   358                                     PIC  X.                      ELCDTECX
   359     12  DTE-CLIENT                  PIC  XXX.                    ELCDTECX
   360                                                                  ELCDTECX
   361 01  CLASIC-SYSTEM-CODES.                                         ELCDTECX
* Micro Focus Server Express         V5.1 revision 000 06-Oct-15 17:18 Page   8
* CIDCTX1.cbl (/apps/prod/cid1p/copy/ELCDTECX)
   362     12  DTE-COLC-ID                 PIC  X(4).                   ELCDTECX
   363     12  DTE-CLASIC-COMPANY-CD       PIC  X.                      ELCDTECX
   364     12  DTE-CLASIC-COMPANY-NUMBER   PIC  999.                    ELCDTECX
   365*    12  DTE-CLASIC-CLAIM-ACCESS     PIC  X.                      ELCDTECX
   366     12  FILLER                      PIC  X.                      ELCDTECX
   367     12  CLASIC-REIN-MAINT           PIC  XX.                     ELCDTECX
   368     12  CLASIC-COMP-MAINT           PIC  XX.                     ELCDTECX
   369     12  CLASIC-ACCT-MAINT           PIC  XX.                     ELCDTECX
   370     12  CLASIC-CTBL-MAINT           PIC  XX.                     ELCDTECX
   371     12  CLASIC-RATE-MAINT           PIC  XX.                     ELCDTECX
   372     12  CLASIC-CREDIT-EOM-DT        PIC  XX.                     ELCDTECX
   373     12  CLASIC-CLAIMS-EOM-DT        PIC  XX.                     ELCDTECX
   374                                                                  ELCDTECX
   375     12  LIFE-OVERRIDE-L1            PIC  X.                      ELCDTECX
   376     12  LIFE-OVERRIDE-L2            PIC  XX.                     ELCDTECX
   377     12  LIFE-OVERRIDE-L6            PIC  X(6).                   ELCDTECX
   378     12  LIFE-OVERRIDE-L12           PIC  X(12).                  ELCDTECX
   379                                                                  ELCDTECX
   380     12  AH-OVERRIDE-L1              PIC  X.                      ELCDTECX
   381     12  AH-OVERRIDE-L2              PIC  XX.                     ELCDTECX
   382     12  AH-OVERRIDE-L6              PIC  X(6).                   ELCDTECX
   383     12  AH-OVERRIDE-L12             PIC  X(12).                  ELCDTECX
   384                                                                  ELCDTECX
   385     12  CLAS-REPORT-CD1-CAPTION     PIC  X(10).                  ELCDTECX
   386     12  CLAS-REPORT-CD2-CAPTION     PIC  X(10).                  ELCDTECX
   387                                                                  ELCDTECX
   388     12  CLASIC-MORTG-EOM-DT         PIC  XX.                     ELCDTECX
   389     12  CLASIC-AR-EOM-DT            PIC  XX.                     ELCDTECX
   390                                                                  ELCDTECX
   391     12  FILLER                      PIC  X(11)      VALUE SPACE. ELCDTECX
   392                                                                  ELCDTECX
   393 01  DATE-CARD-FACTORS.                                           ELCDTECX
   394     12  DATE-FACTOR-ID              PIC  X(4).                   ELCDTECX
   395     12  FAC-1                       PIC S999V9(5).               ELCDTECX
   396     12  FAC-2                       PIC S999V9(5).               ELCDTECX
   397     12  FAC-3                       PIC S999V9(5).               ELCDTECX
   398     12  FAC-4                       PIC S999V9(5).               ELCDTECX
   399     12  FAC-5                       PIC S999V9(5).               ELCDTECX
   400     12  FAC-6                       PIC S999V9(5).               ELCDTECX
   401                                                                  ELCDTECX
   402 01  FILLER                          PIC  X(12)                   ELCDTECX
   403                                          VALUE 'COMPANY NAME'.   ELCDTECX
   404 01  COMPANY-NAME-TABLE.                                          ELCDTECX
   405     12  C-N-TBL                     OCCURS 6 TIMES.              ELCDTECX
   406         16  CNT-ID                  PIC  X.                      ELCDTECX
   407         16  CNT-NAME                PIC  X(30).                  ELCDTECX
   408                                                                  ELCDTECX
   409 01  FILLER                          PIC  X(11)                   ELCDTECX
   410                                          VALUE 'STATE NAMES'.    ELCDTECX
   411 01  STATE-NAMES.                                                 ELCDTECX
   412     12  STATE-NAME-FLD              OCCURS 75 TIMES.             ELCDTECX
   413         16  STATE-SUB               PIC  XX.                     ELCDTECX
   414         16  STATE-PIC1.                                          ELCDTECX
   415             20  STATE-ABBR          PIC  XX.                     ELCDTECX
   416             20  FILLER              PIC  XXX.                    ELCDTECX
   417             20  STATE-PIC           PIC  X(20).                  ELCDTECX
   418             20  STATE-CALL-EARN     PIC  X.                      ELCDTECX
   419             20  STATE-CALL-BREAK    PIC  X.                      ELCDTECX
* Micro Focus Server Express         V5.1 revision 000 06-Oct-15 17:18 Page   9
* CIDCTX1.cbl (/apps/prod/cid1p/copy/ELCDTECX)
   420             20  STATE-PRIM-FAC-DEV  PIC  XXX.                    ELCDTECX
   421                                                                  ELCDTECX
   422 01  FILLER                          PIC  X(13)                   ELCDTECX
   423                                          VALUE 'CARRIER NAMES'.  ELCDTECX
   424 01  CARRIER-NAMES.                                               ELCDTECX
   425     12  CARRIER-NAME-FLD            OCCURS 25 TIMES.             ELCDTECX
   426         16  CARRIER-SUB             PIC  X.                      ELCDTECX
   427         16  CARRIER-DOM-ST          PIC  XX.                     ELCDTECX
   428         16  CARRIER-PIC             PIC  X(30).                  ELCDTECX
   429         16  CARRIER-UEP-PCT         PIC  S9V9(4) COMP-3.            CL**6
   430         16  CARRIER-R78-PCT         PIC  S9V9(4) COMP-3.            CL**6
   431         16  CARRIER-PRO-PCT         PIC  S9V9(4) COMP-3.            CL**6
   432*        16  FILLER                  PIC  X.                      ELCDTECX
   433         16  CARRIER-SEC-PAY         PIC  X.
   434             88  SEC-PAY-CARRIER          VALUE 'Y'.
   435                                                                  ELCDTECX
   436 01  FILLER                          PIC  X(9)                       CL**6
   437                                          VALUE 'INS TYPES'.      ELCDTECX
   438 01  CLAS-INS-TYPES.                                              ELCDTECX
   439*    12 CLAS-ALL-TYPES               OCCURS 300 TIMES.            ELCDTECX
   440     12 CLAS-ALL-TYPES               OCCURS 900 TIMES.            ELCDTECX
   441         16  CLAS-I-BEN              PIC  XX.                     ELCDTECX
   442         16  CLAS-I-AB3.                                          ELCDTECX
   443             20  FILLER              PIC  X.                      ELCDTECX
   444             20  CLAS-I-AB2.                                      ELCDTECX
   445                 24  FILLER          PIC  X.                      ELCDTECX
   446                 24  CLAS-I-AB1      PIC  X.                      ELCDTECX
   447         16  CLAS-I-AB3-AH REDEFINES CLAS-I-AB3.                  ELCDTECX
   448             20  CLAS-EXCLUSION      PIC  XX.                        CL**4
   449             20  FILLER              PIC  X.                         CL**4
   450         16  CLAS-I-AB10.                                         ELCDTECX
   451             20  FILLER              PIC  X(9).                   ELCDTECX
   452             20  CLAS-I-REIN-YN      PIC  X.                      ELCDTECX
   453         16  CLAS-I-COMMENT          PIC  X(10).                  ELCDTECX
   454         16  CLAS-I-JOINT            PIC  X.                      ELCDTECX
   455         16  CLAS-I-RL-AH            PIC  X.                      ELCDTECX
   456         16  CLAS-I-CALC-TYPE.                                    ELCDTECX
   457             20  CLAS-I-BAL          PIC  X.                      ELCDTECX
   458         16  CLAS-I-EP               PIC  X.                      ELCDTECX
   459         16  CLAS-CO-BEN-I-G-CD      PIC  X.                      ELCDTECX
   460         16  CLAS-CO-REM-TERM-CALC   PIC  X.                      ELCDTECX
   461         16  CLAS-I-BEN-CATEGORY     PIC  X.
   462         16  CLAS-I-REFUND-METHOD    PIC  X.
   463         16  CLAS-I-MAX-BENEFITS     PIC 99.
   464         16  FILLER                  PIC  XXX.
   465                                                                  ELCDTECX
   466 01  FILLER                          PIC  X(16)                   ELCDTECX
   467                                     VALUE 'MORTALITY TABLES'.    ELCDTECX
   468 01  CLAS-MORTALITY-CODES.                                        ELCDTECX
   469     12  CLAS-MORT-FLD               OCCURS 99 TIMES              ELCDTECX
   470                                     INDEXED BY CLAS-MORT-NDX.    ELCDTECX
   471         16  CLAS-MORT-CODE          PIC  X(4).                      CL**6
   472         16  CLAS-MORT-J-CODE        PIC  X.                         CL**5
   473         16  CLAS-MORT-J-FACT        PIC S9V9(4).                    CL**6
   474         16  CLAS-MORT-DESC.                                      ELCDTECX
   475             20  CLAS-RESERVE-ADJ    PIC  999.                       CL**6
   476             20  FILLER              PIC  XX.                        CL**5
   477             20  CLAS-YEAR           PIC  X(4).                      CL**6
* Micro Focus Server Express         V5.1 revision 000 06-Oct-15 17:18 Page  10
* CIDCTX1.cbl (/apps/prod/cid1p/copy/ELCDTECX)
   478             20  FILLER              PIC  X.                         CL**5
   479             20  CLAS-TABLE-TYPE     PIC  XXX.                       CL**6
   480             20  FILLER              PIC  X.                         CL**5
   481             20  CLAS-AGE-METHOD     PIC  XX.                        CL**5
   482             20  FILLER              PIC  X.                         CL**5
   483             20  CLAS-INTEREST       PIC  99.99.                     CL**5
   484             20  FILLER              PIC  X(5).                      CL**6
   485                                                                  ELCDTECX
   486 01  FILLER                          PIC  X(15)                   ELCDTECX
   487                                     VALUE 'BUSINESS TABLES'.     ELCDTECX
   488 01  CLAS-BUSINESS-CLASSES.                                       ELCDTECX
   489     12  CLAS-BUSC-FLD               OCCURS 50 TIMES.             ELCDTECX
   490         16  CLAS-BUSC-CODE          PIC  99.                     ELCDTECX
   491         16  CLAS-BUSC-GROUP         PIC  X.                      ELCDTECX
   492         16  CLAS-BUSC-DESC          PIC  X(19).                  ELCDTECX
   493         16  CLAS-BUSC-EXCL          PIC  X.                         CL**5
   494         16  FILLER                  PIC  X(4).                      CL**6
   495                                                                  ELCDTECX
   496 01  FILLER                          PIC  X(7)                       CL**6
   497                                     VALUE 'INDEXES'.             ELCDTECX
   498 01  CLAS-INDEX-TBL.                                              ELCDTECX
   499     12  CLAX-ID                     PIC  X(4).                   ELCDTECX
   500     12  CLAS-STARTC                 PIC S9(4) COMP.              ELCDTECX
   501     12  CLAS-MAXC                   PIC S9(4) COMP.              ELCDTECX
   502     12  CLAS-STARTL                 PIC S9(4) COMP.              ELCDTECX
   503     12  CLAS-MAXL                   PIC S9(4) COMP.              ELCDTECX
   504     12  CLAS-STARTA                 PIC S9(4) COMP.              ELCDTECX
   505     12  CLAS-MAXA                   PIC S9(4) COMP.              ELCDTECX
   506     12  CLAS-STARTM                 PIC S9(4) COMP.              ELCDTECX
   507     12  CLAS-MAXM                   PIC S9(4) COMP.              ELCDTECX
   508     12  CLAS-STARTB                 PIC S9(4) COMP.              ELCDTECX
   509     12  CLAS-MAXB                   PIC S9(4) COMP.              ELCDTECX
   510     12  CLAS-STARTS                 PIC S9(4) COMP.              ELCDTECX
   511     12  CLAS-MAXS                   PIC S9(4) COMP.              ELCDTECX
   512     12  CLAS-STARTE                 PIC S9(4) COMP.              ELCDTECX
   513     12  CLAS-MAXE                   PIC S9(4) COMP.              ELCDTECX
   514     12  CLAS-STARTCN                PIC S9(4) COMP.              ELCDTECX
   515     12  CLAS-MAXCN                  PIC S9(4) COMP.              ELCDTECX
   516                                                                  ELCDTECX
   517 01  CLAS-TYPE-MISC.                                              ELCDTECX
   518     12  CLAS-INDEXC                 PIC S9(4) COMP.              ELCDTECX
   519     12  CLAS-INDEXL                 PIC S9(4) COMP.              ELCDTECX
   520     12  CLAS-INDEXA                 PIC S9(4) COMP.              ELCDTECX
   521     12  CLAS-INDEXM                 PIC S9(4) COMP.              ELCDTECX
   522     12  CLAS-INDEXB                 PIC S9(4) COMP.              ELCDTECX
   523     12  CLAS-INDEXS                 PIC S9(4) COMP.              ELCDTECX
   524     12  CLAS-INDEXE                 PIC S9(4) COMP.              ELCDTECX
   525     12  CLAS-INDEX                  PIC S9(4) COMP.              ELCDTECX
   526     12  CLAS-INDEXEN                PIC S9(4) COMP.              ELCDTECX
   527     12  CLAS-INDEXCN                PIC S9(4) COMP.              ELCDTECX
   528     12  CLAS-INDEXON                PIC S9(4) COMP.              ELCDTECX
   529                                                                  ELCDTECX
   530 01  FILLER                          PIC  X(13)                   ELCDTECX
   531                                     VALUE 'MISCELLANEOUS'.       ELCDTECX
   532 01  CLAS-MISC.                                                   ELCDTECX
   533     12  DTE-FICH                    PIC  X.                      ELCDTECX
   534         88  FICH-NO                 VALUE SPACE.                 ELCDTECX
   535         88  FICH-ONLY               VALUE '1'.                   ELCDTECX
* Micro Focus Server Express         V5.1 revision 000 06-Oct-15 17:18 Page  11
* CIDCTX1.cbl (/apps/prod/cid1p/copy/ELCDTECX)
   536         88  FICH-BOTH               VALUE '2'.                   ELCDTECX
   537     12  FICH-OPEN                   PIC  X.                      ELCDTECX
   538     12  REPT-OPEN                   PIC  X.                      ELCDTECX
   539     12  DTE-PGM-OPT                 PIC  9.                         CL**5
   540     12  DTE-PRT-OPT                 PIC  X.                      ELCDTECX
   541     12  DTE-FMT-OPT                 PIC  9.                      ELCDTECX
   542     12  DTE-PRC-OPT                 PIC  9.                      ELCDTECX
   543     12  DTE-TOT-OPT                 PIC  9.                      ELCDTECX
   544     12  CLAS-LOOK                   PIC  XX.                     ELCDTECX
   545     12  DTE-TOT-LINES               PIC S9(8)      COMP.         ELCDTECX
   546     12  STATE-L                     PIC  XX.                     ELCDTECX
   547     12  CLAS-CN                     PIC  99.                     ELCDTECX
   548     12  CLAS-CO                     PIC  99.                     ELCDTECX
   549     12  DTE-VSAM-FLAGS                              VALUE ZERO.  ELCDTECX
   550         16  DTE-F-1                 PIC  X.                      ELCDTECX
   551         16  DTE-F-2                 PIC  X.                      ELCDTECX
   552     12  DTE-ABEND-WORK.                                          ELCDTECX
   553         16  DTE-ABEND-CD-1          PIC  XX         VALUE SPACES.ELCDTECX
   554         16  DTE-ABEND-CD-2          PIC  XX         VALUE SPACES.ELCDTECX
   555                                                                  ELCDTECX
   556 01  FILLER                          PIC  X(12)                   ELCDTECX
   557                                     VALUE 'WORKING DATE'.        ELCDTECX
   558 01  WS-DATE-AND-TIME.                                            ELCDTECX
   559     12  WS-ACCEPT-DATE.                                          ELCDTECX
   560         16  WS-AD-YY                PIC  99.                     ELCDTECX
   561         16  WS-AD-MM                PIC  99.                     ELCDTECX
   562         16  WS-AD-DD                PIC  99.                     ELCDTECX
   563     12  WS-CURRENT-DATE.                                         ELCDTECX
   564         16  WS-CD-MM                PIC  99.                     ELCDTECX
   565         16  FILLER                  PIC  X          VALUE '/'.   ELCDTECX
   566         16  WS-CD-DD                PIC  99.                     ELCDTECX
   567         16  FILLER                  PIC  X          VALUE '/'.   ELCDTECX
   568         16  WS-CD-YY                PIC  99.                     ELCDTECX
   569     12  WS-TIME-OF-DAY.                                          ELCDTECX
   570         16  WS-TIME                 PIC  9(6).                   ELCDTECX
   571         16  WS-HUN-SEC              PIC  99.                     ELCDTECX
   572                                                                  ELCDTECX
   573 01  FILLER                          PIC  X(12)                   ELCDTECX
   574                                     VALUE 'CARRIER CLMS'.        ELCDTECX
   575 01  CARRIER-OPT-CLAIM-DATA.                                      ELCDTECX
   576     12  CARRIER-FLDS                OCCURS 25 TIMES.             ELCDTECX
   577         16  CARRIER-IBNR-SWITCH     PIC  X.                         CL**5
   578         16  CARRIER-IBNR-PERCENT    PIC S9V9(4) COMP-3.             CL**6
   579         16  CARRIER-CIDA-DISCOUNT   PIC S9V9(4) COMP-3.             CL**6
   580                                                                  ELCDTECX
   581 01  FILLER                          PIC  X(10)                   ELCDTECX
   582                                     VALUE 'STATE TLRS'.          ELCDTECX
   583 01  STATE-TARGET-LOSS-RATIOS.                                    ELCDTECX
   584     12  STATE-TLR-FLD               OCCURS 75 TIMES.             ELCDTECX
   585         16  STATE-TARGET-LOSS-RATIO PIC S9V9(4) COMP-3.             CL**6
   586         16  STATE-CALC-INTEREST     PIC S9V9(4) COMP-3.             CL**6
   587                                                                  ELCDTECX
   588 01  FILLER                          PIC  X(13)                   ELCDTECX
   589                                     VALUE 'BUSINESS TLRS'.       ELCDTECX
   590 01  BUSINESS-TRGT-LOSS-RATIO-MODS.                               ELCDTECX
   591     12  BUS-TLRM-FLD                OCCURS 99 TIMES.             ELCDTECX
   592         16  BUS-TRGT-LOSS-RATIO-MOD PIC S9V9(4) COMP-3.             CL**6
   593                                                                  ELCDTECX
* Micro Focus Server Express         V5.1 revision 000 06-Oct-15 17:18 Page  12
* CIDCTX1.cbl (/apps/prod/cid1p/copy/ELCDTECX)
   594 01  FILLER                          PIC  X(13)                   ELCDTECX
   595                                     VALUE 'MISC CLM DATA'.       ELCDTECX
   596 01  MISC-OPT-CLM-RSV-DATA.                                       ELCDTECX
   597     12  COMPANY-CALC-INTEREST       PIC S9V9(4) COMP-3.             CL**6
   598     12  COMPANY-CIDA-DISCOUNT       PIC S9V9(4) COMP-3.             CL**6
   599     12  COMPANY-CRDB-TABLE-SELECTION                             ELCDTECX
   600                                     PIC  X.                         CL**5
   601     12  COMPANY-IBNR-AH-FACTOR      PIC S9V9(4) COMP-3.             CL**6
   602     12  COMPANY-IBNR-LAG-MONTH      PIC S999    COMP-3.             CL**6
   603     12  COMPANY-IBNR-LIFE-FACTOR    PIC S9V9(4) COMP-3.             CL**6
   604     12  COMPANY-OPTION-START-DATE   PIC  XX.                        CL**5
   605     12  INDEXBS                     PIC S9(4)   COMP.               CL**6
   606     12  INDEXCA                     PIC S9(4)   COMP.               CL**6
   607     12  INDEXST                     PIC S9(4)   COMP.               CL**6
   608     12  FILLER                      PIC  X(75).                  ELCDTECX
   609******************************************************************ELCDTECX
   610*01  MISC-CARR-PCT-DATA.                                          00001521
   611*    12  DD-CARR1-UEP-PCT            PIC S9V9(4) COMP-3.          00001522
   612*    12  DD-CARR1-R78-PCT            PIC S9V9(4) COMP-3.          00001522
   613*    12  DD-CARR1-PRO-PCT            PIC S9V9(4) COMP-3.          00001522
   614*    12  DD-CARR2-UEP-PCT            PIC S9V9(4) COMP-3.          00001522
   615*    12  DD-CARR2-R78-PCT            PIC S9V9(4) COMP-3.          00001522
   616*    12  DD-CARR2-PRO-PCT            PIC S9V9(4) COMP-3.          00001522
   617******************************************************************ELCDTECX
   618
*  619                                 COPY ELCDTEVR.
   620***************************************************************** 04/15/98
   621*                                                                *ELCDTEVR
   622*                                                                *ELCDTEVR
   623*                            ELCDTEVR.                           *   LV003
   624*           COPYBOOK REVIEWED FOR YEAR 2000 COMPLIANCE               CL**3
   625*                            VMOD=2.001                          *   CL**2
   626*                                                                *ELCDTEVR
   627*   WORKING STORAGE FOR DATE VARIABLES CREATED                   *ELCDTEVR
   628*   FOR THE YEAR 2000 DATE MODIFICATION                          *ELCDTEVR
   629*                                                                *ELCDTEVR
   630******************************************************************ELCDTEVR
   631 01  WS-DATE-CARD-DATE.                                           ELCDTEVR
   632     05  WS-RUN-DATE.                                             ELCDTEVR
   633         10  FILLER                  PIC  9(03).                  ELCDTEVR
   634         10  RUN-CCYY                PIC  9(04).                  ELCDTEVR
   635         10  RUN-CCYR  REDEFINES  RUN-CCYY.                       ELCDTEVR
   636             15  RUN-CC              PIC  99.                     ELCDTEVR
   637             15  RUN-YR              PIC  99.                     ELCDTEVR
   638         10  RUN-MO                  PIC  99.                     ELCDTEVR
   639         10  RUN-DA                  PIC  99.                     ELCDTEVR
   640     05  WS-RUN-DATE-N REDEFINES                                     CL**2
   641            WS-RUN-DATE              PIC 9(11).                      CL**2
   642     05  WS-EP-DT.                                                ELCDTEVR
   643         10  FILLER                  PIC  9(03).                  ELCDTEVR
   644         10  EP-CCYY                 PIC  9(04).                  ELCDTEVR
   645         10  EP-CCYR  REDEFINES  EP-CCYY.                         ELCDTEVR
   646             15  EP-CC               PIC  99.                     ELCDTEVR
   647             15  EP-YR               PIC  99.                     ELCDTEVR
   648         10  EP-MO                   PIC  99.                     ELCDTEVR
   649         10  EP-DA                   PIC  99.                     ELCDTEVR
   650     05  WS-EP-DT-N REDEFINES                                        CL**2
   651            WS-EP-DT                 PIC 9(11).                      CL**2
* Micro Focus Server Express         V5.1 revision 000 06-Oct-15 17:18 Page  13
* CIDCTX1.cbl (/apps/prod/cid1p/copy/ELCDTEVR)
   652     05  WS-DTE-CONV-DT.                                             CL**4
   653         10  FILLER                  PIC  9(03).                     CL**4
   654         10  DTE-CONV-CCYY           PIC  9(04).                     CL**4
   655         10  DTE-CONV-CCYR  REDEFINES  DTE-CONV-CCYY.                CL**4
   656             15  DTE-CONV-CC         PIC  99.                        CL**4
   657             15  DTE-CONV-YR         PIC  99.                        CL**4
   658         10  DTE-CONV-MO             PIC  99.                        CL**4
   659         10  DTE-CONV-DA             PIC  99.                        CL**4
   660     05  WS-DTE-CONV-DT-N REDEFINES                                  CL**4
   661            WS-DTE-CONV-DT           PIC  9(11).                     CL**4
   662 01  WS-BALANCE-FORWARD-DATE.                                     ELCDTEVR
   663     05  WS-BF-LAST-ACTIVITY-DATE.                                ELCDTEVR
   664         10  FILLER                            PIC 999.           ELCDTEVR
   665         10  BF-ACT-CCYY                       PIC 9(04).         ELCDTEVR
   666         10  BF-ACT-CCYR  REDEFINES  BF-ACT-CCYY.                 ELCDTEVR
   667             15  BF-ACT-CC                     PIC 99.            ELCDTEVR
   668             15  BF-ACT-YEAR                   PIC 99.            ELCDTEVR
   669         10  BF-ACT-MONTH                      PIC 99.            ELCDTEVR
   670         10  BF-ACT-DAY                        PIC 99.            ELCDTEVR
   671     05  WS-BF-LAST-ACTIVITY-DATE-N REDEFINES                        CL**2
   672            WS-BF-LAST-ACTIVITY-DATE           PIC 9(11).            CL**2
   673     05  WS-BF-CURRENT-LAST-STMT-DT.                              ELCDTEVR
   674         10  FILLER                            PIC 999.           ELCDTEVR
   675         10  BF-CURRENT-LAST-STMT-CEN          PIC 99.            ELCDTEVR
   676         10  BF-CURRENT-LAST-STMT-YEAR         PIC 99.            ELCDTEVR
   677         10  BF-CURRENT-LAST-STMT-MONTH        PIC 99.            ELCDTEVR
   678         10  BF-CURRENT-LAST-STMT-DAY          PIC 99.            ELCDTEVR
   679     05  WS-BF-CURRENT-LAST-STMT-DT-N REDEFINES                      CL**2
   680            WS-BF-CURRENT-LAST-STMT-DT        PIC 9(11).             CL**2
   681 01  WS-ADD-CONF-TRANSACTIONS-DTE.                                ELCDTEVR
   682     05  WS-AC-CERT-EFF-DATE.                                     ELCDTEVR
   683         10  FILLER                            PIC 999.           ELCDTEVR
   684         10  AC-CERT-CCYY                      PIC 9(04).         ELCDTEVR
   685         10  AC-CERT-CCYR  REDEFINES  AC-CERT-CCYY.               ELCDTEVR
   686             15  AC-CERT-CC                    PIC 99.            ELCDTEVR
   687             15  AC-CERT-YR                    PIC 99.            ELCDTEVR
   688         10  AC-CERT-MO                        PIC 99.            ELCDTEVR
   689         10  AC-CERT-DA                        PIC 99.            ELCDTEVR
   690     05  WS-AC-CERT-EFF-DATE-N REDEFINES                             CL**2
   691            WS-AC-CERT-EFF-DATE                PIC 9(11).            CL**2
   692     05  WS-AC-LIFE-CANCEL-DATE.                                  ELCDTEVR
   693         10  FILLER                            PIC 999.           ELCDTEVR
   694         10  AC-LIFE-CANCEL-CCYY               PIC 9(04).         ELCDTEVR
   695         10  AC-LIFE-CANCEL-CCYR REDEFINES AC-LIFE-CANCEL-CCYY.   ELCDTEVR
   696             15  AC-LIFE-CANCEL-CC             PIC 99.            ELCDTEVR
   697             15  AC-LIFE-CANCEL-YR             PIC 99.            ELCDTEVR
   698         10  AC-LIFE-CANCEL-MO                 PIC 99.            ELCDTEVR
   699         10  AC-LIFE-CANCEL-DA                 PIC 99.            ELCDTEVR
   700     05  WS-AC-LIFE-CANCEL-DATE-N REDEFINES                          CL**2
   701            WS-AC-LIFE-CANCEL-DATE             PIC 9(11).            CL**2
   702     05  WS-AC-AH-CANCEL-DATE.                                    ELCDTEVR
   703         10  FILLER                            PIC 999.           ELCDTEVR
   704         10  AC-AH-CANCEL-CCYY                 PIC 9(04).         ELCDTEVR
   705         10  AC-AH-CANCEL-CCYR  REDEFINES  AC-AH-CANCEL-CCYY.     ELCDTEVR
   706             15  AC-AH-CANCEL-CC               PIC 99.            ELCDTEVR
   707             15  AC-AH-CANCEL-YR               PIC 99.            ELCDTEVR
   708         10  AC-AH-CANCEL-MO                   PIC 99.            ELCDTEVR
   709         10  AC-AH-CANCEL-DA                   PIC 99.            ELCDTEVR
* Micro Focus Server Express         V5.1 revision 000 06-Oct-15 17:18 Page  14
* CIDCTX1.cbl (/apps/prod/cid1p/copy/ELCDTEVR)
   710     05  WS-AC-AH-CANCEL-DATE-N REDEFINES                            CL**2
   711            WS-AC-AH-CANCEL-DATE               PIC 9(11).            CL**2
   712 01  WS-RATE-RECORD.                                              ELCDTEVR
   713         05  WS-RT-EXPIRY-DATE.                                   ELCDTEVR
   714             10  FILLER                        PIC 999.           ELCDTEVR
   715             10  RT-EXP-CCYY                   PIC 9(04).         ELCDTEVR
   716             10  RT-EXP-CCYR  REDEFINES  RT-EXP-CCYY.             ELCDTEVR
   717                 15  RT-EXP-CC                 PIC 99.            ELCDTEVR
   718                 15  RT-EXP-YR                 PIC 99.            ELCDTEVR
   719             10  RT-EXP-MO                     PIC 99.            ELCDTEVR
   720             10  RT-EXP-DA                     PIC 99.            ELCDTEVR
   721         05  WS-RT-EXPIRY-DATE-N REDEFINES                           CL**2
   722                WS-RT-EXPIRY-DATE              PIC 9(11).            CL**2
   723
   724 PROCEDURE DIVISION.
   725
*  726                                 COPY ELCDTERX.
   727******************************************************************04/15/98
   728*                                                                *ELCDTERX
   729*                                                                *ELCDTERX
   730*                            ELCDTERX.                           *   LV002
   731*           COPYBOOK REVIEWED FOR YEAR 2000 COMPLIANCE               CL**2
   732*                            VMOD=2.007                          *ELCDTERX
   733*                                                                *ELCDTERX
   734*      LOAD DATE CARD DISK FILE INTO WORKING STORAGE AREA        *ELCDTERX
   735*      (COPY CODE FOR W/S = ELCDTECX AND COPY CODE FOR FD        *ELCDTERX
   736*      = ELCDTEFD)                                               *ELCDTERX
   737*                                                                *ELCDTERX
   738******************************************************************ELCDTERX
   739                                                                  ELCDTERX
   740     ACCEPT WS-ACCEPT-DATE       FROM  DATE.                      ELCDTERX
   741                                                                  ELCDTERX
   742     MOVE WS-AD-YY               TO  WS-CD-YY.                    ELCDTERX
   743     MOVE WS-AD-MM               TO  WS-CD-MM.                    ELCDTERX
   744     MOVE WS-AD-DD               TO  WS-CD-DD.                    ELCDTERX
   745                                                                  ELCDTERX
   746     ACCEPT WS-TIME-OF-DAY       FROM  TIME.                      ELCDTERX
   747                                                                  ELCDTERX
   748******************************************************************ELCDTERX
   749*    NOTE: THE FOLLOWING STATEMENT IS USED TO ELIMINATE COB II    ELCDTERX
   750*          WARNING MESSAGES.                                      ELCDTERX
   751******************************************************************ELCDTERX
   752     IF WS-CD-YY = LOW-VALUES                                     ELCDTERX
   753         COMPUTE PGM-SUB = PGM-SUB + 1.                           ELCDTERX
   754                                                                  ELCDTERX
   755     OPEN INPUT DISK-DATE.                                        ELCDTERX
   756                                                                  ELCDTERX
   757     MOVE SPACE TO DATE-CARD         CLAS-BUSINESS-CLASSES        ELCDTERX
   758                   STATE-NAMES       CLAS-MORTALITY-CODES         ELCDTERX
   759                   CLAS-INS-TYPES    COMPANY-NAME-TABLE           ELCDTERX
   760                   DATE-CARD-OPTIONS DATE-CARD-FACTORS            ELCDTERX
   761                   CLAX-ID           CLAS-MISC                    ELCDTERX
   762                   CARRIER-NAMES     CLASIC-SYSTEM-CODES          ELCDTERX
   763                   CARRIER-OPT-CLAIM-DATA                         ELCDTERX
   764                   STATE-TARGET-LOSS-RATIOS                       ELCDTERX
   765                   BUSINESS-TRGT-LOSS-RATIO-MODS                  ELCDTERX
   766                   MISC-OPT-CLM-RSV-DATA.                         ELCDTERX
   767                                                                  ELCDTERX
* Micro Focus Server Express         V5.1 revision 000 06-Oct-15 17:18 Page  15
* CIDCTX1.cbl (/apps/prod/cid1p/copy/ELCDTERX)
   768     MOVE LOW-VALUES TO CLAS-INDEX-TBL CLAS-TYPE-MISC.            ELCDTERX
   769                                                                  ELCDTERX
   770     MOVE ZERO TO CLAS-CN DTE-TOT-LINES CLAS-CO                   ELCDTERX
   771                  INDEXCA INDEXBS INDEXST.                        ELCDTERX
   772                                                                  ELCDTERX
   773     COMPUTE CLAS-CN = PGM-SUB / +50.                             ELCDTERX
   774     COMPUTE CLAS-CO = PGM-SUB / +20.                             ELCDTERX
   775     COMPUTE CLAS-INDEXEN = PGM-SUB - (CLAS-CN * +50).            ELCDTERX
   776     COMPUTE CLAS-INDEXON = PGM-SUB - (CLAS-CO * +20).            ELCDTERX
   777                                                                  ELCDTERX
   778     IF CLAS-INDEXEN = ZERO                                       ELCDTERX
   779         MOVE +50               TO CLAS-INDEXEN                   ELCDTERX
   780     ELSE                                                         ELCDTERX
   781         ADD +1                 TO CLAS-CN.                       ELCDTERX
   782                                                                  ELCDTERX
   783     IF CLAS-INDEXON = ZERO                                       ELCDTERX
   784         MOVE +20               TO CLAS-INDEXON                   ELCDTERX
   785     ELSE                                                         ELCDTERX
   786         ADD +1                 TO CLAS-CO.                       ELCDTERX
   787                                                                  ELCDTERX
   788 0005-READ--CARD.                                                 ELCDTERX
   789     READ DISK-DATE                                               ELCDTERX
   790         AT END CLOSE DISK-DATE                                   ELCDTERX
   791             GO TO 0060-READ--TEST.                               ELCDTERX
   792                                                                  ELCDTERX
   793     MOVE ZERO                   TO CLAS-INDEX.                   ELCDTERX
   794                                                                  ELCDTERX
   795     IF DD-ID = 'CLAS' OR 'LIFE' OR 'GLED'                        ELCDTERX
   796         MOVE DATE-DISK          TO DATE-CARD                     ELCDTERX
   797         MOVE RUN-DATE           TO WS-RUN-DATE-N                    CL**2
   798         MOVE EP-DT              TO WS-EP-DT-N                       CL**2
   799         GO TO 0005-READ--CARD.                                   ELCDTERX
   800                                                                  ELCDTERX
   801     IF DD-ID = 'CLAD'                                            ELCDTERX
   802         MOVE DATE-DISK          TO DATE-CARD-OPTIONS             ELCDTERX
   803         GO TO 0005-READ--CARD.                                   ELCDTERX
   804                                                                  ELCDTERX
   805     IF DD-ID = 'CLAX'                                            ELCDTERX
   806         MOVE DATE-DISK          TO CLAS-INDEX-TBL                ELCDTERX
   807         GO TO 0005-READ--CARD.                                   ELCDTERX
   808                                                                  ELCDTERX
   809     IF DD-ID = 'CLAF'                                            ELCDTERX
   810         MOVE DATE-DISK          TO DATE-CARD-FACTORS             ELCDTERX
   811         GO TO 0005-READ--CARD.                                   ELCDTERX
   812                                                                  ELCDTERX
   813     IF DD-ID = 'CLAC'                                            ELCDTERX
   814         GO TO 0010-READ--CLAC.                                   ELCDTERX
   815                                                                  ELCDTERX
   816     IF DD-ID = 'CARR'                                            ELCDTERX
   817         GO TO 0015-READ--CARR.                                   ELCDTERX
   818                                                                  ELCDTERX
   819     IF DD-ID = 'STAT'                                            ELCDTERX
   820         GO TO 0020-READ--STAT.                                   ELCDTERX
   821                                                                  ELCDTERX
   822     IF DD-ID = 'BUSC'                                            ELCDTERX
   823         GO TO 0025-READ--BUSC.                                   ELCDTERX
   824                                                                  ELCDTERX
   825     IF DD-ID = 'MORT'                                            ELCDTERX
* Micro Focus Server Express         V5.1 revision 000 06-Oct-15 17:18 Page  16
* CIDCTX1.cbl (/apps/prod/cid1p/copy/ELCDTERX)
   826         GO TO 0030-READ--MORT.                                   ELCDTERX
   827                                                                  ELCDTERX
   828     IF DD-ID = 'CLAI'                                            ELCDTERX
   829         GO TO 0040-READ--CLAI.                                   ELCDTERX
   830                                                                  ELCDTERX
   831     IF DD-ID = 'COLC'                                            ELCDTERX
   832         GO TO 0065-READ--COLC.                                   ELCDTERX
   833                                                                  ELCDTERX
   834     IF DD-IDX NUMERIC AND                                        ELCDTERX
   835        DD-IDA = 'CL'                                             ELCDTERX
   836         GO TO 0035-READ--CLXX.                                   ELCDTERX
   837                                                                  ELCDTERX
   838     IF DD-IDX NUMERIC AND                                        ELCDTERX
   839        DD-IDA = 'PO'                                             ELCDTERX
   840         GO TO 0050-READ--POXX.                                   ELCDTERX
   841                                                                  ELCDTERX
   842     IF DD-ID = 'OPCA'                                            ELCDTERX
   843         GO TO 0070-READ--OPCA.                                   ELCDTERX
   844                                                                  ELCDTERX
   845     IF DD-ID = 'OPST'                                            ELCDTERX
   846         GO TO 0072-READ--OPST.                                   ELCDTERX
   847                                                                  ELCDTERX
   848     IF DD-ID = 'OPBS'                                            ELCDTERX
   849         GO TO 0074-READ--OPBS.                                   ELCDTERX
   850                                                                  ELCDTERX
   851     IF DD-ID = 'OPMS'                                            ELCDTERX
   852         MOVE DD-MISC-DATA       TO MISC-OPT-CLM-RSV-DATA.        ELCDTERX
   853                                                                  ELCDTERX
   854     GO TO 0005-READ--CARD.                                       ELCDTERX
   855                                                                  ELCDTERX
   856 0010-READ--CLAC.                                                 ELCDTERX
   857     ADD 1                       TO CLAS-INDEXC.                  ELCDTERX
   858     MOVE DD-CR1                 TO CNT-ID (CLAS-INDEXC).         ELCDTERX
   859     MOVE DD-CR1N                TO CNT-NAME (CLAS-INDEXC).       ELCDTERX
   860     ADD 1                       TO CLAS-INDEXC.                  ELCDTERX
   861     MOVE DD-CR2                 TO CNT-ID (CLAS-INDEXC).         ELCDTERX
   862     MOVE DD-CR2N                TO CNT-NAME (CLAS-INDEXC).       ELCDTERX
   863     GO TO 0005-READ--CARD.                                       ELCDTERX
   864                                                                  ELCDTERX
   865 0015-READ--CARR.                                                 ELCDTERX
   866     ADD 1  TO  CLAS-INDEXCN.                                     ELCDTERX
   867     IF CLAS-INDEXCN LESS THAN +26                                ELCDTERX
   868        MOVE DD-CARR1         TO CARRIER-SUB (CLAS-INDEXCN)
   869        MOVE DD-CARR1S        TO CARRIER-DOM-ST (CLAS-INDEXCN)
   870        MOVE DD-CARR1N        TO CARRIER-PIC (CLAS-INDEXCN)
   871        MOVE DD-CARR1-UEP-PCT TO CARRIER-UEP-PCT (CLAS-INDEXCN)
   872        MOVE DD-CARR1-R78-PCT TO CARRIER-R78-PCT (CLAS-INDEXCN)
   873        MOVE DD-CARR1-PRO-PCT TO CARRIER-PRO-PCT (CLAS-INDEXCN)
   874        MOVE DD-CARR1-SECPAY-SW
   875                               TO CARRIER-SEC-PAY (CLAS-INDEXCN)
   876     END-IF
   877                                                                  ELCDTERX
   878     ADD 1  TO  CLAS-INDEXCN.                                     ELCDTERX
   879     IF CLAS-INDEXCN LESS THAN +26                                ELCDTERX
   880        MOVE DD-CARR2         TO CARRIER-SUB (CLAS-INDEXCN)
   881        MOVE DD-CARR2S        TO CARRIER-DOM-ST (CLAS-INDEXCN)
   882        MOVE DD-CARR2N        TO CARRIER-PIC (CLAS-INDEXCN)
   883        MOVE DD-CARR2-UEP-PCT TO CARRIER-UEP-PCT (CLAS-INDEXCN)
* Micro Focus Server Express         V5.1 revision 000 06-Oct-15 17:18 Page  17
* CIDCTX1.cbl (/apps/prod/cid1p/copy/ELCDTERX)
   884        MOVE DD-CARR2-R78-PCT TO CARRIER-R78-PCT (CLAS-INDEXCN)
   885        MOVE DD-CARR2-PRO-PCT TO CARRIER-PRO-PCT (CLAS-INDEXCN)
   886        MOVE DD-CARR2-SECPAY-SW
   887                              TO CARRIER-SEC-PAY (CLAS-INDEXCN)
   888     END-IF
   889                                                                  ELCDTERX
   890                                                                  ELCDTERX
   891     GO TO 0005-READ--CARD.                                       ELCDTERX
   892                                                                  ELCDTERX
   893 0020-READ--STAT.                                                 ELCDTERX
   894     ADD 1                       TO CLAS-INDEX.                   ELCDTERX
   895     IF CLAS-INDEX GREATER 3  OR                                  ELCDTERX
   896        DD-ST (CLAS-INDEX) = SPACE                                ELCDTERX
   897         GO TO 0005-READ--CARD.                                   ELCDTERX
   898                                                                  ELCDTERX
   899     ADD 1                       TO CLAS-INDEXS.                  ELCDTERX
   900     MOVE DD-ST (CLAS-INDEX)     TO STATE-NAME-FLD (CLAS-INDEXS). ELCDTERX
   901     GO TO 0020-READ--STAT.                                       ELCDTERX
   902                                                                  ELCDTERX
   903 0025-READ--BUSC.                                                 ELCDTERX
   904     ADD 1                       TO CLAS-INDEX.                   ELCDTERX
   905     IF CLAS-INDEX GREATER 3  OR                                  ELCDTERX
   906        DD-ST (CLAS-INDEX) = SPACE                                ELCDTERX
   907         GO TO 0005-READ--CARD.                                   ELCDTERX
   908                                                                  ELCDTERX
   909     ADD 1                       TO CLAS-INDEXB.                  ELCDTERX
   910     MOVE DD-ST (CLAS-INDEX)     TO CLAS-BUSC-FLD (CLAS-INDEXB).  ELCDTERX
   911     GO TO 0025-READ--BUSC.                                       ELCDTERX
   912                                                                  ELCDTERX
   913 0030-READ--MORT.                                                 ELCDTERX
   914     ADD 1                       TO CLAS-INDEX.                   ELCDTERX
   915     IF CLAS-INDEX GREATER 2  OR                                  ELCDTERX
   916        DD-MORT (CLAS-INDEX) = SPACE                              ELCDTERX
   917         GO TO 0005-READ--CARD.                                   ELCDTERX
   918                                                                  ELCDTERX
   919     ADD 1                       TO CLAS-INDEXM.                  ELCDTERX
   920     MOVE DD-MORT (CLAS-INDEX)   TO CLAS-MORT-FLD (CLAS-INDEXM).  ELCDTERX
   921     GO TO 0030-READ--MORT.                                       ELCDTERX
   922                                                                  ELCDTERX
   923 0035-READ--CLXX.                                                 ELCDTERX
   924     IF DD-IDX NOT = CLAS-CN                                      ELCDTERX
   925          GO TO 0005-READ--CARD.                                  ELCDTERX
   926                                                                  ELCDTERX
   927     IF DD-PS-PIC (CLAS-INDEXEN) = 'X'                            ELCDTERX
   928         DISPLAY '***********************************************'ELCDTERX
   929         DISPLAY 'PROGRAM ECS-', PGM-SUB, ' NOT SCHEDULED TO RUN' ELCDTERX
   930         DISPLAY '***********************************************'ELCDTERX
   931         GO TO 0055-READ--STOP.                                   ELCDTERX
   932                                                                  ELCDTERX
   933     IF DD-PS-PIC (CLAS-INDEXEN) NOT LESS 'A'  AND                ELCDTERX
   934        DD-PS-PIC (CLAS-INDEXEN) NOT GREATER 'I'                  ELCDTERX
   935         MOVE '1'                TO DTE-FICH.                     ELCDTERX
   936                                                                  ELCDTERX
   937     IF DD-PS-PIC (CLAS-INDEXEN) NOT LESS 'J'  AND                ELCDTERX
   938        DD-PS-PIC (CLAS-INDEXEN) NOT GREATER 'R'                  ELCDTERX
   939         MOVE '2'                TO DTE-FICH.                     ELCDTERX
   940                                                                  ELCDTERX
   941*    MOVE DD-PS-PIC (CLAS-INDEXEN) TO DTE-PGM-OPT.                ELCDTERX
* Micro Focus Server Express         V5.1 revision 000 06-Oct-15 17:18 Page  18
* CIDCTX1.cbl (/apps/prod/cid1p/copy/ELCDTERX)
   942     GO TO 0005-READ--CARD.                                       ELCDTERX
   943                                                                  ELCDTERX
   944 0040-READ--CLAI.                                                 ELCDTERX
   945     ADD 1                       TO CLAS-INDEX.                   ELCDTERX
   946     IF CLAS-INDEX GREATER 2  OR                                  ELCDTERX
   947        DD-TYPE (CLAS-INDEX) = SPACE                              ELCDTERX
   948         GO TO 0005-READ--CARD.                                   ELCDTERX
   949                                                                  ELCDTERX
   950     ADD 1                       TO CLAS-INDEXA.                  ELCDTERX
   951     MOVE DD-TYPE (CLAS-INDEX) TO CLAS-ALL-TYPES (CLAS-INDEXA).   ELCDTERX
   952     GO TO 0040-READ--CLAI.                                       ELCDTERX
   953                                                                  ELCDTERX
   954 0045-READ--DUMP.                                                 ELCDTERX
   955     MOVE +999 TO WS-RETURN-CODE                                  ELCDTERX
   956     MOVE 'MISSING AND/OR INVALID CLAS DATE CARD'                 ELCDTERX
   957                                 TO  WS-ABEND-MESSAGE             ELCDTERX
   958     PERFORM ABEND-PGM.                                           ELCDTERX
   959                                                                  ELCDTERX
   960 0050-READ--POXX.                                                 ELCDTERX
   961     IF DD-IDX NOT = CLAS-CO                                      ELCDTERX
   962         GO TO 0005-READ--CARD.                                   ELCDTERX
   963                                                                  ELCDTERX
   964     IF DD-PS-PRC (CLAS-INDEXON) = 'X'                            ELCDTERX
   965         DISPLAY '***********************************************'ELCDTERX
   966         DISPLAY 'ECS - ', PGM-SUB, ' IS NOT SCHEDULED TO RUN'    ELCDTERX
   967         DISPLAY '***********************************************'ELCDTERX
   968         GO TO 0055-READ--STOP.                                   ELCDTERX
   969                                                                  ELCDTERX
   970     MOVE DD-PS-PRT (CLAS-INDEXON) TO DTE-PRT-OPT.                ELCDTERX
   971     MOVE DD-PS-FMT (CLAS-INDEXON) TO DTE-FMT-OPT.                ELCDTERX
   972     MOVE DD-PS-PRC (CLAS-INDEXON) TO DTE-PRC-OPT DTE-PGM-OPT.    ELCDTERX
   973     MOVE DD-PS-TOT (CLAS-INDEXON) TO DTE-TOT-OPT.                ELCDTERX
   974                                                                  ELCDTERX
   975     IF DTE-PRT-OPT = 'B'                                         ELCDTERX
   976         MOVE '2'                  TO DTE-FICH.                   ELCDTERX
   977     IF DTE-PRT-OPT = 'F'                                         ELCDTERX
   978         MOVE '1'                  TO DTE-FICH.                   ELCDTERX
   979                                                                  ELCDTERX
   980     GO TO 0005-READ--CARD.                                       ELCDTERX
   981                                                                  ELCDTERX
   982 0055-READ--STOP.                                                 ELCDTERX
   983     GOBACK.                                                      ELCDTERX
   984                                                                  ELCDTERX
   985 0060-READ--TEST.                                                 ELCDTERX
   986     IF DATX-COD        = SPACE  OR                               ELCDTERX
   987        CLAX-ID         = SPACE  OR                               ELCDTERX
   988        DATE-OPTIONS-ID = SPACE                                   ELCDTERX
   989         GO TO 0045-READ--DUMP.                                   ELCDTERX
   990                                                                  ELCDTERX
   991     MOVE LOW-VALUE TO CLAS-TYPE-MISC.                            ELCDTERX
   992     GO TO 0079-READ--EXIT.                                       ELCDTERX
   993                                                                  ELCDTERX
   994 0065-READ--COLC.                                                 ELCDTERX
   995     MOVE DATE-DISK              TO CLASIC-SYSTEM-CODES.          ELCDTERX
   996     GO TO 0005-READ--CARD.                                       ELCDTERX
   997                                                                  ELCDTERX
   998 0070-READ--OPCA.                                                 ELCDTERX
   999                                                                  ELCDTERX
* Micro Focus Server Express         V5.1 revision 000 06-Oct-15 17:18 Page  19
* CIDCTX1.cbl (/apps/prod/cid1p/copy/ELCDTERX)
  1000     ADD 1                       TO CLAS-INDEX.                   ELCDTERX
  1001                                                                  ELCDTERX
  1002     IF  CLAS-INDEX GREATER 13                                    ELCDTERX
  1003             OR                                                   ELCDTERX
  1004         DD-CARR-FLDS (CLAS-INDEX) = SPACE                        ELCDTERX
  1005         GO TO 0005-READ--CARD.                                   ELCDTERX
  1006                                                                  ELCDTERX
  1007     ADD 1                       TO INDEXCA.                      ELCDTERX
  1008     MOVE DD-CARR-FLDS (CLAS-INDEX)                               ELCDTERX
  1009                                 TO CARRIER-FLDS (INDEXCA).       ELCDTERX
  1010     GO TO 0070-READ--OPCA.                                       ELCDTERX
  1011                                                                  ELCDTERX
  1012 0072-READ--OPST.                                                 ELCDTERX
  1013                                                                  ELCDTERX
  1014     ADD 1                       TO CLAS-INDEX.                   ELCDTERX
  1015                                                                  ELCDTERX
  1016     IF  CLAS-INDEX GREATER 16                                    ELCDTERX
  1017             OR                                                   ELCDTERX
  1018         DD-TLR (CLAS-INDEX) = SPACE                              ELCDTERX
  1019         GO TO 0005-READ--CARD.                                   ELCDTERX
  1020                                                                  ELCDTERX
  1021     ADD 1                       TO INDEXST.                      ELCDTERX
  1022     MOVE DD-STATE-FLDS (CLAS-INDEX)                              ELCDTERX
  1023                                 TO STATE-TLR-FLD (INDEXST).      ELCDTERX
  1024     GO TO 0072-READ--OPST.                                       ELCDTERX
  1025                                                                  ELCDTERX
  1026 0074-READ--OPBS.                                                 ELCDTERX
  1027                                                                  ELCDTERX
  1028     ADD 1                       TO CLAS-INDEX.                   ELCDTERX
  1029                                                                  ELCDTERX
  1030     IF  CLAS-INDEX GREATER 32                                    ELCDTERX
  1031             OR                                                   ELCDTERX
  1032         DD-TLR (CLAS-INDEX) = SPACE                              ELCDTERX
  1033         GO TO 0005-READ--CARD.                                   ELCDTERX
  1034                                                                  ELCDTERX
  1035     ADD 1                       TO INDEXBS.                      ELCDTERX
  1036     MOVE DD-TLR (CLAS-INDEX)    TO BUS-TLRM-FLD (INDEXBS).       ELCDTERX
  1037     GO TO 0074-READ--OPBS.                                       ELCDTERX
  1038                                                                  ELCDTERX
  1039 0079-READ--EXIT.                                                 ELCDTERX
  1040*    EXIT.                                                        ELCDTERX
  1041******************************************************************ELCDTERX
  1042
  1043     PERFORM 0400-OPEN-FILES     THRU 0400-EXIT
  1044
  1045     PERFORM 0600-INITIALIZE     THRU 0600-EXIT
  1046
  1047     PERFORM 0050-PROCESS-INPUT  THRU 0050-EXIT UNTIL
  1048        END-OF-INPUT
  1049
  1050     PERFORM 0100-PROCESS-INPUT  THRU 0100-EXIT
  1051
  1052     PERFORM 0500-CLOSE-FILES    THRU 0500-EXIT
  1053
  1054     DISPLAY ' RECORDS READ         '  WS-RECS-IN
  1055     DISPLAY ' RECORDS WRITTEN      '  WS-RECS-OUT
  1056     GOBACK
  1057
* Micro Focus Server Express         V5.1 revision 000 06-Oct-15 17:18 Page  20
* CIDCTX1.cbl
  1058     .
  1059 0050-PROCESS-INPUT.
  1060
  1061     IF CT-TABLE NOT = WS-PREV-TABLE
  1062        PERFORM 0100-PROCESS-INPUT
  1063                                 THRU 0100-EXIT
  1064        MOVE CT-TABLE            TO WS-PREV-TABLE
  1065        MOVE ZEROS               TO WS-LF-COMM
  1066                                    WS-AH-COMM
  1067     ELSE
  1068        PERFORM VARYING S1 FROM +1 BY +1 UNTIL
  1069           S1 > +27
  1070           IF CT-RT (S1) NOT NUMERIC
  1071              MOVE ZEROS         TO CT-RT (S1)
  1072           END-IF
  1073           IF CT-BEN-TYPE = 'L'
  1074              IF CT-RT (S1) > WS-LF-COMM
  1075                 MOVE CT-RT (S1) TO WS-LF-COMM
  1076              END-IF
  1077           ELSE
  1078              IF CT-RT (S1) > WS-AH-COMM
  1079                 MOVE CT-RT (S1) TO WS-AH-COMM
  1080              END-IF
  1081           END-IF
  1082        END-PERFORM
  1083     END-IF
  1084
  1085     PERFORM 0200-READ-INPUT     THRU 0200-EXIT
  1086
  1087     .
  1088 0050-EXIT.
  1089     EXIT.
  1090
  1091 0100-PROCESS-INPUT.
  1092
  1093     MOVE EXTR-REC-INIT          TO EXTR-REC
  1094
  1095     MOVE WS-PREV-TABLE          TO EX-TABLE
  1096     MOVE 'L'                    TO EX-LF-IND
  1097     MOVE WS-LF-COMM             TO EX-LF-MAX-COMM
  1098     MOVE 'A'                    TO EX-AH-IND
  1099     MOVE WS-AH-COMM             TO EX-AH-MAX-COMM
  1100
  1101     PERFORM 0300-WRITE-EXTR     THRU 0300-EXIT
  1102
  1103     .
  1104 0100-EXIT.
  1105     EXIT.
  1106
  1107 0200-READ-INPUT.
  1108
  1109     READ ERCTBL NEXT RECORD
  1110
  1111     IF (ERCTBL-FILE-STATUS = '10' OR '23')
  1112        OR (CT-COMPANY-CD > DTE-CLASIC-COMPANY-CD)
  1113        SET END-OF-INPUT         TO TRUE
  1114     ELSE
  1115        IF ERCTBL-FILE-STATUS NOT = '00'
* Micro Focus Server Express         V5.1 revision 000 06-Oct-15 17:18 Page  21
* CIDCTX1.cbl
  1116           DISPLAY ' ERROR - ERCTBL - READ ' ERCTBL-FILE-STATUS
  1117           SET END-OF-INPUT      TO TRUE
  1118        END-IF
  1119     END-IF
  1120
  1121     IF NOT END-OF-INPUT
  1122        ADD +1                   TO WS-RECS-IN
  1123     END-IF
  1124
  1125     .
  1126 0200-EXIT.
  1127     EXIT.
  1128
  1129 0300-WRITE-EXTR.
  1130
  1131     WRITE EXTR-OUT-REC          FROM EXTR-REC
  1132
  1133     ADD +1                      TO WS-RECS-OUT
  1134
  1135     .
  1136 0300-EXIT.
  1137     EXIT.
  1138
  1139 0400-OPEN-FILES.
  1140
  1141     OPEN INPUT ERCTBL
  1142         OUTPUT EXTR-OUT
  1143
  1144     .
  1145 0400-EXIT.
  1146     EXIT.
  1147
  1148 0500-CLOSE-FILES.
  1149
  1150     CLOSE ERCTBL EXTR-OUT
  1151
  1152     .
  1153 0500-EXIT.
  1154     EXIT.
  1155
  1156 0550-START-INPUT.
  1157
  1158     MOVE LOW-VALUES             TO CT-CONTROL-PRIMARY
  1159     MOVE DTE-CLASIC-COMPANY-CD  TO CT-COMPANY-CD
  1160
  1161     START ERCTBL KEY >= CT-CONTROL-PRIMARY
  1162
  1163     IF (ERCTBL-FILE-STATUS = '10' OR '23')
  1164        OR (CT-COMPANY-CD > DTE-CLASIC-COMPANY-CD)
  1165        SET END-OF-INPUT         TO TRUE
  1166     ELSE
  1167        IF ERCTBL-FILE-STATUS NOT = '00'
  1168           DISPLAY ' ERROR - ERCTBL - START ' ERCTBL-FILE-STATUS
  1169           SET END-OF-INPUT      TO TRUE
  1170        END-IF
  1171     END-IF
  1172
  1173     .
* Micro Focus Server Express         V5.1 revision 000 06-Oct-15 17:18 Page  22
* CIDCTX1.cbl
  1174 0550-EXIT.
  1175     EXIT.
  1176
  1177 0600-INITIALIZE.
  1178
  1179     INITIALIZE EXTR-REC
  1180     MOVE ';'                    TO EX-SC1
  1181                                    EX-SC2
  1182                                    EX-SC3
  1183                                    EX-SC4
  1184                                    EX-SC5
  1185     MOVE 'E'                    TO EX-EOR
  1186
  1187     MOVE EXTR-REC               TO EXTR-REC-INIT
  1188
  1189     PERFORM 0550-START-INPUT    THRU 0550-EXIT
  1190     PERFORM 0200-READ-INPUT     THRU 0200-EXIT
  1191
  1192     MOVE CT-TABLE               TO WS-PREV-TABLE
  1193
  1194     .
  1195 0600-EXIT.
  1196     EXIT.
  1197
  1198 ABEND-PGM.
* 1199                             COPY ELCABEND.
  1200***************************************************************** 04/14/98
  1201*                                                               * ELCABEND
  1202*                            ELCABEND.                          *    LV003
  1203*           COPYBOOK REVIEWED FOR YEAR 2000 COMPLIANCE               CL**3
  1204*                            VMOD 2.002                              CL**2
  1205*                                                               * ELCABEND
  1206*                THIS SECTION DISPLAYS THE NECESSARY MESSAGES   * ELCABEND
  1207*            AND THEN ABENDS.                                   * ELCABEND
  1208*                                                               * ELCABEND
  1209*  NO  CID  MODS  IN  COPYBOOK  ELCABEND                        * ELCABEND
  1210*                                                               * ELCABEND
  1211***************************************************************** ELCABEND
  1212*APS-010.                                                         ELCABEND
  1213     DISPLAY WS-ABEND-MESSAGE.                                    ELCABEND
  1214     DISPLAY WS-ABEND-MESSAGE UPON CONSOLE.                       ELCABEND
  1215                                                                  ELCABEND
  1216     IF WS-ABEND-FILE-STATUS NOT = ZERO                           ELCABEND
  1217         DISPLAY 'FILE STATUS = ' WS-ABEND-FILE-STATUS            ELCABEND
  1218         DISPLAY 'FILE STATUS = ' WS-ABEND-FILE-STATUS            ELCABEND
  1219                                 UPON CONSOLE.                    ELCABEND
  1220                                                                  ELCABEND
  1221     IF WS-RETURN-CODE NOT = ZERO                                 ELCABEND
  1222         DISPLAY 'RETURN CODE = '  WS-RETURN-CODE                 ELCABEND
  1223         DISPLAY 'RETURN CODE = '  WS-RETURN-CODE                 ELCABEND
  1224                                 UPON CONSOLE.                    ELCABEND
  1225                                                                  ELCABEND
  1226     DISPLAY 'PROGRAM WILL NOW ABEND **************'              ELCABEND
  1227     DISPLAY 'PROGRAM WILL NOW ABEND **************'              ELCABEND
  1228                                 UPON CONSOLE.                    ELCABEND
  1229                                                                  ELCABEND
  1230     DIVIDE WS-ZERO BY WS-ZERO GIVING WS-ZERO.                    ELCABEND
  1231     CALL 'ABORTME'.
* Micro Focus Server Express         V5.1 revision 000 06-Oct-15 17:18 Page  23
* CIDCTX1.cbl (/apps/prod/cid1p/copy/ELCABEND)
  1232                                                                  ELCABEND
  1233 APS-EXIT.                                                        ELCABEND
  1234     EXIT.                                                        ELCABEND
* Micro Focus Server Express         V5.1 revision 000 Compiler
* Copyright (C) Micro Focus IP Development Limited 1984-2012.
*                                                        REF GNR-008065005AF
* Total Messages:     0
* Data:       47240     Code:        3946
