* Micro Focus Server Express         V5.1 revision 000 06-Oct-15 17:18 Page   1
* CIDEPC1.cbl
* Options: int("CIDEPC1.int") anim csi verbose NOBOUND PARAMCOUNTCHECK
*          directives(cobopt.bth) endp list("CIDEPC1.lst")
* Setting: NOACCEPTREFRESH NOADV ALIGN"8" ALPHASTART"1" NOALTER NOAMODE ANIM
*          NOANIMPREP ANS85 APOST NOAREACHECK ARITHMETIC"OSVS" ASSIGN
*          "EXTERNAL" NOASSIGN-PRINTER NOAUTOLOCK NOBELL NOBOUND NOBRIEF
*          NOBS2000 BWZSTAR NOBYTEMODEMOVE CALLFH"ebmlsfile" NOCALLMCS
*          NOCALLRECOVERY CALLSORT"EXTSM" CANCEL CANCELLBR NOCHANGEMESSAGE
*          CHARSET"ASCII" NOCHECKDIV NOCHECKREFMOD NOCICS CICS-CPY
*          NOCICSOPTIMIZE NOCMPR2 NOCOBFSTATCONV NOCOBIDY NOCOBOL370 COBOLDIR
*          NOCOMP COMP-5"2" COMP-6"2" NOCOMS85 CONFIRM NOCONVERTRET CONVSPACE
*          COPYEXT",cbl,cpy" NOCOPYLBR COPYLIST COPYLISTCOMMENT"1" CSI
*          CURRENCY-SIGN"36" CURRENT-DATE"MMDDYY" NODATA DATACOMPRESS"0"
*          NODATA-CONTEXT DATE DBCHECK DBCS"2" NODBCSSOSI DBSPACE DE-EDIT"2"
*          DEFAULTBYTE"32" NODEFAULTCALLS DETECTLOCK NODG DIALECT"MF"
*          NODIRECTIVES-IN-COMMENTS NODOSVS NODPCINSUBSCRIPT DYNAM
*          NOEARLY-RELEASE ECHO NOECHOALL NOEDITOR ENSUITE"0" NOENTCOBOL
*          ERRFORMAT"1" ERRLIST"EMBED" NOERRQ FASTSORT NOFCD3 NOFCDREG
*          NOFDCLEAR NOFILESHARE FILETYPE"0" NOFLAG NOFLAGAS NOFLAGCD
*          NOFLAGEUC NOFLAGMIG NOFLAGQ FLAGSINEDIT NOFLAGSTD NOFOLDCALLNAME
*          NOFOLDCOPYNAME FORM"60" NOFP-ROUNDING NOHOSTARITHMETIC
*          NOHOSTCONTZERO NOHOST-NUMCOMPARE NOHOST-NUMMOVE NOHOSTFD NOHOSTRW
*          NOIBM-MS IBMCOMP IDXFORMAT"0" NOILGEN IMPLICITSCOPE NOINDD
*          INFORETURN"0" NOINITCALL INITPTR INT"CIDEPC1.int" INTDATE"ANSI"
*          INTLEVEL"2" IOCONV NOISO2002 NOIXNLSKEY NOIXNUMKEY KEEP-INT
*          KEYCHECK KEYCOMPRESS"0" LIBRARIAN"2" NOLINE-COUNT LIST"CIDEPC1.lst"
*          LISTPATH"" LISTWIDTH"80" LITVAL-SIZE"4" LOCKTYPE"0" NOMAPNAME
*          NOMAXERROR METHODDEFAULT"REFERENCE" MF"15" MFCOMMENT NOMOVELENCHECK
*          NOMS NOMVS NATIVE"ASCII" NONATIVEFLOATINGPOINT NONCHAR
*          NONEWBASENAME NONLS NSYMBOL"DBCS" NOODOOSVS NOODOSLIDE
*          NOOLDBLANKLINE NOOLDCOPY NOOLDINDEX NOOLDNEXTSENTENCE NOOLDREADINTO
*          NOOLDSTRMIX OOCTRL"-C-E-G-P+Q+R-S+W" OPTIONAL-FILE NOOS390 OSEXT""
*          NOOSVS NOOUTDD NOP64 NOPANVALET PERFORM-TYPE"OSVS" NOPREPLIST
*          NOPREPROCESS NOPRINT-EXT NOPROFILE NOPROGID-COMMENT
*          NOPROGID-INT-NAME NOPROTECT-LINKAGE PROTOTYPE"RELAXED" QUAL
*          QUALPROC NOQUERY NOQUOTE NORAWLIST NORDW RECMODE"F" NOREENTRANT
*          NOREF NOREFNO REMAINDER"1" REPORT-LINE"256" RESEQ NORETRYLOCK
*          REWRITE-LS NORM RTNCODE-SIZE"4" NORWHARDPAGE NOSAA SEG NOSEQCHK
*          SEQUENTIAL"RECORD" NOSERIAL SETTING"LINE" NOSHAREOUTDD NOSHOW-DIR
*          SIGN"ASCII" NOSIGNDISCARD NOSIGNFIXUP SORTTYPE"DFSORT" SOURCEFORMAT
*          "FIXED" SOURCETABSTOP"8" NOSPZERO NOSSRANGE STDERR NOSTICKY-LINKAGE
*          NOSTICKY-PERFORM SUPFF SWITCHTYPE"1" SYMBSTART"1" SYSPUNCH"132"
*          TERMPAGE TIME NOTRACE NOTRUNC NOTRUNCCALLNAME NOTRUNCCOPY TRUNCINC
*          "10" UNICODE"NATIVE" VERBOSE VSC2"2" WARNING"1" NOWB NOWB2 NOWB3
*          WEBSERVER"CGI" NOWRITELOCK NOWRITETHRU NOXOPEN NOXREF
*          NOZEROLENGTHFALSE NOZEROSEQ NOZWB
     1 IDENTIFICATION DIVISION.
     2 PROGRAM-ID. CIDEPC1.
     3 AUTHOR.     PABLO.
     4 DATE-COMPILED. 06-Oct-15 17:18.
     5 ENVIRONMENT DIVISION.
     6 INPUT-OUTPUT SECTION.
     7 FILE-CONTROL.
     8     SELECT  EPEC-IN             ASSIGN TO SYS010.
     9     SELECT  EPEC-OUT            ASSIGN TO SYS011.
* Micro Focus Server Express         V5.1 revision 000 06-Oct-15 17:18 Page   2
* CIDEPC1.cbl
    11 DATA DIVISION.
    12 FILE SECTION.
    13
    14 FD  EPEC-IN
    15     RECORDING MODE F
    16     LABEL RECORDS STANDARD
    17     BLOCK CONTAINS 0 RECORDS.
    18
*   19                                 COPY ECSEPC01.
    20******************************************************************
    21*                                                                *
    22*                            ECSEPC01                            *
    23*           COPYBOOK REVIEWED FOR YEAR 2000 COMPLIANCE
    24*                            VMOD=2.008                          *
    25*                                                                *
    26*   FILE DESCRIPTION =  EARNED PREM / EARNED COMM  (E.P.E.C.)    *
    27*                                                                *
    28*   FILE TYPE = SEQUENTIAL                                       *
    29*   RECORD SIZE = 325  RECFORM = FIXED                           *
    30*                                                                *
    31*   KEY DATA =                                  START=5, LEN=31  *
    32*                                                                *
    33*  NO  CID  MODS  IN  COPYBOOK  ECSEPC01                         *
    34*                                                                *
    35******************************************************************
    36
    37 01  EP-RECORD.
    38     02 EP-FILE.
    39     12  EP-RECORD-ID                      PIC XX.
    40         88  VALID-EP-ID                      VALUE 'EP'.
    41
    42     12  EP-COMPANY-CD                     PIC X.
    43
    44     12  EP-REIN                           PIC X.
    45         88  EP-REIN-EXTRACT                  VALUE 'R'.
    46
    47     12  EP-CONTROL.
    48         16  EP-CNTRL-1.
    49             20  EP-COMPANY.
    50                 24  EP-CARRIER            PIC X.
    51                 24  EP-GROUPING.
    52                     28  EP-GROUP-PREFIX   PIC XXX.
    53                     28  EP-GROUP-PRIME    PIC XXX.
    54             20  EP-STATE                  PIC XX.
    55             20  EP-ACCOUNT.
    56                 24  EP-ACCT-PREFIX        PIC X(4).
    57                 24  EP-ACCT-PRIME         PIC X(6).
    58         16  EP-CNTRL-2.
    59             20  EP-DATES.
    60                 24  EP-EXP-DTE            PIC 9(11)   COMP-3.
    61                 24  EP-EFF-DTE            PIC 9(11)   COMP-3.
    62
    63     12  EP-REI-CO.
    64         16  EP-REINCO                     PIC XXX.
    65         16  EP-REINCO-SUB                 PIC XXX.
    66
    67     12  EP-RCD-TYPE                       PIC X.
    68         88  EP-BEN-TYPE-LIFE                 VALUE 'L'.
* Micro Focus Server Express         V5.1 revision 000 06-Oct-15 17:18 Page   3
* CIDEPC1.cbl (/apps/prod/cid1p/copy/ECSEPC01)
    69         88  EP-BEN-TYPE-AH                   VALUE 'A'.
    70         88  EP-BEN-TYPE-PROPERTY             VALUE 'P'.
    71         88  EP-BEN-TYPE-UNEMPLOYMENT         VALUE 'U'.
    72         88  EP-BEN-TYPE-DISMEMBURMENT        VALUE 'D'.
    73         88  EP-BEN-TYPE-AD-D                 VALUE 'E'.
    74     12  EP-BEN-CODE                       PIC XX.
    75     12  FILLER                            PIC X.
    76
    77     12  EP-ISS-CNT                        PIC S9(7)      COMP-3.
    78     12  EP-ISS-BEN                        PIC S9(11)V99  COMP-3.
    79     12  EP-ISS-BEN-GROSS                  PIC S9(11)V99  COMP-3.
    80
    81     12  EP-CNC-CNT                        PIC S9(7)      COMP-3.
    82     12  EP-CNC-BEN                        PIC S9(11)V99  COMP-3.
    83     12  EP-CNC-BEN-GROSS                  PIC S9(11)V99  COMP-3.
    84
    85     12  EP-ISS-PRM                        PIC S9(9)V99   COMP-3.
    86     12  EP-ISS-PRM-GROSS                  PIC S9(9)V99   COMP-3.
    87     12  EP-CNC-PRM                        PIC S9(9)V99   COMP-3.
    88     12  EP-CNC-PRM-GROSS                  PIC S9(9)V99   COMP-3.
    89
    90     12  EP-PRM-78                         PIC S9(9)V99   COMP-3.
    91     12  EP-PRM-PR                         PIC S9(9)V99   COMP-3.
    92     12  EP-PRM-ST                         PIC S9(9)V99   COMP-3.
    93
    94     12  EP-CLM-AMT                        PIC S9(9)V99   COMP-3.
    95     12  EP-CLM-CNT                        PIC S9(7)      COMP-3.
    96     12  EP-CLM-CRT                        PIC S9(7)      COMP-3.
    97
    98     12  EP-CLM-DU                         PIC S9(7)V99   COMP-3.
    99     12  EP-CLM-PV                         PIC S9(7)V99   COMP-3.
   100     12  EP-CLM-IBNR                       PIC S9(7)V99   COMP-3.
   101     12  EP-LOSS-RESV                      PIC S9(7)V99   COMP-3.
   102     12  EP-CLAIM-ADJ                      PIC S9(7)V99   COMP-3.
   103
   104     12  EP-RETRO-EXPENSES                 PIC S9(7)V99   COMP-3.
   105     12  EP-RETRO-PAYMENTS                 PIC S9(7)V99   COMP-3.
   106     12  EP-RETRO-OTH-COMM                 PIC S9(7)V99   COMP-3.
   107
   108     12  EP-MORT-RESV                      PIC S9(11)V9(6) COMP-3.
   109     12  EP-IN-FORCE                       PIC S9(11)V99   COMP-3.
   110     12  EP-ADJUST                         PIC S9(7)V99    COMP-3.
   111
   112     12  EP-SPECIFIC-OPT-RSV-FIELDS.
   113         16  EP-LIFE-YEARS                 PIC S9(9)      COMP-3.
   114         16  EP-NEW-DATA-IND               PIC X(01).
   115             88  EP-NEW-DATA                   VALUE 'Y'.
   116         16  EP-CLM-EXP                    PIC S9(9)V99   COMP-3.
   117         16  FILLER                        PIC X(19).
   118
   119     12  EP-PRM-78-ADJ                     PIC S9(9)V99   COMP-3.
   120     12  EP-PRM-PR-ADJ                     PIC S9(9)V99   COMP-3.
   121     12  EP-PRM-ST-ADJ                     PIC S9(9)V99   COMP-3.
   122
   123     12  FILLER                            PIC XXX.
   124
   125     12  EP-UNDERWRITING-CODE              PIC X.
   126         88  EP-UNDERWRITTEN-DATA             VALUE 'Y'.
* Micro Focus Server Express         V5.1 revision 000 06-Oct-15 17:18 Page   4
* CIDEPC1.cbl (/apps/prod/cid1p/copy/ECSEPC01)
   127
   128     12  EP-PRM-TAX                        PIC S9(7)V99   COMP-3.
   129
   130     12  FILLER                            PIC X(29).
   131*    12  FILLER                            PIC X(34).
   132
   133     12  EP-AVG-AGE                        PIC S9(3)      COMP-3.
   134     12  EP-AVG-ORIG-TERM                  PIC S9(3)      COMP-3.
   135     12  EP-WEIGHTED-AGE                   PIC S9(3)      COMP-3.
   136     12  EP-WEIGHTED-ORIG-TERM             PIC S9(3)      COMP-3.
   137     12  EP-AVG-REM-TERM                   PIC S9(3)      COMP-3.
   138     12  EP-INFORCE-CNT                    PIC S9(9)      COMP-3.
   139
   140     12  EP-HI-COV-DT                      PIC 9(11)      COMP-3.
   141
   142     12  EP-HI-CERT                        PIC 9(11)      COMP-3.
   143     12  EP-LO-CERT                        PIC 9(11)      COMP-3.
   144
   145     12  EP-PURGE                          PIC X.
   146         88  EP-DATA-FROM-PURGED-CERTS        VALUE 'P'.
   147
   148     12  EP-RUN-DTE                        PIC 9(11)      COMP-3.
   149
   150     02 EC-RECORD     REDEFINES     EP-FILE.
   151     12  EC-RECORD-ID                      PIC XX.
   152         88  VALID-EC-ID                      VALUE 'EC'.
   153
   154     12  EC-COMPANY-CD                     PIC X.
   155
   156     12  EC-REIN                           PIC X.
   157         88  EC-REIN-EXTRACT                  VALUE 'R'.
   158
   159     12  EC-CONTROL.
   160         16  EC-CARRIER                    PIC X.
   161         16  EC-GROUPING.
   162             20  EC-GROUP-PREFIX           PIC XXX.
   163             20  EC-GROUP-PRIME            PIC XXX.
   164         16  EC-STATE                      PIC XX.
   165         16  EC-ACCOUNT.
   166             20  EC-ACCT-PREFIX            PIC X(4).
   167             20  EC-ACCT-PRIME             PIC X(6).
   168         16  EC-DATES.
   169             20  EC-EXP-DTE                PIC 9(11)    COMP-3.
   170             20  EC-EFF-DTE                PIC 9(11)    COMP-3.
   171
   172     12  EC-REI-CO.
   173         16  EC-REINCO                     PIC XXX.
   174         16  EC-REINCO-SUB                 PIC XXX.
   175
   176     12  EC-RCD-TYPE                       PIC X.
   177         88  EC-BEN-TYPE-LIFE                 VALUE 'L'.
   178         88  EC-BEN-TYPE-AH                   VALUE 'A'.
   179         88  EC-BEN-TYPE-PROPERTY             VALUE 'P'.
   180         88  EC-BEN-TYPE-UNEMPLOYMENT         VALUE 'U'.
   181         88  EC-BEN-TYPE-DISMEMBURMENT        VALUE 'D'.
   182     12  EC-BEN-CODE                       PIC XX.
   183     12  EC-SEQ-NBR                        PIC X.
   184         88  EC-COMP-LEVELS-1-5               VALUE '1'.
* Micro Focus Server Express         V5.1 revision 000 06-Oct-15 17:18 Page   5
* CIDEPC1.cbl (/apps/prod/cid1p/copy/ECSEPC01)
   185         88  EC-COMP-LEVELS-6-10              VALUE '2'.
   186
   187     12  EC-AGENTS-DATA.
   188         16  EC-AGENTS-LEVEL     OCCURS   5   TIMES.
   189             20  EC-AGT-NO.
   190                 24  EC-AGT-PREFIX         PIC X(4).
   191                 24  EC-AGT-PRIME          PIC X(6).
   192             20  EC-AGT-TYPE               PIC X.
   193             20  EC-ISS-COMM               PIC S9(9)V99   COMP-3.
   194             20  EC-CNC-COMM               PIC S9(9)V99   COMP-3.
   195             20  EC-COMM-78                PIC S9(9)V99   COMP-3.
   196             20  EC-COMM-PR                PIC S9(9)V99   COMP-3.
   197             20  EC-COMM-ST                PIC S9(9)V99   COMP-3.
   198
   199     12  EC-UNDERWRITING-CODE              PIC X.
   200         88  EC-UNDERWRITTEN-DATA             VALUE 'Y'.
   201
   202     12  EC-AGENTS-DATA-II.
   203         16  EC-AGENTS-LEVEL-II  OCCURS   5   TIMES.
   204             20  EC-COMM-78-ADJ            PIC S9(9)V99   COMP-3.
   205             20  EC-COMM-PR-ADJ            PIC S9(9)V99   COMP-3.
   206
   207     12  FILLER                            PIC X(7).
   208
   209     12  EC-PURGE                          PIC X.
   210         88  EC-DATA-FROM-PURGED-CERTS        VALUE 'P'.
   211
   212     12  EC-RUN-DTE                        PIC 9(11)     COMP-3.
   213
   214******************************************************************
   215
   216 FD  EPEC-OUT
   217     RECORDING MODE F
   218     LABEL RECORDS STANDARD
   219     BLOCK CONTAINS 0 RECORDS.
   220 01  EPEC-RECORD                 PIC X(325).
* Micro Focus Server Express         V5.1 revision 000 06-Oct-15 17:18 Page   6
* CIDEPC1.cbl
   222 WORKING-STORAGE SECTION.
   223 77  FILLER  PIC X(32) VALUE '********************************'.
   224 77  FILLER  PIC X(32) VALUE '   CIDEPC1  WORKING-STORAGE     '.
   225 77  FILLER  PIC X(32) VALUE '*********** VMOD=2.001. ********'.
   226
   227 77  WS-RUN-DATE                 PIC 9(11) VALUE ZEROS.
   228 77  WS-DIS-DATE                 PIC 9(11) VALUE ZEROS.
   229 77  WS-EOF-SW                   PIC X VALUE SPACES.
   230     88  END-OF-EPEC               VALUE 'Y'.
   231 77  WS-DROP-SW                  PIC X VALUE SPACES.
   232     88  DROP-EPEC                 VALUE 'Y'.
   233 77  EPEC-RECS-IN                PIC 9(9) VALUE ZEROS.
   234 77  EPEC-RECS-OUT               PIC 9(9) VALUE ZEROS.
   235 77  EPEC-RECS-DEL               PIC 9(9) VALUE ZEROS.
   236
   237 PROCEDURE DIVISION.
   238
   239 0000-MAIN.
   240
   241     PERFORM 0400-OPEN-FILES     THRU 0400-EXIT
   242
   243     PERFORM 0600-INITIALIZE     THRU 0600-EXIT
   244
   245     PERFORM 0100-PROCESS-EPEC   THRU 0100-EXIT UNTIL
   246           END-OF-EPEC
   247
   248     PERFORM 0500-CLOSE-FILES    THRU 0500-EXIT
   249
   250     DISPLAY ' EPEC RECORDS READ    ' EPEC-RECS-IN
   251     DISPLAY ' EPEC RECORDS WRITTEN ' EPEC-RECS-OUT
   252     GOBACK
   253
   254      .
   255 0100-PROCESS-EPEC.
   256
   257     IF EP-STATE = 'CO'
   258*               OR 'SC' OR 'AZ' OR 'MN' OR 'TX'
   259*               OR 'AK' OR 'CA' OR 'UT' OR 'ME' OR 'NH'
   260*               OR 'OR' OR 'RI' OR 'VT' OR 'DE' OR 'MD'
   261*               OR 'NM' OR 'PA' OR 'SD' OR 'WI' OR 'OH'
   262        PERFORM 0300-WRITE-EPEC  THRU 0300-EXIT
   263     END-IF
   264
   265     PERFORM 0200-READ-EPEC      THRU 0200-EXIT
   266
   267     .
   268 0100-EXIT.
   269     EXIT.
   270
   271 0200-READ-EPEC.
   272
   273     READ EPEC-IN AT END
   274          SET END-OF-EPEC        TO TRUE
   275     END-READ
   276
   277     IF NOT END-OF-EPEC
   278        ADD 1                    TO EPEC-RECS-IN
   279     END-IF
* Micro Focus Server Express         V5.1 revision 000 06-Oct-15 17:18 Page   7
* CIDEPC1.cbl
   280
   281     .
   282 0200-EXIT.
   283     EXIT.
   284
   285 0300-WRITE-EPEC.
   286
   287     WRITE EPEC-RECORD           FROM EP-RECORD
   288     ADD 1                       TO EPEC-RECS-OUT
   289
   290     .
   291 0300-EXIT.
   292     EXIT.
   293
   294 0400-OPEN-FILES.
   295
   296     OPEN INPUT EPEC-IN
   297         OUTPUT EPEC-OUT
   298
   299     .
   300 0400-EXIT.
   301     EXIT.
   302
   303 0500-CLOSE-FILES.
   304
   305     CLOSE EPEC-IN EPEC-OUT
   306
   307     .
   308 0500-EXIT.
   309     EXIT.
   310
   311 0600-INITIALIZE.
   312
   313     PERFORM 0200-READ-EPEC      THRU 0200-EXIT
   314
   315     .
   316 0600-EXIT.
   317     EXIT.
   318
* Micro Focus Server Express         V5.1 revision 000 Compiler
* Copyright (C) Micro Focus IP Development Limited 1984-2012.
*                                                        REF GNR-008065005AF
* Total Messages:     0
* Data:        2240     Code:         626
