* Micro Focus Server Express         V5.1 revision 000 06-Oct-15 17:18 Page   1
* CIDGRX1P.cbl
* Options: int("CIDGRX1P.int") anim csi verbose NOBOUND PARAMCOUNTCHECK
*          directives(cobopt.bth) endp list("CIDGRX1P.lst")
* Setting: NOACCEPTREFRESH NOADV ALIGN"8" ALPHASTART"1" NOALTER NOAMODE ANIM
*          NOANIMPREP ANS85 APOST NOAREACHECK ARITHMETIC"OSVS" ASSIGN
*          "EXTERNAL" NOASSIGN-PRINTER NOAUTOLOCK NOBELL NOBOUND NOBRIEF
*          NOBS2000 BWZSTAR NOBYTEMODEMOVE CALLFH"ebmlsfile" NOCALLMCS
*          NOCALLRECOVERY CALLSORT"EXTSM" CANCEL CANCELLBR NOCHANGEMESSAGE
*          CHARSET"ASCII" NOCHECKDIV NOCHECKREFMOD NOCICS CICS-CPY
*          NOCICSOPTIMIZE NOCMPR2 NOCOBFSTATCONV NOCOBIDY NOCOBOL370 COBOLDIR
*          NOCOMP COMP-5"2" COMP-6"2" NOCOMS85 CONFIRM NOCONVERTRET CONVSPACE
*          COPYEXT",cbl,cpy" NOCOPYLBR COPYLIST COPYLISTCOMMENT"1" CSI
*          CURRENCY-SIGN"36" CURRENT-DATE"MMDDYY" NODATA DATACOMPRESS"0"
*          NODATA-CONTEXT DATE DBCHECK DBCS"2" NODBCSSOSI DBSPACE DE-EDIT"2"
*          DEFAULTBYTE"32" NODEFAULTCALLS DETECTLOCK NODG DIALECT"MF"
*          NODIRECTIVES-IN-COMMENTS NODOSVS NODPCINSUBSCRIPT DYNAM
*          NOEARLY-RELEASE ECHO NOECHOALL NOEDITOR ENSUITE"0" NOENTCOBOL
*          ERRFORMAT"1" ERRLIST"EMBED" NOERRQ FASTSORT NOFCD3 NOFCDREG
*          NOFDCLEAR NOFILESHARE FILETYPE"0" NOFLAG NOFLAGAS NOFLAGCD
*          NOFLAGEUC NOFLAGMIG NOFLAGQ FLAGSINEDIT NOFLAGSTD NOFOLDCALLNAME
*          NOFOLDCOPYNAME FORM"60" NOFP-ROUNDING NOHOSTARITHMETIC
*          NOHOSTCONTZERO NOHOST-NUMCOMPARE NOHOST-NUMMOVE NOHOSTFD NOHOSTRW
*          NOIBM-MS IBMCOMP IDXFORMAT"0" NOILGEN IMPLICITSCOPE NOINDD
*          INFORETURN"0" NOINITCALL INITPTR INT"CIDGRX1P.int" INTDATE"ANSI"
*          INTLEVEL"2" IOCONV NOISO2002 NOIXNLSKEY NOIXNUMKEY KEEP-INT
*          KEYCHECK KEYCOMPRESS"0" LIBRARIAN"2" NOLINE-COUNT LIST
*          "CIDGRX1P.lst" LISTPATH"" LISTWIDTH"80" LITVAL-SIZE"4" LOCKTYPE"0"
*          NOMAPNAME NOMAXERROR METHODDEFAULT"REFERENCE" MF"15" MFCOMMENT
*          NOMOVELENCHECK NOMS NOMVS NATIVE"ASCII" NONATIVEFLOATINGPOINT
*          NONCHAR NONEWBASENAME NONLS NSYMBOL"DBCS" NOODOOSVS NOODOSLIDE
*          NOOLDBLANKLINE NOOLDCOPY NOOLDINDEX NOOLDNEXTSENTENCE NOOLDREADINTO
*          NOOLDSTRMIX OOCTRL"-C-E-G-P+Q+R-S+W" OPTIONAL-FILE NOOS390 OSEXT""
*          NOOSVS NOOUTDD NOP64 NOPANVALET PERFORM-TYPE"OSVS" NOPREPLIST
*          NOPREPROCESS NOPRINT-EXT NOPROFILE NOPROGID-COMMENT
*          NOPROGID-INT-NAME NOPROTECT-LINKAGE PROTOTYPE"RELAXED" QUAL
*          QUALPROC NOQUERY NOQUOTE NORAWLIST NORDW RECMODE"F" NOREENTRANT
*          NOREF NOREFNO REMAINDER"1" REPORT-LINE"256" RESEQ NORETRYLOCK
*          REWRITE-LS NORM RTNCODE-SIZE"4" NORWHARDPAGE NOSAA SEG NOSEQCHK
*          SEQUENTIAL"RECORD" NOSERIAL SETTING"LINE" NOSHAREOUTDD NOSHOW-DIR
*          SIGN"ASCII" NOSIGNDISCARD NOSIGNFIXUP SORTTYPE"DFSORT" SOURCEFORMAT
*          "FIXED" SOURCETABSTOP"8" NOSPZERO NOSSRANGE STDERR NOSTICKY-LINKAGE
*          NOSTICKY-PERFORM SUPFF SWITCHTYPE"1" SYMBSTART"1" SYSPUNCH"132"
*          TERMPAGE TIME NOTRACE NOTRUNC NOTRUNCCALLNAME NOTRUNCCOPY TRUNCINC
*          "10" UNICODE"NATIVE" VERBOSE VSC2"2" WARNING"1" NOWB NOWB2 NOWB3
*          WEBSERVER"CGI" NOWRITELOCK NOWRITETHRU NOXOPEN NOXREF
*          NOZEROLENGTHFALSE NOZEROSEQ NOZWB
     1 IDENTIFICATION DIVISION.
     2 PROGRAM-ID. PEMGRX1.
     3 AUTHOR.     PABLO.
     4 DATE-COMPILED. 06-Oct-15 17:18.
     5******************************************************************
     6*                   C H A N G E   L O G
     7*
     8* CHANGES ARE MARKED BY THE CHANGE EFFECTIVE DATE.
     9*-----------------------------------------------------------------
    10*  CHANGE   CHANGE REQUEST PGMR  DESCRIPTION OF CHANGE
    11* EFFECTIVE    NUMBER
    12*-----------------------------------------------------------------
    13* 011604                   SMVA  ADD MORTALITY RESERVE TO EXTR FILE
* Micro Focus Server Express         V5.1 revision 000 06-Oct-15 17:18 Page   2
* CIDGRX1P.cbl
    14* 031704                   SMVA  ADD REINSURANCE SUB TO EXTR FILE
    15* 052704 IR2004052400001   SMVA  CHG DELIMITER FROM TAB TO ;
    16*******************************************************************
    17 ENVIRONMENT DIVISION.
    18 INPUT-OUTPUT SECTION.
    19 FILE-CONTROL.
    20
    21     SELECT GAAP-FILE-IN     ASSIGN TO GAAPIN.
    22
    23     SELECT GAAP-FILE-OUT    ASSIGN TO GAAPOT
    24         ORGANIZATION IS LINE SEQUENTIAL.
    25
* Micro Focus Server Express         V5.1 revision 000 06-Oct-15 17:18 Page   3
* CIDGRX1P.cbl
    27 DATA DIVISION.
    28 FILE SECTION.
    29
    30 FD  GAAP-FILE-IN
    31     RECORDING MODE F
    32     LABEL RECORDS STANDARD
    33     BLOCK CONTAINS 0 RECORDS.
    34
*   35     COPY ECSGAP01.
    36******************************************************************04/29/98
    37*                                                                *ECSGAP01
    38*                            ECSGAP01                            *   LV009
    39*           COPYBOOK REVIEWED FOR YEAR 2000 COMPLIANCE               CL**9
    40*                            VMOD=2.009                          *ECSGAP01
    41*                                                                *ECSGAP01
    42*   FILE DESCRIPTION = G.A.A.P. EXTRACT RECORD                   *ECSGAP01
    43*                                                                *ECSGAP01
    44*   FILE TYPE = SEQUENTIAL                                        ECSGAP01
    45*   RECORD SIZE = 365  RECFORM = FIXED                           *ECSGAP01
    46*                                                                *ECSGAP01
    47*   KEY DATA =                         START=5, LEN=36           *ECSGAP01
    48*                                                                *ECSGAP01
    49*  NO  CSO  MODS  IN  COPYBOOK  ECSGAP01                         *ECSGAP01
    50*                                                                *ECSGAP01
    51******************************************************************ECSGAP01
    52*                   C H A N G E   L O G
    53*
    54* CHANGES ARE MARKED BY THE CHANGE EFFECTIVE DATE.
    55*-----------------------------------------------------------------
    56*  CHANGE   CHANGE REQUEST PGMR  DESCRIPTION OF CHANGE
    57* EFFECTIVE    NUMBER
    58*-----------------------------------------------------------------
    59* 020305    2005020000000  PEMA  ADD CLP STATE TO GAAP RECORD
    60******************************************************************
    61                                                                  ECSGAP01
    62 01  GAAP-RECORD.                                                 ECSGAP01
    63     12  GR-RECORD-ID                      PIC XX.                ECSGAP01
    64         88  VALID-GR-ID                      VALUE 'GR'.         ECSGAP01
    65                                                                  ECSGAP01
    66     12  GR-COMPANY-CD                     PIC X.                 ECSGAP01
    67                                                                  ECSGAP01
    68     12  GR-REIN                           PIC X.                 ECSGAP01
    69                                                                  ECSGAP01
    70     12  GR-CONTROL.                                              ECSGAP01
    71         16  GR-CARRIER                    PIC X.                 ECSGAP01
    72         16  GR-GROUPING.                                         ECSGAP01
    73             20  GR-GROUP-PREFIX           PIC XXX.               ECSGAP01
    74             20  GR-GROUP-PRIME            PIC XXX.               ECSGAP01
    75         16  GR-STATE                      PIC XX.                ECSGAP01
    76         16  GR-ACCOUNT.                                          ECSGAP01
    77             20  GR-ACCT-PREFIX            PIC X(4).              ECSGAP01
    78             20  GR-ACCT-PRIME             PIC X(6).              ECSGAP01
    79         16  GR-EFF                        PIC 9(11)  COMP-3.     ECSGAP01
    80         16  GR-CERT-NO.                                          ECSGAP01
    81             20  GR-CERT.                                         ECSGAP01
    82                 24  GR-CERT-PREFIX        PIC XXX.               ECSGAP01
    83                 24  GR-CERT-PRIME         PIC X(7).              ECSGAP01
    84             20  GR-CERT-SUFFIX            PIC X.                 ECSGAP01
* Micro Focus Server Express         V5.1 revision 000 06-Oct-15 17:18 Page   4
* CIDGRX1P.cbl (/apps/prod/cid1p/copy/ECSGAP01)
    85                                                                  ECSGAP01
    86     12  GR-REIN-COMP.                                            ECSGAP01
    87         16  GR-REINCO                     PIC XXX.               ECSGAP01
    88         16  GR-REINCO-SUB                 PIC XXX.               ECSGAP01
    89                                                                  ECSGAP01
    90     12  GR-IG                             PIC X.                 ECSGAP01
    91     12  GR-APR                            PIC S999V9(4)  COMP-3. ECSGAP01
    92     12  GR-PMT-FREQ                       PIC 99.                ECSGAP01
    93     12  GR-LOAN-TERM                      PIC S999       COMP-3. ECSGAP01
    94     12  GR-AGE                            PIC 99.                ECSGAP01
    95     12  GR-ACC-EXPIRES                    PIC 9(11)      COMP-3.    CL**2
    96                                                                  ECSGAP01
    97     12  GR-BASIC.                                                ECSGAP01
    98         16  GR-LFTYP                      PIC XX.                ECSGAP01
    99         16  GR-LF-TERM                    PIC S999       COMP-3. ECSGAP01
   100         16  GR-LF-REMTERM                 PIC S999V99    COMP-3. ECSGAP01
   101         16  GR-LF-UP-REMTERM              PIC S999V99    COMP-3. ECSGAP01
   102         16  GR-LFBEN                      PIC S9(9)V99   COMP-3. ECSGAP01
   103         16  GR-LFPRM                      PIC S9(7)V99   COMP-3. ECSGAP01
   104         16  GR-LFCOM                      PIC S9(7)V99   COMP-3. ECSGAP01
   105         16  GR-LFEXP                      PIC S9(7)V99   COMP-3. ECSGAP01
   106         16  GR-LFTAX                      PIC S9(7)V99   COMP-3. ECSGAP01
   107                                                                  ECSGAP01
   108         16  GR-AHTYP                      PIC XX.                ECSGAP01
   109         16  GR-AH-TERM                    PIC S999       COMP-3. ECSGAP01
   110         16  GR-AH-REMTERM                 PIC S999V9     COMP-3. ECSGAP01
   111         16  GR-AH-UP-REMTERM              PIC S999V99    COMP-3. ECSGAP01
   112         16  GR-AHBEN                      PIC S9(7)V99   COMP-3. ECSGAP01
   113         16  GR-AHPRM                      PIC S9(7)V99   COMP-3. ECSGAP01
   114         16  GR-AHCOM                      PIC S9(7)V99   COMP-3. ECSGAP01
   115         16  GR-AHEXP                      PIC S9(7)V99   COMP-3. ECSGAP01
   116         16  GR-AHTAX                      PIC S9(7)V99   COMP-3. ECSGAP01
   117                                                                  ECSGAP01
   118     12  GR-PRORATA.                                              ECSGAP01
   119         16  GRP-LFPRM                     PIC S9(7)V99   COMP-3. ECSGAP01
   120         16  GRP-LFCOM                     PIC S9(7)V99   COMP-3. ECSGAP01
   121         16  GRP-LFEXP                     PIC S9(7)V99   COMP-3. ECSGAP01
   122         16  GRP-LFTAX                     PIC S9(7)V99   COMP-3. ECSGAP01
   123         16  GRP-AHPRM                     PIC S9(7)V99   COMP-3. ECSGAP01
   124         16  GRP-AHCOM                     PIC S9(7)V99   COMP-3. ECSGAP01
   125         16  GRP-AHEXP                     PIC S9(7)V99   COMP-3. ECSGAP01
   126         16  GRP-AHTAX                     PIC S9(7)V99   COMP-3. ECSGAP01
   127                                                                  ECSGAP01
   128     12  GR-R78.                                                  ECSGAP01
   129         16  GRR-LFPRM                     PIC S9(7)V99   COMP-3. ECSGAP01
   130         16  GRR-LFCOM                     PIC S9(7)V99   COMP-3. ECSGAP01
   131         16  GRR-LFEXP                     PIC S9(7)V99   COMP-3. ECSGAP01
   132         16  GRR-LFTAX                     PIC S9(7)V99   COMP-3. ECSGAP01
   133         16  GRR-AHPRM                     PIC S9(7)V99   COMP-3. ECSGAP01
   134         16  GRR-AHCOM                     PIC S9(7)V99   COMP-3. ECSGAP01
   135         16  GRR-AHEXP                     PIC S9(7)V99   COMP-3. ECSGAP01
   136         16  GRR-AHTAX                     PIC S9(7)V99   COMP-3. ECSGAP01
   137                                                                  ECSGAP01
   138     12  GR-DOMICILE-STAT.                                        ECSGAP01
   139         16  GRD-LFPRM                     PIC S9(7)V99   COMP-3. ECSGAP01
   140         16  GRD-LFCOM                     PIC S9(7)V99   COMP-3. ECSGAP01
   141         16  GRD-AHPRM                     PIC S9(7)V99   COMP-3. ECSGAP01
   142         16  GRD-AHCOM                     PIC S9(7)V99   COMP-3. ECSGAP01
* Micro Focus Server Express         V5.1 revision 000 06-Oct-15 17:18 Page   5
* CIDGRX1P.cbl (/apps/prod/cid1p/copy/ECSGAP01)
   143                                                                  ECSGAP01
   144     12  GR-STATE-STAT.                                           ECSGAP01
   145         16  GRS-LFPRM                     PIC S9(7)V99   COMP-3. ECSGAP01
   146         16  GRS-LFCOM                     PIC S9(7)V99   COMP-3. ECSGAP01
   147         16  GRS-AHPRM                     PIC S9(7)V99   COMP-3. ECSGAP01
   148         16  GRS-AHCOM                     PIC S9(7)V99   COMP-3. ECSGAP01
   149                                                                  ECSGAP01
   150     12  GR-MORTALITY-DATA.                                       ECSGAP01
   151         16  GR-MORT-CONTROL.                                     ECSGAP01
   152             20  GR-MORT-CODE.                                    ECSGAP01
   153                 24  GR-MORT-BASE.                                ECSGAP01
   154                     28  GR-MORT-TBL       PIC X.                 ECSGAP01
   155                     28  GR-MORT-INT       PIC XX.                ECSGAP01
   156                 24  GR-MORT-TYP           PIC X.                 ECSGAP01
   157             20  GR-MORT-AGE               PIC 99.                ECSGAP01
   158         16  GR-MORT-DATA.                                        ECSGAP01
   159             20  GR-REM-AMT                PIC S9(9)V99   COMP-3. ECSGAP01
   160             20  GR-MO-DEC                 PIC S9(9)V99   COMP-3. ECSGAP01
   161             20  GR-MORT-FACT              PIC S9(5)V9(4) COMP-3. ECSGAP01
   162             20  GR-RESV                   PIC S9(7)V99   COMP-3. ECSGAP01
   163         16  GR-FLAG                       PIC X.                 ECSGAP01
   164                                                                  ECSGAP01
   165     12  GR-ALT-MORTALITY-DATA.                                   ECSGAP01
   166         16  GR-ALT-MORT-CODE.                                    ECSGAP01
   167             20  GR-ALT-MORT-BASE.                                ECSGAP01
   168                 24  GR-ALT-MORT-TBL       PIC X.                 ECSGAP01
   169                 24  GR-ALT-MORT-INT       PIC XX.                ECSGAP01
   170             20  GR-ALT-MORT-TYP           PIC X.                 ECSGAP01
   171         16  GR-ALT-MORT-DATA.                                    ECSGAP01
   172             20  GR-ALT-RESV               PIC S9(7)V99   COMP-3. ECSGAP01
   173                                                                  ECSGAP01
   174     12  GR-CNT                            PIC S999       COMP-3. ECSGAP01
   175     12  GR-CNT-LF                         PIC S999       COMP-3. ECSGAP01
   176     12  GR-CNT-AH                         PIC S999       COMP-3. ECSGAP01
   177     12  GR-AH-REM-BEN                     PIC S9(9)V99   COMP-3. ECSGAP01
   178                                                                  ECSGAP01
   179     12  GR-ENT-DT                         PIC 9(11)      COMP-3. ECSGAP01
   180                                                                  ECSGAP01
   181     12  GR-SUMMARY-FLAG                   PIC X.                 ECSGAP01
   182         88  GR-SUMMARY-REC                   VALUE 'Z'.          ECSGAP01
   183                                                                  ECSGAP01
   184     12  GR-2ND-LFTYP-FLAG                 PIC X.                 ECSGAP01
   185         88  GR-2ND-LIFE-REC                  VALUE 'S'.          ECSGAP01
   186                                                                  ECSGAP01
   187     12  GR-CERT-STATUS                    PIC  X.                ECSGAP01
   188     12  GR-DIR-CERT-LFBEN                 PIC  S9(7)V99  COMP-3. ECSGAP01
   189                                                                  ECSGAP01
   190     12  GR-LF-EXPIRE-DATE                 PIC  9(11)     COMP-3. ECSGAP01
   191                                                                  ECSGAP01
   192     12  GR-AH-EXPIRE-DATE                 PIC  9(11)     COMP-3. ECSGAP01
   193                                                                  ECSGAP01
   194     12  GR-REGION                         PIC X(6).              ECSGAP01
   195     12  GR-POOL-PRIME                     PIC XXX.               ECSGAP01
   196                                                                  ECSGAP01
   197     12  GR-UNDERWRITING-CODE              PIC X.                 ECSGAP01
   198         88  GR-POLICY-UNDERWRITTEN           VALUE 'Y'.          ECSGAP01
   199                                                                  ECSGAP01
   200     12  GR-OB-IND                         PIC X.                 ECSGAP01
* Micro Focus Server Express         V5.1 revision 000 06-Oct-15 17:18 Page   6
* CIDGRX1P.cbl (/apps/prod/cid1p/copy/ECSGAP01)
   201                                                                  ECSGAP01
   202     12  GR-SEX-CODE                       PIC X.                 ECSGAP01
   203         88  GR-SEX-MALE                      VALUE 'M'.          ECSGAP01
   204         88  GR-SEX-FEMALE                    VALUE 'F'.          ECSGAP01
   205                                                                  ECSGAP01
   206*    12  GR-SERVICE-FEE.                                          ECSGAP01
   207*        16  GR-LFSRV                      PIC S9(7)V99   COMP-3. ECSGAP01
   208*        16  GR-AHSRV                      PIC S9(7)V99   COMP-3. ECSGAP01
   209     12  GR-UNLD-STAT-MORT-RESV            PIC S9(7)V99   COMP-3.
   210     12  FILLER                            PIC X(5).
   211                                                                  ECSGAP01
   212     12  GR-INS-NAME.
   213         16  GR-DCC-CLP-STATE              PIC XX.
   214         16  GR-GRPTYP                     PIC XX.
   215         16  FILLER                        PIC X(9).
   216*    12  FILLER                            PIC X(13).             ECSGAP01
   217                                                                  ECSGAP01
   218******************************************************************ECSGAP01
* Micro Focus Server Express         V5.1 revision 000 06-Oct-15 17:18 Page   7
* CIDGRX1P.cbl
   219/
   220
   221 FD  GAAP-FILE-OUT
   222     RECORDING MODE F
   223     LABEL RECORDS STANDARD
   224     BLOCK CONTAINS 0 RECORDS.
   225
   226 01  GAAP-FILE-OUT-REC           PIC X(257).
   227
   228 WORKING-STORAGE SECTION.
   229 77  FILLER  PIC X(32) VALUE '********************************'.
   230 77  FILLER  PIC X(32) VALUE '   PEMGRX1  WORKING STORAGE     '.
   231 77  FILLER  PIC X(32) VALUE '********************************'.
   232
   233 77  WS-EOF-SW               PIC X VALUE SPACES.
   234     88  END-OF-GAAP               VALUE 'Y'.
   235 77  GAP-RECS-IN             PIC 9(9) VALUE ZEROS.
   236 77  GAP-RECS-OUT            PIC 9(9) VALUE ZEROS.
   237 77  SUB1                    PIC S9(5) VALUE +0 COMP-3.
   238
   239 01  GAAP-DETAIL-RECORD.
   240     12  EX-MOE-DATE             PIC X(10).
   241     12  EX-TABA                 PIC X.
   242     12  EX-CARRIER              PIC X.
   243     12  EX-TAB1                 PIC X.
   244     12  EX-GROUPING             PIC X(6).
   245     12  EX-TAB2                 PIC X.
   246     12  EX-STATE                PIC XX.
   247     12  EX-TAB3                 PIC X.
   248     12  EX-ACCOUNT              PIC X(10).
   249     12  EX-TAB4                 PIC X.
   250     12  EX-EFF                  PIC X(10).
   251     12  EX-TAB5                 PIC X.
   252     12  EX-CERT-NO              PIC X(11).
   253     12  EX-TAB6                 PIC X.
   254     12  EX-LFTYP                PIC XX.
   255     12  EX-TAB7                 PIC X.
   256     12  EX-LF-TERM              PIC 999.
   257     12  EX-TAB8                 PIC X.
   258     12  EX-LF-REMTERM           PIC 999.
   259     12  EX-TAB9                 PIC X.
   260     12  EX-LF-UP-REMTERM        PIC 999.
   261     12  EX-TAB9A                PIC X.
   262     12  EX-LFBEN                PIC -9(9).99.
   263     12  EX-TAB10                PIC X.
   264     12  EX-LFPRM                PIC -9(7).99.
   265     12  EX-TAB11                PIC X.
   266     12  EX-AHTYP                PIC XX.
   267     12  EX-TAB12                PIC X.
   268     12  EX-AH-TERM              PIC 999.
   269     12  EX-TAB13                PIC X.
   270     12  EX-AH-REMTERM           PIC 999.
   271     12  EX-TAB14                PIC X.
   272     12  EX-AH-UP-REMTERM        PIC 999.
   273     12  EX-TAB14A               PIC X.
   274     12  EX-AHBEN                PIC -9(7).99.
   275     12  EX-TAB15                PIC X.
   276     12  EX-AHPRM                PIC -9(7).99.
* Micro Focus Server Express         V5.1 revision 000 06-Oct-15 17:18 Page   8
* CIDGRX1P.cbl
   277     12  EX-TAB16                PIC X.
   278     12  EX-REM-AMT              PIC -9(8).99.
   279     12  EX-TAB17                PIC X.
   280     12  EX-PLFPRM               PIC -9(7).99.
   281     12  EX-TAB18                PIC X.
   282     12  EX-RLFPRM               PIC -9(7).99.
   283     12  EX-TAB19                PIC X.
   284     12  EX-SLFPRM               PIC -9(7).99.
   285     12  EX-TAB20                PIC X.
   286     12  EX-PAHPRM               PIC -9(7).99.
   287     12  EX-TAB21                PIC X.
   288     12  EX-RAHPRM               PIC -9(7).99.
   289     12  EX-TAB22                PIC X.
   290     12  EX-SAHPRM               PIC -9(7).99.
   291     12  EX-TAB23                PIC X.
   292     12  EX-REIN                 PIC X.
   293     12  EX-TAB24                PIC X.
   294     12  EX-REIN-CO              PIC X(03).
   295     12  EX-TAB25                PIC X.
   296     12  EX-AH-REM-BEN           PIC -9(9).99.
   297     12  EX-TAB26                PIC X.
   298     12  EX-MORT-RESV            PIC -9(7).99.
   299     12  EX-TAB27                PIC X.
   300     12  EX-REIN-SUB             PIC X(03).
   301
   302******************************************************************
   303 01  WS-MISC.
   304     05  WS-SAVE-GAAP            PIC X(257) VALUE LOW-VALUES.
   305     05  WS-DATE                 PIC 9(11) VALUE ZEROS.
   306     05  FILLER REDEFINES WS-DATE.
   307         10  FILLER              PIC 999.
   308         10  WS-CCYY             PIC 9999.
   309         10  WS-MM               PIC 99.
   310         10  WS-DD               PIC 99.
   311
*  312                                 COPY ELCDATE.
   313******************************************************************06/11/98
   314*                                                                *ELCDATE
   315*                                                                *ELCDATE
   316*                            ELCDATE.                            *   LV023
   317*           COPYBOOK REVIEWED FOR YEAR 2000 COMPLIANCE               CL*16
   318*                            VMOD=2.003                           ELCDATE
   319*                                                                *ELCDATE
   320*                                                                *ELCDATE
   321*   DESCRIPTION:  DATA PASSED TO DATE CONVERSION ROUTINE.        *ELCDATE
   322*                 LENGTH = 200                                   *   CL*19
   323******************************************************************ELCDATE
   324                                                                  ELCDATE
   325 01  DATE-CONVERSION-DATA.                                        ELCDATE
   326     12  DC-COMM-LENGTH                PIC S9(4) COMP VALUE +200.    CL*19
   327     12  DC-OPTION-CODE                PIC X.                        CL*15
   328         88  BIN-TO-GREG                VALUE ' '.                ELCDATE
   329         88  ELAPSED-BETWEEN-BIN        VALUE '1'.                ELCDATE
   330         88  EDIT-GREG-TO-BIN           VALUE '2'.                ELCDATE
   331         88  YMD-GREG-TO-BIN            VALUE '3'.                ELCDATE
   332         88  MDY-GREG-TO-BIN            VALUE '4'.                ELCDATE
   333         88  JULIAN-TO-BIN              VALUE '5'.                ELCDATE
   334         88  BIN-PLUS-ELAPSED           VALUE '6'.                ELCDATE
* Micro Focus Server Express         V5.1 revision 000 06-Oct-15 17:18 Page   9
* CIDGRX1P.cbl (/apps/prod/cid1p/copy/ELCDATE)
   335         88  FIND-CENTURY               VALUE '7'.                   CL*22
   336         88  ELAPSED-BETWEEN-BIN-3      VALUE '8'.                ELCDATE
   337         88  EDIT-GREG-TO-BIN-3         VALUE '9'.                ELCDATE
   338         88  YMD-GREG-TO-BIN-3          VALUE 'A'.                ELCDATE
   339         88  MDY-GREG-TO-BIN-3          VALUE 'B'.                ELCDATE
   340         88  JULIAN-TO-BIN-3            VALUE 'C'.                ELCDATE
   341         88  BIN-PLUS-ELAPSED-3         VALUE 'D'.                ELCDATE
   342         88  JULIAN-EXPANDED-TO-BIN     VALUE 'E'.                   CL*14
   343         88  JULIAN-EXPANDED-TO-BIN-3   VALUE 'F'.                   CL*14
   344         88  BIN-TO-JULIAN-EXPANDED     VALUE 'G'.                   CL*14
   345         88  JULIAN-EXPANDED            VALUE 'E', 'F', 'G'.         CL*14
   346         88  CHECK-LEAP-YEAR            VALUE 'H'.                   CL*14
   347         88  BIN-3-TO-GREG              VALUE 'I'.                   CL*14
   348         88  CYMD-GREG-TO-BIN-3         VALUE 'J'.                   CL*14
   349         88  MDCY-GREG-TO-BIN-3         VALUE 'K'.                   CL*14
   350         88  CYMD-GREG-TO-BIN           VALUE 'L'.                   CL*14
   351         88  MDCY-GREG-TO-BIN           VALUE 'M'.                   CL*14
   352         88  MDY-GREG-TO-JULIAN         VALUE 'N'.                   CL*14
   353         88  MDCY-GREG-TO-JULIAN        VALUE 'O'.                   CL*14
   354         88  YMD-GREG-TO-JULIAN         VALUE 'P'.                   CL*14
   355         88  CYMD-GREG-TO-JULIAN        VALUE 'Q'.                   CL*14
   356         88  THREE-CHARACTER-BIN                                  ELCDATE
   357                  VALUES  '8' '9' 'A' 'B' 'C' 'D' 'I' 'J' 'K'.       CL*14
   358         88  GREGORIAN-TO-BIN                                        CL**2
   359                  VALUES '2' '3' '4' '9' 'A' 'B' 'J' 'K' 'L' 'M'.    CL*14
   360         88  BIN-TO-GREGORIAN                                        CL**2
   361                  VALUES ' ' '1' 'I' '8' 'G'.                        CL*14
   362         88  JULIAN-TO-BINARY                                        CL**2
   363                  VALUES '5' 'C' 'E' 'F'.                            CL*14
   364     12  DC-ERROR-CODE                 PIC X.                        CL*15
   365         88  NO-CONVERSION-ERROR        VALUE ' '.                   CL**3
   366         88  DATE-CONVERSION-ERROR                                ELCDATE
   367                  VALUES '1' '2' '3' '4' '5' '9' 'A' 'B' 'C'.        CL*14
   368         88  DATE-IS-ZERO               VALUE '1'.                ELCDATE
   369         88  DATE-IS-NON-NUMERIC        VALUE '2'.                ELCDATE
   370         88  DATE-IS-INVALID            VALUE '3'.                ELCDATE
   371         88  DATE1-GREATER-DATE2        VALUE '4'.                ELCDATE
   372         88  ELAPSED-PLUS-NEGATIVE      VALUE '5'.                ELCDATE
   373         88  DATE-INVALID-OPTION        VALUE '9'.                ELCDATE
   374         88  INVALID-CENTURY            VALUE 'A'.                ELCDATE
   375         88  ONLY-CENTURY               VALUE 'B'.                ELCDATE
   376         88  ONLY-LEAP-YEAR             VALUE 'C'.                ELCDATE
   377         88  VALID-CENTURY-LEAP-YEAR    VALUE 'B', 'C'.              CL**3
   378     12  DC-END-OF-MONTH               PIC X.                        CL*15
   379         88  CALCULATE-END-OF-MONTH     VALUE '1'.                ELCDATE
   380     12  DC-CENTURY-ADJUSTMENT         PIC X   VALUE SPACES.         CL*15
   381         88  USE-NORMAL-PROCESS         VALUE ' '.                ELCDATE
   382         88  ADJUST-DOWN-100-YRS        VALUE '1'.                ELCDATE
   383         88  ADJUST-UP-100-YRS          VALUE '2'.                ELCDATE
   384     12  FILLER                        PIC X.                        CL*15
   385     12  DC-CONVERSION-DATES.                                        CL*15
   386         16  DC-BIN-DATE-1             PIC XX.                       CL*15
   387         16  DC-BIN-DATE-2             PIC XX.                       CL*15
   388         16  DC-GREG-DATE-1-EDIT       PIC X(08).                    CL*15
   389         16  DC-GREG-DATE-1-EDIT-R REDEFINES                         CL*15
   390                       DC-GREG-DATE-1-EDIT.                       ELCDATE
   391             20  DC-EDIT1-MONTH        PIC 99.                       CL*15
   392             20  SLASH1-1              PIC X.                        CL*15
* Micro Focus Server Express         V5.1 revision 000 06-Oct-15 17:18 Page  10
* CIDGRX1P.cbl (/apps/prod/cid1p/copy/ELCDATE)
   393             20  DC-EDIT1-DAY          PIC 99.                       CL*15
   394             20  SLASH1-2              PIC X.                        CL*15
   395             20  DC-EDIT1-YEAR         PIC 99.                       CL*15
   396         16  DC-GREG-DATE-2-EDIT       PIC X(08).                    CL*15
   397         16  DC-GREG-DATE-2-EDIT-R REDEFINES                         CL*15
   398                     DC-GREG-DATE-2-EDIT.                         ELCDATE
   399             20  DC-EDIT2-MONTH        PIC 99.                       CL*15
   400             20  SLASH2-1              PIC X.                        CL*15
   401             20  DC-EDIT2-DAY          PIC 99.                       CL*15
   402             20  SLASH2-2              PIC X.                        CL*15
   403             20  DC-EDIT2-YEAR         PIC 99.                       CL*15
   404         16  DC-GREG-DATE-1-YMD        PIC 9(06).                    CL*15
   405         16  DC-GREG-DATE-1-YMD-R  REDEFINES                         CL*15
   406                     DC-GREG-DATE-1-YMD.                          ELCDATE
   407             20  DC-YMD-YEAR           PIC 99.                       CL*15
   408             20  DC-YMD-MONTH          PIC 99.                       CL*15
   409             20  DC-YMD-DAY            PIC 99.                       CL*15
   410         16  DC-GREG-DATE-1-MDY        PIC 9(06).                    CL*15
   411         16  DC-GREG-DATE-1-MDY-R REDEFINES                          CL*15
   412                      DC-GREG-DATE-1-MDY.                         ELCDATE
   413             20  DC-MDY-MONTH          PIC 99.                       CL*15
   414             20  DC-MDY-DAY            PIC 99.                       CL*15
   415             20  DC-MDY-YEAR           PIC 99.                       CL*15
   416         16  DC-GREG-DATE-1-ALPHA.                                   CL*15
   417             20  DC-ALPHA-MONTH        PIC X(10).                    CL*15
   418             20  DC-ALPHA-DAY          PIC 99.                       CL*15
   419             20  FILLER                PIC XX.                       CL*15
   420             20  DC-ALPHA-CENTURY.                                   CL*15
   421                 24 DC-ALPHA-CEN-N     PIC 99.                       CL*15
   422             20  DC-ALPHA-YEAR         PIC 99.                       CL*15
   423         16  DC-ELAPSED-MONTHS         PIC S9(4)     COMP.           CL*15
   424         16  DC-ODD-DAYS-OVER          PIC S9(4)     COMP.           CL*15
   425         16  DC-ELAPSED-DAYS           PIC S9(4)     COMP.           CL*15
   426         16  DC-JULIAN-DATE            PIC 9(05).                    CL*15
   427         16  DC-JULIAN-YYDDD REDEFINES DC-JULIAN-DATE                CL*20
   428                                       PIC 9(05).                    CL*20
   429         16  DC-JULIAN-DT REDEFINES DC-JULIAN-DATE.                  CL*15
   430             20  DC-JULIAN-YEAR        PIC 99.                       CL*15
   431             20  DC-JULIAN-DAYS        PIC 999.                      CL*15
   432         16  DC-DAYS-IN-MONTH          PIC S9(3)       COMP-3.       CL*15
   433         16  DC-DAY-OF-WEEK            PIC S9  VALUE ZERO COMP-3.    CL*15
   434         16  DC-DAY-OF-WEEK2           PIC S9  VALUE ZERO COMP-3.    CL*15
   435     12  DATE-CONVERSION-VARIBLES.                                   CL*15
   436         16  HOLD-CENTURY-1            PIC 9(11) VALUE 0.            CL*15
   437         16  HOLD-CENTURY-1-SPLIT REDEFINES HOLD-CENTURY-1.          CL*15
   438             20  FILLER                PIC 9(3).                     CL*15
   439             20  HOLD-CEN-1-CCYY.                                    CL*15
   440                 24  HOLD-CEN-1-CC     PIC 99.                       CL*17
   441                 24  HOLD-CEN-1-YY     PIC 99.                       CL*17
   442             20  HOLD-CEN-1-MO         PIC 99.                       CL*17
   443             20  HOLD-CEN-1-DA         PIC 99.                       CL*17
   444         16  HOLD-CENTURY-1-R   REDEFINES HOLD-CENTURY-1.            CL*15
   445             20  HOLD-CEN-1-R-MO       PIC 99.                       CL*17
   446             20  HOLD-CEN-1-R-DA       PIC 99.                       CL*17
   447             20  HOLD-CEN-1-R-CCYY.                                  CL*15
   448                 24  HOLD-CEN-1-R-CC   PIC 99.                       CL*17
   449                 24  HOLD-CEN-1-R-YY   PIC 99.                       CL*17
   450             20  FILLER                PIC 9(3).                     CL*15
* Micro Focus Server Express         V5.1 revision 000 06-Oct-15 17:18 Page  11
* CIDGRX1P.cbl (/apps/prod/cid1p/copy/ELCDATE)
   451         16  HOLD-CENTURY-1-X.                                       CL*15
   452             20  FILLER                PIC X(3)  VALUE SPACES.       CL*15
   453             20  HOLD-CEN-1-X-CCYY.                                  CL*15
   454                 24  HOLD-CEN-1-X-CC   PIC XX VALUE SPACES.          CL*17
   455                 24  HOLD-CEN-1-X-YY   PIC XX VALUE SPACES.          CL*17
   456             20  HOLD-CEN-1-X-MO       PIC XX VALUE SPACES.          CL*17
   457             20  HOLD-CEN-1-X-DA       PIC XX VALUE SPACES.          CL*17
   458         16  HOLD-CENTURY-1-R-X REDEFINES HOLD-CENTURY-1-X.          CL*15
   459             20  HOLD-CEN-1-R-X-MO     PIC XX.                       CL*17
   460             20  HOLD-CEN-1-R-X-DA     PIC XX.                       CL*17
   461             20  HOLD-CEN-1-R-X-CCYY.                                CL*15
   462                 24  HOLD-CEN-1-R-X-CC PIC XX.                       CL*17
   463                 24  HOLD-CEN-1-R-X-YY PIC XX.                       CL*17
   464             20  FILLER                PIC XXX.                      CL*23
   465         16  DC-BIN-DATE-EXPAND-1      PIC XXX.                      CL*15
   466         16  DC-BIN-DATE-EXPAND-2      PIC XXX.                      CL*15
   467         16  DC-JULIAN-DATE-1          PIC 9(07).                    CL*15
   468         16  DC-JULIAN-DATE-1-R REDEFINES DC-JULIAN-DATE-1.          CL*15
   469             20  DC-JULIAN-1-CCYY.                                   CL*15
   470                 24  DC-JULIAN-1-CC    PIC 99.                       CL*15
   471                 24  DC-JULIAN-1-YR    PIC 99.                       CL*15
   472             20  DC-JULIAN-DA-1        PIC 999.                      CL*15
   473         16  DC-JULIAN-DATE-2          PIC 9(07).                    CL*15
   474         16  DC-JULIAN-DATE-2-R REDEFINES DC-JULIAN-DATE-2.          CL*15
   475             20  DC-JULIAN-2-CCYY.                                   CL*15
   476                 24  DC-JULIAN-2-CC    PIC 99.                       CL*15
   477                 24  DC-JULIAN-2-YR    PIC 99.                       CL*15
   478             20  DC-JULIAN-DA-2        PIC 999.                      CL*15
   479         16  DC-GREG-DATE-A-EDIT.                                    CL*15
   480             20  DC-EDITA-MONTH        PIC 99.                       CL*15
   481             20  SLASHA-1              PIC X VALUE '/'.              CL*15
   482             20  DC-EDITA-DAY          PIC 99.                       CL*15
   483             20  SLASHA-2              PIC X VALUE '/'.              CL*15
   484             20  DC-EDITA-CCYY.                                      CL*15
   485                 24  DC-EDITA-CENT     PIC 99.                       CL*15
   486                 24  DC-EDITA-YEAR     PIC 99.                       CL*15
   487         16  DC-GREG-DATE-B-EDIT.                                    CL*15
   488             20  DC-EDITB-MONTH        PIC 99.                       CL*15
   489             20  SLASHB-1              PIC X VALUE '/'.              CL*15
   490             20  DC-EDITB-DAY          PIC 99.                       CL*15
   491             20  SLASHB-2              PIC X VALUE '/'.              CL*15
   492             20  DC-EDITB-CCYY.                                      CL*15
   493                 24  DC-EDITB-CENT     PIC 99.                       CL*15
   494                 24  DC-EDITB-YEAR     PIC 99.                       CL*15
   495         16  DC-GREG-DATE-CYMD         PIC 9(08).                    CL*15
   496         16  DC-GREG-DATE-CYMD-R REDEFINES                           CL*15
   497                              DC-GREG-DATE-CYMD.                  ELCDATE
   498             20  DC-CYMD-CEN           PIC 99.                       CL*15
   499             20  DC-CYMD-YEAR          PIC 99.                       CL*15
   500             20  DC-CYMD-MONTH         PIC 99.                       CL*15
   501             20  DC-CYMD-DAY           PIC 99.                       CL*15
   502         16  DC-GREG-DATE-MDCY         PIC 9(08).                    CL*15
   503         16  DC-GREG-DATE-MDCY-R REDEFINES                           CL*15
   504                              DC-GREG-DATE-MDCY.                  ELCDATE
   505             20  DC-MDCY-MONTH         PIC 99.                       CL*15
   506             20  DC-MDCY-DAY           PIC 99.                       CL*15
   507             20  DC-MDCY-CEN           PIC 99.                       CL*15
   508             20  DC-MDCY-YEAR          PIC 99.                       CL*15
* Micro Focus Server Express         V5.1 revision 000 06-Oct-15 17:18 Page  12
* CIDGRX1P.cbl (/apps/prod/cid1p/copy/ELCDATE)
   509    12  DC-FORCE-EL310-DATE-SW         PIC X    VALUE SPACE.      ELCDATE
   510        88  DC-FORCE-EL310-DATE                 VALUE 'Y'.        ELCDATE
   511    12  DC-EL310-DATE                  PIC X(21).                    CL*26
   512    12  FILLER                         PIC X(28).                    CL*26
   513
   514 PROCEDURE DIVISION.
   515
   516     PERFORM 0400-OPEN-FILES     THRU 0400-EXIT
   517
   518     PERFORM 0600-INITIALIZE     THRU 0600-EXIT
   519
   520     PERFORM 0100-PROCESS-GAAP   THRU 0100-EXIT UNTIL
   521           (END-OF-GAAP)
   522*          OR (GAP-RECS-IN > 1000)
   523
   524     PERFORM 0500-CLOSE-FILES    THRU 0500-EXIT
   525
   526     DISPLAY ' GAAP RECORDS READ    '  GAP-RECS-IN
   527     DISPLAY ' GAAP RECORDS WRITTEN '  GAP-RECS-OUT
   528     GOBACK
   529
   530     .
   531 0100-PROCESS-GAAP.
   532
   533     MOVE WS-SAVE-GAAP           TO GAAP-DETAIL-RECORD
   534     MOVE GR-CARRIER             TO EX-CARRIER
   535     MOVE GR-GROUPING            TO EX-GROUPING
   536     MOVE GR-STATE               TO EX-STATE
   537     MOVE GR-ACCOUNT             TO EX-ACCOUNT
   538     MOVE GR-EFF                 TO WS-DATE
   539     MOVE ' '                    TO DC-OPTION-CODE
   540     STRING WS-MM '/' WS-DD '/' WS-CCYY DELIMITED BY SIZE
   541         INTO EX-EFF
   542     END-STRING
   543
   544     MOVE GR-CERT-NO             TO EX-CERT-NO
   545     MOVE GR-LFTYP               TO EX-LFTYP
   546     MOVE GR-LF-TERM             TO EX-LF-TERM
   547     MOVE GR-LF-REMTERM          TO EX-LF-REMTERM
   548     MOVE GR-LF-UP-REMTERM       TO EX-LF-UP-REMTERM
   549     MOVE GR-LFBEN               TO EX-LFBEN
   550     MOVE GR-LFPRM               TO EX-LFPRM
   551     MOVE GR-AHTYP               TO EX-AHTYP
   552     MOVE GR-AH-TERM             TO EX-AH-TERM
   553     MOVE GR-AH-REMTERM          TO EX-AH-REMTERM
   554     MOVE GR-AH-UP-REMTERM       TO EX-AH-UP-REMTERM
   555     MOVE GR-AHBEN               TO EX-AHBEN
   556     MOVE GR-AHPRM               TO EX-AHPRM
   557     MOVE GR-REM-AMT             TO EX-REM-AMT
   558     MOVE GRP-LFPRM              TO EX-PLFPRM
   559     MOVE GRR-LFPRM              TO EX-RLFPRM
   560     MOVE GRS-LFPRM              TO EX-SLFPRM
   561     MOVE GRP-AHPRM              TO EX-PAHPRM
   562     MOVE GRR-AHPRM              TO EX-RAHPRM
   563     MOVE GRS-AHPRM              TO EX-SAHPRM
   564     MOVE GR-REIN                TO EX-REIN
   565     MOVE GR-REINCO              TO EX-REIN-CO
   566     MOVE GR-AH-REM-BEN          TO EX-AH-REM-BEN
* Micro Focus Server Express         V5.1 revision 000 06-Oct-15 17:18 Page  13
* CIDGRX1P.cbl
   567     MOVE GR-RESV                TO EX-MORT-RESV
   568     MOVE GR-REINCO-SUB          TO EX-REIN-SUB
   569
   570     PERFORM 0300-WRITE-GAAP     THRU 0300-EXIT
   571     PERFORM 0200-READ-GAAP      THRU 0200-EXIT
   572
   573     .
   574 0100-EXIT.
   575     EXIT.
   576
   577 0200-READ-GAAP.
   578
   579     READ GAAP-FILE-IN AT END
   580        SET END-OF-GAAP          TO TRUE
   581     END-READ
   582
   583
   584     IF NOT END-OF-GAAP
   585        ADD 1 TO GAP-RECS-IN
   586     END-IF
   587
   588     .
   589 0200-EXIT.
   590     EXIT.
   591
   592 0300-WRITE-GAAP.
   593
   594     WRITE GAAP-FILE-OUT-REC     FROM GAAP-DETAIL-RECORD
   595     ADD 1 TO GAP-RECS-OUT
   596
   597     .
   598 0300-EXIT.
   599     EXIT.
   600
   601 0400-OPEN-FILES.
   602
   603     OPEN INPUT GAAP-FILE-IN
   604         OUTPUT GAAP-FILE-OUT
   605
   606     .
   607 0400-EXIT.
   608     EXIT.
   609
   610 0500-CLOSE-FILES.
   611
   612     CLOSE GAAP-FILE-IN GAAP-FILE-OUT
   613
   614     .
   615 0500-EXIT.
   616     EXIT.
   617
   618 0600-INITIALIZE.
   619
   620     MOVE SPACES                 TO GAAP-DETAIL-RECORD
   621     MOVE ';'                    TO EX-TAB1
   622                                    EX-TABA
   623                                    EX-TAB2
   624                                    EX-TAB3
* Micro Focus Server Express         V5.1 revision 000 06-Oct-15 17:18 Page  14
* CIDGRX1P.cbl
   625                                    EX-TAB4
   626                                    EX-TAB5
   627                                    EX-TAB6
   628                                    EX-TAB7
   629                                    EX-TAB8
   630                                    EX-TAB9
   631                                    EX-TAB9A
   632                                    EX-TAB10
   633                                    EX-TAB11
   634                                    EX-TAB12
   635                                    EX-TAB13
   636                                    EX-TAB14
   637                                    EX-TAB14A
   638                                    EX-TAB15
   639                                    EX-TAB16
   640                                    EX-TAB17
   641                                    EX-TAB18
   642                                    EX-TAB19
   643                                    EX-TAB20
   644                                    EX-TAB21
   645                                    EX-TAB22
   646                                    EX-TAB23
   647                                    EX-TAB24
   648                                    EX-TAB25
   649                                    EX-TAB26
   650                                    EX-TAB27
   651
   652     MOVE '09/30/2010'           TO EX-MOE-DATE
   653     MOVE GAAP-DETAIL-RECORD     TO WS-SAVE-GAAP
   654     PERFORM 0200-READ-GAAP      THRU 0200-EXIT
   655
   656     .
   657 0600-EXIT.
   658     EXIT.
   659
   660 8510-DATE-CONVERSION.
   661
   662     CALL 'ELDATCX' USING DATE-CONVERSION-DATA
   663
   664     .
   665
   666 8590-EXIT.
   667     EXIT.
   668
* Micro Focus Server Express         V5.1 revision 000 Compiler
* Copyright (C) Micro Focus IP Development Limited 1984-2012.
*                                                        REF GNR-008065005AF
* Total Messages:     0
* Data:        2900     Code:        1077
