* Micro Focus Server Express         V5.1 revision 000 06-Oct-15 17:18 Page   1
* CIDGRX1T.cbl
* Options: int("CIDGRX1T.int") anim csi verbose NOBOUND PARAMCOUNTCHECK
*          directives(cobopt.bth) endp list("CIDGRX1T.lst")
* Setting: NOACCEPTREFRESH NOADV ALIGN"8" ALPHASTART"1" NOALTER NOAMODE ANIM
*          NOANIMPREP ANS85 APOST NOAREACHECK ARITHMETIC"OSVS" ASSIGN
*          "EXTERNAL" NOASSIGN-PRINTER NOAUTOLOCK NOBELL NOBOUND NOBRIEF
*          NOBS2000 BWZSTAR NOBYTEMODEMOVE CALLFH"ebmlsfile" NOCALLMCS
*          NOCALLRECOVERY CALLSORT"EXTSM" CANCEL CANCELLBR NOCHANGEMESSAGE
*          CHARSET"ASCII" NOCHECKDIV NOCHECKREFMOD NOCICS CICS-CPY
*          NOCICSOPTIMIZE NOCMPR2 NOCOBFSTATCONV NOCOBIDY NOCOBOL370 COBOLDIR
*          NOCOMP COMP-5"2" COMP-6"2" NOCOMS85 CONFIRM NOCONVERTRET CONVSPACE
*          COPYEXT",cbl,cpy" NOCOPYLBR COPYLIST COPYLISTCOMMENT"1" CSI
*          CURRENCY-SIGN"36" CURRENT-DATE"MMDDYY" NODATA DATACOMPRESS"0"
*          NODATA-CONTEXT DATE DBCHECK DBCS"2" NODBCSSOSI DBSPACE DE-EDIT"2"
*          DEFAULTBYTE"32" NODEFAULTCALLS DETECTLOCK NODG DIALECT"MF"
*          NODIRECTIVES-IN-COMMENTS NODOSVS NODPCINSUBSCRIPT DYNAM
*          NOEARLY-RELEASE ECHO NOECHOALL NOEDITOR ENSUITE"0" NOENTCOBOL
*          ERRFORMAT"1" ERRLIST"EMBED" NOERRQ FASTSORT NOFCD3 NOFCDREG
*          NOFDCLEAR NOFILESHARE FILETYPE"0" NOFLAG NOFLAGAS NOFLAGCD
*          NOFLAGEUC NOFLAGMIG NOFLAGQ FLAGSINEDIT NOFLAGSTD NOFOLDCALLNAME
*          NOFOLDCOPYNAME FORM"60" NOFP-ROUNDING NOHOSTARITHMETIC
*          NOHOSTCONTZERO NOHOST-NUMCOMPARE NOHOST-NUMMOVE NOHOSTFD NOHOSTRW
*          NOIBM-MS IBMCOMP IDXFORMAT"0" NOILGEN IMPLICITSCOPE NOINDD
*          INFORETURN"0" NOINITCALL INITPTR INT"CIDGRX1T.int" INTDATE"ANSI"
*          INTLEVEL"2" IOCONV NOISO2002 NOIXNLSKEY NOIXNUMKEY KEEP-INT
*          KEYCHECK KEYCOMPRESS"0" LIBRARIAN"2" NOLINE-COUNT LIST
*          "CIDGRX1T.lst" LISTPATH"" LISTWIDTH"80" LITVAL-SIZE"4" LOCKTYPE"0"
*          NOMAPNAME NOMAXERROR METHODDEFAULT"REFERENCE" MF"15" MFCOMMENT
*          NOMOVELENCHECK NOMS NOMVS NATIVE"ASCII" NONATIVEFLOATINGPOINT
*          NONCHAR NONEWBASENAME NONLS NSYMBOL"DBCS" NOODOOSVS NOODOSLIDE
*          NOOLDBLANKLINE NOOLDCOPY NOOLDINDEX NOOLDNEXTSENTENCE NOOLDREADINTO
*          NOOLDSTRMIX OOCTRL"-C-E-G-P+Q+R-S+W" OPTIONAL-FILE NOOS390 OSEXT""
*          NOOSVS NOOUTDD NOP64 NOPANVALET PERFORM-TYPE"OSVS" NOPREPLIST
*          NOPREPROCESS NOPRINT-EXT NOPROFILE NOPROGID-COMMENT
*          NOPROGID-INT-NAME NOPROTECT-LINKAGE PROTOTYPE"RELAXED" QUAL
*          QUALPROC NOQUERY NOQUOTE NORAWLIST NORDW RECMODE"F" NOREENTRANT
*          NOREF NOREFNO REMAINDER"1" REPORT-LINE"256" RESEQ NORETRYLOCK
*          REWRITE-LS NORM RTNCODE-SIZE"4" NORWHARDPAGE NOSAA SEG NOSEQCHK
*          SEQUENTIAL"RECORD" NOSERIAL SETTING"LINE" NOSHAREOUTDD NOSHOW-DIR
*          SIGN"ASCII" NOSIGNDISCARD NOSIGNFIXUP SORTTYPE"DFSORT" SOURCEFORMAT
*          "FIXED" SOURCETABSTOP"8" NOSPZERO NOSSRANGE STDERR NOSTICKY-LINKAGE
*          NOSTICKY-PERFORM SUPFF SWITCHTYPE"1" SYMBSTART"1" SYSPUNCH"132"
*          TERMPAGE TIME NOTRACE NOTRUNC NOTRUNCCALLNAME NOTRUNCCOPY TRUNCINC
*          "10" UNICODE"NATIVE" VERBOSE VSC2"2" WARNING"1" NOWB NOWB2 NOWB3
*          WEBSERVER"CGI" NOWRITELOCK NOWRITETHRU NOXOPEN NOXREF
*          NOZEROLENGTHFALSE NOZEROSEQ NOZWB
     1 IDENTIFICATION DIVISION.
     2 PROGRAM-ID. CIDGRX1.
     3 AUTHOR.     PABLO.
     4 DATE-COMPILED. 06-Oct-15 17:18.
     5******************************************************************
     6*                   C H A N G E   L O G
     7*
     8* CHANGES ARE MARKED BY THE CHANGE EFFECTIVE DATE.
     9*-----------------------------------------------------------------
    10*  CHANGE   CHANGE REQUEST PGMR  DESCRIPTION OF CHANGE
    11* EFFECTIVE    NUMBER
    12*-----------------------------------------------------------------
    13* 011604                   SMVA  ADD MORTALITY RESERVE TO EXTR FILE
* Micro Focus Server Express         V5.1 revision 000 06-Oct-15 17:18 Page   2
* CIDGRX1T.cbl
    14* 031704                   SMVA  ADD REINSURANCE SUB TO EXTR FILE
    15* 052704 IR2004052400001   SMVA  CHG DELIMITER FROM TAB TO ;
    16*******************************************************************
    17 ENVIRONMENT DIVISION.
    18 INPUT-OUTPUT SECTION.
    19 FILE-CONTROL.
    20
    21     SELECT GAAP-FILE-IN     ASSIGN TO GAAPIN.
    22
    23     SELECT GAAP-FILE-OUT    ASSIGN TO GAAPOT
    24         ORGANIZATION IS LINE SEQUENTIAL.
    25
    26 DATA DIVISION.
    27 FILE SECTION.
    28
    29 FD  GAAP-FILE-IN
    30     RECORDING MODE F
    31     LABEL RECORDS STANDARD
    32     BLOCK CONTAINS 0 RECORDS.
    33
*   34                                 COPY ECSGAP01.
    35******************************************************************04/29/98
    36*                                                                *ECSGAP01
    37*                            ECSGAP01                            *   LV009
    38*           COPYBOOK REVIEWED FOR YEAR 2000 COMPLIANCE               CL**9
    39*                            VMOD=2.009                          *ECSGAP01
    40*                                                                *ECSGAP01
    41*   FILE DESCRIPTION = G.A.A.P. EXTRACT RECORD                   *ECSGAP01
    42*                                                                *ECSGAP01
    43*   FILE TYPE = SEQUENTIAL                                        ECSGAP01
    44*   RECORD SIZE = 365  RECFORM = FIXED                           *ECSGAP01
    45*                                                                *ECSGAP01
    46*   KEY DATA =                         START=5, LEN=36           *ECSGAP01
    47*                                                                *ECSGAP01
    48*  NO  CSO  MODS  IN  COPYBOOK  ECSGAP01                         *ECSGAP01
    49*                                                                *ECSGAP01
    50******************************************************************ECSGAP01
    51*                   C H A N G E   L O G
    52*
    53* CHANGES ARE MARKED BY THE CHANGE EFFECTIVE DATE.
    54*-----------------------------------------------------------------
    55*  CHANGE   CHANGE REQUEST PGMR  DESCRIPTION OF CHANGE
    56* EFFECTIVE    NUMBER
    57*-----------------------------------------------------------------
    58* 020305    2005020000000  PEMA  ADD CLP STATE TO GAAP RECORD
    59******************************************************************
    60                                                                  ECSGAP01
    61 01  GAAP-RECORD.                                                 ECSGAP01
    62     12  GR-RECORD-ID                      PIC XX.                ECSGAP01
    63         88  VALID-GR-ID                      VALUE 'GR'.         ECSGAP01
    64                                                                  ECSGAP01
    65     12  GR-COMPANY-CD                     PIC X.                 ECSGAP01
    66                                                                  ECSGAP01
    67     12  GR-REIN                           PIC X.                 ECSGAP01
    68                                                                  ECSGAP01
    69     12  GR-CONTROL.                                              ECSGAP01
    70         16  GR-CARRIER                    PIC X.                 ECSGAP01
    71         16  GR-GROUPING.                                         ECSGAP01
* Micro Focus Server Express         V5.1 revision 000 06-Oct-15 17:18 Page   3
* CIDGRX1T.cbl (/apps/prod/cid1p/copy/ECSGAP01)
    72             20  GR-GROUP-PREFIX           PIC XXX.               ECSGAP01
    73             20  GR-GROUP-PRIME            PIC XXX.               ECSGAP01
    74         16  GR-STATE                      PIC XX.                ECSGAP01
    75         16  GR-ACCOUNT.                                          ECSGAP01
    76             20  GR-ACCT-PREFIX            PIC X(4).              ECSGAP01
    77             20  GR-ACCT-PRIME             PIC X(6).              ECSGAP01
    78         16  GR-EFF                        PIC 9(11)  COMP-3.     ECSGAP01
    79         16  GR-CERT-NO.                                          ECSGAP01
    80             20  GR-CERT.                                         ECSGAP01
    81                 24  GR-CERT-PREFIX        PIC XXX.               ECSGAP01
    82                 24  GR-CERT-PRIME         PIC X(7).              ECSGAP01
    83             20  GR-CERT-SUFFIX            PIC X.                 ECSGAP01
    84                                                                  ECSGAP01
    85     12  GR-REIN-COMP.                                            ECSGAP01
    86         16  GR-REINCO                     PIC XXX.               ECSGAP01
    87         16  GR-REINCO-SUB                 PIC XXX.               ECSGAP01
    88                                                                  ECSGAP01
    89     12  GR-IG                             PIC X.                 ECSGAP01
    90     12  GR-APR                            PIC S999V9(4)  COMP-3. ECSGAP01
    91     12  GR-PMT-FREQ                       PIC 99.                ECSGAP01
    92     12  GR-LOAN-TERM                      PIC S999       COMP-3. ECSGAP01
    93     12  GR-AGE                            PIC 99.                ECSGAP01
    94     12  GR-ACC-EXPIRES                    PIC 9(11)      COMP-3.    CL**2
    95                                                                  ECSGAP01
    96     12  GR-BASIC.                                                ECSGAP01
    97         16  GR-LFTYP                      PIC XX.                ECSGAP01
    98         16  GR-LF-TERM                    PIC S999       COMP-3. ECSGAP01
    99         16  GR-LF-REMTERM                 PIC S999V99    COMP-3. ECSGAP01
   100         16  GR-LF-UP-REMTERM              PIC S999V99    COMP-3. ECSGAP01
   101         16  GR-LFBEN                      PIC S9(9)V99   COMP-3. ECSGAP01
   102         16  GR-LFPRM                      PIC S9(7)V99   COMP-3. ECSGAP01
   103         16  GR-LFCOM                      PIC S9(7)V99   COMP-3. ECSGAP01
   104         16  GR-LFEXP                      PIC S9(7)V99   COMP-3. ECSGAP01
   105         16  GR-LFTAX                      PIC S9(7)V99   COMP-3. ECSGAP01
   106                                                                  ECSGAP01
   107         16  GR-AHTYP                      PIC XX.                ECSGAP01
   108         16  GR-AH-TERM                    PIC S999       COMP-3. ECSGAP01
   109         16  GR-AH-REMTERM                 PIC S999V9     COMP-3. ECSGAP01
   110         16  GR-AH-UP-REMTERM              PIC S999V99    COMP-3. ECSGAP01
   111         16  GR-AHBEN                      PIC S9(7)V99   COMP-3. ECSGAP01
   112         16  GR-AHPRM                      PIC S9(7)V99   COMP-3. ECSGAP01
   113         16  GR-AHCOM                      PIC S9(7)V99   COMP-3. ECSGAP01
   114         16  GR-AHEXP                      PIC S9(7)V99   COMP-3. ECSGAP01
   115         16  GR-AHTAX                      PIC S9(7)V99   COMP-3. ECSGAP01
   116                                                                  ECSGAP01
   117     12  GR-PRORATA.                                              ECSGAP01
   118         16  GRP-LFPRM                     PIC S9(7)V99   COMP-3. ECSGAP01
   119         16  GRP-LFCOM                     PIC S9(7)V99   COMP-3. ECSGAP01
   120         16  GRP-LFEXP                     PIC S9(7)V99   COMP-3. ECSGAP01
   121         16  GRP-LFTAX                     PIC S9(7)V99   COMP-3. ECSGAP01
   122         16  GRP-AHPRM                     PIC S9(7)V99   COMP-3. ECSGAP01
   123         16  GRP-AHCOM                     PIC S9(7)V99   COMP-3. ECSGAP01
   124         16  GRP-AHEXP                     PIC S9(7)V99   COMP-3. ECSGAP01
   125         16  GRP-AHTAX                     PIC S9(7)V99   COMP-3. ECSGAP01
   126                                                                  ECSGAP01
   127     12  GR-R78.                                                  ECSGAP01
   128         16  GRR-LFPRM                     PIC S9(7)V99   COMP-3. ECSGAP01
   129         16  GRR-LFCOM                     PIC S9(7)V99   COMP-3. ECSGAP01
* Micro Focus Server Express         V5.1 revision 000 06-Oct-15 17:18 Page   4
* CIDGRX1T.cbl (/apps/prod/cid1p/copy/ECSGAP01)
   130         16  GRR-LFEXP                     PIC S9(7)V99   COMP-3. ECSGAP01
   131         16  GRR-LFTAX                     PIC S9(7)V99   COMP-3. ECSGAP01
   132         16  GRR-AHPRM                     PIC S9(7)V99   COMP-3. ECSGAP01
   133         16  GRR-AHCOM                     PIC S9(7)V99   COMP-3. ECSGAP01
   134         16  GRR-AHEXP                     PIC S9(7)V99   COMP-3. ECSGAP01
   135         16  GRR-AHTAX                     PIC S9(7)V99   COMP-3. ECSGAP01
   136                                                                  ECSGAP01
   137     12  GR-DOMICILE-STAT.                                        ECSGAP01
   138         16  GRD-LFPRM                     PIC S9(7)V99   COMP-3. ECSGAP01
   139         16  GRD-LFCOM                     PIC S9(7)V99   COMP-3. ECSGAP01
   140         16  GRD-AHPRM                     PIC S9(7)V99   COMP-3. ECSGAP01
   141         16  GRD-AHCOM                     PIC S9(7)V99   COMP-3. ECSGAP01
   142                                                                  ECSGAP01
   143     12  GR-STATE-STAT.                                           ECSGAP01
   144         16  GRS-LFPRM                     PIC S9(7)V99   COMP-3. ECSGAP01
   145         16  GRS-LFCOM                     PIC S9(7)V99   COMP-3. ECSGAP01
   146         16  GRS-AHPRM                     PIC S9(7)V99   COMP-3. ECSGAP01
   147         16  GRS-AHCOM                     PIC S9(7)V99   COMP-3. ECSGAP01
   148                                                                  ECSGAP01
   149     12  GR-MORTALITY-DATA.                                       ECSGAP01
   150         16  GR-MORT-CONTROL.                                     ECSGAP01
   151             20  GR-MORT-CODE.                                    ECSGAP01
   152                 24  GR-MORT-BASE.                                ECSGAP01
   153                     28  GR-MORT-TBL       PIC X.                 ECSGAP01
   154                     28  GR-MORT-INT       PIC XX.                ECSGAP01
   155                 24  GR-MORT-TYP           PIC X.                 ECSGAP01
   156             20  GR-MORT-AGE               PIC 99.                ECSGAP01
   157         16  GR-MORT-DATA.                                        ECSGAP01
   158             20  GR-REM-AMT                PIC S9(9)V99   COMP-3. ECSGAP01
   159             20  GR-MO-DEC                 PIC S9(9)V99   COMP-3. ECSGAP01
   160             20  GR-MORT-FACT              PIC S9(5)V9(4) COMP-3. ECSGAP01
   161             20  GR-RESV                   PIC S9(7)V99   COMP-3. ECSGAP01
   162         16  GR-FLAG                       PIC X.                 ECSGAP01
   163                                                                  ECSGAP01
   164     12  GR-ALT-MORTALITY-DATA.                                   ECSGAP01
   165         16  GR-ALT-MORT-CODE.                                    ECSGAP01
   166             20  GR-ALT-MORT-BASE.                                ECSGAP01
   167                 24  GR-ALT-MORT-TBL       PIC X.                 ECSGAP01
   168                 24  GR-ALT-MORT-INT       PIC XX.                ECSGAP01
   169             20  GR-ALT-MORT-TYP           PIC X.                 ECSGAP01
   170         16  GR-ALT-MORT-DATA.                                    ECSGAP01
   171             20  GR-ALT-RESV               PIC S9(7)V99   COMP-3. ECSGAP01
   172                                                                  ECSGAP01
   173     12  GR-CNT                            PIC S999       COMP-3. ECSGAP01
   174     12  GR-CNT-LF                         PIC S999       COMP-3. ECSGAP01
   175     12  GR-CNT-AH                         PIC S999       COMP-3. ECSGAP01
   176     12  GR-AH-REM-BEN                     PIC S9(9)V99   COMP-3. ECSGAP01
   177                                                                  ECSGAP01
   178     12  GR-ENT-DT                         PIC 9(11)      COMP-3. ECSGAP01
   179                                                                  ECSGAP01
   180     12  GR-SUMMARY-FLAG                   PIC X.                 ECSGAP01
   181         88  GR-SUMMARY-REC                   VALUE 'Z'.          ECSGAP01
   182                                                                  ECSGAP01
   183     12  GR-2ND-LFTYP-FLAG                 PIC X.                 ECSGAP01
   184         88  GR-2ND-LIFE-REC                  VALUE 'S'.          ECSGAP01
   185                                                                  ECSGAP01
   186     12  GR-CERT-STATUS                    PIC  X.                ECSGAP01
   187     12  GR-DIR-CERT-LFBEN                 PIC  S9(7)V99  COMP-3. ECSGAP01
* Micro Focus Server Express         V5.1 revision 000 06-Oct-15 17:18 Page   5
* CIDGRX1T.cbl (/apps/prod/cid1p/copy/ECSGAP01)
   188                                                                  ECSGAP01
   189     12  GR-LF-EXPIRE-DATE                 PIC  9(11)     COMP-3. ECSGAP01
   190                                                                  ECSGAP01
   191     12  GR-AH-EXPIRE-DATE                 PIC  9(11)     COMP-3. ECSGAP01
   192                                                                  ECSGAP01
   193     12  GR-REGION                         PIC X(6).              ECSGAP01
   194     12  GR-POOL-PRIME                     PIC XXX.               ECSGAP01
   195                                                                  ECSGAP01
   196     12  GR-UNDERWRITING-CODE              PIC X.                 ECSGAP01
   197         88  GR-POLICY-UNDERWRITTEN           VALUE 'Y'.          ECSGAP01
   198                                                                  ECSGAP01
   199     12  GR-OB-IND                         PIC X.                 ECSGAP01
   200                                                                  ECSGAP01
   201     12  GR-SEX-CODE                       PIC X.                 ECSGAP01
   202         88  GR-SEX-MALE                      VALUE 'M'.          ECSGAP01
   203         88  GR-SEX-FEMALE                    VALUE 'F'.          ECSGAP01
   204                                                                  ECSGAP01
   205*    12  GR-SERVICE-FEE.                                          ECSGAP01
   206*        16  GR-LFSRV                      PIC S9(7)V99   COMP-3. ECSGAP01
   207*        16  GR-AHSRV                      PIC S9(7)V99   COMP-3. ECSGAP01
   208     12  GR-UNLD-STAT-MORT-RESV            PIC S9(7)V99   COMP-3.
   209     12  FILLER                            PIC X(5).
   210                                                                  ECSGAP01
   211     12  GR-INS-NAME.
   212         16  GR-DCC-CLP-STATE              PIC XX.
   213         16  GR-GRPTYP                     PIC XX.
   214         16  FILLER                        PIC X(9).
   215*    12  FILLER                            PIC X(13).             ECSGAP01
   216                                                                  ECSGAP01
   217******************************************************************ECSGAP01
   218
   219 FD  GAAP-FILE-OUT
   220     RECORDING MODE F
   221     LABEL RECORDS STANDARD
   222     BLOCK CONTAINS 0 RECORDS.
   223
   224 01  GAAP-FILE-OUT-REC           PIC X(260).
   225
   226 WORKING-STORAGE SECTION.
   227 77  FILLER  PIC X(32) VALUE '********************************'.
   228 77  FILLER  PIC X(32) VALUE '   CIDGRX1  WORKING STORAGE     '.
   229 77  FILLER  PIC X(32) VALUE '********************************'.
   230
   231 77  WS-EOF-SW               PIC X VALUE SPACES.
   232     88  END-OF-GAAP               VALUE 'Y'.
   233 77  GAP-RECS-IN             PIC 9(9) VALUE ZEROS.
   234 77  GAP-RECS-OUT            PIC 9(9) VALUE ZEROS.
   235 77  SUB1                    PIC S9(5) VALUE +0 COMP-3.
   236
   237 01  WS-SAVE-GAAP                PIC X(260) VALUE LOW-VALUES.
   238 01  GAAP-DETAIL-RECORD.
   239     12  EX-CARRIER              PIC X.
   240     12  EX-TAB1                 PIC X.
   241     12  EX-GROUPING             PIC X(6).
   242     12  EX-TAB2                 PIC X.
   243     12  EX-STATE                PIC XX.
   244     12  EX-TAB3                 PIC X.
   245     12  EX-ACCOUNT              PIC X(10).
* Micro Focus Server Express         V5.1 revision 000 06-Oct-15 17:18 Page   6
* CIDGRX1T.cbl
   246     12  EX-TAB4                 PIC X.
   247     12  EX-EFF                  PIC X(10).
   248     12  EX-TAB5                 PIC X.
   249     12  EX-CERT-NO              PIC X(11).
   250     12  EX-TAB6                 PIC X.
   251     12  EX-AGE                  PIC 99.
   252     12  EX-TAB6A                PIC X.
   253     12  EX-MORT-AGE             PIC 99.
   254     12  EX-TAB6B                PIC X.
   255     12  EX-LFTYP                PIC XX.
   256     12  EX-TAB7                 PIC X.
   257     12  EX-LF-TERM              PIC 999.
   258     12  EX-TAB8                 PIC X.
   259     12  EX-LF-REMTERM           PIC 999.
   260     12  EX-TAB9                 PIC X.
   261     12  EX-LF-UP-REMTERM        PIC 999.
   262     12  EX-TAB10                PIC X.
   263     12  EX-LFBEN                PIC -9(9).99.
   264     12  EX-TAB11                PIC X.
   265     12  EX-LFPRM                PIC -9(7).99.
   266     12  EX-TAB12                PIC X.
   267     12  EX-AHTYP                PIC XX.
   268     12  EX-TAB13                PIC X.
   269     12  EX-AH-TERM              PIC 999.
   270     12  EX-TAB14                PIC X.
   271     12  EX-AH-REMTERM           PIC 999.
   272     12  EX-TAB15                PIC X.
   273     12  EX-AH-UP-REMTERM        PIC 999.
   274     12  EX-TAB16                PIC X.
   275     12  EX-AHBEN                PIC -9(7).99.
   276     12  EX-TAB17                PIC X.
   277     12  EX-AHPRM                PIC -9(7).99.
   278     12  EX-TAB18                PIC X.
   279     12  EX-REM-AMT              PIC -9(8).99.
   280     12  EX-TAB19                PIC X.
   281     12  EX-PLFPRM               PIC -9(7).99.
   282     12  EX-TAB20                PIC X.
   283     12  EX-RLFPRM               PIC -9(7).99.
   284     12  EX-TAB21                PIC X.
   285     12  EX-SLFPRM               PIC -9(7).99.
   286     12  EX-TAB22                PIC X.
   287     12  EX-PAHPRM               PIC -9(7).99.
   288     12  EX-TAB23                PIC X.
   289     12  EX-RAHPRM               PIC -9(7).99.
   290     12  EX-TAB24                PIC X.
   291     12  EX-SAHPRM               PIC -9(7).99.
   292     12  EX-TAB25                PIC X.
   293     12  EX-REIN                 PIC X.
   294     12  EX-TAB26                PIC X.
   295     12  EX-REIN-CO              PIC X(03).
   296     12  EX-TAB27                PIC X.
   297     12  EX-AH-REM-BEN           PIC -9(9).99.
   298     12  EX-TAB28                PIC X.
   299     12  EX-MORT-RESV            PIC -9(7).99.
   300     12  EX-TAB29                PIC X.
   301     12  EX-REIN-SUB             PIC X(03).
   302     12  EX-TAB30                PIC X.
   303     12  EX-MORT-CODE            PIC XXXX.
* Micro Focus Server Express         V5.1 revision 000 06-Oct-15 17:18 Page   7
* CIDGRX1T.cbl
   304     12  EX-TAB31                PIC X.
   305     12  EX-EOR                  PIC X.
   306
   307******************************************************************
   308 01  WS-MISC.
   309     05  WS-DATE                 PIC 9(11) VALUE ZEROS.
   310     05  FILLER REDEFINES WS-DATE.
   311         10  FILLER              PIC 999.
   312         10  WS-CCYY             PIC 9999.
   313         10  WS-MM               PIC 99.
   314         10  WS-DD               PIC 99.
   315
*  316                                 COPY ELCDATE.
   317******************************************************************06/11/98
   318*                                                                *ELCDATE
   319*                                                                *ELCDATE
   320*                            ELCDATE.                            *   LV023
   321*           COPYBOOK REVIEWED FOR YEAR 2000 COMPLIANCE               CL*16
   322*                            VMOD=2.003                           ELCDATE
   323*                                                                *ELCDATE
   324*                                                                *ELCDATE
   325*   DESCRIPTION:  DATA PASSED TO DATE CONVERSION ROUTINE.        *ELCDATE
   326*                 LENGTH = 200                                   *   CL*19
   327******************************************************************ELCDATE
   328                                                                  ELCDATE
   329 01  DATE-CONVERSION-DATA.                                        ELCDATE
   330     12  DC-COMM-LENGTH                PIC S9(4) COMP VALUE +200.    CL*19
   331     12  DC-OPTION-CODE                PIC X.                        CL*15
   332         88  BIN-TO-GREG                VALUE ' '.                ELCDATE
   333         88  ELAPSED-BETWEEN-BIN        VALUE '1'.                ELCDATE
   334         88  EDIT-GREG-TO-BIN           VALUE '2'.                ELCDATE
   335         88  YMD-GREG-TO-BIN            VALUE '3'.                ELCDATE
   336         88  MDY-GREG-TO-BIN            VALUE '4'.                ELCDATE
   337         88  JULIAN-TO-BIN              VALUE '5'.                ELCDATE
   338         88  BIN-PLUS-ELAPSED           VALUE '6'.                ELCDATE
   339         88  FIND-CENTURY               VALUE '7'.                   CL*22
   340         88  ELAPSED-BETWEEN-BIN-3      VALUE '8'.                ELCDATE
   341         88  EDIT-GREG-TO-BIN-3         VALUE '9'.                ELCDATE
   342         88  YMD-GREG-TO-BIN-3          VALUE 'A'.                ELCDATE
   343         88  MDY-GREG-TO-BIN-3          VALUE 'B'.                ELCDATE
   344         88  JULIAN-TO-BIN-3            VALUE 'C'.                ELCDATE
   345         88  BIN-PLUS-ELAPSED-3         VALUE 'D'.                ELCDATE
   346         88  JULIAN-EXPANDED-TO-BIN     VALUE 'E'.                   CL*14
   347         88  JULIAN-EXPANDED-TO-BIN-3   VALUE 'F'.                   CL*14
   348         88  BIN-TO-JULIAN-EXPANDED     VALUE 'G'.                   CL*14
   349         88  JULIAN-EXPANDED            VALUE 'E', 'F', 'G'.         CL*14
   350         88  CHECK-LEAP-YEAR            VALUE 'H'.                   CL*14
   351         88  BIN-3-TO-GREG              VALUE 'I'.                   CL*14
   352         88  CYMD-GREG-TO-BIN-3         VALUE 'J'.                   CL*14
   353         88  MDCY-GREG-TO-BIN-3         VALUE 'K'.                   CL*14
   354         88  CYMD-GREG-TO-BIN           VALUE 'L'.                   CL*14
   355         88  MDCY-GREG-TO-BIN           VALUE 'M'.                   CL*14
   356         88  MDY-GREG-TO-JULIAN         VALUE 'N'.                   CL*14
   357         88  MDCY-GREG-TO-JULIAN        VALUE 'O'.                   CL*14
   358         88  YMD-GREG-TO-JULIAN         VALUE 'P'.                   CL*14
   359         88  CYMD-GREG-TO-JULIAN        VALUE 'Q'.                   CL*14
   360         88  THREE-CHARACTER-BIN                                  ELCDATE
   361                  VALUES  '8' '9' 'A' 'B' 'C' 'D' 'I' 'J' 'K'.       CL*14
* Micro Focus Server Express         V5.1 revision 000 06-Oct-15 17:18 Page   8
* CIDGRX1T.cbl (/apps/prod/cid1p/copy/ELCDATE)
   362         88  GREGORIAN-TO-BIN                                        CL**2
   363                  VALUES '2' '3' '4' '9' 'A' 'B' 'J' 'K' 'L' 'M'.    CL*14
   364         88  BIN-TO-GREGORIAN                                        CL**2
   365                  VALUES ' ' '1' 'I' '8' 'G'.                        CL*14
   366         88  JULIAN-TO-BINARY                                        CL**2
   367                  VALUES '5' 'C' 'E' 'F'.                            CL*14
   368     12  DC-ERROR-CODE                 PIC X.                        CL*15
   369         88  NO-CONVERSION-ERROR        VALUE ' '.                   CL**3
   370         88  DATE-CONVERSION-ERROR                                ELCDATE
   371                  VALUES '1' '2' '3' '4' '5' '9' 'A' 'B' 'C'.        CL*14
   372         88  DATE-IS-ZERO               VALUE '1'.                ELCDATE
   373         88  DATE-IS-NON-NUMERIC        VALUE '2'.                ELCDATE
   374         88  DATE-IS-INVALID            VALUE '3'.                ELCDATE
   375         88  DATE1-GREATER-DATE2        VALUE '4'.                ELCDATE
   376         88  ELAPSED-PLUS-NEGATIVE      VALUE '5'.                ELCDATE
   377         88  DATE-INVALID-OPTION        VALUE '9'.                ELCDATE
   378         88  INVALID-CENTURY            VALUE 'A'.                ELCDATE
   379         88  ONLY-CENTURY               VALUE 'B'.                ELCDATE
   380         88  ONLY-LEAP-YEAR             VALUE 'C'.                ELCDATE
   381         88  VALID-CENTURY-LEAP-YEAR    VALUE 'B', 'C'.              CL**3
   382     12  DC-END-OF-MONTH               PIC X.                        CL*15
   383         88  CALCULATE-END-OF-MONTH     VALUE '1'.                ELCDATE
   384     12  DC-CENTURY-ADJUSTMENT         PIC X   VALUE SPACES.         CL*15
   385         88  USE-NORMAL-PROCESS         VALUE ' '.                ELCDATE
   386         88  ADJUST-DOWN-100-YRS        VALUE '1'.                ELCDATE
   387         88  ADJUST-UP-100-YRS          VALUE '2'.                ELCDATE
   388     12  FILLER                        PIC X.                        CL*15
   389     12  DC-CONVERSION-DATES.                                        CL*15
   390         16  DC-BIN-DATE-1             PIC XX.                       CL*15
   391         16  DC-BIN-DATE-2             PIC XX.                       CL*15
   392         16  DC-GREG-DATE-1-EDIT       PIC X(08).                    CL*15
   393         16  DC-GREG-DATE-1-EDIT-R REDEFINES                         CL*15
   394                       DC-GREG-DATE-1-EDIT.                       ELCDATE
   395             20  DC-EDIT1-MONTH        PIC 99.                       CL*15
   396             20  SLASH1-1              PIC X.                        CL*15
   397             20  DC-EDIT1-DAY          PIC 99.                       CL*15
   398             20  SLASH1-2              PIC X.                        CL*15
   399             20  DC-EDIT1-YEAR         PIC 99.                       CL*15
   400         16  DC-GREG-DATE-2-EDIT       PIC X(08).                    CL*15
   401         16  DC-GREG-DATE-2-EDIT-R REDEFINES                         CL*15
   402                     DC-GREG-DATE-2-EDIT.                         ELCDATE
   403             20  DC-EDIT2-MONTH        PIC 99.                       CL*15
   404             20  SLASH2-1              PIC X.                        CL*15
   405             20  DC-EDIT2-DAY          PIC 99.                       CL*15
   406             20  SLASH2-2              PIC X.                        CL*15
   407             20  DC-EDIT2-YEAR         PIC 99.                       CL*15
   408         16  DC-GREG-DATE-1-YMD        PIC 9(06).                    CL*15
   409         16  DC-GREG-DATE-1-YMD-R  REDEFINES                         CL*15
   410                     DC-GREG-DATE-1-YMD.                          ELCDATE
   411             20  DC-YMD-YEAR           PIC 99.                       CL*15
   412             20  DC-YMD-MONTH          PIC 99.                       CL*15
   413             20  DC-YMD-DAY            PIC 99.                       CL*15
   414         16  DC-GREG-DATE-1-MDY        PIC 9(06).                    CL*15
   415         16  DC-GREG-DATE-1-MDY-R REDEFINES                          CL*15
   416                      DC-GREG-DATE-1-MDY.                         ELCDATE
   417             20  DC-MDY-MONTH          PIC 99.                       CL*15
   418             20  DC-MDY-DAY            PIC 99.                       CL*15
   419             20  DC-MDY-YEAR           PIC 99.                       CL*15
* Micro Focus Server Express         V5.1 revision 000 06-Oct-15 17:18 Page   9
* CIDGRX1T.cbl (/apps/prod/cid1p/copy/ELCDATE)
   420         16  DC-GREG-DATE-1-ALPHA.                                   CL*15
   421             20  DC-ALPHA-MONTH        PIC X(10).                    CL*15
   422             20  DC-ALPHA-DAY          PIC 99.                       CL*15
   423             20  FILLER                PIC XX.                       CL*15
   424             20  DC-ALPHA-CENTURY.                                   CL*15
   425                 24 DC-ALPHA-CEN-N     PIC 99.                       CL*15
   426             20  DC-ALPHA-YEAR         PIC 99.                       CL*15
   427         16  DC-ELAPSED-MONTHS         PIC S9(4)     COMP.           CL*15
   428         16  DC-ODD-DAYS-OVER          PIC S9(4)     COMP.           CL*15
   429         16  DC-ELAPSED-DAYS           PIC S9(4)     COMP.           CL*15
   430         16  DC-JULIAN-DATE            PIC 9(05).                    CL*15
   431         16  DC-JULIAN-YYDDD REDEFINES DC-JULIAN-DATE                CL*20
   432                                       PIC 9(05).                    CL*20
   433         16  DC-JULIAN-DT REDEFINES DC-JULIAN-DATE.                  CL*15
   434             20  DC-JULIAN-YEAR        PIC 99.                       CL*15
   435             20  DC-JULIAN-DAYS        PIC 999.                      CL*15
   436         16  DC-DAYS-IN-MONTH          PIC S9(3)       COMP-3.       CL*15
   437         16  DC-DAY-OF-WEEK            PIC S9  VALUE ZERO COMP-3.    CL*15
   438         16  DC-DAY-OF-WEEK2           PIC S9  VALUE ZERO COMP-3.    CL*15
   439     12  DATE-CONVERSION-VARIBLES.                                   CL*15
   440         16  HOLD-CENTURY-1            PIC 9(11) VALUE 0.            CL*15
   441         16  HOLD-CENTURY-1-SPLIT REDEFINES HOLD-CENTURY-1.          CL*15
   442             20  FILLER                PIC 9(3).                     CL*15
   443             20  HOLD-CEN-1-CCYY.                                    CL*15
   444                 24  HOLD-CEN-1-CC     PIC 99.                       CL*17
   445                 24  HOLD-CEN-1-YY     PIC 99.                       CL*17
   446             20  HOLD-CEN-1-MO         PIC 99.                       CL*17
   447             20  HOLD-CEN-1-DA         PIC 99.                       CL*17
   448         16  HOLD-CENTURY-1-R   REDEFINES HOLD-CENTURY-1.            CL*15
   449             20  HOLD-CEN-1-R-MO       PIC 99.                       CL*17
   450             20  HOLD-CEN-1-R-DA       PIC 99.                       CL*17
   451             20  HOLD-CEN-1-R-CCYY.                                  CL*15
   452                 24  HOLD-CEN-1-R-CC   PIC 99.                       CL*17
   453                 24  HOLD-CEN-1-R-YY   PIC 99.                       CL*17
   454             20  FILLER                PIC 9(3).                     CL*15
   455         16  HOLD-CENTURY-1-X.                                       CL*15
   456             20  FILLER                PIC X(3)  VALUE SPACES.       CL*15
   457             20  HOLD-CEN-1-X-CCYY.                                  CL*15
   458                 24  HOLD-CEN-1-X-CC   PIC XX VALUE SPACES.          CL*17
   459                 24  HOLD-CEN-1-X-YY   PIC XX VALUE SPACES.          CL*17
   460             20  HOLD-CEN-1-X-MO       PIC XX VALUE SPACES.          CL*17
   461             20  HOLD-CEN-1-X-DA       PIC XX VALUE SPACES.          CL*17
   462         16  HOLD-CENTURY-1-R-X REDEFINES HOLD-CENTURY-1-X.          CL*15
   463             20  HOLD-CEN-1-R-X-MO     PIC XX.                       CL*17
   464             20  HOLD-CEN-1-R-X-DA     PIC XX.                       CL*17
   465             20  HOLD-CEN-1-R-X-CCYY.                                CL*15
   466                 24  HOLD-CEN-1-R-X-CC PIC XX.                       CL*17
   467                 24  HOLD-CEN-1-R-X-YY PIC XX.                       CL*17
   468             20  FILLER                PIC XXX.                      CL*23
   469         16  DC-BIN-DATE-EXPAND-1      PIC XXX.                      CL*15
   470         16  DC-BIN-DATE-EXPAND-2      PIC XXX.                      CL*15
   471         16  DC-JULIAN-DATE-1          PIC 9(07).                    CL*15
   472         16  DC-JULIAN-DATE-1-R REDEFINES DC-JULIAN-DATE-1.          CL*15
   473             20  DC-JULIAN-1-CCYY.                                   CL*15
   474                 24  DC-JULIAN-1-CC    PIC 99.                       CL*15
   475                 24  DC-JULIAN-1-YR    PIC 99.                       CL*15
   476             20  DC-JULIAN-DA-1        PIC 999.                      CL*15
   477         16  DC-JULIAN-DATE-2          PIC 9(07).                    CL*15
* Micro Focus Server Express         V5.1 revision 000 06-Oct-15 17:18 Page  10
* CIDGRX1T.cbl (/apps/prod/cid1p/copy/ELCDATE)
   478         16  DC-JULIAN-DATE-2-R REDEFINES DC-JULIAN-DATE-2.          CL*15
   479             20  DC-JULIAN-2-CCYY.                                   CL*15
   480                 24  DC-JULIAN-2-CC    PIC 99.                       CL*15
   481                 24  DC-JULIAN-2-YR    PIC 99.                       CL*15
   482             20  DC-JULIAN-DA-2        PIC 999.                      CL*15
   483         16  DC-GREG-DATE-A-EDIT.                                    CL*15
   484             20  DC-EDITA-MONTH        PIC 99.                       CL*15
   485             20  SLASHA-1              PIC X VALUE '/'.              CL*15
   486             20  DC-EDITA-DAY          PIC 99.                       CL*15
   487             20  SLASHA-2              PIC X VALUE '/'.              CL*15
   488             20  DC-EDITA-CCYY.                                      CL*15
   489                 24  DC-EDITA-CENT     PIC 99.                       CL*15
   490                 24  DC-EDITA-YEAR     PIC 99.                       CL*15
   491         16  DC-GREG-DATE-B-EDIT.                                    CL*15
   492             20  DC-EDITB-MONTH        PIC 99.                       CL*15
   493             20  SLASHB-1              PIC X VALUE '/'.              CL*15
   494             20  DC-EDITB-DAY          PIC 99.                       CL*15
   495             20  SLASHB-2              PIC X VALUE '/'.              CL*15
   496             20  DC-EDITB-CCYY.                                      CL*15
   497                 24  DC-EDITB-CENT     PIC 99.                       CL*15
   498                 24  DC-EDITB-YEAR     PIC 99.                       CL*15
   499         16  DC-GREG-DATE-CYMD         PIC 9(08).                    CL*15
   500         16  DC-GREG-DATE-CYMD-R REDEFINES                           CL*15
   501                              DC-GREG-DATE-CYMD.                  ELCDATE
   502             20  DC-CYMD-CEN           PIC 99.                       CL*15
   503             20  DC-CYMD-YEAR          PIC 99.                       CL*15
   504             20  DC-CYMD-MONTH         PIC 99.                       CL*15
   505             20  DC-CYMD-DAY           PIC 99.                       CL*15
   506         16  DC-GREG-DATE-MDCY         PIC 9(08).                    CL*15
   507         16  DC-GREG-DATE-MDCY-R REDEFINES                           CL*15
   508                              DC-GREG-DATE-MDCY.                  ELCDATE
   509             20  DC-MDCY-MONTH         PIC 99.                       CL*15
   510             20  DC-MDCY-DAY           PIC 99.                       CL*15
   511             20  DC-MDCY-CEN           PIC 99.                       CL*15
   512             20  DC-MDCY-YEAR          PIC 99.                       CL*15
   513    12  DC-FORCE-EL310-DATE-SW         PIC X    VALUE SPACE.      ELCDATE
   514        88  DC-FORCE-EL310-DATE                 VALUE 'Y'.        ELCDATE
   515    12  DC-EL310-DATE                  PIC X(21).                    CL*26
   516    12  FILLER                         PIC X(28).                    CL*26
   517
* Micro Focus Server Express         V5.1 revision 000 06-Oct-15 17:18 Page  11
* CIDGRX1T.cbl
   519 PROCEDURE DIVISION.
   520
   521     PERFORM 0400-OPEN-FILES     THRU 0400-EXIT
   522
   523     PERFORM 0600-INITIALIZE     THRU 0600-EXIT
   524
   525     PERFORM 0050-PROCESS-INPUT  THRU 0050-EXIT UNTIL
   526           (END-OF-GAAP)
   527*          OR (GAP-RECS-IN > 1000)
   528
   529     PERFORM 0500-CLOSE-FILES    THRU 0500-EXIT
   530
   531     DISPLAY ' GAAP RECORDS READ    '  GAP-RECS-IN
   532     DISPLAY ' GAAP RECORDS WRITTEN '  GAP-RECS-OUT
   533     GOBACK
   534
   535     .
   536 0050-PROCESS-INPUT.
   537
   538     IF GR-REIN = 'P'
   539        AND GR-AHTYP NOT = '00' AND '  '
   540        PERFORM 0100-PROCESS-GAAP THRU 0100-EXIT
   541     END-IF
   542
   543     PERFORM 0200-READ-GAAP      THRU 0200-EXIT
   544
   545     .
   546 0050-EXIT.
   547     EXIT.
   548
   549 0100-PROCESS-GAAP.
   550
   551     MOVE WS-SAVE-GAAP           TO GAAP-DETAIL-RECORD
   552     MOVE GR-CARRIER             TO EX-CARRIER
   553     MOVE GR-GROUPING            TO EX-GROUPING
   554     MOVE GR-STATE               TO EX-STATE
   555     MOVE GR-ACCOUNT             TO EX-ACCOUNT
   556     MOVE GR-EFF                 TO WS-DATE
   557     MOVE ' '                    TO DC-OPTION-CODE
   558     STRING WS-MM '/' WS-DD '/' WS-CCYY DELIMITED BY SIZE
   559         INTO EX-EFF
   560     END-STRING
   561
   562     MOVE GR-CERT-NO             TO EX-CERT-NO
   563     MOVE GR-AGE                 TO EX-AGE
   564     MOVE GR-MORT-AGE            TO EX-MORT-AGE
   565     MOVE GR-LFTYP               TO EX-LFTYP
   566     MOVE GR-LF-TERM             TO EX-LF-TERM
   567     MOVE GR-LF-REMTERM          TO EX-LF-REMTERM
   568     MOVE GR-LF-UP-REMTERM       TO EX-LF-UP-REMTERM
   569     MOVE GR-LFBEN               TO EX-LFBEN
   570     MOVE GR-LFPRM               TO EX-LFPRM
   571     MOVE GR-AHTYP               TO EX-AHTYP
   572     MOVE GR-AH-TERM             TO EX-AH-TERM
   573     MOVE GR-AH-REMTERM          TO EX-AH-REMTERM
   574     MOVE GR-AH-UP-REMTERM       TO EX-AH-UP-REMTERM
   575     MOVE GR-AHBEN               TO EX-AHBEN
   576     MOVE GR-AHPRM               TO EX-AHPRM
* Micro Focus Server Express         V5.1 revision 000 06-Oct-15 17:18 Page  12
* CIDGRX1T.cbl
   577     MOVE GR-REM-AMT             TO EX-REM-AMT
   578     MOVE GRP-LFPRM              TO EX-PLFPRM
   579     MOVE GRR-LFPRM              TO EX-RLFPRM
   580     MOVE GRS-LFPRM              TO EX-SLFPRM
   581     MOVE GRP-AHPRM              TO EX-PAHPRM
   582     MOVE GRR-AHPRM              TO EX-RAHPRM
   583     MOVE GRS-AHPRM              TO EX-SAHPRM
   584     MOVE GR-REIN                TO EX-REIN
   585     MOVE GR-REINCO              TO EX-REIN-CO
   586     MOVE GR-AH-REM-BEN          TO EX-AH-REM-BEN
   587     MOVE GR-RESV                TO EX-MORT-RESV
   588     MOVE GR-REINCO-SUB          TO EX-REIN-SUB
   589     MOVE GR-MORT-CODE           TO EX-MORT-CODE
   590
   591     PERFORM 0300-WRITE-GAAP     THRU 0300-EXIT
   592
   593     .
   594 0100-EXIT.
   595     EXIT.
   596
   597 0200-READ-GAAP.
   598
   599     READ GAAP-FILE-IN AT END
   600        SET END-OF-GAAP          TO TRUE
   601     END-READ
   602
   603
   604     IF NOT END-OF-GAAP
   605        ADD 1 TO GAP-RECS-IN
   606     END-IF
   607
   608     .
   609 0200-EXIT.
   610     EXIT.
   611
   612 0300-WRITE-GAAP.
   613
   614     WRITE GAAP-FILE-OUT-REC     FROM GAAP-DETAIL-RECORD
   615     ADD 1 TO GAP-RECS-OUT
   616
   617     .
   618 0300-EXIT.
   619     EXIT.
   620
   621 0400-OPEN-FILES.
   622
   623     OPEN INPUT GAAP-FILE-IN
   624         OUTPUT GAAP-FILE-OUT
   625
   626     .
   627 0400-EXIT.
   628     EXIT.
   629
   630 0500-CLOSE-FILES.
   631
   632     CLOSE GAAP-FILE-IN GAAP-FILE-OUT
   633
   634     .
* Micro Focus Server Express         V5.1 revision 000 06-Oct-15 17:18 Page  13
* CIDGRX1T.cbl
   635 0500-EXIT.
   636     EXIT.
   637
   638 0600-INITIALIZE.
   639
   640     MOVE SPACES                 TO GAAP-DETAIL-RECORD
   641     MOVE ';'                    TO EX-TAB1
   642                                    EX-TAB2
   643                                    EX-TAB3
   644                                    EX-TAB4
   645                                    EX-TAB5
   646                                    EX-TAB6
   647                                    EX-TAB6A
   648                                    EX-TAB6B
   649                                    EX-TAB7
   650                                    EX-TAB8
   651                                    EX-TAB9
   652                                    EX-TAB10
   653                                    EX-TAB11
   654                                    EX-TAB12
   655                                    EX-TAB13
   656                                    EX-TAB14
   657                                    EX-TAB15
   658                                    EX-TAB16
   659                                    EX-TAB17
   660                                    EX-TAB18
   661                                    EX-TAB19
   662                                    EX-TAB20
   663                                    EX-TAB21
   664                                    EX-TAB22
   665                                    EX-TAB23
   666                                    EX-TAB24
   667                                    EX-TAB25
   668                                    EX-TAB26
   669                                    EX-TAB27
   670                                    EX-TAB28
   671                                    EX-TAB29
   672                                    EX-TAB30
   673                                    EX-TAB31
   674     MOVE 'E'                    TO EX-EOR
   675
   676     MOVE GAAP-DETAIL-RECORD     TO WS-SAVE-GAAP
   677     PERFORM 0200-READ-GAAP      THRU 0200-EXIT
   678
   679     .
   680 0600-EXIT.
   681     EXIT.
   682
   683 8510-DATE-CONVERSION.
   684
   685     CALL 'ELDATCX' USING DATE-CONVERSION-DATA
   686
   687     .
   688 8590-EXIT.
   689     EXIT.
   690
* Micro Focus Server Express         V5.1 revision 000 Compiler
* Copyright (C) Micro Focus IP Development Limited 1984-2012.
* Micro Focus Server Express         V5.1 revision 000 06-Oct-15 17:18 Page  14
* CIDGRX1T.cbl
*                                                        REF GNR-008065005AF
* Total Messages:     0
* Data:        2908     Code:        1136
