* Micro Focus Server Express         V5.1 revision 000 06-Oct-15 17:18 Page   1
* CIDLS80.cbl
* Options: int("CIDLS80.int") anim csi verbose NOBOUND PARAMCOUNTCHECK
*          directives(cobopt.bth) endp list("CIDLS80.lst")
* Setting: NOACCEPTREFRESH NOADV ALIGN"8" ALPHASTART"1" NOALTER NOAMODE ANIM
*          NOANIMPREP ANS85 APOST NOAREACHECK ARITHMETIC"OSVS" ASSIGN
*          "EXTERNAL" NOASSIGN-PRINTER NOAUTOLOCK NOBELL NOBOUND NOBRIEF
*          NOBS2000 BWZSTAR NOBYTEMODEMOVE CALLFH"ebmlsfile" NOCALLMCS
*          NOCALLRECOVERY CALLSORT"EXTSM" CANCEL CANCELLBR NOCHANGEMESSAGE
*          CHARSET"ASCII" NOCHECKDIV NOCHECKREFMOD NOCICS CICS-CPY
*          NOCICSOPTIMIZE NOCMPR2 NOCOBFSTATCONV NOCOBIDY NOCOBOL370 COBOLDIR
*          NOCOMP COMP-5"2" COMP-6"2" NOCOMS85 CONFIRM NOCONVERTRET CONVSPACE
*          COPYEXT",cbl,cpy" NOCOPYLBR COPYLIST COPYLISTCOMMENT"1" CSI
*          CURRENCY-SIGN"36" CURRENT-DATE"MMDDYY" NODATA DATACOMPRESS"0"
*          NODATA-CONTEXT DATE DBCHECK DBCS"2" NODBCSSOSI DBSPACE DE-EDIT"2"
*          DEFAULTBYTE"32" NODEFAULTCALLS DETECTLOCK NODG DIALECT"MF"
*          NODIRECTIVES-IN-COMMENTS NODOSVS NODPCINSUBSCRIPT DYNAM
*          NOEARLY-RELEASE ECHO NOECHOALL NOEDITOR ENSUITE"0" NOENTCOBOL
*          ERRFORMAT"1" ERRLIST"EMBED" NOERRQ FASTSORT NOFCD3 NOFCDREG
*          NOFDCLEAR NOFILESHARE FILETYPE"0" NOFLAG NOFLAGAS NOFLAGCD
*          NOFLAGEUC NOFLAGMIG NOFLAGQ FLAGSINEDIT NOFLAGSTD NOFOLDCALLNAME
*          NOFOLDCOPYNAME FORM"60" NOFP-ROUNDING NOHOSTARITHMETIC
*          NOHOSTCONTZERO NOHOST-NUMCOMPARE NOHOST-NUMMOVE NOHOSTFD NOHOSTRW
*          NOIBM-MS IBMCOMP IDXFORMAT"0" NOILGEN IMPLICITSCOPE NOINDD
*          INFORETURN"0" NOINITCALL INITPTR INT"CIDLS80.int" INTDATE"ANSI"
*          INTLEVEL"2" IOCONV NOISO2002 NOIXNLSKEY NOIXNUMKEY KEEP-INT
*          KEYCHECK KEYCOMPRESS"0" LIBRARIAN"2" NOLINE-COUNT LIST"CIDLS80.lst"
*          LISTPATH"" LISTWIDTH"80" LITVAL-SIZE"4" LOCKTYPE"0" NOMAPNAME
*          NOMAXERROR METHODDEFAULT"REFERENCE" MF"15" MFCOMMENT NOMOVELENCHECK
*          NOMS NOMVS NATIVE"ASCII" NONATIVEFLOATINGPOINT NONCHAR
*          NONEWBASENAME NONLS NSYMBOL"DBCS" NOODOOSVS NOODOSLIDE
*          NOOLDBLANKLINE NOOLDCOPY NOOLDINDEX NOOLDNEXTSENTENCE NOOLDREADINTO
*          NOOLDSTRMIX OOCTRL"-C-E-G-P+Q+R-S+W" OPTIONAL-FILE NOOS390 OSEXT""
*          NOOSVS NOOUTDD NOP64 NOPANVALET PERFORM-TYPE"OSVS" NOPREPLIST
*          NOPREPROCESS NOPRINT-EXT NOPROFILE NOPROGID-COMMENT
*          NOPROGID-INT-NAME NOPROTECT-LINKAGE PROTOTYPE"RELAXED" QUAL
*          QUALPROC NOQUERY NOQUOTE NORAWLIST NORDW RECMODE"F" NOREENTRANT
*          NOREF NOREFNO REMAINDER"1" REPORT-LINE"256" RESEQ NORETRYLOCK
*          REWRITE-LS NORM RTNCODE-SIZE"4" NORWHARDPAGE NOSAA SEG NOSEQCHK
*          SEQUENTIAL"RECORD" NOSERIAL SETTING"LINE" NOSHAREOUTDD NOSHOW-DIR
*          SIGN"ASCII" NOSIGNDISCARD NOSIGNFIXUP SORTTYPE"DFSORT" SOURCEFORMAT
*          "FIXED" SOURCETABSTOP"8" NOSPZERO NOSSRANGE STDERR NOSTICKY-LINKAGE
*          NOSTICKY-PERFORM SUPFF SWITCHTYPE"1" SYMBSTART"1" SYSPUNCH"132"
*          TERMPAGE TIME NOTRACE NOTRUNC NOTRUNCCALLNAME NOTRUNCCOPY TRUNCINC
*          "10" UNICODE"NATIVE" VERBOSE VSC2"2" WARNING"1" NOWB NOWB2 NOWB3
*          WEBSERVER"CGI" NOWRITELOCK NOWRITETHRU NOXOPEN NOXREF
*          NOZEROLENGTHFALSE NOZEROSEQ NOZWB
     1 IDENTIFICATION DIVISION.
     2 PROGRAM-ID.    cidls.
     3 AUTHOR.        Pablo.
     4 ENVIRONMENT DIVISION.
     5 INPUT-OUTPUT SECTION.
     6 FILE-CONTROL.
     7*
     8     SELECT CID-FILE-IN
     9         ASSIGN TO SYS010
    10         FILE STATUS IS SYS010-STATUS.
    11
    12
    13     SELECT CID-FILE-OUT
* Micro Focus Server Express         V5.1 revision 000 06-Oct-15 17:18 Page   2
* CIDLS80.cbl
    14         ASSIGN TO SYS011
    15         organization is line sequential.
    16
    17
    18 DATA DIVISION.
    19 FILE SECTION.
    20
    21 FD  CID-FILE-IN
    22     LABEL RECORDS ARE STANDARD
    23     RECORDING MODE IS F
    24     BLOCK CONTAINS 0 RECORDS.
    25 01  CID-RECORD-IN               PIC X(80).
    26
    27 FD  CID-FILE-OUT
    28     LABEL RECORDS ARE STANDARD
    29     RECORDING MODE IS F
    30     BLOCK CONTAINS 0 RECORDS.
    31 01  CID-RECORD-OUT              PIC X(80).
    32
* Micro Focus Server Express         V5.1 revision 000 06-Oct-15 17:18 Page   3
* CIDLS80.cbl
    34
    35 WORKING-STORAGE SECTION.
    36
    37 01  FILLER                  BINARY.
    38     05  SUB                 PIC S9(4)    VALUE +0.
    39
    40 01  FILLER.
    41     05  S0C7                PIC X        VALUE ' '.
    42     05  FORCE-DUMP REDEFINES S0C7 PIC S9 COMP-3.
    43     05  SYS010-STATUS       PIC XX       VALUE '00'.
    44         88  EOF                          VALUE '10'.
* Micro Focus Server Express         V5.1 revision 000 06-Oct-15 17:18 Page   4
* CIDLS80.cbl
    46*
    47 PROCEDURE DIVISION.
    48*
    49     PERFORM 0000-HOUSEKEEPING THRU 0000-EXIT
    50
    51     PERFORM 1000-PROCESS THRU 1000-EXIT UNTIL EOF
    52
    53     CLOSE CID-FILE-IN   CID-FILE-OUT
    54     GOBACK
    55
    56
* Micro Focus Server Express         V5.1 revision 000 06-Oct-15 17:18 Page   5
* CIDLS80.cbl
    58     .
    59 1000-PROCESS.
    60*
    61     READ CID-FILE-IN
    62        AT END GO TO 1000-EXIT.
    63
    64     WRITE CID-RECORD-OUT FROM CID-RECORD-IN
    65     .
    66 1000-EXIT.
    67     EXIT.
    68
    69
* Micro Focus Server Express         V5.1 revision 000 06-Oct-15 17:18 Page   6
* CIDLS80.cbl
    71*
    72*
    73 0000-HOUSEKEEPING.
    74*
    75
    76     OPEN INPUT CID-FILE-IN
    77     IF SYS010-STATUS NOT = '00'
    78        DISPLAY 'OPEN ERROR ' SYS010-STATUS ' ON SYS010'
    79        ADD +1 TO FORCE-DUMP.
    80
    81
    82     OPEN OUTPUT CID-FILE-OUT
    83     .
    84 0000-EXIT.
    85     EXIT.
    86
* Micro Focus Server Express         V5.1 revision 000 Compiler
* Copyright (C) Micro Focus IP Development Limited 1984-2012.
*                                                        REF GNR-008065005AF
* Total Messages:     0
* Data:        1568     Code:         499
