* Micro Focus Server Express         V5.1 revision 000 06-Oct-15 17:18 Page   1
* CIPA020.cbl
* Options: int("CIPA020.int") anim csi verbose NOBOUND PARAMCOUNTCHECK
*          directives(cobopt.bth) endp list("CIPA020.lst")
* Setting: NOACCEPTREFRESH NOADV ALIGN"8" ALPHASTART"1" NOALTER NOAMODE ANIM
*          NOANIMPREP ANS85 APOST NOAREACHECK ARITHMETIC"OSVS" ASSIGN
*          "EXTERNAL" NOASSIGN-PRINTER NOAUTOLOCK NOBELL NOBOUND NOBRIEF
*          NOBS2000 BWZSTAR NOBYTEMODEMOVE CALLFH"ebmlsfile" NOCALLMCS
*          NOCALLRECOVERY CALLSORT"EXTSM" CANCEL CANCELLBR NOCHANGEMESSAGE
*          CHARSET"ASCII" NOCHECKDIV NOCHECKREFMOD NOCICS CICS-CPY
*          NOCICSOPTIMIZE NOCMPR2 NOCOBFSTATCONV NOCOBIDY NOCOBOL370 COBOLDIR
*          NOCOMP COMP-5"2" COMP-6"2" NOCOMS85 CONFIRM NOCONVERTRET CONVSPACE
*          COPYEXT",cbl,cpy" NOCOPYLBR COPYLIST COPYLISTCOMMENT"1" CSI
*          CURRENCY-SIGN"36" CURRENT-DATE"MMDDYY" NODATA DATACOMPRESS"0"
*          NODATA-CONTEXT DATE DBCHECK DBCS"2" NODBCSSOSI DBSPACE DE-EDIT"2"
*          DEFAULTBYTE"32" NODEFAULTCALLS DETECTLOCK NODG DIALECT"MF"
*          NODIRECTIVES-IN-COMMENTS NODOSVS NODPCINSUBSCRIPT DYNAM
*          NOEARLY-RELEASE ECHO NOECHOALL NOEDITOR ENSUITE"0" NOENTCOBOL
*          ERRFORMAT"1" ERRLIST"EMBED" NOERRQ FASTSORT NOFCD3 NOFCDREG
*          NOFDCLEAR NOFILESHARE FILETYPE"0" NOFLAG NOFLAGAS NOFLAGCD
*          NOFLAGEUC NOFLAGMIG NOFLAGQ FLAGSINEDIT NOFLAGSTD NOFOLDCALLNAME
*          NOFOLDCOPYNAME FORM"60" NOFP-ROUNDING NOHOSTARITHMETIC
*          NOHOSTCONTZERO NOHOST-NUMCOMPARE NOHOST-NUMMOVE NOHOSTFD NOHOSTRW
*          NOIBM-MS IBMCOMP IDXFORMAT"0" NOILGEN IMPLICITSCOPE NOINDD
*          INFORETURN"0" NOINITCALL INITPTR INT"CIPA020.int" INTDATE"ANSI"
*          INTLEVEL"2" IOCONV NOISO2002 NOIXNLSKEY NOIXNUMKEY KEEP-INT
*          KEYCHECK KEYCOMPRESS"0" LIBRARIAN"2" NOLINE-COUNT LIST"CIPA020.lst"
*          LISTPATH"" LISTWIDTH"80" LITVAL-SIZE"4" LOCKTYPE"0" NOMAPNAME
*          NOMAXERROR METHODDEFAULT"REFERENCE" MF"15" MFCOMMENT NOMOVELENCHECK
*          NOMS NOMVS NATIVE"ASCII" NONATIVEFLOATINGPOINT NONCHAR
*          NONEWBASENAME NONLS NSYMBOL"DBCS" NOODOOSVS NOODOSLIDE
*          NOOLDBLANKLINE NOOLDCOPY NOOLDINDEX NOOLDNEXTSENTENCE NOOLDREADINTO
*          NOOLDSTRMIX OOCTRL"-C-E-G-P+Q+R-S+W" OPTIONAL-FILE NOOS390 OSEXT""
*          NOOSVS NOOUTDD NOP64 NOPANVALET PERFORM-TYPE"OSVS" NOPREPLIST
*          NOPREPROCESS NOPRINT-EXT NOPROFILE NOPROGID-COMMENT
*          NOPROGID-INT-NAME NOPROTECT-LINKAGE PROTOTYPE"RELAXED" QUAL
*          QUALPROC NOQUERY NOQUOTE NORAWLIST NORDW RECMODE"F" NOREENTRANT
*          NOREF NOREFNO REMAINDER"1" REPORT-LINE"256" RESEQ NORETRYLOCK
*          REWRITE-LS NORM RTNCODE-SIZE"4" NORWHARDPAGE NOSAA SEG NOSEQCHK
*          SEQUENTIAL"RECORD" NOSERIAL SETTING"LINE" NOSHAREOUTDD NOSHOW-DIR
*          SIGN"ASCII" NOSIGNDISCARD NOSIGNFIXUP SORTTYPE"DFSORT" SOURCEFORMAT
*          "FIXED" SOURCETABSTOP"8" NOSPZERO NOSSRANGE STDERR NOSTICKY-LINKAGE
*          NOSTICKY-PERFORM SUPFF SWITCHTYPE"1" SYMBSTART"1" SYSPUNCH"132"
*          TERMPAGE TIME NOTRACE NOTRUNC NOTRUNCCALLNAME NOTRUNCCOPY TRUNCINC
*          "10" UNICODE"NATIVE" VERBOSE VSC2"2" WARNING"1" NOWB NOWB2 NOWB3
*          WEBSERVER"CGI" NOWRITELOCK NOWRITETHRU NOXOPEN NOXREF
*          NOZEROLENGTHFALSE NOZEROSEQ NOZWB
     1 IDENTIFICATION DIVISION.
     2 PROGRAM-ID.    CIPA020.
     3 DATE-WRITTEN.  NOV, 1999.
     4
     5*****************************************************************
     6*  N O T E:                                                     *
     7*  ========                                                     *
     8*                                                               *
     9*  THIS PROGRAM PRODUCES REPORTS OF SELECTED ACCOUNTS FROM      *
    10*  THE ECS021-02 FICH FILE THAT ARE ROUTED TO CID.              *
    11*                                                               *
    12*  SOME REPORTS ARE PRODUCED MONTHLY, AND SOME ARE PRODUCED     *
    13*  SEMI-ANNUALLY.                                               *
* Micro Focus Server Express         V5.1 revision 000 06-Oct-15 17:18 Page   2
* CIPA020.cbl
    14*                                                               *
    15*   REPORT CODE 1:              (PRINT AT MONTH END)            *
    16*      1) MIDWEST                 "    "    "    "              *
    17*      2) RMRO-N                  "    "    "    "              *
    18*      3) RMRO-S                  "    "    "    "              *
    19*                                 "    "    "    "              *
    20*   REPORT CODE 2:                "    "    "    "              *
    21*      1) INTRUST                 "    "    "    "              *
    22*      2) PRAIRIESTB              "    "    "    "              *
    23*      3) SUNFLOWER               "    "    "    "              *
    24*      4) ROTH                    "    "    "    "              *
    25*      5) TRUCK & RV              "    "    "    "              *
    26*                                                               *
    27*   REPORT CODE 1:              (PRINT IN JUNE AND DECEMBER)    *
    28*      1) IOWA                    "    "    "   "     "         *
    29*      2) MIDWEST                 "    "    "   "     "         *
    30*      3) MWAUTO                  "    "    "   "     "         *
    31*      4) RMRO-N                  "    "    "   "     "         *
    32*      5) RMRO-S                  "    "    "   "     "         *
    33*      6) SWRO                    "    "    "   "     "         *
    34*      7) IARO                    "    "    "   "     "         *
    35*      8) NCRO                    "    "    "   "     "         *
    36*                                                               *
    37*****************************************************************
    38*                                                               *
    39*****************************************************************
    40*  SELECT PRINT LINES FROM THE ECS021 FICH REPORT.              *
    41******************************************************************
    42*                   C H A N G E   L O G
    43*
    44* CHANGES ARE MARKED BY THE CHANGE EFFECTIVE DATE.
    45*-----------------------------------------------------------------
    46*  CHANGE   CHANGE REQUEST PGMR  DESCRIPTION OF CHANGE
    47* EFFECTIVE    NUMBER
    48*-----------------------------------------------------------------
    49* 111403    2002081300007  SMVA  DO NOT SHOW SUNFLOWER ACCTS FOR
    50*                                RPTCD1 RMRO ON CODE-2-MO-RPT
    51* 020204    2004013100001  SMVA  SEPARATE RMRO-N AND RMRO-S RPTS
    52******************************************************************
    53*                                                               *
    54 ENVIRONMENT DIVISION.
    55
    56 INPUT-OUTPUT SECTION.
    57
    58 FILE-CONTROL.
    59
    60     SELECT ECS021-02-FICHE
    61         ASSIGN TO SYS010.
    62
    63     SELECT MIDWEST-MO-RPT
    64         ASSIGN TO SYS020.
    65
    66     SELECT RMRO-N-MO-RPT
    67         ASSIGN TO SYS021.
    68
    69     SELECT RMRO-S-MO-RPT
    70         ASSIGN TO SYS022.
    71
* Micro Focus Server Express         V5.1 revision 000 06-Oct-15 17:18 Page   3
* CIPA020.cbl
    72     SELECT CODE-2-MO-RPT
    73         ASSIGN TO SYS024.
    74
    75     SELECT CODE-1-SA-RPT
    76         ASSIGN TO SYS026.
    77
    78     SELECT DISK-DATE
    79         ASSIGN TO SYS019.
    80
    81 DATA DIVISION.
    82
    83 FILE SECTION.
    84
    85 FD  DISK-DATE
*                            COPY ELCDTEFD.
    86******************************************************************04/15/98
    87*                                                                *ELCDTEFD
    88*                                                                *ELCDTEFD
    89*                            ELCDTEFD.                           *   LV002
    90*           COPYBOOK REVIEWED FOR YEAR 2000 COMPLIANCE               CL**2
    91*                            VMOD=2.007                          *   CL**2
    92*                                                                *ELCDTEFD
    93******************************************************************ELCDTEFD
    94     BLOCK CONTAINS 0 RECORDS
    95     RECORDING MODE F.                                            ELCDTEFD
    96                                                                  ELCDTEFD
    97 01  DATE-DISK.                                                   ELCDTEFD
    98     12  DD-ID                       PIC  X(4).                   ELCDTEFD
    99     12  FILLER                      PIC  X(14).                  ELCDTEFD
   100     12  DD-CR1                      PIC  9.                      ELCDTEFD
   101     12  DD-CR1N                     PIC  X(30).                  ELCDTEFD
   102     12  DD-CR2                      PIC  9.                      ELCDTEFD
   103     12  DD-CR2N                     PIC  X(30).                  ELCDTEFD
   104     12  FILLER                      PIC  X(20).                  ELCDTEFD
   105                                                                  ELCDTEFD
   106 01  DATE-DISK-R.                                                 ELCDTEFD
   107     12  FILLER                      PIC  X(4).                   ELCDTEFD
   108     12  DD-ST           OCCURS 3 TIMES                           ELCDTEFD
   109                                     PIC  X(32).                  ELCDTEFD
   110                                                                  ELCDTEFD
   111 01  DATE-DISK-T.                                                 ELCDTEFD
   112     12  FILLER                      PIC  X(4).                   ELCDTEFD
   113     12  DD-TYPE         OCCURS 2 TIMES                           ELCDTEFD
   114                                     PIC  X(48).                  ELCDTEFD
   115                                                                  ELCDTEFD
   116 01  DATE-DISK-M.                                                 ELCDTEFD
   117     12  FILLER                      PIC  X(4).                   ELCDTEFD
   118     12  DD-MORT         OCCURS 2 TIMES                           ELCDTEFD
   119                                     PIC  X(48).                  ELCDTEFD
   120                                                                  ELCDTEFD
   121 01  DATE-DISK-P.                                                 ELCDTEFD
   122     12  DD-IDA                      PIC  XX.                     ELCDTEFD
   123     12  DD-IDX                      PIC  99.                     ELCDTEFD
   124     12  DD-DATA                     PIC  X(96).                  ELCDTEFD
   125     12  FILLER  REDEFINES DD-DATA.                               ELCDTEFD
   126         16  DD-PS-PIC   OCCURS 50 TIMES                          ELCDTEFD
   127                                     PIC  X.                      ELCDTEFD
   128         16  FILLER                  PIC  X(46).                  ELCDTEFD
* Micro Focus Server Express         V5.1 revision 000 06-Oct-15 17:18 Page   4
* CIPA020.cbl (/apps/prod/cid1p/copy/ELCDTEFD)
   129     12  FILLER  REDEFINES DD-DATA.                               ELCDTEFD
   130         16  DD-PS-PICO  OCCURS 20 TIMES.                         ELCDTEFD
   131             20  DD-PS-PRT           PIC  X.                      ELCDTEFD
   132             20  DD-PS-FMT           PIC  X.                      ELCDTEFD
   133             20  DD-PS-PRC           PIC  X.                      ELCDTEFD
   134             20  DD-PS-TOT           PIC  X.                      ELCDTEFD
   135         16  FILLER                  PIC  X(16).                  ELCDTEFD
   136                                                                  ELCDTEFD
   137 01  DATE-DISK-E.                                                 ELCDTEFD
   138     12  FILLER                      PIC  X(4).                   ELCDTEFD
   139     12  DD-EDIT         OCCURS 24 TIMES                          ELCDTEFD
   140                                     PIC  X(4).                   ELCDTEFD
   141                                                                  ELCDTEFD
   142 01  DATE-DISK-C.                                                 ELCDTEFD
   143     12  FILLER                      PIC  X(7).                   ELCDTEFD
   144     12  DD-CARR1-SECPAY-SW          PIC  X.
   145     12  DD-CARR1-UEP-PCT            PIC  S9V9(4) COMP-3.         ELCDTEFD
   146     12  DD-CARR1-R78-PCT            PIC  S9V9(4) COMP-3.         ELCDTEFD
   147     12  DD-CARR1-PRO-PCT            PIC  S9V9(4) COMP-3.         ELCDTEFD
   148     12  DD-CARR1                    PIC  X.                      ELCDTEFD
   149     12  DD-CARR1S                   PIC  XX.                     ELCDTEFD
   150     12  DD-CARR1N                   PIC  X(30).                  ELCDTEFD
   151     12  DD-CARR2                    PIC  X.                      ELCDTEFD
   152     12  DD-CARR2S                   PIC  XX.                     ELCDTEFD
   153     12  DD-CARR2N                   PIC  X(30).                  ELCDTEFD
   154     12  DD-CARR2-UEP-PCT            PIC  S9V9(4) COMP-3.         ELCDTEFD
   155     12  DD-CARR2-R78-PCT            PIC  S9V9(4) COMP-3.         ELCDTEFD
   156     12  DD-CARR2-PRO-PCT            PIC  S9V9(4) COMP-3.         ELCDTEFD
   157     12  DD-CARR2-SECPAY-SW          PIC  X.
   158     12  FILLER                      PIC  X(7).                   ELCDTEFD
   159                                                                  ELCDTEFD
   160 01  DATE-DISK-OPT.                                               ELCDTEFD
   161     12  FILLER                      PIC  X(04).                  ELCDTEFD
   162     12  DD-TLR-DATA.                                             ELCDTEFD
   163         16  DD-TLR                  OCCURS 32 TIMES              ELCDTEFD
   164                                     PIC  X(03).                  ELCDTEFD
   165     12  DD-STATE-DATA REDEFINES DD-TLR-DATA.                     ELCDTEFD
   166         16  DD-STATE-FLDS           OCCURS 16 TIMES              ELCDTEFD
   167                                     PIC  X(06).                  ELCDTEFD
   168     12  DD-CARR-DATA REDEFINES DD-TLR-DATA.                      ELCDTEFD
   169         16  DD-CARR-FLDS            OCCURS 13 TIMES              ELCDTEFD
   170                                     PIC  X(07).                  ELCDTEFD
   171         16  FILLER                  PIC  X(05).                  ELCDTEFD
   172     12  DD-MISC-DATA REDEFINES DD-TLR-DATA                       ELCDTEFD
   173                                     PIC  X(96).                  ELCDTEFD
   174******************************************************************ELCDTEFD
   175
   176 FD  ECS021-02-FICHE
   177     LABEL RECORDS ARE STANDARD
   178     RECORDING MODE IS F
   179     RECORD CONTAINS 133 CHARACTERS
   180     BLOCK CONTAINS 0 RECORDS.
   181 01  FICHE-RECORD.
   182     05  CC                       PIC X(001).
   183     05  FILLER                   PIC X(132).
   184
   185 FD  MIDWEST-MO-RPT
   186     LABEL RECORDS ARE STANDARD
* Micro Focus Server Express         V5.1 revision 000 06-Oct-15 17:18 Page   5
* CIPA020.cbl
   187     RECORDING MODE IS F
   188     RECORD CONTAINS 179 CHARACTERS
   189     BLOCK CONTAINS 0 RECORDS.
   190 01  MIDWEST-MO-RECORD            PIC X(179).
   191
   192 FD  RMRO-N-MO-RPT
   193     LABEL RECORDS ARE STANDARD
   194     RECORDING MODE IS F
   195     RECORD CONTAINS 179 CHARACTERS
   196     BLOCK CONTAINS 0 RECORDS.
   197 01  RMRO-N-MO-RECORD             PIC X(179).
   198
   199 FD  RMRO-S-MO-RPT
   200     LABEL RECORDS ARE STANDARD
   201     RECORDING MODE IS F
   202     RECORD CONTAINS 179 CHARACTERS
   203     BLOCK CONTAINS 0 RECORDS.
   204 01  RMRO-S-MO-RECORD             PIC X(179).
   205
   206 FD  CODE-2-MO-RPT
   207     LABEL RECORDS ARE STANDARD
   208     RECORDING MODE IS F
   209     RECORD CONTAINS 179 CHARACTERS
   210     BLOCK CONTAINS 0 RECORDS.
   211 01  CODE-2-MO-RECORD             PIC X(179).
   212
   213 FD  CODE-1-SA-RPT
   214     LABEL RECORDS ARE STANDARD
   215     RECORDING MODE IS F
   216     RECORD CONTAINS 179 CHARACTERS
   217     BLOCK CONTAINS 0 RECORDS.
   218 01  CODE-1-SA-RECORD             PIC X(179).
   219
* Micro Focus Server Express         V5.1 revision 000 06-Oct-15 17:18 Page   6
* CIPA020.cbl
   221
   222 WORKING-STORAGE SECTION.
   223
   224 01  WORK.
   225     05  EOF-SW              PIC X       VALUE 'N'.
   226         88  EOF                         VALUE 'Y'.
   227     05  WS-RETURN-CODE      PIC 99      VALUE ZEROS.
   228     05  WS-ABEND-MESSAGE    PIC X(80)   VALUE SPACES.
   229     05  PGM-SUB             PIC 999     VALUE ZEROS.
   230     05  SEL-SW              PIC X       VALUE SPACE.
   231     05  MIDWEST-MO-SW       PIC X       VALUE SPACE.
   232     05  RMRO-N-MO-SW        PIC X       VALUE SPACE.
   233     05  RMRO-S-MO-SW        PIC X       VALUE SPACE.
   234     05  CODE-2-MO-SW        PIC X       VALUE SPACE.
   235     05  CODE-1-SA-SW        PIC X       VALUE SPACE.
   236     05  SYS014-STATUS       PIC X(2)    VALUE SPACE.
   237     05  S0C7                PIC S9      COMP-3.
   238     05  SAVE-ACCOUNT-NAME   PIC X(30)   VALUE SPACE.
   239
   240*****************************************************************
   241*   DATE CARD INFORMATION                                       *
   242*****************************************************************
   243
*  244     COPY ELCDTECX.
   245******************************************************************06/05/98
   246*                                                                *ELCDTECX
   247*                            ELCDTECX.                           *   LV005
   248*           COPYBOOK REVIEWED FOR YEAR 2000 COMPLIANCE               CL**2
   249*                            VMOD=2.015                          *ELCDTECX
   250*                                                                *ELCDTECX
   251*      WORKING STORAGE COPY CODE FOR APPLICATIONS CALLING        *ELCDTECX
   252*      THE DATE CARD DISK FILE. ( READ ROUTINE = ELCDTERX,       *ELCDTECX
   253*      AND DISK FILE FD = ELCDTEFX)                              *ELCDTECX
   254*                                                                *ELCDTECX
   255******************************************************************ELCDTECX
   256******************************************************************
   257*                   C H A N G E   L O G
   258*
   259* CHANGES ARE MARKED BY THE CHANGE EFFECTIVE DATE.
   260*-----------------------------------------------------------------
   261*  CHANGE   CHANGE REQUEST PGMR  DESCRIPTION OF CHANGE
   262* EFFECTIVE    NUMBER
   263*-----------------------------------------------------------------
   264* 092602    2002091900008  PEMA  INCREASE NUMBER OF MAXIMUM
   265*                                  BENEFIT CODES FROM 300 TO 900
   266* 090803    2003080800002  PEMA  ADD CATEGORY FOR SUPER GAP
   267* 051304    2003080800002  SMVA  ADD REFUND METHOD
   268* 071714    2013100100002  PEMA  FIX CRIT PERIOD EDITS
   269******************************************************************
   270 01  DATE-CARD.                                                   ELCDTECX
   271     12  DATX-COD                    PIC  X(4).                   ELCDTECX
   272     12  RUN-DATE                    PIC  9(11)  COMP-3.          ELCDTECX
   273     12  ALPH-DATE                   PIC  X(18).                  ELCDTECX
   274     12  EP-DT                       PIC  9(11)  COMP-3.          ELCDTECX
   275     12  PEND-ACT-FILE               PIC  XX.                     ELCDTECX
   276     12  EP-SW                       PIC  X.                      ELCDTECX
   277         88  NO-EP-EXTRACTS          VALUE SPACE.                 ELCDTECX
   278     12  TAPE-BATCHES                PIC  X.                      ELCDTECX
* Micro Focus Server Express         V5.1 revision 000 06-Oct-15 17:18 Page   7
* CIPA020.cbl (/apps/prod/cid1p/copy/ELCDTECX)
   279         88  TP-PREL-BAL             VALUE '1'.                   ELCDTECX
   280     12  BIN-RUN-DATE                PIC  XX.                     ELCDTECX
   281     12  RUN-CENTURY.                                             ELCDTECX
   282         16 RUN-CENTURY-N            PIC  99.                        CL**4
   283     12  FILLER                      PIC  X.                         CL**4
   284     12  CLAS-MORT-OVRD              PIC  X(4).                   ELCDTECX
   285     12  FILLER                      PIC  XXX.                    ELCDTECX
   286     12  COMPANY-NAME                PIC  X(30).                  ELCDTECX
   287                                                                  ELCDTECX
   288 01  FILLER                          PIC  X(7)                       CL**6
   289                                          VALUE 'OPTIONS'.        ELCDTECX
   290 01  DATE-CARD-OPTIONS.                                           ELCDTECX
   291     12  DATE-OPTIONS-ID             PIC  X(4).                   ELCDTECX
   292     12  DTE-MIN-PREM                PIC  99V99.                  ELCDTECX
   293     12  DTE-LANGUAGE-IND            PIC  X.                      ELCDTECX
   294         88  DTE-LANGUAGE-IS-FR           VALUE 'F'.              ELCDTECX
   295         88  DTE-LANGUAGE-IS-ENG          VALUE 'E'.              ELCDTECX
   296     12  DTE-MIN-AGE                 PIC  99.                     ELCDTECX
   297     12  DTE-DEFAULT-AGE             PIC  99.                     ELCDTECX
   298     12  FILLER                      PIC  X.                      ELCDTECX
   299     12  DTE-MAX-TERM                PIC  999.                    ELCDTECX
   300     12  DTE-COMP-VG                 PIC  X.                      ELCDTECX
   301     12  DTE-REM-TRM                 PIC  X.                      ELCDTECX
   302     12  DTE-PRM-CK                  PIC S99V99.                  ELCDTECX
   303     12  DTE-PRORATA                 PIC  X.                      ELCDTECX
   304     12  DTE-CLM-REJ                 PIC  X.                      ELCDTECX
   305     12  DTE-REF-REJ                 PIC  X.                      ELCDTECX
   306     12  DTE-COM-TBL-USED            PIC  X.                      ELCDTECX
   307     12  FILLER                      PIC  X.                      ELCDTECX
   308     12  DTE-QTR-CO                  PIC  X.                      ELCDTECX
   309     12  DTE-REF-CK                  PIC S99V99.                  ELCDTECX
   310     12  DTE-CLM-CK                  PIC S99V99.                  ELCDTECX
   311     12  DTE-CONV-DT                 PIC 9(11) COMP-3.               CL**2
   312     12  DTE-DEFAULT-SEX             PIC  X.                      ELCDTECX
   313     12  DTE-EPL-FORMAT              PIC  X.                      ELCDTECX
   314     12  FILLER                      PIC  X.                      ELCDTECX
   315     12  DTE-JT-AGE                  PIC  X.                      ELCDTECX
   316     12  DTE-KEY-BIRTH               PIC  X.                      ELCDTECX
   317     12  DTE-REINSURANCE             PIC  X.                      ELCDTECX
   318     12  DTE-CLAIM-SORT              PIC  X.                      ELCDTECX
   319     12  DTE-WRT-OFF                 PIC  S99V99.                 ELCDTECX
   320     12  DTE-R78                     PIC  X.                      ELCDTECX
   321     12  DTE-DLY-BILL                PIC  X.                      ELCDTECX
   322     12  DTE-ALT-MORT-CODE           PIC  X(4).                   ELCDTECX
   323     12  DTE-CLAIM-PAID-THRU-TO      PIC  X.                      ELCDTECX
   324     12  DTE-COMPENSATION-ACCESS     PIC  X.                      ELCDTECX
   325     12  DTE-MORTG-ACCESS-CNTL       PIC  X.                      ELCDTECX
   326     12  DTE-MP-ALT-MORT-CODE        PIC  X(4).                   ELCDTECX
   327     12  DTE-MORTALITY-AGE-CALC-METHOD                            ELCDTECX
   328                                     PIC  X.                      ELCDTECX
   329         88  DTE-USE-TABLE-ASSIGNED-METHOD VALUE '1'              ELCDTECX
   330                                                 ' '.             ELCDTECX
   331         88  DTE-USE-ALL-AGE-LAST          VALUE '2'.             ELCDTECX
   332         88  DTE-USE-ALL-AGE-NEAR          VALUE '3'.             ELCDTECX
   333     12  DTE-RESERVE-OPTION-SWITCH   PIC  X.                      ELCDTECX
   334         88  DTE-OPT-RESERVE-METHOD-AUTH       VALUE 'Y'.         ELCDTECX
   335         88  DTE-OPT-RESERVE-METHOD-UNAUTH     VALUE 'N' ' '.     ELCDTECX
   336     12  DTE-REM-TRM-CALC-OPTION     PIC  X.                      ELCDTECX
* Micro Focus Server Express         V5.1 revision 000 06-Oct-15 17:18 Page   8
* CIPA020.cbl (/apps/prod/cid1p/copy/ELCDTECX)
   337     12  DTE-EXPERIENCE-RETENTION-AGE                             ELCDTECX
   338                                     PIC  9.                         CL**4
   339     12  DTE-SYSTEM.                                              ELCDTECX
   340         16  DTE-SYS-A-CREDIT        PIC  X.                      ELCDTECX
   341         16  DTE-SYS-B-PEND-CLAIM    PIC  X.                      ELCDTECX
   342         16  DTE-SYS-C-CONFIRMATIONS PIC  X.                      ELCDTECX
   343         16  DTE-SYS-D-DEMAND-BILL   PIC  X.                      ELCDTECX
   344         16  DTE-SYS-E-CLASIC-CLAIMS PIC  X.                      ELCDTECX
   345         16  DTE-SYS-F-CLASIC-CREDIT PIC  X.                      ELCDTECX
   346         16  DTE-SYS-G-AR-USED       PIC  X.                      ELCDTECX
   347         16  DTE-SYS-H               PIC  X.                      ELCDTECX
   348         16  DTE-SYS-I               PIC  X.                      ELCDTECX
   349         16  DTE-SYS-J               PIC  X.                      ELCDTECX
   350         16  DTE-SYS-K               PIC  X.                      ELCDTECX
   351         16  DTE-SYS-L               PIC  X.                      ELCDTECX
   352         16  DTE-SYS-M               PIC  X.                      ELCDTECX
   353         16  DTE-SYS-N               PIC  X.                      ELCDTECX
   354         16  DTE-SYS-O               PIC  X.                      ELCDTECX
   355         16  DTE-SYS-P               PIC  X.                      ELCDTECX
   356         16  DTE-SYS-Q               PIC  X.                      ELCDTECX
   357         16  DTE-SYS-R               PIC  X.                      ELCDTECX
   358         16  DTE-SYS-S               PIC  X.                      ELCDTECX
   359         16  DTE-SYS-T               PIC  X.                      ELCDTECX
   360         16  DTE-SYS-U               PIC  X.                      ELCDTECX
   361         16  DTE-SYS-V               PIC  X.                      ELCDTECX
   362         16  DTE-SYS-W               PIC  X.                      ELCDTECX
   363         16  DTE-SYS-X               PIC  X.                      ELCDTECX
   364         16  DTE-SYS-Y               PIC  X.                      ELCDTECX
   365         16  DTE-SYS-Z               PIC  X.                      ELCDTECX
   366     12  FILLER                      REDEFINES DTE-SYSTEM.        ELCDTECX
   367         16  DTE-SYS-CODE            OCCURS 26 TIMES              ELCDTECX
   368                                     PIC  X.                      ELCDTECX
   369     12  DTE-CLIENT                  PIC  XXX.                    ELCDTECX
   370                                                                  ELCDTECX
   371 01  CLASIC-SYSTEM-CODES.                                         ELCDTECX
   372     12  DTE-COLC-ID                 PIC  X(4).                   ELCDTECX
   373     12  DTE-CLASIC-COMPANY-CD       PIC  X.                      ELCDTECX
   374     12  DTE-CLASIC-COMPANY-NUMBER   PIC  999.                    ELCDTECX
   375*    12  DTE-CLASIC-CLAIM-ACCESS     PIC  X.                      ELCDTECX
   376     12  FILLER                      PIC  X.                      ELCDTECX
   377     12  CLASIC-REIN-MAINT           PIC  XX.                     ELCDTECX
   378     12  CLASIC-COMP-MAINT           PIC  XX.                     ELCDTECX
   379     12  CLASIC-ACCT-MAINT           PIC  XX.                     ELCDTECX
   380     12  CLASIC-CTBL-MAINT           PIC  XX.                     ELCDTECX
   381     12  CLASIC-RATE-MAINT           PIC  XX.                     ELCDTECX
   382     12  CLASIC-CREDIT-EOM-DT        PIC  XX.                     ELCDTECX
   383     12  CLASIC-CLAIMS-EOM-DT        PIC  XX.                     ELCDTECX
   384                                                                  ELCDTECX
   385     12  LIFE-OVERRIDE-L1            PIC  X.                      ELCDTECX
   386     12  LIFE-OVERRIDE-L2            PIC  XX.                     ELCDTECX
   387     12  LIFE-OVERRIDE-L6            PIC  X(6).                   ELCDTECX
   388     12  LIFE-OVERRIDE-L12           PIC  X(12).                  ELCDTECX
   389                                                                  ELCDTECX
   390     12  AH-OVERRIDE-L1              PIC  X.                      ELCDTECX
   391     12  AH-OVERRIDE-L2              PIC  XX.                     ELCDTECX
   392     12  AH-OVERRIDE-L6              PIC  X(6).                   ELCDTECX
   393     12  AH-OVERRIDE-L12             PIC  X(12).                  ELCDTECX
   394                                                                  ELCDTECX
* Micro Focus Server Express         V5.1 revision 000 06-Oct-15 17:18 Page   9
* CIPA020.cbl (/apps/prod/cid1p/copy/ELCDTECX)
   395     12  CLAS-REPORT-CD1-CAPTION     PIC  X(10).                  ELCDTECX
   396     12  CLAS-REPORT-CD2-CAPTION     PIC  X(10).                  ELCDTECX
   397                                                                  ELCDTECX
   398     12  CLASIC-MORTG-EOM-DT         PIC  XX.                     ELCDTECX
   399     12  CLASIC-AR-EOM-DT            PIC  XX.                     ELCDTECX
   400                                                                  ELCDTECX
   401     12  FILLER                      PIC  X(11)      VALUE SPACE. ELCDTECX
   402                                                                  ELCDTECX
   403 01  DATE-CARD-FACTORS.                                           ELCDTECX
   404     12  DATE-FACTOR-ID              PIC  X(4).                   ELCDTECX
   405     12  FAC-1                       PIC S999V9(5).               ELCDTECX
   406     12  FAC-2                       PIC S999V9(5).               ELCDTECX
   407     12  FAC-3                       PIC S999V9(5).               ELCDTECX
   408     12  FAC-4                       PIC S999V9(5).               ELCDTECX
   409     12  FAC-5                       PIC S999V9(5).               ELCDTECX
   410     12  FAC-6                       PIC S999V9(5).               ELCDTECX
   411                                                                  ELCDTECX
   412 01  FILLER                          PIC  X(12)                   ELCDTECX
   413                                          VALUE 'COMPANY NAME'.   ELCDTECX
   414 01  COMPANY-NAME-TABLE.                                          ELCDTECX
   415     12  C-N-TBL                     OCCURS 6 TIMES.              ELCDTECX
   416         16  CNT-ID                  PIC  X.                      ELCDTECX
   417         16  CNT-NAME                PIC  X(30).                  ELCDTECX
   418                                                                  ELCDTECX
   419 01  FILLER                          PIC  X(11)                   ELCDTECX
   420                                          VALUE 'STATE NAMES'.    ELCDTECX
   421 01  STATE-NAMES.                                                 ELCDTECX
   422     12  STATE-NAME-FLD              OCCURS 75 TIMES.             ELCDTECX
   423         16  STATE-SUB               PIC  XX.                     ELCDTECX
   424         16  STATE-PIC1.                                          ELCDTECX
   425             20  STATE-ABBR          PIC  XX.                     ELCDTECX
   426             20  FILLER              PIC  XXX.                    ELCDTECX
   427             20  STATE-PIC           PIC  X(20).                  ELCDTECX
   428             20  STATE-CALL-EARN     PIC  X.                      ELCDTECX
   429             20  STATE-CALL-BREAK    PIC  X.                      ELCDTECX
   430             20  STATE-PRIM-FAC-DEV  PIC  XXX.                    ELCDTECX
   431                                                                  ELCDTECX
   432 01  FILLER                          PIC  X(13)                   ELCDTECX
   433                                          VALUE 'CARRIER NAMES'.  ELCDTECX
   434 01  CARRIER-NAMES.                                               ELCDTECX
   435     12  CARRIER-NAME-FLD            OCCURS 25 TIMES.             ELCDTECX
   436         16  CARRIER-SUB             PIC  X.                      ELCDTECX
   437         16  CARRIER-DOM-ST          PIC  XX.                     ELCDTECX
   438         16  CARRIER-PIC             PIC  X(30).                  ELCDTECX
   439         16  CARRIER-UEP-PCT         PIC  S9V9(4) COMP-3.            CL**6
   440         16  CARRIER-R78-PCT         PIC  S9V9(4) COMP-3.            CL**6
   441         16  CARRIER-PRO-PCT         PIC  S9V9(4) COMP-3.            CL**6
   442*        16  FILLER                  PIC  X.                      ELCDTECX
   443         16  CARRIER-SEC-PAY         PIC  X.
   444             88  SEC-PAY-CARRIER          VALUE 'Y'.
   445                                                                  ELCDTECX
   446 01  FILLER                          PIC  X(9)                       CL**6
   447                                          VALUE 'INS TYPES'.      ELCDTECX
   448 01  CLAS-INS-TYPES.                                              ELCDTECX
   449*    12 CLAS-ALL-TYPES               OCCURS 300 TIMES.            ELCDTECX
   450     12 CLAS-ALL-TYPES               OCCURS 900 TIMES.            ELCDTECX
   451         16  CLAS-I-BEN              PIC  XX.                     ELCDTECX
   452         16  CLAS-I-AB3.                                          ELCDTECX
* Micro Focus Server Express         V5.1 revision 000 06-Oct-15 17:18 Page  10
* CIPA020.cbl (/apps/prod/cid1p/copy/ELCDTECX)
   453             20  FILLER              PIC  X.                      ELCDTECX
   454             20  CLAS-I-AB2.                                      ELCDTECX
   455                 24  FILLER          PIC  X.                      ELCDTECX
   456                 24  CLAS-I-AB1      PIC  X.                      ELCDTECX
   457         16  CLAS-I-AB3-AH REDEFINES CLAS-I-AB3.                  ELCDTECX
   458             20  CLAS-EXCLUSION      PIC  XX.                        CL**4
   459             20  FILLER              PIC  X.                         CL**4
   460         16  CLAS-I-AB10.                                         ELCDTECX
   461             20  FILLER              PIC  X(9).                   ELCDTECX
   462             20  CLAS-I-REIN-YN      PIC  X.                      ELCDTECX
   463         16  CLAS-I-COMMENT          PIC  X(10).                  ELCDTECX
   464         16  CLAS-I-JOINT            PIC  X.                      ELCDTECX
   465         16  CLAS-I-RL-AH            PIC  X.                      ELCDTECX
   466         16  CLAS-I-CALC-TYPE.                                    ELCDTECX
   467             20  CLAS-I-BAL          PIC  X.                      ELCDTECX
   468         16  CLAS-I-EP               PIC  X.                      ELCDTECX
   469         16  CLAS-CO-BEN-I-G-CD      PIC  X.                      ELCDTECX
   470         16  CLAS-CO-REM-TERM-CALC   PIC  X.                      ELCDTECX
   471         16  CLAS-I-BEN-CATEGORY     PIC  X.
   472         16  CLAS-I-REFUND-METHOD    PIC  X.
   473         16  CLAS-I-MAX-BENEFITS     PIC 99.
   474         16  FILLER                  PIC  XXX.
   475                                                                  ELCDTECX
   476 01  FILLER                          PIC  X(16)                   ELCDTECX
   477                                     VALUE 'MORTALITY TABLES'.    ELCDTECX
   478 01  CLAS-MORTALITY-CODES.                                        ELCDTECX
   479     12  CLAS-MORT-FLD               OCCURS 99 TIMES              ELCDTECX
   480                                     INDEXED BY CLAS-MORT-NDX.    ELCDTECX
   481         16  CLAS-MORT-CODE          PIC  X(4).                      CL**6
   482         16  CLAS-MORT-J-CODE        PIC  X.                         CL**5
   483         16  CLAS-MORT-J-FACT        PIC S9V9(4).                    CL**6
   484         16  CLAS-MORT-DESC.                                      ELCDTECX
   485             20  CLAS-RESERVE-ADJ    PIC  999.                       CL**6
   486             20  FILLER              PIC  XX.                        CL**5
   487             20  CLAS-YEAR           PIC  X(4).                      CL**6
   488             20  FILLER              PIC  X.                         CL**5
   489             20  CLAS-TABLE-TYPE     PIC  XXX.                       CL**6
   490             20  FILLER              PIC  X.                         CL**5
   491             20  CLAS-AGE-METHOD     PIC  XX.                        CL**5
   492             20  FILLER              PIC  X.                         CL**5
   493             20  CLAS-INTEREST       PIC  99.99.                     CL**5
   494             20  FILLER              PIC  X(5).                      CL**6
   495                                                                  ELCDTECX
   496 01  FILLER                          PIC  X(15)                   ELCDTECX
   497                                     VALUE 'BUSINESS TABLES'.     ELCDTECX
   498 01  CLAS-BUSINESS-CLASSES.                                       ELCDTECX
   499     12  CLAS-BUSC-FLD               OCCURS 50 TIMES.             ELCDTECX
   500         16  CLAS-BUSC-CODE          PIC  99.                     ELCDTECX
   501         16  CLAS-BUSC-GROUP         PIC  X.                      ELCDTECX
   502         16  CLAS-BUSC-DESC          PIC  X(19).                  ELCDTECX
   503         16  CLAS-BUSC-EXCL          PIC  X.                         CL**5
   504         16  FILLER                  PIC  X(4).                      CL**6
   505                                                                  ELCDTECX
   506 01  FILLER                          PIC  X(7)                       CL**6
   507                                     VALUE 'INDEXES'.             ELCDTECX
   508 01  CLAS-INDEX-TBL.                                              ELCDTECX
   509     12  CLAX-ID                     PIC  X(4).                   ELCDTECX
   510     12  CLAS-STARTC                 PIC S9(4) COMP.              ELCDTECX
* Micro Focus Server Express         V5.1 revision 000 06-Oct-15 17:18 Page  11
* CIPA020.cbl (/apps/prod/cid1p/copy/ELCDTECX)
   511     12  CLAS-MAXC                   PIC S9(4) COMP.              ELCDTECX
   512     12  CLAS-STARTL                 PIC S9(4) COMP.              ELCDTECX
   513     12  CLAS-MAXL                   PIC S9(4) COMP.              ELCDTECX
   514     12  CLAS-STARTA                 PIC S9(4) COMP.              ELCDTECX
   515     12  CLAS-MAXA                   PIC S9(4) COMP.              ELCDTECX
   516     12  CLAS-STARTM                 PIC S9(4) COMP.              ELCDTECX
   517     12  CLAS-MAXM                   PIC S9(4) COMP.              ELCDTECX
   518     12  CLAS-STARTB                 PIC S9(4) COMP.              ELCDTECX
   519     12  CLAS-MAXB                   PIC S9(4) COMP.              ELCDTECX
   520     12  CLAS-STARTS                 PIC S9(4) COMP.              ELCDTECX
   521     12  CLAS-MAXS                   PIC S9(4) COMP.              ELCDTECX
   522     12  CLAS-STARTE                 PIC S9(4) COMP.              ELCDTECX
   523     12  CLAS-MAXE                   PIC S9(4) COMP.              ELCDTECX
   524     12  CLAS-STARTCN                PIC S9(4) COMP.              ELCDTECX
   525     12  CLAS-MAXCN                  PIC S9(4) COMP.              ELCDTECX
   526                                                                  ELCDTECX
   527 01  CLAS-TYPE-MISC.                                              ELCDTECX
   528     12  CLAS-INDEXC                 PIC S9(4) COMP.              ELCDTECX
   529     12  CLAS-INDEXL                 PIC S9(4) COMP.              ELCDTECX
   530     12  CLAS-INDEXA                 PIC S9(4) COMP.              ELCDTECX
   531     12  CLAS-INDEXM                 PIC S9(4) COMP.              ELCDTECX
   532     12  CLAS-INDEXB                 PIC S9(4) COMP.              ELCDTECX
   533     12  CLAS-INDEXS                 PIC S9(4) COMP.              ELCDTECX
   534     12  CLAS-INDEXE                 PIC S9(4) COMP.              ELCDTECX
   535     12  CLAS-INDEX                  PIC S9(4) COMP.              ELCDTECX
   536     12  CLAS-INDEXEN                PIC S9(4) COMP.              ELCDTECX
   537     12  CLAS-INDEXCN                PIC S9(4) COMP.              ELCDTECX
   538     12  CLAS-INDEXON                PIC S9(4) COMP.              ELCDTECX
   539                                                                  ELCDTECX
   540 01  FILLER                          PIC  X(13)                   ELCDTECX
   541                                     VALUE 'MISCELLANEOUS'.       ELCDTECX
   542 01  CLAS-MISC.                                                   ELCDTECX
   543     12  DTE-FICH                    PIC  X.                      ELCDTECX
   544         88  FICH-NO                 VALUE SPACE.                 ELCDTECX
   545         88  FICH-ONLY               VALUE '1'.                   ELCDTECX
   546         88  FICH-BOTH               VALUE '2'.                   ELCDTECX
   547     12  FICH-OPEN                   PIC  X.                      ELCDTECX
   548     12  REPT-OPEN                   PIC  X.                      ELCDTECX
   549     12  DTE-PGM-OPT                 PIC  9.                         CL**5
   550     12  DTE-PRT-OPT                 PIC  X.                      ELCDTECX
   551     12  DTE-FMT-OPT                 PIC  9.                      ELCDTECX
   552     12  DTE-PRC-OPT                 PIC  9.                      ELCDTECX
   553     12  DTE-TOT-OPT                 PIC  9.                      ELCDTECX
   554     12  CLAS-LOOK                   PIC  XX.                     ELCDTECX
   555     12  DTE-TOT-LINES               PIC S9(8)      COMP.         ELCDTECX
   556     12  STATE-L                     PIC  XX.                     ELCDTECX
   557     12  CLAS-CN                     PIC  99.                     ELCDTECX
   558     12  CLAS-CO                     PIC  99.                     ELCDTECX
   559     12  DTE-VSAM-FLAGS                              VALUE ZERO.  ELCDTECX
   560         16  DTE-F-1                 PIC  X.                      ELCDTECX
   561         16  DTE-F-2                 PIC  X.                      ELCDTECX
   562     12  DTE-ABEND-WORK.                                          ELCDTECX
   563         16  DTE-ABEND-CD-1          PIC  XX         VALUE SPACES.ELCDTECX
   564         16  DTE-ABEND-CD-2          PIC  XX         VALUE SPACES.ELCDTECX
   565                                                                  ELCDTECX
   566 01  FILLER                          PIC  X(12)                   ELCDTECX
   567                                     VALUE 'WORKING DATE'.        ELCDTECX
   568 01  WS-DATE-AND-TIME.                                            ELCDTECX
* Micro Focus Server Express         V5.1 revision 000 06-Oct-15 17:18 Page  12
* CIPA020.cbl (/apps/prod/cid1p/copy/ELCDTECX)
   569     12  WS-ACCEPT-DATE.                                          ELCDTECX
   570         16  WS-AD-YY                PIC  99.                     ELCDTECX
   571         16  WS-AD-MM                PIC  99.                     ELCDTECX
   572         16  WS-AD-DD                PIC  99.                     ELCDTECX
   573     12  WS-CURRENT-DATE.                                         ELCDTECX
   574         16  WS-CD-MM                PIC  99.                     ELCDTECX
   575         16  FILLER                  PIC  X          VALUE '/'.   ELCDTECX
   576         16  WS-CD-DD                PIC  99.                     ELCDTECX
   577         16  FILLER                  PIC  X          VALUE '/'.   ELCDTECX
   578         16  WS-CD-YY                PIC  99.                     ELCDTECX
   579     12  WS-TIME-OF-DAY.                                          ELCDTECX
   580         16  WS-TIME                 PIC  9(6).                   ELCDTECX
   581         16  WS-HUN-SEC              PIC  99.                     ELCDTECX
   582                                                                  ELCDTECX
   583 01  FILLER                          PIC  X(12)                   ELCDTECX
   584                                     VALUE 'CARRIER CLMS'.        ELCDTECX
   585 01  CARRIER-OPT-CLAIM-DATA.                                      ELCDTECX
   586     12  CARRIER-FLDS                OCCURS 25 TIMES.             ELCDTECX
   587         16  CARRIER-IBNR-SWITCH     PIC  X.                         CL**5
   588         16  CARRIER-IBNR-PERCENT    PIC S9V9(4) COMP-3.             CL**6
   589         16  CARRIER-CIDA-DISCOUNT   PIC S9V9(4) COMP-3.             CL**6
   590                                                                  ELCDTECX
   591 01  FILLER                          PIC  X(10)                   ELCDTECX
   592                                     VALUE 'STATE TLRS'.          ELCDTECX
   593 01  STATE-TARGET-LOSS-RATIOS.                                    ELCDTECX
   594     12  STATE-TLR-FLD               OCCURS 75 TIMES.             ELCDTECX
   595         16  STATE-TARGET-LOSS-RATIO PIC S9V9(4) COMP-3.             CL**6
   596         16  STATE-CALC-INTEREST     PIC S9V9(4) COMP-3.             CL**6
   597                                                                  ELCDTECX
   598 01  FILLER                          PIC  X(13)                   ELCDTECX
   599                                     VALUE 'BUSINESS TLRS'.       ELCDTECX
   600 01  BUSINESS-TRGT-LOSS-RATIO-MODS.                               ELCDTECX
   601     12  BUS-TLRM-FLD                OCCURS 99 TIMES.             ELCDTECX
   602         16  BUS-TRGT-LOSS-RATIO-MOD PIC S9V9(4) COMP-3.             CL**6
   603                                                                  ELCDTECX
   604 01  FILLER                          PIC  X(13)                   ELCDTECX
   605                                     VALUE 'MISC CLM DATA'.       ELCDTECX
   606 01  MISC-OPT-CLM-RSV-DATA.                                       ELCDTECX
   607     12  COMPANY-CALC-INTEREST       PIC S9V9(4) COMP-3.             CL**6
   608     12  COMPANY-CIDA-DISCOUNT       PIC S9V9(4) COMP-3.             CL**6
   609     12  COMPANY-CRDB-TABLE-SELECTION                             ELCDTECX
   610                                     PIC  X.                         CL**5
   611     12  COMPANY-IBNR-AH-FACTOR      PIC S9V9(4) COMP-3.             CL**6
   612     12  COMPANY-IBNR-LAG-MONTH      PIC S999    COMP-3.             CL**6
   613     12  COMPANY-IBNR-LIFE-FACTOR    PIC S9V9(4) COMP-3.             CL**6
   614     12  COMPANY-OPTION-START-DATE   PIC  XX.                        CL**5
   615     12  INDEXBS                     PIC S9(4)   COMP.               CL**6
   616     12  INDEXCA                     PIC S9(4)   COMP.               CL**6
   617     12  INDEXST                     PIC S9(4)   COMP.               CL**6
   618     12  FILLER                      PIC  X(75).                  ELCDTECX
   619******************************************************************ELCDTECX
   620*01  MISC-CARR-PCT-DATA.                                          00001521
   621*    12  DD-CARR1-UEP-PCT            PIC S9V9(4) COMP-3.          00001522
   622*    12  DD-CARR1-R78-PCT            PIC S9V9(4) COMP-3.          00001522
   623*    12  DD-CARR1-PRO-PCT            PIC S9V9(4) COMP-3.          00001522
   624*    12  DD-CARR2-UEP-PCT            PIC S9V9(4) COMP-3.          00001522
   625*    12  DD-CARR2-R78-PCT            PIC S9V9(4) COMP-3.          00001522
   626*    12  DD-CARR2-PRO-PCT            PIC S9V9(4) COMP-3.          00001522
* Micro Focus Server Express         V5.1 revision 000 06-Oct-15 17:18 Page  13
* CIPA020.cbl
   627******************************************************************ELCDTECX
*  628     COPY ELCDTEVR.
   629***************************************************************** 04/15/98
   630*                                                                *ELCDTEVR
   631*                                                                *ELCDTEVR
   632*                            ELCDTEVR.                           *   LV003
   633*           COPYBOOK REVIEWED FOR YEAR 2000 COMPLIANCE               CL**3
   634*                            VMOD=2.001                          *   CL**2
   635*                                                                *ELCDTEVR
   636*   WORKING STORAGE FOR DATE VARIABLES CREATED                   *ELCDTEVR
   637*   FOR THE YEAR 2000 DATE MODIFICATION                          *ELCDTEVR
   638*                                                                *ELCDTEVR
   639******************************************************************ELCDTEVR
   640 01  WS-DATE-CARD-DATE.                                           ELCDTEVR
   641     05  WS-RUN-DATE.                                             ELCDTEVR
   642         10  FILLER                  PIC  9(03).                  ELCDTEVR
   643         10  RUN-CCYY                PIC  9(04).                  ELCDTEVR
   644         10  RUN-CCYR  REDEFINES  RUN-CCYY.                       ELCDTEVR
   645             15  RUN-CC              PIC  99.                     ELCDTEVR
   646             15  RUN-YR              PIC  99.                     ELCDTEVR
   647         10  RUN-MO                  PIC  99.                     ELCDTEVR
   648         10  RUN-DA                  PIC  99.                     ELCDTEVR
   649     05  WS-RUN-DATE-N REDEFINES                                     CL**2
   650            WS-RUN-DATE              PIC 9(11).                      CL**2
   651     05  WS-EP-DT.                                                ELCDTEVR
   652         10  FILLER                  PIC  9(03).                  ELCDTEVR
   653         10  EP-CCYY                 PIC  9(04).                  ELCDTEVR
   654         10  EP-CCYR  REDEFINES  EP-CCYY.                         ELCDTEVR
   655             15  EP-CC               PIC  99.                     ELCDTEVR
   656             15  EP-YR               PIC  99.                     ELCDTEVR
   657         10  EP-MO                   PIC  99.                     ELCDTEVR
   658         10  EP-DA                   PIC  99.                     ELCDTEVR
   659     05  WS-EP-DT-N REDEFINES                                        CL**2
   660            WS-EP-DT                 PIC 9(11).                      CL**2
   661     05  WS-DTE-CONV-DT.                                             CL**4
   662         10  FILLER                  PIC  9(03).                     CL**4
   663         10  DTE-CONV-CCYY           PIC  9(04).                     CL**4
   664         10  DTE-CONV-CCYR  REDEFINES  DTE-CONV-CCYY.                CL**4
   665             15  DTE-CONV-CC         PIC  99.                        CL**4
   666             15  DTE-CONV-YR         PIC  99.                        CL**4
   667         10  DTE-CONV-MO             PIC  99.                        CL**4
   668         10  DTE-CONV-DA             PIC  99.                        CL**4
   669     05  WS-DTE-CONV-DT-N REDEFINES                                  CL**4
   670            WS-DTE-CONV-DT           PIC  9(11).                     CL**4
   671 01  WS-BALANCE-FORWARD-DATE.                                     ELCDTEVR
   672     05  WS-BF-LAST-ACTIVITY-DATE.                                ELCDTEVR
   673         10  FILLER                            PIC 999.           ELCDTEVR
   674         10  BF-ACT-CCYY                       PIC 9(04).         ELCDTEVR
   675         10  BF-ACT-CCYR  REDEFINES  BF-ACT-CCYY.                 ELCDTEVR
   676             15  BF-ACT-CC                     PIC 99.            ELCDTEVR
   677             15  BF-ACT-YEAR                   PIC 99.            ELCDTEVR
   678         10  BF-ACT-MONTH                      PIC 99.            ELCDTEVR
   679         10  BF-ACT-DAY                        PIC 99.            ELCDTEVR
   680     05  WS-BF-LAST-ACTIVITY-DATE-N REDEFINES                        CL**2
   681            WS-BF-LAST-ACTIVITY-DATE           PIC 9(11).            CL**2
   682     05  WS-BF-CURRENT-LAST-STMT-DT.                              ELCDTEVR
   683         10  FILLER                            PIC 999.           ELCDTEVR
   684         10  BF-CURRENT-LAST-STMT-CEN          PIC 99.            ELCDTEVR
* Micro Focus Server Express         V5.1 revision 000 06-Oct-15 17:18 Page  14
* CIPA020.cbl (/apps/prod/cid1p/copy/ELCDTEVR)
   685         10  BF-CURRENT-LAST-STMT-YEAR         PIC 99.            ELCDTEVR
   686         10  BF-CURRENT-LAST-STMT-MONTH        PIC 99.            ELCDTEVR
   687         10  BF-CURRENT-LAST-STMT-DAY          PIC 99.            ELCDTEVR
   688     05  WS-BF-CURRENT-LAST-STMT-DT-N REDEFINES                      CL**2
   689            WS-BF-CURRENT-LAST-STMT-DT        PIC 9(11).             CL**2
   690 01  WS-ADD-CONF-TRANSACTIONS-DTE.                                ELCDTEVR
   691     05  WS-AC-CERT-EFF-DATE.                                     ELCDTEVR
   692         10  FILLER                            PIC 999.           ELCDTEVR
   693         10  AC-CERT-CCYY                      PIC 9(04).         ELCDTEVR
   694         10  AC-CERT-CCYR  REDEFINES  AC-CERT-CCYY.               ELCDTEVR
   695             15  AC-CERT-CC                    PIC 99.            ELCDTEVR
   696             15  AC-CERT-YR                    PIC 99.            ELCDTEVR
   697         10  AC-CERT-MO                        PIC 99.            ELCDTEVR
   698         10  AC-CERT-DA                        PIC 99.            ELCDTEVR
   699     05  WS-AC-CERT-EFF-DATE-N REDEFINES                             CL**2
   700            WS-AC-CERT-EFF-DATE                PIC 9(11).            CL**2
   701     05  WS-AC-LIFE-CANCEL-DATE.                                  ELCDTEVR
   702         10  FILLER                            PIC 999.           ELCDTEVR
   703         10  AC-LIFE-CANCEL-CCYY               PIC 9(04).         ELCDTEVR
   704         10  AC-LIFE-CANCEL-CCYR REDEFINES AC-LIFE-CANCEL-CCYY.   ELCDTEVR
   705             15  AC-LIFE-CANCEL-CC             PIC 99.            ELCDTEVR
   706             15  AC-LIFE-CANCEL-YR             PIC 99.            ELCDTEVR
   707         10  AC-LIFE-CANCEL-MO                 PIC 99.            ELCDTEVR
   708         10  AC-LIFE-CANCEL-DA                 PIC 99.            ELCDTEVR
   709     05  WS-AC-LIFE-CANCEL-DATE-N REDEFINES                          CL**2
   710            WS-AC-LIFE-CANCEL-DATE             PIC 9(11).            CL**2
   711     05  WS-AC-AH-CANCEL-DATE.                                    ELCDTEVR
   712         10  FILLER                            PIC 999.           ELCDTEVR
   713         10  AC-AH-CANCEL-CCYY                 PIC 9(04).         ELCDTEVR
   714         10  AC-AH-CANCEL-CCYR  REDEFINES  AC-AH-CANCEL-CCYY.     ELCDTEVR
   715             15  AC-AH-CANCEL-CC               PIC 99.            ELCDTEVR
   716             15  AC-AH-CANCEL-YR               PIC 99.            ELCDTEVR
   717         10  AC-AH-CANCEL-MO                   PIC 99.            ELCDTEVR
   718         10  AC-AH-CANCEL-DA                   PIC 99.            ELCDTEVR
   719     05  WS-AC-AH-CANCEL-DATE-N REDEFINES                            CL**2
   720            WS-AC-AH-CANCEL-DATE               PIC 9(11).            CL**2
   721 01  WS-RATE-RECORD.                                              ELCDTEVR
   722         05  WS-RT-EXPIRY-DATE.                                   ELCDTEVR
   723             10  FILLER                        PIC 999.           ELCDTEVR
   724             10  RT-EXP-CCYY                   PIC 9(04).         ELCDTEVR
   725             10  RT-EXP-CCYR  REDEFINES  RT-EXP-CCYY.             ELCDTEVR
   726                 15  RT-EXP-CC                 PIC 99.            ELCDTEVR
   727                 15  RT-EXP-YR                 PIC 99.            ELCDTEVR
   728             10  RT-EXP-MO                     PIC 99.            ELCDTEVR
   729             10  RT-EXP-DA                     PIC 99.            ELCDTEVR
   730         05  WS-RT-EXPIRY-DATE-N REDEFINES                           CL**2
   731                WS-RT-EXPIRY-DATE              PIC 9(11).            CL**2
   732
   733*****************************************************************
   734*   COMPANIES TO BE SELECTED FOR REPORTING                      *
   735*****************************************************************
   736
   737 01  DATE-CARD-LINE.
   738     05  FILLER                 PIC X(21)
   739                      VALUE 'DATE CARD MONTH IS = '.
   740     05  PR-DATE                PIC X(02)    VALUE SPACES.
   741     05  FILLER                 PIC X(109)   VALUE SPACES.
   742
* Micro Focus Server Express         V5.1 revision 000 06-Oct-15 17:18 Page  15
* CIPA020.cbl
   743 01  ROUTE-RECORD.
   744     05  R-CC                   PIC X(01)    VALUE SPACES.
   745     05  R-REC.
   746         10  FILLER             PIC X(10)    VALUE SPACES.
   747         10  R-ROUTE-TO         PIC X(10)    VALUE 'ROUTE TO: '.
   748         10  FILLER             PIC X(05)    VALUE SPACES.
   749         10  R-INFO             PIC X(60)    VALUE SPACES.
   750         10  FILLER             PIC X(47)    VALUE SPACES.
   751
   752 01  STARS.
   753     05  FILLER             PIC X(50)   VALUE
   754         '* * * * * * * * * * * * * * * * * * * * * * * * * '.
   755     05  FILLER             PIC X(50)   VALUE
   756         '* * * * * * * * * * * * * * * * * * * * * * * * * '.
   757     05  FILLER             PIC X(30)   VALUE
   758         '* * * * * * * * * * * * * * * '.
   759
   760 01  WORK-RECORD.
   761     05  WORK-KEY.
   762         10  WORK-ACCOUNT       PIC X(030)    VALUE SPACE.
   763         10  WORK-COPY          PIC 9(001)    VALUE ZERO.
   764         10  WORK-REPORT        PIC X(007)    VALUE SPACE.
   765         10  WORK-LINE-NO       PIC 9(007)    VALUE ZERO.
   766     05  WORK-LINE              PIC X(133)    VALUE SPACE.
   767
   768 01  HDG1.
   769     05  FILLER                 PIC X(14).
   770     05  HDG1-RPT-CD            PIC X(01).
   771     05  FILLER                 PIC X(01).
   772     05  HDG1-ACCT              PIC X(10).
   773     05  FILLER                 PIC X(95).
   774     05  HDG1-REPORT            PIC X(06).
   775     05  FILLER                 PIC X(06).
   776
   777 01  HDG2.
   778     05  FILLER                 PIC X(15).
   779     05  HDG2-RPT-CD            PIC X(01).
   780     05  HDG2-ACCT              PIC X(10).
   781     05  FILLER                 PIC X(107).
   782
   783 01  HDG3.
   784     05  FILLER                 PIC X(01).
   785     05  HDG3-ST-HDG            PIC X(15).
   786     05  HDG3-ST                PIC X(02).
   787     05  FILLER                 PIC X(115).
   788
   789 01  WK-DATE.
   790     10  WK-MO                  PIC X(02)  VALUE SPACES.
   791     10  FILLER                 PIC X(01)  VALUE SPACES.
   792     10  WK-DA                  PIC X(02)  VALUE SPACES.
   793     10  FILLER                 PIC X(01)  VALUE SPACES.
   794     10  WK-YR                  PIC X(02)  VALUE SPACES.
   795
   796 PROCEDURE DIVISION.
   797
   798 0000-DATE-ROUTINE SECTION.
*  799                        COPY ELCDTERX.
   800******************************************************************04/15/98
* Micro Focus Server Express         V5.1 revision 000 06-Oct-15 17:18 Page  16
* CIPA020.cbl (/apps/prod/cid1p/copy/ELCDTERX)
   801*                                                                *ELCDTERX
   802*                                                                *ELCDTERX
   803*                            ELCDTERX.                           *   LV002
   804*           COPYBOOK REVIEWED FOR YEAR 2000 COMPLIANCE               CL**2
   805*                            VMOD=2.007                          *ELCDTERX
   806*                                                                *ELCDTERX
   807*      LOAD DATE CARD DISK FILE INTO WORKING STORAGE AREA        *ELCDTERX
   808*      (COPY CODE FOR W/S = ELCDTECX AND COPY CODE FOR FD        *ELCDTERX
   809*      = ELCDTEFD)                                               *ELCDTERX
   810*                                                                *ELCDTERX
   811******************************************************************ELCDTERX
   812                                                                  ELCDTERX
   813     ACCEPT WS-ACCEPT-DATE       FROM  DATE.                      ELCDTERX
   814                                                                  ELCDTERX
   815     MOVE WS-AD-YY               TO  WS-CD-YY.                    ELCDTERX
   816     MOVE WS-AD-MM               TO  WS-CD-MM.                    ELCDTERX
   817     MOVE WS-AD-DD               TO  WS-CD-DD.                    ELCDTERX
   818                                                                  ELCDTERX
   819     ACCEPT WS-TIME-OF-DAY       FROM  TIME.                      ELCDTERX
   820                                                                  ELCDTERX
   821******************************************************************ELCDTERX
   822*    NOTE: THE FOLLOWING STATEMENT IS USED TO ELIMINATE COB II    ELCDTERX
   823*          WARNING MESSAGES.                                      ELCDTERX
   824******************************************************************ELCDTERX
   825     IF WS-CD-YY = LOW-VALUES                                     ELCDTERX
   826         COMPUTE PGM-SUB = PGM-SUB + 1.                           ELCDTERX
   827                                                                  ELCDTERX
   828     OPEN INPUT DISK-DATE.                                        ELCDTERX
   829                                                                  ELCDTERX
   830     MOVE SPACE TO DATE-CARD         CLAS-BUSINESS-CLASSES        ELCDTERX
   831                   STATE-NAMES       CLAS-MORTALITY-CODES         ELCDTERX
   832                   CLAS-INS-TYPES    COMPANY-NAME-TABLE           ELCDTERX
   833                   DATE-CARD-OPTIONS DATE-CARD-FACTORS            ELCDTERX
   834                   CLAX-ID           CLAS-MISC                    ELCDTERX
   835                   CARRIER-NAMES     CLASIC-SYSTEM-CODES          ELCDTERX
   836                   CARRIER-OPT-CLAIM-DATA                         ELCDTERX
   837                   STATE-TARGET-LOSS-RATIOS                       ELCDTERX
   838                   BUSINESS-TRGT-LOSS-RATIO-MODS                  ELCDTERX
   839                   MISC-OPT-CLM-RSV-DATA.                         ELCDTERX
   840                                                                  ELCDTERX
   841     MOVE LOW-VALUES TO CLAS-INDEX-TBL CLAS-TYPE-MISC.            ELCDTERX
   842                                                                  ELCDTERX
   843     MOVE ZERO TO CLAS-CN DTE-TOT-LINES CLAS-CO                   ELCDTERX
   844                  INDEXCA INDEXBS INDEXST.                        ELCDTERX
   845                                                                  ELCDTERX
   846     COMPUTE CLAS-CN = PGM-SUB / +50.                             ELCDTERX
   847     COMPUTE CLAS-CO = PGM-SUB / +20.                             ELCDTERX
   848     COMPUTE CLAS-INDEXEN = PGM-SUB - (CLAS-CN * +50).            ELCDTERX
   849     COMPUTE CLAS-INDEXON = PGM-SUB - (CLAS-CO * +20).            ELCDTERX
   850                                                                  ELCDTERX
   851     IF CLAS-INDEXEN = ZERO                                       ELCDTERX
   852         MOVE +50               TO CLAS-INDEXEN                   ELCDTERX
   853     ELSE                                                         ELCDTERX
   854         ADD +1                 TO CLAS-CN.                       ELCDTERX
   855                                                                  ELCDTERX
   856     IF CLAS-INDEXON = ZERO                                       ELCDTERX
   857         MOVE +20               TO CLAS-INDEXON                   ELCDTERX
   858     ELSE                                                         ELCDTERX
* Micro Focus Server Express         V5.1 revision 000 06-Oct-15 17:18 Page  17
* CIPA020.cbl (/apps/prod/cid1p/copy/ELCDTERX)
   859         ADD +1                 TO CLAS-CO.                       ELCDTERX
   860                                                                  ELCDTERX
   861 0005-READ--CARD.                                                 ELCDTERX
   862     READ DISK-DATE                                               ELCDTERX
   863         AT END CLOSE DISK-DATE                                   ELCDTERX
   864             GO TO 0060-READ--TEST.                               ELCDTERX
   865                                                                  ELCDTERX
   866     MOVE ZERO                   TO CLAS-INDEX.                   ELCDTERX
   867                                                                  ELCDTERX
   868     IF DD-ID = 'CLAS' OR 'LIFE' OR 'GLED'                        ELCDTERX
   869         MOVE DATE-DISK          TO DATE-CARD                     ELCDTERX
   870         MOVE RUN-DATE           TO WS-RUN-DATE-N                    CL**2
   871         MOVE EP-DT              TO WS-EP-DT-N                       CL**2
   872         GO TO 0005-READ--CARD.                                   ELCDTERX
   873                                                                  ELCDTERX
   874     IF DD-ID = 'CLAD'                                            ELCDTERX
   875         MOVE DATE-DISK          TO DATE-CARD-OPTIONS             ELCDTERX
   876         GO TO 0005-READ--CARD.                                   ELCDTERX
   877                                                                  ELCDTERX
   878     IF DD-ID = 'CLAX'                                            ELCDTERX
   879         MOVE DATE-DISK          TO CLAS-INDEX-TBL                ELCDTERX
   880         GO TO 0005-READ--CARD.                                   ELCDTERX
   881                                                                  ELCDTERX
   882     IF DD-ID = 'CLAF'                                            ELCDTERX
   883         MOVE DATE-DISK          TO DATE-CARD-FACTORS             ELCDTERX
   884         GO TO 0005-READ--CARD.                                   ELCDTERX
   885                                                                  ELCDTERX
   886     IF DD-ID = 'CLAC'                                            ELCDTERX
   887         GO TO 0010-READ--CLAC.                                   ELCDTERX
   888                                                                  ELCDTERX
   889     IF DD-ID = 'CARR'                                            ELCDTERX
   890         GO TO 0015-READ--CARR.                                   ELCDTERX
   891                                                                  ELCDTERX
   892     IF DD-ID = 'STAT'                                            ELCDTERX
   893         GO TO 0020-READ--STAT.                                   ELCDTERX
   894                                                                  ELCDTERX
   895     IF DD-ID = 'BUSC'                                            ELCDTERX
   896         GO TO 0025-READ--BUSC.                                   ELCDTERX
   897                                                                  ELCDTERX
   898     IF DD-ID = 'MORT'                                            ELCDTERX
   899         GO TO 0030-READ--MORT.                                   ELCDTERX
   900                                                                  ELCDTERX
   901     IF DD-ID = 'CLAI'                                            ELCDTERX
   902         GO TO 0040-READ--CLAI.                                   ELCDTERX
   903                                                                  ELCDTERX
   904     IF DD-ID = 'COLC'                                            ELCDTERX
   905         GO TO 0065-READ--COLC.                                   ELCDTERX
   906                                                                  ELCDTERX
   907     IF DD-IDX NUMERIC AND                                        ELCDTERX
   908        DD-IDA = 'CL'                                             ELCDTERX
   909         GO TO 0035-READ--CLXX.                                   ELCDTERX
   910                                                                  ELCDTERX
   911     IF DD-IDX NUMERIC AND                                        ELCDTERX
   912        DD-IDA = 'PO'                                             ELCDTERX
   913         GO TO 0050-READ--POXX.                                   ELCDTERX
   914                                                                  ELCDTERX
   915     IF DD-ID = 'OPCA'                                            ELCDTERX
   916         GO TO 0070-READ--OPCA.                                   ELCDTERX
* Micro Focus Server Express         V5.1 revision 000 06-Oct-15 17:18 Page  18
* CIPA020.cbl (/apps/prod/cid1p/copy/ELCDTERX)
   917                                                                  ELCDTERX
   918     IF DD-ID = 'OPST'                                            ELCDTERX
   919         GO TO 0072-READ--OPST.                                   ELCDTERX
   920                                                                  ELCDTERX
   921     IF DD-ID = 'OPBS'                                            ELCDTERX
   922         GO TO 0074-READ--OPBS.                                   ELCDTERX
   923                                                                  ELCDTERX
   924     IF DD-ID = 'OPMS'                                            ELCDTERX
   925         MOVE DD-MISC-DATA       TO MISC-OPT-CLM-RSV-DATA.        ELCDTERX
   926                                                                  ELCDTERX
   927     GO TO 0005-READ--CARD.                                       ELCDTERX
   928                                                                  ELCDTERX
   929 0010-READ--CLAC.                                                 ELCDTERX
   930     ADD 1                       TO CLAS-INDEXC.                  ELCDTERX
   931     MOVE DD-CR1                 TO CNT-ID (CLAS-INDEXC).         ELCDTERX
   932     MOVE DD-CR1N                TO CNT-NAME (CLAS-INDEXC).       ELCDTERX
   933     ADD 1                       TO CLAS-INDEXC.                  ELCDTERX
   934     MOVE DD-CR2                 TO CNT-ID (CLAS-INDEXC).         ELCDTERX
   935     MOVE DD-CR2N                TO CNT-NAME (CLAS-INDEXC).       ELCDTERX
   936     GO TO 0005-READ--CARD.                                       ELCDTERX
   937                                                                  ELCDTERX
   938 0015-READ--CARR.                                                 ELCDTERX
   939     ADD 1  TO  CLAS-INDEXCN.                                     ELCDTERX
   940     IF CLAS-INDEXCN LESS THAN +26                                ELCDTERX
   941        MOVE DD-CARR1         TO CARRIER-SUB (CLAS-INDEXCN)
   942        MOVE DD-CARR1S        TO CARRIER-DOM-ST (CLAS-INDEXCN)
   943        MOVE DD-CARR1N        TO CARRIER-PIC (CLAS-INDEXCN)
   944        MOVE DD-CARR1-UEP-PCT TO CARRIER-UEP-PCT (CLAS-INDEXCN)
   945        MOVE DD-CARR1-R78-PCT TO CARRIER-R78-PCT (CLAS-INDEXCN)
   946        MOVE DD-CARR1-PRO-PCT TO CARRIER-PRO-PCT (CLAS-INDEXCN)
   947        MOVE DD-CARR1-SECPAY-SW
   948                               TO CARRIER-SEC-PAY (CLAS-INDEXCN)
   949     END-IF
   950                                                                  ELCDTERX
   951     ADD 1  TO  CLAS-INDEXCN.                                     ELCDTERX
   952     IF CLAS-INDEXCN LESS THAN +26                                ELCDTERX
   953        MOVE DD-CARR2         TO CARRIER-SUB (CLAS-INDEXCN)
   954        MOVE DD-CARR2S        TO CARRIER-DOM-ST (CLAS-INDEXCN)
   955        MOVE DD-CARR2N        TO CARRIER-PIC (CLAS-INDEXCN)
   956        MOVE DD-CARR2-UEP-PCT TO CARRIER-UEP-PCT (CLAS-INDEXCN)
   957        MOVE DD-CARR2-R78-PCT TO CARRIER-R78-PCT (CLAS-INDEXCN)
   958        MOVE DD-CARR2-PRO-PCT TO CARRIER-PRO-PCT (CLAS-INDEXCN)
   959        MOVE DD-CARR2-SECPAY-SW
   960                              TO CARRIER-SEC-PAY (CLAS-INDEXCN)
   961     END-IF
   962                                                                  ELCDTERX
   963                                                                  ELCDTERX
   964     GO TO 0005-READ--CARD.                                       ELCDTERX
   965                                                                  ELCDTERX
   966 0020-READ--STAT.                                                 ELCDTERX
   967     ADD 1                       TO CLAS-INDEX.                   ELCDTERX
   968     IF CLAS-INDEX GREATER 3  OR                                  ELCDTERX
   969        DD-ST (CLAS-INDEX) = SPACE                                ELCDTERX
   970         GO TO 0005-READ--CARD.                                   ELCDTERX
   971                                                                  ELCDTERX
   972     ADD 1                       TO CLAS-INDEXS.                  ELCDTERX
   973     MOVE DD-ST (CLAS-INDEX)     TO STATE-NAME-FLD (CLAS-INDEXS). ELCDTERX
   974     GO TO 0020-READ--STAT.                                       ELCDTERX
* Micro Focus Server Express         V5.1 revision 000 06-Oct-15 17:18 Page  19
* CIPA020.cbl (/apps/prod/cid1p/copy/ELCDTERX)
   975                                                                  ELCDTERX
   976 0025-READ--BUSC.                                                 ELCDTERX
   977     ADD 1                       TO CLAS-INDEX.                   ELCDTERX
   978     IF CLAS-INDEX GREATER 3  OR                                  ELCDTERX
   979        DD-ST (CLAS-INDEX) = SPACE                                ELCDTERX
   980         GO TO 0005-READ--CARD.                                   ELCDTERX
   981                                                                  ELCDTERX
   982     ADD 1                       TO CLAS-INDEXB.                  ELCDTERX
   983     MOVE DD-ST (CLAS-INDEX)     TO CLAS-BUSC-FLD (CLAS-INDEXB).  ELCDTERX
   984     GO TO 0025-READ--BUSC.                                       ELCDTERX
   985                                                                  ELCDTERX
   986 0030-READ--MORT.                                                 ELCDTERX
   987     ADD 1                       TO CLAS-INDEX.                   ELCDTERX
   988     IF CLAS-INDEX GREATER 2  OR                                  ELCDTERX
   989        DD-MORT (CLAS-INDEX) = SPACE                              ELCDTERX
   990         GO TO 0005-READ--CARD.                                   ELCDTERX
   991                                                                  ELCDTERX
   992     ADD 1                       TO CLAS-INDEXM.                  ELCDTERX
   993     MOVE DD-MORT (CLAS-INDEX)   TO CLAS-MORT-FLD (CLAS-INDEXM).  ELCDTERX
   994     GO TO 0030-READ--MORT.                                       ELCDTERX
   995                                                                  ELCDTERX
   996 0035-READ--CLXX.                                                 ELCDTERX
   997     IF DD-IDX NOT = CLAS-CN                                      ELCDTERX
   998          GO TO 0005-READ--CARD.                                  ELCDTERX
   999                                                                  ELCDTERX
  1000     IF DD-PS-PIC (CLAS-INDEXEN) = 'X'                            ELCDTERX
  1001         DISPLAY '***********************************************'ELCDTERX
  1002         DISPLAY 'PROGRAM ECS-', PGM-SUB, ' NOT SCHEDULED TO RUN' ELCDTERX
  1003         DISPLAY '***********************************************'ELCDTERX
  1004         GO TO 0055-READ--STOP.                                   ELCDTERX
  1005                                                                  ELCDTERX
  1006     IF DD-PS-PIC (CLAS-INDEXEN) NOT LESS 'A'  AND                ELCDTERX
  1007        DD-PS-PIC (CLAS-INDEXEN) NOT GREATER 'I'                  ELCDTERX
  1008         MOVE '1'                TO DTE-FICH.                     ELCDTERX
  1009                                                                  ELCDTERX
  1010     IF DD-PS-PIC (CLAS-INDEXEN) NOT LESS 'J'  AND                ELCDTERX
  1011        DD-PS-PIC (CLAS-INDEXEN) NOT GREATER 'R'                  ELCDTERX
  1012         MOVE '2'                TO DTE-FICH.                     ELCDTERX
  1013                                                                  ELCDTERX
  1014*    MOVE DD-PS-PIC (CLAS-INDEXEN) TO DTE-PGM-OPT.                ELCDTERX
  1015     GO TO 0005-READ--CARD.                                       ELCDTERX
  1016                                                                  ELCDTERX
  1017 0040-READ--CLAI.                                                 ELCDTERX
  1018     ADD 1                       TO CLAS-INDEX.                   ELCDTERX
  1019     IF CLAS-INDEX GREATER 2  OR                                  ELCDTERX
  1020        DD-TYPE (CLAS-INDEX) = SPACE                              ELCDTERX
  1021         GO TO 0005-READ--CARD.                                   ELCDTERX
  1022                                                                  ELCDTERX
  1023     ADD 1                       TO CLAS-INDEXA.                  ELCDTERX
  1024     MOVE DD-TYPE (CLAS-INDEX) TO CLAS-ALL-TYPES (CLAS-INDEXA).   ELCDTERX
  1025     GO TO 0040-READ--CLAI.                                       ELCDTERX
  1026                                                                  ELCDTERX
  1027 0045-READ--DUMP.                                                 ELCDTERX
  1028     MOVE +999 TO WS-RETURN-CODE                                  ELCDTERX
  1029     MOVE 'MISSING AND/OR INVALID CLAS DATE CARD'                 ELCDTERX
  1030                                 TO  WS-ABEND-MESSAGE             ELCDTERX
  1031     PERFORM ABEND-PGM.                                           ELCDTERX
  1032                                                                  ELCDTERX
* Micro Focus Server Express         V5.1 revision 000 06-Oct-15 17:18 Page  20
* CIPA020.cbl (/apps/prod/cid1p/copy/ELCDTERX)
  1033 0050-READ--POXX.                                                 ELCDTERX
  1034     IF DD-IDX NOT = CLAS-CO                                      ELCDTERX
  1035         GO TO 0005-READ--CARD.                                   ELCDTERX
  1036                                                                  ELCDTERX
  1037     IF DD-PS-PRC (CLAS-INDEXON) = 'X'                            ELCDTERX
  1038         DISPLAY '***********************************************'ELCDTERX
  1039         DISPLAY 'ECS - ', PGM-SUB, ' IS NOT SCHEDULED TO RUN'    ELCDTERX
  1040         DISPLAY '***********************************************'ELCDTERX
  1041         GO TO 0055-READ--STOP.                                   ELCDTERX
  1042                                                                  ELCDTERX
  1043     MOVE DD-PS-PRT (CLAS-INDEXON) TO DTE-PRT-OPT.                ELCDTERX
  1044     MOVE DD-PS-FMT (CLAS-INDEXON) TO DTE-FMT-OPT.                ELCDTERX
  1045     MOVE DD-PS-PRC (CLAS-INDEXON) TO DTE-PRC-OPT DTE-PGM-OPT.    ELCDTERX
  1046     MOVE DD-PS-TOT (CLAS-INDEXON) TO DTE-TOT-OPT.                ELCDTERX
  1047                                                                  ELCDTERX
  1048     IF DTE-PRT-OPT = 'B'                                         ELCDTERX
  1049         MOVE '2'                  TO DTE-FICH.                   ELCDTERX
  1050     IF DTE-PRT-OPT = 'F'                                         ELCDTERX
  1051         MOVE '1'                  TO DTE-FICH.                   ELCDTERX
  1052                                                                  ELCDTERX
  1053     GO TO 0005-READ--CARD.                                       ELCDTERX
  1054                                                                  ELCDTERX
  1055 0055-READ--STOP.                                                 ELCDTERX
  1056     GOBACK.                                                      ELCDTERX
  1057                                                                  ELCDTERX
  1058 0060-READ--TEST.                                                 ELCDTERX
  1059     IF DATX-COD        = SPACE  OR                               ELCDTERX
  1060        CLAX-ID         = SPACE  OR                               ELCDTERX
  1061        DATE-OPTIONS-ID = SPACE                                   ELCDTERX
  1062         GO TO 0045-READ--DUMP.                                   ELCDTERX
  1063                                                                  ELCDTERX
  1064     MOVE LOW-VALUE TO CLAS-TYPE-MISC.                            ELCDTERX
  1065     GO TO 0079-READ--EXIT.                                       ELCDTERX
  1066                                                                  ELCDTERX
  1067 0065-READ--COLC.                                                 ELCDTERX
  1068     MOVE DATE-DISK              TO CLASIC-SYSTEM-CODES.          ELCDTERX
  1069     GO TO 0005-READ--CARD.                                       ELCDTERX
  1070                                                                  ELCDTERX
  1071 0070-READ--OPCA.                                                 ELCDTERX
  1072                                                                  ELCDTERX
  1073     ADD 1                       TO CLAS-INDEX.                   ELCDTERX
  1074                                                                  ELCDTERX
  1075     IF  CLAS-INDEX GREATER 13                                    ELCDTERX
  1076             OR                                                   ELCDTERX
  1077         DD-CARR-FLDS (CLAS-INDEX) = SPACE                        ELCDTERX
  1078         GO TO 0005-READ--CARD.                                   ELCDTERX
  1079                                                                  ELCDTERX
  1080     ADD 1                       TO INDEXCA.                      ELCDTERX
  1081     MOVE DD-CARR-FLDS (CLAS-INDEX)                               ELCDTERX
  1082                                 TO CARRIER-FLDS (INDEXCA).       ELCDTERX
  1083     GO TO 0070-READ--OPCA.                                       ELCDTERX
  1084                                                                  ELCDTERX
  1085 0072-READ--OPST.                                                 ELCDTERX
  1086                                                                  ELCDTERX
  1087     ADD 1                       TO CLAS-INDEX.                   ELCDTERX
  1088                                                                  ELCDTERX
  1089     IF  CLAS-INDEX GREATER 16                                    ELCDTERX
  1090             OR                                                   ELCDTERX
* Micro Focus Server Express         V5.1 revision 000 06-Oct-15 17:18 Page  21
* CIPA020.cbl (/apps/prod/cid1p/copy/ELCDTERX)
  1091         DD-TLR (CLAS-INDEX) = SPACE                              ELCDTERX
  1092         GO TO 0005-READ--CARD.                                   ELCDTERX
  1093                                                                  ELCDTERX
  1094     ADD 1                       TO INDEXST.                      ELCDTERX
  1095     MOVE DD-STATE-FLDS (CLAS-INDEX)                              ELCDTERX
  1096                                 TO STATE-TLR-FLD (INDEXST).      ELCDTERX
  1097     GO TO 0072-READ--OPST.                                       ELCDTERX
  1098                                                                  ELCDTERX
  1099 0074-READ--OPBS.                                                 ELCDTERX
  1100                                                                  ELCDTERX
  1101     ADD 1                       TO CLAS-INDEX.                   ELCDTERX
  1102                                                                  ELCDTERX
  1103     IF  CLAS-INDEX GREATER 32                                    ELCDTERX
  1104             OR                                                   ELCDTERX
  1105         DD-TLR (CLAS-INDEX) = SPACE                              ELCDTERX
  1106         GO TO 0005-READ--CARD.                                   ELCDTERX
  1107                                                                  ELCDTERX
  1108     ADD 1                       TO INDEXBS.                      ELCDTERX
  1109     MOVE DD-TLR (CLAS-INDEX)    TO BUS-TLRM-FLD (INDEXBS).       ELCDTERX
  1110     GO TO 0074-READ--OPBS.                                       ELCDTERX
  1111                                                                  ELCDTERX
  1112 0079-READ--EXIT.                                                 ELCDTERX
  1113*    EXIT.                                                        ELCDTERX
  1114******************************************************************ELCDTERX
  1115
  1116     MOVE  RUN-MO         TO   WK-MO.
  1117
  1118     DISPLAY '  '.
  1119     DISPLAY 'RUN-MO = '  RUN-MO.
  1120
  1121     PERFORM INITIALIZATION.
  1122
  1123     MOVE ' ' TO R-CC.
  1124     MOVE STARS TO R-REC.
  1125     MOVE  ROUTE-RECORD TO WORK-LINE.
  1126     WRITE MIDWEST-MO-RECORD  FROM WORK-RECORD.
  1127     WRITE RMRO-N-MO-RECORD   FROM WORK-RECORD.
  1128     WRITE RMRO-S-MO-RECORD   FROM WORK-RECORD.
  1129     WRITE CODE-2-MO-RECORD   FROM WORK-RECORD.
  1130     IF RUN-MO = 06 OR 12
  1131         WRITE CODE-1-SA-RECORD  FROM WORK-RECORD.
  1132
  1133     MOVE  ' ' TO R-CC.
  1134     MOVE  SPACES TO R-REC.
  1135     MOVE  ROUTE-RECORD TO WORK-LINE.
  1136     MOVE  ROUTE-RECORD TO WORK-LINE.
  1137     WRITE MIDWEST-MO-RECORD  FROM WORK-RECORD.
  1138     WRITE RMRO-N-MO-RECORD   FROM WORK-RECORD.
  1139     WRITE RMRO-S-MO-RECORD   FROM WORK-RECORD.
  1140     WRITE CODE-2-MO-RECORD   FROM WORK-RECORD.
  1141     IF RUN-MO = 06 OR 12
  1142         WRITE CODE-1-SA-RECORD  FROM WORK-RECORD.
  1143
  1144     MOVE  ' ' TO R-CC.
  1145     MOVE  'ROUTE TO: ' TO R-ROUTE-TO.
  1146     MOVE  'C R E D I T   I N S U R A N C E   D I V I S I O N'
  1147                  TO R-INFO.
  1148     MOVE  ROUTE-RECORD TO WORK-LINE.
* Micro Focus Server Express         V5.1 revision 000 06-Oct-15 17:18 Page  22
* CIPA020.cbl
  1149     WRITE MIDWEST-MO-RECORD  FROM WORK-RECORD.
  1150     WRITE RMRO-N-MO-RECORD   FROM WORK-RECORD.
  1151     WRITE RMRO-S-MO-RECORD   FROM WORK-RECORD.
  1152     WRITE CODE-2-MO-RECORD   FROM WORK-RECORD.
  1153     IF RUN-MO = 06 OR 12
  1154         WRITE CODE-1-SA-RECORD  FROM WORK-RECORD.
  1155
  1156     MOVE  ' ' TO R-CC.
  1157     MOVE  SPACES TO R-REC.
  1158     MOVE  ROUTE-RECORD TO WORK-LINE.
  1159     MOVE  ROUTE-RECORD TO WORK-LINE.
  1160     WRITE MIDWEST-MO-RECORD  FROM WORK-RECORD.
  1161     WRITE RMRO-N-MO-RECORD   FROM WORK-RECORD.
  1162     WRITE RMRO-S-MO-RECORD   FROM WORK-RECORD.
  1163     WRITE CODE-2-MO-RECORD   FROM WORK-RECORD.
  1164     IF RUN-MO = 06 OR 12
  1165         WRITE CODE-1-SA-RECORD  FROM WORK-RECORD.
  1166
  1167     MOVE  ' ' TO R-CC.
  1168     MOVE  '    ATTN: ' TO R-ROUTE-TO.
  1169     MOVE
  1170        'T I M   W O O D'  TO R-INFO.
  1171     MOVE  ROUTE-RECORD TO WORK-LINE.
  1172     WRITE MIDWEST-MO-RECORD  FROM WORK-RECORD.
  1173     WRITE RMRO-N-MO-RECORD   FROM WORK-RECORD.
  1174     WRITE RMRO-S-MO-RECORD   FROM WORK-RECORD.
  1175     WRITE CODE-2-MO-RECORD   FROM WORK-RECORD.
  1176     IF RUN-MO = 06 OR 12
  1177         WRITE CODE-1-SA-RECORD  FROM WORK-RECORD.
  1178
  1179     MOVE  ' ' TO R-CC.
  1180     MOVE  SPACES TO R-REC.
  1181     MOVE  ROUTE-RECORD TO WORK-LINE.
  1182     WRITE MIDWEST-MO-RECORD  FROM WORK-RECORD.
  1183     WRITE RMRO-N-MO-RECORD   FROM WORK-RECORD.
  1184     WRITE RMRO-S-MO-RECORD   FROM WORK-RECORD.
  1185     WRITE CODE-2-MO-RECORD   FROM WORK-RECORD.
  1186     IF RUN-MO = 06 OR 12
  1187         WRITE CODE-1-SA-RECORD  FROM WORK-RECORD.
  1188
  1189     MOVE  ' ' TO R-CC.
  1190      MOVE  SPACES TO R-ROUTE-TO.
  1191       MOVE
  1192        'ECS021-02  REPORT CODE 1 - MIDWEST'
  1193           TO  R-INFO.
  1194        MOVE  ROUTE-RECORD TO WORK-LINE.
  1195         WRITE MIDWEST-MO-RECORD FROM WORK-RECORD.
  1196
  1197     MOVE  SPACES TO R-ROUTE-TO.
  1198       MOVE
  1199        'ECS021-02  REPORT CODE 1 - RMRO-N'
  1200           TO  R-INFO.
  1201        MOVE  ROUTE-RECORD TO WORK-LINE.
  1202         WRITE RMRO-N-MO-RECORD FROM WORK-RECORD.
  1203
  1204     MOVE  SPACES TO R-ROUTE-TO.
  1205       MOVE
  1206        'ECS021-02  REPORT CODE 1 - RMRO-S'
* Micro Focus Server Express         V5.1 revision 000 06-Oct-15 17:18 Page  23
* CIPA020.cbl
  1207           TO  R-INFO.
  1208        MOVE  ROUTE-RECORD TO WORK-LINE.
  1209         WRITE RMRO-S-MO-RECORD FROM WORK-RECORD.
  1210
  1211     MOVE
  1212       'ECS021-02   REPORT CODE 2 REPORTS'
  1213           TO  R-INFO.
  1214     MOVE  ROUTE-RECORD TO WORK-LINE.
  1215     WRITE CODE-2-MO-RECORD FROM WORK-RECORD.
  1216
  1217
  1218     IF RUN-MO = 06 OR 12
  1219        MOVE
  1220          'ECS021-02   CODE 1 SEMI-ANNUAL REPORTS'
  1221              TO  R-INFO
  1222        MOVE  ROUTE-RECORD TO WORK-LINE
  1223        WRITE CODE-1-SA-RECORD FROM WORK-RECORD
  1224     END-IF
  1225
  1226     MOVE  ' ' TO R-CC.
  1227     MOVE  SPACES TO R-REC.
  1228     MOVE  ROUTE-RECORD TO WORK-LINE.
  1229     WRITE MIDWEST-MO-RECORD  FROM WORK-RECORD.
  1230     WRITE RMRO-N-MO-RECORD   FROM WORK-RECORD.
  1231     WRITE RMRO-S-MO-RECORD   FROM WORK-RECORD.
  1232     WRITE CODE-2-MO-RECORD   FROM WORK-RECORD.
  1233     IF RUN-MO = 06 OR 12
  1234         WRITE CODE-1-SA-RECORD  FROM WORK-RECORD.
  1235
  1236     MOVE  ' ' TO R-CC.
  1237     MOVE  SPACES       TO R-ROUTE-TO.
  1238     MOVE  '"ECS021-02" OUTPUT FROM PROGRAM "CIPA020"'
  1239                                             TO R-INFO.
  1240     MOVE  ROUTE-RECORD TO WORK-LINE.
  1241     WRITE MIDWEST-MO-RECORD  FROM WORK-RECORD.
  1242     WRITE RMRO-N-MO-RECORD   FROM WORK-RECORD.
  1243     WRITE RMRO-S-MO-RECORD   FROM WORK-RECORD.
  1244     WRITE CODE-2-MO-RECORD   FROM WORK-RECORD.
  1245     IF RUN-MO = 06 OR 12
  1246         WRITE CODE-1-SA-RECORD  FROM WORK-RECORD.
  1247
  1248     MOVE  ' ' TO R-CC.
  1249     MOVE  SPACES TO R-REC.
  1250     MOVE  ROUTE-RECORD TO WORK-LINE.
  1251     WRITE MIDWEST-MO-RECORD  FROM WORK-RECORD.
  1252     WRITE RMRO-N-MO-RECORD   FROM WORK-RECORD.
  1253     WRITE RMRO-S-MO-RECORD   FROM WORK-RECORD.
  1254     WRITE CODE-2-MO-RECORD   FROM WORK-RECORD.
  1255     IF RUN-MO = 06 OR 12
  1256         WRITE CODE-1-SA-RECORD  FROM WORK-RECORD.
  1257
  1258     MOVE  ' ' TO R-CC.
  1259      MOVE  STARS  TO R-REC.
  1260       MOVE  ROUTE-RECORD TO WORK-LINE.
  1261         WRITE MIDWEST-MO-RECORD  FROM WORK-RECORD.
  1262         WRITE RMRO-N-MO-RECORD   FROM WORK-RECORD.
  1263         WRITE RMRO-S-MO-RECORD   FROM WORK-RECORD.
  1264         WRITE CODE-2-MO-RECORD   FROM WORK-RECORD.
* Micro Focus Server Express         V5.1 revision 000 06-Oct-15 17:18 Page  24
* CIPA020.cbl
  1265         IF RUN-MO = 06 OR 12
  1266            WRITE CODE-1-SA-RECORD  FROM WORK-RECORD.
  1267
  1268     MOVE  '1' TO R-CC.
  1269      MOVE  SPACES TO R-REC.
  1270       MOVE  ROUTE-RECORD TO WORK-LINE.
  1271         WRITE MIDWEST-MO-RECORD  FROM WORK-RECORD.
  1272         WRITE RMRO-N-MO-RECORD   FROM WORK-RECORD.
  1273         WRITE RMRO-S-MO-RECORD   FROM WORK-RECORD.
  1274         WRITE CODE-2-MO-RECORD   FROM WORK-RECORD.
  1275         IF RUN-MO = 06 OR 12
  1276            WRITE CODE-1-SA-RECORD  FROM WORK-RECORD.
  1277
  1278 ROUTE-TO-DONE.
  1279
  1280     PERFORM PROCESS-FILE UNTIL EOF.
  1281
  1282     PERFORM END-OF-JOB.
  1283
  1284     STOP RUN.
  1285
  1286 PROCESS-FILE SECTION.
  1287
  1288     READ ECS021-02-FICHE
  1289         AT END MOVE 'Y' TO EOF-SW.
  1290     IF EOF
  1291         GO TO PROCESS-FILE-X.
  1292     IF CC = '1'
  1293         PERFORM CHECK-REPORT.
  1294     IF SEL-SW = 'Y'
  1295         MOVE FICHE-RECORD TO WORK-LINE
  1296         PERFORM WRITE-REPORT.
  1297
  1298 PROCESS-FILE-X.
  1299     EXIT.
  1300
  1301 CHECK-REPORT SECTION.
  1302
  1303****************************************************************
  1304*  THIS ROUTINE CHECKS THE HEADING LINES ON EACH PAGE. IT SETS *
  1305*  THE SWITCHES TO 'Y' IF HEADINGS ARE TO BE PRINTED.          *
  1306*  THEY ARE SET TO "N" IF THE PAGE IS NOT TO BE PRINTED.       *
  1307****************************************************************
  1308
  1309*  NOTE - INITIALIZE THE FOLLOWING 5 SWITCHES TO "NO".
  1310
  1311     MOVE 'N' TO MIDWEST-MO-SW.
  1312     MOVE 'N' TO RMRO-N-MO-SW.
  1313     MOVE 'N' TO RMRO-S-MO-SW.
  1314     MOVE 'N' TO CODE-2-MO-SW.
  1315     MOVE 'N' TO CODE-1-SA-SW.
  1316     MOVE 'N' TO SEL-SW.
  1317     MOVE FICHE-RECORD  TO  HDG1.
  1318     READ ECS021-02-FICHE INTO HDG2.
  1319     READ ECS021-02-FICHE INTO HDG3.
  1320     MOVE HDG1-ACCT TO SAVE-ACCOUNT-NAME.
  1321     PERFORM CHECK-ACCOUNT.
  1322     IF SEL-SW = 'Y'
* Micro Focus Server Express         V5.1 revision 000 06-Oct-15 17:18 Page  25
* CIPA020.cbl
  1323         PERFORM WRITE-HEADINGS.
  1324
  1325 CHECK-REPORT-X.
  1326     EXIT.
  1327
  1328 CHECK-ACCOUNT SECTION.
  1329
  1330*  CODE 1 MONTHLY
  1331
  1332     IF HDG1-ACCT = 'MIDWEST   '
  1333             MOVE 'Y' TO SEL-SW
  1334             MOVE 'Y' TO MIDWEST-MO-SW.
  1335
  1336     IF HDG1-ACCT = 'RMRO-N    '
  1337             MOVE 'Y' TO SEL-SW
  1338             MOVE 'Y' TO RMRO-N-MO-SW.
  1339
  1340     IF HDG1-ACCT = 'RMRO-S    '
  1341             MOVE 'Y' TO SEL-SW
  1342             MOVE 'Y' TO RMRO-S-MO-SW.
  1343
  1344*  CODE 2 MONTHLY
  1345
  1346     IF HDG2-ACCT = 'INTRUST   ' OR 'PRAIRIESTB'
  1347                 OR 'TRUCK & RV' OR 'ROY T & RV'
  1348             MOVE 'Y' TO SEL-SW
  1349             MOVE 'Y' TO CODE-2-MO-SW.
  1350
  1351     IF HDG2-ACCT = 'SUNFLOWER '
  1352         AND HDG1-ACCT NOT = 'RMRO      '
  1353             MOVE 'Y' TO SEL-SW
  1354             MOVE 'Y' TO CODE-2-MO-SW.
  1355
  1356     IF RUN-MO NOT = (6 AND 12)
  1357         GO TO CHECK-ACCT-X.
  1358
  1359*  CODE 1 SEMI-ANNUAL
  1360
  1361     IF HDG1-ACCT = 'IOWA      ' OR 'MIDWEST   ' OR 'MWAUTO    '
  1362                 OR 'RMRO      ' OR 'SWRO      '
  1363                 OR 'IARO      ' OR 'NCRO      '
  1364             MOVE 'Y' TO SEL-SW
  1365             MOVE 'Y' TO CODE-1-SA-SW.
  1366
  1367 CHECK-ACCT-X.
  1368     EXIT.
  1369
  1370 WRITE-REPORT SECTION.
  1371
  1372     ADD 1 TO WORK-LINE-NO.
  1373
  1374     IF HDG2-ACCT = 'TRUCK & RV'
  1375        MOVE 3 TO WORK-COPY
  1376     ELSE
  1377        IF HDG2-ACCT = 'ROY T & RV'
  1378           MOVE 2 TO WORK-COPY
  1379        ELSE
  1380           MOVE 1 TO WORK-COPY
* Micro Focus Server Express         V5.1 revision 000 06-Oct-15 17:18 Page  26
* CIPA020.cbl
  1381        END-IF
  1382     END-IF
  1383
  1384*  CODE 1 MONTHLY
  1385
  1386     IF MIDWEST-MO-SW = 'Y'
  1387         WRITE MIDWEST-MO-RECORD FROM WORK-RECORD
  1388     END-IF.
  1389
  1390     IF RMRO-N-MO-SW = 'Y'
  1391         WRITE RMRO-N-MO-RECORD FROM WORK-RECORD
  1392     END-IF.
  1393
  1394     IF RMRO-S-MO-SW = 'Y'
  1395         WRITE RMRO-S-MO-RECORD FROM WORK-RECORD
  1396     END-IF.
  1397
  1398*  CODE 2 MONTHLY
  1399
  1400     IF CODE-2-MO-SW = 'Y'
  1401         WRITE CODE-2-MO-RECORD FROM WORK-RECORD
  1402     END-IF.
  1403
  1404*  CODE 1 SEMI-ANNUAL
  1405
  1406     IF CODE-1-SA-SW = 'Y'
  1407         WRITE CODE-1-SA-RECORD FROM WORK-RECORD
  1408     END-IF.
  1409
  1410 WRITE-REPORT-X.
  1411     EXIT.
  1412
  1413 WRITE-HEADINGS SECTION.
  1414
  1415     MOVE SAVE-ACCOUNT-NAME TO WORK-ACCOUNT.
  1416     MOVE HDG1-REPORT       TO WORK-REPORT.
  1417     MOVE HDG1        TO WORK-LINE.
  1418     PERFORM WRITE-REPORT.
  1419     MOVE HDG2        TO WORK-LINE.
  1420     PERFORM WRITE-REPORT.
  1421**   MOVE HDG3        TO WORK-LINE.  (WRITTEN IN PROCESS-FILE)
  1422**   PERFORM WRITE-REPORT.
  1423
  1424 WRITE-HEADINGS-X.
  1425     EXIT.
  1426
  1427 INITIALIZATION SECTION.
  1428
  1429
  1430     OPEN INPUT  ECS021-02-FICHE.
  1431
  1432     OPEN OUTPUT MIDWEST-MO-RPT.
  1433     OPEN OUTPUT RMRO-N-MO-RPT.
  1434     OPEN OUTPUT RMRO-S-MO-RPT.
  1435     OPEN OUTPUT CODE-2-MO-RPT.
  1436     IF RUN-MO = 06 OR 12
  1437        OPEN OUTPUT CODE-1-SA-RPT
  1438     END-IF.
* Micro Focus Server Express         V5.1 revision 000 06-Oct-15 17:18 Page  27
* CIPA020.cbl
  1439
  1440 INITIALIZATION-X.
  1441     EXIT.
  1442
  1443
  1444 END-OF-JOB SECTION.
  1445
  1446     CLOSE ECS021-02-FICHE
  1447           MIDWEST-MO-RPT
  1448           RMRO-N-MO-RPT
  1449           RMRO-S-MO-RPT
  1450           CODE-2-MO-RPT
  1451
  1452     IF RUN-MO = 06 OR 12
  1453        CLOSE CODE-1-SA-RPT
  1454     END-IF.
  1455
  1456 END-OF-JOB-X.
  1457     EXIT.
  1458
  1459 ABEND-PGM SECTION.
  1460
  1461     DISPLAY
  1462     'PROGRAM CIPA020 INTENTIONALLY ABENDED WITH A S0C7.'.
  1463     DISPLAY 'SEE ERROR MESSAGE ABOVE.'.
  1464     MOVE +16 TO RETURN-CODE.
  1465     ADD +1 TO S0C7.
  1466
  1467 ABEND-X.
  1468     EXIT.
  1469
* Micro Focus Server Express         V5.1 revision 000 Compiler
* Copyright (C) Micro Focus IP Development Limited 1984-2012.
*                                                        REF GNR-008065005AF
* Total Messages:     0
* Data:       50464     Code:        8672
