* Micro Focus Server Express         V5.1 revision 000 06-Oct-15 17:18 Page   1
* CIRE012.cbl
* Options: int("CIRE012.int") anim csi verbose NOBOUND PARAMCOUNTCHECK
*          directives(cobopt.bth) endp list("CIRE012.lst")
* Setting: NOACCEPTREFRESH NOADV ALIGN"8" ALPHASTART"1" NOALTER NOAMODE ANIM
*          NOANIMPREP ANS85 APOST NOAREACHECK ARITHMETIC"OSVS" ASSIGN
*          "EXTERNAL" NOASSIGN-PRINTER NOAUTOLOCK NOBELL NOBOUND NOBRIEF
*          NOBS2000 BWZSTAR NOBYTEMODEMOVE CALLFH"ebmlsfile" NOCALLMCS
*          NOCALLRECOVERY CALLSORT"EXTSM" CANCEL CANCELLBR NOCHANGEMESSAGE
*          CHARSET"ASCII" NOCHECKDIV NOCHECKREFMOD NOCICS CICS-CPY
*          NOCICSOPTIMIZE NOCMPR2 NOCOBFSTATCONV NOCOBIDY NOCOBOL370 COBOLDIR
*          NOCOMP COMP-5"2" COMP-6"2" NOCOMS85 CONFIRM NOCONVERTRET CONVSPACE
*          COPYEXT",cbl,cpy" NOCOPYLBR COPYLIST COPYLISTCOMMENT"1" CSI
*          CURRENCY-SIGN"36" CURRENT-DATE"MMDDYY" NODATA DATACOMPRESS"0"
*          NODATA-CONTEXT DATE DBCHECK DBCS"2" NODBCSSOSI DBSPACE DE-EDIT"2"
*          DEFAULTBYTE"32" NODEFAULTCALLS DETECTLOCK NODG DIALECT"MF"
*          NODIRECTIVES-IN-COMMENTS NODOSVS NODPCINSUBSCRIPT DYNAM
*          NOEARLY-RELEASE ECHO NOECHOALL NOEDITOR ENSUITE"0" NOENTCOBOL
*          ERRFORMAT"1" ERRLIST"EMBED" NOERRQ FASTSORT NOFCD3 NOFCDREG
*          NOFDCLEAR NOFILESHARE FILETYPE"0" NOFLAG NOFLAGAS NOFLAGCD
*          NOFLAGEUC NOFLAGMIG NOFLAGQ FLAGSINEDIT NOFLAGSTD NOFOLDCALLNAME
*          NOFOLDCOPYNAME FORM"60" NOFP-ROUNDING NOHOSTARITHMETIC
*          NOHOSTCONTZERO NOHOST-NUMCOMPARE NOHOST-NUMMOVE NOHOSTFD NOHOSTRW
*          NOIBM-MS IBMCOMP IDXFORMAT"0" NOILGEN IMPLICITSCOPE NOINDD
*          INFORETURN"0" NOINITCALL INITPTR INT"CIRE012.int" INTDATE"ANSI"
*          INTLEVEL"2" IOCONV NOISO2002 NOIXNLSKEY NOIXNUMKEY KEEP-INT
*          KEYCHECK KEYCOMPRESS"0" LIBRARIAN"2" NOLINE-COUNT LIST"CIRE012.lst"
*          LISTPATH"" LISTWIDTH"80" LITVAL-SIZE"4" LOCKTYPE"0" NOMAPNAME
*          NOMAXERROR METHODDEFAULT"REFERENCE" MF"15" MFCOMMENT NOMOVELENCHECK
*          NOMS NOMVS NATIVE"ASCII" NONATIVEFLOATINGPOINT NONCHAR
*          NONEWBASENAME NONLS NSYMBOL"DBCS" NOODOOSVS NOODOSLIDE
*          NOOLDBLANKLINE NOOLDCOPY NOOLDINDEX NOOLDNEXTSENTENCE NOOLDREADINTO
*          NOOLDSTRMIX OOCTRL"-C-E-G-P+Q+R-S+W" OPTIONAL-FILE NOOS390 OSEXT""
*          NOOSVS NOOUTDD NOP64 NOPANVALET PERFORM-TYPE"OSVS" NOPREPLIST
*          NOPREPROCESS NOPRINT-EXT NOPROFILE NOPROGID-COMMENT
*          NOPROGID-INT-NAME NOPROTECT-LINKAGE PROTOTYPE"RELAXED" QUAL
*          QUALPROC NOQUERY NOQUOTE NORAWLIST NORDW RECMODE"F" NOREENTRANT
*          NOREF NOREFNO REMAINDER"1" REPORT-LINE"256" RESEQ NORETRYLOCK
*          REWRITE-LS NORM RTNCODE-SIZE"4" NORWHARDPAGE NOSAA SEG NOSEQCHK
*          SEQUENTIAL"RECORD" NOSERIAL SETTING"LINE" NOSHAREOUTDD NOSHOW-DIR
*          SIGN"ASCII" NOSIGNDISCARD NOSIGNFIXUP SORTTYPE"DFSORT" SOURCEFORMAT
*          "FIXED" SOURCETABSTOP"8" NOSPZERO NOSSRANGE STDERR NOSTICKY-LINKAGE
*          NOSTICKY-PERFORM SUPFF SWITCHTYPE"1" SYMBSTART"1" SYSPUNCH"132"
*          TERMPAGE TIME NOTRACE NOTRUNC NOTRUNCCALLNAME NOTRUNCCOPY TRUNCINC
*          "10" UNICODE"NATIVE" VERBOSE VSC2"2" WARNING"1" NOWB NOWB2 NOWB3
*          WEBSERVER"CGI" NOWRITELOCK NOWRITETHRU NOXOPEN NOXREF
*          NOZEROLENGTHFALSE NOZEROSEQ NOZWB
     1 IDENTIFICATION DIVISION.                                         00000100
     2 PROGRAM-ID.    CIRE012.                                          00000200
     3 DATE-WRITTEN.  APR, 2008.                                        00000300
     4****************************************************************  00000400
     5*  SELECT PRINT LINES FROM THE ECS-045E REPORT.                *  00000720
     6****************************************************************
     7******************************************************************
     8*                   C H A N G E   L O G
     9*
    10* CHANGES ARE MARKED BY THE CHANGE EFFECTIVE DATE.
    11*-----------------------------------------------------------------
    12*  CHANGE   CHANGE REQUEST PGMR  DESCRIPTION OF CHANGE
    13* EFFECTIVE    NUMBER
* Micro Focus Server Express         V5.1 revision 000 06-Oct-15 17:18 Page   2
* CIRE012.cbl
    14*-----------------------------------------------------------------
    15* 041508    2008022000001  AJRA  REIN COMPANIES FOR 45E PRINT
    16******************************************************************
    17                                                                  00000740
    18 ENVIRONMENT DIVISION.                                            00000800
    19 INPUT-OUTPUT SECTION.                                            00000900
    20 FILE-CONTROL.                                                    00001000
    21                                                                  00001100
    22     SELECT ECS045-FICHE                                          00001200
    23         ASSIGN TO SYS010.                                        00001300
    24                                                                  00001610
    25     SELECT REPORT-FILE                                           00001620
    26         ASSIGN TO SYS015.                                        00001630
    27                                                                  00001700
    28     SELECT REINSURANCE-FILE                                      00001800
    29         ASSIGN TO ERREIN                                         00001900
    30         ACCESS IS SEQUENTIAL                                     00002000
    31         ORGANIZATION IS INDEXED                                  00002100
    32         FILE STATUS IS SYS014-STATUS                             00002200
    33         RECORD KEY IS RE-CONTROL-PRIMARY.                        00002300
    34                                                                  00002400
    35                                                                  00002500
    36 DATA DIVISION.                                                   00002600
    37 FILE SECTION.                                                    00002700
    38                                                                  00003410
    39 FD  REPORT-FILE                                                  00003420
    40     LABEL RECORDS ARE STANDARD                                   00003430
    41     RECORDING MODE IS F                                          00003440
    42     RECORD CONTAINS 179 CHARACTERS                               00003450
    43     BLOCK CONTAINS 0 RECORDS.                                    00003460
    44 01  REPORT-RECORD           PIC X(179).                          00003470
    45                                                                  00003500
    46 FD  ECS045-FICHE                                                 00003600
    47     LABEL RECORDS ARE STANDARD                                   00003700
    48     RECORDING MODE IS F                                          00003800
    49     RECORD CONTAINS 133 CHARACTERS                               00003900
    50     BLOCK CONTAINS 0 RECORDS.                                    00004000
    51 01  FICHE-RECORD.                                                00004100
    52     05  CC                  PIC X(001).                          00004200
    53     05  FILLER              PIC X(132).                          00004300
    54                                                                  00004400
    55 FD  REINSURANCE-FILE                                             00004500
    56     LABEL RECORDS ARE STANDARD.                                  00004600
*   57     COPY ERCREIN.                                                00004700
    58******************************************************************07/27/93
    59*                                                                *ERCREIN
    60*                            ERCREIN                             *   LV009
    61*           COPYBOOK REVIEWED FOR YEAR 2000 COMPLIANCE
    62*                            VMOD=2.010                          *   CL**9
    63*                                                                *ERCREIN
    64*   ONLINE CREDIT SYSTEM                                         *ERCREIN
    65*                                                                *ERCREIN
    66*   FILE DESCRIPTION = REINSURANCE MASTER FILE                   *ERCREIN
    67*                                                                *ERCREIN
    68*   FILE TYPE = VSAM,KSDS                                        *ERCREIN
    69*   RECORD SIZE = 4000  RECFORM = FIXED                          *ERCREIN
    70*                                                                *ERCREIN
    71*   BASE CLUSTER NAME = ERREIN                   RKP=2,LEN=8     *ERCREIN
* Micro Focus Server Express         V5.1 revision 000 06-Oct-15 17:18 Page   3
* CIRE012.cbl (/apps/prod/cid1p/copy/ERCREIN)
    72*       ALTERNATE PATH = NONE                                    *ERCREIN
    73*                                                                *ERCREIN
    74*   LOG = NO                                                     *ERCREIN
    75*   SERVREQ = BROWSE, DELETE, UPDATE, NEWREC                     *ERCREIN
    76*                                                                *ERCREIN
    77******************************************************************ERCREIN
    78*                   C H A N G E   L O G
    79*
    80* CHANGES ARE MARKED BY THE CHANGE EFFECTIVE DATE.
    81*-----------------------------------------------------------------
    82*  CHANGE   CHANGE REQUEST PGMR  DESCRIPTION OF CHANGE
    83* EFFECTIVE    NUMBER
    84*-----------------------------------------------------------------
    85* 103101    2001100100006  SMVA  ADD STATE EXHIBIT REPORT OPTION F
    86* 032707    2007032100006  PEMA  ADD EXCISE TAX CAPABILITY
    87******************************************************************
    88 01  REINSURANCE-RECORD.                                          ERCREIN
    89     12  RE-RECORD-ID                      PIC XX.                ERCREIN
    90         88  VALID-RE-ID                      VALUE 'RE'.         ERCREIN
    91                                                                  ERCREIN
    92     12  RE-CONTROL-PRIMARY.                                      ERCREIN
    93         16  RE-COMPANY-CD                 PIC X.                 ERCREIN
    94         16  RE-KEY.                                              ERCREIN
    95             20  RE-CODE                   PIC X.                 ERCREIN
    96                 88  RE-TABLE-RECORD          VALUE 'A'.          ERCREIN
    97                 88  RE-COMPANY-RECORD        VALUE 'B'.          ERCREIN
    98             20  RE-TABLE                  PIC XXX.               ERCREIN
    99             20  FILLER                    PIC XXX.               ERCREIN
   100         16  RE-COMPANY-KEY REDEFINES RE-KEY.                     ERCREIN
   101             20  FILLER                    PIC X.                 ERCREIN
   102             20  RE-COMPANY.                                      ERCREIN
   103                 24  RE-COMP-PRIME         PIC XXX.               ERCREIN
   104                 24  RE-COMP-SUB           PIC XXX.               ERCREIN
   105                                                                  ERCREIN
   106     12  RE-MAINT-INFORMATION.                                    ERCREIN
   107         16  RE-LAST-MAINT-DT              PIC XX.                ERCREIN
   108         16  RE-LAST-MAINT-HHMMSS          PIC S9(7)      COMP-3. ERCREIN
   109         16  RE-LAST-MAINT-USER            PIC X(4).              ERCREIN
   110         16  FILLER                        PIC X(10).             ERCREIN
   111                                                                  ERCREIN
   112     12  RE-TABLE-DATA.                                           ERCREIN
   113         16  RE-100-COMP                   PIC 99.                ERCREIN
   114                                                                  ERCREIN
   115         16  RE-COMP-INFO    OCCURS 30 TIMES.                     ERCREIN
   116             20  RE-REI-COMP-NO.                                  ERCREIN
   117                 24  RE-REI-COMP           PIC XXX.               ERCREIN
   118                 24  RE-REI-COMP-SUB       PIC XXX.               ERCREIN
   119             20  RE-LF-QC                  PIC X.                 ERCREIN
   120             20  RE-AH-QC                  PIC X.                 ERCREIN
   121             20  RE-LO-DATE                PIC 9(11)     COMP-3.  ERCREIN
   122             20  RE-HI-DATE                PIC 9(11)     COMP-3.  ERCREIN
   123             20  RE-LFAGE-LO               PIC 99.                ERCREIN
   124             20  RE-LFAGE-HI               PIC 99.                ERCREIN
   125             20  RE-AHAGE-LO               PIC 99.                ERCREIN
   126             20  RE-AHAGE-HI               PIC 99.                ERCREIN
   127             20  RE-LFTRM-LO               PIC S999       COMP-3. ERCREIN
   128             20  RE-LFTRM-HI               PIC S999       COMP-3. ERCREIN
   129             20  RE-AHTRM-LO               PIC S999       COMP-3. ERCREIN
* Micro Focus Server Express         V5.1 revision 000 06-Oct-15 17:18 Page   4
* CIRE012.cbl (/apps/prod/cid1p/copy/ERCREIN)
   130             20  RE-AHTRM-HI               PIC S999       COMP-3. ERCREIN
   131             20  RE-LF-PCT                 PIC S9V9999    COMP-3. ERCREIN
   132             20  RE-AH-PCT                 PIC S9V9999    COMP-3. ERCREIN
   133             20  RE-LF-LIM-LO              PIC S9(9)V99   COMP-3. ERCREIN
   134             20  RE-LF-LIM-HI              PIC S9(9)V99   COMP-3. ERCREIN
   135             20  RE-LF-LO                  PIC S9(9)V99   COMP-3. ERCREIN
   136             20  RE-LF-HI                  PIC S9(9)V99   COMP-3. ERCREIN
   137             20  RE-AHBEN-LIM-LO           PIC S9(7)V99   COMP-3. ERCREIN
   138             20  RE-AHBEN-LIM-HI           PIC S9(7)V99   COMP-3. ERCREIN
   139             20  RE-AHBEN-LO               PIC S9(7)V99   COMP-3. ERCREIN
   140             20  RE-AHBEN-HI               PIC S9(7)V99   COMP-3. ERCREIN
   141             20  RE-AHMOA-LIM-LO           PIC S9(7)V99   COMP-3. ERCREIN
   142             20  RE-AHMOA-LIM-HI           PIC S9(7)V99   COMP-3. ERCREIN
   143             20  RE-AHMOA-LO               PIC S9(7)V99   COMP-3. ERCREIN
   144             20  RE-AHMOA-HI               PIC S9(7)V99   COMP-3. ERCREIN
   145             20  RE-LF-BEN-CODE            PIC X.                 ERCREIN
   146             20  RE-AH-BEN-CODE            PIC X.                 ERCREIN
   147             20  RE-INTERACTIVE            PIC X.                 ERCREIN
   148             20  RE-REMAINING              PIC X.                 ERCREIN
   149             20  RE-LF-RUNOFF-SW           PIC X.                      000
   150             20  RE-AH-RUNOFF-SW           PIC X.                      000
   151             20  FILLER                    PIC X(19).                  000
   152                                                                  ERCREIN
   153         16  RE-COMP-INFO-END              PIC X(6).              ERCREIN
   154         16  RE-NSP-ST-CD-LF               PIC XX.                ERCREIN
   155         16  RE-NSP-ST-CD-AH               PIC XX.                ERCREIN
   156         16  RE-TABLE-CARRIER-SECURITY     PIC X.                 ERCREIN
   157             88  NO-TABLE-CARRIER-SECURITY    VALUE SPACE.        ERCREIN
   158                                                                  ERCREIN
   159         16  FILLER                        PIC X(27).             ERCREIN
   160                                                                  ERCREIN
   161     12  RE-COMPANY-DATA   REDEFINES   RE-TABLE-DATA.             ERCREIN
   162         16  RE-NAME                       PIC X(30).             ERCREIN
   163         16  RE-LF-PE                      PIC X.                 ERCREIN
   164         16  RE-AH-PE                      PIC X.                 ERCREIN
   165         16  RE-LF-FEE                     PIC S9V9999    COMP-3. ERCREIN
   166         16  RE-AH-FEE                     PIC S9V9999    COMP-3. ERCREIN
   167         16  RE-AH-PR-PCT                  PIC S9V9999    COMP-3. ERCREIN
   168         16  RE-AH-78-PCT                  PIC S9V9999    COMP-3. ERCREIN
   169         16  RE-PRT-ST                     PIC X.                 ERCREIN
   170         16  RE-PRT-OW                     PIC X.                 ERCREIN
   171         16  RE-MORT-CODE                  PIC X(4).              ERCREIN
   172         16  RE-CLAIM-CODE                 PIC X.                 ERCREIN
   173         16  RE-ZERO-LF-FEE                PIC X.                 ERCREIN
   174         16  RE-ZERO-AH-FEE                PIC X.                 ERCREIN
   175         16  RE-CEDE-NAME                  PIC X(30).             ERCREIN
   176         16  RE-LF-COMM                    PIC X.                 ERCREIN
   177         16  RE-AH-COMM                    PIC X.                 ERCREIN
   178         16  RE-LF-TAX                     PIC X.                 ERCREIN
   179         16  RE-AH-TAX                     PIC X.                 ERCREIN
   180         16  RE-CLM-INCURRED-LIM           PIC 9(11)  COMP-3.     ERCREIN
   181         16  RE-LF-IBNR-PCT                PIC SV999      COMP-3. ERCREIN
   182         16  RE-AH-IBNR-PCT                PIC SV999      COMP-3. ERCREIN
   183                                                                  ERCREIN
   184         16  RE-COMP-CARRIER-SECURITY      PIC X.                 ERCREIN
   185             88  NO-COMP-CARRIER-SECURITY     VALUE SPACE.        ERCREIN
   186                                                                  ERCREIN
   187         16  RE-LF-CEDING-FEE-BRACKETS.                           ERCREIN
* Micro Focus Server Express         V5.1 revision 000 06-Oct-15 17:18 Page   5
* CIRE012.cbl (/apps/prod/cid1p/copy/ERCREIN)
   188             20  RE-LF-FEE-METHOD          PIC X.                 ERCREIN
   189                 88  RE-LF-FEE-BRACKETED         VALUE '1' '2'.   ERCREIN
   190                 88  RE-LF-FEE-METHOD-1          VALUE '1'.       ERCREIN
   191                 88  RE-LF-FEE-METHOD-2          VALUE '2'.       ERCREIN
   192                 88  RE-LF-FEE-PERCENT           VALUE ' ' 'P'.   ERCREIN
   193             20  RE-LF-FEE-BASIS           PIC X.                 ERCREIN
   194                 88  RE-LF-GROSS-CEDED             VALUE '1'.     ERCREIN
   195                 88  RE-LF-NET-CEDED               VALUE '2'.     ERCREIN
   196                 88  RE-LF-GROSS-WRITTEN           VALUE '3'.     ERCREIN
   197                 88  RE-LF-NET-WRITTEN             VALUE '4'.     ERCREIN
   198                 88  RE-LF-COMBINE-GROSS-CEDED     VALUE '5'.     ERCREIN
   199                 88  RE-LF-COMBINE-NET-CEDED       VALUE '6'.     ERCREIN
   200                 88  RE-LF-COMBINE-GROSS-WRITTEN   VALUE '7'.     ERCREIN
   201                 88  RE-LF-COMBINE-NET-WRITTEN     VALUE '8'.     ERCREIN
   202             20  FILLER                    PIC XXX.               ERCREIN
   203             20  RE-LF-FEE-RANGES  OCCURS 6 TIMES.                ERCREIN
   204                 24  RE-LF-FEE-RANGE-PCT   PIC S9V9999    COMP-3. ERCREIN
   205                 24  RE-LF-FEE-THRU-AMT    PIC S9(7)V99   COMP-3. ERCREIN
   206                                                                  ERCREIN
   207         16  RE-AH-CEDING-FEE-BRACKETS.                           ERCREIN
   208             20  RE-AH-FEE-METHOD          PIC X.                 ERCREIN
   209                 88  RE-AH-FEE-BRACKETED         VALUE '1' '2'.   ERCREIN
   210                 88  RE-AH-FEE-METHOD-1          VALUE '1'.       ERCREIN
   211                 88  RE-AH-FEE-METHOD-2          VALUE '2'.       ERCREIN
   212                 88  RE-AH-FEE-PERCENT           VALUE ' ' 'P'.   ERCREIN
   213             20  RE-AH-FEE-BASIS           PIC X.                 ERCREIN
   214                 88  RE-AH-GROSS-CEDED             VALUE '1'.     ERCREIN
   215                 88  RE-AH-NET-CEDED               VALUE '2'.     ERCREIN
   216                 88  RE-AH-GROSS-WRITTEN           VALUE '3'.     ERCREIN
   217                 88  RE-AH-NET-WRITTEN             VALUE '4'.     ERCREIN
   218                 88  RE-AH-COMBINE-GROSS-CEDED     VALUE '5'.     ERCREIN
   219                 88  RE-AH-COMBINE-NET-CEDED       VALUE '6'.     ERCREIN
   220                 88  RE-AH-COMBINE-GROSS-WRITTEN   VALUE '7'.     ERCREIN
   221                 88  RE-AH-COMBINE-NET-WRITTEN     VALUE '8'.     ERCREIN
   222             20  FILLER                    PIC XXX.               ERCREIN
   223             20  RE-AH-FEE-RANGES  OCCURS 6 TIMES.                ERCREIN
   224                 24  RE-AH-FEE-RANGE-PCT   PIC S9V9999    COMP-3. ERCREIN
   225                 24  RE-AH-FEE-THRU-AMT    PIC S9(7)V99   COMP-3. ERCREIN
   226                                                                  ERCREIN
   227         16  RE-EARNING-START-DT           PIC 9(11)  COMP-3.     ERCREIN
   228                                                                  ERCREIN
   229         16  RE-OLD-CEDING-STMT            PIC X.                    CL**4
   230                                                                  ERCREIN
   231         16  RE-LF-CLM-PCT                 PIC S9V9999    COMP-3. ERCREIN
   232         16  RE-AH-CLM-PCT                 PIC S9V9999    COMP-3. ERCREIN
   233         16  RE-LF-CLM-MAX                 PIC S9(7)V99   COMP-3. ERCREIN
   234         16  RE-AH-CLM-MAX                 PIC S9(7)V99   COMP-3. ERCREIN
   235         16  RE-LF-PR-PCT                  PIC S9V9999    COMP-3. ERCREIN
   236         16  RE-LF-78-PCT                  PIC S9V9999    COMP-3. ERCREIN
   237         16  RE-REINS-GROUPING-CODE        PIC X(6).              ERCREIN
   238         16  RE-MORT-SW                    PIC X.                 ERCREIN
   239         16  RE-CEDING-TYPE-FLAG           PIC X.                    CL**2
   240             88  RE-NO-CESSION-TYPE                VALUE ' '.        CL**2
   241             88  RE-CEDED                          VALUE 'C'.        CL**2
   242             88  RE-ASSUMED                        VALUE 'A'.        CL**2
   243             88  RE-PHANTOM                        VALUE 'P'.        CL**2
   244                                                                  ERCREIN
   245         16  RE-CEDING-STMT-OPT-A          PIC X.                    CL**3
* Micro Focus Server Express         V5.1 revision 000 06-Oct-15 17:18 Page   6
* CIRE012.cbl (/apps/prod/cid1p/copy/ERCREIN)
   246             88  REPORT-A-WANTED    VALUE ' ' 'Y'.                   CL**3
   247         16  RE-CEDING-STMT-OPT-B          PIC X.                    CL**3
   248             88  REPORT-B-WANTED    VALUE ' ' 'Y'.                   CL**3
   249         16  RE-CEDING-STMT-OPT-C          PIC X.                    CL**3
   250             88  REPORT-C-WANTED    VALUE ' ' 'Y'.                   CL**3
   251         16  RE-CEDING-STMT-OPT-D          PIC X.                    CL**3
   252             88  REPORT-D-WANTED    VALUE ' ' 'Y'.                   CL**3
   253         16  RE-CEDING-STMT-OPT-E          PIC X.                    CL**3
   254             88  REPORT-E-WANTED    VALUE ' ' 'Y'.                   CL**3
   255                                                                     CL**3
   256         16  RE-PRT-CRSV                   PIC X.                    CL**5
   257                                                                     CL**5
   258         16  RE-GL-CENTER                  PIC X(4).                 CL**6
   259                                                                     CL**8
   260         16  RE-CUSTODIAL-BAL              PIC S9(7)V99   COMP-3.    CL**8
   261                                                                     CL**8
   262         16  RE-EARNING-STOP-DT            PIC 9(11)  COMP-3.        CL**9
   263                                                                     CL**9
   264         16  RE-EARN-STOP-CODE             PIC X.                    CL**9
   265             88  STOP-LIFE-EARNING  VALUE 'L' 'B'.                   CL**9
   266             88  STOP-AH-EARNING    VALUE 'A' 'B'.                   CL**9
   267
   268         16  RE-STATE-EXHIBIT-OPT-F        PIC X.
   269             88  RPTF-ECS152-WANTED VALUE ' ' 'Y'.
   270                                                                     CL**9
   271         16  RE-EXCISE-TAX                 PIC S9V9999 COMP-3.
   272         16  FILLER                        PIC X(2281).              CL**9
   273                                                                  ERCREIN
   274         16  RE-DESC OCCURS 18 TIMES       PIC X(79).             ERCREIN
   275                                                                  ERCREIN
   276******************************************************************ERCREIN
* Micro Focus Server Express         V5.1 revision 000 06-Oct-15 17:18 Page   7
* CIRE012.cbl
   278                                                                  00004900
   279 WORKING-STORAGE SECTION.                                         00005000
   280                                                                  00005100
   281 01  WORK.                                                        00005200
   282     05  EOF-SW              PIC X       VALUE 'N'.               00005300
   283         88  EOF                         VALUE 'Y'.               00005400
   284     05  SEL-SW              PIC X       VALUE SPACE.             00005500
   285     05  SYS014-STATUS       PIC X(2)    VALUE SPACE.             00005600
   286     05  S0C7                PIC S9      COMP-3.                  00005700
   287     05  SAVE-COMPANY-NAME   PIC X(30)   VALUE SPACE.             00005800
   288                                                                  00005900
   289***************************************************************** 00006000
   290*   COMPANIES TO BE SELECTED FOR REPORT ECS045E                *  00006100
   291***************************************************************** 00006200
   292 01  REINSURANCE-TABLE-VALUES.
   293     05  FILLER PIC X(33) VALUE '106'.
   294     05  FILLER PIC X(33) VALUE '800'.
   295     05  FILLER PIC X(33) VALUE '801'.
   296     05  FILLER PIC X(33) VALUE '910'.
   297     05  FILLER PIC X(33) VALUE '911'.
   298     05  FILLER PIC X(33) VALUE '912'.
   299     05  FILLER PIC X(33) VALUE '913'.
   300     05  FILLER PIC X(33) VALUE '914'.
   301     05  FILLER PIC X(33) VALUE '915'.
   302     05  FILLER PIC X(33) VALUE '916'.
   303     05  FILLER PIC X(33) VALUE '917'.
   304     05  FILLER PIC X(33) VALUE '918'.
   305     05  FILLER PIC X(33) VALUE '919'.
   306     05  EOT    PIC X(33) VALUE HIGH-VALUES.
   307
   308 01  FILLER REDEFINES REINSURANCE-TABLE-VALUES.
   309     05  REINSURANCE-TABLE OCCURS 14 TIMES INDEXED BY I.
   310         10  RET-COMP           PIC X(03).
   311         10  RET-NAME           PIC X(30).
   312
   313 01  WORK-RECORD.                                                 00010200
   314     05  WORK-KEY.                                                00010300
   315         10  WORK-COMPANY       PIC X(030)    VALUE SPACE.        00010400
   316         10  WORK-COPY          PIC 9(001)    VALUE ZERO.         00010500
   317         10  WORK-REPORT        PIC X(007)    VALUE SPACE.        00010600
   318         10  WORK-LINE-NO       PIC 9(007)    VALUE ZERO.         00010700
   319     05  WORK-LINE              PIC X(133)    VALUE SPACE.        00010800
   320                                                                  00010900
   321 01  HDG1.                                                        00011000
   322     05  FILLER                 PIC X(120).                       00011100
   323     05  HDG1-REPORT            PIC X(007).                       00011200
   324     05  FILLER                 PIC X(006).                       00011100
   325                                                                  00010900
   326 01  HDG2                       PIC X(133).                       00011300
   327                                                                  00010900
   328 01  HDG3.                                                        00011400
   329     10  FILLER                 PIC X(001).                       00011500
   330     10  HDG3-MSG               PIC X(015).                       00011600
   331     10  FILLER                 PIC X(008).                       00011700
   332     10  HDG3-COMPANY           PIC X(030).                       00011800
   333     10  FILLER                 PIC X(079).                       00011900
   334 01  HDG4.                                                        00012000
   335     10  FILLER                 PIC X(021).                       00012100
* Micro Focus Server Express         V5.1 revision 000 06-Oct-15 17:18 Page   8
* CIRE012.cbl
   336     10  HDG4-MSG               PIC X(016).                       00012200
   337     10  FILLER                 PIC X(026).                       00012300
   338     10  HDG4-MSG2              PIC X(001).                       00012301
   339     10  FILLER                 PIC X(069).                       00012310
   340 01  HDG5                       PIC X(133).                       00012400
   341 01  HDG6.                                                        00012500
   342     10  FILLER                 PIC X(002).                       00012600
   343     10  HDG6-PRIME             PIC X(003).                       00012700
   344     10  HDG6-TOTAL-HEADING     PIC X(057).                       00012701
   345     10  HDG6-MSG2              PIC X(001).                       00012710
   346     10  FILLER                 PIC X(065).                       00012800
   347 01  HDG7.                                                        00012900
   348     10  FILLER                 PIC X(002).                       00013000
   349     10  HDG7-PRIME             PIC X(003).                       00013100
   350     10  FILLER                 PIC X(032).                       00013200
   351     10  HDG7-ACCT              PIC X(010).                       00013300
   352     10  FILLER                 PIC X(086).                       00013400
   353                                                                  00013500
   354                                                                  00013600
   355                                                                  00013700
   356 PROCEDURE DIVISION.                                              00013800
   357     PERFORM INITIALIZATION.                                      00013900
   358     PERFORM PROCESS-FILE UNTIL EOF.                              00014000
   359     PERFORM END-OF-JOB.                                          00014100
   360     STOP RUN.                                                    00014200
   361                                                                  00014300
   362                                                                  00014400
   363 PROCESS-FILE SECTION.                                            00014500
   364     READ ECS045-FICHE                                            00014600
   365         AT END MOVE 'Y' TO EOF-SW.                               00014700
   366     IF EOF                                                       00014800
   367         GO TO PROCESS-FILE-X.                                    00014900
   368     IF CC = '1'                                                  00015000
   369         PERFORM CHECK-REPORT.                                    00015100
   370     IF SEL-SW = 'Y'                                              00015200
   371         MOVE FICHE-RECORD TO WORK-LINE                           00015300
   372         PERFORM WRITE-REPORT.                                    00015400
   373 PROCESS-FILE-X.                                                  00015500
   374     EXIT.                                                        00015600
   375                                                                  00015700
   376                                                                  00015800
   377 CHECK-REPORT SECTION.                                            00015900
   378****************************************************************  00016000
   379*  THIS ROUTINE CHECKS THE HEADING LINES ON EACH PAGE. IT      *  00016100
   380*  SETS SEL-SW TO "Y" IF THE PAGE IS TO BE PRINTED.  IT SETS   *  00016200
   381*  SEL-SW TO "N" IF THE PAGE IN NOT TO BE PRINTED.             *  00016300
   382*                                                              *  00016310
   383*  N O T E                                                     *  00016320
   384*  -------                                                     *  00016330
   385*  IF LOGIC CHANGES THE LAYOUT OF THE REPORT HEADINGS, THIS    *  00016340
   386*    PROGRAM WILL NO LONGER WORK.                              *  00016350
   387*  THE LAYOUT MUST REMAIN AS IT IS NOW!!!                      *  00016360
   388*             ==== ====== == == == ===                         *  00016370
   389*  IF CHANGES ARE MADE, PROGRAM CHANGES WILL BE NEEDED ALSO.   *  00016380
   390*                                                              *  00016390
   391****************************************************************  00016400
   392*                                                                 00016410
   393* NOTE - DEFAULT TO "NO"                                          00016500
* Micro Focus Server Express         V5.1 revision 000 06-Oct-15 17:18 Page   9
* CIRE012.cbl
   394*                                                                 00016410
   395     MOVE 'N' TO SEL-SW.                                          00016500
   396     MOVE FICHE-RECORD  TO  HDG1.                                 00016600
   397     IF HDG1-REPORT NOT = 'ECS045E'
   398         GO TO CHECK-REPORT-X.                                    00016800
   399     READ ECS045-FICHE INTO HDG2.                                 00016900
   400     READ ECS045-FICHE INTO HDG3.                                 00017000
   401     READ ECS045-FICHE INTO HDG4.                                 00017100
   402     READ ECS045-FICHE INTO HDG5.                                 00017200
   403     READ ECS045-FICHE INTO HDG6.                                 00017300
   404     READ ECS045-FICHE INTO HDG7.                                 00017400
   405     IF HDG3-COMPANY NOT = SPACES                                 00017500
   406         MOVE HDG3-COMPANY TO SAVE-COMPANY-NAME.                  00017600
   407     IF HDG1-REPORT = 'ECS045E'                                   00017900
   408         PERFORM CHECK-045E.                                      00018000
   409     IF SEL-SW = 'Y'                                              00018100
   410         PERFORM WRITE-HEADINGS.                                  00018200
   411 CHECK-REPORT-X.                                                  00018300
   412     EXIT.                                                        00018400
   413                                                                  00018500
   414                                                                  00020900
   415                                                                  00021000
   416 CHECK-045E SECTION.                                              00021100
   417     MOVE 'N'                    TO SEL-SW
   418
   419     SET I TO +1.                                                 00021200
   420     SEARCH REINSURANCE-TABLE                                     00021300
   421         WHEN RET-COMP (I) = HDG7-PRIME NEXT SENTENCE
   422         WHEN RET-COMP (I) = HIGH-VALUE
   423            DISPLAY ' COMP NOT FOUND '  HDG7-PRIME ' '
   424             HDG3-COMPANY
   425            GO TO CHECK-045E-X.
   426
   427     MOVE 'Y'                    TO SEL-SW
   428
   429     .
   430 CHECK-045E-X.                                                    00022000
   431     EXIT.                                                        00022100
   432                                                                  00022200
   433                                                                  00022300
   434 WRITE-REPORT SECTION.                                            00022400
   435                                                                  00022410
   436     ADD 1 TO WORK-LINE-NO.                                       00022500
   437                                                                  00022510
   438     IF WORK-REPORT = 'ECS045E'
   439      MOVE 1 TO WORK-COPY                                         00022601
   440         WRITE REPORT-RECORD FROM WORK-RECORD.                    00022800
   441 WRITE-REPORT-X.                                                  00023400
   442     EXIT.                                                        00023500
   443                                                                  00023600
   444                                                                  00023700
   445 WRITE-HEADINGS SECTION.                                          00023800
   446     MOVE SAVE-COMPANY-NAME TO WORK-COMPANY.                      00023900
   447     MOVE HDG1-REPORT       TO WORK-REPORT.                       00024000
   448     MOVE HDG1        TO WORK-LINE.                               00024100
   449     PERFORM WRITE-REPORT.                                        00024200
   450     MOVE HDG2        TO WORK-LINE.                               00024300
   451     PERFORM WRITE-REPORT.                                        00024400
* Micro Focus Server Express         V5.1 revision 000 06-Oct-15 17:18 Page  10
* CIRE012.cbl
   452     MOVE HDG3        TO WORK-LINE.                               00024500
   453     PERFORM WRITE-REPORT.                                        00024600
   454     MOVE HDG4        TO WORK-LINE.                               00024700
   455     PERFORM WRITE-REPORT.                                        00024800
   456     MOVE HDG5        TO WORK-LINE.                               00024900
   457     PERFORM WRITE-REPORT.                                        00025000
   458     MOVE HDG6        TO WORK-LINE.                               00025100
   459     PERFORM WRITE-REPORT.                                        00025200
   460*  NOTE HDG7 IS STILL IN THE INPUT BUFFER                         00025300
   461 WRITE-HEADINGS-X.                                                00025400
   462     EXIT.                                                        00025500
   463                                                                  00025600
   464                                                                  00025700
   465 INITIALIZATION SECTION.                                          00025800
   466     PERFORM LOAD-REIN-TABLE.                                     00025900
   467     OPEN INPUT  ECS045-FICHE.                                    00026000
   468     OPEN OUTPUT REPORT-FILE.                                     00026100
   469 INITIALIZATION-X.                                                00026200
   470     EXIT.                                                        00026300
   471                                                                  00026400
   472                                                                  00026500
   473 LOAD-REIN-TABLE SECTION.                                         00026600
   474     OPEN INPUT REINSURANCE-FILE.                                 00026700
   475     IF SYS014-STATUS NOT = ('00' AND '97')                       00026800
   476         DISPLAY 'OPEN ERROR ON SYS014. RC=' SYS014-STATUS        00026900
   477         GO TO ABEND.                                             00027000
   478 LOAD-REIN-TABLE-010.                                             00027100
   479     READ REINSURANCE-FILE NEXT.                                  00027200
   480     IF SYS014-STATUS = '10'                                      00027300
   481         GO TO LOAD-REIN-TABLE-090.                               00027400
   482     IF SYS014-STATUS NOT = ZERO                                  00027500
   483         DISPLAY 'READ ERROR ON SYS014. RC=' SYS014-STATUS        00027600
   484         GO TO ABEND.                                             00027700
   485     IF NOT RE-COMPANY-RECORD                                     00027800
   486         GO TO LOAD-REIN-TABLE-010.                               00027900
   487     SET I TO +1.                                                 00028000
   488     SEARCH REINSURANCE-TABLE
   489         WHEN RET-COMP (I) = RE-COMP-PRIME
   490             MOVE RE-NAME        TO RET-NAME (I)
   491             DISPLAY ' RE-COMP-PRIME = '  RE-COMP-PRIME
   492             DISPLAY '       RE-NAME = '  RE-NAME
   493     END-SEARCH
   494     GO TO LOAD-REIN-TABLE-010.                                   00028400
   495 LOAD-REIN-TABLE-090.                                             00028500
   496     CLOSE REINSURANCE-FILE.                                      00028600
   497 LOAD-REIN-TABLE-X.                                               00028700
   498     EXIT.                                                        00028800
   499                                                                  00028900
   500                                                                  00029000
   501 END-OF-JOB SECTION.                                              00029100
   502     CLOSE ECS045-FICHE                                           00029200
   503           REPORT-FILE.                                           00029300
   504 END-OF-JOB-X.                                                    00029400
   505     EXIT.                                                        00029500
   506                                                                  00029600
   507                                                                  00029700
   508 ABEND SECTION.                                                   00029800
   509     DISPLAY                                                      00029900
* Micro Focus Server Express         V5.1 revision 000 06-Oct-15 17:18 Page  11
* CIRE012.cbl
   510     'PROGRAM CIRE012 INTENTIONALLY ABENDED WITH A S0C7.'.        00029910
   511     DISPLAY 'SEE ERROR MESSAGE ABOVE.'.                          00030000
   512     MOVE +16 TO RETURN-CODE.                                     00030100
   513     ADD +1 TO S0C7.                                              00030200
   514 ABEND-X.                                                         00030300
   515     EXIT.                                                        00030400
* Micro Focus Server Express         V5.1 revision 000 Compiler
* Copyright (C) Micro Focus IP Development Limited 1984-2012.
*                                                        REF GNR-008065005AF
* Total Messages:     0
* Data:        7800     Code:        1760
