* Micro Focus Server Express         V5.1 revision 000 06-Oct-15 17:18 Page   1
* CIRE010F.cbl
* Options: int("CIRE010F.int") anim csi verbose NOBOUND PARAMCOUNTCHECK
*          directives(cobopt.bth) endp list("CIRE010F.lst")
* Setting: NOACCEPTREFRESH NOADV ALIGN"8" ALPHASTART"1" NOALTER NOAMODE ANIM
*          NOANIMPREP ANS85 APOST NOAREACHECK ARITHMETIC"OSVS" ASSIGN
*          "EXTERNAL" NOASSIGN-PRINTER NOAUTOLOCK NOBELL NOBOUND NOBRIEF
*          NOBS2000 BWZSTAR NOBYTEMODEMOVE CALLFH"ebmlsfile" NOCALLMCS
*          NOCALLRECOVERY CALLSORT"EXTSM" CANCEL CANCELLBR NOCHANGEMESSAGE
*          CHARSET"ASCII" NOCHECKDIV NOCHECKREFMOD NOCICS CICS-CPY
*          NOCICSOPTIMIZE NOCMPR2 NOCOBFSTATCONV NOCOBIDY NOCOBOL370 COBOLDIR
*          NOCOMP COMP-5"2" COMP-6"2" NOCOMS85 CONFIRM NOCONVERTRET CONVSPACE
*          COPYEXT",cbl,cpy" NOCOPYLBR COPYLIST COPYLISTCOMMENT"1" CSI
*          CURRENCY-SIGN"36" CURRENT-DATE"MMDDYY" NODATA DATACOMPRESS"0"
*          NODATA-CONTEXT DATE DBCHECK DBCS"2" NODBCSSOSI DBSPACE DE-EDIT"2"
*          DEFAULTBYTE"32" NODEFAULTCALLS DETECTLOCK NODG DIALECT"MF"
*          NODIRECTIVES-IN-COMMENTS NODOSVS NODPCINSUBSCRIPT DYNAM
*          NOEARLY-RELEASE ECHO NOECHOALL NOEDITOR ENSUITE"0" NOENTCOBOL
*          ERRFORMAT"1" ERRLIST"EMBED" NOERRQ FASTSORT NOFCD3 NOFCDREG
*          NOFDCLEAR NOFILESHARE FILETYPE"0" NOFLAG NOFLAGAS NOFLAGCD
*          NOFLAGEUC NOFLAGMIG NOFLAGQ FLAGSINEDIT NOFLAGSTD NOFOLDCALLNAME
*          NOFOLDCOPYNAME FORM"60" NOFP-ROUNDING NOHOSTARITHMETIC
*          NOHOSTCONTZERO NOHOST-NUMCOMPARE NOHOST-NUMMOVE NOHOSTFD NOHOSTRW
*          NOIBM-MS IBMCOMP IDXFORMAT"0" NOILGEN IMPLICITSCOPE NOINDD
*          INFORETURN"0" NOINITCALL INITPTR INT"CIRE010F.int" INTDATE"ANSI"
*          INTLEVEL"2" IOCONV NOISO2002 NOIXNLSKEY NOIXNUMKEY KEEP-INT
*          KEYCHECK KEYCOMPRESS"0" LIBRARIAN"2" NOLINE-COUNT LIST
*          "CIRE010F.lst" LISTPATH"" LISTWIDTH"80" LITVAL-SIZE"4" LOCKTYPE"0"
*          NOMAPNAME NOMAXERROR METHODDEFAULT"REFERENCE" MF"15" MFCOMMENT
*          NOMOVELENCHECK NOMS NOMVS NATIVE"ASCII" NONATIVEFLOATINGPOINT
*          NONCHAR NONEWBASENAME NONLS NSYMBOL"DBCS" NOODOOSVS NOODOSLIDE
*          NOOLDBLANKLINE NOOLDCOPY NOOLDINDEX NOOLDNEXTSENTENCE NOOLDREADINTO
*          NOOLDSTRMIX OOCTRL"-C-E-G-P+Q+R-S+W" OPTIONAL-FILE NOOS390 OSEXT""
*          NOOSVS NOOUTDD NOP64 NOPANVALET PERFORM-TYPE"OSVS" NOPREPLIST
*          NOPREPROCESS NOPRINT-EXT NOPROFILE NOPROGID-COMMENT
*          NOPROGID-INT-NAME NOPROTECT-LINKAGE PROTOTYPE"RELAXED" QUAL
*          QUALPROC NOQUERY NOQUOTE NORAWLIST NORDW RECMODE"F" NOREENTRANT
*          NOREF NOREFNO REMAINDER"1" REPORT-LINE"256" RESEQ NORETRYLOCK
*          REWRITE-LS NORM RTNCODE-SIZE"4" NORWHARDPAGE NOSAA SEG NOSEQCHK
*          SEQUENTIAL"RECORD" NOSERIAL SETTING"LINE" NOSHAREOUTDD NOSHOW-DIR
*          SIGN"ASCII" NOSIGNDISCARD NOSIGNFIXUP SORTTYPE"DFSORT" SOURCEFORMAT
*          "FIXED" SOURCETABSTOP"8" NOSPZERO NOSSRANGE STDERR NOSTICKY-LINKAGE
*          NOSTICKY-PERFORM SUPFF SWITCHTYPE"1" SYMBSTART"1" SYSPUNCH"132"
*          TERMPAGE TIME NOTRACE NOTRUNC NOTRUNCCALLNAME NOTRUNCCOPY TRUNCINC
*          "10" UNICODE"NATIVE" VERBOSE VSC2"2" WARNING"1" NOWB NOWB2 NOWB3
*          WEBSERVER"CGI" NOWRITELOCK NOWRITETHRU NOXOPEN NOXREF
*          NOZEROLENGTHFALSE NOZEROSEQ NOZWB
     1 IDENTIFICATION DIVISION.                                         00000100
     2 PROGRAM-ID.    CIRE010F.                                         00000200
     3 DATE-WRITTEN.  MAY, 1991.                                        00000301
     4****************************************************************  00000400
     5*  SELECT PRINT LINES FROM THE ECS045A REPORT FOR              *  00000500
     6*  CORPORATE FINANCE.                                          *
     7****************************************************************  00000600
     8                                                                  00000700
     9 ENVIRONMENT DIVISION.                                            00000800
    10 INPUT-OUTPUT SECTION.                                            00000900
    11 FILE-CONTROL.                                                    00001000
    12                                                                  00001100
    13     SELECT ECS045-FICHE                                          00001200
* Micro Focus Server Express         V5.1 revision 000 06-Oct-15 17:18 Page   2
* CIRE010F.cbl
    14         ASSIGN TO SYS010.                                        00001300
    15                                                                  00001610
    16     SELECT REPORT-FILE                                           00001620
    17         ASSIGN TO SYS015.                                        00001630
    18                                                                  00001640
    19     SELECT REPORT-FILE2                                          00001650
    20         ASSIGN TO SYS016.                                        00001660
    21                                                                  00001700
    22     SELECT REINSURANCE-FILE                                      00001800
    23         ASSIGN TO ERRTBLT                                        00001900
    24         ACCESS IS SEQUENTIAL                                     00002000
    25         ORGANIZATION IS INDEXED                                  00002100
    26         FILE STATUS IS SYS014-STATUS                             00002200
    27         RECORD KEY IS RE-CONTROL-PRIMARY.                        00002300
    28                                                                  00002400
    29                                                                  00002500
    30 DATA DIVISION.                                                   00002600
    31 FILE SECTION.                                                    00002700
    32                                                                  00002800
    33 FD  REPORT-FILE2                                                 00002900
    34     LABEL RECORDS ARE STANDARD                                   00003000
    35     RECORDING MODE IS F                                          00003100
    36     RECORD CONTAINS 179 CHARACTERS                               00003200
    37     BLOCK CONTAINS 0 RECORDS.                                    00003300
    38 01  REPORT-RECORD2          PIC X(179).                          00003400
    39                                                                  00003410
    40 FD  REPORT-FILE                                                  00003420
    41     LABEL RECORDS ARE STANDARD                                   00003430
    42     RECORDING MODE IS F                                          00003440
    43     RECORD CONTAINS 179 CHARACTERS                               00003450
    44     BLOCK CONTAINS 0 RECORDS.                                    00003460
    45 01  REPORT-RECORD           PIC X(179).                          00003470
    46                                                                  00003500
    47 FD  ECS045-FICHE                                                 00003600
    48     LABEL RECORDS ARE STANDARD                                   00003700
    49     RECORDING MODE IS F                                          00003800
    50     RECORD CONTAINS 133 CHARACTERS                               00003900
    51     BLOCK CONTAINS 0 RECORDS.                                    00004000
    52 01  FICHE-RECORD.                                                00004100
    53     05  CC                  PIC X(001).                          00004200
    54     05  FILLER              PIC X(132).                          00004300
    55                                                                  00004400
    56 FD  REINSURANCE-FILE                                             00004500
    57     LABEL RECORDS ARE STANDARD.                                  00004600
*   58     COPY ERCREIN.                                                00004700
    59******************************************************************07/27/93
    60*                                                                *ERCREIN
    61*                            ERCREIN                             *   LV009
    62*           COPYBOOK REVIEWED FOR YEAR 2000 COMPLIANCE
    63*                            VMOD=2.010                          *   CL**9
    64*                                                                *ERCREIN
    65*   ONLINE CREDIT SYSTEM                                         *ERCREIN
    66*                                                                *ERCREIN
    67*   FILE DESCRIPTION = REINSURANCE MASTER FILE                   *ERCREIN
    68*                                                                *ERCREIN
    69*   FILE TYPE = VSAM,KSDS                                        *ERCREIN
    70*   RECORD SIZE = 4000  RECFORM = FIXED                          *ERCREIN
    71*                                                                *ERCREIN
* Micro Focus Server Express         V5.1 revision 000 06-Oct-15 17:18 Page   3
* CIRE010F.cbl (/apps/prod/cid1p/copy/ERCREIN)
    72*   BASE CLUSTER NAME = ERREIN                   RKP=2,LEN=8     *ERCREIN
    73*       ALTERNATE PATH = NONE                                    *ERCREIN
    74*                                                                *ERCREIN
    75*   LOG = NO                                                     *ERCREIN
    76*   SERVREQ = BROWSE, DELETE, UPDATE, NEWREC                     *ERCREIN
    77*                                                                *ERCREIN
    78******************************************************************ERCREIN
    79*                   C H A N G E   L O G
    80*
    81* CHANGES ARE MARKED BY THE CHANGE EFFECTIVE DATE.
    82*-----------------------------------------------------------------
    83*  CHANGE   CHANGE REQUEST PGMR  DESCRIPTION OF CHANGE
    84* EFFECTIVE    NUMBER
    85*-----------------------------------------------------------------
    86* 103101    2001100100006  SMVA  ADD STATE EXHIBIT REPORT OPTION F
    87* 032707    2007032100006  PEMA  ADD EXCISE TAX CAPABILITY
    88******************************************************************
    89 01  REINSURANCE-RECORD.                                          ERCREIN
    90     12  RE-RECORD-ID                      PIC XX.                ERCREIN
    91         88  VALID-RE-ID                      VALUE 'RE'.         ERCREIN
    92                                                                  ERCREIN
    93     12  RE-CONTROL-PRIMARY.                                      ERCREIN
    94         16  RE-COMPANY-CD                 PIC X.                 ERCREIN
    95         16  RE-KEY.                                              ERCREIN
    96             20  RE-CODE                   PIC X.                 ERCREIN
    97                 88  RE-TABLE-RECORD          VALUE 'A'.          ERCREIN
    98                 88  RE-COMPANY-RECORD        VALUE 'B'.          ERCREIN
    99             20  RE-TABLE                  PIC XXX.               ERCREIN
   100             20  FILLER                    PIC XXX.               ERCREIN
   101         16  RE-COMPANY-KEY REDEFINES RE-KEY.                     ERCREIN
   102             20  FILLER                    PIC X.                 ERCREIN
   103             20  RE-COMPANY.                                      ERCREIN
   104                 24  RE-COMP-PRIME         PIC XXX.               ERCREIN
   105                 24  RE-COMP-SUB           PIC XXX.               ERCREIN
   106                                                                  ERCREIN
   107     12  RE-MAINT-INFORMATION.                                    ERCREIN
   108         16  RE-LAST-MAINT-DT              PIC XX.                ERCREIN
   109         16  RE-LAST-MAINT-HHMMSS          PIC S9(7)      COMP-3. ERCREIN
   110         16  RE-LAST-MAINT-USER            PIC X(4).              ERCREIN
   111         16  FILLER                        PIC X(10).             ERCREIN
   112                                                                  ERCREIN
   113     12  RE-TABLE-DATA.                                           ERCREIN
   114         16  RE-100-COMP                   PIC 99.                ERCREIN
   115                                                                  ERCREIN
   116         16  RE-COMP-INFO    OCCURS 30 TIMES.                     ERCREIN
   117             20  RE-REI-COMP-NO.                                  ERCREIN
   118                 24  RE-REI-COMP           PIC XXX.               ERCREIN
   119                 24  RE-REI-COMP-SUB       PIC XXX.               ERCREIN
   120             20  RE-LF-QC                  PIC X.                 ERCREIN
   121             20  RE-AH-QC                  PIC X.                 ERCREIN
   122             20  RE-LO-DATE                PIC 9(11)     COMP-3.  ERCREIN
   123             20  RE-HI-DATE                PIC 9(11)     COMP-3.  ERCREIN
   124             20  RE-LFAGE-LO               PIC 99.                ERCREIN
   125             20  RE-LFAGE-HI               PIC 99.                ERCREIN
   126             20  RE-AHAGE-LO               PIC 99.                ERCREIN
   127             20  RE-AHAGE-HI               PIC 99.                ERCREIN
   128             20  RE-LFTRM-LO               PIC S999       COMP-3. ERCREIN
   129             20  RE-LFTRM-HI               PIC S999       COMP-3. ERCREIN
* Micro Focus Server Express         V5.1 revision 000 06-Oct-15 17:18 Page   4
* CIRE010F.cbl (/apps/prod/cid1p/copy/ERCREIN)
   130             20  RE-AHTRM-LO               PIC S999       COMP-3. ERCREIN
   131             20  RE-AHTRM-HI               PIC S999       COMP-3. ERCREIN
   132             20  RE-LF-PCT                 PIC S9V9999    COMP-3. ERCREIN
   133             20  RE-AH-PCT                 PIC S9V9999    COMP-3. ERCREIN
   134             20  RE-LF-LIM-LO              PIC S9(9)V99   COMP-3. ERCREIN
   135             20  RE-LF-LIM-HI              PIC S9(9)V99   COMP-3. ERCREIN
   136             20  RE-LF-LO                  PIC S9(9)V99   COMP-3. ERCREIN
   137             20  RE-LF-HI                  PIC S9(9)V99   COMP-3. ERCREIN
   138             20  RE-AHBEN-LIM-LO           PIC S9(7)V99   COMP-3. ERCREIN
   139             20  RE-AHBEN-LIM-HI           PIC S9(7)V99   COMP-3. ERCREIN
   140             20  RE-AHBEN-LO               PIC S9(7)V99   COMP-3. ERCREIN
   141             20  RE-AHBEN-HI               PIC S9(7)V99   COMP-3. ERCREIN
   142             20  RE-AHMOA-LIM-LO           PIC S9(7)V99   COMP-3. ERCREIN
   143             20  RE-AHMOA-LIM-HI           PIC S9(7)V99   COMP-3. ERCREIN
   144             20  RE-AHMOA-LO               PIC S9(7)V99   COMP-3. ERCREIN
   145             20  RE-AHMOA-HI               PIC S9(7)V99   COMP-3. ERCREIN
   146             20  RE-LF-BEN-CODE            PIC X.                 ERCREIN
   147             20  RE-AH-BEN-CODE            PIC X.                 ERCREIN
   148             20  RE-INTERACTIVE            PIC X.                 ERCREIN
   149             20  RE-REMAINING              PIC X.                 ERCREIN
   150             20  RE-LF-RUNOFF-SW           PIC X.                      000
   151             20  RE-AH-RUNOFF-SW           PIC X.                      000
   152             20  FILLER                    PIC X(19).                  000
   153                                                                  ERCREIN
   154         16  RE-COMP-INFO-END              PIC X(6).              ERCREIN
   155         16  RE-NSP-ST-CD-LF               PIC XX.                ERCREIN
   156         16  RE-NSP-ST-CD-AH               PIC XX.                ERCREIN
   157         16  RE-TABLE-CARRIER-SECURITY     PIC X.                 ERCREIN
   158             88  NO-TABLE-CARRIER-SECURITY    VALUE SPACE.        ERCREIN
   159                                                                  ERCREIN
   160         16  FILLER                        PIC X(27).             ERCREIN
   161                                                                  ERCREIN
   162     12  RE-COMPANY-DATA   REDEFINES   RE-TABLE-DATA.             ERCREIN
   163         16  RE-NAME                       PIC X(30).             ERCREIN
   164         16  RE-LF-PE                      PIC X.                 ERCREIN
   165         16  RE-AH-PE                      PIC X.                 ERCREIN
   166         16  RE-LF-FEE                     PIC S9V9999    COMP-3. ERCREIN
   167         16  RE-AH-FEE                     PIC S9V9999    COMP-3. ERCREIN
   168         16  RE-AH-PR-PCT                  PIC S9V9999    COMP-3. ERCREIN
   169         16  RE-AH-78-PCT                  PIC S9V9999    COMP-3. ERCREIN
   170         16  RE-PRT-ST                     PIC X.                 ERCREIN
   171         16  RE-PRT-OW                     PIC X.                 ERCREIN
   172         16  RE-MORT-CODE                  PIC X(4).              ERCREIN
   173         16  RE-CLAIM-CODE                 PIC X.                 ERCREIN
   174         16  RE-ZERO-LF-FEE                PIC X.                 ERCREIN
   175         16  RE-ZERO-AH-FEE                PIC X.                 ERCREIN
   176         16  RE-CEDE-NAME                  PIC X(30).             ERCREIN
   177         16  RE-LF-COMM                    PIC X.                 ERCREIN
   178         16  RE-AH-COMM                    PIC X.                 ERCREIN
   179         16  RE-LF-TAX                     PIC X.                 ERCREIN
   180         16  RE-AH-TAX                     PIC X.                 ERCREIN
   181         16  RE-CLM-INCURRED-LIM           PIC 9(11)  COMP-3.     ERCREIN
   182         16  RE-LF-IBNR-PCT                PIC SV999      COMP-3. ERCREIN
   183         16  RE-AH-IBNR-PCT                PIC SV999      COMP-3. ERCREIN
   184                                                                  ERCREIN
   185         16  RE-COMP-CARRIER-SECURITY      PIC X.                 ERCREIN
   186             88  NO-COMP-CARRIER-SECURITY     VALUE SPACE.        ERCREIN
   187                                                                  ERCREIN
* Micro Focus Server Express         V5.1 revision 000 06-Oct-15 17:18 Page   5
* CIRE010F.cbl (/apps/prod/cid1p/copy/ERCREIN)
   188         16  RE-LF-CEDING-FEE-BRACKETS.                           ERCREIN
   189             20  RE-LF-FEE-METHOD          PIC X.                 ERCREIN
   190                 88  RE-LF-FEE-BRACKETED         VALUE '1' '2'.   ERCREIN
   191                 88  RE-LF-FEE-METHOD-1          VALUE '1'.       ERCREIN
   192                 88  RE-LF-FEE-METHOD-2          VALUE '2'.       ERCREIN
   193                 88  RE-LF-FEE-PERCENT           VALUE ' ' 'P'.   ERCREIN
   194             20  RE-LF-FEE-BASIS           PIC X.                 ERCREIN
   195                 88  RE-LF-GROSS-CEDED             VALUE '1'.     ERCREIN
   196                 88  RE-LF-NET-CEDED               VALUE '2'.     ERCREIN
   197                 88  RE-LF-GROSS-WRITTEN           VALUE '3'.     ERCREIN
   198                 88  RE-LF-NET-WRITTEN             VALUE '4'.     ERCREIN
   199                 88  RE-LF-COMBINE-GROSS-CEDED     VALUE '5'.     ERCREIN
   200                 88  RE-LF-COMBINE-NET-CEDED       VALUE '6'.     ERCREIN
   201                 88  RE-LF-COMBINE-GROSS-WRITTEN   VALUE '7'.     ERCREIN
   202                 88  RE-LF-COMBINE-NET-WRITTEN     VALUE '8'.     ERCREIN
   203             20  FILLER                    PIC XXX.               ERCREIN
   204             20  RE-LF-FEE-RANGES  OCCURS 6 TIMES.                ERCREIN
   205                 24  RE-LF-FEE-RANGE-PCT   PIC S9V9999    COMP-3. ERCREIN
   206                 24  RE-LF-FEE-THRU-AMT    PIC S9(7)V99   COMP-3. ERCREIN
   207                                                                  ERCREIN
   208         16  RE-AH-CEDING-FEE-BRACKETS.                           ERCREIN
   209             20  RE-AH-FEE-METHOD          PIC X.                 ERCREIN
   210                 88  RE-AH-FEE-BRACKETED         VALUE '1' '2'.   ERCREIN
   211                 88  RE-AH-FEE-METHOD-1          VALUE '1'.       ERCREIN
   212                 88  RE-AH-FEE-METHOD-2          VALUE '2'.       ERCREIN
   213                 88  RE-AH-FEE-PERCENT           VALUE ' ' 'P'.   ERCREIN
   214             20  RE-AH-FEE-BASIS           PIC X.                 ERCREIN
   215                 88  RE-AH-GROSS-CEDED             VALUE '1'.     ERCREIN
   216                 88  RE-AH-NET-CEDED               VALUE '2'.     ERCREIN
   217                 88  RE-AH-GROSS-WRITTEN           VALUE '3'.     ERCREIN
   218                 88  RE-AH-NET-WRITTEN             VALUE '4'.     ERCREIN
   219                 88  RE-AH-COMBINE-GROSS-CEDED     VALUE '5'.     ERCREIN
   220                 88  RE-AH-COMBINE-NET-CEDED       VALUE '6'.     ERCREIN
   221                 88  RE-AH-COMBINE-GROSS-WRITTEN   VALUE '7'.     ERCREIN
   222                 88  RE-AH-COMBINE-NET-WRITTEN     VALUE '8'.     ERCREIN
   223             20  FILLER                    PIC XXX.               ERCREIN
   224             20  RE-AH-FEE-RANGES  OCCURS 6 TIMES.                ERCREIN
   225                 24  RE-AH-FEE-RANGE-PCT   PIC S9V9999    COMP-3. ERCREIN
   226                 24  RE-AH-FEE-THRU-AMT    PIC S9(7)V99   COMP-3. ERCREIN
   227                                                                  ERCREIN
   228         16  RE-EARNING-START-DT           PIC 9(11)  COMP-3.     ERCREIN
   229                                                                  ERCREIN
   230         16  RE-OLD-CEDING-STMT            PIC X.                    CL**4
   231                                                                  ERCREIN
   232         16  RE-LF-CLM-PCT                 PIC S9V9999    COMP-3. ERCREIN
   233         16  RE-AH-CLM-PCT                 PIC S9V9999    COMP-3. ERCREIN
   234         16  RE-LF-CLM-MAX                 PIC S9(7)V99   COMP-3. ERCREIN
   235         16  RE-AH-CLM-MAX                 PIC S9(7)V99   COMP-3. ERCREIN
   236         16  RE-LF-PR-PCT                  PIC S9V9999    COMP-3. ERCREIN
   237         16  RE-LF-78-PCT                  PIC S9V9999    COMP-3. ERCREIN
   238         16  RE-REINS-GROUPING-CODE        PIC X(6).              ERCREIN
   239         16  RE-MORT-SW                    PIC X.                 ERCREIN
   240         16  RE-CEDING-TYPE-FLAG           PIC X.                    CL**2
   241             88  RE-NO-CESSION-TYPE                VALUE ' '.        CL**2
   242             88  RE-CEDED                          VALUE 'C'.        CL**2
   243             88  RE-ASSUMED                        VALUE 'A'.        CL**2
   244             88  RE-PHANTOM                        VALUE 'P'.        CL**2
   245                                                                  ERCREIN
* Micro Focus Server Express         V5.1 revision 000 06-Oct-15 17:18 Page   6
* CIRE010F.cbl (/apps/prod/cid1p/copy/ERCREIN)
   246         16  RE-CEDING-STMT-OPT-A          PIC X.                    CL**3
   247             88  REPORT-A-WANTED    VALUE ' ' 'Y'.                   CL**3
   248         16  RE-CEDING-STMT-OPT-B          PIC X.                    CL**3
   249             88  REPORT-B-WANTED    VALUE ' ' 'Y'.                   CL**3
   250         16  RE-CEDING-STMT-OPT-C          PIC X.                    CL**3
   251             88  REPORT-C-WANTED    VALUE ' ' 'Y'.                   CL**3
   252         16  RE-CEDING-STMT-OPT-D          PIC X.                    CL**3
   253             88  REPORT-D-WANTED    VALUE ' ' 'Y'.                   CL**3
   254         16  RE-CEDING-STMT-OPT-E          PIC X.                    CL**3
   255             88  REPORT-E-WANTED    VALUE ' ' 'Y'.                   CL**3
   256                                                                     CL**3
   257         16  RE-PRT-CRSV                   PIC X.                    CL**5
   258                                                                     CL**5
   259         16  RE-GL-CENTER                  PIC X(4).                 CL**6
   260                                                                     CL**8
   261         16  RE-CUSTODIAL-BAL              PIC S9(7)V99   COMP-3.    CL**8
   262                                                                     CL**8
   263         16  RE-EARNING-STOP-DT            PIC 9(11)  COMP-3.        CL**9
   264                                                                     CL**9
   265         16  RE-EARN-STOP-CODE             PIC X.                    CL**9
   266             88  STOP-LIFE-EARNING  VALUE 'L' 'B'.                   CL**9
   267             88  STOP-AH-EARNING    VALUE 'A' 'B'.                   CL**9
   268
   269         16  RE-STATE-EXHIBIT-OPT-F        PIC X.
   270             88  RPTF-ECS152-WANTED VALUE ' ' 'Y'.
   271                                                                     CL**9
   272         16  RE-EXCISE-TAX                 PIC S9V9999 COMP-3.
   273         16  FILLER                        PIC X(2281).              CL**9
   274                                                                  ERCREIN
   275         16  RE-DESC OCCURS 18 TIMES       PIC X(79).             ERCREIN
   276                                                                  ERCREIN
   277******************************************************************ERCREIN
* Micro Focus Server Express         V5.1 revision 000 06-Oct-15 17:18 Page   7
* CIRE010F.cbl
   279                                                                  00004900
   280 WORKING-STORAGE SECTION.                                         00005000
   281                                                                  00005100
   282 01  WORK.                                                        00005200
   283     05  EOF-SW              PIC X       VALUE 'N'.               00005300
   284         88  EOF                         VALUE 'Y'.               00005400
   285     05  SEL-SW              PIC X       VALUE SPACE.             00005500
   286     05  RPT2-SW             PIC X       VALUE 'N'.               00005510
   287     05  SYS014-STATUS       PIC X(2)    VALUE SPACE.             00005600
   288     05  S0C7                PIC S9      COMP-3.                  00005700
   289     05  SAVE-COMPANY-NAME   PIC X(30)   VALUE SPACE.             00005800
   290                                                                  00005900
   291***************************************************************** 00006000
   292*   COMPANIES TO BE SELECTED FOR REPORT ECS-045C                * 00006100
   293***************************************************************** 00006200
   294 01  REINSURANCE-TABLE-VALUES.                                    00006300
   295     05  FILLER PIC X(33) VALUE '010'.                            00006400
   296     05  FILLER PIC X(33) VALUE '011'.                            00006500
   297     05  FILLER PIC X(33) VALUE '020'.                            00006600
   298     05  FILLER PIC X(33) VALUE '026'.                            00006700
   299     05  FILLER PIC X(33) VALUE '031'.                            00006800
   300     05  FILLER PIC X(33) VALUE '035'.                            00006900
   301     05  FILLER PIC X(33) VALUE '043'.                            00007000
   302     05  FILLER PIC X(33) VALUE '044'.                            00007100
   303     05  FILLER PIC X(33) VALUE '051'.                            00007200
   304     05  FILLER PIC X(33) VALUE '052'.                            00007300
   305     05  FILLER PIC X(33) VALUE '075'.                            00007510
   306     05  FILLER PIC X(33) VALUE '077'.                            00007520
   307     05  FILLER PIC X(33) VALUE '089'.                            00007600
   308     05  FILLER PIC X(33) VALUE '100'.                            00007700
   309     05  FILLER PIC X(33) VALUE '105'.                            00007800
   310     05  FILLER PIC X(33) VALUE '106'.                            00007900
   311     05  FILLER PIC X(33) VALUE '122'.                            00008000
   312     05  FILLER PIC X(33) VALUE '124'.                            00008100
   313     05  FILLER PIC X(33) VALUE '140'.                            00008200
   314     05  FILLER PIC X(33) VALUE '150'.                            00008300
   315     05  FILLER PIC X(33) VALUE '160'.                            00008400
   316     05  FILLER PIC X(33) VALUE '162'.                            00008500
   317     05  FILLER PIC X(33) VALUE '180'.                            00008600
   318     05  FILLER PIC X(33) VALUE '181'.                            00008700
   319     05  FILLER PIC X(33) VALUE '310'.                            00008800
   320     05  FILLER PIC X(33) VALUE '350'.                            00008810
   321     05  FILLER PIC X(33) VALUE '701'.                            00008900
   322     05  FILLER PIC X(33) VALUE '702'.                            00009000
   323     05  FILLER PIC X(33) VALUE '703'.                            00009100
   324     05  FILLER PIC X(33) VALUE '704'.                            00009200
   325     05  FILLER PIC X(33) VALUE '705'.                            00009300
   326*    05  FILLER PIC X(33) VALUE '701'.                            00009310
   327*    05  FILLER PIC X(33) VALUE '702'.                            00009320
   328*    05  FILLER PIC X(33) VALUE '703'.                            00009330
   329*    05  FILLER PIC X(33) VALUE '704'.                            00009340
   330*    05  FILLER PIC X(33) VALUE '705'.                            00009350
   331     05  FILLER PIC X(33) VALUE '800'.                            00009400
   332     05  FILLER PIC X(33) VALUE '801'.                            00009500
   333     05  FILLER PIC X(33) VALUE '850'.                            00009510
   334     05  FILLER PIC X(33) VALUE '855'.                            00009520
   335     05  FILLER PIC X(33) VALUE '860'.                            00009530
   336     05  FILLER PIC X(33) VALUE '865'.                            00009540
* Micro Focus Server Express         V5.1 revision 000 06-Oct-15 17:18 Page   8
* CIRE010F.cbl
   337     05  FILLER PIC X(33) VALUE '870'.                            00009541
   338     05  FILLER PIC X(33) VALUE '875'.                            00009541
   339     05  FILLER PIC X(33) VALUE '880'.                            00009542
   340     05  FILLER PIC X(33) VALUE '885'.                            00009542
   341     05  FILLER PIC X(33) VALUE '890'.                            00009550
   342     05  EOT    PIC X(33) VALUE HIGH-VALUE.                       00009600
   343 01  FILLER REDEFINES REINSURANCE-TABLE-VALUES.                   00009700
   344     05  REINSURANCE-TABLE OCCURS 041 TIMES INDEXED BY I.         00009800
   345         10  RET-COMP           PIC X(03).                        00009900
   346         10  RET-NAME           PIC X(30).                        00010000
   347                                                                  00010130
   348 01  WORK-RECORD.                                                 00010200
   349     05  WORK-KEY.                                                00010300
   350         10  WORK-COMPANY       PIC X(030)    VALUE SPACE.        00010400
   351         10  WORK-COPY          PIC 9(001)    VALUE ZERO.         00010500
   352         10  WORK-REPORT        PIC X(007)    VALUE SPACE.        00010600
   353         10  WORK-LINE-NO       PIC 9(007)    VALUE ZERO.         00010700
   354     05  WORK-LINE              PIC X(133)    VALUE SPACE.        00010800
   355                                                                  00010900
   356 01  HDG1.                                                        00011000
   357     05  FILLER                 PIC X(120).                       00011100
   358     05  HDG1-REPORT            PIC X(007).                       00011200
   359     05  FILLER                 PIC X(006).                       00011100
   360                                                                  00010900
   361 01  HDG2                       PIC X(133).                       00011300
   362                                                                  00010900
   363 01  HDG3.                                                        00011400
   364     10  FILLER                 PIC X(001).                       00011500
   365     10  HDG3-MSG               PIC X(015).                       00011600
   366     10  FILLER                 PIC X(008).                       00011700
   367     10  HDG3-COMPANY           PIC X(030).                       00011800
   368     10  FILLER                 PIC X(079).                       00011900
   369                                                                  00010900
   370 01  HDG4.                                                        00012000
   371     10  FILLER                 PIC X(021).                       00012100
   372     10  HDG4-MSG               PIC X(016).                       00012200
   373     10  FILLER                 PIC X(096).                       00012300
   374 01  HDG5                       PIC X(133).                       00012400
   375                                                                  00010900
   376 01  HDG6.                                                        00012500
   377     10  FILLER                 PIC X(002).                       00012600
   378     10  HDG6-PRIME             PIC X(003).                       00012700
   379     10  FILLER                 PIC X(057).                       00012800
   380     10  HDG6-MSG2              PIC X(001).                       00012810
   381     10  FILLER                 PIC X(065).                       00012820
   382                                                                  00010900
   383 01  HDG7.                                                        00012900
   384     10  FILLER                 PIC X(002).                       00013000
   385     10  HDG7-PRIME             PIC X(003).                       00013100
   386     10  FILLER                 PIC X(003).                       00013200
   387     10  HDG7-GROUP-A           PIC X(006).                       00013200
   388     10  FILLER                 PIC X(023).                       00013200
   389     10  HDG7-ACCT              PIC X(010).                       00013300
   390     10  FILLER                 PIC X(086).                       00013400
   391                                                                  00013500
   392                                                                  00013600
   393                                                                  00013700
   394 PROCEDURE DIVISION.                                              00013800
* Micro Focus Server Express         V5.1 revision 000 06-Oct-15 17:18 Page   9
* CIRE010F.cbl
   395     PERFORM INITIALIZATION.                                      00013900
   396     PERFORM PROCESS-FILE UNTIL EOF.                              00014000
   397     PERFORM END-OF-JOB.                                          00014100
   398     STOP RUN.                                                    00014200
   399                                                                  00014300
   400                                                                  00014400
   401 PROCESS-FILE SECTION.                                            00014500
   402     READ ECS045-FICHE                                            00014600
   403         AT END MOVE 'Y' TO EOF-SW.                               00014700
   404     IF EOF                                                       00014800
   405         GO TO PROCESS-FILE-X.                                    00014900
   406     IF CC = '1'                                                  00015000
   407         PERFORM CHECK-REPORT.                                    00015100
   408     IF SEL-SW = 'Y'                                              00015200
   409         MOVE FICHE-RECORD TO WORK-LINE                           00015300
   410         PERFORM WRITE-REPORT.                                    00015400
   411 PROCESS-FILE-X.                                                  00015500
   412     EXIT.                                                        00015600
   413                                                                  00015700
   414                                                                  00015800
   415 CHECK-REPORT SECTION.                                            00015900
   416****************************************************************  00016000
   417*  THIS ROUTINE CHECKS THE HEADING LINES ON EACH PAGE. IT      *  00016100
   418*  SETS SEL-SW TO "Y" IF THE PAGE IS TO BE PRINTED.  IT SETS   *  00016200
   419*  SEL-SW TO "N" IF THE PAGE IN NOT TO BE PRINTED.             *  00016300
   420*                                                              *  00016301
   421*  N O T E                                                     *  00016310
   422*  -------                                                     *  00016320
   423* IF LOGIC CHANGES THE LAYOUT OF THE REPORT HEADINGS, THIS     *  00016321
   424*   PROGRAM WILL NO LONGER WORK.                               *  00016330
   425* THE LAYOUT MUST REMAIN AS IT IS NOW!!!                       *  00016331
   426*            ==== ====== == == == ===                          *  00016340
   427* IF CHANGES ARE MADE, PROGRAM CHANGES WILL BE NEEDED ALSO.    *  00016350
   428*                                                              *  00016360
   429****************************************************************  00016400
   430*                                                                 00016360
   431     MOVE 'N' TO SEL-SW.                                          00016500
   432     MOVE 'N' TO RPT2-SW.                                         00016510
   433     MOVE FICHE-RECORD  TO  HDG1.                                 00016600
   434     IF HDG1-REPORT NOT = 'ECS045A'                               00016700
   435         GO TO CHECK-REPORT-X.                                    00016800
   436     READ ECS045-FICHE INTO HDG2.                                 00016900
   437     READ ECS045-FICHE INTO HDG3.                                 00017000
   438     READ ECS045-FICHE INTO HDG4.                                 00017100
   439     READ ECS045-FICHE INTO HDG5.                                 00017200
   440     READ ECS045-FICHE INTO HDG6.                                 00017300
   441     READ ECS045-FICHE INTO HDG7.                                 00017400
   442     IF HDG3-COMPANY NOT = SPACES                                 00017500
   443         MOVE HDG3-COMPANY TO SAVE-COMPANY-NAME.                  00017600
   444     IF HDG1-REPORT = 'ECS045A'                                   00017700
   445         PERFORM CHECK-045A.                                      00017800
   446     IF HDG1-REPORT = 'ECS045C'                                   00017900
   447         PERFORM CHECK-045C.                                      00018000
   448     IF SEL-SW = 'Y'                                              00018100
   449         PERFORM WRITE-HEADINGS.                                  00018200
   450 CHECK-REPORT-X.                                                  00018300
   451     EXIT.                                                        00018400
   452                                                                  00018500
* Micro Focus Server Express         V5.1 revision 000 06-Oct-15 17:18 Page  10
* CIRE010F.cbl
   453                                                                  00018600
   454 CHECK-045A SECTION.                                              00018700
   455                                                                  00018800
   456     IF HDG7-PRIME = '150'                                        00020000
   457        IF HDG7-GROUP-A = 'MW-SVS'                                00020100
   458            MOVE 'Y' TO SEL-SW.                                   00020200
   459                                                                  00020300
   460 CHECK-045A-X.                                                    00020700
   461     EXIT.                                                        00020800
   462                                                                  00020900
   463                                                                  00021000
   464 CHECK-045C SECTION.                                              00021100
   465     SET I TO +1.                                                 00021200
   466     SEARCH REINSURANCE-TABLE                                     00021300
   467         WHEN RET-NAME (I) = HDG3-COMPANY NEXT SENTENCE           00021400
   468         WHEN RET-NAME (I) = HIGH-VALUE  GO TO CHECK-045C-X.      00021500
   469     IF RET-COMP (I) = '031' OR '035'                             00021710
   470                    OR '051'                                      00021712
   471                    OR '075' OR '077'                             00021713
   472                    OR '310'                                      00021715
   473                    OR '701' OR '702' OR '703' OR '704' OR '705'  00021716
   474                    OR '850' OR '855'                             00021717
   475                    OR '860' OR '865'                             00021718
   476                    OR '870' OR '875' OR '880'                    00021719
   477                    OR '890'                                      00021720
   478             MOVE 'Y' TO RPT2-SW                                  00021721
   479          ELSE                                                    00021722
   480             MOVE 'N' TO RPT2-SW.                                 00021723
   481     IF RET-COMP (I) = '106'                                      00021730
   482         MOVE 'Y' TO SEL-SW.                                      00021740
   483     IF HDG4-MSG = '* NET OVER-ALL *'                             00021800
   484         MOVE 'Y' TO SEL-SW.                                      00021900
   485 CHECK-045C-X.                                                    00022000
   486     EXIT.                                                        00022100
   487                                                                  00022200
   488                                                                  00022300
   489 WRITE-REPORT SECTION.                                            00022400
   490     ADD 1 TO WORK-LINE-NO.                                       00022500
   491     IF WORK-REPORT = 'ECS045A'                                   00022600
   492      MOVE 1 TO WORK-COPY                                         00022601
   493        PERFORM WRITE-SECOND-SET THRU                             00022610
   494        WRITE-SECOND-SET-EXIT                                     00022620
   495         WRITE REPORT-RECORD FROM WORK-RECORD.                    00022800
   496     IF WORK-REPORT = 'ECS045C'                                   00022900
   497      MOVE 1 TO WORK-COPY                                         00022901
   498        PERFORM WRITE-SECOND-SET THRU                             00022910
   499        WRITE-SECOND-SET-EXIT                                     00022920
   500         WRITE REPORT-RECORD FROM WORK-RECORD                     00023100
   501         MOVE 2 TO WORK-COPY                                      00023200
   502         WRITE REPORT-RECORD FROM WORK-RECORD.                    00023300
   503 WRITE-REPORT-X.                                                  00023400
   504     EXIT.                                                        00023500
   505                                                                  00023600
   506                                                                  00023601
   507 WRITE-SECOND-SET SECTION.                                        00023602
   508                                                                  00023603
   509     IF  RPT2-SW  =  'Y'                                          00023610
   510         WRITE REPORT-RECORD2 FROM WORK-RECORD.                   00023620
* Micro Focus Server Express         V5.1 revision 000 06-Oct-15 17:18 Page  11
* CIRE010F.cbl
   511                                                                  00023621
   512 WRITE-SECOND-SET-EXIT.                                           00023630
   513     EXIT.                                                        00023640
   514                                                                  00023700
   515 WRITE-HEADINGS SECTION.                                          00023800
   516     MOVE SAVE-COMPANY-NAME TO WORK-COMPANY.                      00023900
   517     MOVE HDG1-REPORT       TO WORK-REPORT.                       00024000
   518     MOVE HDG1        TO WORK-LINE.                               00024100
   519     PERFORM WRITE-REPORT.                                        00024200
   520     MOVE HDG2        TO WORK-LINE.                               00024300
   521     PERFORM WRITE-REPORT.                                        00024400
   522     MOVE HDG3        TO WORK-LINE.                               00024500
   523     PERFORM WRITE-REPORT.                                        00024600
   524     MOVE HDG4        TO WORK-LINE.                               00024700
   525     PERFORM WRITE-REPORT.                                        00024800
   526     MOVE HDG5        TO WORK-LINE.                               00024900
   527     PERFORM WRITE-REPORT.                                        00025000
   528     MOVE HDG6        TO WORK-LINE.                               00025100
   529     PERFORM WRITE-REPORT.                                        00025200
   530*  NOTE HDG7 IS STILL IN THE INPUT BUFFER                         00025300
   531 WRITE-HEADINGS-X.                                                00025400
   532     EXIT.                                                        00025500
   533                                                                  00025600
   534                                                                  00025700
   535 INITIALIZATION SECTION.                                          00025800
   536     PERFORM LOAD-REIN-TABLE.                                     00025900
   537     OPEN INPUT  ECS045-FICHE.                                    00026000
   538     OPEN OUTPUT REPORT-FILE                                      00026100
   539                 REPORT-FILE2.                                    00026110
   540 INITIALIZATION-X.                                                00026200
   541     EXIT.                                                        00026300
   542                                                                  00026400
   543                                                                  00026500
   544 LOAD-REIN-TABLE SECTION.                                         00026600
   545     OPEN INPUT REINSURANCE-FILE.                                 00026700
   546     IF SYS014-STATUS NOT = ('00' AND '97')                       00026800
   547         DISPLAY 'OPEN ERROR ON SYS014. RC=' SYS014-STATUS        00026900
   548         GO TO ABEND.                                             00027000
   549 LOAD-REIN-TABLE-010.                                             00027100
   550     READ REINSURANCE-FILE NEXT.                                  00027200
   551     IF SYS014-STATUS = '10'                                      00027300
   552         GO TO LOAD-REIN-TABLE-090.                               00027400
   553     IF SYS014-STATUS NOT = ZERO                                  00027500
   554         DISPLAY 'READ ERROR ON SYS014. RC=' SYS014-STATUS        00027600
   555         GO TO ABEND.                                             00027700
   556     IF NOT RE-COMPANY-RECORD                                     00027800
   557         GO TO LOAD-REIN-TABLE-010.                               00027900
   558     SET I TO +1.                                                 00028000
   559     SEARCH REINSURANCE-TABLE                                     00028100
   560         WHEN RET-COMP (I) = RE-COMP-PRIME                        00028200
   561             MOVE RE-NAME TO RET-NAME (I).                        00028300
   562*            MOVE RE-NAME TO RET-NAME (I)                         00028310
   563*            DISPLAY ' RE-COMP-PRIME = '  RE-COMP-PRIME           00028320
   564*            DISPLAY '       RE-NAME = '  RE-NAME.                00028330
   565     GO TO LOAD-REIN-TABLE-010.                                   00028400
   566 LOAD-REIN-TABLE-090.                                             00028500
   567     CLOSE REINSURANCE-FILE.                                      00028600
   568 LOAD-REIN-TABLE-X.                                               00028700
* Micro Focus Server Express         V5.1 revision 000 06-Oct-15 17:18 Page  12
* CIRE010F.cbl
   569     EXIT.                                                        00028800
   570                                                                  00028900
   571                                                                  00029000
   572 END-OF-JOB SECTION.                                              00029100
   573     CLOSE ECS045-FICHE                                           00029200
   574           REPORT-FILE                                            00029300
   575           REPORT-FILE2.                                          00029310
   576 END-OF-JOB-X.                                                    00029400
   577     EXIT.                                                        00029500
   578                                                                  00029600
   579                                                                  00029700
   580 ABEND SECTION.                                                   00029800
   581     DISPLAY                                                      00029900
   582     'PROGRAM CIRE010 INTENTIONALLY ABENDED WITH A S0C7.'.        00029910
   583     DISPLAY 'SEE ERROR MESSAGE ABOVE.'.                          00030000
   584     MOVE +16 TO RETURN-CODE.                                     00030100
   585     ADD +1 TO S0C7.                                              00030200
   586 ABEND-X.                                                         00030300
   587     EXIT.                                                        00030400
* Micro Focus Server Express         V5.1 revision 000 Compiler
* Copyright (C) Micro Focus IP Development Limited 1984-2012.
*                                                        REF GNR-008065005AF
* Total Messages:     0
* Data:        9352     Code:        2525
