* Micro Focus Server Express         V5.1 revision 000 06-Oct-15 17:18 Page   1
* CIRE011.cbl
* Options: int("CIRE011.int") anim csi verbose NOBOUND PARAMCOUNTCHECK
*          directives(cobopt.bth) endp list("CIRE011.lst")
* Setting: NOACCEPTREFRESH NOADV ALIGN"8" ALPHASTART"1" NOALTER NOAMODE ANIM
*          NOANIMPREP ANS85 APOST NOAREACHECK ARITHMETIC"OSVS" ASSIGN
*          "EXTERNAL" NOASSIGN-PRINTER NOAUTOLOCK NOBELL NOBOUND NOBRIEF
*          NOBS2000 BWZSTAR NOBYTEMODEMOVE CALLFH"ebmlsfile" NOCALLMCS
*          NOCALLRECOVERY CALLSORT"EXTSM" CANCEL CANCELLBR NOCHANGEMESSAGE
*          CHARSET"ASCII" NOCHECKDIV NOCHECKREFMOD NOCICS CICS-CPY
*          NOCICSOPTIMIZE NOCMPR2 NOCOBFSTATCONV NOCOBIDY NOCOBOL370 COBOLDIR
*          NOCOMP COMP-5"2" COMP-6"2" NOCOMS85 CONFIRM NOCONVERTRET CONVSPACE
*          COPYEXT",cbl,cpy" NOCOPYLBR COPYLIST COPYLISTCOMMENT"1" CSI
*          CURRENCY-SIGN"36" CURRENT-DATE"MMDDYY" NODATA DATACOMPRESS"0"
*          NODATA-CONTEXT DATE DBCHECK DBCS"2" NODBCSSOSI DBSPACE DE-EDIT"2"
*          DEFAULTBYTE"32" NODEFAULTCALLS DETECTLOCK NODG DIALECT"MF"
*          NODIRECTIVES-IN-COMMENTS NODOSVS NODPCINSUBSCRIPT DYNAM
*          NOEARLY-RELEASE ECHO NOECHOALL NOEDITOR ENSUITE"0" NOENTCOBOL
*          ERRFORMAT"1" ERRLIST"EMBED" NOERRQ FASTSORT NOFCD3 NOFCDREG
*          NOFDCLEAR NOFILESHARE FILETYPE"0" NOFLAG NOFLAGAS NOFLAGCD
*          NOFLAGEUC NOFLAGMIG NOFLAGQ FLAGSINEDIT NOFLAGSTD NOFOLDCALLNAME
*          NOFOLDCOPYNAME FORM"60" NOFP-ROUNDING NOHOSTARITHMETIC
*          NOHOSTCONTZERO NOHOST-NUMCOMPARE NOHOST-NUMMOVE NOHOSTFD NOHOSTRW
*          NOIBM-MS IBMCOMP IDXFORMAT"0" NOILGEN IMPLICITSCOPE NOINDD
*          INFORETURN"0" NOINITCALL INITPTR INT"CIRE011.int" INTDATE"ANSI"
*          INTLEVEL"2" IOCONV NOISO2002 NOIXNLSKEY NOIXNUMKEY KEEP-INT
*          KEYCHECK KEYCOMPRESS"0" LIBRARIAN"2" NOLINE-COUNT LIST"CIRE011.lst"
*          LISTPATH"" LISTWIDTH"80" LITVAL-SIZE"4" LOCKTYPE"0" NOMAPNAME
*          NOMAXERROR METHODDEFAULT"REFERENCE" MF"15" MFCOMMENT NOMOVELENCHECK
*          NOMS NOMVS NATIVE"ASCII" NONATIVEFLOATINGPOINT NONCHAR
*          NONEWBASENAME NONLS NSYMBOL"DBCS" NOODOOSVS NOODOSLIDE
*          NOOLDBLANKLINE NOOLDCOPY NOOLDINDEX NOOLDNEXTSENTENCE NOOLDREADINTO
*          NOOLDSTRMIX OOCTRL"-C-E-G-P+Q+R-S+W" OPTIONAL-FILE NOOS390 OSEXT""
*          NOOSVS NOOUTDD NOP64 NOPANVALET PERFORM-TYPE"OSVS" NOPREPLIST
*          NOPREPROCESS NOPRINT-EXT NOPROFILE NOPROGID-COMMENT
*          NOPROGID-INT-NAME NOPROTECT-LINKAGE PROTOTYPE"RELAXED" QUAL
*          QUALPROC NOQUERY NOQUOTE NORAWLIST NORDW RECMODE"F" NOREENTRANT
*          NOREF NOREFNO REMAINDER"1" REPORT-LINE"256" RESEQ NORETRYLOCK
*          REWRITE-LS NORM RTNCODE-SIZE"4" NORWHARDPAGE NOSAA SEG NOSEQCHK
*          SEQUENTIAL"RECORD" NOSERIAL SETTING"LINE" NOSHAREOUTDD NOSHOW-DIR
*          SIGN"ASCII" NOSIGNDISCARD NOSIGNFIXUP SORTTYPE"DFSORT" SOURCEFORMAT
*          "FIXED" SOURCETABSTOP"8" NOSPZERO NOSSRANGE STDERR NOSTICKY-LINKAGE
*          NOSTICKY-PERFORM SUPFF SWITCHTYPE"1" SYMBSTART"1" SYSPUNCH"132"
*          TERMPAGE TIME NOTRACE NOTRUNC NOTRUNCCALLNAME NOTRUNCCOPY TRUNCINC
*          "10" UNICODE"NATIVE" VERBOSE VSC2"2" WARNING"1" NOWB NOWB2 NOWB3
*          WEBSERVER"CGI" NOWRITELOCK NOWRITETHRU NOXOPEN NOXREF
*          NOZEROLENGTHFALSE NOZEROSEQ NOZWB
     1 IDENTIFICATION DIVISION.                                         00000100
     2 PROGRAM-ID.    CIRE011.                                          00000200
     3****************************************************************  00000400
     4*  SELECT PRINT LINES FROM THE ECS045 REPORTS.                 *  00000720
     5****************************************************************
     6*                   C H A N G E   L O G
     7*
     8* CHANGES ARE MARKED BY THE CHANGE EFFECTIVE DATE.
     9*-----------------------------------------------------------------
    10*  CHANGE   CHANGE REQUEST PGMR  DESCRIPTION OF CHANGE
    11* EFFECTIVE    NUMBER
    12*-----------------------------------------------------------------
    13* 031104    2000040300006  SMVA  NEW PGM TO SORT ECS045A BY REIN CO.
* Micro Focus Server Express         V5.1 revision 000 06-Oct-15 17:18 Page   2
* CIRE011.cbl
    14******************************************************************
    15                                                                  00000740
    16 ENVIRONMENT DIVISION.                                            00000800
    17 INPUT-OUTPUT SECTION.                                            00000900
    18 FILE-CONTROL.                                                    00001000
    19
    20     SELECT ECS045-FICH-IN         ASSIGN TO SYS010.
    21     SELECT REPORT-OUT             ASSIGN TO SYS015.
    22     SELECT SORT-FILE              ASSIGN TO SORTWK1.
    23                                                                  00002500
    24 DATA DIVISION.                                                   00002600
    25 FILE SECTION.                                                    00002700
    26
    27 FD  ECS045-FICH-IN                                               00003600
    28     RECORDING MODE IS F                                          00003800
    29     BLOCK CONTAINS 0 RECORDS.                                    00004000
    30 01  ECS045-FICH-IN-RECORD.                                       00004100
    31     05  CC                     PIC X(001).
    32     05  FILLER                 PIC X(132).
    33                                                                  00004400
    34
    35 FD  REPORT-OUT
    36     RECORDING MODE IS F                                          00003440
    37     BLOCK CONTAINS 0 RECORDS.                                    00003460
    38 01  REPORT-OUT-RECORD          PIC X(133).
    39                                                                  00003500
    40 SD  SORT-FILE.
    41 01  SORT-RECORD.
    42     05  SORT-KEY               PIC X(054).
    43     05  SORT-RPT-LINE          PIC X(133).
    44                                                                  00003500
    45
    46 WORKING-STORAGE SECTION.                                         00005000
    47                                                                  00005100
    48 01  WORK.                                                        00005200
    49     05  EOF-SW                 PIC X         VALUE 'N'.
    50         88  EOF                              VALUE 'Y'.
    51     05  SEL-SW                 PIC X         VALUE SPACE.
    52     05  S0C7            COMP-3 PIC S9(01)    VALUE ZEROES.
    53
    54 01  WORK-RECORD.                                                 00010200
    55     05  WORK-KEY.                                                00010300
    56         10  WORK-COMPANY       PIC X(030)    VALUE SPACE.        00010400
    57         10  WORK-ACCOUNT       PIC X(010)    VALUE ZERO.         00010500
    58         10  WORK-REPORT        PIC X(007)    VALUE SPACE.        00010600
    59         10  WORK-LINE-NO       PIC 9(007)    VALUE ZERO.         00010700
    60     05  WORK-LINE              PIC X(133)    VALUE SPACE.        00010800
    61                                                                  00010900
    62 01  HDG1.                                                        00011000
    63     05  FILLER                 PIC X(120).                       00011100
    64     05  HDG1-REPORT            PIC X(007).                       00011200
    65     05  FILLER                 PIC X(006).                       00011100
    66                                                                  00010900
    67 01  HDG2                       PIC X(133).                       00011300
    68                                                                  00010900
    69 01  HDG3.                                                        00011400
    70     10  FILLER                 PIC X(001).                       00011500
    71     10  HDG3-MSG               PIC X(015).                       00011600
* Micro Focus Server Express         V5.1 revision 000 06-Oct-15 17:18 Page   3
* CIRE011.cbl
    72     10  FILLER                 PIC X(008).                       00011700
    73     10  HDG3-COMPANY           PIC X(030).                       00011800
    74     10  FILLER                 PIC X(079).                       00011900
    75
    76 01  HDG4.                                                        00012000
    77     10  FILLER                 PIC X(021).                       00012100
    78     10  HDG4-MSG               PIC X(016).                       00012200
    79     10  FILLER                 PIC X(026).                       00012300
    80     10  HDG4-MSG2              PIC X(001).                       00012301
    81     10  FILLER                 PIC X(069).                       00012310
    82
    83 01  HDG5                       PIC X(133).                       00012400
    84
    85 01  HDG6.                                                        00012500
    86     10  FILLER                 PIC X(002).                       00012600
    87     10  HDG6-PRIME             PIC X(003).                       00012700
    88     10  HDG6-TOTAL-HEADING     PIC X(057).                       00012701
    89     10  HDG6-MSG2              PIC X(001).                       00012710
    90     10  FILLER                 PIC X(065).                       00012800
    91
    92 01  HDG7.                                                        00012900
    93     10  FILLER                 PIC X(002).                       00013000
    94     10  HDG7-PRIME             PIC X(003).                       00013100
    95     10  FILLER                 PIC X(032).                       00013200
    96     10  HDG7-ACCT              PIC X(010).                       00013300
    97     10  FILLER                 PIC X(086).                       00013400
    98                                                                  00013500
    99                                                                  00013700
   100 PROCEDURE DIVISION.                                              00013800
   101
   102 0000-MAIN.
   103
   104     PERFORM INITIALIZATION
   105     display 'right before sort'
   106     SORT SORT-FILE ON ASCENDING KEY SORT-KEY
   107         INPUT  PROCEDURE PROCESS-INPUT-FILE THRU 0100-EXIT
   108         OUTPUT PROCEDURE RETURN-SORT THRU 0200-EXIT
   109     display 'end of job'
   110     PERFORM END-OF-JOB
   111
   112     GOBACK
   113                                                                  00014300
   114     .
   115
   116 PROCESS-INPUT-FILE.
   117     display 'into process input file'
   118     PERFORM READ-INPUT-RPT-LINE UNTIL EOF
   119
   120     .
   121 0100-EXIT.
   122     EXIT.
   123
   124 READ-INPUT-RPT-LINE.
   125
   126     READ ECS045-FICH-IN                                          00014600
   127         AT END
   128             MOVE 'Y' TO EOF-SW
   129             GO TO READ-INPUT-RPT-LINE-X
* Micro Focus Server Express         V5.1 revision 000 06-Oct-15 17:18 Page   4
* CIRE011.cbl
   130             DISPLAY 'end of input'
   131     END-READ
   132
   133     IF CC = '1'                                                  00015000
   134         PERFORM CHECK-REPORT
   135     END-IF
   136
   137     IF SEL-SW = 'Y'                                              00015200
   138         MOVE ECS045-FICH-IN-RECORD TO WORK-LINE
   139         PERFORM RELEASE-SORT
   140     END-IF
   141
   142     .
   143 READ-INPUT-RPT-LINE-X.
   144     EXIT.
   145
   146                                                                  00015800
   147 CHECK-REPORT.
   148****************************************************************  00016000
   149*  THIS ROUTINE CHECKS THE HEADING LINES ON EACH PAGE. IT      *  00016100
   150*  SETS SEL-SW TO "Y" IF THE PAGE IS TO BE PRINTED.  IT SETS   *  00016200
   151*  SEL-SW TO "N" IF THE PAGE IN NOT TO BE PRINTED.             *  00016300
   152*                                                              *  00016310
   153*  N O T E                                                     *  00016320
   154*  -------                                                     *  00016330
   155*  IF LOGIC CHANGES THE LAYOUT OF THE REPORT HEADINGS, THIS    *  00016340
   156*    PROGRAM WILL NO LONGER WORK.                              *  00016350
   157*  THE LAYOUT MUST REMAIN AS IT IS NOW!!!                      *  00016360
   158*             ==== ====== == == == ===                         *  00016370
   159*                                                              *  00016390
   160****************************************************************  00016400
   161
   162     MOVE ECS045-FICH-IN-RECORD  TO  HDG1
   163     IF HDG1-REPORT = 'ECS045A'
   164         MOVE 'Y' TO SEL-SW
   165     ELSE
   166         MOVE 'N' TO SEL-SW
   167         GO TO CHECK-REPORT-X
   168     END-IF
   169
   170     READ ECS045-FICH-IN INTO HDG2
   171     READ ECS045-FICH-IN INTO HDG3
   172     READ ECS045-FICH-IN INTO HDG4
   173     READ ECS045-FICH-IN INTO HDG5
   174     READ ECS045-FICH-IN INTO HDG6
   175     READ ECS045-FICH-IN INTO HDG7
   176
   177     PERFORM WRITE-HEADINGS
   178
   179     .
   180 CHECK-REPORT-X.                                                  00018300
   181     EXIT.                                                        00018400
   182                                                                  00018500
   183                                                                  00018600
   184 RELEASE-SORT.
   185                                                                  00022410
   186     ADD +1 TO WORK-LINE-NO
   187                                                                  00022510
* Micro Focus Server Express         V5.1 revision 000 06-Oct-15 17:18 Page   5
* CIRE011.cbl
   188     IF WORK-REPORT = 'ECS045A' OR 'ECS045A '                     00022600
   189         RELEASE SORT-RECORD FROM WORK-RECORD
   190     END-IF
   191
   192     .
   193 RELEASE-SORT-X.                                                  00023400
   194     EXIT.                                                        00023500
   195                                                                  00023600
   196
   197 WRITE-HEADINGS.
   198
   199     MOVE HDG3-COMPANY      TO WORK-COMPANY
   200     MOVE HDG7-ACCT         TO WORK-ACCOUNT
   201     MOVE HDG1-REPORT       TO WORK-REPORT
   202     MOVE HDG1              TO WORK-LINE
   203     PERFORM RELEASE-SORT
   204
   205     MOVE HDG2              TO WORK-LINE
   206     PERFORM RELEASE-SORT
   207
   208     MOVE HDG3              TO WORK-LINE
   209     PERFORM RELEASE-SORT
   210
   211     MOVE HDG4              TO WORK-LINE
   212     PERFORM RELEASE-SORT
   213
   214     MOVE HDG5              TO WORK-LINE
   215     PERFORM RELEASE-SORT
   216
   217     MOVE HDG6              TO WORK-LINE
   218     PERFORM RELEASE-SORT
   219
   220     .
   221 WRITE-HEADINGS-X.                                                00025400
   222     EXIT.                                                        00025500
   223                                                                  00025600
   224 RETURN-SORT.
   225
   226     display 'into return sort '
   227     MOVE 'N'               TO EOF-SW
   228     PERFORM PRINT-RPT-LINE THRU PRINT-RPT-LINE-X
   229         UNTIL EOF
   230     display 'about to exit 0200 output procedure'
   231
   232     .
   233 0200-EXIT.
   234     EXIT.
   235
   236 PRINT-RPT-LINE.
   237     display 'into print rpt line'
   238     RETURN SORT-FILE
   239         AT END SET EOF TO TRUE
   240                display 'at end of return sort'
   241                GO TO PRINT-RPT-LINE-X
   242     END-RETURN
   243     display 'after return'
   244     MOVE SORT-RPT-LINE         TO REPORT-OUT-RECORD
   245     WRITE REPORT-OUT-RECORD
* Micro Focus Server Express         V5.1 revision 000 06-Oct-15 17:18 Page   6
* CIRE011.cbl
   246
   247     .
   248 PRINT-RPT-LINE-X.
   249     EXIT.
   250                                                                  00025700
   251 INITIALIZATION.
   252
   253     OPEN INPUT  ECS045-FICH-IN
   254          OUTPUT REPORT-OUT                                       00026100
   255
   256     .
   257 INITIALIZATION-X.                                                00026200
   258     EXIT.                                                        00026300
   259                                                                  00026400
   260 END-OF-JOB.
   261
   262     CLOSE ECS045-FICH-IN                                         00029200
   263           REPORT-OUT
   264
   265     .
   266 END-OF-JOB-X.                                                    00029400
   267     EXIT.                                                        00029500
   268                                                                  00029600
   269                                                                  00029700
   270 ABEND SECTION.                                                   00029800
   271
   272     DISPLAY 'PROGRAM CIRE011 ABENDED '
   273     MOVE +16 TO RETURN-CODE
   274     ADD +1 TO S0C7
   275
   276     .
   277 ABEND-X.                                                         00030300
   278     EXIT.                                                        00030400
* Micro Focus Server Express         V5.1 revision 000 Compiler
* Copyright (C) Micro Focus IP Development Limited 1984-2012.
*                                                        REF GNR-008065005AF
* Total Messages:     0
* Data:        3504     Code:        1842
