Error detected during cob of ECS026.cbl.cbl
Error detected during cob of ECS026.cbl
Error detected during cob of ECS026.cbl
Error detected during cob of ECS026.cbl
Error detected during cob of ECS026.cbl
Error detected during cob of ECS026.cbl
Error detected during cob of ECS026.cbl
Error detected during cob of ECS026.cbl
Error detected during cob of ECS037.cbl
Error detected during cob of ECS037.cbl
Error detected during cob of ECS050.cbl
Error detected during cob of ECS150.cbl
Compile completed for ECS010.cbl
Compile completed for ECS010.cbl
Compile completed for ECS010.cbl
Compile completed for ECS010.cbl
Compile completed for ECS010.cbl
Compile completed for ECS010.cbl
Compile completed for ECS010.cbl
Compile completed for ECS026.cbl
Compile completed for ECS026.cbl
Compile completed for ECS026.cbl
Compile completed for ECS026.cbl
Compile completed for ECS026.cbl
Compile completed for ECS050.cbl
Compile completed for EL583.cbl
Compile completed for EL586.cbl
Compile completed for EL585.cbl
Compile completed for EL586.cbl
Compile completed for EL585.cbl
Compile completed for EL586.cbl
Compile completed for EL585.cbl
Compile completed for EL586.cbl
Compile completed for CIIMNET.cbl
Compile completed for EL583.cbl
Compile completed for CIB007.cbl
Compile completed for CIB010.cbl
Compile completed for EL310.cbl
Error detected during cob of CIB010.cbl
Compile completed for CIB010.cbl
Compile completed for EL586.cbl
Compile completed for CIB010.cbl
Compile completed for EL583.cbl
Compile completed for EL585.cbl
Compile completed for EL585.cbl
Compile completed for EL586.cbl
Compile completed for EL583.cbl
Compile completed for EL585.cbl
Compile completed for EL586.cbl
Compile completed for FNB164.cbl
Compile completed for EL530.cbl
Compile completed for EL530.cbl
Compile completed for EL530.cbl
Compile completed for EL583.cbl
Compile completed for CIB007.cbl
Compile completed for FNB184.cbl
Compile completed for CIIMNET.cbl
Compile completed for AGEB16.cbl
Compile completed for CIB007.cbl
Compile completed for CIZBFMT.cbl
Compile completed for FNB183.cbl
Compile completed for FNB070.cbl
Compile completed for FNB070.cbl
Compile completed for FNB183.cbl
Compile completed for FNB183.cbl
Compile completed for FNB070.cbl
Compile completed for FNB183.cbl
Compile completed for FNB076.cbl
Compile completed for FNB076.cbl
Compile completed for ECS034.cbl
Compile completed for ECS034.cbl
Error detected during cob of EL590.cbl
Error detected during cob of EL590.cbl
Compile completed for EL590.cbl
Compile completed for EL590.cbl
Compile completed for ELEXTR1.cbl
Error detected during cob of CIAPEXT.cbl
Compile completed for CIAPEXT.cbl
Compile completed for EL588.cbl
Error detected during cob of FNB070t.cbl
Error detected during cob of FNB070t.cbl
Error detected during cob of FNB070t.cbl
Error detected during cob of FNB070t.cbl
Error detected during cob of FNB070t.cbl
Error detected during cob of FNB070t.cbl
Error detected during cob of FNB070t.cbl
Error detected during cob of FNB070t.cbl
Compile completed for FNB070t.cbl
Error detected during cob of FNB183t.cbl
Error detected during cob of FNB183t.cbl
Compile completed for FNB183t.cbl
Compile completed for FNB183t.cbl
Compile completed for FNB070t.cbl
Compile completed for FNB070t.cbl
Compile completed for FNB183t.cbl
Compile completed for FNB183t.cbl
Compile completed for FNB183t.cbl
Error detected during cob of FNB183t.cbl
Error detected during cob of FNB183t.cbl
Compile completed for FNB183t.cbl
Compile completed for FNB183t.cbl
Compile completed for CICO511.cbl
Compile completed for CIRE010.cbl
Compile completed for CIRE010.cbl
Compile completed for CIRE010Y.cbl
Compile completed for CIRE010Y.cbl
Compile completed for FNB183.cbl
Compile completed for FNB070.cbl
Compile completed for FNB183.cbl
Compile completed for FNB070.cbl
Compile completed for FNB183.cbl
Compile completed for FNB070.cbl
Error detected during cob of FNB183t.cbl
Error detected during cob of FNB183t.cbl
Error detected during cob of FNB183t.cbl
Compile completed for FNB183t.cbl
Error detected during cob of FNB070t.cbl
Compile completed for FNB070t.cbl
Compile completed for FNB183t.cbl
Compile completed for FNB183t.cbl
Compile completed for FNB183t.cbl
Compile completed for FNB183t.cbl
Compile completed for FNB183t.cbl
Compile completed for EL311t.cbl
Compile completed for FNB183t.cbl
Compile completed for FNB183t.cbl
Compile completed for FNB183t.cbl
Error detected during cob of FNB183t.cbl
Compile completed for FNB183t.cbl
Compile completed for FNB183t.cbl
Compile completed for FNB183t.cbl
Compile completed for FNB183.cbl
Compile completed for FNB183.cbl
Compile completed for FNB070.cbl
Compile completed for EL585.cbl
Compile completed for CIZB511.cbl
Compile completed for CIZB511.cbl
Compile completed for CIZB511.cbl
Compile completed for CIDRE010.cbl
Compile completed for ECS036.cbl
Error detected during cob of FNB166T.cbl
Compile completed for ECS026T.cbl
Compile completed for EL310T.cbl
Error detected during cob of EL310T2.cbl
Error detected during cob of EL310T2.cbl
Compile completed for EL310T2.cbl
Compile completed for EL585.cbl
Compile completed for EL585.cbl
Compile completed for EL585.cbl
Compile completed for EL585T.cbl
Compile completed for EL585T.cbl
Compile completed for EL585T.cbl
Compile completed for EL585T.cbl
Compile completed for EL585MT.cbl
Compile completed for EL585T.cbl
Compile completed for EL585MT.cbl
Error detected during cob of EL586T.cbl
Error detected during cob of EL586T.cbl
Error detected during cob of EL586T.cbl
Compile completed for EL586T.cbl
Compile completed for EL586T.cbl
Compile completed for EL586T.cbl
Compile completed for EL586T.cbl
Compile completed for EL586T.cbl
Compile completed for EL586T.cbl
Compile completed for EL586T.cbl
Compile completed for EL586T.cbl
Compile completed for EL586T.cbl
Compile completed for EL586T.cbl
Compile completed for EL586T.cbl
Compile completed for EL586T.cbl
Compile completed for EL586T.cbl
Compile completed for EL587T.cbl
Compile completed for EL588T.cbl
Error detected during cob of EL586T.cbl
Error detected during cob of EL586T.cbl
Compile completed for EL586T.cbl
Compile completed for EL586T.cbl
Compile completed for EL588T.cbl
Compile completed for EL589T.cbl
Compile completed for LGCIFCET.cbl
Error detected during cob of EL317T.cbl
Error detected during cob of EL317T.cbl
Compile completed for EL317T.cbl
Compile completed for EL317T.cbl
Compile completed for EL317T.cbl
Error detected during cob of EL317T.cbl
Error detected during cob of EL317T.cb
Compile completed for EL317T.cbl
Compile completed for EL317T.cbl
Compile completed for EL317T.cbl
Compile completed for EL317T.cbl
Compile completed for EL317T.cbl
Compile completed for EL317T.cbl
Compile completed for EL322T.cbl
Compile completed for EL3241T.cbl
Error detected during cob of EL325T.cbl
Compile completed for EL325T.cbl
Compile completed for EL327T.cbl
Error detected during cob of EL344T.cbl
Compile completed for EL344T.cbl
Compile completed for EL350T.cbl
Compile completed for EL351T.cbl
Error detected during cob of EL587T.cbl
Compile completed for EL587T.cbl
Compile completed for EL587T.cbl
Error detected during cob of EL587T.cbl
Compile completed for EL587T.cbl
Compile completed for EL3241.cbl
Error detected during cob of EL159.cbl
Compile completed for ECS159.cbl
Compile completed for EL3241T.cbl
Compile completed for EL586T.cbl
Compile completed for EL586T.cbl
Compile completed for EL586T.cbl
Compile completed for EL586T.cbl
Compile completed for EL586T.cbl
Compile completed for EL588T.cbl
Compile completed for EL588T.cbl
Compile completed for EL588T.cbl
Compile completed for EL588T.cbl
Compile completed for EL588T.cbl
Compile completed for EL588T.cbl
Compile completed for EL327T.cbl
Compile completed for EL588T.cbl
Error detected during cob of EL350T.cbl
Compile completed for EL350T.cbl
Error detected during cob of FIXMICR.cbl
Compile completed for FIXMICR.cbl
Compile completed for FIXMICR.cbl
Compile completed for FIXCIB0.cbl
Compile completed for FIXCIB0.cbl
Error detected during cob of ELLDRCN.cbl
Error detected during cob of ELLDRCN.cbl
Error detected during cob of ELLDRCN.cbl
Error detected during cob of ELLDRCN.cbl
Compile completed for ELLDRCN.cbl
Compile completed for ELLDRCN.cbl
Error detected during cob of ELLDRCN.cbl
Compile completed for ELLDRCN.cbl
Compile completed for ELLDRCN.cbl
Compile completed for ELLDRCN.cbl
Compile completed for ELLDRCN.cbl
Compile completed for ELLDRCN.cbl
Compile completed for ELLDRCN.cbl
Compile completed for ELLDRCN.cbl
Compile completed for ELLDRCN.cbl
Compile completed for ELLDRCN.cbl
Compile completed for ELLDRCN.cbl
Compile completed for ELLDRCN.cbl
Compile completed for ELLDRCN.cbl
Compile completed for ECS036.cbl
Compile completed for ECS036.cbl
Compile completed for ECS036.cbl
Compile completed for LGCIFCET.cbl
Compile completed for EL310T2.cbl
Compile completed for EL325T.cbl
Compile completed for LGCIFCET.cbl
Compile completed for EL300T.cbl
Compile completed for EL300T.cbl
Compile completed for EL300T.cbl
Compile completed for EL300T.cbl
Compile completed for EL300T.cbl
Compile completed for EL300T.cbl
Compile completed for EL300T.cbl
Compile completed for EL317T.cbl
Compile completed for EL322T.cbl
Compile completed for EL325T.cbl
Compile completed for EL327T.cbl
Error detected during cob of EL344T.cbl
Error detected during cob of EL344T.cbl
Compile completed for EL344T.cbl
Compile completed for EL350T.cbl
Compile completed for EL585MT.cbl
Compile completed for EL585T.cbl
Compile completed for EL586T.cbl
Compile completed for EL587T.cbl
Compile completed for EL588T.cbl
Compile completed for EL589T.cbl
Compile completed for LGCIFCET.cbl
Compile completed for EL317T.cbl
Compile completed for EL589T.cbl
Compile completed for FNB184.cbl
Compile completed for FNB184T.cbl
Error detected during cob of EL524T.cbl
Error detected during cob of EL524T.cbl
Compile completed for EL524T.cbl
Error detected during cob of FNB184.cbl
Compile completed for FNB184.cbl
Error detected during cob of FNB221.cbl
Error detected during cob of FNB221.cbl
Error detected during cob of FNB221.cbl
Error detected during cob of FNB221.cbl
Error detected during cob of FNB221.cbl
Error detected during cob of FNB221.cbl
Compile completed for FNB221.cbl
Compile completed for FNB221.cbl
Error detected during cob of FNB221.cbl
Compile completed for FNB221.cbl
Compile completed for FNB221.cbl
Compile completed for FNB221.cbl
Error detected during cob of FNB221.cbl
Error detected during cob of FNB221.cbl
Compile completed for FNB221.cbl
Compile completed for FNB221.cbl
Compile completed for FNB221.cbl
Compile completed for FNB221.cbl
Compile completed for FNB221.cbl
Compile completed for FNB221.cbl
Compile completed for FNB221.cbl
Compile completed for FNB221.cbl
Compile completed for EL539P.cbl
Compile completed for EL539P.cbl
Compile completed for EL539P.cbl
Compile completed for EL539P.cbl
Compile completed for FNB221.cbl
Compile completed for FNB221.cbl
Compile completed for EL521T.cbl
Compile completed for EL521F.cbl
Error detected during cob of EL329.cbl
Error detected during cob of EL329.cbl
Error detected during cob of EL329.cbl
Compile completed for EL329.cbl
Compile completed for EL329.cbl
Compile completed for EL349.cbl
Compile completed for EL349.cbl
Compile completed for ECS021T1.cbl
Compile completed for ECS021T2.cbl
Compile completed for ECS021T3.cbl
Compile completed for ECS021T4.cbl
Compile completed for ECS021T5.cbl
Compile completed for ECS021T6.cbl
Compile completed for ECS021.cbl
Error detected during cob of ELCRIT.cbl
Error detected during cob of ELCRIT.cbl
Error detected during cob of ELCRIT.cbl
Compile completed for ELCRIT.cbl
Compile completed for ELCRIT.cbl
Compile completed for ELCRIT.cbl
Compile completed for ELCRIT.cbl
Compile completed for ELCRIT.cbl
Compile completed for ELCRIT.cbl
Error detected during cob of ELCRIT.cbl
Error detected during cob of ELCRIT.cbl
Compile completed for ELCRIT.cbl
Compile completed for ELCRIT.cbl
Error detected during cob of ECS057.cbl
Error detected during cob of ECS057.cbl
Error detected during cob of ECS057.cbl
Error detected during cob of ECS057.cbl
Error detected during cob of ECS057.cbl
Error detected during cob of ECS057.cbl
Compile completed for ECS057.cbl
Compile completed for ECS057.cbl
Compile completed for ECS057.cbl
Compile completed for ECS057.cbl
Error detected during cob of ECS057.cbl
Compile completed for ECS057.cbl
Compile completed for ECS057.cbl
Compile completed for ECS057.cbl
Compile completed for ECS057.cbl
Error detected during cob of ECS057.cb
Compile completed for ECS057.cbl
Compile completed for ECS057.cbl
Error detected during cob of ECS057.cbl
Error detected during cob of ECS057.cbl
Compile completed for ECS057.cbl
Compile completed for ECS057.cbl
Compile completed for ECS057.cbl
Error detected during cob of ECS057.cbl
Compile completed for ECS057.cbl
Compile completed for ECS057.cbl
Compile completed for ECS057.cbl
Error detected during cob of ECS057.cbl
Compile completed for ECS057.cbl
Compile completed for ECS057.cbl
Compile completed for ECS057.cbl
Error detected during cob of ECS057.cbl
Compile completed for ECS057.cbl
Compile completed for ECS057.cbl
Compile completed for ECS057.cbl
Error detected during cob of ECS057.cbl
Compile completed for ECS057.cbl
Compile completed for ECS057.cbl
Compile completed for ECS057.cbl
Compile completed for ECS057.cbl
Compile completed for ECS057.cbl
Compile completed for ECS057.cbl
Error detected during cob of ECS057.cbl
Error detected during cob of ECS057.cbl
Error detected during cob of ECS057.cbl
Compile completed for ECS057.cbl
Compile completed for ECS057.cbl
Compile completed for ECS057.cbl
Compile completed for ECS057.cbl
Compile completed for ECS057.cbl
Compile completed for ECS057.cbl
Compile completed for ECS057.cbl
Compile completed for ECS057.cbl
Compile completed for ECS057.cbl
Error detected during cob of ECS057.cbl
Error detected during cob of ECS057.cbl
Error detected during cob of ECS057.cbl
Error detected during cob of ECS057.cbl
Compile completed for ECS057.cbl
Compile completed for ECS057.cbl
Compile completed for EL539P.cbl
Compile completed for EL539P.cbl
Compile completed for EL539P.cbl
Compile completed for ECS057.cbl
Compile completed for EL539P.cbl
Compile completed for EL539P.cbl
Compile completed for EL539P.cbl
Compile completed for ECS057.cbl
Compile completed for ECS057.cbl
Compile completed for ECS057.cbl
Compile completed for ECS057.cbl
Compile completed for ECS057.cbl
Compile completed for ECS057.cbl
Compile completed for ECS057.cbl
Compile completed for ECS057.cbl
Compile completed for ECS057.cbl
Compile completed for ECS057.cbl
Error detected during cob of ECS057.cbl
Compile completed for ECS057.cbl
Compile completed for ECS057.cbl
Compile completed for ECS057.cbl
Compile completed for ECS057.cbl
Compile completed for ECS057.cbl
Compile completed for ECS057.cbl
Compile completed for ECS057.cbl
Compile completed for ECS057.cbl
Compile completed for ECS057.cbl
Compile completed for ECS057.cbl
Compile completed for ECS057.cbl
Compile completed for ECS057.cbl
Compile completed for EPECFX1.cbl
Compile completed for EL329.cbl
Compile completed for FNB221.cbl
Compile completed for EL329.cbl
Compile completed for ECS010T.cbl
Error detected during cob of SALCLMS.cbl
Compile completed for SALCLMS.cbl
Compile completed for SALCLMS.cbl
Compile completed for EL539F.cbl
Compile completed for EL539F.cbl
Compile completed for CIB008.cbl
Error detected during cob of FIXCERT.cbl
Compile completed for FIXCERT.cbl
Compile completed for FIXCERT.cbl
Compile completed for FIXCERT.cbl
Compile completed for FIXCERT.cbl
Compile completed for SALCLMS.cbl
Compile completed for FNB165.cbl
Compile completed for SALCLMS.cbl
Error detected during cob of SALHST.cbl
Error detected during cob of SALHST.cbl
Compile completed for SALHST.cbl
Compile completed for SALHST.cbl
Compile completed for SALCLMS.cbl
Compile completed for SALCLMS.cbl
Compile completed for SALCLMS.cbl
Compile completed for SALCLMS.cbl
Compile completed for SALCLMS.cbl
Compile completed for SALCLMS.cbl
Compile completed for SALCLMS.cbl
Compile completed for SALCLMS.cbl
Error detected during cob of SALCLMS.cbl
Compile completed for SALCLMS.cbl
Compile completed for SALCLMS.cbl
Compile completed for SALCLMS.cbl
Compile completed for SALCLMS.cbl
Compile completed for SALCLMS.cbl
Compile completed for SALCLMS.cbl
Compile completed for SALCLMS.cbl
Compile completed for SALCLMS.cbl
Compile completed for SALCLMS.cbl
Compile completed for SALCLMS.cbl
Compile completed for SALCLMS.cbl
Compile completed for SALCLMS.cbl
Compile completed for SALCLMS.cbl
Compile completed for SALCLMS.cbl
Compile completed for SALCLMS.cbl
Compile completed for FNB170.cbl
Compile completed for EL311T.cbl
Compile completed for EL311T.cbl
Compile completed for EL587S.cbl
Compile completed for EL589S.cbl
Compile completed for EL587S.cbl
Compile completed for EL589S.cbl
Compile completed for ECS016.cbl
Compile completed for FNB183T.cbl
Compile completed for EL317.cbl
Compile completed for FNB170.cbl
Compile completed for FNB170.cbl
Compile completed for FNB183T.cbl
Compile completed for EL590.cbl
Error detected during cob of PEMDEX2.cbl
Compile completed for PEMDEX2.cbl
Compile completed for PEMDEX2.cbl
Error detected during cob of PEMDEX2.cbl
Compile completed for PEMDEX2.cbl
Compile completed for PEMDEX2.cbl
Compile completed for PEMDEX2.cbl
Compile completed for CIB007.cbl
Compile completed for CIB007.cbl
Compile completed for CIB007.cbl
Compile completed for CIB007.cbl
Compile completed for CIB007.cbl
Compile completed for EL509T.cbl
Compile completed for EL586TST.cbl
Compile completed for EL586TST.cbl
Compile completed for PEMDEX2.cbl
Compile completed for EL586.cbl
Compile completed for ECS015.cbl
Error detected during cob of ECS015.cbl
Compile completed for ECS015.cbl
Compile completed for EL310T2.cbl
Compile completed for ECS015.cbl
Compile completed for PEMDEX2.cbl
Compile completed for PEMDEX2.cbl
Compile completed for PEMDEX2.cbl
Compile completed for PEMDEX2.cbl
Compile completed for EL310.cbl
Compile completed for PEMDEX2.cbl
Error detected during cob of PEMDEX2.cbl
Compile completed for PEMDEX2.cbl
Error detected during cob of PEMDEX2.cbl
Error detected during cob of PEMDEX2.cbl
Compile completed for PEMDEX2.cbl
Compile completed for PEMDEX2.cbl
Compile completed for PEMDEX2.cbl
Compile completed for PEMDEX2.cbl
Compile completed for PEMDEX2.cbl
Compile completed for PEMDEX2.cbl
Compile completed for PEMDEX2.cbl
Compile completed for PEMDEX2.cbl
Compile completed for CIDMCX1.cbl
Compile completed for CIDDEX1.cbl
Compile completed for EL587.cbl
Compile completed for EL587.cbl
Compile completed for EL539F.cbl
Compile completed for ECS084.cbl
Compile completed for ECS084.cbl
Compile completed for ECS084.cbl
Compile completed for ECS084.cbl
Compile completed for ECS082.cbl
Compile completed for ECS082.cbl
Compile completed for ECS084.cbl
Compile completed for ECS082.cbl
Compile completed for ECS084.cbl
Compile completed for ECS082.cbl
Compile completed for CIPA020.cbl
Compile completed for EL582P.cbl
Compile completed for EL311.cbl
Compile completed for FNB183.cbl
Compile completed for ECS036.cbl
Compile completed for ECS036.cbl
Compile completed for ECS036.cbl
Compile completed for ECS036.cbl
Compile completed for ECS036.cbl
Error detected during cob of ECS036.cbl
Compile completed for ECS036.cbl
Compile completed for ECS036.cbl
Compile completed for EL310.cbl
Compile completed for EL317RR.cbl
Compile completed for EL521F.cbl
Error detected during cob of CIB010T.cbl
Compile completed for CIB010T.cbl
Compile completed for CIDMCX1T.cbl
Compile completed for ECS036.cbl
Compile completed for ECS036.cbl
Error detected during cob of CIB010.cbl
Compile completed for CIB010.cbl
Compile completed for CIDMCX1.cbl
Compile completed for CIDMCX1.cbl
Compile completed for CIB010.cbl
Compile completed for ECS036.cbl
Compile completed for ECS036.cbl
Compile completed for ECS036.cbl
Compile completed for CIDMCX1.cbl
Compile completed for CIB010.cbl
Compile completed for CIB010.cbl
Compile completed for CIB010.cbl
Error detected during cob of CIB010T.cbl
Error detected during cob of CIB010T.cbl
Error detected during cob of CIB010T.cbl
Error detected during cob of CIB010T.cbl
Error detected during cob of CIB010T.cbl
Compile completed for CIB010T.cbl
Compile completed for EL3241.cbl
Error detected during cob of EL583.cbl
Compile completed for EL583.cbl
Error detected during cob of EL585.cbl
Compile completed for EL585.cbl
Compile completed for EL586.cbl
Compile completed for EL585.cbl
Compile completed for EL583.cbl
Compile completed for EL585.cbl
Error detected during cob of EL586.cbl
Compile completed for EL586.cbl
Compile completed for EL539F.cbl
Compile completed for EL539F.cbl
Compile completed for EL539F.cbl
Compile completed for CIB010T.cbl
Compile completed for CIB010.cbl
Compile completed for EL344.cbl
Compile completed for EL344.cbl
Error detected during cob of EL344.cbl
Compile completed for EL344.cbl
Compile completed for EL585.cbl
Error detected during cob of CIIMNET.cbl
Error detected during cob of CIIMNET.cbl
Error detected during cob of CIIMNET.cbl
Compile completed for CIIMNET.cbl
Compile completed for CIDDEX1.cbl
Compile completed for CIDDEX1.cbl
Compile completed for PEMGRX1.cbl
Compile completed for PEMGRX1.cbl
Compile completed for CIDDEX1.cbl
Compile completed for PEMGRX1.cbl
Compile completed for FNB170.cbl
Compile completed for FNB170.cbl
Compile completed for FNB170.cbl
Compile completed for FNB170.cbl
Compile completed for FNB170.cbl
Compile completed for FNB170.cbl
Compile completed for FNB170.cbl
Compile completed for FNB170.cbl
Compile completed for CIB010.cbl
Error detected during cob of ECS036.cbl
Compile completed for ECS036.cbl
Error detected during cob of ECS036.cbl
Compile completed for ECS036.cbl
Compile completed for ECS036.cbl
Error detected during cob of CIDRTX1.cbl
Compile completed for CIDRTX1.cbl
Error detected during cob of CIP
Compile completed for CIPA020.cbl
Compile completed for EL327.cbl
Compile completed for CIPA010.cbl
Compile completed for CIB010.cbl
Compile completed for ECS036.cbl
Compile completed for ECS036.cbl
Compile completed for CIB010.cbl
Compile completed for CIB010.cbl
Compile completed for CIB010.cbl
Compile completed for CIB010.cbl
Compile completed for CIB010.cbl
Error detected during cob of CIDBEX1.cbl
Error detected during cob of CIDBEX1.cbl
Error detected during cob of CIDBEX1.cbl
Error detected during cob of CIDBEX1.cbl
Error detected during cob of CIDBEX1.cbl
Compile completed for CIDBEX1.cbl
Compile completed for CIDBEX1.cbl
Compile completed for CIDBEX1.cbl
Compile completed for CIDBEX1.cbl
Compile completed for CIDBEX1.cbl
Compile completed for CIDBEX1.cbl
Compile completed for CIDBEX1.cbl
Compile completed for CIDBEX1.cbl
Compile completed for CIDBEX1.cbl
Error detected during cob of CIDBEX1.cbl
Compile completed for CIDBEX1.cbl
Compile completed for CIDBEX1.cbl
Error detected during cob of CIDBEX1.cbl
Compile completed for CIDBEX1.cbl
Compile completed for CIDBEX1.cbl
Compile completed for CIDBEX1.cbl
Error detected during cob of CIDBEX1.cbl
Compile completed for CIDBEX1.cbl
Compile completed for CIDBEX1.cbl
Compile completed for CIDBEX2.cbl
Error detected during cob of CIDBEX1.cbl
Compile completed for CIB010.cbl
Error detected during cob of CIDBEX1.cbl
Compile completed for CIDBEX1.cbl
Error detected during cob of EL360.cbl
Error detected during cob of EL360.cbl
Error detected during cob of EL360.cbl
Error detected during cob of EL360.cbl
Compile completed for EL589.cbl
Error detected during cob of EL360.cbl
Error detected during cob of EL360.cbl
Error detected during cob of EL360.cbl
Error detected during cob of EL360.cbl
Error detected during cob of EL360.cbl
Error detected during cob of EL360.cbl
Error detected during cob of EL360.cbl
Error detected during cob of EL360.cbl
Compile completed for EL585.cbl
Error detected during cob of EL360.cbl
Error detected during cob of EL360.cbl
Error detected during cob of EL360.cbl
Error detected during cob of EL360.cbl
Error detected during cob of EL360.cbl
Error detected during cob of EL360.cbl
Compile completed for EL585.cbl
Error detected during cob of EL360.cbl
Error detected during cob of EL360.cbl
Error detected during cob of EL360.cbl
Error detected during cob of EL360.cbl
Compile completed for EL360.cbl
Compile completed for EL360.cbl
Compile completed for CIDDEX1.cbl
Compile completed for CIDDEX1.cbl
Error detected during cob of PEMCLX1.cbl
Error detected during cob of PEMCLX1.cbl
Error detected during cob of PEMCLX1.cbl
Compile completed for PEMCLX1.cbl
Compile completed for EL360.cbl
Compile completed for EL360.cbl
Compile completed for EL360.cbl
Compile completed for EL360.cbl
Compile completed for CIB010.cbl
Compile completed for CIB010.cbl
Compile completed for CIB010.cbl
Error detected during cob of CIRE010.cbl
Compile completed for CIRE010.cbl
Compile completed for CIB010.cbl
Compile completed for CIB010.cbl
Compile completed for CIRE010Y.cbl
Compile completed for CIDDEX1.cbl
Error detected during cob of CIDDEX1.cbl
Compile completed for CIDDEX1.cbl
Compile completed for CIDDEX1.cbl
Compile completed for CIDDEX1.cbl
Compile completed for CIDDEX1.cbl
Compile completed for EL585M.cbl
Error detected during cob of EL539.cbl
Compile completed for EL539.cbl
Compile completed for FNB170.cbl
Compile completed for ECS021.cbl
Compile completed for ECS021.cbl
Compile completed for EL325.cbl
Compile completed for EL587.cbl
Compile completed for EL538.cbl
Compile completed for EL538.cbl
Compile completed for EL538.cbl
Compile completed for EL539F.cbl
Compile completed for EL539F.cbl
Compile completed for FNB167.cbl
Error detected during cob of EL549.cbl
Error detected during cob of EL549.cbl
Error detected during cob of EL549.cbl
Compile completed for EL549.cbl
Compile completed for EL549.cbl
Compile completed for EL549.cbl
Compile completed for PEMCMX1.cbl
Compile completed for PEMCOX1.cbl
Compile completed for EL549.cbl
Compile completed for PEMCMX1.cbl
Error detected during cob of ECS082.cbl
Compile completed for ECS082.cbl
Compile completed for ECS082.cbl
Compile completed for EL562.cbl
Compile completed for EL562.cbl
Error detected during cob of CERTQRY.cbl
Error detected during cob of CERTQRY.cbl
Error detected during cob of CERTQRY.cbl
Compile completed for CERTQRY.cbl
Compile completed for EL539SF.cbl
Compile completed for CERTQRY.cbl
Compile completed for CERTQRY.cbl
Compile completed for CERTQRY.cbl
Error detected during cob of CERTQRY.cbl
Error detected during cob of CERTQRY.cbl
Compile completed for CERTQRY.cbl
Compile completed for CERTQRY.cbl
Compile completed for CIDDEX1.cbl
Error detected during cob of CIDDEX1.cbl
Error detected during cob of CIDDEX1.cbl
Error detected during cob of CIDDEX1.cbl
Error detected during cob of CIDDEX1.cbl
Error detected during cob of CIDDEX1.cbl
Compile completed for CIDDEX1.cbl
Compile completed for CIDDEX1.cbl
Error detected during cob of EL3241.cbl
Compile completed for EL3241.cbl
Compile completed for EL3241.cbl
Error detected during cob of CIRE011.cbl
Compile completed for CIRE011.cbl
Error detected during cob of CIRE011.cbl
Error detected during cob of CIRE011.cbl
Error detected during cob of CIRE011.cbl
Error detected during cob of CIRE011.cbl
Error detected during cob of CIRE011.cbl
Compile completed for CIRE011.cbl
Compile completed for CIRE011.cbl
Error detected during cob of CIRE011.cbl
Compile completed for CIRE011.cbl
Error detected during cob of CIRE011.cbl
Compile completed for CIRE011.cbl
Compile completed for CIRE011.cbl
Error detected during cob of PEMGRX1.cbl
Compile completed for PEMGRX1.cbl
Compile completed for EL585.cbl
Compile completed for EL590.cbl
Compile completed for EL590.cbl
Compile completed for EL590.cbl
Compile completed for EL590.cbl
Compile completed for EL590.cbl
Compile completed for EL519.cbl
Error detected during cob of ECS057.cbl
Compile completed for ECS057.cbl
Compile completed for ECS057.cbl
Compile completed for ECS057.cbl
Compile completed for ECS057.cbl
Compile completed for ECS057.cbl
Compile completed for ECS057.cbl
Compile completed for ECS057.cbl
Compile completed for CIRE011.cbl
Compile completed for CIRE011.cbl
Compile completed for CIRE011.cbl
Compile completed for CIRE011.cbl
Compile completed for CIRE011.cbl
Compile completed for ECS022.cbl
Compile completed for ECS022.cbl
Compile completed for ECS022.cbl
Compile completed for ECS022.cbl
Compile completed for ECS022.cbl
Compile completed for ECS022.cbl
Compile completed for ECS022.cbl
Compile completed for ECS022.cbl
Compile completed for ECS022.cbl
Compile completed for CIDDEX1.cbl
Compile completed for CIDDEX1.cbl
Compile completed for ECS021.cbl
Compile completed for ECS021.cbl
Error detected during cob of CIDCMX2.cbl
Compile completed for CIDCMX2.cbl
Error detected during cob of ECS057.cbl
Error detected during cob of ECS057.cbl
Error detected during cob of ECS057.cbl
Compile completed for ECS057.cbl
Compile completed for ECS019DCC.cbl
Error detected during cob of ECS057.cbl
Compile completed for ECS057.cbl
Compile completed for ECS057.cbl
Error detected during cob of ECS057.cbl
Error detected during cob of ECS057.cbl
Error detected during cob of ECS057.cbl
Error detected during cob of ECS057.cbl
Error detected during cob of ECS057.cbl
Error detected during cob of ECS057.cbl
Error detected during cob of ECS057.cbl
Compile completed for CIDDEX1.cbl
Compile completed for EL539F.cbl
Compile completed for ECS036.cbl
Compile completed for ECS036.cbl
Error detected during cob of ECS057.cbl
Error detected during cob of ECS057.cbl
Compile completed for ECS057.cbl
Compile completed for ECS057.cbl
Error detected during cob of ECS057.cbl
Error detected during cob of ECS057.cbl
Compile completed for ECS057.cbl
Compile completed for ECS057.cbl
Compile completed for ECS057.cbl
Error detected during cob of ECS057.cb
Compile completed for ECS057.cbl
Compile completed for ECS057.cbl
Compile completed for ECS057.cbl
Compile completed for ECS057.cbl
Compile completed for ECS057.cbl
Compile completed for EL585.cbl
Compile completed for ECS057.cbl
Compile completed for ECS057.cbl
Compile completed for ECS057.cbl
Error detected during cob of FNB169.cbl
Compile completed for FNB170.cbl
Error detected during cob of EL310.cbl
Compile completed for EL310.cbl
Compile completed for EL310.cbl
Compile completed for EL317.cbl
Error detected during cob of EL585F.cbl
Error detected during cob of EL585F.cbl
Error detected during cob of EL585F.cbl
Compile completed for EL585F.cbl
Compile completed for EL317.cbl
Compile completed for EL585F.cbl
Compile completed for EL585F.cbl
Compile completed for EL585F.cbl
Error detected during cob of EL585F.cbl
Compile completed for EL585F.cbl
Compile completed for EL585F.cbl
Compile completed for EL585F.cbl
Compile completed for EL585F.cbl
Compile completed for EL585F.cbl
Compile completed for EL548.cbl
Compile completed for EL548.cbl
Compile completed for EL548.cbl
Compile completed for EL548.cbl
Error detected during cob of CIDDEX1.cbl
Compile completed for CIDDEX1.cbl
Compile completed for PEMGRX1.cbl
Compile completed for CIDDEX1.cbl
Compile completed for PEMGRX1.cbl
Compile completed for EL549.cbl
Compile completed for CIDRTX1.cbl
Compile completed for PEMCLX1.cbl
Compile completed for PEMCMX1.cbl
Compile completed for PEMCOX1.cbl
Compile completed for EL548.cbl
Compile completed for PEMDERX2.cbl
Compile completed for EL548.cbl
Compile completed for EL548.cbl
Error detected during cob of EL548.cbl
Compile completed for EL548.cbl
Compile completed for EL548.cbl
Compile completed for EL548.cbl
Compile completed for EL548.cbl
Compile completed for EL310.cbl
Compile completed for EL317.cbl
Compile completed for EL323.cbl
Compile completed for EL315.cbl
Compile completed for EL317.cbl
Compile completed for EL322.cbl
Compile completed for EL324.cbl
Compile completed for EL325.cbl
Compile completed for EL327.cbl
Compile completed for EL524.cbl
Compile completed for EL588.cbl
Compile completed for EL589.cbl
Compile completed for EL590.cbl
Compile completed for LGCIFCE.cbl
Compile completed for LGCIFCE.cbl
Compile completed for EL310.cbl
Compile completed for CICLEXT.cbl
Compile completed for ECS036.cbl
Compile completed for EL548.cbl
Compile completed for EL539F.cbl
Compile completed for EL317.cbl
Compile completed for EL317.cbl
Compile completed for EL315.cbl
Compile completed for EL327.cbl
Compile completed for EL588.cbl
Compile completed for LGCIFCE.cbl
Compile completed for CIDCMX2.cbl
Compile completed for EL588.cbl
Compile completed for EL588.cbl
Compile completed for EL588.cbl
Compile completed for ECS0561.cbl
Compile completed for FNB183.cbl
Compile completed for FNB183.cbl
Compile completed for FNB183.cbl
Compile completed for ECS041.cbl
Compile completed for ECS041.cbl
Compile completed for ECS041.cbl
Compile completed for ECS041.cbl
Compile completed for ECS041.cbl
Compile completed for ECS041.cbl
Compile completed for ECS041.cbl
Compile completed for ECS041.cbl
Compile completed for ECS041.cbl
Compile completed for ECS041.cbl
Compile completed for ECS041.cbl
Compile completed for ECS041.cbl
Compile completed for ECS041.cbl
Compile completed for ECS041.cbl
Compile completed for ECS041.cbl
Compile completed for EL588.cbl
Compile completed for ECS010.cbl
Compile completed for ECS080.cbl
Compile completed for EL524.cbl
Compile completed for EL523.cbl
Compile completed for ECS010.cbl
Compile completed for ECS010.cbl
Compile completed for ECS041.cbl
Compile completed for EL539F.cbl
Error detected during cob of ECS041T.cbll
Error detected during cob of ECS041T.cbl.
Compile completed for ECS041T.cbl
Compile completed for ECS041T.cbl
Compile completed for ECS041T.cbl
Compile completed for EL539F.cbl
Compile completed for FNB168T.cbl
Compile completed for FNB168T.cbl
Compile completed for FNB168.cbl
