* Micro Focus Server Express         V5.1 revision 000 06-Oct-15 17:18 Page   1
* DATEEDIT.cbl
* Options: int("DATEEDIT.int") anim csi verbose NOBOUND PARAMCOUNTCHECK
*          directives(cobopt.bth) endp list("DATEEDIT.lst")
* Setting: NOACCEPTREFRESH NOADV ALIGN"8" ALPHASTART"1" NOALTER NOAMODE ANIM
*          NOANIMPREP ANS85 APOST NOAREACHECK ARITHMETIC"OSVS" ASSIGN
*          "EXTERNAL" NOASSIGN-PRINTER NOAUTOLOCK NOBELL NOBOUND NOBRIEF
*          NOBS2000 BWZSTAR NOBYTEMODEMOVE CALLFH"ebmlsfile" NOCALLMCS
*          NOCALLRECOVERY CALLSORT"EXTSM" CANCEL CANCELLBR NOCHANGEMESSAGE
*          CHARSET"ASCII" NOCHECKDIV NOCHECKREFMOD NOCICS CICS-CPY
*          NOCICSOPTIMIZE NOCMPR2 NOCOBFSTATCONV NOCOBIDY NOCOBOL370 COBOLDIR
*          NOCOMP COMP-5"2" COMP-6"2" NOCOMS85 CONFIRM NOCONVERTRET CONVSPACE
*          COPYEXT",cbl,cpy" NOCOPYLBR COPYLIST COPYLISTCOMMENT"1" CSI
*          CURRENCY-SIGN"36" CURRENT-DATE"MMDDYY" NODATA DATACOMPRESS"0"
*          NODATA-CONTEXT DATE DBCHECK DBCS"2" NODBCSSOSI DBSPACE DE-EDIT"2"
*          DEFAULTBYTE"32" NODEFAULTCALLS DETECTLOCK NODG DIALECT"MF"
*          NODIRECTIVES-IN-COMMENTS NODOSVS NODPCINSUBSCRIPT DYNAM
*          NOEARLY-RELEASE ECHO NOECHOALL NOEDITOR ENSUITE"0" NOENTCOBOL
*          ERRFORMAT"1" ERRLIST"EMBED" NOERRQ FASTSORT NOFCD3 NOFCDREG
*          NOFDCLEAR NOFILESHARE FILETYPE"0" NOFLAG NOFLAGAS NOFLAGCD
*          NOFLAGEUC NOFLAGMIG NOFLAGQ FLAGSINEDIT NOFLAGSTD NOFOLDCALLNAME
*          NOFOLDCOPYNAME FORM"60" NOFP-ROUNDING NOHOSTARITHMETIC
*          NOHOSTCONTZERO NOHOST-NUMCOMPARE NOHOST-NUMMOVE NOHOSTFD NOHOSTRW
*          NOIBM-MS IBMCOMP IDXFORMAT"0" NOILGEN IMPLICITSCOPE NOINDD
*          INFORETURN"0" NOINITCALL INITPTR INT"DATEEDIT.int" INTDATE"ANSI"
*          INTLEVEL"2" IOCONV NOISO2002 NOIXNLSKEY NOIXNUMKEY KEEP-INT
*          KEYCHECK KEYCOMPRESS"0" LIBRARIAN"2" NOLINE-COUNT LIST
*          "DATEEDIT.lst" LISTPATH"" LISTWIDTH"80" LITVAL-SIZE"4" LOCKTYPE"0"
*          NOMAPNAME NOMAXERROR METHODDEFAULT"REFERENCE" MF"15" MFCOMMENT
*          NOMOVELENCHECK NOMS NOMVS NATIVE"ASCII" NONATIVEFLOATINGPOINT
*          NONCHAR NONEWBASENAME NONLS NSYMBOL"DBCS" NOODOOSVS NOODOSLIDE
*          NOOLDBLANKLINE NOOLDCOPY NOOLDINDEX NOOLDNEXTSENTENCE NOOLDREADINTO
*          NOOLDSTRMIX OOCTRL"-C-E-G-P+Q+R-S+W" OPTIONAL-FILE NOOS390 OSEXT""
*          NOOSVS NOOUTDD NOP64 NOPANVALET PERFORM-TYPE"OSVS" NOPREPLIST
*          NOPREPROCESS NOPRINT-EXT NOPROFILE NOPROGID-COMMENT
*          NOPROGID-INT-NAME NOPROTECT-LINKAGE PROTOTYPE"RELAXED" QUAL
*          QUALPROC NOQUERY NOQUOTE NORAWLIST NORDW RECMODE"F" NOREENTRANT
*          NOREF NOREFNO REMAINDER"1" REPORT-LINE"256" RESEQ NORETRYLOCK
*          REWRITE-LS NORM RTNCODE-SIZE"4" NORWHARDPAGE NOSAA SEG NOSEQCHK
*          SEQUENTIAL"RECORD" NOSERIAL SETTING"LINE" NOSHAREOUTDD NOSHOW-DIR
*          SIGN"ASCII" NOSIGNDISCARD NOSIGNFIXUP SORTTYPE"DFSORT" SOURCEFORMAT
*          "FIXED" SOURCETABSTOP"8" NOSPZERO NOSSRANGE STDERR NOSTICKY-LINKAGE
*          NOSTICKY-PERFORM SUPFF SWITCHTYPE"1" SYMBSTART"1" SYSPUNCH"132"
*          TERMPAGE TIME NOTRACE NOTRUNC NOTRUNCCALLNAME NOTRUNCCOPY TRUNCINC
*          "10" UNICODE"NATIVE" VERBOSE VSC2"2" WARNING"1" NOWB NOWB2 NOWB3
*          WEBSERVER"CGI" NOWRITELOCK NOWRITETHRU NOXOPEN NOXREF
*          NOZEROLENGTHFALSE NOZEROSEQ NOZWB
     1 IDENTIFICATION DIVISION.                                         00000010
     2 PROGRAM-ID.    DATEEDIT.                                         00000020
     3                                                                  00000030
     4****************************************************************  00000040
     5*                                                              *  00000050
     6*  PARM-INPUT:                                                 *  00000060
     7*  ----------                                                  *  00000070
     8*    MMDDYYYY  OR  YYYYMMDD  OR  MM/DD/YYYY                    *  00000080
     9*                                                              *  00000090
    10*    IF THE FIRST 2 POSITIONS OF PARM-INPUT = '19' OR '20',    *  00000100
    11*        EDIT FOR YYYYMMDD                                     *  00000110
    12*    ELSE                                                      *  00000120
    13*    IF PARM-INPUT IS NOT NUMERIC,                             *  00000130
* Micro Focus Server Express         V5.1 revision 000 06-Oct-15 17:18 Page   2
* DATEEDIT.cbl
    14*        EDIT FOR MM/DD/YYYY                                   *  00000140
    15*    ELSE                                                      *  00000150
    16*        EDIT FOR MMDDYYYY.                                    *  00000160
    17*                                                              *  00000170
    18*                                                              *  00000180
    19*  PARM-RETURN-CODE:                                           *  00000190
    20*  -----------------                                           *  00000200
    21*      V = DATE IS VALID                                       *  00000210
    22*      I = DATE IS INVALID                                     *  00000220
    23*                                                              *  00000230
    24****************************************************************  00000240
    25                                                                  00000250
    26 ENVIRONMENT DIVISION.                                            00000260
    27                                                                  00000270
    28 DATA DIVISION.                                                   00000280
    29                                                                  00000290
    30 WORKING-STORAGE SECTION.                                         00000300
    31                                                                  00000310
    32 01  FILLER                  COMP-3.                              00000320
    33     05  WS-WORK1            PIC S9(3).                           00000330
    34     05  WS-LEAP-SW          PIC S9.                              00000340
    35         88  LEAP-YEAR       VALUE +0.                            00000350
    36                                                                  00000360
    37 01  WS-INPUT-DATE           PIC X(10).                           00000370
    38 01  WS-DATE-1 REDEFINES WS-INPUT-DATE.                           00000380
    39     05  WS-MM-1             PIC XX.                              00000390
    40     05  WS-DD-1             PIC XX.                              00000400
    41     05  WS-YR-1             PIC XXXX.                            00000410
    42 01  WS-DATE-2 REDEFINES WS-INPUT-DATE.                           00000420
    43     05  WS-YR-2             PIC XXXX.                            00000430
    44     05  WS-MM-2             PIC XX.                              00000440
    45     05  WS-DD-2             PIC XX.                              00000450
    46 01  WS-DATE-3 REDEFINES WS-INPUT-DATE.                           00000460
    47     05  WS-MM-3             PIC XX.                              00000470
    48     05  FILLER              PIC X.                               00000480
    49     05  WS-DD-3             PIC XX.                              00000490
    50     05  FILLER              PIC X.                               00000500
    51     05  WS-YR-3             PIC XXXX.                            00000510
    52                                                                  00000520
    53 01  WS-EDIT-DATE.                                                00000530
    54     05  WS-EDIT-MONTH       PIC XX.                              00000540
    55     05  WS-EDIT-DAY         PIC XX.                              00000550
    56     05  WS-EDIT-YEAR.                                            00000560
    57         10  WS-EDIT-CENT    PIC XX.                              00000570
    58         10  WS-EDIT-YR      PIC XX.                              00000580
    59                                                                  00000590
    60                                                                  00000600
    61                                                                  00000610
    62 LINKAGE SECTION.                                                 00000620
    63                                                                  00000630
    64 01  PARM-INPUT             PIC X(10).                            00000640
    65 01  PARM-RETURN-CODE       PIC X.                                00000650
    66                                                                  00000660
    67                                                                  00000670
    68                                                                  00000680
    69 PROCEDURE DIVISION USING PARM-INPUT, PARM-RETURN-CODE.           00000690
    70                                                                  00000700
    71     MOVE PARM-INPUT  TO  WS-INPUT-DATE.                          00000710
* Micro Focus Server Express         V5.1 revision 000 06-Oct-15 17:18 Page   3
* DATEEDIT.cbl
    72                                                                  00000720
    73     IF WS-DATE-1 IS NUMERIC                                      00000730
    74         IF WS-MM-1 = '19' OR '20'                                00000740
    75             MOVE WS-MM-2 TO WS-EDIT-MONTH                        00000750
    76             MOVE WS-DD-2 TO WS-EDIT-DAY                          00000760
    77             MOVE WS-YR-2 TO WS-EDIT-YEAR                         00000770
    78         ELSE                                                     00000780
    79             MOVE WS-MM-1 TO WS-EDIT-MONTH                        00000790
    80             MOVE WS-DD-1 TO WS-EDIT-DAY                          00000800
    81             MOVE WS-YR-1 TO WS-EDIT-YEAR                         00000810
    82     ELSE                                                         00000820
    83         MOVE WS-MM-3 TO WS-EDIT-MONTH                            00000830
    84         MOVE WS-DD-3 TO WS-EDIT-DAY                              00000840
    85         MOVE WS-YR-3 TO WS-EDIT-YEAR.                            00000850
    86                                                                  00000860
    87     MOVE 'I' TO  PARM-RETURN-CODE.                               00000870
    88                                                                  00000880
    89     IF WS-EDIT-DATE IS NOT NUMERIC                               00000890
    90         GO TO 9999-EXIT.                                         00000900
    91                                                                  00000910
    92     IF WS-EDIT-MONTH < '01' OR WS-EDIT-MONTH > '12'              00000920
    93         GO TO 9999-EXIT.                                         00000930
    94                                                                  00000940
    95     IF WS-EDIT-DAY < '01'   OR WS-EDIT-DAY > '31'                00000950
    96         GO TO 9999-EXIT.                                         00000960
    97                                                                  00000970
    98     IF WS-EDIT-CENT < '19'  OR WS-EDIT-CENT > '20'               00000980
    99         GO TO 9999-EXIT.                                         00000990
   100                                                                  00001000
   101     IF WS-EDIT-MONTH = '04' OR '06' OR '09' OR '11'              00001010
   102         IF WS-EDIT-DAY > '30'                                    00001020
   103             GO TO 9999-EXIT.                                     00001030
   104                                                                  00001040
   105     IF WS-EDIT-MONTH = '02'                                      00001050
   106         CONTINUE                                                 00001060
   107     ELSE                                                         00001070
   108         MOVE 'V'  TO  PARM-RETURN-CODE                           00001080
   109         GO TO 9999-EXIT.                                         00001090
   110                                                                  00001100
   111     MOVE WS-EDIT-YR  TO WS-WORK1.                                00001110
   112     DIVIDE WS-WORK1 BY +4                                        00001120
   113         GIVING WS-WORK1 REMAINDER WS-LEAP-SW.                    00001130
   114                                                                  00001140
   115*** 1900 WAS NOT A LEAP YEAR ***                                  00001150
   116     IF WS-EDIT-YEAR = '1900'                                     00001160
   117         MOVE +1 TO WS-LEAP-SW.                                   00001170
   118                                                                  00001180
   119     IF LEAP-YEAR AND WS-EDIT-DAY > '29'                          00001190
   120         GO TO 9999-EXIT.                                         00001200
   121                                                                  00001210
   122     IF NOT LEAP-YEAR AND WS-EDIT-DAY > '28'                      00001220
   123         GO TO 9999-EXIT.                                         00001230
   124                                                                  00001240
   125     MOVE 'V'  TO  PARM-RETURN-CODE.                              00001250
   126                                                                  00001260
   127 9999-EXIT.                                                       00001270
   128     GOBACK.                                                      00001280
   129                                                                  00001290
* Micro Focus Server Express         V5.1 revision 000 06-Oct-15 17:18 Page   4
* DATEEDIT.cbl
* Micro Focus Server Express         V5.1 revision 000 Compiler
* Copyright (C) Micro Focus IP Development Limited 1984-2012.
*                                                        REF GNR-008065005AF
* Total Messages:     0
* Data:         596     Code:         413
