* Micro Focus Server Express         V5.1 revision 000 06-Oct-15 17:18 Page   1
* DCCCRCLP.cbl
* Options: int("DCCCRCLP.int") anim csi verbose NOBOUND PARAMCOUNTCHECK
*          directives(cobopt.bth) endp list("DCCCRCLP.lst")
* Setting: NOACCEPTREFRESH NOADV ALIGN"8" ALPHASTART"1" NOALTER NOAMODE ANIM
*          NOANIMPREP ANS85 APOST NOAREACHECK ARITHMETIC"OSVS" ASSIGN
*          "EXTERNAL" NOASSIGN-PRINTER NOAUTOLOCK NOBELL NOBOUND NOBRIEF
*          NOBS2000 BWZSTAR NOBYTEMODEMOVE CALLFH"ebmlsfile" NOCALLMCS
*          NOCALLRECOVERY CALLSORT"EXTSM" CANCEL CANCELLBR NOCHANGEMESSAGE
*          CHARSET"ASCII" NOCHECKDIV NOCHECKREFMOD NOCICS CICS-CPY
*          NOCICSOPTIMIZE NOCMPR2 NOCOBFSTATCONV NOCOBIDY NOCOBOL370 COBOLDIR
*          NOCOMP COMP-5"2" COMP-6"2" NOCOMS85 CONFIRM NOCONVERTRET CONVSPACE
*          COPYEXT",cbl,cpy" NOCOPYLBR COPYLIST COPYLISTCOMMENT"1" CSI
*          CURRENCY-SIGN"36" CURRENT-DATE"MMDDYY" NODATA DATACOMPRESS"0"
*          NODATA-CONTEXT DATE DBCHECK DBCS"2" NODBCSSOSI DBSPACE DE-EDIT"2"
*          DEFAULTBYTE"32" NODEFAULTCALLS DETECTLOCK NODG DIALECT"MF"
*          NODIRECTIVES-IN-COMMENTS NODOSVS NODPCINSUBSCRIPT DYNAM
*          NOEARLY-RELEASE ECHO NOECHOALL NOEDITOR ENSUITE"0" NOENTCOBOL
*          ERRFORMAT"1" ERRLIST"EMBED" NOERRQ FASTSORT NOFCD3 NOFCDREG
*          NOFDCLEAR NOFILESHARE FILETYPE"0" NOFLAG NOFLAGAS NOFLAGCD
*          NOFLAGEUC NOFLAGMIG NOFLAGQ FLAGSINEDIT NOFLAGSTD NOFOLDCALLNAME
*          NOFOLDCOPYNAME FORM"60" NOFP-ROUNDING NOHOSTARITHMETIC
*          NOHOSTCONTZERO NOHOST-NUMCOMPARE NOHOST-NUMMOVE NOHOSTFD NOHOSTRW
*          NOIBM-MS IBMCOMP IDXFORMAT"0" NOILGEN IMPLICITSCOPE NOINDD
*          INFORETURN"0" NOINITCALL INITPTR INT"DCCCRCLP.int" INTDATE"ANSI"
*          INTLEVEL"2" IOCONV NOISO2002 NOIXNLSKEY NOIXNUMKEY KEEP-INT
*          KEYCHECK KEYCOMPRESS"0" LIBRARIAN"2" NOLINE-COUNT LIST
*          "DCCCRCLP.lst" LISTPATH"" LISTWIDTH"80" LITVAL-SIZE"4" LOCKTYPE"0"
*          NOMAPNAME NOMAXERROR METHODDEFAULT"REFERENCE" MF"15" MFCOMMENT
*          NOMOVELENCHECK NOMS NOMVS NATIVE"ASCII" NONATIVEFLOATINGPOINT
*          NONCHAR NONEWBASENAME NONLS NSYMBOL"DBCS" NOODOOSVS NOODOSLIDE
*          NOOLDBLANKLINE NOOLDCOPY NOOLDINDEX NOOLDNEXTSENTENCE NOOLDREADINTO
*          NOOLDSTRMIX OOCTRL"-C-E-G-P+Q+R-S+W" OPTIONAL-FILE NOOS390 OSEXT""
*          NOOSVS NOOUTDD NOP64 NOPANVALET PERFORM-TYPE"OSVS" NOPREPLIST
*          NOPREPROCESS NOPRINT-EXT NOPROFILE NOPROGID-COMMENT
*          NOPROGID-INT-NAME NOPROTECT-LINKAGE PROTOTYPE"RELAXED" QUAL
*          QUALPROC NOQUERY NOQUOTE NORAWLIST NORDW RECMODE"F" NOREENTRANT
*          NOREF NOREFNO REMAINDER"1" REPORT-LINE"256" RESEQ NORETRYLOCK
*          REWRITE-LS NORM RTNCODE-SIZE"4" NORWHARDPAGE NOSAA SEG NOSEQCHK
*          SEQUENTIAL"RECORD" NOSERIAL SETTING"LINE" NOSHAREOUTDD NOSHOW-DIR
*          SIGN"ASCII" NOSIGNDISCARD NOSIGNFIXUP SORTTYPE"DFSORT" SOURCEFORMAT
*          "FIXED" SOURCETABSTOP"8" NOSPZERO NOSSRANGE STDERR NOSTICKY-LINKAGE
*          NOSTICKY-PERFORM SUPFF SWITCHTYPE"1" SYMBSTART"1" SYSPUNCH"132"
*          TERMPAGE TIME NOTRACE NOTRUNC NOTRUNCCALLNAME NOTRUNCCOPY TRUNCINC
*          "10" UNICODE"NATIVE" VERBOSE VSC2"2" WARNING"1" NOWB NOWB2 NOWB3
*          WEBSERVER"CGI" NOWRITELOCK NOWRITETHRU NOXOPEN NOXREF
*          NOZEROLENGTHFALSE NOZEROSEQ NOZWB
     1 IDENTIFICATION DIVISION.
     2 PROGRAM-ID. DCCCRCLP.
     3 AUTHOR.     PABLO
     4 DATE-COMPILED. 06-Oct-15 17:18.
     5 ENVIRONMENT DIVISION.
     6 INPUT-OUTPUT SECTION.
     7 FILE-CONTROL.
     8
     9     SELECT  CERT-IN       ASSIGN TO CERTIN.
    10     SELECT  CERT-OUT      ASSIGN TO CERTOT.
    11     SELECT  ACCTXRF-OUT   ASSIGN TO ACCTOT.
* Micro Focus Server Express         V5.1 revision 000 06-Oct-15 17:18 Page   2
* DCCCRCLP.cbl
    13 DATA DIVISION.
    14 FILE SECTION.
    15
    16 FD  CERT-IN
    17     RECORDING MODE F
    18     LABEL RECORDS STANDARD
    19     BLOCK CONTAINS 0 RECORDS.
    20
*   21                             COPY ECSCRT01.
    22******************************************************************
    23*                                                                *
    24*                            ECSCRT01                            *
    25*           COPYBOOK REVIEWED FOR YEAR 2000 COMPLIANCE
    26*                            VMOD=2.016                          *
    27*                                                                *
    28*   FILE DESCRIPTION = CERTIFICATE RECORD    (OFF-LINE)          *
    29*                                                                *
    30*   FILE TYPE = SEQUENTIAL
    31*   RECORD SIZE = 1056 RECFORM = FIXED                           *
    32*                                                                *
    33*   KEY DATA =                         START=4, LEN=36           *
    34*                                                                *
    35*  NO  CID  MODS  IN  COPYBOOK  ECSCRT01                         *
    36*                                                                *
    37******************************************************************
    38******************************************************************
    39*                   C H A N G E   L O G
    40*
    41* CHANGES ARE MARKED BY THE CHANGE EFFECTIVE DATE.
    42*-----------------------------------------------------------------
    43*  CHANGE   CHANGE REQUEST PGMR  DESCRIPTION OF CHANGE
    44* EFFECTIVE    NUMBER
    45*-----------------------------------------------------------------
    46* 122002                   PEMA  ADD MONTHLY PRODUCT PROCESSING
    47* 100703    2003080800002  PEMA  ADD SUPER GAP PROCESSING
    48* 040504    2003080800002  PEMA  ADD DEALER INCENTIVE PROCESSING
    49* 020305    2005020000000  PEMA  ADD CLP STATE TO CERT RECORD
    50* 110105    2005071200004  PEMA  INCREASE SIZE OF LOAN OFFICER
    51* 042408    2007110500003  PEMA  ADD REFUND INTEREST PROCESSING
    52* 071211  CR2009050700003  PEMA  ADD SPP DEALER DIRECT
    53* 032612  CR2011110200001  PEMA  AHL CHANGES
    54* 052814  CR2014012300001  PEMA  DCC CREDIT UNION CHANGES
    55* 090314  CR2014081300001  PEMA  LOAD CERTS INVOLVED IN THAO
    56******************************************************************
    57
    58 01  CERTIFICATE-RECORD.
    59     12  CR-RECORD-ID                      PIC XX.
    60         88  VALID-CR-ID                      VALUE 'CR'.
    61
    62     12  CR-COMPANY-CD                     PIC X.
    63
    64     12  CR-FULL-CONTROL.
    65         16  CR-CONTROL-1.
    66             20  CR-ACCT-CONTROL.
    67                 24  CR-CARRIER            PIC X.
    68                 24  CR-GROUPING.
    69                     28  CR-GROUP-PREFIX   PIC XXX.
    70                     28  CR-GROUP-PRIME    PIC XXX.
* Micro Focus Server Express         V5.1 revision 000 06-Oct-15 17:18 Page   3
* DCCCRCLP.cbl (/apps/prod/cid1p/copy/ECSCRT01)
    71                 24  CR-STATE              PIC XX.
    72                 24  CR-ACCOUNT.
    73                     28  CR-ACCT-PREFIX    PIC X(4).
    74                     28  CR-ACCT-PRIME     PIC X(6).
    75             20  CR-DT                     PIC 9(11)  COMP-3.
    76         16  CR-CERT-NO.
    77             20  CR-CERT.
    78                 24  CR-CERT-PREFIX        PIC X(3).
    79                 24  CR-CERT-PRIME         PIC X(7).
    80             20  CR-CERT-SFX               PIC X.
    81
    82     12  CR-INSUREDS-PROFILE.
    83         16  CR-NAME.
    84             20  CR-LNAME                  PIC X(15).
    85             20  CR-FNAME.
    86                 24  CR-1ST-INITIAL        PIC X.
    87                 24  FILLER                PIC X(9).
    88             20  CR-INIT                   PIC X.
    89         16  CR-AGE                        PIC 99.
    90         16  CR-SEX                        PIC X.
    91             88  CR-SEX-MALE                  VALUE 'M'.
    92             88  CR-SEX-FEMALE                VALUE 'F'.
    93         16  CR-SOC-SEC                    PIC X(11).
    94         16  CR-JOINT-NAME.
    95             20  CR-JT-LNAME               PIC X(15).
    96             20  CR-JT-FNAME.
    97                 24  CR-JT-1ST-INIT        PIC X.
    98                 24  FILLER                PIC X(9).
    99             20  CR-JT-INIT                PIC X.
   100         16  CR-JOINT-AGE                  PIC 99.
   101
   102         16  cr-ahl-ah-claim-no            pic x(9).
   103         16  cr-ahl-ah-cert-seq            pic x(3).
   104         16  cr-hst-proc-lf                pic x.
   105         16  f                             pic x(7).
   106
   107     12  CR-LF-COVERAGE-DATA.
   108         16  CR-LFTYP                      PIC XX.
   109         16  CR-LF-TERM                    PIC S999       COMP-3.
   110         16  CR-LF-CRIT-PERIOD             PIC S999       COMP-3.
   111         16  CR-LF-TERM-IN-DAYS            PIC S9(5)      COMP-3.
   112         16  CR-LF-DEV-CODE                PIC XXX.
   113         16  CR-LF-DEV-PCT                 PIC S9V9(6)    COMP-3.
   114
   115         16  CR-LFAMT                      PIC S9(9)V99   COMP-3.
   116         16  CR-LFPRM                      PIC S9(7)V99   COMP-3.
   117         16  CR-LFPRM-CALC                 PIC S9(7)V99   COMP-3.
   118         16  CR-LFPRM-RATE                 PIC S99V9(5)   COMP-3.
   119
   120         16  CR-LFAMT-ALT                  PIC S9(9)V99   COMP-3.
   121         16  CR-LFPRM-ALT                  PIC S9(7)V99   COMP-3.
   122         16  CR-LFPRM-CALC-ALT             PIC S9(7)V99   COMP-3.
   123         16  CR-LFPRM-RATE-ALT             PIC S99V9(5)   COMP-3.
   124
   125         16  CR-LFRFND                     PIC S9(7)V99   COMP-3.
   126         16  CR-LFRFND-CALC                PIC S9(7)V99   COMP-3.
   127
   128         16  CR-LF-NSP-PRM                 PIC S9(7)V99   COMP-3.
* Micro Focus Server Express         V5.1 revision 000 06-Oct-15 17:18 Page   4
* DCCCRCLP.cbl (/apps/prod/cid1p/copy/ECSCRT01)
   129         16  CR-LF-NSP-PRM-RATE            PIC S99V9(5)   COMP-3.
   130
   131         16  CR-LF-REFUND-TYPE             PIC X.
   132         16  CR-LF-POLICY-FEE              PIC S9(3)V99   COMP-3.
   133
   134         16  CR-LF-COMM-CHARGEBACK         PIC X.
   135             88  CR-NO-LF-CHARGEBACK          VALUE 'N'.
   136
   137         16  CR-LF-REI-RISK-PRM            PIC S9(7)V99   COMP-3.
   138
   139         16  CR-LF-EXPIRE-DATE             PIC 9(11)      COMP-3.
   140         16  CR-LF-ISS-PREM-TAX            PIC S9V9(4)    COMP-3.
   141         16  CR-LF-CNC-PREM-TAX            PIC S9V9(4)    COMP-3.
   142
   143         16  cr-ahl-lf-claim-no            pic x(9).
   144         16  cr-ahl-lf-cert-seq            pic x(3).
   145         16  FILLER                        PIC XX.
   146
   147     12  CR-AH-COVERAGE-DATA.
   148         16  CR-AHTYP                      PIC XX.
   149         16  CR-AH-TERM                    PIC S999       COMP-3.
   150         16  CR-AH-CRIT-PERIOD             PIC S999       COMP-3.
   151         16  CR-AH-DEV-CODE                PIC XXX.
   152         16  CR-AH-DEV-PCT                 PIC S9V9(6)    COMP-3.
   153
   154         16  CR-AHAMT                      PIC S9(7)V99   COMP-3.
   155         16  CR-AHPRM                      PIC S9(7)V99   COMP-3.
   156         16  CR-AHPRM-CALC                 PIC S9(7)V99   COMP-3.
   157         16  CR-AHPRM-RATE                 PIC S99V9(5)   COMP-3.
   158
   159         16  CR-AHRFND                     PIC S9(7)V99   COMP-3.
   160         16  CR-AHRFND-CALC                PIC S9(7)V99   COMP-3.
   161
   162         16  CR-AH-NSP-PRM                 PIC S9(7)V99   COMP-3.
   163         16  CR-AH-NSP-PRM-RATE            PIC S99V9(5)   COMP-3.
   164
   165         16  CR-AH-REFUND-TYPE             PIC X.
   166         16  CR-AH-POLICY-FEE              PIC S9(3)V99   COMP-3.
   167
   168         16  CR-AH-COMM-CHARGEBACK         PIC X.
   169             88  CR-NO-AH-CHARGEBACK          VALUE 'N'.
   170
   171         16  CR-AH-REI-RISK-PRM            PIC S9(7)V99   COMP-3.
   172
   173         16  CR-AH-EXPIRE-DATE             PIC 9(11)      COMP-3.
   174         16  CR-AH-ISS-PREM-TAX            PIC S9V9(4)    COMP-3.
   175         16  CR-AH-CNC-PREM-TAX            PIC S9V9(4)    COMP-3.
   176
   177         16  FILLER                        PIC XX.
   178*        16  FILLER                        PIC X(8).
   179
   180     12  CR-LOAN-DATA.
   181         16  CR-LIVES                      PIC S9(7)      COMP-3.
   182         16  CR-DDF-IU-RATE-UP REDEFINES CR-LIVES
   183                                           PIC S9(5)V99   COMP-3.
   184         16  CR-BILLED                     PIC S9(7)      COMP-3.
   185         16  CR-APR                        PIC S999V9(4)  COMP-3.
   186         16  CR-PMT-FREQ                   PIC 99.
* Micro Focus Server Express         V5.1 revision 000 06-Oct-15 17:18 Page   5
* DCCCRCLP.cbl (/apps/prod/cid1p/copy/ECSCRT01)
   187         16  CR-LOAN-TERM                  PIC S999       COMP-3.
   188         16  CR-RATING-CLASS               PIC XX.
   189         16  CR-POLICY-FORM-NO             PIC X(12).
   190         16  CR-GRPTYP                     PIC XX.
   191         16  CR-IND-GRP                    PIC X.
   192             88  CR-INDIVIDUAL                VALUE '1'.
   193             88  CR-GROUP                     VALUE '2'.
   194         16  CR-SKIP                       PIC 99.
   195             88  NO-MONTHS-SKIPPED            VALUE 00.
   196             88  SKIP-JULY                    VALUE 01.
   197             88  SKIP-AUGUST                  VALUE 02.
   198             88  SKIP-SEPTEMBER               VALUE 03.
   199             88  SKIP-JULY-AUG                VALUE 04.
   200             88  SKIP-AUG-SEPT                VALUE 05.
   201             88  SKIP-JULY-AUG-SEPT           VALUE 06.
   202             88  SKIP-JUNE-JULY-AUG           VALUE 07.
   203             88  SKIP-JUNE                    VALUE 08.
   204             88  SKIP-JUNE-JULY               VALUE 09.
   205             88  SKIP-AUG-SEPT-OCT            VALUE 10.
   206             88  SKIP-BI-WEEKLY-3RD-PMT       VALUE 11.
   207         16  CR-RESIDENT-STATE             PIC XX.
   208         16  CR-RATE-CODE.
   209             20  CR-LF-CLASS-CD            PIC XX.
   210             20  CR-AH-CLASS-CD            PIC XX.
   211         16  CR-MORT.
   212             20  CR-TAB                    PIC X.
   213             20  CR-INT                    PIC 99.
   214             20  CR-GRP                    PIC X.
   215         16  CR-MEMBER-NO                  PIC X(12).
   216         16  CR-OLD-LOF                    PIC XXX.
   217*        16  CR-LOAN-OFFICER               PIC XXX.
   218         16  CR-REIN-TABLE                 PIC XXX.
   219         16  CR-REIN-SPEC                  PIC X.
   220         16  CR-LOAN-1ST-PMT-DT.
   221             20  CR-1ST-PMT-YR             PIC 99.
   222             20  CR-1ST-PMT-MO             PIC 99.
   223             20  CR-1ST-PMT-DA             PIC 99.
   224         16  CR-SUM-CAN-CNT-ITD            PIC S999       COMP-3.
   225         16  CR-SUM-CAN-CNT-YTD            PIC S999       COMP-3.
   226         16  CR-PMT-EXTENSION-DAYS         PIC S999       COMP-3.
   227         16  CR-LAST-ADD-ON-DT             PIC XX.
   228
   229         16  CR-UNDERWRITING-CODE          PIC X.
   230             88  CR-POLICY-UNDERWRITTEN       VALUE 'Y'.
   231
   232         16  CR-STATE-TAX                  PIC S9(7)V99   COMP-3.
   233         16  CR-MUNI-TAX                   PIC S9(7)V99   COMP-3.
   234         16  CR-CANCEL-STATE-TAX           PIC S9(7)V99   COMP-3.
   235         16  CR-CANCEL-MUNI-TAX            PIC S9(7)V99   COMP-3.
   236
   237     12  CR-STATUS-INFORMATION.
   238         16  CR-ENTRY-STATUS               PIC X.
   239             88  CR-NORMAL-ENTRY              VALUE '1'.
   240             88  CR-POLICY-IS-RESTORE         VALUE '3'.
   241             88  CR-CONVERSION-ENTRY          VALUE '4'.
   242             88  CR-POLICY-IS-REISSUE         VALUE '5'.
   243             88  CR-POLICY-IS-CASH            VALUE 'C'.
   244             88  CR-POLICY-IS-MONTHLY         VALUE 'M'.
* Micro Focus Server Express         V5.1 revision 000 06-Oct-15 17:18 Page   6
* DCCCRCLP.cbl (/apps/prod/cid1p/copy/ECSCRT01)
   245             88  CR-POLICY-IS-REIN-ONLY       VALUE '9'.
   246             88  CR-POLICY-IS-DECLINED        VALUE 'D'.
   247             88  CR-POLICY-IS-VOID            VALUE 'V'.
   248             88  CR-POLICY-IS-PREM-ONLY       VALUE 'P'.
   249             88  CR-POLICY-IS-ACTIVE          VALUE '1' '3' '4'
   250                                                'C' '5' '9' 'P'.
   251         16  CR-ENTRY-DATE                 PIC 9(11)  COMP-3.
   252
   253         16  CR-LF-STATUS-AT-CANCEL        PIC X.
   254         16  CR-LF-CANC-DT                 PIC 9(11)  COMP-3.
   255         16  CR-LF-CANCEL-EXIT-DATE        PIC 9(11)  COMP-3.
   256
   257         16  CR-LF-STATUS-AT-DEATH         PIC X.
   258         16  CR-LF-CLAIM-EXIT-DATE         PIC 9(11)  COMP-3.
   259
   260         16  CR-LF-CURRENT-STATUS          PIC X.
   261             88  CR-LF-NORMAL-ENTRY           VALUE '1'.
   262             88  CR-LF-POLICY-PENDING         VALUE '2'.
   263             88  CR-LF-POLICY-IS-RESTORE      VALUE '3'.
   264             88  CR-LF-CONVERSION-ENTRY       VALUE '4'.
   265             88  CR-LF-POLICY-IS-REISSUE      VALUE '5'.
   266             88  CR-LF-POLICY-IS-MONTHLY      VALUE 'M'.
   267             88  CR-LF-LUMP-SUM-DISAB         VALUE '6'.
   268             88  CR-LF-DEATH-CLAIM-APPLIED    VALUE '7'.
   269             88  CR-LF-CANCEL-APPLIED         VALUE '8'.
   270             88  CR-LF-IS-REIN-ONLY           VALUE '9'.
   271             88  CR-LF-IS-DECLINED            VALUE 'D'.
   272             88  CR-LF-IS-VOID                VALUE 'V'.
   273             88  CR-LF-POLICY-IS-ACTIVE       VALUE '1' '2' '3'
   274                                                    '4' '5' '9'.
   275
   276         16  CR-AH-STATUS-AT-CANCEL        PIC X.
   277
   278         16  CR-AH-CANC-DT                 PIC 9(11)  COMP-3.
   279         16  CR-AH-CANCEL-EXIT-DATE        PIC 9(11)  COMP-3.
   280
   281         16  CR-AH-STATUS-AT-SETTLEMENT    PIC X.
   282         16  CR-AH-SETTLEMENT-EXIT-DATE    PIC 9(11)  COMP-3.
   283
   284         16  CR-AH-CURRENT-STATUS          PIC X.
   285             88  CR-AH-NORMAL-ENTRY           VALUE '1'.
   286             88  CR-AH-POLICY-PENDING         VALUE '2'.
   287             88  CR-AH-POLICY-IS-RESTORE      VALUE '3'.
   288             88  CR-AH-CONVERSION-ENTRY       VALUE '4'.
   289             88  CR-AH-POLICY-IS-REISSUE      VALUE '5'.
   290             88  CR-AH-POLICY-IS-MONTHLY      VALUE 'M'.
   291             88  CR-AH-LUMP-SUM-DISAB         VALUE '6'.
   292             88  CR-AH-DEATH-CLAIM-APPLIED    VALUE '7'.
   293             88  CR-AH-CANCEL-APPLIED         VALUE '8'.
   294             88  CR-AH-IS-REIN-ONLY           VALUE '9'.
   295             88  CR-AH-IS-DECLINED            VALUE 'D'.
   296             88  CR-AH-IS-VOID                VALUE 'V'.
   297             88  CR-AH-POLICY-IS-ACTIVE       VALUE '1' '2' '3'
   298                                                    '4' '5' '9'.
   299         16  CR-LOAN-OFFICER               PIC X(5).
   300         16  CR-CANCEL-REASON              PIC X.
   301         16  cr-xycor-lf-cov-code          pic x(4).
   302         16  cr-xycor-ah-cov-code          pic x(4).
* Micro Focus Server Express         V5.1 revision 000 06-Oct-15 17:18 Page   7
* DCCCRCLP.cbl (/apps/prod/cid1p/copy/ECSCRT01)
   303         16  cr-temp-epiq                  pic x(4).
   304         16  FILLER                        PIC XX.
   305
   306     12  CR-DEATH-CLAIM-DATA.
   307         16  CR-NUM-DTH-CLM                PIC S999       COMP-3.
   308
   309         16  CR-DTH-DT                     PIC 9(11)      COMP-3.
   310         16  CR-DTH-RPT-DT.
   311             20  CR-DTH-RPT-YR             PIC 99.
   312             20  CR-DTH-RPT-MO             PIC 99.
   313             20  CR-DTH-RPT-DA             PIC 99.
   314         16  CR-DTH-PAY-DT                 PIC 9(11)      COMP-3.
   315
   316         16  CR-DTHAMT                     PIC S9(9)V99   COMP-3.
   317         16  CR-DTHAMT-YTD                 PIC S9(9)V99   COMP-3.
   318         16  CR-DTHAMT-LAST                PIC S9(9)V99   COMP-3.
   319         16  CR-DTHEXP                     PIC S9(7)V99   COMP-3.
   320         16  CR-DTHEXP-YTD                 PIC S9(7)V99   COMP-3.
   321
   322         16  CR-DTH-AGE                    PIC 99.
   323         16  CR-DTH-PAY-CD                 PIC X.
   324         16  CR-DEATH-CAUSE                PIC X(6).
   325
   326         16  FILLER                        PIC X(16).
   327
   328     12  CR-DISAB-CLAIM-DATA.
   329         16  CR-NUM-DIS-CLM                PIC S999       COMP-3.
   330
   331         16  CR-DIS-DT                     PIC 9(11)      COMP-3.
   332         16  CR-DIS-RPT-DT.
   333             20  CR-DIS-RPT-YR             PIC 99.
   334             20  CR-DIS-RPT-MO             PIC 99.
   335             20  CR-DIS-RPT-DA             PIC 99.
   336         16  CR-DIS-PAY-DT                 PIC 9(11)      COMP-3.
   337         16  CR-DIS-PTO-DT                 PIC 9(11)      COMP-3.
   338
   339         16  CR-DISAMT                     PIC S9(9)V99   COMP-3.
   340         16  CR-DISAMT-YTD                 PIC S9(9)V99   COMP-3.
   341         16  CR-DISAMT-LAST                PIC S9(9)V99   COMP-3.
   342         16  CR-DISEXP                     PIC S9(7)V99   COMP-3.
   343         16  CR-DISEXP-YTD                 PIC S9(7)V99   COMP-3.
   344
   345         16  CR-DAYS-DISAB                 PIC 999        COMP-3.
   346         16  CR-DIS-PAY-CD                 PIC X.
   347         16  FILLER                        PIC XX.
   348
   349         16  CR-DISAB-INCURRED-DETAIL.
   350             20  CR-DISAB-DETAIL-DATA  OCCURS 5 TIMES.
   351**ELCCRTVR MUST BE CHANGED IF THE "OCCURS" IS CHANGED.
   352                 24  CR-DIS-INCUR-DT       PIC 9(11)     COMP-3.
   353                 24  CR-INCUR-DISAMT       PIC S9(9)V99  COMP-3.
   354                 24  CR-INCUR-DISEXP       PIC S9(9)V99  COMP-3.
   355
   356         16  CR-DISAB-CAUSE                PIC X(6).
   357         16  FILLER                        PIC X(14).
   358
   359     12  CR-REMIT-TO                       PIC 99.
   360
* Micro Focus Server Express         V5.1 revision 000 06-Oct-15 17:18 Page   8
* DCCCRCLP.cbl (/apps/prod/cid1p/copy/ECSCRT01)
   361     12  CR-COMPENSATION-LEVELS.
   362         16  CR-AGT-LEVELS      OCCURS 10 TIMES.
   363             20  CR-COM-AGT.
   364                 24  CR-COM-AGT-PREFIX     PIC X(4).
   365                 24  CR-COM-AGT-PRIME      PIC X(6).
   366             20  CR-AGT-TYPE               PIC X.
   367             20  CR-LCOM-L                 PIC SV9(5)     COMP-3.
   368             20  CR-LCOM-AH                PIC SV9(5)     COMP-3.
   369
   370     12  CR-BANK-NOCHRGB-MONTHS            PIC 99.
   371     12  CR-MOB-NET-TOT-FEES               PIC S9(7)V99   COMP-3.
   372     12  CR-ADDL-CLP                       PIC S9(5)V99   COMP-3.
   373     12  CR-CLP-STATE                      PIC XX.
   374     12  CR-POST-CARD-IND                  PIC X.
   375     12  CR-LF-CLP                         PIC S9(5)V99   COMP-3.
   376     12  CR-AH-CLP                         PIC S9(5)V99   COMP-3.
   377     12  CR-DCC-PRODUCT-CODE               PIC XXX.
   378     12  CR-LF-RFND-CLP                    PIC S9(5)V99   COMP-3.
   379     12  CR-AH-RFND-CLP                    PIC S9(5)V99   COMP-3.
   380     12  FILLER                            PIC X(07).
   381
   382     12  CR-CSR-CODE                       PIC XXX.
   383
   384     12  CR-CLAIM-DEDUCT-WITHHELD          PIC S9(5)V99   COMP-3.
   385     12  CR-CANCEL-DEDUCT-WITHHELD         PIC S9(5)V99   COMP-3.
   386
   387     12  CR-MICROFILM-NUMBERS.
   388*        16  CR-ISS-MICROFILM-NO           PIC S9(9)      COMP-3.
   389         16  FILLER                        PIC X(5).
   390     12  CR-NH-INT-ON-REF                  PIC S9(7)V99   COMP-3.
   391
   392     12  CR-USER-CODE                      PIC X.
   393     12  CR-USER-FUTURE                    PIC X(9).
   394
   395     12  CR-BENEFICIARY.
   396         16  CR-BANK-NO                    PIC X(10).
   397         16  FILLER                        PIC X(15).
   398
   399     12  CR-ENTRY-BATCH                    PIC X(6).
   400     12  CR-LF-EXIT-BATCH                  PIC X(6).
   401     12  CR-AH-EXIT-BATCH                  PIC X(6).
   402
   403     12  CR-NOTE-SW                        PIC X.
   404
   405     12  CR-ORIGIN-INDICATOR               PIC X.
   406         88  CR-ENTERED-MANUALLY              VALUE '1'.
   407         88  CR-CREATED-FROM-TAPE-LOAD        VALUE '2'.
   408
   409     12  CR-LF-CNC-ENT-DT                  PIC 9(11)  COMP-3.
   410     12  CR-AH-CNC-ENT-DT                  PIC 9(11)  COMP-3.
   411     12  FILLER                            PIC X(33).
   412
   413******************************************************************
   414
   415 FD  CERT-OUT
   416     RECORDING MODE F
   417     LABEL RECORDS STANDARD
   418     BLOCK CONTAINS 0 RECORDS.
* Micro Focus Server Express         V5.1 revision 000 06-Oct-15 17:18 Page   9
* DCCCRCLP.cbl
   419 01  CERT-RECORD             PIC X(1056).
   420
   421 FD  ACCTXRF-OUT
   422     RECORDING MODE F
   423     LABEL RECORDS STANDARD
   424     BLOCK CONTAINS 0 RECORDS.
   425*  LRECL = 26
   426 01  ACCT-RECORD.
   427     05  ACCT-KEY.
   428         10  ACCT-PRIME-KEY  PIC X(19).
   429         10  ACCT-CLP-STATE  PIC XX.
   430     05  ACCT-CNTR           PIC 9(5).
   431
* Micro Focus Server Express         V5.1 revision 000 06-Oct-15 17:18 Page  10
* DCCCRCLP.cbl
   433 WORKING-STORAGE SECTION.
   434 77  FILLER  PIC X(32) VALUE '********************************'.
   435 77  FILLER  PIC X(32) VALUE '   DCCCRCLP  WORKING-STORAGE    '.
   436 77  FILLER  PIC X(32) VALUE '********************************'.
   437
   438 77  WS-EOF-SW               PIC X VALUE SPACES.
   439     88  THERE-ARE-NO-MORE-RECORDS VALUE 'Y'.
   440     88  THERE-ARE-MORE-RECORDS    VALUE ' '.
   441 77  CERT-RECS-IN            PIC 9(9) VALUE ZEROS.
   442 77  CERT-RECS-OUT           PIC 9(9) VALUE ZEROS.
   443 77  ACCT-RECS-OUT           PIC 9(9) VALUE ZEROS.
   444
   445 01  WS-ACCT-SAVE-KEY.
   446     05  WS-ACCT-PRIM-KEY        PIC X(19) VALUE LOW-VALUES.
   447     05  WS-ACCT-CLP-STATE       PIC XX    VALUE LOW-VALUES.
   448
   449 PROCEDURE DIVISION.
   450
   451 0000-MAIN.
   452
   453     PERFORM 0400-OPEN-FILES THRU 0400-EXIT
   454
   455     PERFORM 0600-INITIALIZE THRU 0600-EXIT
   456
   457     PERFORM 0100-PROCESS-CERT THRU 0100-EXIT UNTIL
   458           THERE-ARE-NO-MORE-RECORDS
   459
   460     PERFORM 0500-CLOSE-FILES THRU 0500-EXIT
   461
   462     DISPLAY ' CERT RECORDS READ    ' CERT-RECS-IN
   463     DISPLAY ' CERT RECORDS WRITTEN ' CERT-RECS-OUT
   464     DISPLAY ' ACCT RECORDS WRITTEN ' ACCT-RECS-OUT
   465     GOBACK
   466
   467     .
   468 0100-PROCESS-CERT.
   469
   470     IF CR-CLP-STATE = SPACES OR ZEROS OR LOW-VALUES
   471        MOVE CR-STATE            TO CR-CLP-STATE
   472     END-IF
   473
   474     IF CR-CLP-STATE NOT = CR-STATE
   475        PERFORM 0150-BUILD-XRF   THRU 0150-EXIT
   476        MOVE CR-CLP-STATE        TO CR-STATE
   477     END-IF
   478
   479     PERFORM 0300-WRITE-CERT     THRU 0300-EXIT
   480     PERFORM 0200-READ-CERT      THRU 0200-EXIT
   481
   482     .
   483 0100-EXIT.
   484     EXIT.
   485
   486 0150-BUILD-XRF.
   487
   488     MOVE CR-ACCT-CONTROL        TO ACCT-PRIME-KEY
   489     MOVE CR-CLP-STATE           TO ACCT-CLP-STATE
   490     MOVE 1                      TO ACCT-CNTR
* Micro Focus Server Express         V5.1 revision 000 06-Oct-15 17:18 Page  11
* DCCCRCLP.cbl
   491
   492*     THIS ATTEMPTS TO AVOID MOST DUPLICATES,
   493*     IT WON'T CATCH THEM ALL
   494
   495     IF ACCT-KEY NOT = WS-ACCT-SAVE-KEY
   496        MOVE ACCT-KEY            TO WS-ACCT-SAVE-KEY
   497        WRITE ACCT-RECORD
   498        ADD 1                    TO ACCT-RECS-OUT
   499     END-IF
   500
   501     .
   502 0150-EXIT.
   503     EXIT.
   504
   505 0200-READ-CERT.
   506
   507     READ CERT-IN AT END
   508          SET THERE-ARE-NO-MORE-RECORDS TO TRUE
   509     END-READ
   510
   511     IF THERE-ARE-MORE-RECORDS
   512        ADD 1 TO CERT-RECS-IN
   513     END-IF
   514
   515     .
   516 0200-EXIT.
   517     EXIT.
   518
   519 0300-WRITE-CERT.
   520
   521     WRITE CERT-RECORD           FROM CERTIFICATE-RECORD
   522     ADD 1                       TO CERT-RECS-OUT
   523
   524     .
   525 0300-EXIT.
   526     EXIT.
   527
   528 0400-OPEN-FILES.
   529
   530     OPEN INPUT CERT-IN
   531         OUTPUT CERT-OUT ACCTXRF-OUT
   532
   533     .
   534 0400-EXIT.
   535     EXIT.
   536
   537 0500-CLOSE-FILES.
   538
   539     CLOSE CERT-IN CERT-OUT ACCTXRF-OUT
   540
   541     .
   542 0500-EXIT.
   543     EXIT.
   544
   545 0600-INITIALIZE.
   546
   547     PERFORM 0200-READ-CERT THRU 0200-EXIT
   548
* Micro Focus Server Express         V5.1 revision 000 06-Oct-15 17:18 Page  12
* DCCCRCLP.cbl
   549     .
   550 0600-EXIT.
   551     EXIT.
   552
* Micro Focus Server Express         V5.1 revision 000 Compiler
* Copyright (C) Micro Focus IP Development Limited 1984-2012.
*                                                        REF GNR-008065005AF
* Total Messages:     0
* Data:        4124     Code:         938
