* Micro Focus Server Express         V5.1 revision 000 06-Oct-15 17:18 Page   1
* DCCVTCLPT.cbl
* Options: int("DCCVTCLPT.int") anim csi verbose NOBOUND PARAMCOUNTCHECK
*          directives(cobopt.bth) endp list("DCCVTCLPT.lst")
* Setting: NOACCEPTREFRESH NOADV ALIGN"8" ALPHASTART"1" NOALTER NOAMODE ANIM
*          NOANIMPREP ANS85 APOST NOAREACHECK ARITHMETIC"OSVS" ASSIGN
*          "EXTERNAL" NOASSIGN-PRINTER NOAUTOLOCK NOBELL NOBOUND NOBRIEF
*          NOBS2000 BWZSTAR NOBYTEMODEMOVE CALLFH"ebmlsfile" NOCALLMCS
*          NOCALLRECOVERY CALLSORT"EXTSM" CANCEL CANCELLBR NOCHANGEMESSAGE
*          CHARSET"ASCII" NOCHECKDIV NOCHECKREFMOD NOCICS CICS-CPY
*          NOCICSOPTIMIZE NOCMPR2 NOCOBFSTATCONV NOCOBIDY NOCOBOL370 COBOLDIR
*          NOCOMP COMP-5"2" COMP-6"2" NOCOMS85 CONFIRM NOCONVERTRET CONVSPACE
*          COPYEXT",cbl,cpy" NOCOPYLBR COPYLIST COPYLISTCOMMENT"1" CSI
*          CURRENCY-SIGN"36" CURRENT-DATE"MMDDYY" NODATA DATACOMPRESS"0"
*          NODATA-CONTEXT DATE DBCHECK DBCS"2" NODBCSSOSI DBSPACE DE-EDIT"2"
*          DEFAULTBYTE"32" NODEFAULTCALLS DETECTLOCK NODG DIALECT"MF"
*          NODIRECTIVES-IN-COMMENTS NODOSVS NODPCINSUBSCRIPT DYNAM
*          NOEARLY-RELEASE ECHO NOECHOALL NOEDITOR ENSUITE"0" NOENTCOBOL
*          ERRFORMAT"1" ERRLIST"EMBED" NOERRQ FASTSORT NOFCD3 NOFCDREG
*          NOFDCLEAR NOFILESHARE FILETYPE"0" NOFLAG NOFLAGAS NOFLAGCD
*          NOFLAGEUC NOFLAGMIG NOFLAGQ FLAGSINEDIT NOFLAGSTD NOFOLDCALLNAME
*          NOFOLDCOPYNAME FORM"60" NOFP-ROUNDING NOHOSTARITHMETIC
*          NOHOSTCONTZERO NOHOST-NUMCOMPARE NOHOST-NUMMOVE NOHOSTFD NOHOSTRW
*          NOIBM-MS IBMCOMP IDXFORMAT"0" NOILGEN IMPLICITSCOPE NOINDD
*          INFORETURN"0" NOINITCALL INITPTR INT"DCCVTCLPT.int" INTDATE"ANSI"
*          INTLEVEL"2" IOCONV NOISO2002 NOIXNLSKEY NOIXNUMKEY KEEP-INT
*          KEYCHECK KEYCOMPRESS"0" LIBRARIAN"2" NOLINE-COUNT LIST
*          "DCCVTCLPT.lst" LISTPATH"" LISTWIDTH"80" LITVAL-SIZE"4" LOCKTYPE"0"
*          NOMAPNAME NOMAXERROR METHODDEFAULT"REFERENCE" MF"15" MFCOMMENT
*          NOMOVELENCHECK NOMS NOMVS NATIVE"ASCII" NONATIVEFLOATINGPOINT
*          NONCHAR NONEWBASENAME NONLS NSYMBOL"DBCS" NOODOOSVS NOODOSLIDE
*          NOOLDBLANKLINE NOOLDCOPY NOOLDINDEX NOOLDNEXTSENTENCE NOOLDREADINTO
*          NOOLDSTRMIX OOCTRL"-C-E-G-P+Q+R-S+W" OPTIONAL-FILE NOOS390 OSEXT""
*          NOOSVS NOOUTDD NOP64 NOPANVALET PERFORM-TYPE"OSVS" NOPREPLIST
*          NOPREPROCESS NOPRINT-EXT NOPROFILE NOPROGID-COMMENT
*          NOPROGID-INT-NAME NOPROTECT-LINKAGE PROTOTYPE"RELAXED" QUAL
*          QUALPROC NOQUERY NOQUOTE NORAWLIST NORDW RECMODE"F" NOREENTRANT
*          NOREF NOREFNO REMAINDER"1" REPORT-LINE"256" RESEQ NORETRYLOCK
*          REWRITE-LS NORM RTNCODE-SIZE"4" NORWHARDPAGE NOSAA SEG NOSEQCHK
*          SEQUENTIAL"RECORD" NOSERIAL SETTING"LINE" NOSHAREOUTDD NOSHOW-DIR
*          SIGN"ASCII" NOSIGNDISCARD NOSIGNFIXUP SORTTYPE"DFSORT" SOURCEFORMAT
*          "FIXED" SOURCETABSTOP"8" NOSPZERO NOSSRANGE STDERR NOSTICKY-LINKAGE
*          NOSTICKY-PERFORM SUPFF SWITCHTYPE"1" SYMBSTART"1" SYSPUNCH"132"
*          TERMPAGE TIME NOTRACE NOTRUNC NOTRUNCCALLNAME NOTRUNCCOPY TRUNCINC
*          "10" UNICODE"NATIVE" VERBOSE VSC2"2" WARNING"1" NOWB NOWB2 NOWB3
*          WEBSERVER"CGI" NOWRITELOCK NOWRITETHRU NOXOPEN NOXREF
*          NOZEROLENGTHFALSE NOZEROSEQ NOZWB
     1 IDENTIFICATION DIVISION.
     2 PROGRAM-ID. DCCVTCLP.
     3 AUTHOR.     PABLO
     4 DATE-COMPILED. 06-Oct-15 17:18.
     5 ENVIRONMENT DIVISION.
     6 INPUT-OUTPUT SECTION.
     7 FILE-CONTROL.
     8
     9     SELECT  VALT-IN       ASSIGN TO VALTIN.
    10     SELECT  VALT-OUT      ASSIGN TO VALTOT.
* Micro Focus Server Express         V5.1 revision 000 06-Oct-15 17:18 Page   2
* DCCVTCLPT.cbl
    12 DATA DIVISION.
    13 FILE SECTION.
    14
    15 FD  VALT-IN
    16     RECORDING MODE F
    17     LABEL RECORDS STANDARD
    18     BLOCK CONTAINS 0 RECORDS.
    19
*   20                                 COPY ERCEXTD.
    21******************************************************************04/29/98
    22*                                                                *ERCEXTD
    23*                                                                *ERCEXTD
    24*                            ERCEXTD                             *   LV002
    25*           COPYBOOK REVIEWED FOR YEAR 2000 COMPLIANCE               CL**2
    26*                            VMOD=2.002                          *   CL**2
    27*                                                                *ERCEXTD
    28*   FILE DESCRIPTION = ONLINE TO BATCH FILE INTERFACE AND REPORT *ERCEXTD
    29*                      EXTRACT FOR OFFLINE REPORTING.            *ERCEXTD
    30*                                                                *ERCEXTD
    31*     THIS FILE IS CREATED FROM ERCEXTR EXTRACT INTERFACE        *ERCEXTD
    32*  FOR THE FOLLOWING RECORD TYPES. THE MAIN BODY OF EACH RECORD  *ERCEXTD
    33*  CONTAINS A STRAIGHT COPY OF THE EX-DATA-AREA IN EXCEXTR.      *ERCEXTD
    34*                                                                *ERCEXTD
    35*         RECORD                                                 *ERCEXTD
    36*          TYPE          PROGRAM USING                           *ERCEXTD
    37*        --------        --------------------------------        *ERCEXTD
    38*           A             EL522  PENDING BUSINESS EXTRACT        *ERCEXTD
    39*           B             EL522  PENDING CLAIMS   EXTRACT        *ERCEXTD
    40*           C             EL522  CERT CHANGES     EXTRACT        *ERCEXTD
    41*                                                                *ERCEXTD
    42* -------------------------------------------------------------- *ERCEXTD
    43*                                                                *ERCEXTD
    44*   FILE TYPE = SEQUENTIAL                                       *ERCEXTD
    45*   RECORD SIZE = 588   RECFORM = FIX                            *ERCEXTD
    46*                                                                *ERCEXTD
    47*   FILENAME = EREXTD                                            *ERCEXTD
    48*                                                                *ERCEXTD
    49******************************************************************ERCEXTD
    50                                                                  ERCEXTD
    51 01  EXTRACT-DATA-RECORD.                                         ERCEXTD
    52     12  ED-RECORD-ID                        PIC XX.              ERCEXTD
    53         88  VALID-IN-ID                           VALUE 'ED'.    ERCEXTD
    54                                                                  ERCEXTD
    55     12  ED-RECORD-TYPE                      PIC X.               ERCEXTD
    56         88  ED-PENDING-BUSINESS                   VALUE 'A'.     ERCEXTD
    57         88  ED-PENDING-CLAIMS                     VALUE 'B'.     ERCEXTD
    58         88  ED-CERT-CHANGES                       VALUE 'C'.     ERCEXTD
    59                                                                  ERCEXTD
    60     12  ED-DATA-AREAS                       PIC X(585).          ERCEXTD
    61                                                                  ERCEXTD
    62
    63 FD  VALT-OUT
    64     RECORDING MODE F
    65     LABEL RECORDS STANDARD
    66     BLOCK CONTAINS 0 RECORDS.
    67 01  VALT-RECORD                 PIC X(588).
* Micro Focus Server Express         V5.1 revision 000 06-Oct-15 17:18 Page   3
* DCCVTCLPT.cbl
    69 WORKING-STORAGE SECTION.
    70 77  FILLER  PIC X(32) VALUE '********************************'.
    71 77  FILLER  PIC X(32) VALUE '   DCCVTCLP WORKING-STORAGE     '.
    72 77  FILLER  PIC X(32) VALUE '********************************'.
    73
    74 77  WS-EOF-SW                   PIC X VALUE SPACES.
    75     88  END-OF-VALT               VALUE 'Y'.
    76 77  VALT-RECS-IN                PIC 9(9) VALUE ZEROS.
    77 77  VALT-RECS-OUT               PIC 9(9) VALUE ZEROS.
    78 77  VALT-RECS-FIX               PIC 9(9) VALUE ZEROS.
    79 77  VALT-RECS-SKIP              PIC 9(9) VALUE ZEROS.
    80 77  VALT-CO-FIX                 PIC 9(9) VALUE ZEROS.
    81
*   82                                 COPY ERCPNDC.
    83******************************************************************04/29/98
    84*                                                                *ERCPNDC
    85*                                                                *ERCPNDC
    86*                            ERCPNDC                             *   LV003
    87*           COPYBOOK REVIEWED FOR YEAR 2000 COMPLIANCE               CL**3
    88*                            VMOD=2.004                          *   CL**2
    89*                                                                *ERCPNDC
    90*   FILE DESCRIPTION = PENDING CLAIM TRANSACTIONS                *ERCPNDC
    91*                      PAYMENTS, RESERVES, EXPENSES              *ERCPNDC
    92*                                                                *ERCPNDC
    93*   FILE TYPE = VSAM,KSDS                                        *ERCPNDC
    94*   RECORD SIZE = 500  RECFORM = FIXED                           *ERCPNDC
    95*                                                                *ERCPNDC
    96*   BASE CLUSTER = ERPNDC                         RKP=2,LEN=50   *ERCPNDC
    97*       ALTERNATE PATHS = NONE                                   *ERCPNDC
    98*                                                                *ERCPNDC
    99*   LOG = YES                                                    *ERCPNDC
   100*   SERVREQ = BROWSE, DELETE, UPDATE, NEWREC                     *ERCPNDC
   101******************************************************************ERCPNDC
   102                                                                  ERCPNDC
   103 01  PENDING-CLAIMS.                                              ERCPNDC
   104     12  PC-RECORD-ID                     PIC XX.                 ERCPNDC
   105         88  VALID-PC-ID                      VALUE 'PC'.         ERCPNDC
   106                                                                  ERCPNDC
   107     12  PC-CONTROL-PRIMARY.                                      ERCPNDC
   108         16  PC-COMPANY-CD                PIC X.                  ERCPNDC
   109         16  PC-CARRIER                   PIC X.                  ERCPNDC
   110         16  PC-GROUPING.                                         ERCPNDC
   111             20  PC-GROUPING-PREFIX       PIC XXX.                ERCPNDC
   112             20  PC-GROUPING-PRIME        PIC XXX.                ERCPNDC
   113         16  PC-STATE                     PIC XX.                 ERCPNDC
   114         16  PC-ACCOUNT.                                          ERCPNDC
   115             20  PC-ACCOUNT-PREFIX        PIC X(4).               ERCPNDC
   116             20  PC-ACCOUNT-PRIME         PIC X(6).               ERCPNDC
   117         16  PC-CERT-EFF-DT               PIC XX.                 ERCPNDC
   118         16  PC-CERT-NO.                                          ERCPNDC
   119             20  PC-CERT-PRIME            PIC X(10).              ERCPNDC
   120             20  PC-CERT-SFX              PIC X.                  ERCPNDC
   121         16  PC-CLAIM-NO                  PIC X(7).               ERCPNDC
   122         16  PC-CHECK-NO                  PIC X(7).               ERCPNDC
   123                                                                  ERCPNDC
   124         16  PC-RECORD-TYPE               PIC X.                  ERCPNDC
   125             88  PC-CLAIMS                    VALUE '1'.          ERCPNDC
   126             88  PC-RESERVES                  VALUE '2'.          ERCPNDC
* Micro Focus Server Express         V5.1 revision 000 06-Oct-15 17:18 Page   4
* DCCVTCLPT.cbl (/apps/prod/cid1p/copy/ERCPNDC)
   127         16  PC-RECORD-SEQUENCE           PIC S9(4)     COMP.     ERCPNDC
   128                                                                  ERCPNDC
   129     12  PC-LAST-MAINT-DT                 PIC XX.                 ERCPNDC
   130     12  PC-LAST-MAINT-BY                 PIC X(4).               ERCPNDC
   131     12  PC-LAST-MAINT-HHMMSS             PIC S9(6)     COMP-3.   ERCPNDC
   132                                                                  ERCPNDC
   133     12  PC-CLAIM-RECORD.                                         ERCPNDC
   134         16  PC-CLAIM-TYPE                PIC X.                  ERCPNDC
   135             88  PC-LF-CLAIM                  VALUE '1'.          ERCPNDC
   136             88  PC-AH-CLAIM                  VALUE '2'.          ERCPNDC
   137             88  PC-OB-LF-CLAIM               VALUE '3'.          ERCPNDC
   138             88  PC-OB-AH-CLAIM               VALUE '4'.          ERCPNDC
   139         16  PC-PAYMENT-DT                PIC XX.                 ERCPNDC
   140         16  PC-PAID-THRU-DT              PIC XX.                 ERCPNDC
   141         16  PC-REPORTED-DT               PIC XX.                 ERCPNDC
   142         16  PC-INCURRED-DT               PIC XX.                 ERCPNDC
   143         16  PC-NO-OF-DAYS-PAID           PIC S9(3)     COMP-3.   ERCPNDC
   144         16  PC-CLAIM-PAYMENT             PIC S9(7)V99  COMP-3.   ERCPNDC
   145         16  PC-AGE-AT-CLAIM              PIC 99.                 ERCPNDC
   146         16  FILLER                       PIC XX.                 ERCPNDC
   147         16  PC-PAYMENT-TYPE              PIC X.                  ERCPNDC
   148             88  PC-PARTIAL-PAYMENT           VALUE '1'.          ERCPNDC
   149             88  PC-FINAL-PAYMENT             VALUE '2'.          ERCPNDC
   150             88  PC-LUMP-SUM-PAYMENT          VALUE '3'.          ERCPNDC
   151             88  PC-ADDITIONAL-PAYMENT        VALUE '4'.          ERCPNDC
   152             88  PC-CHARGEBLE-EXPENSE         VALUE '5'.          ERCPNDC
   153             88  PC-NON-CHARGEBLE-EXPENSE     VALUE '6'.          ERCPNDC
   154             88  PC-VOIDED-PAYMENT            VALUE '9'.          ERCPNDC
   155                                                                  ERCPNDC
   156         16  PC-FUTURE-RESERVE-AMT        PIC S9(7)V99  COMP-3.   ERCPNDC
   157         16  PC-IBNR-RESERVE-AMT          PIC S9(7)V99  COMP-3.   ERCPNDC
   158         16  PC-PTC-RESERVE-AMT           PIC S9(7)V99  COMP-3.   ERCPNDC
   159         16  PC-MANUAL-RESERVE-AMT        PIC S9(7)V99  COMP-3.   ERCPNDC
   160                                                                  ERCPNDC
   161         16  PC-SV-CARRIER                PIC X.                  ERCPNDC
   162         16  PC-SV-GROUPING               PIC X(6).               ERCPNDC
   163         16  PC-SV-STATE                  PIC XX.                 ERCPNDC
   164                                                                  ERCPNDC
   165         16  PC-VOID-SW                   PIC X.                  ERCPNDC
   166             88  PC-PUT-CERT-INFORCE          VALUE '1'.          ERCPNDC
   167                                                                  ERCPNDC
   168         16  PC-CAUSE-CODE                PIC X(6).               ERCPNDC
   169         16  FILLER                       PIC X(48).              ERCPNDC
   170                                                                  ERCPNDC
   171         16  PC-CLAIMED-CERT-DATA.                                ERCPNDC
   172             20  PC-CC-INSURED-NAME.                              ERCPNDC
   173                 24  PC-CC-LAST-NAME      PIC X(15).              ERCPNDC
   174                 24  PC-CC-INITIALS       PIC XX.                 ERCPNDC
   175             20  PC-CC-INSURED-AGE        PIC S99.                ERCPNDC
   176             20  PC-CC-INSURED-SEX        PIC X.                  ERCPNDC
   177             20  PC-CC-ORIG-TERM          PIC S999        COMP-3. ERCPNDC
   178             20  PC-CC-LF-BENEFIT-CD      PIC XX.                 ERCPNDC
   179             20  PC-CC-LIFE-BENEFIT-AMT   PIC S9(9)V99    COMP-3. ERCPNDC
   180             20  PC-CC-ALT-LF-BENEFIT-AMT PIC S9(9)V99    COMP-3. ERCPNDC
   181             20  PC-CC-LIFE-PREMIUM       PIC S9(7)V99    COMP-3. ERCPNDC
   182             20  PC-CC-AH-BENEFIT-CD      PIC XX.                 ERCPNDC
   183             20  PC-CC-AH-BENEFIT-AMT     PIC S9(7)V99    COMP-3. ERCPNDC
   184             20  PC-CC-AH-PREMIUM-AMT     PIC S9(7)V99    COMP-3. ERCPNDC
* Micro Focus Server Express         V5.1 revision 000 06-Oct-15 17:18 Page   5
* DCCVTCLPT.cbl (/apps/prod/cid1p/copy/ERCPNDC)
   185             20  PC-CC-RATE-CLASS         PIC XX.                 ERCPNDC
   186             20  PC-CC-RATE-DEV           PIC XXX.                ERCPNDC
   187             20  PC-CC-OB-FLAG            PIC X.                  ERCPNDC
   188                 88  PC-CC-OB                VALUE 'B'.           ERCPNDC
   189             20  PC-CC-AH-POLICY-STATUS   PIC X.                  ERCPNDC
   190                 88  PC-CCA-POLICY-IS-ACTIVE        VALUE '1' '3' ERCPNDC
   191                                               '4' '5' '9' '2'.   ERCPNDC
   192                 88  PC-CCA-NORMAL-ENTRY            VALUE '1'.    ERCPNDC
   193                 88  PC-CCA-POLICY-PENDING          VALUE '2'.    ERCPNDC
   194                 88  PC-CCA-POLICY-IS-RESTORE       VALUE '3'.    ERCPNDC
   195                 88  PC-CCA-CONVERSION-ENTRY        VALUE '4'.    ERCPNDC
   196                 88  PC-CCA-POLICY-IS-REISSUE       VALUE '5'.    ERCPNDC
   197                 88  PC-CCA-LUMP-SUM-DISAB          VALUE '6'.    ERCPNDC
   198                 88  PC-CCA-DEATH-CLAIM-APPLIED     VALUE '7'.    ERCPNDC
   199                 88  PC-CCA-CANCEL-APPLIED          VALUE '8'.    ERCPNDC
   200                 88  PC-CCA-REIN-ONLY               VALUE '9'.    ERCPNDC
   201             20  PC-CC-LF-POLICY-STATUS   PIC X.                  ERCPNDC
   202                 88  PC-CCL-POLICY-IS-ACTIVE        VALUE '1' '3' ERCPNDC
   203                                               '4' '5' '9' '2'.   ERCPNDC
   204                 88  PC-CCL-NORMAL-ENTRY            VALUE '1'.    ERCPNDC
   205                 88  PC-CCL-POLICY-PENDING          VALUE '2'.    ERCPNDC
   206                 88  PC-CCL-POLICY-IS-RESTORE       VALUE '3'.    ERCPNDC
   207                 88  PC-CCL-CONVERSION-ENTRY        VALUE '4'.    ERCPNDC
   208                 88  PC-CCL-POLICY-IS-REISSUE       VALUE '5'.    ERCPNDC
   209                 88  PC-CCL-LUMP-SUM-DISAB          VALUE '6'.    ERCPNDC
   210                 88  PC-CCL-DEATH-CLAIM-APPLIED     VALUE '7'.    ERCPNDC
   211                 88  PC-CCL-CANCEL-APPLIED          VALUE '8'.    ERCPNDC
   212                 88  PC-CCL-REIN-ONLY               VALUE '9'.    ERCPNDC
   213             20  PC-CC-PAY-FREQUENCY      PIC 99.                 ERCPNDC
   214             20  PC-CC-LOAN-APR           PIC 9(3)V9(4)   COMP-3. ERCPNDC
   215             20  PC-CC-SOC-SEC-NO         PIC X(11).              ERCPNDC
   216             20  PC-CC-MEMBER-NO          PIC X(12).              ERCPNDC
   217             20  PC-CC-INT-CODE           PIC X.                  ERCPNDC
   218                 88  PC-CC-ADD-ON                  VALUE 'A'.     ERCPNDC
   219                 88  PC-CC-SIMPLE                  VALUE 'S'.     ERCPNDC
   220             20  PC-CC-CAPPED-TERM        PIC 999.                ERCPNDC
   221             20  PC-CC-PRIOR-LUMP-PMT     PIC S9(7)V99  COMP-3.   ERCPNDC
   222             20  PC-CC-PRIOR-DEATH-AMT    PIC S9(9)V99  COMP-3.   ERCPNDC
   223             20  PC-CC-CANCEL-DT          PIC XX.                 ERCPNDC
   224             20  PC-CC-DEATH-DT           PIC XX.                 ERCPNDC
   225             20  PC-CC-SETTLEMENT-DT      PIC XX.                 ERCPNDC
   226             20  PC-CC-PRIOR-STATUS       PIC X.                  ERCPNDC
   227             20  PC-CC-CERT-ENTRY-STATUS  PIC X.                  ERCPNDC
   228         16  PC-TRLR-SEQ-NO               PIC S9(4)     COMP.     ERCPNDC
   229         16  PC-CC-CLP-STATE              PIC XX.
   230         16  FILLER                       PIC X(14).              ERCPNDC
   231         16  PC-REMAINING-BENEFIT         PIC S9(9)V99  COMP-3.   ERCPNDC
   232         16  PC-REMAINING-TERM            PIC S9(3)     COMP-3.   ERCPNDC
   233         16  FILLER                       PIC X(34).              ERCPNDC
   234                                                                  ERCPNDC
   235     12  PC-RECORD-STATUS.                                        ERCPNDC
   236         16  PC-CREDIT-SELECT-DT          PIC XX.                 ERCPNDC
   237         16  PC-CREDIT-ACCEPT-DT          PIC XX.                 ERCPNDC
   238         16  FILLER                       PIC XX.                 ERCPNDC
   239         16  PC-FATAL-FLAG                PIC X.                  ERCPNDC
   240             88  PC-FATAL-ERRORS             VALUE 'X'.           ERCPNDC
   241         16  PC-FORCE-CODE                PIC X.                  ERCPNDC
   242             88  PC-FORCE-OFF                VALUE ' ' '0'.       ERCPNDC
* Micro Focus Server Express         V5.1 revision 000 06-Oct-15 17:18 Page   6
* DCCVTCLPT.cbl (/apps/prod/cid1p/copy/ERCPNDC)
   243             88  PC-CLAIM-FORCE              VALUE '6' '7'        ERCPNDC
   244                                                     '8'.         ERCPNDC
   245         16  PC-FORCE-ER-CD               PIC X.                  ERCPNDC
   246             88  PC-FORCE-ERRORS             VALUE 'F'.           ERCPNDC
   247             88  PC-UNFORCED-ERRORS          VALUE 'X'.           ERCPNDC
   248         16  PC-WARN-ER-CD                PIC X.                  ERCPNDC
   249             88  PC-WARNING-ERRORS           VALUE 'W'.           ERCPNDC
   250         16  PC-LF-OVERRIDE-L1            PIC X.                  ERCPNDC
   251         16  PC-AH-OVERRIDE-L1            PIC X.                  ERCPNDC
   252         16  FILLER                       PIC X(17).              ERCPNDC
   253         16  PC-CERT-UPDATE-SW            PIC X.                  ERCPNDC
   254             88  PC-CERT-DATA-CAPTURED       VALUE '1'.           ERCPNDC
   255         16  PC-COMPANY-ID                PIC XXX.                ERCPNDC
   256         16  PC-INPUT-DT                  PIC XX.                 ERCPNDC
   257                                                                  ERCPNDC
   258     12  PC-ERROR-FLAGS.                                          ERCPNDC
   259         16  PC-STANDARD-ERRORS.                                  ERCPNDC
   260             20  PC-STD-ERROR-FLAGS   OCCURS 25 TIMES PIC X.      ERCPNDC
   261         16  PC-TRANSACTION-ERRORS.                               ERCPNDC
   262             20  PC-TRN-ERROR-FLAGS   OCCURS 75 TIMES PIC X.      ERCPNDC
   263                                                                  ERCPNDC
   264     12  PC-ERR-FLAGS-R REDEFINES  PC-ERROR-FLAGS.                ERCPNDC
   265         16  PC-ERR-FLAG              OCCURS 100 TIMES PIC X.     ERCPNDC
   266                                                                  ERCPNDC
   267     12  FILLER                           PIC X(25).              ERCPNDC
   268                                                                  ERCPNDC
   269******************************************************************ERCPNDC
   270
   271 PROCEDURE DIVISION.
   272
   273 0000-MAIN.
   274
   275     PERFORM 0400-OPEN-FILES     THRU 0400-EXIT
   276
   277     PERFORM 0600-INITIALIZE     THRU 0600-EXIT
   278
   279     PERFORM 0100-PROCESS-VALT   THRU 0100-EXIT UNTIL
   280           END-OF-VALT
   281
   282     PERFORM 0500-CLOSE-FILES    THRU 0500-EXIT
   283
   284     DISPLAY ' VALT RECORDS READ    ' VALT-RECS-IN
   285     DISPLAY ' VALT RECORDS WRITTEN ' VALT-RECS-OUT
   286     DISPLAY ' VALT RECORDS FIXED   ' VALT-RECS-FIX
   287     DISPLAY ' VALT RECORDS SKIPPED ' VALT-RECS-SKIP
   288     DISPLAY ' VALT RECORDS CO      ' VALT-CO-FIX
   289     GOBACK
   290
   291     .
   292 0100-PROCESS-VALT.
   293
   294     IF ED-PENDING-CLAIMS
   295        MOVE ED-DATA-AREAS       TO PENDING-CLAIMS
   296        IF PC-RESERVES
   297           IF PC-CERT-NO = '0008834576 ' AND
   298             PC-RECORD-TYPE = '2'
   299             MOVE 'NE' TO PC-CC-CLP-STATE
   300           END-IF
* Micro Focus Server Express         V5.1 revision 000 06-Oct-15 17:18 Page   7
* DCCVTCLPT.cbl
   301           IF PC-CC-CLP-STATE NOT = SPACES AND ZEROS
   302              AND LOW-VALUES
   303              DISPLAY ' WINNER ' PC-CERT-NO ' '
   304               PC-CC-CLP-STATE
   305              MOVE PC-CC-CLP-STATE
   306                                 TO PC-STATE
   307           END-IF
   308           MOVE PENDING-CLAIMS   TO ED-DATA-AREAS
   309           PERFORM 0300-WRITE-VALT
   310                                 THRU 0300-EXIT
   311        END-IF
   312     END-IF
   313
   314     PERFORM 0200-READ-VALT      THRU 0200-EXIT
   315
   316     .
   317
   318 0100-EXIT.
   319     EXIT.
   320
   321 0200-READ-VALT.
   322
   323     READ VALT-IN AT END
   324          SET END-OF-VALT        TO TRUE
   325     END-READ
   326
   327     IF NOT END-OF-VALT
   328        ADD 1                    TO VALT-RECS-IN
   329     END-IF
   330
   331     .
   332
   333 0200-EXIT.
   334     EXIT.
   335
   336 0300-WRITE-VALT.
   337
   338     WRITE VALT-RECORD           FROM EXTRACT-DATA-RECORD
   339     ADD 1                       TO VALT-RECS-OUT
   340
   341     .
   342
   343 0300-EXIT.
   344     EXIT.
   345
   346 0400-OPEN-FILES.
   347
   348     OPEN INPUT VALT-IN
   349         OUTPUT VALT-OUT
   350
   351     .
   352
   353 0400-EXIT.
   354     EXIT.
   355
   356 0500-CLOSE-FILES.
   357
   358     CLOSE VALT-IN VALT-OUT
* Micro Focus Server Express         V5.1 revision 000 06-Oct-15 17:18 Page   8
* DCCVTCLPT.cbl
   359
   360     .
   361
   362 0500-EXIT.
   363     EXIT.
   364
   365 0600-INITIALIZE.
   366
   367     PERFORM 0200-READ-VALT      THRU 0200-EXIT
   368
   369     .
   370
   371 0600-EXIT.
   372     EXIT.
   373
* Micro Focus Server Express         V5.1 revision 000 Compiler
* Copyright (C) Micro Focus IP Development Limited 1984-2012.
*                                                        REF GNR-008065005AF
* Total Messages:     0
* Data:        3248     Code:         828
