* Micro Focus Server Express         V5.1 revision 000 06-Oct-15 17:18 Page   1
* ECRTEDT.cbl
* Options: int("ECRTEDT.int") anim csi verbose NOBOUND PARAMCOUNTCHECK
*          directives(cobopt.bth) endp list("ECRTEDT.lst")
     1$set osvs
* Setting: NOACCEPTREFRESH NOADV ALIGN"8" ALPHASTART"1" NOALTER NOAMODE ANIM
*          NOANIMPREP ANS85 APOST NOAREACHECK ARITHMETIC"OSVS" ASSIGN
*          "EXTERNAL" NOASSIGN-PRINTER NOAUTOLOCK NOBELL NOBOUND NOBRIEF
*          NOBS2000 BWZSTAR NOBYTEMODEMOVE CALLFH"ebmlsfile" NOCALLMCS
*          NOCALLRECOVERY CALLSORT"EXTSM" CANCEL CANCELLBR NOCHANGEMESSAGE
*          CHARSET"ASCII" NOCHECKDIV NOCHECKREFMOD NOCICS CICS-CPY
*          NOCICSOPTIMIZE NOCMPR2 NOCOBFSTATCONV NOCOBIDY NOCOBOL370 COBOLDIR
*          NOCOMP COMP-5"2" COMP-6"2" NOCOMS85 CONFIRM NOCONVERTRET CONVSPACE
*          COPYEXT",cbl,cpy" NOCOPYLBR COPYLIST COPYLISTCOMMENT"1" CSI
*          CURRENCY-SIGN"36" CURRENT-DATE"MMDDYY" NODATA DATACOMPRESS"0"
*          NODATA-CONTEXT DATE DBCHECK DBCS"2" NODBCSSOSI DBSPACE DE-EDIT"2"
*          DEFAULTBYTE"32" NODEFAULTCALLS DETECTLOCK NODG DIALECT"MF"
*          NODIRECTIVES-IN-COMMENTS NODOSVS NODPCINSUBSCRIPT DYNAM
*          NOEARLY-RELEASE ECHO NOECHOALL NOEDITOR ENSUITE"0" NOENTCOBOL
*          ERRFORMAT"1" ERRLIST"EMBED" NOERRQ FASTSORT NOFCD3 NOFCDREG
*          NOFDCLEAR NOFILESHARE FILETYPE"0" NOFLAG NOFLAGAS NOFLAGCD
*          NOFLAGEUC NOFLAGMIG NOFLAGQ FLAGSINEDIT NOFLAGSTD NOFOLDCALLNAME
*          NOFOLDCOPYNAME FORM"60" NOFP-ROUNDING NOHOSTARITHMETIC
*          NOHOSTCONTZERO NOHOST-NUMCOMPARE NOHOST-NUMMOVE NOHOSTFD NOHOSTRW
*          NOIBM-MS IBMCOMP IDXFORMAT"0" NOILGEN IMPLICITSCOPE NOINDD
*          INFORETURN"0" NOINITCALL INITPTR INT"ECRTEDT.int" INTDATE"ANSI"
*          INTLEVEL"2" IOCONV NOISO2002 NOIXNLSKEY NOIXNUMKEY KEEP-INT
*          KEYCHECK KEYCOMPRESS"0" LIBRARIAN"2" NOLINE-COUNT LIST"ECRTEDT.lst"
*          LISTPATH"" LISTWIDTH"80" LITVAL-SIZE"4" LOCKTYPE"0" NOMAPNAME
*          NOMAXERROR METHODDEFAULT"REFERENCE" MF"15" MFCOMMENT NOMOVELENCHECK
*          NOMS NOMVS NATIVE"ASCII" NONATIVEFLOATINGPOINT NONCHAR
*          NONEWBASENAME NONLS NSYMBOL"DBCS" NOODOOSVS NOODOSLIDE
*          NOOLDBLANKLINE NOOLDCOPY NOOLDINDEX NOOLDNEXTSENTENCE NOOLDREADINTO
*          NOOLDSTRMIX OOCTRL"-C-E-G-P+Q+R-S+W" OPTIONAL-FILE NOOS390 OSEXT""
*          OSVS NOOUTDD NOP64 NOPANVALET PERFORM-TYPE"OSVS" NOPREPLIST
*          NOPREPROCESS NOPRINT-EXT NOPROFILE NOPROGID-COMMENT
*          NOPROGID-INT-NAME NOPROTECT-LINKAGE PROTOTYPE"RELAXED" QUAL
*          QUALPROC NOQUERY NOQUOTE NORAWLIST NORDW RECMODE"F" NOREENTRANT
*          NOREF NOREFNO REMAINDER"1" REPORT-LINE"256" RESEQ NORETRYLOCK
*          REWRITE-LS NORM RTNCODE-SIZE"4" NORWHARDPAGE NOSAA SEG NOSEQCHK
*          SEQUENTIAL"RECORD" NOSERIAL SETTING"LINE" NOSHAREOUTDD NOSHOW-DIR
*          SIGN"ASCII" NOSIGNDISCARD NOSIGNFIXUP SORTTYPE"DFSORT" SOURCEFORMAT
*          "FIXED" SOURCETABSTOP"8" NOSPZERO NOSSRANGE STDERR NOSTICKY-LINKAGE
*          NOSTICKY-PERFORM SUPFF SWITCHTYPE"1" SYMBSTART"1" SYSPUNCH"132"
*          TERMPAGE TIME NOTRACE NOTRUNC NOTRUNCCALLNAME NOTRUNCCOPY TRUNCINC
*          "10" UNICODE"NATIVE" VERBOSE VSC2"2" WARNING"1" NOWB NOWB2 NOWB3
*          WEBSERVER"CGI" NOWRITELOCK NOWRITETHRU NOXOPEN NOXREF
*          NOZEROLENGTHFALSE NOZEROSEQ NOZWB
     2 IDENTIFICATION DIVISION.                                         00000010
     3                                                                  00000020
     4 PROGRAM-ID.                 ECRTEDT.                             00000030
     5*                            VMOD=2.001.                          00000031
     6                                                                  00000050
     7 AUTHOR.        LOGIC, INC.                                       00000060
     8                DALLAS, TEXAS.                                    00000070
     9                                                                  00000080
    10 DATE-COMPILED. 06-Oct-15 17:18.
    12 SECURITY.   *****************************************************00000110
    13             *                                                   *00000120
    14             *   THIS PROGRAM IS THE PROPERTY OF LOGIC, INC.     *00000130
* Micro Focus Server Express         V5.1 revision 000 06-Oct-15 17:18 Page   2
* ECRTEDT.cbl
    15             *                                                   *00000140
    16             *   USE OF THIS PROGRAM BY OTHER THAN THE EMPLOYEES *00000150
    17             *   OF LOGIC, INC. IS EXPRESSLY PROHIBITED WITHOUT  *00000160
    18             *   THE PRIOR WRITTEN PERMISSION OF LOGIC, INC.     *00000170
    19             *                                                   *00000180
    20             *****************************************************00000190
    21                                                                  00000200
    22 REMARKS.                                                         00000210
    23         MATCH CERTIFICATE MASTER TO ACCOUNT MASTER FOR           00000220
    24         STATISTICS AND ERRORS.                                   00000230
* Micro Focus Server Express         V5.1 revision 000 06-Oct-15 17:18 Page   3
* ECRTEDT.cbl
    26 ENVIRONMENT DIVISION.                                            00000250
    27 INPUT-OUTPUT SECTION.                                            00000260
    28 FILE-CONTROL.                                                    00000270
    29                                                                  00000280
    30     SELECT PRINTR           ASSIGN TO SYS008-UR-1403-S-SYS008.   00000290
    31     SELECT CERT-IN          ASSIGN TO SYS010-UT-2400-S-SYS010.   00000300
    32     SELECT ACCT-IN          ASSIGN TO SYS013-UT-2400-S-SYS013.   00000310
* Micro Focus Server Express         V5.1 revision 000 06-Oct-15 17:18 Page   4
* ECRTEDT.cbl
    34 DATA DIVISION.                                                   00000330
    35 FILE SECTION.                                                    00000340
    36                                                                  00000350
    37 FD  PRINTR                                                       00000360
    38     RECORDING MODE F                                             00000370
    39     LABEL RECORDS OMITTED                                        00000380
    40     RECORD CONTAINS 133 CHARACTERS.                              00000390
    41 01  PRT-REC.                                                     00000400
    42     12  FILLER              PIC  X(133).                         00000410
    43                                                                  00000420
    44 FD  CERT-IN                                                      00000430
    45     RECORDING MODE F                                             00000440
    46     LABEL RECORDS STANDARD                                       00000450
    47     BLOCK CONTAINS 0 RECORDS                                     00000460
    48     RECORD CONTAINS 700 CHARACTERS.                              00000470
    49 01  CERT-IN-REC             PIC  X(700).                         00000480
    50                                                                  00000490
    51 FD  ACCT-IN                                                      00000500
    52     RECORDING MODE F                                             00000510
    53     LABEL RECORDS STANDARD                                       00000520
    54     BLOCK CONTAINS 0 RECORDS                                     00000530
    55     RECORD CONTAINS 2000 CHARACTERS.                             00000540
    56 01  ACCT-IN-REC             PIC  X(2000).                        00000550
* Micro Focus Server Express         V5.1 revision 000 06-Oct-15 17:18 Page   5
* ECRTEDT.cbl
    58 WORKING-STORAGE SECTION.                                         00000570
    59 77  FILLER  PIC  X(32) VALUE '********************************'. 00000580
    60 77  FILLER  PIC  X(32) VALUE '*          ECRTEDT             *'. 00000590
    61 77  FILLER  PIC  X(32) VALUE '**********V/M=2.001*************'. 00000600
    62                                                                  00000610
    63 77  SAVE-OVFLO              PIC S999    COMP-3  VALUE +66.       00000620
    64 77  PGCTR                   PIC S9(5)   COMP-3  VALUE +0.        00000630
    65 77  C-CNT                   PIC S9(5)   COMP-3  VALUE +0.        00000640
    66 77  SPACE-NP                PIC  X              VALUE '1'.       00000650
    67 77  SPACE-1                 PIC  X              VALUE ' '.       00000660
    68 77  SPACE-2                 PIC  X              VALUE '0'.       00000670
    69 77  SPACE-3                 PIC  X              VALUE '-'.       00000680
    70 77  ABEND-SW                PIC  X              VALUE 'N'.       00000690
    71     88  ABEND-ON                                VALUE 'Y'.       00000700
    72                                                                  00000710
    73 01  WS.                                                          00000720
    74     12  WS-RETURN-CODE       PIC S9(4)    COMP    VALUE +0.      00000730
    75     12  WS-ABEND-MESSAGE     PIC X(80)            VALUE SPACES.  00000740
    76     12  WS-ABEND-FILE-STATUS PIC X(80)            VALUE SPACES.  00000750
    77     12  WS-ZERO              PIC S9               VALUE +0.      00000760
    78 01  MISC-WORK-AREA.                                              00000770
    79     12  OLD-DATE.                                                00000780
    80         16  O-YR            PIC  99             VALUE 99.        00000790
    81         16  O-MO            PIC  99             VALUE 99.        00000800
    82         16  O-DA            PIC  99             VALUE 99.        00000810
    83     12  NEW-DATE.                                                00000820
    84         16  N-YR            PIC  99             VALUE 00.        00000830
    85         16  N-MO            PIC  99             VALUE 00.        00000840
    86         16  N-DA            PIC  99             VALUE 00.        00000850
* Micro Focus Server Express         V5.1 revision 000 06-Oct-15 17:18 Page   6
* ECRTEDT.cbl
    88 01  HD1.                                                         00000870
    89     12  FILLER              PIC  X(109)         VALUE            00000880
    90             'LOGIC CREDIT INSURANCE SYSTEM'.                     00000890
    91     12  FILLER              PIC  X(5)           VALUE 'PAGE'.    00000900
    92     12  HD-PG               PIC ZZZ,ZZ9.                         00000910
    93     12  FILLER              PIC  X(11)          VALUE            00000920
    94             '   CERTEDIT'.                                       00000930
    95                                                                  00000940
    96 01  HD2.                                                         00000950
    97     12  FILLER              PIC  X(124)         VALUE            00000960
    98             'CERTIFICATE VS. ACCOUNT MASTER EDIT'.               00000970
    99     12  HD-RUN              PIC  X(8).                           00000980
   100                                                                  00000990
   101 01  HD3.                                                         00001000
   102     12  FILLER              PIC  X(44)          VALUE            00001010
   103             ' CARR.       ACCOUNT                        '.      00001020
   104     12  FILLER              PIC  X(44)          VALUE            00001030
   105             '           EFF.     EXP.    OLDEST   NEWEST '.      00001040
   106     12  FILLER              PIC  X(44)          VALUE            00001050
   107             '   NO.                   CERT       CERT    '.      00001060
   108                                                                  00001070
   109 01  HD4.                                                         00001080
   110     12  FILLER              PIC  X(44)          VALUE            00001090
   111             ' GROUP  ST   NUMBER            ACCOUNT NAME '.      00001100
   112     12  FILLER              PIC  X(44)          VALUE            00001110
   113             '           DATE     DATE     DATE     DATE  '.      00001120
   114     12  FILLER              PIC  X(44)          VALUE            00001130
   115             '  CERTS                  DATE      NUMBER   '.      00001140
   116                                                                  00001150
   117 01  P-REC.                                                       00001160
   118     12  CCSW                PIC  X.                              00001170
   119     12  P-LN.                                                    00001180
   120         16  P-CARRIER       PIC  X.                              00001190
   121         16  P-GROUPING      PIC  X(6).                           00001200
   122         16  FILLER          PIC  X.                              00001210
   123         16  P-STATE         PIC  XX.                             00001220
   124         16  FILLER          PIC  X.                              00001230
   125         16  P-ACCOUNT       PIC  X(10).                          00001240
   126         16  FILLER          PIC  X.                              00001250
   127         16  P-NAME          PIC  X(30).                          00001260
   128         16  FILLER          PIC  X.                              00001270
   129         16  P-EMO           PIC  XX.                             00001280
   130         16  P-EMOD          PIC  X.                              00001290
   131         16  P-EDA           PIC  XX.                             00001300
   132         16  P-EDAD          PIC  X.                              00001310
   133         16  P-EYR           PIC  XX.                             00001320
   134         16  FILLER          PIC  X.                              00001330
   135         16  P-XMO           PIC  XX.                             00001340
   136         16  P-XMOD          PIC  X.                              00001350
   137         16  P-XDA           PIC  XX.                             00001360
   138         16  P-XDAD          PIC  X.                              00001370
   139         16  P-XYR           PIC  XX.                             00001380
   140         16  FILLER          PIC  X.                              00001390
   141         16  P-OMO           PIC  XX.                             00001400
   142         16  P-OMOD          PIC  X.                              00001410
   143         16  P-ODA           PIC  XX.                             00001420
   144         16  P-ODAD          PIC  X.                              00001430
   145         16  P-OYR           PIC  XX.                             00001440
* Micro Focus Server Express         V5.1 revision 000 06-Oct-15 17:18 Page   7
* ECRTEDT.cbl
   146         16  FILLER          PIC  X.                              00001450
   147         16  P-NMO           PIC  XX.                             00001460
   148         16  P-NMOD          PIC  X.                              00001470
   149         16  P-NDA           PIC  XX.                             00001480
   150         16  P-NDAD          PIC  X.                              00001490
   151         16  P-NYR           PIC  XX.                             00001500
   152         16  FILLER          PIC  X.                              00001510
   153         16  P-COUNT         PIC ZZZ,ZZZ.                         00001520
   154         16  FILLER          PIC  X.                              00001530
   155         16  P-MESS          PIC  X(13).                          00001540
   156         16  FILLER          PIC  X.                              00001550
   157         16  P-CMO           PIC  XX.                             00001560
   158         16  P-CMOD          PIC  X.                              00001570
   159         16  P-CDA           PIC  XX.                             00001580
   160         16  P-CDAD          PIC  X.                              00001590
   161         16  P-CYR           PIC  XX.                             00001600
   162         16  FILLER          PIC  X.                              00001610
   163         16  P-CERT          PIC  X(11).                          00001620
   164         16  FILLER          PIC  X.                              00001630
* Micro Focus Server Express         V5.1 revision 000 06-Oct-15 17:18 Page   8
* ECRTEDT.cbl
*  166                             COPY ECSCRT01.                       00001641
   167******************************************************************
   168*                                                                *
   169*                            ECSCRT01                            *
   170*           COPYBOOK REVIEWED FOR YEAR 2000 COMPLIANCE
   171*                            VMOD=2.016                          *
   172*                                                                *
   173*   FILE DESCRIPTION = CERTIFICATE RECORD    (OFF-LINE)          *
   174*                                                                *
   175*   FILE TYPE = SEQUENTIAL
   176*   RECORD SIZE = 1056 RECFORM = FIXED                           *
   177*                                                                *
   178*   KEY DATA =                         START=4, LEN=36           *
   179*                                                                *
   180*  NO  CID  MODS  IN  COPYBOOK  ECSCRT01                         *
   181*                                                                *
   182******************************************************************
   183******************************************************************
   184*                   C H A N G E   L O G
   185*
   186* CHANGES ARE MARKED BY THE CHANGE EFFECTIVE DATE.
   187*-----------------------------------------------------------------
   188*  CHANGE   CHANGE REQUEST PGMR  DESCRIPTION OF CHANGE
   189* EFFECTIVE    NUMBER
   190*-----------------------------------------------------------------
   191* 122002                   PEMA  ADD MONTHLY PRODUCT PROCESSING
   192* 100703    2003080800002  PEMA  ADD SUPER GAP PROCESSING
   193* 040504    2003080800002  PEMA  ADD DEALER INCENTIVE PROCESSING
   194* 020305    2005020000000  PEMA  ADD CLP STATE TO CERT RECORD
   195* 110105    2005071200004  PEMA  INCREASE SIZE OF LOAN OFFICER
   196* 042408    2007110500003  PEMA  ADD REFUND INTEREST PROCESSING
   197* 071211  CR2009050700003  PEMA  ADD SPP DEALER DIRECT
   198* 032612  CR2011110200001  PEMA  AHL CHANGES
   199* 052814  CR2014012300001  PEMA  DCC CREDIT UNION CHANGES
   200* 090314  CR2014081300001  PEMA  LOAD CERTS INVOLVED IN THAO
   201******************************************************************
   202
   203 01  CERTIFICATE-RECORD.
   204     12  CR-RECORD-ID                      PIC XX.
   205         88  VALID-CR-ID                      VALUE 'CR'.
   206
   207     12  CR-COMPANY-CD                     PIC X.
   208
   209     12  CR-FULL-CONTROL.
   210         16  CR-CONTROL-1.
   211             20  CR-ACCT-CONTROL.
   212                 24  CR-CARRIER            PIC X.
   213                 24  CR-GROUPING.
   214                     28  CR-GROUP-PREFIX   PIC XXX.
   215                     28  CR-GROUP-PRIME    PIC XXX.
   216                 24  CR-STATE              PIC XX.
   217                 24  CR-ACCOUNT.
   218                     28  CR-ACCT-PREFIX    PIC X(4).
   219                     28  CR-ACCT-PRIME     PIC X(6).
   220             20  CR-DT                     PIC 9(11)  COMP-3.
   221         16  CR-CERT-NO.
   222             20  CR-CERT.
   223                 24  CR-CERT-PREFIX        PIC X(3).
* Micro Focus Server Express         V5.1 revision 000 06-Oct-15 17:18 Page   9
* ECRTEDT.cbl (/apps/prod/cid1p/copy/ECSCRT01)
   224                 24  CR-CERT-PRIME         PIC X(7).
   225             20  CR-CERT-SFX               PIC X.
   226
   227     12  CR-INSUREDS-PROFILE.
   228         16  CR-NAME.
   229             20  CR-LNAME                  PIC X(15).
   230             20  CR-FNAME.
   231                 24  CR-1ST-INITIAL        PIC X.
   232                 24  FILLER                PIC X(9).
   233             20  CR-INIT                   PIC X.
   234         16  CR-AGE                        PIC 99.
   235         16  CR-SEX                        PIC X.
   236             88  CR-SEX-MALE                  VALUE 'M'.
   237             88  CR-SEX-FEMALE                VALUE 'F'.
   238         16  CR-SOC-SEC                    PIC X(11).
   239         16  CR-JOINT-NAME.
   240             20  CR-JT-LNAME               PIC X(15).
   241             20  CR-JT-FNAME.
   242                 24  CR-JT-1ST-INIT        PIC X.
   243                 24  FILLER                PIC X(9).
   244             20  CR-JT-INIT                PIC X.
   245         16  CR-JOINT-AGE                  PIC 99.
   246
   247         16  cr-ahl-ah-claim-no            pic x(9).
   248         16  cr-ahl-ah-cert-seq            pic x(3).
   249         16  cr-hst-proc-lf                pic x.
   250         16  f                             pic x(7).
   251
   252     12  CR-LF-COVERAGE-DATA.
   253         16  CR-LFTYP                      PIC XX.
   254         16  CR-LF-TERM                    PIC S999       COMP-3.
   255         16  CR-LF-CRIT-PERIOD             PIC S999       COMP-3.
   256         16  CR-LF-TERM-IN-DAYS            PIC S9(5)      COMP-3.
   257         16  CR-LF-DEV-CODE                PIC XXX.
   258         16  CR-LF-DEV-PCT                 PIC S9V9(6)    COMP-3.
   259
   260         16  CR-LFAMT                      PIC S9(9)V99   COMP-3.
   261         16  CR-LFPRM                      PIC S9(7)V99   COMP-3.
   262         16  CR-LFPRM-CALC                 PIC S9(7)V99   COMP-3.
   263         16  CR-LFPRM-RATE                 PIC S99V9(5)   COMP-3.
   264
   265         16  CR-LFAMT-ALT                  PIC S9(9)V99   COMP-3.
   266         16  CR-LFPRM-ALT                  PIC S9(7)V99   COMP-3.
   267         16  CR-LFPRM-CALC-ALT             PIC S9(7)V99   COMP-3.
   268         16  CR-LFPRM-RATE-ALT             PIC S99V9(5)   COMP-3.
   269
   270         16  CR-LFRFND                     PIC S9(7)V99   COMP-3.
   271         16  CR-LFRFND-CALC                PIC S9(7)V99   COMP-3.
   272
   273         16  CR-LF-NSP-PRM                 PIC S9(7)V99   COMP-3.
   274         16  CR-LF-NSP-PRM-RATE            PIC S99V9(5)   COMP-3.
   275
   276         16  CR-LF-REFUND-TYPE             PIC X.
   277         16  CR-LF-POLICY-FEE              PIC S9(3)V99   COMP-3.
   278
   279         16  CR-LF-COMM-CHARGEBACK         PIC X.
   280             88  CR-NO-LF-CHARGEBACK          VALUE 'N'.
   281
* Micro Focus Server Express         V5.1 revision 000 06-Oct-15 17:18 Page  10
* ECRTEDT.cbl (/apps/prod/cid1p/copy/ECSCRT01)
   282         16  CR-LF-REI-RISK-PRM            PIC S9(7)V99   COMP-3.
   283
   284         16  CR-LF-EXPIRE-DATE             PIC 9(11)      COMP-3.
   285         16  CR-LF-ISS-PREM-TAX            PIC S9V9(4)    COMP-3.
   286         16  CR-LF-CNC-PREM-TAX            PIC S9V9(4)    COMP-3.
   287
   288         16  cr-ahl-lf-claim-no            pic x(9).
   289         16  cr-ahl-lf-cert-seq            pic x(3).
   290         16  FILLER                        PIC XX.
   291
   292     12  CR-AH-COVERAGE-DATA.
   293         16  CR-AHTYP                      PIC XX.
   294         16  CR-AH-TERM                    PIC S999       COMP-3.
   295         16  CR-AH-CRIT-PERIOD             PIC S999       COMP-3.
   296         16  CR-AH-DEV-CODE                PIC XXX.
   297         16  CR-AH-DEV-PCT                 PIC S9V9(6)    COMP-3.
   298
   299         16  CR-AHAMT                      PIC S9(7)V99   COMP-3.
   300         16  CR-AHPRM                      PIC S9(7)V99   COMP-3.
   301         16  CR-AHPRM-CALC                 PIC S9(7)V99   COMP-3.
   302         16  CR-AHPRM-RATE                 PIC S99V9(5)   COMP-3.
   303
   304         16  CR-AHRFND                     PIC S9(7)V99   COMP-3.
   305         16  CR-AHRFND-CALC                PIC S9(7)V99   COMP-3.
   306
   307         16  CR-AH-NSP-PRM                 PIC S9(7)V99   COMP-3.
   308         16  CR-AH-NSP-PRM-RATE            PIC S99V9(5)   COMP-3.
   309
   310         16  CR-AH-REFUND-TYPE             PIC X.
   311         16  CR-AH-POLICY-FEE              PIC S9(3)V99   COMP-3.
   312
   313         16  CR-AH-COMM-CHARGEBACK         PIC X.
   314             88  CR-NO-AH-CHARGEBACK          VALUE 'N'.
   315
   316         16  CR-AH-REI-RISK-PRM            PIC S9(7)V99   COMP-3.
   317
   318         16  CR-AH-EXPIRE-DATE             PIC 9(11)      COMP-3.
   319         16  CR-AH-ISS-PREM-TAX            PIC S9V9(4)    COMP-3.
   320         16  CR-AH-CNC-PREM-TAX            PIC S9V9(4)    COMP-3.
   321
   322         16  FILLER                        PIC XX.
   323*        16  FILLER                        PIC X(8).
   324
   325     12  CR-LOAN-DATA.
   326         16  CR-LIVES                      PIC S9(7)      COMP-3.
   327         16  CR-DDF-IU-RATE-UP REDEFINES CR-LIVES
   328                                           PIC S9(5)V99   COMP-3.
   329         16  CR-BILLED                     PIC S9(7)      COMP-3.
   330         16  CR-APR                        PIC S999V9(4)  COMP-3.
   331         16  CR-PMT-FREQ                   PIC 99.
   332         16  CR-LOAN-TERM                  PIC S999       COMP-3.
   333         16  CR-RATING-CLASS               PIC XX.
   334         16  CR-POLICY-FORM-NO             PIC X(12).
   335         16  CR-GRPTYP                     PIC XX.
   336         16  CR-IND-GRP                    PIC X.
   337             88  CR-INDIVIDUAL                VALUE '1'.
   338             88  CR-GROUP                     VALUE '2'.
   339         16  CR-SKIP                       PIC 99.
* Micro Focus Server Express         V5.1 revision 000 06-Oct-15 17:18 Page  11
* ECRTEDT.cbl (/apps/prod/cid1p/copy/ECSCRT01)
   340             88  NO-MONTHS-SKIPPED            VALUE 00.
   341             88  SKIP-JULY                    VALUE 01.
   342             88  SKIP-AUGUST                  VALUE 02.
   343             88  SKIP-SEPTEMBER               VALUE 03.
   344             88  SKIP-JULY-AUG                VALUE 04.
   345             88  SKIP-AUG-SEPT                VALUE 05.
   346             88  SKIP-JULY-AUG-SEPT           VALUE 06.
   347             88  SKIP-JUNE-JULY-AUG           VALUE 07.
   348             88  SKIP-JUNE                    VALUE 08.
   349             88  SKIP-JUNE-JULY               VALUE 09.
   350             88  SKIP-AUG-SEPT-OCT            VALUE 10.
   351             88  SKIP-BI-WEEKLY-3RD-PMT       VALUE 11.
   352         16  CR-RESIDENT-STATE             PIC XX.
   353         16  CR-RATE-CODE.
   354             20  CR-LF-CLASS-CD            PIC XX.
   355             20  CR-AH-CLASS-CD            PIC XX.
   356         16  CR-MORT.
   357             20  CR-TAB                    PIC X.
   358             20  CR-INT                    PIC 99.
   359             20  CR-GRP                    PIC X.
   360         16  CR-MEMBER-NO                  PIC X(12).
   361         16  CR-OLD-LOF                    PIC XXX.
   362*        16  CR-LOAN-OFFICER               PIC XXX.
   363         16  CR-REIN-TABLE                 PIC XXX.
   364         16  CR-REIN-SPEC                  PIC X.
   365         16  CR-LOAN-1ST-PMT-DT.
   366             20  CR-1ST-PMT-YR             PIC 99.
   367             20  CR-1ST-PMT-MO             PIC 99.
   368             20  CR-1ST-PMT-DA             PIC 99.
   369         16  CR-SUM-CAN-CNT-ITD            PIC S999       COMP-3.
   370         16  CR-SUM-CAN-CNT-YTD            PIC S999       COMP-3.
   371         16  CR-PMT-EXTENSION-DAYS         PIC S999       COMP-3.
   372         16  CR-LAST-ADD-ON-DT             PIC XX.
   373
   374         16  CR-UNDERWRITING-CODE          PIC X.
   375             88  CR-POLICY-UNDERWRITTEN       VALUE 'Y'.
   376
   377         16  CR-STATE-TAX                  PIC S9(7)V99   COMP-3.
   378         16  CR-MUNI-TAX                   PIC S9(7)V99   COMP-3.
   379         16  CR-CANCEL-STATE-TAX           PIC S9(7)V99   COMP-3.
   380         16  CR-CANCEL-MUNI-TAX            PIC S9(7)V99   COMP-3.
   381
   382     12  CR-STATUS-INFORMATION.
   383         16  CR-ENTRY-STATUS               PIC X.
   384             88  CR-NORMAL-ENTRY              VALUE '1'.
   385             88  CR-POLICY-IS-RESTORE         VALUE '3'.
   386             88  CR-CONVERSION-ENTRY          VALUE '4'.
   387             88  CR-POLICY-IS-REISSUE         VALUE '5'.
   388             88  CR-POLICY-IS-CASH            VALUE 'C'.
   389             88  CR-POLICY-IS-MONTHLY         VALUE 'M'.
   390             88  CR-POLICY-IS-REIN-ONLY       VALUE '9'.
   391             88  CR-POLICY-IS-DECLINED        VALUE 'D'.
   392             88  CR-POLICY-IS-VOID            VALUE 'V'.
   393             88  CR-POLICY-IS-PREM-ONLY       VALUE 'P'.
   394             88  CR-POLICY-IS-ACTIVE          VALUE '1' '3' '4'
   395                                                'C' '5' '9' 'P'.
   396         16  CR-ENTRY-DATE                 PIC 9(11)  COMP-3.
   397
* Micro Focus Server Express         V5.1 revision 000 06-Oct-15 17:18 Page  12
* ECRTEDT.cbl (/apps/prod/cid1p/copy/ECSCRT01)
   398         16  CR-LF-STATUS-AT-CANCEL        PIC X.
   399         16  CR-LF-CANC-DT                 PIC 9(11)  COMP-3.
   400         16  CR-LF-CANCEL-EXIT-DATE        PIC 9(11)  COMP-3.
   401
   402         16  CR-LF-STATUS-AT-DEATH         PIC X.
   403         16  CR-LF-CLAIM-EXIT-DATE         PIC 9(11)  COMP-3.
   404
   405         16  CR-LF-CURRENT-STATUS          PIC X.
   406             88  CR-LF-NORMAL-ENTRY           VALUE '1'.
   407             88  CR-LF-POLICY-PENDING         VALUE '2'.
   408             88  CR-LF-POLICY-IS-RESTORE      VALUE '3'.
   409             88  CR-LF-CONVERSION-ENTRY       VALUE '4'.
   410             88  CR-LF-POLICY-IS-REISSUE      VALUE '5'.
   411             88  CR-LF-POLICY-IS-MONTHLY      VALUE 'M'.
   412             88  CR-LF-LUMP-SUM-DISAB         VALUE '6'.
   413             88  CR-LF-DEATH-CLAIM-APPLIED    VALUE '7'.
   414             88  CR-LF-CANCEL-APPLIED         VALUE '8'.
   415             88  CR-LF-IS-REIN-ONLY           VALUE '9'.
   416             88  CR-LF-IS-DECLINED            VALUE 'D'.
   417             88  CR-LF-IS-VOID                VALUE 'V'.
   418             88  CR-LF-POLICY-IS-ACTIVE       VALUE '1' '2' '3'
   419                                                    '4' '5' '9'.
   420
   421         16  CR-AH-STATUS-AT-CANCEL        PIC X.
   422
   423         16  CR-AH-CANC-DT                 PIC 9(11)  COMP-3.
   424         16  CR-AH-CANCEL-EXIT-DATE        PIC 9(11)  COMP-3.
   425
   426         16  CR-AH-STATUS-AT-SETTLEMENT    PIC X.
   427         16  CR-AH-SETTLEMENT-EXIT-DATE    PIC 9(11)  COMP-3.
   428
   429         16  CR-AH-CURRENT-STATUS          PIC X.
   430             88  CR-AH-NORMAL-ENTRY           VALUE '1'.
   431             88  CR-AH-POLICY-PENDING         VALUE '2'.
   432             88  CR-AH-POLICY-IS-RESTORE      VALUE '3'.
   433             88  CR-AH-CONVERSION-ENTRY       VALUE '4'.
   434             88  CR-AH-POLICY-IS-REISSUE      VALUE '5'.
   435             88  CR-AH-POLICY-IS-MONTHLY      VALUE 'M'.
   436             88  CR-AH-LUMP-SUM-DISAB         VALUE '6'.
   437             88  CR-AH-DEATH-CLAIM-APPLIED    VALUE '7'.
   438             88  CR-AH-CANCEL-APPLIED         VALUE '8'.
   439             88  CR-AH-IS-REIN-ONLY           VALUE '9'.
   440             88  CR-AH-IS-DECLINED            VALUE 'D'.
   441             88  CR-AH-IS-VOID                VALUE 'V'.
   442             88  CR-AH-POLICY-IS-ACTIVE       VALUE '1' '2' '3'
   443                                                    '4' '5' '9'.
   444         16  CR-LOAN-OFFICER               PIC X(5).
   445         16  CR-CANCEL-REASON              PIC X.
   446         16  cr-xycor-lf-cov-code          pic x(4).
   447         16  cr-xycor-ah-cov-code          pic x(4).
   448         16  cr-temp-epiq                  pic x(4).
   449         16  FILLER                        PIC XX.
   450
   451     12  CR-DEATH-CLAIM-DATA.
   452         16  CR-NUM-DTH-CLM                PIC S999       COMP-3.
   453
   454         16  CR-DTH-DT                     PIC 9(11)      COMP-3.
   455         16  CR-DTH-RPT-DT.
* Micro Focus Server Express         V5.1 revision 000 06-Oct-15 17:18 Page  13
* ECRTEDT.cbl (/apps/prod/cid1p/copy/ECSCRT01)
   456             20  CR-DTH-RPT-YR             PIC 99.
   457             20  CR-DTH-RPT-MO             PIC 99.
   458             20  CR-DTH-RPT-DA             PIC 99.
   459         16  CR-DTH-PAY-DT                 PIC 9(11)      COMP-3.
   460
   461         16  CR-DTHAMT                     PIC S9(9)V99   COMP-3.
   462         16  CR-DTHAMT-YTD                 PIC S9(9)V99   COMP-3.
   463         16  CR-DTHAMT-LAST                PIC S9(9)V99   COMP-3.
   464         16  CR-DTHEXP                     PIC S9(7)V99   COMP-3.
   465         16  CR-DTHEXP-YTD                 PIC S9(7)V99   COMP-3.
   466
   467         16  CR-DTH-AGE                    PIC 99.
   468         16  CR-DTH-PAY-CD                 PIC X.
   469         16  CR-DEATH-CAUSE                PIC X(6).
   470
   471         16  FILLER                        PIC X(16).
   472
   473     12  CR-DISAB-CLAIM-DATA.
   474         16  CR-NUM-DIS-CLM                PIC S999       COMP-3.
   475
   476         16  CR-DIS-DT                     PIC 9(11)      COMP-3.
   477         16  CR-DIS-RPT-DT.
   478             20  CR-DIS-RPT-YR             PIC 99.
   479             20  CR-DIS-RPT-MO             PIC 99.
   480             20  CR-DIS-RPT-DA             PIC 99.
   481         16  CR-DIS-PAY-DT                 PIC 9(11)      COMP-3.
   482         16  CR-DIS-PTO-DT                 PIC 9(11)      COMP-3.
   483
   484         16  CR-DISAMT                     PIC S9(9)V99   COMP-3.
   485         16  CR-DISAMT-YTD                 PIC S9(9)V99   COMP-3.
   486         16  CR-DISAMT-LAST                PIC S9(9)V99   COMP-3.
   487         16  CR-DISEXP                     PIC S9(7)V99   COMP-3.
   488         16  CR-DISEXP-YTD                 PIC S9(7)V99   COMP-3.
   489
   490         16  CR-DAYS-DISAB                 PIC 999        COMP-3.
   491         16  CR-DIS-PAY-CD                 PIC X.
   492         16  FILLER                        PIC XX.
   493
   494         16  CR-DISAB-INCURRED-DETAIL.
   495             20  CR-DISAB-DETAIL-DATA  OCCURS 5 TIMES.
   496**ELCCRTVR MUST BE CHANGED IF THE "OCCURS" IS CHANGED.
   497                 24  CR-DIS-INCUR-DT       PIC 9(11)     COMP-3.
   498                 24  CR-INCUR-DISAMT       PIC S9(9)V99  COMP-3.
   499                 24  CR-INCUR-DISEXP       PIC S9(9)V99  COMP-3.
   500
   501         16  CR-DISAB-CAUSE                PIC X(6).
   502         16  FILLER                        PIC X(14).
   503
   504     12  CR-REMIT-TO                       PIC 99.
   505
   506     12  CR-COMPENSATION-LEVELS.
   507         16  CR-AGT-LEVELS      OCCURS 10 TIMES.
   508             20  CR-COM-AGT.
   509                 24  CR-COM-AGT-PREFIX     PIC X(4).
   510                 24  CR-COM-AGT-PRIME      PIC X(6).
   511             20  CR-AGT-TYPE               PIC X.
   512             20  CR-LCOM-L                 PIC SV9(5)     COMP-3.
   513             20  CR-LCOM-AH                PIC SV9(5)     COMP-3.
* Micro Focus Server Express         V5.1 revision 000 06-Oct-15 17:18 Page  14
* ECRTEDT.cbl (/apps/prod/cid1p/copy/ECSCRT01)
   514
   515     12  CR-BANK-NOCHRGB-MONTHS            PIC 99.
   516     12  CR-MOB-NET-TOT-FEES               PIC S9(7)V99   COMP-3.
   517     12  CR-ADDL-CLP                       PIC S9(5)V99   COMP-3.
   518     12  CR-CLP-STATE                      PIC XX.
   519     12  CR-POST-CARD-IND                  PIC X.
   520     12  CR-LF-CLP                         PIC S9(5)V99   COMP-3.
   521     12  CR-AH-CLP                         PIC S9(5)V99   COMP-3.
   522     12  CR-DCC-PRODUCT-CODE               PIC XXX.
   523     12  CR-LF-RFND-CLP                    PIC S9(5)V99   COMP-3.
   524     12  CR-AH-RFND-CLP                    PIC S9(5)V99   COMP-3.
   525     12  FILLER                            PIC X(07).
   526
   527     12  CR-CSR-CODE                       PIC XXX.
   528
   529     12  CR-CLAIM-DEDUCT-WITHHELD          PIC S9(5)V99   COMP-3.
   530     12  CR-CANCEL-DEDUCT-WITHHELD         PIC S9(5)V99   COMP-3.
   531
   532     12  CR-MICROFILM-NUMBERS.
   533*        16  CR-ISS-MICROFILM-NO           PIC S9(9)      COMP-3.
   534         16  FILLER                        PIC X(5).
   535     12  CR-NH-INT-ON-REF                  PIC S9(7)V99   COMP-3.
   536
   537     12  CR-USER-CODE                      PIC X.
   538     12  CR-USER-FUTURE                    PIC X(9).
   539
   540     12  CR-BENEFICIARY.
   541         16  CR-BANK-NO                    PIC X(10).
   542         16  FILLER                        PIC X(15).
   543
   544     12  CR-ENTRY-BATCH                    PIC X(6).
   545     12  CR-LF-EXIT-BATCH                  PIC X(6).
   546     12  CR-AH-EXIT-BATCH                  PIC X(6).
   547
   548     12  CR-NOTE-SW                        PIC X.
   549
   550     12  CR-ORIGIN-INDICATOR               PIC X.
   551         88  CR-ENTERED-MANUALLY              VALUE '1'.
   552         88  CR-CREATED-FROM-TAPE-LOAD        VALUE '2'.
   553
   554     12  CR-LF-CNC-ENT-DT                  PIC 9(11)  COMP-3.
   555     12  CR-AH-CNC-ENT-DT                  PIC 9(11)  COMP-3.
   556     12  FILLER                            PIC X(33).
   557
   558******************************************************************
* Micro Focus Server Express         V5.1 revision 000 06-Oct-15 17:18 Page  15
* ECRTEDT.cbl
*  560                             COPY ERCACCT.                        00001661
   561******************************************************************04/19/98
   562*                                                                *ERCACCT
   563*                                                                *ERCACCT
   564*                            ERCACCT                             *   LV031
   565*           COPYBOOK REVIEWED FOR YEAR 2000 COMPLIANCE               CL*31
   566*                            VMOD=2.031                          *ERCACCT
   567*                                                                *ERCACCT
   568*   CREDIT SYSTEM ACCOUNT MASTER FILE                            *ERCACCT
   569*                                                                *ERCACCT
   570*   THIS COPYBOOK IS USED FOR BOTH THE ONLINE AND BATCH          *ERCACCT
   571*   VSAM ACCOUNT MASTER FILES.                                   *ERCACCT
   572*                                                                *ERCACCT
   573*   FILE DESCRIPTION = ACCOUNT OR PRODUCER FILES                 *ERCACCT
   574*                                                                *ERCACCT
   575*   FILE TYPE = VSAM,KSDS                                        *ERCACCT
   576*   RECORD SIZE = 2000  RECFORM = FIX                            *ERCACCT
   577*                                                                *ERCACCT
   578*   BASE CLUSTER NAME = ERACCT                    RKP=2,LEN=26   *ERCACCT
   579*       ALTERNATE PATH1 = ERACCT2 (ALT GROUPING) RKP=28,LEN=26   *ERCACCT
   580*                                                                *ERCACCT
   581*   LOG = NO                                                     *ERCACCT
   582*   SERVREQ = BROWSE, DELETE, UPDATE, NEWREC                     *ERCACCT
   583*                                                                *ERCACCT
   584*                                                                *ERCACCT
   585******************************************************************ERCACCT
   586*                   C H A N G E   L O G
   587*
   588* CHANGES ARE MARKED BY THE CHANGE EFFECTIVE DATE.
   589*-----------------------------------------------------------------
   590*  CHANGE   CHANGE REQUEST PGMR  DESCRIPTION OF CHANGE
   591* EFFECTIVE    NUMBER
   592*-----------------------------------------------------------------
   593* 102004    2003031400002  PEMA  ADD NEW STATUS CODE
   594* 092705    2005050300006  PEMA  ADD SPP LEASES
   595* 022808    2007083100002  PEMA  ADD FREEZE STATUS
   596* 011410  CR2009050700003  PEMA  ADD SPP DEALER DIRECT
   597* 030211  CR2010012100001  PEMA  ADD EMAILS FROM RDS
   598* 031811  CR2011012700001  PEMA  ADD ACCT STATUS S - SUSPENDED
   599* 101711  CR2011092000001  PEMA  ADD UNEARNED FACTOR STATE FOR DCC
   600******************************************************************
   601                                                                  ERCACCT
   602 01  ACCOUNT-MASTER.                                              ERCACCT
   603     12  AM-RECORD-ID                      PIC XX.                ERCACCT
   604         88  VALID-AM-ID                      VALUE 'AM'.         ERCACCT
   605                                                                  ERCACCT
   606     12  AM-CONTROL-PRIMARY.                                      ERCACCT
   607         16  AM-COMPANY-CD                 PIC X.                 ERCACCT
   608         16  AM-MSTR-CNTRL.                                       ERCACCT
   609             20  AM-CONTROL-A.                                    ERCACCT
   610                 24  AM-CARRIER            PIC X.                 ERCACCT
   611                 24  AM-GROUPING.                                 ERCACCT
   612                     28 AM-GROUPING-PREFIX PIC XXX.               ERCACCT
   613                     28 AM-GROUPING-PRIME  PIC XXX.               ERCACCT
   614                 24  AM-STATE              PIC XX.                ERCACCT
   615                 24  AM-ACCOUNT.                                  ERCACCT
   616                     28  AM-ACCOUNT-PREFIX PIC X(4).              ERCACCT
   617                     28  AM-ACCOUNT-PRIME  PIC X(6).              ERCACCT
* Micro Focus Server Express         V5.1 revision 000 06-Oct-15 17:18 Page  16
* ECRTEDT.cbl (/apps/prod/cid1p/copy/ERCACCT)
   618             20  AM-CNTRL-1   REDEFINES   AM-CONTROL-A            ERCACCT
   619                                           PIC X(19).             ERCACCT
   620             20  AM-CNTRL-B.                                      ERCACCT
   621                 24  AM-EXPIRATION-DT      PIC XX.                ERCACCT
   622                 24  FILLER                PIC X(4).              ERCACCT
   623             20  AM-CNTRL-2 REDEFINES AM-CNTRL-B.                 ERCACCT
   624                 24  AM-EXPIRE-DT          PIC 9(11)  COMP-3.     ERCACCT
   625                                                                  ERCACCT
   626     12  AM-CONTROL-BY-VAR-GRP.                                   ERCACCT
   627         16  AM-COMPANY-CD-A1              PIC X.                 ERCACCT
   628         16  AM-VG-CARRIER                 PIC X.                 ERCACCT
   629         16  AM-VG-GROUPING                PIC X(6).              ERCACCT
   630         16  AM-VG-STATE                   PIC XX.                ERCACCT
   631         16  AM-VG-ACCOUNT                 PIC X(10).             ERCACCT
   632         16  AM-VG-DATE.                                          ERCACCT
   633             20  AM-VG-EXPIRATION-DT       PIC XX.                ERCACCT
   634             20  FILLER                    PIC X(4).              ERCACCT
   635         16  AM-VG-EXP-DATE REDEFINES AM-VG-DATE                  ERCACCT
   636                                           PIC 9(11)      COMP-3. ERCACCT
   637     12  FILLER REDEFINES AM-CONTROL-BY-VAR-GRP.
   638         16  FILLER                        PIC X(10).
   639         16  AM-VG-KEY3.
   640             20  AM-VG3-ACCOUNT            PIC X(10).
   641             20  AM-VG3-EXP-DT             PIC XX.
   642         16  FILLER                        PIC X(4).
   643     12  AM-MAINT-INFORMATION.                                    ERCACCT
   644         16  AM-LAST-MAINT-DT              PIC XX.                ERCACCT
   645         16  AM-LAST-MAINT-HHMMSS          PIC S9(7)      COMP-3. ERCACCT
   646         16  AM-LAST-MAINT-USER            PIC X(4).              ERCACCT
   647         16  FILLER                        PIC XX.                ERCACCT
   648                                                                  ERCACCT
   649     12  AM-EFFECTIVE-DT                   PIC XX.                ERCACCT
   650     12  AM-EFFECT-DT                      PIC 9(11)      COMP-3. ERCACCT
   651                                                                  ERCACCT
   652     12  AM-PREV-DATES  COMP-3.                                   ERCACCT
   653         16  AM-PREV-EXP-DT                PIC 9(11).             ERCACCT
   654         16  AM-PREV-EFF-DT                PIC 9(11).             ERCACCT
   655                                                                  ERCACCT
   656     12  AM-REPORT-CODE-1                  PIC X(10).             ERCACCT
   657     12  AM-REPORT-CODE-2                  PIC X(10).             ERCACCT
   658                                                                  ERCACCT
   659     12  AM-CITY-CODE                      PIC X(4).              ERCACCT
   660     12  AM-COUNTY-PARISH                  PIC X(6).              ERCACCT
   661                                                                  ERCACCT
   662     12  AM-NAME                           PIC X(30).             ERCACCT
   663     12  AM-PERSON                         PIC X(30).             ERCACCT
   664     12  AM-ADDRS                          PIC X(30).             ERCACCT
   665     12  AM-CITY.
   666         16  AM-ADDR-CITY                  PIC X(28).
   667         16  AM-ADDR-STATE                 PIC XX.
   668     12  AM-ZIP.                                                  ERCACCT
   669         16  AM-ZIP-PRIME.                                        ERCACCT
   670             20  AM-ZIP-PRI-1ST            PIC X.                 ERCACCT
   671                 88  AM-CANADIAN-POST-CODE    VALUE 'A' THRU 'Z'. ERCACCT
   672             20  FILLER                    PIC X(4).              ERCACCT
   673         16  AM-ZIP-PLUS4                  PIC X(4).              ERCACCT
   674     12  AM-CANADIAN-POSTAL-CODE  REDEFINES  AM-ZIP.              ERCACCT
   675         16  AM-CAN-POSTAL-1               PIC XXX.               ERCACCT
* Micro Focus Server Express         V5.1 revision 000 06-Oct-15 17:18 Page  17
* ECRTEDT.cbl (/apps/prod/cid1p/copy/ERCACCT)
   676         16  AM-CAN-POSTAL-2               PIC XXX.               ERCACCT
   677         16  FILLER                        PIC XXX.               ERCACCT
   678     12  AM-TEL-NO.                                               ERCACCT
   679         16  AM-AREA-CODE                  PIC 999.               ERCACCT
   680         16  AM-TEL-PRE                    PIC 999.               ERCACCT
   681         16  AM-TEL-NBR                    PIC 9(4).              ERCACCT
   682     12  AM-TEL-LOC                        PIC X.                 ERCACCT
   683         88  AM-TEL-AT-HOME                   VALUE 'H'.          ERCACCT
   684         88  AM-TEL-AT-BUSINESS               VALUE 'B'.          ERCACCT
   685                                                                  ERCACCT
   686     12  AM-COMM-STRUCTURE.                                       ERCACCT
   687         16  AM-DEFN-1.                                           ERCACCT
   688             20  AM-AGT-COMMS       OCCURS 10 TIMES.              ERCACCT
   689                 24  AM-AGT.                                      ERCACCT
   690                     28  AM-AGT-PREFIX     PIC X(4).              ERCACCT
   691                     28  AM-AGT-PRIME      PIC X(6).              ERCACCT
   692                 24  AM-COM-TYP            PIC X.                 ERCACCT
   693                 24  AM-L-COM              PIC SV9(5)     COMP-3. ERCACCT
   694                 24  AM-J-COM              PIC SV9(5)     COMP-3. ERCACCT
   695                 24  AM-A-COM              PIC SV9(5)     COMP-3. ERCACCT
   696                 24  AM-RECALC-LV-INDIC    PIC X.                 ERCACCT
   697                 24  AM-RETRO-LV-INDIC     PIC X.                 ERCACCT
   698                 24  AM-GL-CODES           PIC X.                 ERCACCT
   699                 24  AM-COMM-CHARGEBACK    PIC 9(02).             ERCACCT
   700                 24  FILLER                PIC X(01).             ERCACCT
   701         16  AM-DEFN-2   REDEFINES   AM-DEFN-1.                   ERCACCT
   702             20  AM-COM-TBLS        OCCURS 10 TIMES.              ERCACCT
   703                 24  FILLER                PIC X(11).             ERCACCT
   704                 24  AM-L-COMA             PIC XXX.               ERCACCT
   705                 24  AM-J-COMA             PIC XXX.               ERCACCT
   706                 24  AM-A-COMA             PIC XXX.               ERCACCT
   707                 24  FILLER                PIC X(6).              ERCACCT
   708                                                                  ERCACCT
   709     12  AM-COMM-CHANGE-STATUS             PIC X.                 ERCACCT
   710         88  AM-COMMISSIONS-CHANGED           VALUE '*'.          ERCACCT
   711                                                                  ERCACCT
   712     12  AM-CSR-CODE                       PIC X(4).              ERCACCT
   713                                                                  ERCACCT
   714     12  AM-BILLING-STATUS                 PIC X.                 ERCACCT
   715         88  AM-ACCOUNT-BILLED                VALUE 'B'.          ERCACCT
   716         88  AM-ACCOUNT-NOT-BILLED            VALUE ' '.          ERCACCT
   717     12  AM-AUTO-REFUND-SW                 PIC X.                 ERCACCT
   718         88  AUTO-REFUNDS-USED                VALUE 'Y'.          ERCACCT
   719         88  AUTO-REFUNDS-NOT-USED            VALUE 'N' ' '.      ERCACCT
   720     12  AM-GPCD                           PIC 99.                ERCACCT
   721     12  AM-IG                             PIC X.                 ERCACCT
   722         88  AM-HAS-INDIVIDUAL                VALUE '1'.          ERCACCT
   723         88  AM-HAS-GROUP                     VALUE '2'.          ERCACCT
   724     12  AM-STATUS                         PIC X.                 ERCACCT
   725         88  AM-ACCOUNT-ACTIVE                VALUE '0'.          ERCACCT
   726         88  AM-ACCOUNT-INACTIVE              VALUE '1'.          ERCACCT
   727         88  AM-ACCOUNT-TRANSFERRED           VALUE '2'.          ERCACCT
   728         88  AM-ACCOUNT-CANCELLED             VALUE '3'.
   729         88  AM-ACCOUNT-FROZEN                VALUE '4'.
   730         88  AM-ACCOUNT-SUSPENDED             VALUE '5'.
   731     12  AM-REMIT-TO                       PIC 99.                ERCACCT
   732     12  AM-ID-NO                          PIC X(11).             ERCACCT
   733                                                                  ERCACCT
* Micro Focus Server Express         V5.1 revision 000 06-Oct-15 17:18 Page  18
* ECRTEDT.cbl (/apps/prod/cid1p/copy/ERCACCT)
   734     12  AM-CAL-TABLE                      PIC XX.                ERCACCT
   735     12  AM-LF-DEVIATION                   PIC XXX.               ERCACCT
   736     12  AM-AH-DEVIATION                   PIC XXX.               ERCACCT
   737     12  AM-LF-DEVIATION-PCT               PIC S9V9(6)    COMP-3. ERCACCT
   738     12  AM-AH-DEVIATION-PCT               PIC S9V9(6)    COMP-3. ERCACCT
   739     12  AM-LF-OB-RATE                     PIC S99V9(5)   COMP-3. ERCACCT
   740     12  AM-AH-OB-RATE                     PIC S99V9(5)   COMP-3. ERCACCT
   741     12  AM-LF-OB-RATE-JNT                 PIC S99V9(5)   COMP-3. ERCACCT
   742     12  AM-AH-OB-RATE-JNT                 PIC S99V9(5)   COMP-3. ERCACCT
   743                                                                  ERCACCT
   744     12  AM-USER-FIELDS.                                          ERCACCT
   745         16  AM-FLD-1                      PIC XX.                ERCACCT
   746         16  AM-FLD-2                      PIC XX.                ERCACCT
   747         16  AM-FLD-3                      PIC XX.                ERCACCT
   748         16  AM-FLD-4                      PIC XX.                ERCACCT
   749         16  AM-FLD-5                      PIC XX.                ERCACCT
   750                                                                  ERCACCT
   751     12  AM-1ST-PROD-DATE.                                        ERCACCT
   752         16  AM-1ST-PROD-YR                PIC XX.                ERCACCT
   753         16  AM-1ST-PROD-MO                PIC XX.                ERCACCT
   754         16  AM-1ST-PROD-DA                PIC XX.                ERCACCT
   755     12  AM-ANNIVERSARY-DATE               PIC 9(11)  COMP-3.     ERCACCT
   756     12  AM-CERTS-PURGED-DATE.                                    ERCACCT
   757         16  AM-PUR-YR                     PIC XX.                ERCACCT
   758         16  AM-PUR-MO                     PIC XX.                ERCACCT
   759         16  AM-PUR-DA                     PIC XX.                ERCACCT
   760     12  AM-HI-CERT-DATE                   PIC 9(11)  COMP-3.     ERCACCT
   761     12  AM-LO-CERT-DATE                   PIC 9(11)  COMP-3.     ERCACCT
   762     12  AM-ENTRY-DATE                     PIC 9(11)  COMP-3.     ERCACCT
   763     12  AM-INACTIVE-DATE.                                        ERCACCT
   764         16  AM-INA-MO                     PIC 99.                ERCACCT
   765         16  AM-INA-DA                     PIC 99.                ERCACCT
   766         16  AM-INA-YR                     PIC 99.                ERCACCT
   767     12  AM-AR-HI-CERT-DATE                PIC XX.                ERCACCT
   768                                                                  ERCACCT
   769     12  AM-LF-PSI-FACTOR                  PIC S9V9(6)    COMP-3. ERCACCT
   770     12  AM-AH-PSI-FACTOR                  PIC S9V9(6)    COMP-3. ERCACCT
   771                                                                  ERCACCT
   772     12  AM-OB-PAYMENT-MODE                PIC X.                 ERCACCT
   773         88  AM-OB-PAID-MONTHLY               VALUE 'M' ' '.      ERCACCT
   774         88  AM-OB-PAID-QUARTERLY             VALUE 'Q'.          ERCACCT
   775         88  AM-OB-PAID-SEMI-ANNUALLY         VALUE 'S'.          ERCACCT
   776         88  AM-OB-PAID-ANNUALLY              VALUE 'A'.          ERCACCT
   777                                                                  ERCACCT
   778     12  AM-AH-ONLY-INDICATOR              PIC X.                 ERCACCT
   779         88  AM-AH-ONLY-ALLOWED               VALUE 'Y' ' '.      ERCACCT
   780         88  AM-NO-AH-ONLY                    VALUE 'N'.          ERCACCT
   781                                                                  ERCACCT
   782     12  AM-EDIT-LOAN-OFC                  PIC X(01).             ERCACCT
   783                                                                  ERCACCT
   784     12  AM-OVER-SHORT.                                           ERCACCT
   785         16 AM-OVR-SHT-AMT                 PIC S999V99    COMP-3. ERCACCT
   786         16 AM-OVR-SHT-PCT                 PIC S9V9(4)    COMP-3. ERCACCT
   787                                                                  ERCACCT
   788     12  AM-DCC-PRODUCT-CODE               PIC XXX.
   789     12  AM-DCC-CLP-STATE                  PIC XX.
   790                                                                  ERCACCT
   791     12  AM-RECALC-COMM                    PIC X.                 ERCACCT
* Micro Focus Server Express         V5.1 revision 000 06-Oct-15 17:18 Page  19
* ECRTEDT.cbl (/apps/prod/cid1p/copy/ERCACCT)
   792     12  AM-RECALC-REIN                    PIC X.                 ERCACCT
   793                                                                  ERCACCT
   794     12  AM-REI-TABLE                      PIC XXX.               ERCACCT
   795     12  AM-REI-ET-LF                      PIC X.                 ERCACCT
   796     12  AM-REI-ET-AH                      PIC X.                 ERCACCT
   797     12  AM-REI-PE-LF                      PIC X.                 ERCACCT
   798     12  AM-REI-PE-AH                      PIC X.                 ERCACCT
   799     12  AM-REI-PRT-ST                     PIC X.                 ERCACCT
   800     12  AM-REI-FEE-LF                     PIC S9V9999    COMP-3. ERCACCT
   801     12  AM-REI-FEE-AH                     PIC S9V9999    COMP-3. ERCACCT
   802     12  AM-REI-LF-TAX                     PIC S9V9999    COMP-3. ERCACCT
   803     12  AM-REI-GROUP-A                    PIC X(6).              ERCACCT
   804     12  AM-REI-MORT                       PIC X(4).              ERCACCT
   805     12  AM-REI-PRT-OW                     PIC X.                 ERCACCT
   806     12  AM-REI-PR-PCT                     PIC S9V9999    COMP-3. ERCACCT
   807     12  AM-REI-78-PCT                     PIC S9V9999    COMP-3. ERCACCT
   808     12  AM-REI-AH-TAX                     PIC S9V9999    COMP-3. ERCACCT
   809     12  AM-REI-GROUP-B                    PIC X(6).              ERCACCT
   810                                                                  ERCACCT
   811     12  AM-TRUST-TYPE                     PIC X(2).              ERCACCT
   812                                                                  ERCACCT
   813     12  AM-EMPLOYER-STMT-USED             PIC X.                 ERCACCT
   814     12  AM-GROUPED-CHECKS-Y-N             PIC X.                 ERCACCT
   815                                                                  ERCACCT
   816     12  AM-STD-AH-TYPE                    PIC XX.                ERCACCT
   817     12  AM-EARN-METHODS.                                         ERCACCT
   818         16  AM-EARN-METHOD-R              PIC X.                 ERCACCT
   819             88 AM-REF-RL-R78                 VALUE 'R'.          ERCACCT
   820             88 AM-REF-RL-PR                  VALUE 'P'.          ERCACCT
   821             88 AM-REF-RL-MEAN                VALUE 'M'.          ERCACCT
   822             88 AM-REF-RL-ANTICIPATION        VALUE 'A'.          ERCACCT
   823         16  AM-EARN-METHOD-L              PIC X.                 ERCACCT
   824             88 AM-REF-LL-R78                 VALUE 'R'.          ERCACCT
   825             88 AM-REF-LL-PR                  VALUE 'P'.          ERCACCT
   826             88 AM-REF-LL-MEAN                VALUE 'M'.          ERCACCT
   827             88 AM-REF-LL-ANTICIPATION        VALUE 'A'.          ERCACCT
   828         16  AM-EARN-METHOD-A              PIC X.                 ERCACCT
   829             88 AM-REF-AH-R78                 VALUE 'R'.          ERCACCT
   830             88 AM-REF-AH-PR                  VALUE 'P'.          ERCACCT
   831             88 AM-REF-AH-MEAN                VALUE 'M'.          ERCACCT
   832             88 AM-REF-AH-ANTICIPATION        VALUE 'A'.          ERCACCT
   833             88 AM-REF-AH-CALIF-SPEC          VALUE 'C'.          ERCACCT
   834             88 AM-REF-AH-NET                 VALUE 'N'.          ERCACCT
   835                                                                  ERCACCT
   836     12  AM-TOL-PREM                       PIC S999V99    COMP-3. ERCACCT
   837     12  AM-TOL-REF                        PIC S999V99    COMP-3. ERCACCT
   838     12  AM-TOL-CLM                        PIC S999V99    COMP-3. ERCACCT
   839                                                                  ERCACCT
   840     12  AM-RET-Y-N                        PIC X.                 ERCACCT
   841     12  AM-RET-P-E                        PIC X.                 ERCACCT
   842     12  AM-LF-RET                         PIC S9V9999    COMP-3. ERCACCT
   843     12  AM-AH-RET                         PIC S9V9999    COMP-3. ERCACCT
   844     12  AM-RET-GRP                        PIC X(6).              ERCACCT
   845     12  AM-RETRO-POOL  REDEFINES  AM-RET-GRP.                    ERCACCT
   846         16  AM-POOL-PRIME                 PIC XXX.               ERCACCT
   847         16  AM-POOL-SUB                   PIC XXX.               ERCACCT
   848     12  AM-RETRO-EARNINGS.                                       ERCACCT
   849         16  AM-RET-EARN-R                 PIC X.                 ERCACCT
* Micro Focus Server Express         V5.1 revision 000 06-Oct-15 17:18 Page  20
* ECRTEDT.cbl (/apps/prod/cid1p/copy/ERCACCT)
   850         16  AM-RET-EARN-L                 PIC X.                 ERCACCT
   851         16  AM-RET-EARN-A                 PIC X.                 ERCACCT
   852     12  AM-RET-ST-TAX-USE                 PIC X.                 ERCACCT
   853         88  CHARGE-ST-TAXES-ON-RETRO         VALUE 'Y' 'E' 'P'.  ERCACCT
   854         88  TAXES-NOT-IN-RETRO               VALUE 'N' ' '.      ERCACCT
   855     12  AM-RETRO-BEG-EARNINGS.                                   ERCACCT
   856         16  AM-RET-BEG-EARN-R             PIC X.                 ERCACCT
   857         16  AM-RET-BEG-EARN-L             PIC X.                 ERCACCT
   858         16  AM-RET-BEG-EARN-A             PIC X.                 ERCACCT
   859     12  AM-RET-MIN-LOSS-L                 PIC SV999      COMP-3. ERCACCT
   860     12  AM-RET-MIN-LOSS-A                 PIC SV999      COMP-3. ERCACCT
   861                                                                  ERCACCT
   862     12  AM-USER-SELECT-OPTIONS.                                  ERCACCT
   863         16  AM-USER-SELECT-1              PIC X(10).             ERCACCT
   864         16  AM-USER-SELECT-2              PIC X(10).             ERCACCT
   865         16  AM-USER-SELECT-3              PIC X(10).             ERCACCT
   866         16  AM-USER-SELECT-4              PIC X(10).             ERCACCT
   867         16  AM-USER-SELECT-5              PIC X(10).             ERCACCT
   868                                                                  ERCACCT
   869     12  AM-LF-RPT021-EXP-PCT              PIC S9(3)V9(4) COMP-3. ERCACCT
   870                                                                  ERCACCT
   871     12  AM-AH-RPT021-EXP-PCT              PIC S9(3)V9(4) COMP-3. ERCACCT
   872                                                                  ERCACCT
   873     12  AM-RPT045A-SWITCH                 PIC X.                 ERCACCT
   874         88  RPT045A-OFF                   VALUE 'N'.             ERCACCT
   875                                                                  ERCACCT
   876     12  AM-INSURANCE-LIMITS.                                     ERCACCT
   877         16  AM-MAX-MON-BEN                PIC S9(7)      COMP-3. ERCACCT
   878         16  AM-MAX-TOT-BEN                PIC S9(7)      COMP-3. ERCACCT
   879                                                                  ERCACCT
   880     12  AM-PROFILE-CHANGE-SWITCH          PIC X.                 ERCACCT
   881         88  AM-PROFILE-DATA-CHANGED          VALUE '*'.          ERCACCT
   882                                                                  ERCACCT
   883     12  AM-DISMBR-COVERAGE-SW             PIC X.                 ERCACCT
   884         88  AM-DISMBR-COVERAGE               VALUE 'Y'.          ERCACCT
   885         88  AM-NO-DISMBR-COVERAGE            VALUE 'N'.          ERCACCT
   886                                                                  ERCACCT
   887     12  AM-CANCEL-FEE                     PIC S9(3)V9(2) COMP-3. ERCACCT
   888                                                                  ERCACCT
   889     12  AM-TOL-REF-PCT                    PIC S9V9(4)    COMP-3. ERCACCT
   890     12  AM-CLP-TOL-PCT                    PIC S9V9(4)    COMP-3.
   891     12  AM-SPP-LEASE-COMM                 PIC S9(5)V99   COMP-3.
   892     12  AM-DCC-MAX-MARKETING-FEE          PIC S9(5)      COMP-3.
   893     12  AM-DCC-UEF-STATE                  PIC XX.
   894     12  FILLER                            PIC XXX.
   895     12  AM-REPORT-CODE-3                  PIC X(10).
   896*    12  FILLER                            PIC X(22).             ERCACCT
   897                                                                  ERCACCT
   898     12  AM-RESERVE-DATE.                                         ERCACCT
   899         16  AM-TARGET-LOSS-RATIO          PIC S9V9(4) COMP-3.    ERCACCT
   900         16  AM-LIFE-IBNR-PCT              PIC S9V9(4) COMP-3.    ERCACCT
   901         16  AM-CRDT-MODIFICATION-PCT      PIC S9V9(4) COMP-3.    ERCACCT
   902                                                                  ERCACCT
   903     12  AM-3RD-PARTY-NOTIF-LEVEL          PIC 99.                ERCACCT
   904     12  AM-NOTIFICATION-TYPES.                                   ERCACCT
   905         16  AM-NOTIF-OF-LETTERS           PIC X.                 ERCACCT
   906         16  AM-NOTIF-OF-PAYMENTS          PIC X.                 ERCACCT
   907         16  AM-NOTIF-OF-REPORTS           PIC X.                 ERCACCT
* Micro Focus Server Express         V5.1 revision 000 06-Oct-15 17:18 Page  21
* ECRTEDT.cbl (/apps/prod/cid1p/copy/ERCACCT)
   908         16  AM-NOTIF-OF-STATUS            PIC X.                 ERCACCT
   909                                                                  ERCACCT
   910     12  AM-BENEFIT-TABLE-USAGE            PIC X.                 ERCACCT
   911         88  AM-BENEFIT-TABLE-USED            VALUE 'Y'.          ERCACCT
   912         88  AM-USE-DEVIATIONS-ONLY           VALUE 'D'.          ERCACCT
   913         88  AM-EDIT-BENEFITS-ONLY            VALUE 'E'.          ERCACCT
   914         88  AM-EDITS-NOT-USED                VALUE ' '  'N'.     ERCACCT
   915                                                                  ERCACCT
   916     12  AM-BENEFIT-CONTROLS.                                     ERCACCT
   917         16  AM-ALLOWABLE-BENEFITS  OCCURS  20  TIMES.            ERCACCT
   918             20  AM-BENEFIT-CODE           PIC XX.                ERCACCT
   919             20  AM-BENEFIT-TYPE           PIC X.                 ERCACCT
   920             20  AM-BENEFIT-REVISION       PIC XXX.               ERCACCT
   921             20  AM-BENEFIT-REM-TERM       PIC X.                 ERCACCT
   922             20  AM-BENEFIT-RETRO-Y-N      PIC X.                 ERCACCT
   923             20  FILLER                    PIC XX.                ERCACCT
   924         16  FILLER                        PIC X(80).             ERCACCT
   925                                                                  ERCACCT
   926     12  AM-TRANSFER-DATA.                                        ERCACCT
   927         16  AM-TRANSFERRED-FROM.                                 ERCACCT
   928             20  AM-TRNFROM-CARRIER        PIC X.                 ERCACCT
   929             20  AM-TRNFROM-GROUPING.                             ERCACCT
   930                 24  AM-TRNFROM-GRP-PREFIX PIC XXX.               ERCACCT
   931                 24  AM-TRNFROM-GRP-PRIME  PIC XXX.               ERCACCT
   932             20  AM-TRNFROM-STATE          PIC XX.                ERCACCT
   933             20  AM-TRNFROM-ACCOUNT.                              ERCACCT
   934                 24  AM-TRNFROM-ACCT-PREFIX PIC X(4).             ERCACCT
   935                 24  AM-TRNFROM-ACCT-PRIME PIC X(6).              ERCACCT
   936             20  AM-TRNFROM-DTE            PIC XX.                ERCACCT
   937         16  AM-TRANSFERRED-TO.                                   ERCACCT
   938             20  AM-TRNTO-CARRIER          PIC X.                 ERCACCT
   939             20  AM-TRNTO-GROUPING.                               ERCACCT
   940                 24  AM-TRNTO-GRP-PREFIX   PIC XXX.               ERCACCT
   941                 24  AM-TRNTO-GRP-PRIME    PIC XXX.               ERCACCT
   942             20  AM-TRNTO-STATE            PIC XX.                ERCACCT
   943             20  AM-TRNTO-ACCOUNT.                                ERCACCT
   944                 24  AM-TRNTO-ACCT-PREFIX  PIC X(4).              ERCACCT
   945                 24  AM-TRNTO-ACCT-PRIME   PIC X(6).              ERCACCT
   946             20  AM-TRNTO-DTE              PIC XX.                ERCACCT
   947         16  FILLER                        PIC X(10).             ERCACCT
   948                                                                  ERCACCT
   949     12  AM-SAVED-REMIT-TO                 PIC 99.                ERCACCT
   950                                                                  ERCACCT
   951     12  AM-COMM-STRUCTURE-SAVED.                                 ERCACCT
   952         16  AM-DEFN-1-SAVED.                                     ERCACCT
   953             20  AM-AGT-COMMS-SAVED    OCCURS 10 TIMES.           ERCACCT
   954                 24  AM-AGT-SV             PIC X(10).             ERCACCT
   955                 24  AM-COM-TYP-SV         PIC X.                 ERCACCT
   956                 24  AM-L-COM-SV           PIC SV9(5)     COMP-3. ERCACCT
   957                 24  AM-J-COM-SV           PIC SV9(5)     COMP-3. ERCACCT
   958                 24  AM-A-COM-SV           PIC SV9(5)     COMP-3. ERCACCT
   959                 24  AM-RECALC-LV-INDIC-SV PIC X.                 ERCACCT
   960                 24  FILLER                PIC X.                 ERCACCT
   961                 24  AM-GL-CODES-SV        PIC X.                 ERCACCT
   962                 24  AM-COM-CHARGEBACK-SV  PIC 99.                ERCACCT
   963                 24  FILLER                PIC X.                 ERCACCT
   964         16  AM-DEFN-2-SAVED   REDEFINES   AM-DEFN-1-SAVED.       ERCACCT
   965             20  AM-COM-TBLS-SAVED    OCCURS 10 TIMES.            ERCACCT
* Micro Focus Server Express         V5.1 revision 000 06-Oct-15 17:18 Page  22
* ECRTEDT.cbl (/apps/prod/cid1p/copy/ERCACCT)
   966                 24  FILLER                PIC X(11).             ERCACCT
   967                 24  AM-L-COMA-SV          PIC XXX.               ERCACCT
   968                 24  AM-J-COMA-SV          PIC XXX.               ERCACCT
   969                 24  AM-A-COMA-SV          PIC XXX.               ERCACCT
   970                 24  FILLER                PIC X(6).              ERCACCT
   971                                                                  ERCACCT
   972     12  AM-FLC-NET-PREMIUM-ALLOWANCE.                            ERCACCT
   973         16 AM-ACCOUNT-ALLOWANCE OCCURS  5 TIMES.                 ERCACCT
   974            20  AM-ALLOW-BEGIN-RANGE       PIC S9(5)      COMP-3. ERCACCT
   975            20  AM-ALLOW-END-RANGE         PIC S9(5)      COMP-3. ERCACCT
   976            20  AM-ALLOWANCE-AMT           PIC S9(5)V99   COMP-3. ERCACCT
   977                                                                  ERCACCT
   978     12  AM-ORIG-DEALER-NO                 PIC X(10).             ERCACCT
   979     12  FILLER                            PIC X(120).            ERCACCT
   980                                                                  ERCACCT
   981     12  AM-ACCOUNT-EXECUTIVE-DATA.                               ERCACCT
   982         16  AM-CONTROL-NAME               PIC X(30).             ERCACCT
   983         16  AM-EXECUTIVE-ONE.                                    ERCACCT
   984             20  AM-EXEC1-NAME             PIC X(15).             ERCACCT
   985             20  AM-EXEC1-DIS-PERCENT      PIC S9(01)V9(04)       ERCACCT
   986                                                          COMP-3. ERCACCT
   987             20  AM-EXEC1-LIFE-PERCENT     PIC S9(01)V9(04)       ERCACCT
   988                                                          COMP-3. ERCACCT
   989         16  AM-EXECUTIVE-TWO.                                    ERCACCT
   990             20  AM-EXEC2-NAME             PIC X(15).             ERCACCT
   991             20  AM-EXEC2-DIS-PERCENT      PIC S9(01)V9(04)       ERCACCT
   992                                                          COMP-3. ERCACCT
   993             20  AM-EXEC2-LIFE-PERCENT     PIC S9(01)V9(04)       ERCACCT
   994                                                          COMP-3. ERCACCT
   995                                                                  ERCACCT
   996     12  AM-RETRO-ADDITIONAL-DATA.                                ERCACCT
   997         16  AM-RETRO-QUALIFY-LIMIT        PIC S9(7)      COMP-3. ERCACCT
   998         16  AM-RETRO-PREM-P-E             PIC X.                 ERCACCT
   999         16  AM-RETRO-CLMS-P-I             PIC X.                 ERCACCT
  1000         16  AM-RETRO-RET-BRACKET-LF.                             ERCACCT
  1001             20  AM-RETRO-RET-METHOD-LF    PIC X.                 ERCACCT
  1002                 88  AM-RETRO-USE-PCT-LF      VALUE 'P' ' '.      ERCACCT
  1003                 88  AM-RETRO-USE-SCALE-LF    VALUE 'S'.          ERCACCT
  1004             20  AM-RETRO-RET-BASIS-LF     PIC X.                 ERCACCT
  1005                 88  AM-RETRO-EARN-BASIS-LF   VALUE 'E' ' '.      ERCACCT
  1006                 88  AM-RETRO-PAID-BASIS-LF   VALUE 'P'.          ERCACCT
  1007             20  AM-RETRO-BRACKETS-LF  OCCURS  3 TIMES.           ERCACCT
  1008                 24  AM-RETRO-RET-PCT-LF   PIC S9V9999    COMP-3. ERCACCT
  1009                 24  AM-RETRO-RET-THRU-LF  PIC S9(7)      COMP-3. ERCACCT
  1010         16  AM-RETRO-RET-BRACKET-AH.                             ERCACCT
  1011             20  AM-RETRO-RET-METHOD-AH    PIC X.                 ERCACCT
  1012                 88  AM-RETRO-USE-PCT-AH      VALUE 'P' ' '.      ERCACCT
  1013                 88  AM-RETRO-USE-SCALE-AH    VALUE 'S'.          ERCACCT
  1014                 88  AM-RETRO-USE-LIFE-METHOD VALUE 'L'.          ERCACCT
  1015             20  AM-RETRO-RET-BASIS-AH     PIC X.                 ERCACCT
  1016                 88  AM-RETRO-EARN-BASIS-AH   VALUE 'E' ' '.      ERCACCT
  1017                 88  AM-RETRO-PAID-BASIS-AH   VALUE 'P'.          ERCACCT
  1018             20  AM-RETRO-BRACKETS-AH  OCCURS  3 TIMES.           ERCACCT
  1019                 24  AM-RETRO-RET-PCT-AH   PIC S9V9999    COMP-3. ERCACCT
  1020                 24  AM-RETRO-RET-THRU-AH  PIC S9(7)      COMP-3. ERCACCT
  1021                                                                  ERCACCT
  1022     12  AM-COMMENTS.                                             ERCACCT
  1023         16  AM-COMMENT-LINE           PIC X(50)   OCCURS 5 TIMES.ERCACCT
* Micro Focus Server Express         V5.1 revision 000 06-Oct-15 17:18 Page  23
* ECRTEDT.cbl (/apps/prod/cid1p/copy/ERCACCT)
  1024                                                                  ERCACCT
  1025     12  AM-CLIENT-OVERLAY-FLI   REDEFINES   AM-COMMENTS.         ERCACCT
  1026         16  AM-FLI-RETRO-SHARE-CODE       PIC X.                 ERCACCT
  1027         16  AM-FLI-BILLING-CODE           PIC X.                 ERCACCT
  1028         16  AM-FLI-ALT-STATE-CODE         PIC XX.                ERCACCT
  1029         16  AM-FLI-UNITED-IDENT           PIC X.                 ERCACCT
  1030         16  AM-FLI-INTEREST-LOST-DATA.                           ERCACCT
  1031             20  AM-FLI-BANK-NO            PIC X(5).              ERCACCT
  1032             20  AM-FLI-BANK-BALANCE       PIC S9(9)V99   COMP-3. ERCACCT
  1033             20  AM-FLI-BANK-1ST-6-PREM    PIC S9(9)V99   COMP-3. ERCACCT
  1034             20  AM-FLI-BANK-CAP-AMT       PIC S9(9)V99   COMP-3. ERCACCT
  1035         16  AM-FLI-ALT-AGENT-CODES   OCCURS 10 TIMES.            ERCACCT
  1036             20  AM-FLI-AGT                PIC X(9).              ERCACCT
  1037             20  AM-FLI-AGT-COMM-ACC       PIC X.                 ERCACCT
  1038             20  AM-FLI-AGT-SHARE-PCT      PIC S9V99      COMP-3. ERCACCT
  1039         16  FILLER                        PIC X(102).            ERCACCT
  1040                                                                  ERCACCT
  1041     12  AM-CLIENT-OVERLAY-DMD   REDEFINES   AM-COMMENTS.         ERCACCT
  1042         16  AM-ALLOWABLE-DMD-BENEFITS  OCCURS 30 TIMES.          ERCACCT
  1043             20  AM-BENEFIT-DMD-CODE         PIC XX.              ERCACCT
  1044             20  AM-BENEFIT-DMD-TYPE         PIC X.               ERCACCT
  1045             20  AM-BENEFIT-DMD-REVISION     PIC XXX.             ERCACCT
  1046             20  AM-BENEFIT-DMD-REM-TERM     PIC X.               ERCACCT
  1047             20  AM-BENEFIT-DMD-RETRO-Y-N    PIC X.               ERCACCT
  1048         16  FILLER                          PIC X(10).           ERCACCT
  1049******************************************************************ERCACCT
* Micro Focus Server Express         V5.1 revision 000 06-Oct-15 17:18 Page  24
* ECRTEDT.cbl
  1051 PROCEDURE DIVISION.                                              00001690
  1052                                                                  00001700
  1053 0100-INITIALIZATION.                                             00001710
  1054     OPEN INPUT   CERT-IN  ACCT-IN                                00001720
  1055          OUTPUT  PRINTR.                                         00001730
  1056                                                                  00001740
  1057     MOVE CURRENT-DATE           TO  HD-RUN.                      00001750
  1058                                                                  00001760
  1059     PERFORM 1800-HD-RTN  THRU  1899-EXIT.                        00001770
  1060                                                                  00001780
  1061 0200-READ-ACCT.                                                  00001790
  1062     READ ACCT-IN  INTO  ACCOUNT-MASTER  AT END                   00001800
  1063         MOVE HIGH-VALUES        TO  ACCOUNT-MASTER.              00001810
  1064                                                                  00001820
  1065 0299-EXIT.                                                       00001830
  1066     EXIT.                                                        00001840
  1067                                                                  00001850
  1068 0300-READ-CERT.                                                  00001860
  1069     READ CERT-IN  INTO  CERTIFICATE-RECORD  AT END               00001870
  1070         MOVE HIGH-VALUES        TO  CERTIFICATE-RECORD.          00001880
  1071                                                                  00001890
  1072 0399-EXIT.                                                       00001900
  1073     EXIT.                                                        00001910
  1074                                                                  00001920
  1075 0400-MAIN-LOOP.                                                  00001930
  1076     IF CR-ACCT-CONTROL = AM-CONTROL-A                            00001940
  1077         GO TO 0800-CHECK-DATE.                                   00001950
  1078                                                                  00001960
  1079     IF CR-ACCT-CONTROL GREATER AM-CONTROL-A                      00001970
  1080         GO TO 0700-END-ACCT.                                     00001980
  1081                                                                  00001990
  1082 0500-NO-ACCT.                                                    00002000
  1083     MOVE CR-CARRIER             TO  P-CARRIER.                   00002010
  1084     MOVE CR-GROUPING            TO  P-GROUPING.                  00002020
  1085     MOVE CR-STATE               TO  P-STATE.                     00002030
  1086     MOVE CR-ACCOUNT             TO  P-ACCOUNT.                   00002040
  1087     MOVE CR-YR                  TO  P-CYR.                       00002050
*  12-S**************                                                  (   0)**
**    Operand CR-YR is not declared
  1088     MOVE CR-MO                  TO  P-CMO.                       00002060
*  12-S**************                                                  (  24)**
**    Operand CR-MO is not declared
  1089     MOVE CR-DA                  TO  P-CDA.                       00002070
*  12-S**************                                                  (  24)**
**    Operand CR-DA is not declared
  1090     MOVE CR-CERT-NO             TO  P-CERT.                      00002080
  1091     MOVE '-'                    TO  P-CMOD  P-CDAD.              00002090
  1092     MOVE 'NO ACCT MSTR'         TO  P-MESS.                      00002100
  1093     MOVE 'Y'                    TO  ABEND-SW.                    00002110
  1094     MOVE SPACE-1                TO  CCSW.                        00002120
  1095                                                                  00002130
  1096     PERFORM 1700-PRT-RTN  THRU  1799-EXIT.                       00002140
  1097                                                                  00002150
  1098 0600-N-A-X.                                                      00002160
  1099     PERFORM 0300-READ-CERT  THRU  0399-EXIT.                     00002170
  1100                                                                  00002180
  1101     GO TO 0400-MAIN-LOOP.                                        00002190
  1102                                                                  00002200
* Micro Focus Server Express         V5.1 revision 000 06-Oct-15 17:18 Page  25
* ECRTEDT.cbl
  1103 0700-END-ACCT.                                                   00002210
  1104     MOVE AM-CARRIER             TO  P-CARRIER.                   00002220
  1105     MOVE AM-GROUPING            TO  P-GROUPING.                  00002230
  1106     MOVE AM-STATE               TO  P-STATE.                     00002240
  1107     MOVE AM-ACCOUNT             TO  P-ACCOUNT.                   00002250
  1108     MOVE AM-NAME                TO  P-NAME.                      00002260
  1109     MOVE AM-EXP-YR              TO  P-XYR.                       00002270
*  12-S******************                                              (  24)**
**    Operand AM-EXP-YR is not declared
  1110     MOVE AM-EXP-MO              TO  P-XMO.                       00002280
*  12-S******************                                              (  25)**
**    Operand AM-EXP-MO is not declared
  1111     MOVE AM-EXP-DA              TO  P-XDA.                       00002290
*  12-S******************                                              (  25)**
**    Operand AM-EXP-DA is not declared
  1112     MOVE AM-EFF-MO              TO  P-EMO.                       00002300
*  12-S******************                                              (  25)**
**    Operand AM-EFF-MO is not declared
  1113     MOVE AM-EFF-DA              TO  P-EDA.                       00002310
*  12-S******************                                              (  25)**
**    Operand AM-EFF-DA is not declared
  1114     MOVE AM-EFF-YR              TO  P-EYR.                       00002320
*  12-S******************                                              (  25)**
**    Operand AM-EFF-YR is not declared
  1115     MOVE '-'                    TO  P-EMOD  P-EDAD.              00002330
  1116     MOVE '-'                    TO  P-XMOD  P-XDAD.              00002340
  1117     MOVE C-CNT                  TO  P-COUNT.                     00002350
  1118                                                                  00002360
  1119     IF C-CNT = ZERO                                              00002370
  1120         MOVE ' NO CERTS'        TO  P-MESS.                      00002380
  1121                                                                  00002390
  1122     IF OLD-DATE NOT = ALL '9'                                    00002400
  1123         MOVE O-YR               TO  P-OYR                        00002410
  1124         MOVE O-MO               TO  P-OMO                        00002420
  1125         MOVE O-DA               TO  P-ODA                        00002430
  1126         MOVE '-'                TO  P-ODAD  P-OMOD.              00002440
  1127                                                                  00002450
  1128     IF NEW-DATE NOT = ALL '0'                                    00002460
  1129         MOVE N-YR               TO  P-NYR                        00002470
  1130         MOVE N-MO               TO  P-NMO                        00002480
  1131         MOVE N-DA               TO  P-NDA                        00002490
  1132         MOVE '-'                TO  P-NDAD  P-NMOD.              00002500
  1133                                                                  00002510
  1134     MOVE SPACE-1                TO  CCSW.                        00002520
  1135                                                                  00002530
  1136     PERFORM 1700-PRT-RTN  THRU  1799-EXIT.                       00002540
  1137                                                                  00002550
  1138     PERFORM 0200-READ-ACCT  THRU  0299-EXIT.                     00002560
  1139                                                                  00002570
  1140     MOVE +0                     TO  C-CNT.                       00002580
  1141     MOVE ALL '9'                TO  OLD-DATE.                    00002590
  1142     MOVE ALL '0'                TO  NEW-DATE.                    00002600
  1143                                                                  00002610
  1144     GO TO 0400-MAIN-LOOP.                                        00002620
  1145                                                                  00002630
  1146 0800-CHECK-DATE.                                                 00002640
  1147     IF CR-DT = HIGH-VALUES                                       00002650
  1148         GO TO 9000-END-OF-JOB.                                   00002660
* Micro Focus Server Express         V5.1 revision 000 06-Oct-15 17:18 Page  26
* ECRTEDT.cbl
  1149                                                                  00002670
  1150     IF CR-DT LESS AM-EFFECT-DT                                   00002680
  1151         GO TO 0500-NO-ACCT.                                      00002690
  1152                                                                  00002700
  1153     IF CR-DT NOT LESS AM-EXPIRE-DT                               00002710
  1154         GO TO 0700-END-ACCT.                                     00002720
  1155                                                                  00002730
  1156     ADD +1                      TO  C-CNT.                       00002740
  1157                                                                  00002750
  1158     IF CR-DT LESS OLD-DATE                                       00002760
  1159         MOVE CR-DT              TO  OLD-DATE.                    00002770
  1160                                                                  00002780
  1161     IF CR-DT GREATER NEW-DATE                                    00002790
  1162         MOVE CR-DT              TO  NEW-DATE.                    00002800
  1163                                                                  00002810
  1164     PERFORM 0300-READ-CERT  THRU  0399-EXIT.                     00002820
  1165                                                                  00002830
  1166     GO TO 0400-MAIN-LOOP.                                        00002840
  1167                                                                  00002850
  1168 1700-PRT-RTN.                                                    00002860
  1169     IF CCSW = SPACE-1                                            00002870
  1170         ADD 1                   TO  SAVE-OVFLO                   00002880
  1171     ELSE                                                         00002890
  1172         IF CCSW = SPACE-2                                        00002900
  1173             ADD 2               TO  SAVE-OVFLO                   00002910
  1174         ELSE                                                     00002920
  1175             IF CCSW = SPACE-3                                    00002930
  1176                 ADD 3           TO  SAVE-OVFLO                   00002940
  1177             ELSE                                                 00002950
  1178                 IF CCSW = SPACE-NP                               00002960
  1179                     MOVE ZEROS  TO  SAVE-OVFLO.                  00002970
  1180                                                                  00002980
  1181     WRITE PRT-REC  FROM  P-REC  AFTER POSITIONING  CCSW.         00002990
  1182                                                                  00003000
  1183     MOVE SPACE-1                TO  P-REC.                       00003010
  1184                                                                  00003020
  1185     IF SAVE-OVFLO GREATER +52                                    00003030
  1186         PERFORM 1800-HD-RTN  THRU  1899-EXIT.                    00003040
  1187                                                                  00003050
  1188 1799-EXIT.                                                       00003060
  1189     EXIT.                                                        00003070
  1190                                                                  00003080
  1191 1800-HD-RTN.                                                     00003090
  1192     MOVE SPACE-NP               TO  CCSW.                        00003100
  1193                                                                  00003110
  1194     ADD 1                       TO  PGCTR.                       00003120
  1195                                                                  00003130
  1196     MOVE PGCTR                  TO  HD-PG.                       00003140
  1197     MOVE HD1                    TO  P-LN.                        00003150
  1198                                                                  00003160
  1199     PERFORM 1700-PRT-RTN  THRU  1799-EXIT.                       00003170
  1200                                                                  00003180
  1201     MOVE HD2                    TO  P-LN.                        00003190
  1202                                                                  00003200
  1203     PERFORM 1700-PRT-RTN  THRU  1799-EXIT.                       00003210
  1204                                                                  00003220
  1205     MOVE SPACE-2                TO  CCSW.                        00003230
  1206     MOVE HD3                    TO  P-LN.                        00003240
* Micro Focus Server Express         V5.1 revision 000 06-Oct-15 17:18 Page  27
* ECRTEDT.cbl
  1207                                                                  00003250
  1208     PERFORM 1700-PRT-RTN  THRU  1799-EXIT.                       00003260
  1209                                                                  00003270
  1210     MOVE HD4                    TO  P-LN.                        00003280
  1211                                                                  00003290
  1212     PERFORM 1700-PRT-RTN  THRU  1799-EXIT.                       00003300
  1213                                                                  00003310
  1214     MOVE SPACE-1                TO  P-REC.                       00003320
  1215                                                                  00003330
  1216     PERFORM 1700-PRT-RTN  THRU  1799-EXIT.                       00003340
  1217                                                                  00003350
  1218 1899-EXIT.                                                       00003360
  1219     EXIT.                                                        00003370
  1220                                                                  00003380
  1221 9000-END-OF-JOB.                                                 00003390
  1222     PERFORM 1800-HD-RTN  THRU  1899-EXIT.                        00003400
  1223                                                                  00003410
  1224     CLOSE  PRINTR  ACCT-IN  CERT-IN.                             00003420
  1225                                                                  00003430
  1226     GOBACK.                                                      00003440
  1227                                                                  00003450
  1228     IF ABEND-ON                                                  00003460
  1229         MOVE +2000              TO  WS-RETURN-CODE               00003470
  1230         MOVE 'NO ACCT MASTER'   TO  WS-ABEND-MESSAGE             00003480
  1231         GO TO ABEND-PGM.                                         00003490
  1232                                                                  00003500
  1233     GOBACK.                                                      00003510
  1234                                                                  00003520
  1235 ABEND-PGM.                                                       00003530
* 1236                COPY ELCABEND.                                    00003540
  1237***************************************************************** 04/14/98
  1238*                                                               * ELCABEND
  1239*                            ELCABEND.                          *    LV003
  1240*           COPYBOOK REVIEWED FOR YEAR 2000 COMPLIANCE               CL**3
  1241*                            VMOD 2.002                              CL**2
  1242*                                                               * ELCABEND
  1243*                THIS SECTION DISPLAYS THE NECESSARY MESSAGES   * ELCABEND
  1244*            AND THEN ABENDS.                                   * ELCABEND
  1245*                                                               * ELCABEND
  1246*  NO  CID  MODS  IN  COPYBOOK  ELCABEND                        * ELCABEND
  1247*                                                               * ELCABEND
  1248***************************************************************** ELCABEND
  1249*APS-010.                                                         ELCABEND
  1250     DISPLAY WS-ABEND-MESSAGE.                                    ELCABEND
  1251     DISPLAY WS-ABEND-MESSAGE UPON CONSOLE.                       ELCABEND
  1252                                                                  ELCABEND
  1253     IF WS-ABEND-FILE-STATUS NOT = ZERO                           ELCABEND
  1254         DISPLAY 'FILE STATUS = ' WS-ABEND-FILE-STATUS            ELCABEND
  1255         DISPLAY 'FILE STATUS = ' WS-ABEND-FILE-STATUS            ELCABEND
  1256                                 UPON CONSOLE.                    ELCABEND
  1257                                                                  ELCABEND
  1258     IF WS-RETURN-CODE NOT = ZERO                                 ELCABEND
  1259         DISPLAY 'RETURN CODE = '  WS-RETURN-CODE                 ELCABEND
  1260         DISPLAY 'RETURN CODE = '  WS-RETURN-CODE                 ELCABEND
  1261                                 UPON CONSOLE.                    ELCABEND
  1262                                                                  ELCABEND
  1263     DISPLAY 'PROGRAM WILL NOW ABEND **************'              ELCABEND
  1264     DISPLAY 'PROGRAM WILL NOW ABEND **************'              ELCABEND
* Micro Focus Server Express         V5.1 revision 000 06-Oct-15 17:18 Page  28
* ECRTEDT.cbl (/apps/prod/cid1p/copy/ELCABEND)
  1265                                 UPON CONSOLE.                    ELCABEND
  1266                                                                  ELCABEND
  1267     DIVIDE WS-ZERO BY WS-ZERO GIVING WS-ZERO.                    ELCABEND
  1268     CALL 'ABORTME'.
  1269                                                                  ELCABEND
  1270 APS-EXIT.                                                        ELCABEND
  1271     EXIT.                                                        ELCABEND
  1272                                                                  00003550
* Micro Focus Server Express         V5.1 revision 000 Compiler
* Copyright (C) Micro Focus IP Development Limited 1984-2012.
*                                                        REF GNR-008065005AF
* Last message on page:   25
* Total Messages:     9
* Unrecoverable :     0                    Severe  :     9
* Errors        :     0                    Warnings:     0
* Informational :     0                    Flags   :     0
* Data:        8605     Code:           0
