* Micro Focus Server Express         V5.1 revision 000 06-Oct-15 17:18 Page   1
* ECS021T1RET.cbl
* Options: int("ECS021T1RET.int") anim csi verbose NOBOUND PARAMCOUNTCHECK
*          directives(cobopt.bth) endp list("ECS021T1RET.lst")
* Setting: NOACCEPTREFRESH NOADV ALIGN"8" ALPHASTART"1" NOALTER NOAMODE ANIM
*          NOANIMPREP ANS85 APOST NOAREACHECK ARITHMETIC"OSVS" ASSIGN
*          "EXTERNAL" NOASSIGN-PRINTER NOAUTOLOCK NOBELL NOBOUND NOBRIEF
*          NOBS2000 BWZSTAR NOBYTEMODEMOVE CALLFH"ebmlsfile" NOCALLMCS
*          NOCALLRECOVERY CALLSORT"EXTSM" CANCEL CANCELLBR NOCHANGEMESSAGE
*          CHARSET"ASCII" NOCHECKDIV NOCHECKREFMOD NOCICS CICS-CPY
*          NOCICSOPTIMIZE NOCMPR2 NOCOBFSTATCONV NOCOBIDY NOCOBOL370 COBOLDIR
*          NOCOMP COMP-5"2" COMP-6"2" NOCOMS85 CONFIRM NOCONVERTRET CONVSPACE
*          COPYEXT",cbl,cpy" NOCOPYLBR COPYLIST COPYLISTCOMMENT"1" CSI
*          CURRENCY-SIGN"36" CURRENT-DATE"MMDDYY" NODATA DATACOMPRESS"0"
*          NODATA-CONTEXT DATE DBCHECK DBCS"2" NODBCSSOSI DBSPACE DE-EDIT"2"
*          DEFAULTBYTE"32" NODEFAULTCALLS DETECTLOCK NODG DIALECT"MF"
*          NODIRECTIVES-IN-COMMENTS NODOSVS NODPCINSUBSCRIPT DYNAM
*          NOEARLY-RELEASE ECHO NOECHOALL NOEDITOR ENSUITE"0" NOENTCOBOL
*          ERRFORMAT"1" ERRLIST"EMBED" NOERRQ FASTSORT NOFCD3 NOFCDREG
*          NOFDCLEAR NOFILESHARE FILETYPE"0" NOFLAG NOFLAGAS NOFLAGCD
*          NOFLAGEUC NOFLAGMIG NOFLAGQ FLAGSINEDIT NOFLAGSTD NOFOLDCALLNAME
*          NOFOLDCOPYNAME FORM"60" NOFP-ROUNDING NOHOSTARITHMETIC
*          NOHOSTCONTZERO NOHOST-NUMCOMPARE NOHOST-NUMMOVE NOHOSTFD NOHOSTRW
*          NOIBM-MS IBMCOMP IDXFORMAT"0" NOILGEN IMPLICITSCOPE NOINDD
*          INFORETURN"0" NOINITCALL INITPTR INT"ECS021T1RET.int" INTDATE"ANSI"
*          INTLEVEL"2" IOCONV NOISO2002 NOIXNLSKEY NOIXNUMKEY KEEP-INT
*          KEYCHECK KEYCOMPRESS"0" LIBRARIAN"2" NOLINE-COUNT LIST
*          "ECS021T1RET.lst" LISTPATH"" LISTWIDTH"80" LITVAL-SIZE"4" LOCKTYPE
*          "0" NOMAPNAME NOMAXERROR METHODDEFAULT"REFERENCE" MF"15" MFCOMMENT
*          NOMOVELENCHECK NOMS NOMVS NATIVE"ASCII" NONATIVEFLOATINGPOINT
*          NONCHAR NONEWBASENAME NONLS NSYMBOL"DBCS" NOODOOSVS NOODOSLIDE
*          NOOLDBLANKLINE NOOLDCOPY NOOLDINDEX NOOLDNEXTSENTENCE NOOLDREADINTO
*          NOOLDSTRMIX OOCTRL"-C-E-G-P+Q+R-S+W" OPTIONAL-FILE NOOS390 OSEXT""
*          NOOSVS NOOUTDD NOP64 NOPANVALET PERFORM-TYPE"OSVS" NOPREPLIST
*          NOPREPROCESS NOPRINT-EXT NOPROFILE NOPROGID-COMMENT
*          NOPROGID-INT-NAME NOPROTECT-LINKAGE PROTOTYPE"RELAXED" QUAL
*          QUALPROC NOQUERY NOQUOTE NORAWLIST NORDW RECMODE"F" NOREENTRANT
*          NOREF NOREFNO REMAINDER"1" REPORT-LINE"256" RESEQ NORETRYLOCK
*          REWRITE-LS NORM RTNCODE-SIZE"4" NORWHARDPAGE NOSAA SEG NOSEQCHK
*          SEQUENTIAL"RECORD" NOSERIAL SETTING"LINE" NOSHAREOUTDD NOSHOW-DIR
*          SIGN"ASCII" NOSIGNDISCARD NOSIGNFIXUP SORTTYPE"DFSORT" SOURCEFORMAT
*          "FIXED" SOURCETABSTOP"8" NOSPZERO NOSSRANGE STDERR NOSTICKY-LINKAGE
*          NOSTICKY-PERFORM SUPFF SWITCHTYPE"1" SYMBSTART"1" SYSPUNCH"132"
*          TERMPAGE TIME NOTRACE NOTRUNC NOTRUNCCALLNAME NOTRUNCCOPY TRUNCINC
*          "10" UNICODE"NATIVE" VERBOSE VSC2"2" WARNING"1" NOWB NOWB2 NOWB3
*          WEBSERVER"CGI" NOWRITELOCK NOWRITETHRU NOXOPEN NOXREF
*          NOZEROLENGTHFALSE NOZEROSEQ NOZWB
     1 IDENTIFICATION DIVISION.                                         04/20/98
     2                                                                  ECS021T1
     3 PROGRAM-ID.                ECS021T1.                                LV011
     4*              PROGRAM CONVERTED BY                                  CL**7
     5*              COBOL CONVERSION AID PO 5785-ABJ                      CL**7
     6*              CONVERSION DATE 11/28/95 11:01:33.                    CL**7
     7*              PROGRAM REVIEWED FOR YEAR 2000 COMPLIANCE.            CL**9
     8*                           VMOD=2.008.                              CL*11
     9                                                                  ECS021T1
    10                                                                  ECS021T1
    11*AUTHOR.        LOGIC, INC.                                          CL**7
    12*               DALLAS, TEXAS.                                       CL**7
    13                                                                  ECS021T1
* Micro Focus Server Express         V5.1 revision 000 06-Oct-15 17:18 Page   2
* ECS021T1RET.cbl
    14                                                                  ECS021T1
    15*DATE-COMPILED.                                                      CL**7
    16                                                                  ECS021T1
    17*SECURITY.   *****************************************************   CL**7
    18*            *                                                   *   CL**7
    19*            *   THIS PROGRAM IS THE PROPERTY OF LOGIC, INC.     *   CL**7
    20*            *                                                   *   CL**7
    21*            *   USE OF THIS PROGRAM BY OTHER THAN THE EMPLOYEES *   CL**7
    22*            *   OF LOGIC, INC. IS EXPRESSLY PROHIBITED WITHOUT  *   CL**7
    23*            *   THE PRIOR WRITTEN PERMISSION OF LOGIC INC.      *   CL**7
    24*            *                                                   *   CL**7
    25*            *****************************************************   CL**7
    26                                                                  ECS021T1
    27*REMARKS.                                                            CL**3
    28*        THIS SUBMODULE WORKS IN CONJUNCTION WITH ECS021             CL**3
    29*        TO ACCUMULATE FIGURES AND CREATE THE VARIOUS BREAK          CL**3
    30*        LEVELS IN THE PROFIT ANALYSIS REPORT.                       CL**3
    31******************************************************************
    32*                   C H A N G E   L O G
    33*
    34* CHANGES ARE MARKED BY THE CHANGE EFFECTIVE DATE.
    35*-----------------------------------------------------------------
    36*  CHANGE   CHANGE REQUEST PGMR  DESCRIPTION OF CHANGE
    37* EFFECTIVE    NUMBER
    38*-----------------------------------------------------------------
    39* 092602    2002091900008  PEMA  INCREASE NUMBER OF MAXIMUM
    40*                                  BENEFIT CODES FROM 075 TO 900
    41* 102908    2008073000002  AJRA  ADD FIELDS FOR RETRO EXTRACT
    42******************************************************************
    43                                                                  ECS021T1
    44 ENVIRONMENT DIVISION.                                            ECS021T1
    45 INPUT-OUTPUT SECTION.                                            ECS021T1
    46 FILE-CONTROL.                                                    ECS021T1
    47                                                                  ECS021T1
* Micro Focus Server Express         V5.1 revision 000 06-Oct-15 17:18 Page   3
* ECS021T1RET.cbl
    49 DATA DIVISION.                                                   ECS021T1
    50 FILE SECTION.                                                    ECS021T1
    51                                                                  ECS021T1
    52                                                                  ECS021T1
* Micro Focus Server Express         V5.1 revision 000 06-Oct-15 17:18 Page   4
* ECS021T1RET.cbl
    54 WORKING-STORAGE SECTION.                                         ECS021T1
    55 01  LCP-ABND-CODE                 PIC S999 COMP VALUE +519.         CL**7
    56                                                                  ECS021T1
    57 77  FILLER  PIC X(32) VALUE '********************************'.  ECS021T1
    58 77  FILLER  PIC X(32) VALUE '     ECS021T1 WORKING STORAGE   '.  ECS021T1
    59 77  FILLER  PIC X(32) VALUE '********* VMOD=2.008 ***********'.     CL**9
    60                                                                  ECS021T1
    61 77  NET-COUNT               PIC S9(7)     COMP-3.                   CL**5
    62 77  DTE-IDX                 PIC S9(4)     COMP   VALUE +0.       ECS021T1
    63 77  TOT-IDX                 PIC S9(4)     COMP   VALUE +0.       ECS021T1
    64 77  BEN-IDX                 PIC S9(4)     COMP   VALUE +0.       ECS021T1
    65 77  BRK-IDX                 PIC S9(4)     COMP   VALUE +0.       ECS021T1
    66 77  REQ-IDX                 PIC S9(4)     COMP   VALUE +0.       ECS021T1
    67 77  ONE                     PIC  99              VALUE 1.        ECS021T1
    68 77  THREE                   PIC  99              VALUE 3.        ECS021T1
    69 77  SIXTEEN                 PIC S9(4)     COMP   VALUE +16.      ECS021T1
    70 77  THREE-HUNDRED           PIC S9(4)     COMP   VALUE +300.     ECS021T1
    71 77  NINE-HUNDRED            PIC S9(4)     COMP   VALUE +900.     ECS021T1
    72                                                                  ECS021T1
    73 01  WS-ABEND-STORAGE.                                            ECS021T1
    74     12  WS-RETURN-CODE          PIC S9(4)  VALUE +0 COMP.        ECS021T1
    75     12  WS-ABEND-MESSAGE        PIC X(80)  VALUE SPACES.         ECS021T1
    76     12  WS-ABEND-FILE-STATUS    PIC XX     VALUE ZEROS.          ECS021T1
    77     12  WS-ZERO                 PIC S9     VALUE +0 COMP-3.      ECS021T1
    78     12  WS-ABEND-CODE           PIC S9(4).                       ECS021T1
    79     12  WORK-ABEND-CODE  REDEFINES  WS-ABEND-CODE.               ECS021T1
    80         16  WAC-1               PIC X.                           ECS021T1
    81         16  WAC-2               PIC X.                           ECS021T1
    82         16  WAC-3-4             PIC 99.                          ECS021T1
    83                                                                  ECS021T1
    84 01  WS-PROGRAM-ACTIONS.                                          ECS021T1
    85     12  W-BUILD-ZERO-TABLE      PIC X(02) VALUE 'BZ'.            ECS021T1
    86     12  W-ZERO-TABLE            PIC X(02) VALUE 'ZT'.            ECS021T1
    87     12  W-APPLY-SORT-RCD        PIC X(02) VALUE 'AS'.            ECS021T1
    88     12  W-ADD-LINK-TABLES       PIC X(02) VALUE 'AT'.            ECS021T1
    89     12  W-MOVE-TO-LINK          PIC X(02) VALUE 'MT'.            ECS021T1
    90                                                                  ECS021T1
* Micro Focus Server Express         V5.1 revision 000 06-Oct-15 17:18 Page   5
* ECS021T1RET.cbl
    92 01  TABLE-IDENTIFIER.                                            ECS021T1
    93     12  FILLER                       PIC X(28)                   ECS021T1
    94                       VALUE '**** START OF TABLE TWO ****'.      ECS021T1
    95                                                                  ECS021T1
    96 01  BREAK-TABLE.                                                 ECS021T1
    97     12  TABLE-ACCUMULATORS     OCCURS  900 TIMES.                   CL**6
    98         16  TBL-BENEFIT-TYPE             PIC X.                  ECS021T1
    99         16  TBL-BENEFIT-CODE             PIC XX.                 ECS021T1
   100         16  TBL-PERIOD     OCCURS   15  TIMES  COMP-3.           ECS021T1
   101             20  TBL-ISS-CNT          PIC S9(7).                  ECS021T1
   102             20  TBL-CNC-CNT          PIC S9(7).                  ECS021T1
   103             20  TBL-ISS-PREM         PIC S9(11)V99.              ECS021T1
   104             20  TBL-CNC-PREM         PIC S9(11)V99.              ECS021T1
   105             20  TBL-NET-COMPEN       PIC S9(11)V99.              ECS021T1
   106             20  TBL-CLM-CNT          PIC S9(7).                  ECS021T1
   107             20  TBL-CLM-AMT          PIC S9(11)V99.              ECS021T1
   108             20  TBL-LOSS-RESV        PIC S9(11)V99.              ECS021T1
   109             20  TBL-EARND-PREM       PIC S9(9)V99.               ECS021T1
   110             20  TBL-PRM-INFRC        PIC S9(9)V99.               ECS021T1
   111             20  TBL-INFRC-CNT        PIC S9(9).                  ECS021T1
   112             20  TBL-AVG-AGE          PIC S9(9).                     CL**6
   113             20  TBL-AVG-ORG-TRM      PIC S9(9).                     CL**6
   114             20  TBL-WGHT-AGE         PIC S9(9).                     CL**6
   115             20  TBL-WGHT-ORG-TRM     PIC S9(9).                     CL**6
   116             20  TBL-EXP-PCT          PIC S9(3)V9(4).             ECS021T1
   117             20  TBL-ADDED-TO-CNT     PIC S9(5).                  ECS021T1
   118             20  TBL-ACCT-COMM        PIC S9(11)V99.
   119             20  TBL-OW-COMM          PIC S9(11)V99.
   120                                                                  ECS021T1
* Micro Focus Server Express         V5.1 revision 000 06-Oct-15 17:18 Page   6
* ECS021T1RET.cbl
   122*01  BREAK-EXTENSION-1.                                           ECS021T1
   123*    12  TABLE-EXTENSION-1      OCCURS   75 TIMES.                   CL**6
   124*        16  FILLER                       PIC X.                  ECS021T1
   125*        16  FILLER                       PIC XX.                 ECS021T1
   126*        16  TBL-EXTENSION-1    OCCURS   15  TIMES  COMP-3.       ECS021T1
   127*            20  FILLER               PIC S9(7).                  ECS021T1
   128*            20  FILLER               PIC S9(7).                  ECS021T1
   129*            20  FILLER               PIC S9(11)V99.              ECS021T1
   130*            20  FILLER               PIC S9(11)V99.              ECS021T1
   131*            20  FILLER               PIC S9(11)V99.              ECS021T1
   132*            20  FILLER               PIC S9(7).                  ECS021T1
   133*            20  FILLER               PIC S9(11)V99.              ECS021T1
   134*            20  FILLER               PIC S9(11)V99.              ECS021T1
   135*            20  FILLER               PIC S9(9)V99.               ECS021T1
   136*            20  FILLER               PIC S9(9)V99.               ECS021T1
   137*            20  FILLER               PIC S9(9).                  ECS021T1
   138*            20  FILLER               PIC S9(9).                     CL**6
   139*            20  FILLER               PIC S9(9).                     CL**6
   140*            20  FILLER               PIC S9(9).                     CL**6
   141*            20  FILLER               PIC S9(9).                     CL**6
   142*            20  FILLER               PIC S9(3)V9(4).             ECS021T1
   143*            20  FILLER               PIC S9(5).                  ECS021T1
   144*                                                                 ECS021T1
   145*    EJECT                                                        ECS021T1
   146*01  BREAK-EXTENSION-2.                                           ECS021T1
   147*    12  TABLE-EXTENSION-2      OCCURS   75 TIMES.                   CL**6
   148*        16  FILLER                       PIC X.                  ECS021T1
   149*        16  FILLER                       PIC XX.                 ECS021T1
   150*        16  TBL-EXTENSION-2    OCCURS   15  TIMES  COMP-3.       ECS021T1
   151*            20  FILLER               PIC S9(7).                  ECS021T1
   152*            20  FILLER               PIC S9(7).                  ECS021T1
   153*            20  FILLER               PIC S9(11)V99.              ECS021T1
   154*            20  FILLER               PIC S9(11)V99.              ECS021T1
   155*            20  FILLER               PIC S9(11)V99.              ECS021T1
   156*            20  FILLER               PIC S9(7).                  ECS021T1
   157*            20  FILLER               PIC S9(11)V99.              ECS021T1
   158*            20  FILLER               PIC S9(11)V99.              ECS021T1
   159*            20  FILLER               PIC S9(9)V99.               ECS021T1
   160*            20  FILLER               PIC S9(9)V99.               ECS021T1
   161*            20  FILLER               PIC S9(9).                  ECS021T1
   162*            20  FILLER               PIC S9(9).                     CL**6
   163*            20  FILLER               PIC S9(9).                     CL**6
   164*            20  FILLER               PIC S9(9).                     CL**6
   165*            20  FILLER               PIC S9(9).                     CL**6
   166*            20  FILLER               PIC S9(3)V9(4).                CL**6
   167*            20  FILLER               PIC S9(5).                     CL**6
   168*                                                                    CL**6
   169*01  BREAK-EXTENSION-3.                                              CL**6
   170*    12  TABLE-EXTENSION-3      OCCURS   75 TIMES.                   CL**6
   171*        16  FILLER                       PIC X.                     CL**6
   172*        16  FILLER                       PIC XX.                    CL**6
   173*        16  TBL-EXTENSION-3    OCCURS   15  TIMES  COMP-3.          CL**6
   174*            20  FILLER               PIC S9(7).                     CL**2
   175*            20  FILLER               PIC S9(7).                     CL**2
   176*            20  FILLER               PIC S9(11)V99.                 CL**6
   177*            20  FILLER               PIC S9(11)V99.                 CL**6
   178*            20  FILLER               PIC S9(11)V99.                 CL**6
   179*            20  FILLER               PIC S9(7).                     CL**2
* Micro Focus Server Express         V5.1 revision 000 06-Oct-15 17:18 Page   7
* ECS021T1RET.cbl
   180*            20  FILLER               PIC S9(11)V99.                 CL**6
   181*            20  FILLER               PIC S9(11)V99.                 CL**6
   182*            20  FILLER               PIC S9(9)V99.                  CL**6
   183*            20  FILLER               PIC S9(9)V99.                  CL**6
   184*            20  FILLER               PIC S9(9).                     CL**6
   185*            20  FILLER               PIC S9(9).                     CL**6
   186*            20  FILLER               PIC S9(9).                     CL**6
   187*            20  FILLER               PIC S9(9).                     CL**6
   188*            20  FILLER               PIC S9(9).                     CL**6
   189*            20  FILLER               PIC S9(3)V9(4).             ECS021T1
   190*            20  FILLER               PIC S9(5).                  ECS021T1
   191                                                                  ECS021T1
* Micro Focus Server Express         V5.1 revision 000 06-Oct-15 17:18 Page   8
* ECS021T1RET.cbl
   193 01  TOTAL-IDENTIFIER.                                            ECS021T1
   194     12  FILLER                       PIC X(28)                   ECS021T1
   195                       VALUE '**** START OF TOTAL TWO ****'.      ECS021T1
   196                                                                  ECS021T1
   197 01  BREAK-TOTAL-TABLE.                                           ECS021T1
   198     12  TABLE-TOTALS           OCCURS  3 TIMES.                  ECS021T1
   199         16  TOT-PERIOD     OCCURS   15  TIMES  COMP-3.           ECS021T1
   200             20  TOT-ISS-CNT          PIC S9(7).                  ECS021T1
   201             20  TOT-CNC-CNT          PIC S9(7).                  ECS021T1
   202             20  TOT-SINGLE-ELEM      PIC S9(7).                  ECS021T1
   203             20  TOT-JOINT-RETRO      PIC S9(7).                  ECS021T1
   204             20  TOT-LIFE-LEVEL       PIC S9(7).                  ECS021T1
   205             20  TOT-ISS-PREM         PIC S9(11)V99.              ECS021T1
   206             20  TOT-CNC-PREM         PIC S9(11)V99.              ECS021T1
   207             20  TOT-NET-COMPEN       PIC S9(11)V99.              ECS021T1
   208             20  TOT-LF-CLM-CNT       PIC S9(7).                  ECS021T1
   209             20  TOT-LF-CLM-AMT       PIC S9(11)V99.              ECS021T1
   210             20  TOT-AH-CLM-CNT       PIC S9(7).                  ECS021T1
   211             20  TOT-AH-CLM-AMT       PIC S9(11)V99.              ECS021T1
   212             20  TOT-LOSS-RESV        PIC S9(11)V99.              ECS021T1
   213             20  TOT-EARND-PREM       PIC S9(9)V99.               ECS021T1
   214             20  TOT-PRM-INFRC        PIC S9(9)V99.               ECS021T1
   215             20  TOT-INFRC-CNT        PIC S9(9).                  ECS021T1
   216             20  TOT-AVG-AGE          PIC S9(9).                     CL**6
   217             20  TOT-AVG-ORG-TRM      PIC S9(9).                     CL**6
   218             20  TOT-WGHT-AGE         PIC S9(9).                     CL**6
   219             20  TOT-WGHT-ORG-TRM     PIC S9(9).                     CL**6
   220             20  TOT-EXP-PCT          PIC S999V9(4).              ECS021T1
   221             20  TOT-ADDED-TO-CNT     PIC S9(5).                  ECS021T1
   222             20  TOT-ACCT-COMM        PIC S9(11)V99.
   223             20  TOT-OW-COMM          PIC S9(11)V99.
   224                                                                  ECS021T1
* Micro Focus Server Express         V5.1 revision 000 06-Oct-15 17:18 Page   9
* ECS021T1RET.cbl
   226                                                                  ECS021T1
   227 01  ZERO-IDENTIFIER.                                             ECS021T1
   228     12  FILLER                       PIC X(28)                   ECS021T1
   229                       VALUE '**** START OF ZERO TABLE****'.      ECS021T1
   230                                                                  ECS021T1
   231 01  ZERO-TABLE.                                                  ECS021T1
   232     12  ZERO-ACCUMULATORS.                                       ECS021T1
   233         16  ZERO-BENEFIT-TYPE            PIC X    VALUE SPACES.  ECS021T1
   234         16  ZERO-BENEFIT-CODE            PIC XX   VALUE ZEROS.   ECS021T1
   235         16  ZERO-PERIOD       OCCURS     15 TIMES COMP-3.        ECS021T1
   236             20  ZERO-ISS-CNT         PIC S9(7).                  ECS021T1
   237             20  ZERO-CNC-CNT         PIC S9(7).                  ECS021T1
   238             20  ZERO-ISS-PREM        PIC S9(11)V99.              ECS021T1
   239             20  ZERO-CNC-PREM        PIC S9(11)V99.              ECS021T1
   240             20  ZERO-NET-COMPEN      PIC S9(11)V99.              ECS021T1
   241             20  ZERO-CLM-CNT         PIC S9(7).                  ECS021T1
   242             20  ZERO-CLM-AMT         PIC S9(11)V99.              ECS021T1
   243             20  ZERO-LOSS-RESV       PIC S9(11)V99.              ECS021T1
   244             20  ZERO-EARND-PREM      PIC S9(9)V99.               ECS021T1
   245             20  ZERO-PRM-INFRC       PIC S9(9)V99.               ECS021T1
   246             20  ZERO-INFRC-CNT       PIC S9(9).                  ECS021T1
   247             20  ZERO-AVG-AGE         PIC S9(9).                     CL**6
   248             20  ZERO-AVG-ORG-TRM     PIC S9(9).                     CL**6
   249             20  ZERO-WGHT-AGE        PIC S9(9).                     CL**6
   250             20  ZERO-WGHT-ORG-TRM    PIC S9(9).                     CL**6
   251             20  ZERO-EXP-PCT         PIC S9(3)V9(4).             ECS021T1
   252             20  ZERO-ADDED-TO-CNT    PIC S9(5).                  ECS021T1
   253             20  ZERO-ACCT-COMM       PIC S9(11)V99.
   254             20  ZERO-OW-COMM         PIC S9(11)V99.
   255                                                                  ECS021T1
   256 01  ZERO-ENTRY-IDENTIFIER.                                       ECS021T1
   257     12  FILLER                   PIC X(28)                       ECS021T1
   258                           VALUE '****START OF ZERO ENTRY ****'.  ECS021T1
   259                                                                  ECS021T1
   260 01  ZERO-TABLE-ENTRIES.                                          ECS021T1
   261     12  ZERO-ACCUMS              COMP-3.                         ECS021T1
   262         16  FILLER               PIC S9(7)       VALUE +0.       ECS021T1
   263         16  FILLER               PIC S9(7)       VALUE +0.       ECS021T1
   264         16  FILLER               PIC S9(11)V99   VALUE +0.       ECS021T1
   265         16  FILLER               PIC S9(11)V99   VALUE +0.       ECS021T1
   266         16  FILLER               PIC S9(11)V99   VALUE +0.       ECS021T1
   267         16  FILLER               PIC S9(7)       VALUE +0.       ECS021T1
   268         16  FILLER               PIC S9(11)V99   VALUE +0.       ECS021T1
   269         16  FILLER               PIC S9(11)V99   VALUE +0.       ECS021T1
   270         16  FILLER               PIC S9(9)V99    VALUE +0.       ECS021T1
   271         16  FILLER               PIC S9(9)V99    VALUE +0.       ECS021T1
   272         16  FILLER               PIC S9(9)       VALUE +0.       ECS021T1
   273         16  FILLER               PIC S9(9)       VALUE +0.          CL**6
   274         16  FILLER               PIC S9(9)       VALUE +0.          CL**6
   275         16  FILLER               PIC S9(9)       VALUE +0.          CL**6
   276         16  FILLER               PIC S9(9)       VALUE +0.          CL**6
   277         16  FILLER               PIC S9(3)V9(4)  VALUE +0.       ECS021T1
   278         16  FILLER               PIC S9(5)       VALUE +0.       ECS021T1
   279         16  FILLER               PIC S9(11)V99   VALUE +0.
   280         16  FILLER               PIC S9(11)V99   VALUE +0.
   281                                                                  ECS021T1
* Micro Focus Server Express         V5.1 revision 000 06-Oct-15 17:18 Page  10
* ECS021T1RET.cbl
   283                                                                  ECS021T1
   284 01  ZERO-TOTAL-IDENTIFIER.                                       ECS021T1
   285     12  FILLER                   PIC X(28)                       ECS021T1
   286                           VALUE '****START OF ZERO TOTAL ****'.  ECS021T1
   287                                                                  ECS021T1
   288 01  ZERO-TOTAL-TABLE.                                            ECS021T1
   289     12  ZERO-TOTAL-ACCUMS  OCCURS  15 TIMES  COMP-3.             ECS021T1
   290         16  FILLER                   PIC S9(7).                  ECS021T1
   291         16  FILLER                   PIC S9(7).                  ECS021T1
   292         16  FILLER                   PIC S9(7).                  ECS021T1
   293         16  FILLER                   PIC S9(7).                  ECS021T1
   294         16  FILLER                   PIC S9(7).                  ECS021T1
   295         16  FILLER                   PIC S9(11)V99.              ECS021T1
   296         16  FILLER                   PIC S9(11)V99.              ECS021T1
   297         16  FILLER                   PIC S9(11)V99.              ECS021T1
   298         16  FILLER                   PIC S9(7).                  ECS021T1
   299         16  FILLER                   PIC S9(11)V99.              ECS021T1
   300         16  FILLER                   PIC S9(7).                  ECS021T1
   301         16  FILLER                   PIC S9(11)V99.              ECS021T1
   302         16  FILLER                   PIC S9(11)V99.              ECS021T1
   303         16  FILLER                   PIC S9(9)V99.               ECS021T1
   304         16  FILLER                   PIC S9(9)V99.               ECS021T1
   305         16  FILLER                   PIC S9(9).                  ECS021T1
   306         16  FILLER                   PIC S9(9).                     CL**6
   307         16  FILLER                   PIC S9(9).                     CL**6
   308         16  FILLER                   PIC S9(9).                     CL**6
   309         16  FILLER                   PIC S9(9).                     CL**6
   310         16  FILLER                   PIC S999V9(4).              ECS021T1
   311         16  FILLER                   PIC S9(5).                  ECS021T1
   312         16  FILLER                   PIC S9(11)V99.
   313         16  FILLER                   PIC S9(11)V99.
   314                                                                  ECS021T1
   315 01  ZERO-TOTAL-ENTRY         COMP-3.                             ECS021T1
   316     12  FILLER                       PIC S9(7)      VALUE +0.    ECS021T1
   317     12  FILLER                       PIC S9(7)      VALUE +0.    ECS021T1
   318     12  FILLER                       PIC S9(7)      VALUE +0.    ECS021T1
   319     12  FILLER                       PIC S9(7)      VALUE +0.    ECS021T1
   320     12  FILLER                       PIC S9(7)      VALUE +0.    ECS021T1
   321     12  FILLER                       PIC S9(11)V99  VALUE +0.    ECS021T1
   322     12  FILLER                       PIC S9(11)V99  VALUE +0.    ECS021T1
   323     12  FILLER                       PIC S9(11)V99  VALUE +0.    ECS021T1
   324     12  FILLER                       PIC S9(7)      VALUE +0.    ECS021T1
   325     12  FILLER                       PIC S9(11)V99  VALUE +0.    ECS021T1
   326     12  FILLER                       PIC S9(7)      VALUE +0.    ECS021T1
   327     12  FILLER                       PIC S9(11)V99  VALUE +0.    ECS021T1
   328     12  FILLER                       PIC S9(11)V99  VALUE +0.    ECS021T1
   329     12  FILLER                       PIC S9(9)V99   VALUE +0.    ECS021T1
   330     12  FILLER                       PIC S9(9)V99   VALUE +0.    ECS021T1
   331     12  FILLER                       PIC S9(9)      VALUE +0.    ECS021T1
   332     12  FILLER                       PIC S9(9)      VALUE +0.       CL**6
   333     12  FILLER                       PIC S9(9)      VALUE +0.       CL**6
   334     12  FILLER                       PIC S9(9)      VALUE +0.       CL**6
   335     12  FILLER                       PIC S9(9)      VALUE +0.       CL**6
   336     12  FILLER                       PIC S999V9(4)  VALUE +0.    ECS021T1
   337     12  FILLER                       PIC S9(5)      VALUE +0.    ECS021T1
   338     12  FILLER                       PIC S9(11)V99  VALUE +0.
   339     12  FILLER                       PIC S9(11)V99  VALUE +0.
   340                                                                  ECS021T1
* Micro Focus Server Express         V5.1 revision 000 06-Oct-15 17:18 Page  11
* ECS021T1RET.cbl
   341                                                                  ECS021T1
* Micro Focus Server Express         V5.1 revision 000 06-Oct-15 17:18 Page  12
* ECS021T1RET.cbl
   343 LINKAGE SECTION.                                                 ECS021T1
   344                                                                  ECS021T1
   345*************************************************                 ECS021T1
   346*  ACTION REQUESTS:                             *                 ECS021T1
   347*                                               *                 ECS021T1
   348*  BZ - BUILD ZERO TABLE (1ST TIME PROCESSING)  *                 ECS021T1
   349*  ZT - ZERO INTERNAL TABLES                    *                 ECS021T1
   350*  AS - APPLY SORT RECORD TO INTERNAL TABLES    *                 ECS021T1
   351*  AT - ADD LINKAGE TABLES TO INTERNAL TABLES   *                 ECS021T1
   352*  MT - MOVE TABLES TO LINK TABLES              *                 ECS021T1
   353*************************************************                 ECS021T1
   354                                                                  ECS021T1
   355 01  REQUEST-TABLE.                                               ECS021T1
   356     12  PROCESSING-REQUEST    OCCURS 10   PIC X(2).              ECS021T1
   357     12  NUMBER-OF-REQUESTS                PIC S9(04) COMP.       ECS021T1
   358                                                                  ECS021T1
   359 01  SW-RECORD.                                                   ECS021T1
   360     12  SW-REPORT-CONTROL-KEY.                                   ECS021T1
   361         16  SW-BREAK-FIELD-1             PIC X(10).              ECS021T1
   362         16  SW-BREAK-FIELD-2             PIC X(10).              ECS021T1
   363         16  SW-BREAK-FIELD-3             PIC X(10).              ECS021T1
   364         16  SW-BREAK-FIELD-4             PIC X(10).              ECS021T1
   365         16  SW-BREAK-FIELD-5             PIC X(10).              ECS021T1
   366         16  SW-BREAK-FIELD-6             PIC X(10).              ECS021T1
   367         16  SW-CARRIER                   PIC X.
   368         16  SW-ACCT-NAME                 PIC X(30).              ECS021T1
   369         16  SW-ACCT-STATUS               PIC X.
   370         16  SW-GA-NAME                   PIC X(30).                 CL**3
   371         16  SW-STATE-NAME                PIC X(25).                 CL**4
   372         16  SW-STATE-ABBREVIATION        PIC X(2).
   373         16  SW-PROD-DATE                 PIC X(6).               ECS021T1
   374                                                                  ECS021T1
   375     12  SW-RECORD-DATA            OCCURS 23.                        CL**6
   376         16  SW-BENEFIT-TYPE              PIC X.                  ECS021T1
   377         16  SW-BENEFIT-CODE              PIC 99.                 ECS021T1
   378         16  SW-BEN-TBL-POS               PIC S999 COMP.          ECS021T1
   379                                                                  ECS021T1
   380         16  SW-PERIOD    COMP-3   OCCURS 15.                     ECS021T1
   381             24  SW-ISS-CNT               PIC S9(7).              ECS021T1
   382             24  SW-CNC-CNT               PIC S9(7).              ECS021T1
   383             24  SW-ISS-PREM              PIC S9(11)V99.          ECS021T1
   384             24  SW-CNC-PREM              PIC S9(11)V99.          ECS021T1
   385             24  SW-NET-COMPEN            PIC S9(11)V99.          ECS021T1
   386             24  SW-CLM-CNT               PIC S9(7).              ECS021T1
   387             24  SW-CLM-AMT               PIC S9(11)V99.          ECS021T1
   388             24  SW-LOSS-RESV             PIC S9(11)V99.          ECS021T1
   389             24  SW-PRM-EARND             PIC S9(9)V99.           ECS021T1
   390             24  SW-PRM-INFRC             PIC S9(9)V99.           ECS021T1
   391             24  SW-INFRC-CNT             PIC S9(9).              ECS021T1
   392             24  SW-AVG-AGE               PIC S9(9).                 CL**6
   393             24  SW-AVG-ORG-TRM           PIC S9(9).                 CL**6
   394             24  SW-WGHT-AGE              PIC S9(9).                 CL**6
   395             24  SW-WGHT-ORG-TRM          PIC S9(9).                 CL**6
   396             24  SW-EXP-PCT               PIC S999V9(4).          ECS021T1
   397             24  SW-ADDED-TO-CNT          PIC S9(5).              ECS021T1
   398             24  SW-ACCT-COMM             PIC S9(11)V99.
   399             24  SW-OW-COMM               PIC S9(11)V99.
   400                                                                  ECS021T1
* Micro Focus Server Express         V5.1 revision 000 06-Oct-15 17:18 Page  13
* ECS021T1RET.cbl
   402 01  LINK-TABLE.                                                  ECS021T1
   403     12  LINK-ACCUMULATORS   OCCURS  900 TIMES.                      CL**6
   404         16  LINK-BENEFIT-TYPE        PIC X.                      ECS021T1
   405         16  LINK-BENEFIT-CODE        PIC 99.                     ECS021T1
   406         16  LINK-PERIOD    OCCURS   15  TIMES  COMP-3.           ECS021T1
   407             20  LINK-ISS-CNT         PIC S9(7).                  ECS021T1
   408             20  LINK-CNC-CNT         PIC S9(7).                  ECS021T1
   409             20  LINK-ISS-PREM        PIC S9(11)V99.              ECS021T1
   410             20  LINK-CNC-PREM        PIC S9(11)V99.              ECS021T1
   411             20  LINK-NET-COMPEN      PIC S9(11)V99.              ECS021T1
   412             20  LINK-CLM-CNT         PIC S9(7).                  ECS021T1
   413             20  LINK-CLM-AMT         PIC S9(11)V99.              ECS021T1
   414             20  LINK-LOSS-RESV       PIC S9(11)V99.              ECS021T1
   415             20  LINK-EARND-PREM      PIC S9(9)V99.               ECS021T1
   416             20  LINK-PRM-INFRC       PIC S9(9)V99.               ECS021T1
   417             20  LINK-INFRC-CNT       PIC S9(9).                  ECS021T1
   418             20  LINK-AVG-AGE         PIC S9(9).                     CL**6
   419             20  LINK-AVG-ORG-TRM     PIC S9(9).                     CL**6
   420             20  LINK-WGHT-AGE        PIC S9(9).                     CL**6
   421             20  LINK-WGHT-ORG-TRM    PIC S9(9).                     CL**6
   422             20  LINK-EXP-PCT         PIC S999V9(4).              ECS021T1
   423             20  LINK-ADDED-TO-CNT    PIC S9(5).                  ECS021T1
   424             20  LINK-ACCT-COMM       PIC S9(11)V99.
   425             20  LINK-OW-COMM         PIC S9(11)V99.
   426                                                                  ECS021T1
   427*01  LINK-EXTENSION-1.                                            ECS021T1
   428*    12  LINK-TBL-EXTENSION-1    OCCURS   75 TIMES.                  CL**6
   429*        16  FILLER                       PIC X.                  ECS021T1
   430*        16  FILLER                       PIC 99.                 ECS021T1
   431*        16  LINK-EXT-1          OCCURS   15  TIMES  COMP-3.      ECS021T1
   432*            20  FILLER               PIC S9(7).                  ECS021T1
   433*            20  FILLER               PIC S9(7).                  ECS021T1
   434*            20  FILLER               PIC S9(11)V99.              ECS021T1
   435*            20  FILLER               PIC S9(11)V99.              ECS021T1
   436*            20  FILLER               PIC S9(11)V99.              ECS021T1
   437*            20  FILLER               PIC S9(7).                  ECS021T1
   438*            20  FILLER               PIC S9(11)V99.              ECS021T1
   439*            20  FILLER               PIC S9(11)V99.              ECS021T1
   440*            20  FILLER               PIC S9(9)V99.               ECS021T1
   441*            20  FILLER               PIC S9(9)V99.               ECS021T1
   442*            20  FILLER               PIC S9(9).                  ECS021T1
   443*            20  FILLER               PIC S9(9).                     CL**6
   444*            20  FILLER               PIC S9(9).                     CL**6
   445*            20  FILLER               PIC S9(9).                     CL**6
   446*            20  FILLER               PIC S9(9).                     CL**6
   447*            20  FILLER               PIC S9(3)V9(4).             ECS021T1
   448*            20  FILLER               PIC S9(5).                  ECS021T1
   449*                                                                 ECS021T1
   450*01  LINK-EXTENSION-2.                                            ECS021T1
   451*    12  LINK-TBL-EXTENSION-2    OCCURS   75 TIMES.                  CL**6
   452*        16  FILLER                       PIC X.                  ECS021T1
   453*        16  FILLER                       PIC 99.                 ECS021T1
   454*        16  LINK-EXT-2          OCCURS   15  TIMES  COMP-3.      ECS021T1
   455*            20  FILLER               PIC S9(7).                  ECS021T1
   456*            20  FILLER               PIC S9(7).                  ECS021T1
   457*            20  FILLER               PIC S9(11)V99.              ECS021T1
   458*            20  FILLER               PIC S9(11)V99.              ECS021T1
   459*            20  FILLER               PIC S9(11)V99.              ECS021T1
* Micro Focus Server Express         V5.1 revision 000 06-Oct-15 17:18 Page  14
* ECS021T1RET.cbl
   460*            20  FILLER               PIC S9(7).                  ECS021T1
   461*            20  FILLER               PIC S9(11)V99.              ECS021T1
   462*            20  FILLER               PIC S9(11)V99.              ECS021T1
   463*            20  FILLER               PIC S9(9)V99.               ECS021T1
   464*            20  FILLER               PIC S9(9)V99.               ECS021T1
   465*            20  FILLER               PIC S9(9).                  ECS021T1
   466*            20  FILLER               PIC S9(9).                     CL**6
   467*            20  FILLER               PIC S9(9).                     CL**6
   468*            20  FILLER               PIC S9(9).                     CL**6
   469*            20  FILLER               PIC S9(9).                     CL**6
   470*            20  FILLER               PIC S9(3)V9(4).                CL**6
   471*            20  FILLER               PIC S9(5).                     CL**6
   472*                                                                    CL**6
   473*01  LINK-EXTENSION-3.                                               CL**6
   474*    12  LINK-TBL-EXTENSION-3    OCCURS   75 TIMES.                  CL**6
   475*        16  FILLER                       PIC X.                     CL**6
   476*        16  FILLER                       PIC 99.                    CL**6
   477*        16  LINK-EXT-3          OCCURS   15  TIMES  COMP-3.         CL**6
   478*            20  FILLER               PIC S9(7).                     CL**2
   479*            20  FILLER               PIC S9(7).                     CL**2
   480*            20  FILLER               PIC S9(11)V99.                 CL**6
   481*            20  FILLER               PIC S9(11)V99.                 CL**6
   482*            20  FILLER               PIC S9(11)V99.                 CL**6
   483*            20  FILLER               PIC S9(7).                     CL**2
   484*            20  FILLER               PIC S9(11)V99.                 CL**6
   485*            20  FILLER               PIC S9(11)V99.                 CL**6
   486*            20  FILLER               PIC S9(9)V99.                  CL**6
   487*            20  FILLER               PIC S9(9)V99.                  CL**6
   488*            20  FILLER               PIC S9(9).                     CL**6
   489*            20  FILLER               PIC S9(9).                     CL**6
   490*            20  FILLER               PIC S9(9).                     CL**6
   491*            20  FILLER               PIC S9(9).                     CL**6
   492*            20  FILLER               PIC S9(9).                     CL**6
   493*            20  FILLER               PIC S9(3)V9(4).             ECS021T1
   494*            20  FILLER               PIC S9(5).                  ECS021T1
   495*                                                                 ECS021T1
   496*                                                                 ECS021T1
   497*    EJECT                                                        ECS021T1
   498 01  LINK-TOTAL-TABLE.                                            ECS021T1
   499     12  LINK-TOTALS     OCCURS  3 TIMES.                         ECS021T1
   500         16  LINK-T-PERIOD  COMP-3 OCCURS 15 TIMES.               ECS021T1
   501             20  LINK-T-ISS-CNT       PIC S9(7).                  ECS021T1
   502             20  LINK-T-CNC-CNT       PIC S9(7).                  ECS021T1
   503             20  LINK-T-SINGLE-ELEM   PIC S9(7).                  ECS021T1
   504             20  LINK-T-JOINT-RETRO   PIC S9(7).                  ECS021T1
   505             20  LINK-T-LIFE-LEVEL    PIC S9(7).                  ECS021T1
   506             20  LINK-T-ISS-PREM      PIC S9(11)V99.              ECS021T1
   507             20  LINK-T-CNC-PREM      PIC S9(11)V99.              ECS021T1
   508             20  LINK-T-NET-COMPEN    PIC S9(11)V99.              ECS021T1
   509             20  LINK-T-LF-CLM-CNT    PIC S9(7).                  ECS021T1
   510             20  LINK-T-LF-CLM-AMT    PIC S9(11)V99.              ECS021T1
   511             20  LINK-T-AH-CLM-CNT    PIC S9(7).                  ECS021T1
   512             20  LINK-T-AH-CLM-AMT    PIC S9(11)V99.              ECS021T1
   513             20  LINK-T-LOSS-RESV     PIC S9(11)V99.              ECS021T1
   514             20  LINK-T-EARND-PREM    PIC S9(9)V99.               ECS021T1
   515             20  LINK-T-PRM-INFRC     PIC S9(9)V99.               ECS021T1
   516             20  LINK-T-INFRC-CNT     PIC S9(9).                  ECS021T1
   517             20  LINK-T-AVG-AGE       PIC S9(9).                     CL**6
* Micro Focus Server Express         V5.1 revision 000 06-Oct-15 17:18 Page  15
* ECS021T1RET.cbl
   518             20  LINK-T-AVG-ORG-TRM   PIC S9(9).                     CL**6
   519             20  LINK-T-WGHT-AGE      PIC S9(9).                     CL**6
   520             20  LINK-T-WGHT-ORG-TRM  PIC S9(9).                     CL**6
   521             20  LINK-T-EXP-PCT       PIC S999V9(4).              ECS021T1
   522             20  LINK-T-ADDED-TO-CNT  PIC S9(5).                  ECS021T1
   523             20  LINK-T-ACCT-COMM     PIC S9(11)V99.
   524             20  LINK-T-OW-COMM       PIC S9(11)V99.
   525                                                                  ECS021T1
* Micro Focus Server Express         V5.1 revision 000 06-Oct-15 17:18 Page  16
* ECS021T1RET.cbl
   527 01  CLASIC-SYSTEM-CODES.                                         ECS021T1
   528     12  DTE-COLC-ID                 PIC  X(4).                   ECS021T1
   529     12  DTE-CLASIC-COMPANY-CD       PIC  X.                      ECS021T1
   530     12  DTE-CLASIC-COMPANY-NUMBER   PIC  999.                    ECS021T1
   531     12  DTE-CLASIC-CLAIM-ACCESS     PIC  X.                      ECS021T1
   532     12  CLASIC-REIN-MAINT           PIC  XX.                     ECS021T1
   533     12  CLASIC-COMP-MAINT           PIC  XX.                     ECS021T1
   534     12  CLASIC-ACCT-MAINT           PIC  XX.                     ECS021T1
   535     12  CLASIC-CTBL-MAINT           PIC  XX.                     ECS021T1
   536     12  CLASIC-RATE-MAINT           PIC  XX.                     ECS021T1
   537     12  CLASIC-CREDIT-EOM-DT        PIC  XX.                     ECS021T1
   538     12  CLASIC-CLAIMS-EOM-DT        PIC  XX.                     ECS021T1
   539                                                                  ECS021T1
   540     12  LIFE-OVERRIDE-L1            PIC  X.                      ECS021T1
   541     12  LIFE-OVERRIDE-L2            PIC  XX.                     ECS021T1
   542     12  LIFE-OVERRIDE-L6            PIC  X(6).                   ECS021T1
   543     12  LIFE-OVERRIDE-L12           PIC  X(12).                  ECS021T1
   544                                                                  ECS021T1
   545     12  AH-OVERRIDE-L1              PIC  X.                      ECS021T1
   546     12  AH-OVERRIDE-L2              PIC  XX.                     ECS021T1
   547     12  AH-OVERRIDE-L6              PIC  X(6).                   ECS021T1
   548     12  AH-OVERRIDE-L12             PIC  X(12).                  ECS021T1
   549                                                                  ECS021T1
   550     12  CLAS-REPORT-CD1-CAPTION     PIC  X(10).                  ECS021T1
   551     12  CLAS-REPORT-CD2-CAPTION     PIC  X(10).                  ECS021T1
   552                                                                  ECS021T1
   553     12  CLASIC-MORTG-EOM-DT         PIC  XX.                     ECS021T1
   554     12  CLASIC-AR-EOM-DT            PIC  XX.                     ECS021T1
   555                                                                  ECS021T1
   556     12  FILLER                      PIC  X(11).                  ECS021T1
   557                                                                  ECS021T1
   558                                                                  ECS021T1
   559 01  CLAS-INS-TYPES.                                              ECS021T1
   560     12 CLAS-ALL-TYPES               OCCURS 900 TIMES.            ECS021T1
   561         16  CLAS-I-BEN              PIC  XX.                     ECS021T1
   562         16  CLAS-I-AB3.                                          ECS021T1
   563             20  FILLER              PIC  X.                      ECS021T1
   564             20  CLAS-I-AB2.                                      ECS021T1
   565                 24  FILLER          PIC  X.                      ECS021T1
   566                 24  CLAS-I-AB1      PIC  X.                      ECS021T1
   567         16  CLAS-I-AB10.                                         ECS021T1
   568             20  FILLER              PIC  X(9).                   ECS021T1
   569             20  CLAS-I-REIN-YN      PIC  X.                      ECS021T1
   570         16  CLAS-I-COMMENT          PIC  X(10).                  ECS021T1
   571         16  CLAS-I-JOINT            PIC  X.                      ECS021T1
   572         16  CLAS-I-RL-AH            PIC  X.                      ECS021T1
   573         16  CLAS-I-CALC-TYPE.                                    ECS021T1
   574             20  CLAS-I-BAL          PIC  X.                      ECS021T1
   575         16  CLAS-I-EP               PIC  X.                      ECS021T1
   576         16  FILLER                  PIC  X(9).                   ECS021T1
   577                                                                  ECS021T1
   578 01  CLAS-INDEX-TBL.                                              ECS021T1
   579     12  CLAX-ID                     PIC X(4).                    ECS021T1
   580     12  CLAS-STARTC                 PIC S9(4) COMP.              ECS021T1
   581     12  CLAS-MAXC                   PIC S9(4) COMP.              ECS021T1
   582     12  CLAS-STARTL                 PIC S9(4) COMP.              ECS021T1
   583     12  CLAS-MAXL                   PIC S9(4) COMP.              ECS021T1
   584     12  CLAS-STARTA                 PIC S9(4) COMP.              ECS021T1
* Micro Focus Server Express         V5.1 revision 000 06-Oct-15 17:18 Page  17
* ECS021T1RET.cbl
   585     12  CLAS-MAXA                   PIC S9(4) COMP.              ECS021T1
   586     12  CLAS-STARTM                 PIC S9(4) COMP.              ECS021T1
   587     12  CLAS-MAXM                   PIC S9(4) COMP.              ECS021T1
   588     12  CLAS-STARTB                 PIC S9(4) COMP.              ECS021T1
   589     12  CLAS-MAXB                   PIC S9(4) COMP.              ECS021T1
   590     12  CLAS-STARTS                 PIC S9(4) COMP.              ECS021T1
   591     12  CLAS-MAXS                   PIC S9(4) COMP.              ECS021T1
   592     12  CLAS-STARTE                 PIC S9(4) COMP.              ECS021T1
   593     12  CLAS-MAXE                   PIC S9(4) COMP.              ECS021T1
   594     12  CLAS-STARTCN                PIC S9(4) COMP.              ECS021T1
   595     12  CLAS-MAXCN                  PIC S9(4) COMP.              ECS021T1
   596                                                                  ECS021T1
* Micro Focus Server Express         V5.1 revision 000 06-Oct-15 17:18 Page  18
* ECS021T1RET.cbl
   598 PROCEDURE DIVISION USING REQUEST-TABLE                              CL*10
   599                          SW-RECORD                               ECS021T1
   600                          LINK-TABLE                              ECS021T1
   601*                         LINK-EXTENSION-1                        ECS021T1
   602*                         LINK-EXTENSION-2                        ECS021T1
   603*                         LINK-EXTENSION-3                           CL**6
   604                          LINK-TOTAL-TABLE                        ECS021T1
   605                          CLASIC-SYSTEM-CODES                     ECS021T1
   606                          CLAS-INS-TYPES                          ECS021T1
   607                          CLAS-INDEX-TBL.                         ECS021T1
   608                                                                  ECS021T1
   609 1000-PROCESS-REQUESTS.                                           ECS021T1
   610                                                                  ECS021T1
   611     PERFORM 2000-READ-REQUEST-TABLE THRU 2000-EXIT               ECS021T1
   612         VARYING REQ-IDX  FROM  ONE BY ONE                        ECS021T1
   613             UNTIL REQ-IDX GREATER THAN NUMBER-OF-REQUESTS.       ECS021T1
   614                                                                  ECS021T1
   615     GOBACK.                                                      ECS021T1
   616                                                                  ECS021T1
   617 1000-EXIT.                                                       ECS021T1
   618     EXIT.                                                        ECS021T1
   619                                                                  ECS021T1
   620 2000-READ-REQUEST-TABLE.                                         ECS021T1
   621                                                                  ECS021T1
   622     IF PROCESSING-REQUEST (REQ-IDX) EQUAL W-BUILD-ZERO-TABLE     ECS021T1
   623         PERFORM 9000-INITIALIZE-ZERO-TABLE THRU 9000-EXIT        ECS021T1
   624         PERFORM 8000-ZERO-ENTIRE-TABLE THRU 8000-EXIT            ECS021T1
   625         GO TO 2000-EXIT.                                         ECS021T1
   626                                                                  ECS021T1
   627     IF PROCESSING-REQUEST (REQ-IDX) EQUAL W-ZERO-TABLE           ECS021T1
   628         PERFORM 8000-ZERO-ENTIRE-TABLE THRU 8000-EXIT            ECS021T1
   629         GO TO 2000-EXIT.                                         ECS021T1
   630                                                                  ECS021T1
   631     IF PROCESSING-REQUEST (REQ-IDX) EQUAL W-APPLY-SORT-RCD       ECS021T1
   632         PERFORM 5000-APPLY-SORT-RECORD THRU 5000-EXIT            ECS021T1
   633         GO TO 2000-EXIT.                                         ECS021T1
   634                                                                  ECS021T1
   635     IF PROCESSING-REQUEST (REQ-IDX) EQUAL W-ADD-LINK-TABLES      ECS021T1
   636         PERFORM 3000-ADD-TABLE-RTN THRU 3000-EXIT                ECS021T1
   637         PERFORM 4000-ADD-TOTAL-RTN THRU 4000-EXIT                ECS021T1
   638         GO TO 2000-EXIT.                                         ECS021T1
   639                                                                  ECS021T1
   640     IF PROCESSING-REQUEST (REQ-IDX) EQUAL W-MOVE-TO-LINK         ECS021T1
   641         PERFORM 7000-MOVE-TABLES THRU 7000-EXIT.                 ECS021T1
   642                                                                  ECS021T1
   643 2000-EXIT.                                                       ECS021T1
   644     EXIT.                                                        ECS021T1
   645                                                                  ECS021T1
* Micro Focus Server Express         V5.1 revision 000 06-Oct-15 17:18 Page  19
* ECS021T1RET.cbl
   647*******************************************                       ECS021T1
   648*  (2000) ADDS TABLE (2) TO LINK TABLE    *                       ECS021T1
   649*******************************************                       ECS021T1
   650                                                                  ECS021T1
   651 3000-ADD-TABLE-RTN.                                              ECS021T1
   652     MOVE +1                     TO BEN-IDX.                      ECS021T1
   653                                                                  ECS021T1
   654 3000-ZERO-ACCESS-LOOP.                                           ECS021T1
   655     IF BEN-IDX GREATER CLAS-MAXA                                 ECS021T1
   656         GO TO 3000-EXIT.                                         ECS021T1
   657                                                                  ECS021T1
   658     IF LINK-BENEFIT-CODE (BEN-IDX) = ZERO                        ECS021T1
   659         ADD +1                  TO BEN-IDX                       ECS021T1
   660         GO TO 3000-ZERO-ACCESS-LOOP.                             ECS021T1
   661                                                                  ECS021T1
   662     MOVE LINK-BENEFIT-TYPE (BEN-IDX)                             ECS021T1
   663                                 TO TBL-BENEFIT-TYPE (BEN-IDX).   ECS021T1
   664     MOVE LINK-BENEFIT-CODE (BEN-IDX)                             ECS021T1
   665                                 TO TBL-BENEFIT-CODE (BEN-IDX).   ECS021T1
   666                                                                  ECS021T1
   667     MOVE +1                     TO DTE-IDX.                      ECS021T1
   668                                                                  ECS021T1
   669 3000-ACTIVE-BENEFIT-LOOP.                                        ECS021T1
   670                                                                  ECS021T1
   671     ADD LINK-ISS-CNT     (BEN-IDX DTE-IDX) TO                    ECS021T1
   672                              TBL-ISS-CNT      (BEN-IDX DTE-IDX). ECS021T1
   673     ADD LINK-CNC-CNT     (BEN-IDX DTE-IDX) TO                    ECS021T1
   674                              TBL-CNC-CNT      (BEN-IDX DTE-IDX). ECS021T1
   675     ADD LINK-ISS-PREM    (BEN-IDX DTE-IDX) TO                    ECS021T1
   676                              TBL-ISS-PREM     (BEN-IDX DTE-IDX). ECS021T1
   677     ADD LINK-CNC-PREM    (BEN-IDX DTE-IDX) TO                    ECS021T1
   678                              TBL-CNC-PREM     (BEN-IDX DTE-IDX). ECS021T1
   679     ADD LINK-NET-COMPEN  (BEN-IDX DTE-IDX) TO                    ECS021T1
   680                              TBL-NET-COMPEN   (BEN-IDX DTE-IDX). ECS021T1
   681     ADD LINK-CLM-CNT     (BEN-IDX DTE-IDX) TO                    ECS021T1
   682                              TBL-CLM-CNT      (BEN-IDX DTE-IDX). ECS021T1
   683     ADD LINK-CLM-AMT     (BEN-IDX DTE-IDX) TO                    ECS021T1
   684                              TBL-CLM-AMT      (BEN-IDX DTE-IDX). ECS021T1
   685     ADD LINK-LOSS-RESV   (BEN-IDX DTE-IDX) TO                    ECS021T1
   686                              TBL-LOSS-RESV    (BEN-IDX DTE-IDX). ECS021T1
   687     ADD LINK-EARND-PREM  (BEN-IDX DTE-IDX) TO                    ECS021T1
   688                              TBL-EARND-PREM   (BEN-IDX DTE-IDX). ECS021T1
   689     ADD LINK-PRM-INFRC   (BEN-IDX DTE-IDX) TO                    ECS021T1
   690                              TBL-PRM-INFRC    (BEN-IDX DTE-IDX). ECS021T1
   691     ADD LINK-INFRC-CNT   (BEN-IDX DTE-IDX) TO                    ECS021T1
   692                              TBL-INFRC-CNT    (BEN-IDX DTE-IDX). ECS021T1
   693     ADD LINK-AVG-AGE      (BEN-IDX DTE-IDX) TO                   ECS021T1
   694                              TBL-AVG-AGE      (BEN-IDX DTE-IDX). ECS021T1
   695     ADD LINK-AVG-ORG-TRM (BEN-IDX DTE-IDX) TO                    ECS021T1
   696                              TBL-AVG-ORG-TRM (BEN-IDX DTE-IDX).  ECS021T1
   697     ADD LINK-WGHT-AGE    (BEN-IDX DTE-IDX) TO                    ECS021T1
   698                              TBL-WGHT-AGE     (BEN-IDX DTE-IDX). ECS021T1
   699     ADD LINK-WGHT-ORG-TRM(BEN-IDX DTE-IDX) TO                    ECS021T1
   700                              TBL-WGHT-ORG-TRM(BEN-IDX DTE-IDX).  ECS021T1
   701     ADD LINK-EXP-PCT     (BEN-IDX DTE-IDX) TO                    ECS021T1
   702                              TBL-EXP-PCT      (BEN-IDX DTE-IDX). ECS021T1
   703     ADD LINK-ADDED-TO-CNT(BEN-IDX DTE-IDX) TO                    ECS021T1
   704                              TBL-ADDED-TO-CNT(BEN-IDX DTE-IDX).  ECS021T1
* Micro Focus Server Express         V5.1 revision 000 06-Oct-15 17:18 Page  20
* ECS021T1RET.cbl
   705     ADD LINK-ACCT-COMM   (BEN-IDX DTE-IDX) TO
   706                              TBL-ACCT-COMM   (BEN-IDX DTE-IDX).
   707     ADD LINK-OW-COMM     (BEN-IDX DTE-IDX) TO
   708                              TBL-OW-COMM     (BEN-IDX DTE-IDX).
   709                                                                  ECS021T1
   710     ADD +1 TO DTE-IDX.                                           ECS021T1
   711                                                                  ECS021T1
   712     IF DTE-IDX LESS +16                                          ECS021T1
   713         GO TO 3000-ACTIVE-BENEFIT-LOOP                           ECS021T1
   714     ELSE                                                         ECS021T1
   715         ADD +1 TO BEN-IDX                                        ECS021T1
   716         GO TO 3000-ZERO-ACCESS-LOOP.                             ECS021T1
   717                                                                  ECS021T1
   718 3000-EXIT.                                                       ECS021T1
   719      EXIT.                                                       ECS021T1
   720                                                                  ECS021T1
* Micro Focus Server Express         V5.1 revision 000 06-Oct-15 17:18 Page  21
* ECS021T1RET.cbl
   722*******************************************************           ECS021T1
   723*  (3050) DUMPS TOTAL TABLE (2) INTO TOTAL TABLE (1)  *           ECS021T1
   724*******************************************************           ECS021T1
   725 4000-ADD-TOTAL-RTN.                                              ECS021T1
   726     MOVE +1                     TO BEN-IDX                       ECS021T1
   727                                    DTE-IDX.                      ECS021T1
   728                                                                  ECS021T1
   729 4000-TOTAL-BENEFITS-LOOP.                                        ECS021T1
   730     ADD LINK-T-ISS-CNT   (BEN-IDX DTE-IDX) TO                    ECS021T1
   731                              TOT-ISS-CNT      (BEN-IDX DTE-IDX). ECS021T1
   732     ADD LINK-T-CNC-CNT   (BEN-IDX DTE-IDX) TO                    ECS021T1
   733                              TOT-CNC-CNT      (BEN-IDX DTE-IDX). ECS021T1
   734     ADD LINK-T-SINGLE-ELEM (BEN-IDX DTE-IDX) TO                  ECS021T1
   735                              TOT-SINGLE-ELEM (BEN-IDX DTE-IDX).     CL**2
   736     ADD LINK-T-JOINT-RETRO (BEN-IDX DTE-IDX) TO                  ECS021T1
   737                              TOT-JOINT-RETRO (BEN-IDX DTE-IDX).     CL**2
   738     ADD LINK-T-LIFE-LEVEL (BEN-IDX DTE-IDX) TO                   ECS021T1
   739                              TOT-LIFE-LEVEL (BEN-IDX DTE-IDX).   ECS021T1
   740     ADD LINK-T-ISS-PREM  (BEN-IDX DTE-IDX) TO                    ECS021T1
   741                              TOT-ISS-PREM     (BEN-IDX DTE-IDX). ECS021T1
   742     ADD LINK-T-CNC-PREM  (BEN-IDX DTE-IDX) TO                    ECS021T1
   743                              TOT-CNC-PREM     (BEN-IDX DTE-IDX). ECS021T1
   744     ADD LINK-T-NET-COMPEN (BEN-IDX DTE-IDX) TO                   ECS021T1
   745                              TOT-NET-COMPEN (BEN-IDX DTE-IDX).   ECS021T1
   746     ADD LINK-T-LF-CLM-CNT (BEN-IDX DTE-IDX) TO                   ECS021T1
   747                              TOT-LF-CLM-CNT (BEN-IDX DTE-IDX).   ECS021T1
   748     ADD LINK-T-LF-CLM-AMT (BEN-IDX DTE-IDX) TO                   ECS021T1
   749                              TOT-LF-CLM-AMT (BEN-IDX DTE-IDX).   ECS021T1
   750     ADD LINK-T-AH-CLM-CNT (BEN-IDX DTE-IDX) TO                   ECS021T1
   751                              TOT-AH-CLM-CNT (BEN-IDX DTE-IDX).   ECS021T1
   752     ADD LINK-T-AH-CLM-AMT (BEN-IDX DTE-IDX) TO                   ECS021T1
   753                              TOT-AH-CLM-AMT (BEN-IDX DTE-IDX).   ECS021T1
   754     ADD LINK-T-LOSS-RESV (BEN-IDX DTE-IDX) TO                    ECS021T1
   755                              TOT-LOSS-RESV (BEN-IDX DTE-IDX).    ECS021T1
   756     ADD LINK-T-EARND-PREM (BEN-IDX DTE-IDX) TO                   ECS021T1
   757                              TOT-EARND-PREM (BEN-IDX DTE-IDX).   ECS021T1
   758     ADD LINK-T-PRM-INFRC (BEN-IDX DTE-IDX) TO                    ECS021T1
   759                              TOT-PRM-INFRC (BEN-IDX DTE-IDX).    ECS021T1
   760     ADD LINK-T-INFRC-CNT (BEN-IDX DTE-IDX) TO                    ECS021T1
   761                              TOT-INFRC-CNT (BEN-IDX DTE-IDX).    ECS021T1
   762     ADD LINK-T-AVG-AGE    (BEN-IDX DTE-IDX) TO                   ECS021T1
   763                              TOT-AVG-AGE      (BEN-IDX DTE-IDX). ECS021T1
   764     ADD LINK-T-AVG-ORG-TRM (BEN-IDX DTE-IDX) TO                  ECS021T1
   765                              TOT-AVG-ORG-TRM (BEN-IDX DTE-IDX).     CL**2
   766     ADD LINK-T-WGHT-AGE  (BEN-IDX DTE-IDX) TO                    ECS021T1
   767                              TOT-WGHT-AGE     (BEN-IDX DTE-IDX). ECS021T1
   768     ADD LINK-T-WGHT-ORG-TRM(BEN-IDX DTE-IDX) TO                  ECS021T1
   769                              TOT-WGHT-ORG-TRM(BEN-IDX DTE-IDX).     CL**2
   770     ADD LINK-T-EXP-PCT   (BEN-IDX DTE-IDX) TO                    ECS021T1
   771                              TOT-EXP-PCT      (BEN-IDX DTE-IDX). ECS021T1
   772     ADD LINK-T-ADDED-TO-CNT(BEN-IDX DTE-IDX) TO                  ECS021T1
   773                              TOT-ADDED-TO-CNT(BEN-IDX DTE-IDX).     CL**2
   774     ADD LINK-T-ACCT-COMM (BEN-IDX DTE-IDX) TO
   775                              TOT-ACCT-COMM   (BEN-IDX DTE-IDX).
   776     ADD LINK-T-OW-COMM   (BEN-IDX DTE-IDX) TO
   777                              TOT-OW-COMM     (BEN-IDX DTE-IDX).
   778                                                                  ECS021T1
   779     ADD +1 TO DTE-IDX.                                           ECS021T1
* Micro Focus Server Express         V5.1 revision 000 06-Oct-15 17:18 Page  22
* ECS021T1RET.cbl
   780                                                                  ECS021T1
   781     IF DTE-IDX LESS +16                                          ECS021T1
   782         GO TO 4000-TOTAL-BENEFITS-LOOP.                          ECS021T1
   783                                                                  ECS021T1
   784     IF BEN-IDX LESS +3                                           ECS021T1
   785         ADD +1                  TO BEN-IDX                       ECS021T1
   786         MOVE +1                 TO DTE-IDX                       ECS021T1
   787         GO TO 4000-TOTAL-BENEFITS-LOOP.                          ECS021T1
   788                                                                  ECS021T1
   789 4000-EXIT.                                                       ECS021T1
   790      EXIT.                                                       ECS021T1
   791                                                                  ECS021T1
* Micro Focus Server Express         V5.1 revision 000 06-Oct-15 17:18 Page  23
* ECS021T1RET.cbl
   793**************************************************************    ECS021T1
   794*  THE FOLLOWING INDEXES ARE USED IN ROUTINES 5000 AND 6000  *    ECS021T1
   795*                                                            *    ECS021T1
   796*  1. BRK-IDX - USED TO INDEX BENEFIT LEVEL OF SORT RECORD   *    ECS021T1
   797*                 VARIED FROM 1 TO 23                        *       CL**6
   798*  2. BEN-IDX - USED TO INDEX BENEFIT LEVEL OF ACCUMULATED   *    ECS021T1
   799*                 BREAK TABLES VARIED FROM 1 TO 75           *       CL**6
   800*  3. TOT-IDX - USED TO INDEX BENEFIT TYPE OF TOTALS         *    ECS021T1
   801*                 TABLES VARIED FROM 1 TO 2                  *    ECS021T1
   802*  4. DTE-IDX - USED TO INDEX DATE RANGES OF ALL TABLES      *    ECS021T1
   803*                 AND RECORDS VARIED FROM 1 TO 15            *    ECS021T1
   804**************************************************************    ECS021T1
   805                                                                  ECS021T1
   806 5000-APPLY-SORT-RECORD.                                          ECS021T1
   807     MOVE +1                     TO BRK-IDX.                      ECS021T1
   808                                                                  ECS021T1
   809 5000-BENEFIT-LOOP.                                               ECS021T1
   810     IF SW-BENEFIT-CODE   (BRK-IDX) = ZEROS                       ECS021T1
   811         GO TO 5000-EXIT.                                         ECS021T1
   812                                                                  ECS021T1
   813     MOVE SW-BEN-TBL-POS  (BRK-IDX)                               ECS021T1
   814                                 TO BEN-IDX.                      ECS021T1
   815     MOVE SW-BENEFIT-CODE (BRK-IDX)                               ECS021T1
   816                                 TO TBL-BENEFIT-CODE (BEN-IDX).   ECS021T1
   817     MOVE SW-BENEFIT-TYPE (BRK-IDX)                               ECS021T1
   818                                 TO TBL-BENEFIT-TYPE (BEN-IDX).   ECS021T1
   819     MOVE +1                     TO DTE-IDX.                      ECS021T1
   820                                                                  ECS021T1
   821 5000-DATE-RANGE-LOOP.                                            ECS021T1
   822     ADD SW-ISS-CNT     (BRK-IDX DTE-IDX)                         ECS021T1
   823                           TO TBL-ISS-CNT      (BEN-IDX DTE-IDX). ECS021T1
   824     ADD SW-CNC-CNT     (BRK-IDX DTE-IDX)                         ECS021T1
   825                           TO TBL-CNC-CNT      (BEN-IDX DTE-IDX). ECS021T1
   826     ADD SW-ISS-PREM    (BRK-IDX DTE-IDX)                         ECS021T1
   827                           TO TBL-ISS-PREM     (BEN-IDX DTE-IDX). ECS021T1
   828     ADD SW-CNC-PREM    (BRK-IDX DTE-IDX)                         ECS021T1
   829                           TO TBL-CNC-PREM     (BEN-IDX DTE-IDX). ECS021T1
   830     ADD SW-NET-COMPEN  (BRK-IDX DTE-IDX)                         ECS021T1
   831                           TO TBL-NET-COMPEN   (BEN-IDX DTE-IDX). ECS021T1
   832     ADD SW-CLM-CNT     (BRK-IDX DTE-IDX)                         ECS021T1
   833                           TO TBL-CLM-CNT      (BEN-IDX DTE-IDX). ECS021T1
   834     ADD SW-CLM-AMT     (BRK-IDX DTE-IDX)                         ECS021T1
   835                           TO TBL-CLM-AMT      (BEN-IDX DTE-IDX). ECS021T1
   836     ADD SW-LOSS-RESV   (BRK-IDX DTE-IDX)                         ECS021T1
   837                           TO TBL-LOSS-RESV    (BEN-IDX DTE-IDX). ECS021T1
   838     ADD SW-PRM-EARND   (BRK-IDX DTE-IDX)                         ECS021T1
   839                           TO TBL-EARND-PREM   (BEN-IDX DTE-IDX). ECS021T1
   840     ADD SW-PRM-INFRC   (BRK-IDX DTE-IDX)                         ECS021T1
   841                           TO TBL-PRM-INFRC    (BEN-IDX DTE-IDX). ECS021T1
   842     ADD SW-INFRC-CNT   (BRK-IDX DTE-IDX)                         ECS021T1
   843                           TO TBL-INFRC-CNT    (BEN-IDX DTE-IDX). ECS021T1
   844     ADD SW-AVG-AGE     (BRK-IDX DTE-IDX)                         ECS021T1
   845                           TO TBL-AVG-AGE      (BEN-IDX DTE-IDX). ECS021T1
   846     ADD SW-AVG-ORG-TRM (BRK-IDX DTE-IDX)                         ECS021T1
   847                           TO TBL-AVG-ORG-TRM (BEN-IDX DTE-IDX).  ECS021T1
   848     ADD SW-WGHT-AGE    (BRK-IDX DTE-IDX)                         ECS021T1
   849                           TO TBL-WGHT-AGE     (BEN-IDX DTE-IDX). ECS021T1
   850     ADD SW-WGHT-ORG-TRM(BRK-IDX DTE-IDX)                         ECS021T1
* Micro Focus Server Express         V5.1 revision 000 06-Oct-15 17:18 Page  24
* ECS021T1RET.cbl
   851                           TO TBL-WGHT-ORG-TRM(BEN-IDX DTE-IDX).  ECS021T1
   852     ADD SW-EXP-PCT     (BRK-IDX DTE-IDX)                         ECS021T1
   853                           TO TBL-EXP-PCT      (BEN-IDX DTE-IDX). ECS021T1
   854     ADD SW-ADDED-TO-CNT(BRK-IDX DTE-IDX)                         ECS021T1
   855                           TO TBL-ADDED-TO-CNT(BEN-IDX DTE-IDX).  ECS021T1
   856     ADD SW-ACCT-COMM   (BEN-IDX DTE-IDX)
   857                           TO TBL-ACCT-COMM    (BEN-IDX DTE-IDX).
   858     ADD SW-OW-COMM     (BEN-IDX DTE-IDX)
   859                           TO TBL-OW-COMM      (BEN-IDX DTE-IDX).
   860                                                                  ECS021T1
   861     ADD +1                TO DTE-IDX.                            ECS021T1
   862                                                                  ECS021T1
   863     IF DTE-IDX LESS +16                                          ECS021T1
   864         GO TO 5000-DATE-RANGE-LOOP.                              ECS021T1
   865                                                                  ECS021T1
   866     PERFORM 6000-BENEFIT-TYPE-TOTAL THRU 6000-EXIT.              ECS021T1
   867                                                                  ECS021T1
   868     ADD +1                TO BRK-IDX.                            ECS021T1
   869                                                                  ECS021T1
   870     IF BRK-IDX LESS +24                                             CL**6
   871         GO TO 5000-BENEFIT-LOOP.                                 ECS021T1
   872                                                                  ECS021T1
   873 5000-EXIT.                                                       ECS021T1
   874      EXIT.                                                       ECS021T1
   875                                                                  ECS021T1
* Micro Focus Server Express         V5.1 revision 000 06-Oct-15 17:18 Page  25
* ECS021T1RET.cbl
   877**************************************************************    ECS021T1
   878*  THE FOLLOWING INDEXES ARE USED IN ROUTINES 5000 AND 6000  *    ECS021T1
   879*                                                            *    ECS021T1
   880*  1. BRK-IDX - USED TO INDEX BENEFIT LEVEL OF SORT RECORD   *    ECS021T1
   881*                 VARIED FROM 1 TO 23                        *       CL**6
   882*  2. BEN-IDX - USED TO INDEX BENEFIT LEVEL OF ACCUMULATED   *    ECS021T1
   883*                 BREAK TABLES VARIED FROM 1 TO 75           *       CL**6
   884*  3. TOT-IDX - USED TO INDEX BENEFIT TYPE OF TOTALS         *    ECS021T1
   885*                 TABLES VARIED FROM 1 TO 2                  *    ECS021T1
   886*  4. DTE-IDX - USED TO INDEX DATE RANGES OF ALL TABLES      *    ECS021T1
   887*                 AND RECORDS VARIED FROM 1 TO 15            *    ECS021T1
   888**************************************************************    ECS021T1
   889                                                                  ECS021T1
   890 6000-BENEFIT-TYPE-TOTAL.                                         ECS021T1
   891                                                                  ECS021T1
   892     MOVE +1                     TO DTE-IDX.                      ECS021T1
   893                                                                  ECS021T1
   894 6000-DATE-RANGE-LOOP.                                            ECS021T1
   895                                                                  ECS021T1
   896     COMPUTE NET-COUNT = SW-ISS-CNT (BRK-IDX DTE-IDX) -              CL**5
   897          SW-CNC-CNT (BRK-IDX DTE-IDX).                              CL**5
   898                                                                     CL**5
   899     IF SW-BENEFIT-TYPE (BRK-IDX) = LIFE-OVERRIDE-L1              ECS021T1
   900         MOVE +1                 TO TOT-IDX                       ECS021T1
   901         IF CLAS-I-RL-AH (BEN-IDX) = 'R'                          ECS021T1
   902             IF CLAS-I-JOINT (BEN-IDX) = 'J'                      ECS021T1
   903                 ADD NET-COUNT TO                                    CL**5
   904                     TOT-JOINT-RETRO (TOT-IDX DTE-IDX)            ECS021T1
   905             ELSE                                                 ECS021T1
   906                 ADD NET-COUNT TO                                    CL**5
   907                     TOT-SINGLE-ELEM (TOT-IDX DTE-IDX)            ECS021T1
   908         ELSE                                                     ECS021T1
   909             ADD NET-COUNT TO                                        CL**5
   910                 TOT-LIFE-LEVEL (TOT-IDX DTE-IDX)                 ECS021T1
   911     ELSE                                                         ECS021T1
   912         MOVE +2                 TO TOT-IDX                       ECS021T1
   913         IF CLAS-I-AB1 (BEN-IDX) = 'E'                            ECS021T1
   914             ADD NET-COUNT TO                                        CL**5
   915                 TOT-SINGLE-ELEM (TOT-IDX DTE-IDX)                ECS021T1
   916         ELSE                                                     ECS021T1
   917             IF CLAS-I-AB1 (BEN-IDX) = 'R'                        ECS021T1
   918                 ADD NET-COUNT TO                                    CL**5
   919                     TOT-JOINT-RETRO (TOT-IDX DTE-IDX).           ECS021T1
   920                                                                  ECS021T1
   921     ADD SW-ISS-CNT    (BRK-IDX DTE-IDX)                          ECS021T1
   922                           TO TOT-ISS-CNT     (TOT-IDX DTE-IDX)   ECS021T1
   923                              TOT-ISS-CNT     (3 DTE-IDX).        ECS021T1
   924     ADD SW-CNC-CNT    (BRK-IDX DTE-IDX)                          ECS021T1
   925                           TO TOT-CNC-CNT     (TOT-IDX DTE-IDX)   ECS021T1
   926                              TOT-CNC-CNT     (3 DTE-IDX).        ECS021T1
   927     ADD SW-ISS-PREM   (BRK-IDX DTE-IDX)                          ECS021T1
   928                           TO TOT-ISS-PREM    (TOT-IDX DTE-IDX)   ECS021T1
   929                              TOT-ISS-PREM    (3 DTE-IDX).        ECS021T1
   930     ADD SW-CNC-PREM   (BRK-IDX DTE-IDX)                          ECS021T1
   931                           TO TOT-CNC-PREM    (TOT-IDX DTE-IDX)   ECS021T1
   932                              TOT-CNC-PREM    (3 DTE-IDX).        ECS021T1
   933     ADD SW-NET-COMPEN (BRK-IDX DTE-IDX)                          ECS021T1
   934                           TO TOT-NET-COMPEN (TOT-IDX DTE-IDX)    ECS021T1
* Micro Focus Server Express         V5.1 revision 000 06-Oct-15 17:18 Page  26
* ECS021T1RET.cbl
   935                              TOT-NET-COMPEN (3 DTE-IDX).         ECS021T1
   936                                                                  ECS021T1
   937     IF SW-BENEFIT-TYPE (BRK-IDX) = LIFE-OVERRIDE-L1              ECS021T1
   938         ADD SW-CLM-CNT (BRK-IDX DTE-IDX)                         ECS021T1
   939                           TO TOT-LF-CLM-CNT   (TOT-IDX DTE-IDX)  ECS021T1
   940                              TOT-LF-CLM-CNT   (3 DTE-IDX)        ECS021T1
   941         ADD SW-CLM-AMT (BRK-IDX DTE-IDX)                         ECS021T1
   942                           TO TOT-LF-CLM-AMT   (TOT-IDX DTE-IDX)  ECS021T1
   943                              TOT-LF-CLM-AMT   (3 DTE-IDX).       ECS021T1
   944                                                                  ECS021T1
   945     IF SW-BENEFIT-TYPE (BRK-IDX) = AH-OVERRIDE-L1                ECS021T1
   946         ADD SW-CLM-CNT (BRK-IDX DTE-IDX)                         ECS021T1
   947                           TO TOT-AH-CLM-CNT   (TOT-IDX DTE-IDX)  ECS021T1
   948                              TOT-AH-CLM-CNT   (3 DTE-IDX)        ECS021T1
   949         ADD SW-CLM-AMT (BRK-IDX DTE-IDX)                         ECS021T1
   950                           TO TOT-AH-CLM-AMT   (TOT-IDX DTE-IDX)  ECS021T1
   951                              TOT-AH-CLM-AMT   (3 DTE-IDX).       ECS021T1
   952                                                                  ECS021T1
   953     ADD SW-LOSS-RESV   (BRK-IDX DTE-IDX)                         ECS021T1
   954                           TO TOT-LOSS-RESV    (TOT-IDX DTE-IDX)  ECS021T1
   955                              TOT-LOSS-RESV    (3 DTE-IDX).       ECS021T1
   956     ADD SW-PRM-EARND   (BRK-IDX DTE-IDX)                         ECS021T1
   957                           TO TOT-EARND-PREM   (TOT-IDX DTE-IDX)  ECS021T1
   958                              TOT-EARND-PREM   (3 DTE-IDX).       ECS021T1
   959     ADD SW-PRM-INFRC   (BRK-IDX DTE-IDX)                         ECS021T1
   960                           TO TOT-PRM-INFRC    (TOT-IDX DTE-IDX)  ECS021T1
   961                              TOT-PRM-INFRC    (3 DTE-IDX).       ECS021T1
   962     ADD SW-INFRC-CNT   (BRK-IDX DTE-IDX)                         ECS021T1
   963                           TO TOT-INFRC-CNT    (TOT-IDX DTE-IDX)  ECS021T1
   964                              TOT-INFRC-CNT    (3 DTE-IDX).       ECS021T1
   965     ADD SW-AVG-AGE     (BRK-IDX DTE-IDX)                         ECS021T1
   966                           TO TOT-AVG-AGE      (TOT-IDX DTE-IDX)  ECS021T1
   967                              TOT-AVG-AGE      (3 DTE-IDX).       ECS021T1
   968     ADD SW-AVG-ORG-TRM (BRK-IDX DTE-IDX)                         ECS021T1
   969                           TO TOT-AVG-ORG-TRM (TOT-IDX DTE-IDX)   ECS021T1
   970                              TOT-AVG-ORG-TRM (3 DTE-IDX).        ECS021T1
   971     ADD SW-WGHT-AGE    (BRK-IDX DTE-IDX)                         ECS021T1
   972                           TO TOT-WGHT-AGE     (TOT-IDX DTE-IDX)  ECS021T1
   973                              TOT-WGHT-AGE     (3 DTE-IDX).       ECS021T1
   974     ADD SW-WGHT-ORG-TRM(BRK-IDX DTE-IDX)                         ECS021T1
   975                           TO TOT-WGHT-ORG-TRM(TOT-IDX DTE-IDX)   ECS021T1
   976                              TOT-WGHT-ORG-TRM(3 DTE-IDX).        ECS021T1
   977     ADD SW-EXP-PCT     (BRK-IDX DTE-IDX)                         ECS021T1
   978                           TO TOT-EXP-PCT      (TOT-IDX DTE-IDX)  ECS021T1
   979                              TOT-EXP-PCT      (3 DTE-IDX).       ECS021T1
   980     ADD SW-ADDED-TO-CNT (BRK-IDX DTE-IDX)                        ECS021T1
   981                           TO TOT-ADDED-TO-CNT(TOT-IDX DTE-IDX)   ECS021T1
   982                              TOT-ADDED-TO-CNT(3 DTE-IDX).        ECS021T1
   983     ADD SW-ACCT-COMM   (BRK-IDX DTE-IDX)
   984                           TO TOT-ACCT-COMM   (TOT-IDX DTE-IDX)
   985                              TOT-ACCT-COMM   (3 DTE-IDX).
   986     ADD SW-OW-COMM     (BRK-IDX DTE-IDX)
   987                           TO TOT-OW-COMM     (TOT-IDX DTE-IDX)
   988                              TOT-OW-COMM     (3 DTE-IDX).
   989                                                                  ECS021T1
   990     ADD +1 TO DTE-IDX.                                           ECS021T1
   991                                                                  ECS021T1
   992     IF DTE-IDX LESS +16                                          ECS021T1
* Micro Focus Server Express         V5.1 revision 000 06-Oct-15 17:18 Page  27
* ECS021T1RET.cbl
   993         GO TO 6000-DATE-RANGE-LOOP.                              ECS021T1
   994                                                                  ECS021T1
   995 6000-EXIT.                                                       ECS021T1
   996      EXIT.                                                       ECS021T1
   997                                                                  ECS021T1
* Micro Focus Server Express         V5.1 revision 000 06-Oct-15 17:18 Page  28
* ECS021T1RET.cbl
   999 7000-MOVE-TABLES.                                                ECS021T1
  1000                                                                  ECS021T1
  1001     MOVE BREAK-TABLE            TO LINK-TABLE.                   ECS021T1
  1002*    MOVE BREAK-EXTENSION-1      TO LINK-EXTENSION-1.             ECS021T1
  1003*    MOVE BREAK-EXTENSION-2      TO LINK-EXTENSION-2.             ECS021T1
  1004*    MOVE BREAK-EXTENSION-3      TO LINK-EXTENSION-3.                CL**6
  1005     MOVE BREAK-TOTAL-TABLE      TO LINK-TOTAL-TABLE.             ECS021T1
  1006                                                                  ECS021T1
  1007 7000-EXIT.                                                       ECS021T1
  1008      EXIT.                                                       ECS021T1
  1009                                                                  ECS021T1
* Micro Focus Server Express         V5.1 revision 000 06-Oct-15 17:18 Page  29
* ECS021T1RET.cbl
  1011***********************************                               ECS021T1
  1012*     (8000) ZERO TABLE TWO       *                               ECS021T1
  1013***********************************                               ECS021T1
  1014                                                                  ECS021T1
  1015 8000-ZERO-ENTIRE-TABLE.                                          ECS021T1
  1016                                                                  ECS021T1
  1017      MOVE +1                    TO BEN-IDX.                      ECS021T1
  1018                                                                  ECS021T1
  1019 8000-ZERO-BENEFIT-LOOP.                                          ECS021T1
  1020                                                                  ECS021T1
  1021      MOVE ZERO-TABLE            TO                               ECS021T1
  1022                                 TABLE-ACCUMULATORS (BEN-IDX).    ECS021T1
  1023                                                                  ECS021T1
  1024*     IF BEN-IDX LESS THAN THREE-HUNDRED                          ECS021T1
  1025      IF BEN-IDX LESS THAN  NINE-HUNDRED                          ECS021T1
  1026          ADD +1                 TO BEN-IDX                       ECS021T1
  1027              GO TO 8000-ZERO-BENEFIT-LOOP.                       ECS021T1
  1028                                                                  ECS021T1
  1029 8000-ZERO-TOTAL-TABLE.                                           ECS021T1
  1030                                                                  ECS021T1
  1031      MOVE +1                    TO TOT-IDX.                      ECS021T1
  1032                                                                  ECS021T1
  1033 8000-ZERO-TOTAL-LOOP.                                            ECS021T1
  1034                                                                  ECS021T1
  1035      MOVE ZERO-TOTAL-TABLE      TO TABLE-TOTALS (TOT-IDX).       ECS021T1
  1036                                                                  ECS021T1
  1037      IF TOT-IDX LESS THAN THREE                                  ECS021T1
  1038          ADD +1                 TO TOT-IDX                       ECS021T1
  1039              GO TO 8000-ZERO-TOTAL-LOOP.                         ECS021T1
  1040                                                                  ECS021T1
  1041 8000-EXIT.                                                       ECS021T1
  1042     EXIT.                                                        ECS021T1
  1043                                                                  ECS021T1
* Micro Focus Server Express         V5.1 revision 000 06-Oct-15 17:18 Page  30
* ECS021T1RET.cbl
  1045*******************************************                       ECS021T1
  1046*     (9000) INITIALIZE ZERO-ACCUMS       *                       ECS021T1
  1047*******************************************                       ECS021T1
  1048                                                                  ECS021T1
  1049 9000-INITIALIZE-ZERO-TABLE.                                      ECS021T1
  1050                                                                  ECS021T1
  1051      MOVE +1                    TO DTE-IDX.                      ECS021T1
  1052                                                                  ECS021T1
  1053 9000-ZERO-DATE-LOOP.                                             ECS021T1
  1054                                                                  ECS021T1
  1055      MOVE ZERO-TABLE-ENTRIES    TO ZERO-PERIOD (DTE-IDX).        ECS021T1
  1056                                                                  ECS021T1
  1057      IF DTE-IDX LESS THAN SIXTEEN                                ECS021T1
  1058          ADD +1                 TO DTE-IDX                       ECS021T1
  1059              GO TO 9000-ZERO-DATE-LOOP.                          ECS021T1
  1060                                                                  ECS021T1
  1061      MOVE +1                    TO DTE-IDX.                      ECS021T1
  1062                                                                  ECS021T1
  1063 9000-ZERO-TOTAL-DATE-LOOP.                                       ECS021T1
  1064                                                                  ECS021T1
  1065      MOVE ZERO-TOTAL-ENTRY      TO ZERO-TOTAL-ACCUMS (DTE-IDX).  ECS021T1
  1066                                                                  ECS021T1
  1067      IF DTE-IDX LESS THAN SIXTEEN                                ECS021T1
  1068          ADD +1                 TO DTE-IDX                       ECS021T1
  1069              GO TO 9000-ZERO-TOTAL-DATE-LOOP.                    ECS021T1
  1070                                                                  ECS021T1
  1071 9000-EXIT.                                                       ECS021T1
  1072     EXIT.                                                        ECS021T1
  1073                                                                  ECS021T1
* Micro Focus Server Express         V5.1 revision 000 06-Oct-15 17:18 Page  31
* ECS021T1RET.cbl
  1075 ABEND-PGM SECTION.                                               ECS021T1
* 1076           COPY ELCABEND SUPPRESS.                                ECS021T1
* Micro Focus Server Express         V5.1 revision 000 Compiler
* Copyright (C) Micro Focus IP Development Limited 1984-2012.
*                                                        REF GNR-008065005AF
* Total Messages:     0
* Data:     1430728     Code:        5784
