* Micro Focus Server Express         V5.1 revision 000 06-Oct-15 17:18 Page   1
* ECS021T1.cbl
* Options: int("ECS021T1.int") anim csi verbose NOBOUND PARAMCOUNTCHECK
*          directives(cobopt.bth) endp list("ECS021T1.lst")
* Setting: NOACCEPTREFRESH NOADV ALIGN"8" ALPHASTART"1" NOALTER NOAMODE ANIM
*          NOANIMPREP ANS85 APOST NOAREACHECK ARITHMETIC"OSVS" ASSIGN
*          "EXTERNAL" NOASSIGN-PRINTER NOAUTOLOCK NOBELL NOBOUND NOBRIEF
*          NOBS2000 BWZSTAR NOBYTEMODEMOVE CALLFH"ebmlsfile" NOCALLMCS
*          NOCALLRECOVERY CALLSORT"EXTSM" CANCEL CANCELLBR NOCHANGEMESSAGE
*          CHARSET"ASCII" NOCHECKDIV NOCHECKREFMOD NOCICS CICS-CPY
*          NOCICSOPTIMIZE NOCMPR2 NOCOBFSTATCONV NOCOBIDY NOCOBOL370 COBOLDIR
*          NOCOMP COMP-5"2" COMP-6"2" NOCOMS85 CONFIRM NOCONVERTRET CONVSPACE
*          COPYEXT",cbl,cpy" NOCOPYLBR COPYLIST COPYLISTCOMMENT"1" CSI
*          CURRENCY-SIGN"36" CURRENT-DATE"MMDDYY" NODATA DATACOMPRESS"0"
*          NODATA-CONTEXT DATE DBCHECK DBCS"2" NODBCSSOSI DBSPACE DE-EDIT"2"
*          DEFAULTBYTE"32" NODEFAULTCALLS DETECTLOCK NODG DIALECT"MF"
*          NODIRECTIVES-IN-COMMENTS NODOSVS NODPCINSUBSCRIPT DYNAM
*          NOEARLY-RELEASE ECHO NOECHOALL NOEDITOR ENSUITE"0" NOENTCOBOL
*          ERRFORMAT"1" ERRLIST"EMBED" NOERRQ FASTSORT NOFCD3 NOFCDREG
*          NOFDCLEAR NOFILESHARE FILETYPE"0" NOFLAG NOFLAGAS NOFLAGCD
*          NOFLAGEUC NOFLAGMIG NOFLAGQ FLAGSINEDIT NOFLAGSTD NOFOLDCALLNAME
*          NOFOLDCOPYNAME FORM"60" NOFP-ROUNDING NOHOSTARITHMETIC
*          NOHOSTCONTZERO NOHOST-NUMCOMPARE NOHOST-NUMMOVE NOHOSTFD NOHOSTRW
*          NOIBM-MS IBMCOMP IDXFORMAT"0" NOILGEN IMPLICITSCOPE NOINDD
*          INFORETURN"0" NOINITCALL INITPTR INT"ECS021T1.int" INTDATE"ANSI"
*          INTLEVEL"2" IOCONV NOISO2002 NOIXNLSKEY NOIXNUMKEY KEEP-INT
*          KEYCHECK KEYCOMPRESS"0" LIBRARIAN"2" NOLINE-COUNT LIST
*          "ECS021T1.lst" LISTPATH"" LISTWIDTH"80" LITVAL-SIZE"4" LOCKTYPE"0"
*          NOMAPNAME NOMAXERROR METHODDEFAULT"REFERENCE" MF"15" MFCOMMENT
*          NOMOVELENCHECK NOMS NOMVS NATIVE"ASCII" NONATIVEFLOATINGPOINT
*          NONCHAR NONEWBASENAME NONLS NSYMBOL"DBCS" NOODOOSVS NOODOSLIDE
*          NOOLDBLANKLINE NOOLDCOPY NOOLDINDEX NOOLDNEXTSENTENCE NOOLDREADINTO
*          NOOLDSTRMIX OOCTRL"-C-E-G-P+Q+R-S+W" OPTIONAL-FILE NOOS390 OSEXT""
*          NOOSVS NOOUTDD NOP64 NOPANVALET PERFORM-TYPE"OSVS" NOPREPLIST
*          NOPREPROCESS NOPRINT-EXT NOPROFILE NOPROGID-COMMENT
*          NOPROGID-INT-NAME NOPROTECT-LINKAGE PROTOTYPE"RELAXED" QUAL
*          QUALPROC NOQUERY NOQUOTE NORAWLIST NORDW RECMODE"F" NOREENTRANT
*          NOREF NOREFNO REMAINDER"1" REPORT-LINE"256" RESEQ NORETRYLOCK
*          REWRITE-LS NORM RTNCODE-SIZE"4" NORWHARDPAGE NOSAA SEG NOSEQCHK
*          SEQUENTIAL"RECORD" NOSERIAL SETTING"LINE" NOSHAREOUTDD NOSHOW-DIR
*          SIGN"ASCII" NOSIGNDISCARD NOSIGNFIXUP SORTTYPE"DFSORT" SOURCEFORMAT
*          "FIXED" SOURCETABSTOP"8" NOSPZERO NOSSRANGE STDERR NOSTICKY-LINKAGE
*          NOSTICKY-PERFORM SUPFF SWITCHTYPE"1" SYMBSTART"1" SYSPUNCH"132"
*          TERMPAGE TIME NOTRACE NOTRUNC NOTRUNCCALLNAME NOTRUNCCOPY TRUNCINC
*          "10" UNICODE"NATIVE" VERBOSE VSC2"2" WARNING"1" NOWB NOWB2 NOWB3
*          WEBSERVER"CGI" NOWRITELOCK NOWRITETHRU NOXOPEN NOXREF
*          NOZEROLENGTHFALSE NOZEROSEQ NOZWB
     1 IDENTIFICATION DIVISION.                                         04/20/98
     2                                                                  ECS021T1
     3 PROGRAM-ID.                ECS021T1.                                LV011
     4*              PROGRAM CONVERTED BY                                  CL**7
     5*              COBOL CONVERSION AID PO 5785-ABJ                      CL**7
     6*              CONVERSION DATE 11/28/95 11:01:33.                    CL**7
     7*              PROGRAM REVIEWED FOR YEAR 2000 COMPLIANCE.            CL**9
     8*                           VMOD=2.008.                              CL*11
     9                                                                  ECS021T1
    10                                                                  ECS021T1
    11*AUTHOR.        LOGIC, INC.                                          CL**7
    12*               DALLAS, TEXAS.                                       CL**7
    13                                                                  ECS021T1
* Micro Focus Server Express         V5.1 revision 000 06-Oct-15 17:18 Page   2
* ECS021T1.cbl
    14                                                                  ECS021T1
    15*DATE-COMPILED.                                                      CL**7
    16                                                                  ECS021T1
    17*SECURITY.   *****************************************************   CL**7
    18*            *                                                   *   CL**7
    19*            *   THIS PROGRAM IS THE PROPERTY OF LOGIC, INC.     *   CL**7
    20*            *                                                   *   CL**7
    21*            *   USE OF THIS PROGRAM BY OTHER THAN THE EMPLOYEES *   CL**7
    22*            *   OF LOGIC, INC. IS EXPRESSLY PROHIBITED WITHOUT  *   CL**7
    23*            *   THE PRIOR WRITTEN PERMISSION OF LOGIC INC.      *   CL**7
    24*            *                                                   *   CL**7
    25*            *****************************************************   CL**7
    26                                                                  ECS021T1
    27*REMARKS.                                                            CL**3
    28*        THIS SUBMODULE WORKS IN CONJUNCTION WITH ECS021             CL**3
    29*        TO ACCUMULATE FIGURES AND CREATE THE VARIOUS BREAK          CL**3
    30*        LEVELS IN THE PROFIT ANALYSIS REPORT.                       CL**3
    31******************************************************************
    32*                   C H A N G E   L O G
    33*
    34* CHANGES ARE MARKED BY THE CHANGE EFFECTIVE DATE.
    35*-----------------------------------------------------------------
    36*  CHANGE   CHANGE REQUEST PGMR  DESCRIPTION OF CHANGE
    37* EFFECTIVE    NUMBER
    38*-----------------------------------------------------------------
    39* 092602    2002091900008  PEMA  INCREASE NUMBER OF MAXIMUM
    40*                                  BENEFIT CODES FROM 075 TO 900
    41******************************************************************
    42                                                                  ECS021T1
    43 ENVIRONMENT DIVISION.                                            ECS021T1
    44 INPUT-OUTPUT SECTION.                                            ECS021T1
    45 FILE-CONTROL.                                                    ECS021T1
    46                                                                  ECS021T1
* Micro Focus Server Express         V5.1 revision 000 06-Oct-15 17:18 Page   3
* ECS021T1.cbl
    48 DATA DIVISION.                                                   ECS021T1
    49 FILE SECTION.                                                    ECS021T1
    50                                                                  ECS021T1
    51                                                                  ECS021T1
* Micro Focus Server Express         V5.1 revision 000 06-Oct-15 17:18 Page   4
* ECS021T1.cbl
    53 WORKING-STORAGE SECTION.                                         ECS021T1
    54 01  LCP-ABND-CODE                 PIC S999 COMP VALUE +519.         CL**7
    55                                                                  ECS021T1
    56 77  FILLER  PIC X(32) VALUE '********************************'.  ECS021T1
    57 77  FILLER  PIC X(32) VALUE '     ECS021T1 WORKING STORAGE   '.  ECS021T1
    58 77  FILLER  PIC X(32) VALUE '********* VMOD=2.008 ***********'.     CL**9
    59                                                                  ECS021T1
    60 77  NET-COUNT               PIC S9(7)     COMP-3.                   CL**5
    61 77  DTE-IDX                 PIC S9(4)     COMP   VALUE +0.       ECS021T1
    62 77  TOT-IDX                 PIC S9(4)     COMP   VALUE +0.       ECS021T1
    63 77  BEN-IDX                 PIC S9(4)     COMP   VALUE +0.       ECS021T1
    64 77  BRK-IDX                 PIC S9(4)     COMP   VALUE +0.       ECS021T1
    65 77  REQ-IDX                 PIC S9(4)     COMP   VALUE +0.       ECS021T1
    66 77  ONE                     PIC  99              VALUE 1.        ECS021T1
    67 77  THREE                   PIC  99              VALUE 3.        ECS021T1
    68 77  SIXTEEN                 PIC S9(4)     COMP   VALUE +16.      ECS021T1
    69 77  THREE-HUNDRED           PIC S9(4)     COMP   VALUE +300.     ECS021T1
    70 77  NINE-HUNDRED            PIC S9(4)     COMP   VALUE +900.     ECS021T1
    71                                                                  ECS021T1
    72 01  WS-ABEND-STORAGE.                                            ECS021T1
    73     12  WS-RETURN-CODE          PIC S9(4)  VALUE +0 COMP.        ECS021T1
    74     12  WS-ABEND-MESSAGE        PIC X(80)  VALUE SPACES.         ECS021T1
    75     12  WS-ABEND-FILE-STATUS    PIC XX     VALUE ZEROS.          ECS021T1
    76     12  WS-ZERO                 PIC S9     VALUE +0 COMP-3.      ECS021T1
    77     12  WS-ABEND-CODE           PIC S9(4).                       ECS021T1
    78     12  WORK-ABEND-CODE  REDEFINES  WS-ABEND-CODE.               ECS021T1
    79         16  WAC-1               PIC X.                           ECS021T1
    80         16  WAC-2               PIC X.                           ECS021T1
    81         16  WAC-3-4             PIC 99.                          ECS021T1
    82                                                                  ECS021T1
    83 01  WS-PROGRAM-ACTIONS.                                          ECS021T1
    84     12  W-BUILD-ZERO-TABLE      PIC X(02) VALUE 'BZ'.            ECS021T1
    85     12  W-ZERO-TABLE            PIC X(02) VALUE 'ZT'.            ECS021T1
    86     12  W-APPLY-SORT-RCD        PIC X(02) VALUE 'AS'.            ECS021T1
    87     12  W-ADD-LINK-TABLES       PIC X(02) VALUE 'AT'.            ECS021T1
    88     12  W-MOVE-TO-LINK          PIC X(02) VALUE 'MT'.            ECS021T1
    89                                                                  ECS021T1
* Micro Focus Server Express         V5.1 revision 000 06-Oct-15 17:18 Page   5
* ECS021T1.cbl
    91 01  TABLE-IDENTIFIER.                                            ECS021T1
    92     12  FILLER                       PIC X(28)                   ECS021T1
    93                       VALUE '**** START OF TABLE TWO ****'.      ECS021T1
    94                                                                  ECS021T1
    95 01  BREAK-TABLE.                                                 ECS021T1
    96     12  TABLE-ACCUMULATORS     OCCURS  900 TIMES.                   CL**6
    97         16  TBL-BENEFIT-TYPE             PIC X.                  ECS021T1
    98         16  TBL-BENEFIT-CODE             PIC XX.                 ECS021T1
    99         16  TBL-PERIOD     OCCURS   15  TIMES  COMP-3.           ECS021T1
   100             20  TBL-ISS-CNT          PIC S9(7).                  ECS021T1
   101             20  TBL-CNC-CNT          PIC S9(7).                  ECS021T1
   102             20  TBL-ISS-PREM         PIC S9(11)V99.              ECS021T1
   103             20  TBL-CNC-PREM         PIC S9(11)V99.              ECS021T1
   104             20  TBL-NET-COMPEN       PIC S9(11)V99.              ECS021T1
   105             20  TBL-CLM-CNT          PIC S9(7).                  ECS021T1
   106             20  TBL-CLM-AMT          PIC S9(11)V99.              ECS021T1
   107             20  TBL-LOSS-RESV        PIC S9(11)V99.              ECS021T1
   108             20  TBL-EARND-PREM       PIC S9(9)V99.               ECS021T1
   109             20  TBL-PRM-INFRC        PIC S9(9)V99.               ECS021T1
   110             20  TBL-INFRC-CNT        PIC S9(9).                  ECS021T1
   111             20  TBL-AVG-AGE          PIC S9(9).                     CL**6
   112             20  TBL-AVG-ORG-TRM      PIC S9(9).                     CL**6
   113             20  TBL-WGHT-AGE         PIC S9(9).                     CL**6
   114             20  TBL-WGHT-ORG-TRM     PIC S9(9).                     CL**6
   115             20  TBL-EXP-PCT          PIC S9(3)V9(4).             ECS021T1
   116             20  TBL-ADDED-TO-CNT     PIC S9(5).                  ECS021T1
   117                                                                  ECS021T1
* Micro Focus Server Express         V5.1 revision 000 06-Oct-15 17:18 Page   6
* ECS021T1.cbl
   119*01  BREAK-EXTENSION-1.                                           ECS021T1
   120*    12  TABLE-EXTENSION-1      OCCURS   75 TIMES.                   CL**6
   121*        16  FILLER                       PIC X.                  ECS021T1
   122*        16  FILLER                       PIC XX.                 ECS021T1
   123*        16  TBL-EXTENSION-1    OCCURS   15  TIMES  COMP-3.       ECS021T1
   124*            20  FILLER               PIC S9(7).                  ECS021T1
   125*            20  FILLER               PIC S9(7).                  ECS021T1
   126*            20  FILLER               PIC S9(11)V99.              ECS021T1
   127*            20  FILLER               PIC S9(11)V99.              ECS021T1
   128*            20  FILLER               PIC S9(11)V99.              ECS021T1
   129*            20  FILLER               PIC S9(7).                  ECS021T1
   130*            20  FILLER               PIC S9(11)V99.              ECS021T1
   131*            20  FILLER               PIC S9(11)V99.              ECS021T1
   132*            20  FILLER               PIC S9(9)V99.               ECS021T1
   133*            20  FILLER               PIC S9(9)V99.               ECS021T1
   134*            20  FILLER               PIC S9(9).                  ECS021T1
   135*            20  FILLER               PIC S9(9).                     CL**6
   136*            20  FILLER               PIC S9(9).                     CL**6
   137*            20  FILLER               PIC S9(9).                     CL**6
   138*            20  FILLER               PIC S9(9).                     CL**6
   139*            20  FILLER               PIC S9(3)V9(4).             ECS021T1
   140*            20  FILLER               PIC S9(5).                  ECS021T1
   141*                                                                 ECS021T1
   142*    EJECT                                                        ECS021T1
   143*01  BREAK-EXTENSION-2.                                           ECS021T1
   144*    12  TABLE-EXTENSION-2      OCCURS   75 TIMES.                   CL**6
   145*        16  FILLER                       PIC X.                  ECS021T1
   146*        16  FILLER                       PIC XX.                 ECS021T1
   147*        16  TBL-EXTENSION-2    OCCURS   15  TIMES  COMP-3.       ECS021T1
   148*            20  FILLER               PIC S9(7).                  ECS021T1
   149*            20  FILLER               PIC S9(7).                  ECS021T1
   150*            20  FILLER               PIC S9(11)V99.              ECS021T1
   151*            20  FILLER               PIC S9(11)V99.              ECS021T1
   152*            20  FILLER               PIC S9(11)V99.              ECS021T1
   153*            20  FILLER               PIC S9(7).                  ECS021T1
   154*            20  FILLER               PIC S9(11)V99.              ECS021T1
   155*            20  FILLER               PIC S9(11)V99.              ECS021T1
   156*            20  FILLER               PIC S9(9)V99.               ECS021T1
   157*            20  FILLER               PIC S9(9)V99.               ECS021T1
   158*            20  FILLER               PIC S9(9).                  ECS021T1
   159*            20  FILLER               PIC S9(9).                     CL**6
   160*            20  FILLER               PIC S9(9).                     CL**6
   161*            20  FILLER               PIC S9(9).                     CL**6
   162*            20  FILLER               PIC S9(9).                     CL**6
   163*            20  FILLER               PIC S9(3)V9(4).                CL**6
   164*            20  FILLER               PIC S9(5).                     CL**6
   165*                                                                    CL**6
   166*01  BREAK-EXTENSION-3.                                              CL**6
   167*    12  TABLE-EXTENSION-3      OCCURS   75 TIMES.                   CL**6
   168*        16  FILLER                       PIC X.                     CL**6
   169*        16  FILLER                       PIC XX.                    CL**6
   170*        16  TBL-EXTENSION-3    OCCURS   15  TIMES  COMP-3.          CL**6
   171*            20  FILLER               PIC S9(7).                     CL**2
   172*            20  FILLER               PIC S9(7).                     CL**2
   173*            20  FILLER               PIC S9(11)V99.                 CL**6
   174*            20  FILLER               PIC S9(11)V99.                 CL**6
   175*            20  FILLER               PIC S9(11)V99.                 CL**6
   176*            20  FILLER               PIC S9(7).                     CL**2
* Micro Focus Server Express         V5.1 revision 000 06-Oct-15 17:18 Page   7
* ECS021T1.cbl
   177*            20  FILLER               PIC S9(11)V99.                 CL**6
   178*            20  FILLER               PIC S9(11)V99.                 CL**6
   179*            20  FILLER               PIC S9(9)V99.                  CL**6
   180*            20  FILLER               PIC S9(9)V99.                  CL**6
   181*            20  FILLER               PIC S9(9).                     CL**6
   182*            20  FILLER               PIC S9(9).                     CL**6
   183*            20  FILLER               PIC S9(9).                     CL**6
   184*            20  FILLER               PIC S9(9).                     CL**6
   185*            20  FILLER               PIC S9(9).                     CL**6
   186*            20  FILLER               PIC S9(3)V9(4).             ECS021T1
   187*            20  FILLER               PIC S9(5).                  ECS021T1
   188                                                                  ECS021T1
* Micro Focus Server Express         V5.1 revision 000 06-Oct-15 17:18 Page   8
* ECS021T1.cbl
   190 01  TOTAL-IDENTIFIER.                                            ECS021T1
   191     12  FILLER                       PIC X(28)                   ECS021T1
   192                       VALUE '**** START OF TOTAL TWO ****'.      ECS021T1
   193                                                                  ECS021T1
   194 01  BREAK-TOTAL-TABLE.                                           ECS021T1
   195     12  TABLE-TOTALS           OCCURS  3 TIMES.                  ECS021T1
   196         16  TOT-PERIOD     OCCURS   15  TIMES  COMP-3.           ECS021T1
   197             20  TOT-ISS-CNT          PIC S9(7).                  ECS021T1
   198             20  TOT-CNC-CNT          PIC S9(7).                  ECS021T1
   199             20  TOT-SINGLE-ELEM      PIC S9(7).                  ECS021T1
   200             20  TOT-JOINT-RETRO      PIC S9(7).                  ECS021T1
   201             20  TOT-LIFE-LEVEL       PIC S9(7).                  ECS021T1
   202             20  TOT-ISS-PREM         PIC S9(11)V99.              ECS021T1
   203             20  TOT-CNC-PREM         PIC S9(11)V99.              ECS021T1
   204             20  TOT-NET-COMPEN       PIC S9(11)V99.              ECS021T1
   205             20  TOT-LF-CLM-CNT       PIC S9(7).                  ECS021T1
   206             20  TOT-LF-CLM-AMT       PIC S9(11)V99.              ECS021T1
   207             20  TOT-AH-CLM-CNT       PIC S9(7).                  ECS021T1
   208             20  TOT-AH-CLM-AMT       PIC S9(11)V99.              ECS021T1
   209             20  TOT-LOSS-RESV        PIC S9(11)V99.              ECS021T1
   210             20  TOT-EARND-PREM       PIC S9(9)V99.               ECS021T1
   211             20  TOT-PRM-INFRC        PIC S9(9)V99.               ECS021T1
   212             20  TOT-INFRC-CNT        PIC S9(9).                  ECS021T1
   213             20  TOT-AVG-AGE          PIC S9(9).                     CL**6
   214             20  TOT-AVG-ORG-TRM      PIC S9(9).                     CL**6
   215             20  TOT-WGHT-AGE         PIC S9(9).                     CL**6
   216             20  TOT-WGHT-ORG-TRM     PIC S9(9).                     CL**6
   217             20  TOT-EXP-PCT          PIC S999V9(4).              ECS021T1
   218             20  TOT-ADDED-TO-CNT     PIC S9(5).                  ECS021T1
   219                                                                  ECS021T1
* Micro Focus Server Express         V5.1 revision 000 06-Oct-15 17:18 Page   9
* ECS021T1.cbl
   221                                                                  ECS021T1
   222 01  ZERO-IDENTIFIER.                                             ECS021T1
   223     12  FILLER                       PIC X(28)                   ECS021T1
   224                       VALUE '**** START OF ZERO TABLE****'.      ECS021T1
   225                                                                  ECS021T1
   226 01  ZERO-TABLE.                                                  ECS021T1
   227     12  ZERO-ACCUMULATORS.                                       ECS021T1
   228         16  ZERO-BENEFIT-TYPE            PIC X    VALUE SPACES.  ECS021T1
   229         16  ZERO-BENEFIT-CODE            PIC XX   VALUE ZEROS.   ECS021T1
   230         16  ZERO-PERIOD       OCCURS     15 TIMES COMP-3.        ECS021T1
   231             20  ZERO-ISS-CNT         PIC S9(7).                  ECS021T1
   232             20  ZERO-CNC-CNT         PIC S9(7).                  ECS021T1
   233             20  ZERO-ISS-PREM        PIC S9(11)V99.              ECS021T1
   234             20  ZERO-CNC-PREM        PIC S9(11)V99.              ECS021T1
   235             20  ZERO-NET-COMPEN      PIC S9(11)V99.              ECS021T1
   236             20  ZERO-CLM-CNT         PIC S9(7).                  ECS021T1
   237             20  ZERO-CLM-AMT         PIC S9(11)V99.              ECS021T1
   238             20  ZERO-LOSS-RESV       PIC S9(11)V99.              ECS021T1
   239             20  ZERO-EARND-PREM      PIC S9(9)V99.               ECS021T1
   240             20  ZERO-PRM-INFRC       PIC S9(9)V99.               ECS021T1
   241             20  ZERO-INFRC-CNT       PIC S9(9).                  ECS021T1
   242             20  ZERO-AVG-AGE         PIC S9(9).                     CL**6
   243             20  ZERO-AVG-ORG-TRM     PIC S9(9).                     CL**6
   244             20  ZERO-WGHT-AGE        PIC S9(9).                     CL**6
   245             20  ZERO-WGHT-ORG-TRM    PIC S9(9).                     CL**6
   246             20  ZERO-EXP-PCT         PIC S9(3)V9(4).             ECS021T1
   247             20  ZERO-ADDED-TO-CNT    PIC S9(5).                  ECS021T1
   248                                                                  ECS021T1
   249 01  ZERO-ENTRY-IDENTIFIER.                                       ECS021T1
   250     12  FILLER                   PIC X(28)                       ECS021T1
   251                           VALUE '****START OF ZERO ENTRY ****'.  ECS021T1
   252                                                                  ECS021T1
   253 01  ZERO-TABLE-ENTRIES.                                          ECS021T1
   254     12  ZERO-ACCUMS              COMP-3.                         ECS021T1
   255         16  FILLER               PIC S9(7)       VALUE +0.       ECS021T1
   256         16  FILLER               PIC S9(7)       VALUE +0.       ECS021T1
   257         16  FILLER               PIC S9(11)V99   VALUE +0.       ECS021T1
   258         16  FILLER               PIC S9(11)V99   VALUE +0.       ECS021T1
   259         16  FILLER               PIC S9(11)V99   VALUE +0.       ECS021T1
   260         16  FILLER               PIC S9(7)       VALUE +0.       ECS021T1
   261         16  FILLER               PIC S9(11)V99   VALUE +0.       ECS021T1
   262         16  FILLER               PIC S9(11)V99   VALUE +0.       ECS021T1
   263         16  FILLER               PIC S9(9)V99    VALUE +0.       ECS021T1
   264         16  FILLER               PIC S9(9)V99    VALUE +0.       ECS021T1
   265         16  FILLER               PIC S9(9)       VALUE +0.       ECS021T1
   266         16  FILLER               PIC S9(9)       VALUE +0.          CL**6
   267         16  FILLER               PIC S9(9)       VALUE +0.          CL**6
   268         16  FILLER               PIC S9(9)       VALUE +0.          CL**6
   269         16  FILLER               PIC S9(9)       VALUE +0.          CL**6
   270         16  FILLER               PIC S9(3)V9(4)  VALUE +0.       ECS021T1
   271         16  FILLER               PIC S9(5)       VALUE +0.       ECS021T1
   272                                                                  ECS021T1
* Micro Focus Server Express         V5.1 revision 000 06-Oct-15 17:18 Page  10
* ECS021T1.cbl
   274                                                                  ECS021T1
   275 01  ZERO-TOTAL-IDENTIFIER.                                       ECS021T1
   276     12  FILLER                   PIC X(28)                       ECS021T1
   277                           VALUE '****START OF ZERO TOTAL ****'.  ECS021T1
   278                                                                  ECS021T1
   279 01  ZERO-TOTAL-TABLE.                                            ECS021T1
   280     12  ZERO-TOTAL-ACCUMS  OCCURS  15 TIMES  COMP-3.             ECS021T1
   281         16  FILLER                   PIC S9(7).                  ECS021T1
   282         16  FILLER                   PIC S9(7).                  ECS021T1
   283         16  FILLER                   PIC S9(7).                  ECS021T1
   284         16  FILLER                   PIC S9(7).                  ECS021T1
   285         16  FILLER                   PIC S9(7).                  ECS021T1
   286         16  FILLER                   PIC S9(11)V99.              ECS021T1
   287         16  FILLER                   PIC S9(11)V99.              ECS021T1
   288         16  FILLER                   PIC S9(11)V99.              ECS021T1
   289         16  FILLER                   PIC S9(7).                  ECS021T1
   290         16  FILLER                   PIC S9(11)V99.              ECS021T1
   291         16  FILLER                   PIC S9(7).                  ECS021T1
   292         16  FILLER                   PIC S9(11)V99.              ECS021T1
   293         16  FILLER                   PIC S9(11)V99.              ECS021T1
   294         16  FILLER                   PIC S9(9)V99.               ECS021T1
   295         16  FILLER                   PIC S9(9)V99.               ECS021T1
   296         16  FILLER                   PIC S9(9).                  ECS021T1
   297         16  FILLER                   PIC S9(9).                     CL**6
   298         16  FILLER                   PIC S9(9).                     CL**6
   299         16  FILLER                   PIC S9(9).                     CL**6
   300         16  FILLER                   PIC S9(9).                     CL**6
   301         16  FILLER                   PIC S999V9(4).              ECS021T1
   302         16  FILLER                   PIC S9(5).                  ECS021T1
   303                                                                  ECS021T1
   304 01  ZERO-TOTAL-ENTRY         COMP-3.                             ECS021T1
   305     12  FILLER                       PIC S9(7)      VALUE +0.    ECS021T1
   306     12  FILLER                       PIC S9(7)      VALUE +0.    ECS021T1
   307     12  FILLER                       PIC S9(7)      VALUE +0.    ECS021T1
   308     12  FILLER                       PIC S9(7)      VALUE +0.    ECS021T1
   309     12  FILLER                       PIC S9(7)      VALUE +0.    ECS021T1
   310     12  FILLER                       PIC S9(11)V99  VALUE +0.    ECS021T1
   311     12  FILLER                       PIC S9(11)V99  VALUE +0.    ECS021T1
   312     12  FILLER                       PIC S9(11)V99  VALUE +0.    ECS021T1
   313     12  FILLER                       PIC S9(7)      VALUE +0.    ECS021T1
   314     12  FILLER                       PIC S9(11)V99  VALUE +0.    ECS021T1
   315     12  FILLER                       PIC S9(7)      VALUE +0.    ECS021T1
   316     12  FILLER                       PIC S9(11)V99  VALUE +0.    ECS021T1
   317     12  FILLER                       PIC S9(11)V99  VALUE +0.    ECS021T1
   318     12  FILLER                       PIC S9(9)V99   VALUE +0.    ECS021T1
   319     12  FILLER                       PIC S9(9)V99   VALUE +0.    ECS021T1
   320     12  FILLER                       PIC S9(9)      VALUE +0.    ECS021T1
   321     12  FILLER                       PIC S9(9)      VALUE +0.       CL**6
   322     12  FILLER                       PIC S9(9)      VALUE +0.       CL**6
   323     12  FILLER                       PIC S9(9)      VALUE +0.       CL**6
   324     12  FILLER                       PIC S9(9)      VALUE +0.       CL**6
   325     12  FILLER                       PIC S999V9(4)  VALUE +0.    ECS021T1
   326     12  FILLER                       PIC S9(5)      VALUE +0.    ECS021T1
   327                                                                  ECS021T1
   328                                                                  ECS021T1
* Micro Focus Server Express         V5.1 revision 000 06-Oct-15 17:18 Page  11
* ECS021T1.cbl
   330 LINKAGE SECTION.                                                 ECS021T1
   331                                                                  ECS021T1
   332*************************************************                 ECS021T1
   333*  ACTION REQUESTS:                             *                 ECS021T1
   334*                                               *                 ECS021T1
   335*  BZ - BUILD ZERO TABLE (1ST TIME PROCESSING)  *                 ECS021T1
   336*  ZT - ZERO INTERNAL TABLES                    *                 ECS021T1
   337*  AS - APPLY SORT RECORD TO INTERNAL TABLES    *                 ECS021T1
   338*  AT - ADD LINKAGE TABLES TO INTERNAL TABLES   *                 ECS021T1
   339*  MT - MOVE TABLES TO LINK TABLES              *                 ECS021T1
   340*************************************************                 ECS021T1
   341                                                                  ECS021T1
   342 01  REQUEST-TABLE.                                               ECS021T1
   343     12  PROCESSING-REQUEST    OCCURS 10   PIC X(2).              ECS021T1
   344     12  NUMBER-OF-REQUESTS                PIC S9(04) COMP.       ECS021T1
   345                                                                  ECS021T1
   346 01  SW-RECORD.                                                   ECS021T1
   347     12  SW-REPORT-CONTROL-KEY.                                   ECS021T1
   348         16  SW-BREAK-FIELD-1             PIC X(10).              ECS021T1
   349         16  SW-BREAK-FIELD-2             PIC X(10).              ECS021T1
   350         16  SW-BREAK-FIELD-3             PIC X(10).              ECS021T1
   351         16  SW-BREAK-FIELD-4             PIC X(10).              ECS021T1
   352         16  SW-BREAK-FIELD-5             PIC X(10).              ECS021T1
   353         16  SW-BREAK-FIELD-6             PIC X(10).              ECS021T1
   354         16  SW-ACCT-NAME                 PIC X(30).              ECS021T1
   355         16  SW-ACCT-STATUS               PIC X.
   356         16  SW-GA-NAME                   PIC X(30).                 CL**3
   357         16  SW-STATE-NAME                PIC X(25).                 CL**4
   358         16  SW-PROD-DATE                 PIC X(6).               ECS021T1
   359                                                                  ECS021T1
   360     12  SW-RECORD-DATA            OCCURS 23.                        CL**6
   361         16  SW-BENEFIT-TYPE              PIC X.                  ECS021T1
   362         16  SW-BENEFIT-CODE              PIC 99.                 ECS021T1
   363         16  SW-BEN-TBL-POS               PIC S999 COMP.          ECS021T1
   364                                                                  ECS021T1
   365         16  SW-PERIOD    COMP-3   OCCURS 15.                     ECS021T1
   366             24  SW-ISS-CNT               PIC S9(7).              ECS021T1
   367             24  SW-CNC-CNT               PIC S9(7).              ECS021T1
   368             24  SW-ISS-PREM              PIC S9(11)V99.          ECS021T1
   369             24  SW-CNC-PREM              PIC S9(11)V99.          ECS021T1
   370             24  SW-NET-COMPEN            PIC S9(11)V99.          ECS021T1
   371             24  SW-CLM-CNT               PIC S9(7).              ECS021T1
   372             24  SW-CLM-AMT               PIC S9(11)V99.          ECS021T1
   373             24  SW-LOSS-RESV             PIC S9(11)V99.          ECS021T1
   374             24  SW-PRM-EARND             PIC S9(9)V99.           ECS021T1
   375             24  SW-PRM-INFRC             PIC S9(9)V99.           ECS021T1
   376             24  SW-INFRC-CNT             PIC S9(9).              ECS021T1
   377             24  SW-AVG-AGE               PIC S9(9).                 CL**6
   378             24  SW-AVG-ORG-TRM           PIC S9(9).                 CL**6
   379             24  SW-WGHT-AGE              PIC S9(9).                 CL**6
   380             24  SW-WGHT-ORG-TRM          PIC S9(9).                 CL**6
   381             24  SW-EXP-PCT               PIC S999V9(4).          ECS021T1
   382             24  SW-ADDED-TO-CNT          PIC S9(5).              ECS021T1
   383                                                                  ECS021T1
* Micro Focus Server Express         V5.1 revision 000 06-Oct-15 17:18 Page  12
* ECS021T1.cbl
   385 01  LINK-TABLE.                                                  ECS021T1
   386     12  LINK-ACCUMULATORS   OCCURS  900 TIMES.                      CL**6
   387         16  LINK-BENEFIT-TYPE        PIC X.                      ECS021T1
   388         16  LINK-BENEFIT-CODE        PIC 99.                     ECS021T1
   389         16  LINK-PERIOD    OCCURS   15  TIMES  COMP-3.           ECS021T1
   390             20  LINK-ISS-CNT         PIC S9(7).                  ECS021T1
   391             20  LINK-CNC-CNT         PIC S9(7).                  ECS021T1
   392             20  LINK-ISS-PREM        PIC S9(11)V99.              ECS021T1
   393             20  LINK-CNC-PREM        PIC S9(11)V99.              ECS021T1
   394             20  LINK-NET-COMPEN      PIC S9(11)V99.              ECS021T1
   395             20  LINK-CLM-CNT         PIC S9(7).                  ECS021T1
   396             20  LINK-CLM-AMT         PIC S9(11)V99.              ECS021T1
   397             20  LINK-LOSS-RESV       PIC S9(11)V99.              ECS021T1
   398             20  LINK-EARND-PREM      PIC S9(9)V99.               ECS021T1
   399             20  LINK-PRM-INFRC       PIC S9(9)V99.               ECS021T1
   400             20  LINK-INFRC-CNT       PIC S9(9).                  ECS021T1
   401             20  LINK-AVG-AGE         PIC S9(9).                     CL**6
   402             20  LINK-AVG-ORG-TRM     PIC S9(9).                     CL**6
   403             20  LINK-WGHT-AGE        PIC S9(9).                     CL**6
   404             20  LINK-WGHT-ORG-TRM    PIC S9(9).                     CL**6
   405             20  LINK-EXP-PCT         PIC S999V9(4).              ECS021T1
   406             20  LINK-ADDED-TO-CNT    PIC S9(5).                  ECS021T1
   407                                                                  ECS021T1
   408*01  LINK-EXTENSION-1.                                            ECS021T1
   409*    12  LINK-TBL-EXTENSION-1    OCCURS   75 TIMES.                  CL**6
   410*        16  FILLER                       PIC X.                  ECS021T1
   411*        16  FILLER                       PIC 99.                 ECS021T1
   412*        16  LINK-EXT-1          OCCURS   15  TIMES  COMP-3.      ECS021T1
   413*            20  FILLER               PIC S9(7).                  ECS021T1
   414*            20  FILLER               PIC S9(7).                  ECS021T1
   415*            20  FILLER               PIC S9(11)V99.              ECS021T1
   416*            20  FILLER               PIC S9(11)V99.              ECS021T1
   417*            20  FILLER               PIC S9(11)V99.              ECS021T1
   418*            20  FILLER               PIC S9(7).                  ECS021T1
   419*            20  FILLER               PIC S9(11)V99.              ECS021T1
   420*            20  FILLER               PIC S9(11)V99.              ECS021T1
   421*            20  FILLER               PIC S9(9)V99.               ECS021T1
   422*            20  FILLER               PIC S9(9)V99.               ECS021T1
   423*            20  FILLER               PIC S9(9).                  ECS021T1
   424*            20  FILLER               PIC S9(9).                     CL**6
   425*            20  FILLER               PIC S9(9).                     CL**6
   426*            20  FILLER               PIC S9(9).                     CL**6
   427*            20  FILLER               PIC S9(9).                     CL**6
   428*            20  FILLER               PIC S9(3)V9(4).             ECS021T1
   429*            20  FILLER               PIC S9(5).                  ECS021T1
   430*                                                                 ECS021T1
   431*01  LINK-EXTENSION-2.                                            ECS021T1
   432*    12  LINK-TBL-EXTENSION-2    OCCURS   75 TIMES.                  CL**6
   433*        16  FILLER                       PIC X.                  ECS021T1
   434*        16  FILLER                       PIC 99.                 ECS021T1
   435*        16  LINK-EXT-2          OCCURS   15  TIMES  COMP-3.      ECS021T1
   436*            20  FILLER               PIC S9(7).                  ECS021T1
   437*            20  FILLER               PIC S9(7).                  ECS021T1
   438*            20  FILLER               PIC S9(11)V99.              ECS021T1
   439*            20  FILLER               PIC S9(11)V99.              ECS021T1
   440*            20  FILLER               PIC S9(11)V99.              ECS021T1
   441*            20  FILLER               PIC S9(7).                  ECS021T1
   442*            20  FILLER               PIC S9(11)V99.              ECS021T1
* Micro Focus Server Express         V5.1 revision 000 06-Oct-15 17:18 Page  13
* ECS021T1.cbl
   443*            20  FILLER               PIC S9(11)V99.              ECS021T1
   444*            20  FILLER               PIC S9(9)V99.               ECS021T1
   445*            20  FILLER               PIC S9(9)V99.               ECS021T1
   446*            20  FILLER               PIC S9(9).                  ECS021T1
   447*            20  FILLER               PIC S9(9).                     CL**6
   448*            20  FILLER               PIC S9(9).                     CL**6
   449*            20  FILLER               PIC S9(9).                     CL**6
   450*            20  FILLER               PIC S9(9).                     CL**6
   451*            20  FILLER               PIC S9(3)V9(4).                CL**6
   452*            20  FILLER               PIC S9(5).                     CL**6
   453*                                                                    CL**6
   454*01  LINK-EXTENSION-3.                                               CL**6
   455*    12  LINK-TBL-EXTENSION-3    OCCURS   75 TIMES.                  CL**6
   456*        16  FILLER                       PIC X.                     CL**6
   457*        16  FILLER                       PIC 99.                    CL**6
   458*        16  LINK-EXT-3          OCCURS   15  TIMES  COMP-3.         CL**6
   459*            20  FILLER               PIC S9(7).                     CL**2
   460*            20  FILLER               PIC S9(7).                     CL**2
   461*            20  FILLER               PIC S9(11)V99.                 CL**6
   462*            20  FILLER               PIC S9(11)V99.                 CL**6
   463*            20  FILLER               PIC S9(11)V99.                 CL**6
   464*            20  FILLER               PIC S9(7).                     CL**2
   465*            20  FILLER               PIC S9(11)V99.                 CL**6
   466*            20  FILLER               PIC S9(11)V99.                 CL**6
   467*            20  FILLER               PIC S9(9)V99.                  CL**6
   468*            20  FILLER               PIC S9(9)V99.                  CL**6
   469*            20  FILLER               PIC S9(9).                     CL**6
   470*            20  FILLER               PIC S9(9).                     CL**6
   471*            20  FILLER               PIC S9(9).                     CL**6
   472*            20  FILLER               PIC S9(9).                     CL**6
   473*            20  FILLER               PIC S9(9).                     CL**6
   474*            20  FILLER               PIC S9(3)V9(4).             ECS021T1
   475*            20  FILLER               PIC S9(5).                  ECS021T1
   476*                                                                 ECS021T1
   477*                                                                 ECS021T1
   478*    EJECT                                                        ECS021T1
   479 01  LINK-TOTAL-TABLE.                                            ECS021T1
   480     12  LINK-TOTALS     OCCURS  3 TIMES.                         ECS021T1
   481         16  LINK-T-PERIOD  COMP-3 OCCURS 15 TIMES.               ECS021T1
   482             20  LINK-T-ISS-CNT       PIC S9(7).                  ECS021T1
   483             20  LINK-T-CNC-CNT       PIC S9(7).                  ECS021T1
   484             20  LINK-T-SINGLE-ELEM   PIC S9(7).                  ECS021T1
   485             20  LINK-T-JOINT-RETRO   PIC S9(7).                  ECS021T1
   486             20  LINK-T-LIFE-LEVEL    PIC S9(7).                  ECS021T1
   487             20  LINK-T-ISS-PREM      PIC S9(11)V99.              ECS021T1
   488             20  LINK-T-CNC-PREM      PIC S9(11)V99.              ECS021T1
   489             20  LINK-T-NET-COMPEN    PIC S9(11)V99.              ECS021T1
   490             20  LINK-T-LF-CLM-CNT    PIC S9(7).                  ECS021T1
   491             20  LINK-T-LF-CLM-AMT    PIC S9(11)V99.              ECS021T1
   492             20  LINK-T-AH-CLM-CNT    PIC S9(7).                  ECS021T1
   493             20  LINK-T-AH-CLM-AMT    PIC S9(11)V99.              ECS021T1
   494             20  LINK-T-LOSS-RESV     PIC S9(11)V99.              ECS021T1
   495             20  LINK-T-EARND-PREM    PIC S9(9)V99.               ECS021T1
   496             20  LINK-T-PRM-INFRC     PIC S9(9)V99.               ECS021T1
   497             20  LINK-T-INFRC-CNT     PIC S9(9).                  ECS021T1
   498             20  LINK-T-AVG-AGE       PIC S9(9).                     CL**6
   499             20  LINK-T-AVG-ORG-TRM   PIC S9(9).                     CL**6
   500             20  LINK-T-WGHT-AGE      PIC S9(9).                     CL**6
* Micro Focus Server Express         V5.1 revision 000 06-Oct-15 17:18 Page  14
* ECS021T1.cbl
   501             20  LINK-T-WGHT-ORG-TRM  PIC S9(9).                     CL**6
   502             20  LINK-T-EXP-PCT       PIC S999V9(4).              ECS021T1
   503             20  LINK-T-ADDED-TO-CNT  PIC S9(5).                  ECS021T1
   504                                                                  ECS021T1
* Micro Focus Server Express         V5.1 revision 000 06-Oct-15 17:18 Page  15
* ECS021T1.cbl
   506 01  CLASIC-SYSTEM-CODES.                                         ECS021T1
   507     12  DTE-COLC-ID                 PIC  X(4).                   ECS021T1
   508     12  DTE-CLASIC-COMPANY-CD       PIC  X.                      ECS021T1
   509     12  DTE-CLASIC-COMPANY-NUMBER   PIC  999.                    ECS021T1
   510     12  DTE-CLASIC-CLAIM-ACCESS     PIC  X.                      ECS021T1
   511     12  CLASIC-REIN-MAINT           PIC  XX.                     ECS021T1
   512     12  CLASIC-COMP-MAINT           PIC  XX.                     ECS021T1
   513     12  CLASIC-ACCT-MAINT           PIC  XX.                     ECS021T1
   514     12  CLASIC-CTBL-MAINT           PIC  XX.                     ECS021T1
   515     12  CLASIC-RATE-MAINT           PIC  XX.                     ECS021T1
   516     12  CLASIC-CREDIT-EOM-DT        PIC  XX.                     ECS021T1
   517     12  CLASIC-CLAIMS-EOM-DT        PIC  XX.                     ECS021T1
   518                                                                  ECS021T1
   519     12  LIFE-OVERRIDE-L1            PIC  X.                      ECS021T1
   520     12  LIFE-OVERRIDE-L2            PIC  XX.                     ECS021T1
   521     12  LIFE-OVERRIDE-L6            PIC  X(6).                   ECS021T1
   522     12  LIFE-OVERRIDE-L12           PIC  X(12).                  ECS021T1
   523                                                                  ECS021T1
   524     12  AH-OVERRIDE-L1              PIC  X.                      ECS021T1
   525     12  AH-OVERRIDE-L2              PIC  XX.                     ECS021T1
   526     12  AH-OVERRIDE-L6              PIC  X(6).                   ECS021T1
   527     12  AH-OVERRIDE-L12             PIC  X(12).                  ECS021T1
   528                                                                  ECS021T1
   529     12  CLAS-REPORT-CD1-CAPTION     PIC  X(10).                  ECS021T1
   530     12  CLAS-REPORT-CD2-CAPTION     PIC  X(10).                  ECS021T1
   531                                                                  ECS021T1
   532     12  CLASIC-MORTG-EOM-DT         PIC  XX.                     ECS021T1
   533     12  CLASIC-AR-EOM-DT            PIC  XX.                     ECS021T1
   534                                                                  ECS021T1
   535     12  FILLER                      PIC  X(11).                  ECS021T1
   536                                                                  ECS021T1
   537                                                                  ECS021T1
   538 01  CLAS-INS-TYPES.                                              ECS021T1
   539     12 CLAS-ALL-TYPES               OCCURS 900 TIMES.            ECS021T1
   540         16  CLAS-I-BEN              PIC  XX.                     ECS021T1
   541         16  CLAS-I-AB3.                                          ECS021T1
   542             20  FILLER              PIC  X.                      ECS021T1
   543             20  CLAS-I-AB2.                                      ECS021T1
   544                 24  FILLER          PIC  X.                      ECS021T1
   545                 24  CLAS-I-AB1      PIC  X.                      ECS021T1
   546         16  CLAS-I-AB10.                                         ECS021T1
   547             20  FILLER              PIC  X(9).                   ECS021T1
   548             20  CLAS-I-REIN-YN      PIC  X.                      ECS021T1
   549         16  CLAS-I-COMMENT          PIC  X(10).                  ECS021T1
   550         16  CLAS-I-JOINT            PIC  X.                      ECS021T1
   551         16  CLAS-I-RL-AH            PIC  X.                      ECS021T1
   552         16  CLAS-I-CALC-TYPE.                                    ECS021T1
   553             20  CLAS-I-BAL          PIC  X.                      ECS021T1
   554         16  CLAS-I-EP               PIC  X.                      ECS021T1
   555         16  FILLER                  PIC  X(9).                   ECS021T1
   556                                                                  ECS021T1
   557 01  CLAS-INDEX-TBL.                                              ECS021T1
   558     12  CLAX-ID                     PIC X(4).                    ECS021T1
   559     12  CLAS-STARTC                 PIC S9(4) COMP.              ECS021T1
   560     12  CLAS-MAXC                   PIC S9(4) COMP.              ECS021T1
   561     12  CLAS-STARTL                 PIC S9(4) COMP.              ECS021T1
   562     12  CLAS-MAXL                   PIC S9(4) COMP.              ECS021T1
   563     12  CLAS-STARTA                 PIC S9(4) COMP.              ECS021T1
* Micro Focus Server Express         V5.1 revision 000 06-Oct-15 17:18 Page  16
* ECS021T1.cbl
   564     12  CLAS-MAXA                   PIC S9(4) COMP.              ECS021T1
   565     12  CLAS-STARTM                 PIC S9(4) COMP.              ECS021T1
   566     12  CLAS-MAXM                   PIC S9(4) COMP.              ECS021T1
   567     12  CLAS-STARTB                 PIC S9(4) COMP.              ECS021T1
   568     12  CLAS-MAXB                   PIC S9(4) COMP.              ECS021T1
   569     12  CLAS-STARTS                 PIC S9(4) COMP.              ECS021T1
   570     12  CLAS-MAXS                   PIC S9(4) COMP.              ECS021T1
   571     12  CLAS-STARTE                 PIC S9(4) COMP.              ECS021T1
   572     12  CLAS-MAXE                   PIC S9(4) COMP.              ECS021T1
   573     12  CLAS-STARTCN                PIC S9(4) COMP.              ECS021T1
   574     12  CLAS-MAXCN                  PIC S9(4) COMP.              ECS021T1
   575                                                                  ECS021T1
* Micro Focus Server Express         V5.1 revision 000 06-Oct-15 17:18 Page  17
* ECS021T1.cbl
   577 PROCEDURE DIVISION USING REQUEST-TABLE                              CL*10
   578                          SW-RECORD                               ECS021T1
   579                          LINK-TABLE                              ECS021T1
   580*                         LINK-EXTENSION-1                        ECS021T1
   581*                         LINK-EXTENSION-2                        ECS021T1
   582*                         LINK-EXTENSION-3                           CL**6
   583                          LINK-TOTAL-TABLE                        ECS021T1
   584                          CLASIC-SYSTEM-CODES                     ECS021T1
   585                          CLAS-INS-TYPES                          ECS021T1
   586                          CLAS-INDEX-TBL.                         ECS021T1
   587                                                                  ECS021T1
   588 1000-PROCESS-REQUESTS.                                           ECS021T1
   589                                                                  ECS021T1
   590     PERFORM 2000-READ-REQUEST-TABLE THRU 2000-EXIT               ECS021T1
   591         VARYING REQ-IDX  FROM  ONE BY ONE                        ECS021T1
   592             UNTIL REQ-IDX GREATER THAN NUMBER-OF-REQUESTS.       ECS021T1
   593                                                                  ECS021T1
   594     GOBACK.                                                      ECS021T1
   595                                                                  ECS021T1
   596 1000-EXIT.                                                       ECS021T1
   597     EXIT.                                                        ECS021T1
   598                                                                  ECS021T1
   599 2000-READ-REQUEST-TABLE.                                         ECS021T1
   600                                                                  ECS021T1
   601     IF PROCESSING-REQUEST (REQ-IDX) EQUAL W-BUILD-ZERO-TABLE     ECS021T1
   602         PERFORM 9000-INITIALIZE-ZERO-TABLE THRU 9000-EXIT        ECS021T1
   603         PERFORM 8000-ZERO-ENTIRE-TABLE THRU 8000-EXIT            ECS021T1
   604         GO TO 2000-EXIT.                                         ECS021T1
   605                                                                  ECS021T1
   606     IF PROCESSING-REQUEST (REQ-IDX) EQUAL W-ZERO-TABLE           ECS021T1
   607         PERFORM 8000-ZERO-ENTIRE-TABLE THRU 8000-EXIT            ECS021T1
   608         GO TO 2000-EXIT.                                         ECS021T1
   609                                                                  ECS021T1
   610     IF PROCESSING-REQUEST (REQ-IDX) EQUAL W-APPLY-SORT-RCD       ECS021T1
   611         PERFORM 5000-APPLY-SORT-RECORD THRU 5000-EXIT            ECS021T1
   612         GO TO 2000-EXIT.                                         ECS021T1
   613                                                                  ECS021T1
   614     IF PROCESSING-REQUEST (REQ-IDX) EQUAL W-ADD-LINK-TABLES      ECS021T1
   615         PERFORM 3000-ADD-TABLE-RTN THRU 3000-EXIT                ECS021T1
   616         PERFORM 4000-ADD-TOTAL-RTN THRU 4000-EXIT                ECS021T1
   617         GO TO 2000-EXIT.                                         ECS021T1
   618                                                                  ECS021T1
   619     IF PROCESSING-REQUEST (REQ-IDX) EQUAL W-MOVE-TO-LINK         ECS021T1
   620         PERFORM 7000-MOVE-TABLES THRU 7000-EXIT.                 ECS021T1
   621                                                                  ECS021T1
   622 2000-EXIT.                                                       ECS021T1
   623     EXIT.                                                        ECS021T1
   624                                                                  ECS021T1
* Micro Focus Server Express         V5.1 revision 000 06-Oct-15 17:18 Page  18
* ECS021T1.cbl
   626*******************************************                       ECS021T1
   627*  (2000) ADDS TABLE (2) TO LINK TABLE    *                       ECS021T1
   628*******************************************                       ECS021T1
   629                                                                  ECS021T1
   630 3000-ADD-TABLE-RTN.                                              ECS021T1
   631     MOVE +1                     TO BEN-IDX.                      ECS021T1
   632                                                                  ECS021T1
   633 3000-ZERO-ACCESS-LOOP.                                           ECS021T1
   634     IF BEN-IDX GREATER CLAS-MAXA                                 ECS021T1
   635         GO TO 3000-EXIT.                                         ECS021T1
   636                                                                  ECS021T1
   637     IF LINK-BENEFIT-CODE (BEN-IDX) = ZERO                        ECS021T1
   638         ADD +1                  TO BEN-IDX                       ECS021T1
   639         GO TO 3000-ZERO-ACCESS-LOOP.                             ECS021T1
   640                                                                  ECS021T1
   641     MOVE LINK-BENEFIT-TYPE (BEN-IDX)                             ECS021T1
   642                                 TO TBL-BENEFIT-TYPE (BEN-IDX).   ECS021T1
   643     MOVE LINK-BENEFIT-CODE (BEN-IDX)                             ECS021T1
   644                                 TO TBL-BENEFIT-CODE (BEN-IDX).   ECS021T1
   645                                                                  ECS021T1
   646     MOVE +1                     TO DTE-IDX.                      ECS021T1
   647                                                                  ECS021T1
   648 3000-ACTIVE-BENEFIT-LOOP.                                        ECS021T1
   649                                                                  ECS021T1
   650     ADD LINK-ISS-CNT     (BEN-IDX DTE-IDX) TO                    ECS021T1
   651                              TBL-ISS-CNT      (BEN-IDX DTE-IDX). ECS021T1
   652     ADD LINK-CNC-CNT     (BEN-IDX DTE-IDX) TO                    ECS021T1
   653                              TBL-CNC-CNT      (BEN-IDX DTE-IDX). ECS021T1
   654     ADD LINK-ISS-PREM    (BEN-IDX DTE-IDX) TO                    ECS021T1
   655                              TBL-ISS-PREM     (BEN-IDX DTE-IDX). ECS021T1
   656     ADD LINK-CNC-PREM    (BEN-IDX DTE-IDX) TO                    ECS021T1
   657                              TBL-CNC-PREM     (BEN-IDX DTE-IDX). ECS021T1
   658     ADD LINK-NET-COMPEN  (BEN-IDX DTE-IDX) TO                    ECS021T1
   659                              TBL-NET-COMPEN   (BEN-IDX DTE-IDX). ECS021T1
   660     ADD LINK-CLM-CNT     (BEN-IDX DTE-IDX) TO                    ECS021T1
   661                              TBL-CLM-CNT      (BEN-IDX DTE-IDX). ECS021T1
   662     ADD LINK-CLM-AMT     (BEN-IDX DTE-IDX) TO                    ECS021T1
   663                              TBL-CLM-AMT      (BEN-IDX DTE-IDX). ECS021T1
   664     ADD LINK-LOSS-RESV   (BEN-IDX DTE-IDX) TO                    ECS021T1
   665                              TBL-LOSS-RESV    (BEN-IDX DTE-IDX). ECS021T1
   666     ADD LINK-EARND-PREM  (BEN-IDX DTE-IDX) TO                    ECS021T1
   667                              TBL-EARND-PREM   (BEN-IDX DTE-IDX). ECS021T1
   668     ADD LINK-PRM-INFRC   (BEN-IDX DTE-IDX) TO                    ECS021T1
   669                              TBL-PRM-INFRC    (BEN-IDX DTE-IDX). ECS021T1
   670     ADD LINK-INFRC-CNT   (BEN-IDX DTE-IDX) TO                    ECS021T1
   671                              TBL-INFRC-CNT    (BEN-IDX DTE-IDX). ECS021T1
   672     ADD LINK-AVG-AGE      (BEN-IDX DTE-IDX) TO                   ECS021T1
   673                              TBL-AVG-AGE      (BEN-IDX DTE-IDX). ECS021T1
   674     ADD LINK-AVG-ORG-TRM (BEN-IDX DTE-IDX) TO                    ECS021T1
   675                              TBL-AVG-ORG-TRM (BEN-IDX DTE-IDX).  ECS021T1
   676     ADD LINK-WGHT-AGE    (BEN-IDX DTE-IDX) TO                    ECS021T1
   677                              TBL-WGHT-AGE     (BEN-IDX DTE-IDX). ECS021T1
   678     ADD LINK-WGHT-ORG-TRM(BEN-IDX DTE-IDX) TO                    ECS021T1
   679                              TBL-WGHT-ORG-TRM(BEN-IDX DTE-IDX).  ECS021T1
   680     ADD LINK-EXP-PCT     (BEN-IDX DTE-IDX) TO                    ECS021T1
   681                              TBL-EXP-PCT      (BEN-IDX DTE-IDX). ECS021T1
   682     ADD LINK-ADDED-TO-CNT(BEN-IDX DTE-IDX) TO                    ECS021T1
   683                              TBL-ADDED-TO-CNT(BEN-IDX DTE-IDX).  ECS021T1
* Micro Focus Server Express         V5.1 revision 000 06-Oct-15 17:18 Page  19
* ECS021T1.cbl
   684                                                                  ECS021T1
   685     ADD +1 TO DTE-IDX.                                           ECS021T1
   686                                                                  ECS021T1
   687     IF DTE-IDX LESS +16                                          ECS021T1
   688         GO TO 3000-ACTIVE-BENEFIT-LOOP                           ECS021T1
   689     ELSE                                                         ECS021T1
   690         ADD +1 TO BEN-IDX                                        ECS021T1
   691         GO TO 3000-ZERO-ACCESS-LOOP.                             ECS021T1
   692                                                                  ECS021T1
   693 3000-EXIT.                                                       ECS021T1
   694      EXIT.                                                       ECS021T1
   695                                                                  ECS021T1
* Micro Focus Server Express         V5.1 revision 000 06-Oct-15 17:18 Page  20
* ECS021T1.cbl
   697*******************************************************           ECS021T1
   698*  (3050) DUMPS TOTAL TABLE (2) INTO TOTAL TABLE (1)  *           ECS021T1
   699*******************************************************           ECS021T1
   700 4000-ADD-TOTAL-RTN.                                              ECS021T1
   701     MOVE +1                     TO BEN-IDX                       ECS021T1
   702                                    DTE-IDX.                      ECS021T1
   703                                                                  ECS021T1
   704 4000-TOTAL-BENEFITS-LOOP.                                        ECS021T1
   705     ADD LINK-T-ISS-CNT   (BEN-IDX DTE-IDX) TO                    ECS021T1
   706                              TOT-ISS-CNT      (BEN-IDX DTE-IDX). ECS021T1
   707     ADD LINK-T-CNC-CNT   (BEN-IDX DTE-IDX) TO                    ECS021T1
   708                              TOT-CNC-CNT      (BEN-IDX DTE-IDX). ECS021T1
   709     ADD LINK-T-SINGLE-ELEM (BEN-IDX DTE-IDX) TO                  ECS021T1
   710                              TOT-SINGLE-ELEM (BEN-IDX DTE-IDX).     CL**2
   711     ADD LINK-T-JOINT-RETRO (BEN-IDX DTE-IDX) TO                  ECS021T1
   712                              TOT-JOINT-RETRO (BEN-IDX DTE-IDX).     CL**2
   713     ADD LINK-T-LIFE-LEVEL (BEN-IDX DTE-IDX) TO                   ECS021T1
   714                              TOT-LIFE-LEVEL (BEN-IDX DTE-IDX).   ECS021T1
   715     ADD LINK-T-ISS-PREM  (BEN-IDX DTE-IDX) TO                    ECS021T1
   716                              TOT-ISS-PREM     (BEN-IDX DTE-IDX). ECS021T1
   717     ADD LINK-T-CNC-PREM  (BEN-IDX DTE-IDX) TO                    ECS021T1
   718                              TOT-CNC-PREM     (BEN-IDX DTE-IDX). ECS021T1
   719     ADD LINK-T-NET-COMPEN (BEN-IDX DTE-IDX) TO                   ECS021T1
   720                              TOT-NET-COMPEN (BEN-IDX DTE-IDX).   ECS021T1
   721     ADD LINK-T-LF-CLM-CNT (BEN-IDX DTE-IDX) TO                   ECS021T1
   722                              TOT-LF-CLM-CNT (BEN-IDX DTE-IDX).   ECS021T1
   723     ADD LINK-T-LF-CLM-AMT (BEN-IDX DTE-IDX) TO                   ECS021T1
   724                              TOT-LF-CLM-AMT (BEN-IDX DTE-IDX).   ECS021T1
   725     ADD LINK-T-AH-CLM-CNT (BEN-IDX DTE-IDX) TO                   ECS021T1
   726                              TOT-AH-CLM-CNT (BEN-IDX DTE-IDX).   ECS021T1
   727     ADD LINK-T-AH-CLM-AMT (BEN-IDX DTE-IDX) TO                   ECS021T1
   728                              TOT-AH-CLM-AMT (BEN-IDX DTE-IDX).   ECS021T1
   729     ADD LINK-T-LOSS-RESV (BEN-IDX DTE-IDX) TO                    ECS021T1
   730                              TOT-LOSS-RESV (BEN-IDX DTE-IDX).    ECS021T1
   731     ADD LINK-T-EARND-PREM (BEN-IDX DTE-IDX) TO                   ECS021T1
   732                              TOT-EARND-PREM (BEN-IDX DTE-IDX).   ECS021T1
   733     ADD LINK-T-PRM-INFRC (BEN-IDX DTE-IDX) TO                    ECS021T1
   734                              TOT-PRM-INFRC (BEN-IDX DTE-IDX).    ECS021T1
   735     ADD LINK-T-INFRC-CNT (BEN-IDX DTE-IDX) TO                    ECS021T1
   736                              TOT-INFRC-CNT (BEN-IDX DTE-IDX).    ECS021T1
   737     ADD LINK-T-AVG-AGE    (BEN-IDX DTE-IDX) TO                   ECS021T1
   738                              TOT-AVG-AGE      (BEN-IDX DTE-IDX). ECS021T1
   739     ADD LINK-T-AVG-ORG-TRM (BEN-IDX DTE-IDX) TO                  ECS021T1
   740                              TOT-AVG-ORG-TRM (BEN-IDX DTE-IDX).     CL**2
   741     ADD LINK-T-WGHT-AGE  (BEN-IDX DTE-IDX) TO                    ECS021T1
   742                              TOT-WGHT-AGE     (BEN-IDX DTE-IDX). ECS021T1
   743     ADD LINK-T-WGHT-ORG-TRM(BEN-IDX DTE-IDX) TO                  ECS021T1
   744                              TOT-WGHT-ORG-TRM(BEN-IDX DTE-IDX).     CL**2
   745     ADD LINK-T-EXP-PCT   (BEN-IDX DTE-IDX) TO                    ECS021T1
   746                              TOT-EXP-PCT      (BEN-IDX DTE-IDX). ECS021T1
   747     ADD LINK-T-ADDED-TO-CNT(BEN-IDX DTE-IDX) TO                  ECS021T1
   748                              TOT-ADDED-TO-CNT(BEN-IDX DTE-IDX).     CL**2
   749                                                                  ECS021T1
   750     ADD +1 TO DTE-IDX.                                           ECS021T1
   751                                                                  ECS021T1
   752     IF DTE-IDX LESS +16                                          ECS021T1
   753         GO TO 4000-TOTAL-BENEFITS-LOOP.                          ECS021T1
   754                                                                  ECS021T1
* Micro Focus Server Express         V5.1 revision 000 06-Oct-15 17:18 Page  21
* ECS021T1.cbl
   755     IF BEN-IDX LESS +3                                           ECS021T1
   756         ADD +1                  TO BEN-IDX                       ECS021T1
   757         MOVE +1                 TO DTE-IDX                       ECS021T1
   758         GO TO 4000-TOTAL-BENEFITS-LOOP.                          ECS021T1
   759                                                                  ECS021T1
   760 4000-EXIT.                                                       ECS021T1
   761      EXIT.                                                       ECS021T1
   762                                                                  ECS021T1
* Micro Focus Server Express         V5.1 revision 000 06-Oct-15 17:18 Page  22
* ECS021T1.cbl
   764**************************************************************    ECS021T1
   765*  THE FOLLOWING INDEXES ARE USED IN ROUTINES 5000 AND 6000  *    ECS021T1
   766*                                                            *    ECS021T1
   767*  1. BRK-IDX - USED TO INDEX BENEFIT LEVEL OF SORT RECORD   *    ECS021T1
   768*                 VARIED FROM 1 TO 23                        *       CL**6
   769*  2. BEN-IDX - USED TO INDEX BENEFIT LEVEL OF ACCUMULATED   *    ECS021T1
   770*                 BREAK TABLES VARIED FROM 1 TO 75           *       CL**6
   771*  3. TOT-IDX - USED TO INDEX BENEFIT TYPE OF TOTALS         *    ECS021T1
   772*                 TABLES VARIED FROM 1 TO 2                  *    ECS021T1
   773*  4. DTE-IDX - USED TO INDEX DATE RANGES OF ALL TABLES      *    ECS021T1
   774*                 AND RECORDS VARIED FROM 1 TO 15            *    ECS021T1
   775**************************************************************    ECS021T1
   776                                                                  ECS021T1
   777 5000-APPLY-SORT-RECORD.                                          ECS021T1
   778     MOVE +1                     TO BRK-IDX.                      ECS021T1
   779                                                                  ECS021T1
   780 5000-BENEFIT-LOOP.                                               ECS021T1
   781     IF SW-BENEFIT-CODE   (BRK-IDX) = ZEROS                       ECS021T1
   782         GO TO 5000-EXIT.                                         ECS021T1
   783                                                                  ECS021T1
   784     MOVE SW-BEN-TBL-POS  (BRK-IDX)                               ECS021T1
   785                                 TO BEN-IDX.                      ECS021T1
   786     MOVE SW-BENEFIT-CODE (BRK-IDX)                               ECS021T1
   787                                 TO TBL-BENEFIT-CODE (BEN-IDX).   ECS021T1
   788     MOVE SW-BENEFIT-TYPE (BRK-IDX)                               ECS021T1
   789                                 TO TBL-BENEFIT-TYPE (BEN-IDX).   ECS021T1
   790     MOVE +1                     TO DTE-IDX.                      ECS021T1
   791                                                                  ECS021T1
   792 5000-DATE-RANGE-LOOP.                                            ECS021T1
   793     ADD SW-ISS-CNT     (BRK-IDX DTE-IDX)                         ECS021T1
   794                           TO TBL-ISS-CNT      (BEN-IDX DTE-IDX). ECS021T1
   795     ADD SW-CNC-CNT     (BRK-IDX DTE-IDX)                         ECS021T1
   796                           TO TBL-CNC-CNT      (BEN-IDX DTE-IDX). ECS021T1
   797     ADD SW-ISS-PREM    (BRK-IDX DTE-IDX)                         ECS021T1
   798                           TO TBL-ISS-PREM     (BEN-IDX DTE-IDX). ECS021T1
   799     ADD SW-CNC-PREM    (BRK-IDX DTE-IDX)                         ECS021T1
   800                           TO TBL-CNC-PREM     (BEN-IDX DTE-IDX). ECS021T1
   801     ADD SW-NET-COMPEN  (BRK-IDX DTE-IDX)                         ECS021T1
   802                           TO TBL-NET-COMPEN   (BEN-IDX DTE-IDX). ECS021T1
   803     ADD SW-CLM-CNT     (BRK-IDX DTE-IDX)                         ECS021T1
   804                           TO TBL-CLM-CNT      (BEN-IDX DTE-IDX). ECS021T1
   805     ADD SW-CLM-AMT     (BRK-IDX DTE-IDX)                         ECS021T1
   806                           TO TBL-CLM-AMT      (BEN-IDX DTE-IDX). ECS021T1
   807     ADD SW-LOSS-RESV   (BRK-IDX DTE-IDX)                         ECS021T1
   808                           TO TBL-LOSS-RESV    (BEN-IDX DTE-IDX). ECS021T1
   809     ADD SW-PRM-EARND   (BRK-IDX DTE-IDX)                         ECS021T1
   810                           TO TBL-EARND-PREM   (BEN-IDX DTE-IDX). ECS021T1
   811     ADD SW-PRM-INFRC   (BRK-IDX DTE-IDX)                         ECS021T1
   812                           TO TBL-PRM-INFRC    (BEN-IDX DTE-IDX). ECS021T1
   813     ADD SW-INFRC-CNT   (BRK-IDX DTE-IDX)                         ECS021T1
   814                           TO TBL-INFRC-CNT    (BEN-IDX DTE-IDX). ECS021T1
   815     ADD SW-AVG-AGE     (BRK-IDX DTE-IDX)                         ECS021T1
   816                           TO TBL-AVG-AGE      (BEN-IDX DTE-IDX). ECS021T1
   817     ADD SW-AVG-ORG-TRM (BRK-IDX DTE-IDX)                         ECS021T1
   818                           TO TBL-AVG-ORG-TRM (BEN-IDX DTE-IDX).  ECS021T1
   819     ADD SW-WGHT-AGE    (BRK-IDX DTE-IDX)                         ECS021T1
   820                           TO TBL-WGHT-AGE     (BEN-IDX DTE-IDX). ECS021T1
   821     ADD SW-WGHT-ORG-TRM(BRK-IDX DTE-IDX)                         ECS021T1
* Micro Focus Server Express         V5.1 revision 000 06-Oct-15 17:18 Page  23
* ECS021T1.cbl
   822                           TO TBL-WGHT-ORG-TRM(BEN-IDX DTE-IDX).  ECS021T1
   823     ADD SW-EXP-PCT     (BRK-IDX DTE-IDX)                         ECS021T1
   824                           TO TBL-EXP-PCT      (BEN-IDX DTE-IDX). ECS021T1
   825     ADD SW-ADDED-TO-CNT(BRK-IDX DTE-IDX)                         ECS021T1
   826                           TO TBL-ADDED-TO-CNT(BEN-IDX DTE-IDX).  ECS021T1
   827                                                                  ECS021T1
   828     ADD +1                TO DTE-IDX.                            ECS021T1
   829                                                                  ECS021T1
   830     IF DTE-IDX LESS +16                                          ECS021T1
   831         GO TO 5000-DATE-RANGE-LOOP.                              ECS021T1
   832                                                                  ECS021T1
   833     PERFORM 6000-BENEFIT-TYPE-TOTAL THRU 6000-EXIT.              ECS021T1
   834                                                                  ECS021T1
   835     ADD +1                TO BRK-IDX.                            ECS021T1
   836                                                                  ECS021T1
   837     IF BRK-IDX LESS +24                                             CL**6
   838         GO TO 5000-BENEFIT-LOOP.                                 ECS021T1
   839                                                                  ECS021T1
   840 5000-EXIT.                                                       ECS021T1
   841      EXIT.                                                       ECS021T1
   842                                                                  ECS021T1
* Micro Focus Server Express         V5.1 revision 000 06-Oct-15 17:18 Page  24
* ECS021T1.cbl
   844**************************************************************    ECS021T1
   845*  THE FOLLOWING INDEXES ARE USED IN ROUTINES 5000 AND 6000  *    ECS021T1
   846*                                                            *    ECS021T1
   847*  1. BRK-IDX - USED TO INDEX BENEFIT LEVEL OF SORT RECORD   *    ECS021T1
   848*                 VARIED FROM 1 TO 23                        *       CL**6
   849*  2. BEN-IDX - USED TO INDEX BENEFIT LEVEL OF ACCUMULATED   *    ECS021T1
   850*                 BREAK TABLES VARIED FROM 1 TO 75           *       CL**6
   851*  3. TOT-IDX - USED TO INDEX BENEFIT TYPE OF TOTALS         *    ECS021T1
   852*                 TABLES VARIED FROM 1 TO 2                  *    ECS021T1
   853*  4. DTE-IDX - USED TO INDEX DATE RANGES OF ALL TABLES      *    ECS021T1
   854*                 AND RECORDS VARIED FROM 1 TO 15            *    ECS021T1
   855**************************************************************    ECS021T1
   856                                                                  ECS021T1
   857 6000-BENEFIT-TYPE-TOTAL.                                         ECS021T1
   858                                                                  ECS021T1
   859     MOVE +1                     TO DTE-IDX.                      ECS021T1
   860                                                                  ECS021T1
   861 6000-DATE-RANGE-LOOP.                                            ECS021T1
   862                                                                  ECS021T1
   863     COMPUTE NET-COUNT = SW-ISS-CNT (BRK-IDX DTE-IDX) -              CL**5
   864          SW-CNC-CNT (BRK-IDX DTE-IDX).                              CL**5
   865                                                                     CL**5
   866     IF SW-BENEFIT-TYPE (BRK-IDX) = LIFE-OVERRIDE-L1              ECS021T1
   867         MOVE +1                 TO TOT-IDX                       ECS021T1
   868         IF CLAS-I-RL-AH (BEN-IDX) = 'R'                          ECS021T1
   869             IF CLAS-I-JOINT (BEN-IDX) = 'J'                      ECS021T1
   870                 ADD NET-COUNT TO                                    CL**5
   871                     TOT-JOINT-RETRO (TOT-IDX DTE-IDX)            ECS021T1
   872             ELSE                                                 ECS021T1
   873                 ADD NET-COUNT TO                                    CL**5
   874                     TOT-SINGLE-ELEM (TOT-IDX DTE-IDX)            ECS021T1
   875         ELSE                                                     ECS021T1
   876             ADD NET-COUNT TO                                        CL**5
   877                 TOT-LIFE-LEVEL (TOT-IDX DTE-IDX)                 ECS021T1
   878     ELSE                                                         ECS021T1
   879         MOVE +2                 TO TOT-IDX                       ECS021T1
   880         IF CLAS-I-AB1 (BEN-IDX) = 'E'                            ECS021T1
   881             ADD NET-COUNT TO                                        CL**5
   882                 TOT-SINGLE-ELEM (TOT-IDX DTE-IDX)                ECS021T1
   883         ELSE                                                     ECS021T1
   884             IF CLAS-I-AB1 (BEN-IDX) = 'R'                        ECS021T1
   885                 ADD NET-COUNT TO                                    CL**5
   886                     TOT-JOINT-RETRO (TOT-IDX DTE-IDX).           ECS021T1
   887                                                                  ECS021T1
   888     ADD SW-ISS-CNT    (BRK-IDX DTE-IDX)                          ECS021T1
   889                           TO TOT-ISS-CNT     (TOT-IDX DTE-IDX)   ECS021T1
   890                              TOT-ISS-CNT     (3 DTE-IDX).        ECS021T1
   891     ADD SW-CNC-CNT    (BRK-IDX DTE-IDX)                          ECS021T1
   892                           TO TOT-CNC-CNT     (TOT-IDX DTE-IDX)   ECS021T1
   893                              TOT-CNC-CNT     (3 DTE-IDX).        ECS021T1
   894     ADD SW-ISS-PREM   (BRK-IDX DTE-IDX)                          ECS021T1
   895                           TO TOT-ISS-PREM    (TOT-IDX DTE-IDX)   ECS021T1
   896                              TOT-ISS-PREM    (3 DTE-IDX).        ECS021T1
   897     ADD SW-CNC-PREM   (BRK-IDX DTE-IDX)                          ECS021T1
   898                           TO TOT-CNC-PREM    (TOT-IDX DTE-IDX)   ECS021T1
   899                              TOT-CNC-PREM    (3 DTE-IDX).        ECS021T1
   900     ADD SW-NET-COMPEN (BRK-IDX DTE-IDX)                          ECS021T1
   901                           TO TOT-NET-COMPEN (TOT-IDX DTE-IDX)    ECS021T1
* Micro Focus Server Express         V5.1 revision 000 06-Oct-15 17:18 Page  25
* ECS021T1.cbl
   902                              TOT-NET-COMPEN (3 DTE-IDX).         ECS021T1
   903                                                                  ECS021T1
   904     IF SW-BENEFIT-TYPE (BRK-IDX) = LIFE-OVERRIDE-L1              ECS021T1
   905         ADD SW-CLM-CNT (BRK-IDX DTE-IDX)                         ECS021T1
   906                           TO TOT-LF-CLM-CNT   (TOT-IDX DTE-IDX)  ECS021T1
   907                              TOT-LF-CLM-CNT   (3 DTE-IDX)        ECS021T1
   908         ADD SW-CLM-AMT (BRK-IDX DTE-IDX)                         ECS021T1
   909                           TO TOT-LF-CLM-AMT   (TOT-IDX DTE-IDX)  ECS021T1
   910                              TOT-LF-CLM-AMT   (3 DTE-IDX).       ECS021T1
   911                                                                  ECS021T1
   912     IF SW-BENEFIT-TYPE (BRK-IDX) = AH-OVERRIDE-L1                ECS021T1
   913         ADD SW-CLM-CNT (BRK-IDX DTE-IDX)                         ECS021T1
   914                           TO TOT-AH-CLM-CNT   (TOT-IDX DTE-IDX)  ECS021T1
   915                              TOT-AH-CLM-CNT   (3 DTE-IDX)        ECS021T1
   916         ADD SW-CLM-AMT (BRK-IDX DTE-IDX)                         ECS021T1
   917                           TO TOT-AH-CLM-AMT   (TOT-IDX DTE-IDX)  ECS021T1
   918                              TOT-AH-CLM-AMT   (3 DTE-IDX).       ECS021T1
   919                                                                  ECS021T1
   920     ADD SW-LOSS-RESV   (BRK-IDX DTE-IDX)                         ECS021T1
   921                           TO TOT-LOSS-RESV    (TOT-IDX DTE-IDX)  ECS021T1
   922                              TOT-LOSS-RESV    (3 DTE-IDX).       ECS021T1
   923     ADD SW-PRM-EARND   (BRK-IDX DTE-IDX)                         ECS021T1
   924                           TO TOT-EARND-PREM   (TOT-IDX DTE-IDX)  ECS021T1
   925                              TOT-EARND-PREM   (3 DTE-IDX).       ECS021T1
   926     ADD SW-PRM-INFRC   (BRK-IDX DTE-IDX)                         ECS021T1
   927                           TO TOT-PRM-INFRC    (TOT-IDX DTE-IDX)  ECS021T1
   928                              TOT-PRM-INFRC    (3 DTE-IDX).       ECS021T1
   929     ADD SW-INFRC-CNT   (BRK-IDX DTE-IDX)                         ECS021T1
   930                           TO TOT-INFRC-CNT    (TOT-IDX DTE-IDX)  ECS021T1
   931                              TOT-INFRC-CNT    (3 DTE-IDX).       ECS021T1
   932     ADD SW-AVG-AGE     (BRK-IDX DTE-IDX)                         ECS021T1
   933                           TO TOT-AVG-AGE      (TOT-IDX DTE-IDX)  ECS021T1
   934                              TOT-AVG-AGE      (3 DTE-IDX).       ECS021T1
   935     ADD SW-AVG-ORG-TRM (BRK-IDX DTE-IDX)                         ECS021T1
   936                           TO TOT-AVG-ORG-TRM (TOT-IDX DTE-IDX)   ECS021T1
   937                              TOT-AVG-ORG-TRM (3 DTE-IDX).        ECS021T1
   938     ADD SW-WGHT-AGE    (BRK-IDX DTE-IDX)                         ECS021T1
   939                           TO TOT-WGHT-AGE     (TOT-IDX DTE-IDX)  ECS021T1
   940                              TOT-WGHT-AGE     (3 DTE-IDX).       ECS021T1
   941     ADD SW-WGHT-ORG-TRM(BRK-IDX DTE-IDX)                         ECS021T1
   942                           TO TOT-WGHT-ORG-TRM(TOT-IDX DTE-IDX)   ECS021T1
   943                              TOT-WGHT-ORG-TRM(3 DTE-IDX).        ECS021T1
   944     ADD SW-EXP-PCT     (BRK-IDX DTE-IDX)                         ECS021T1
   945                           TO TOT-EXP-PCT      (TOT-IDX DTE-IDX)  ECS021T1
   946                              TOT-EXP-PCT      (3 DTE-IDX).       ECS021T1
   947     ADD SW-ADDED-TO-CNT (BRK-IDX DTE-IDX)                        ECS021T1
   948                           TO TOT-ADDED-TO-CNT(TOT-IDX DTE-IDX)   ECS021T1
   949                              TOT-ADDED-TO-CNT(3 DTE-IDX).        ECS021T1
   950                                                                  ECS021T1
   951     ADD +1 TO DTE-IDX.                                           ECS021T1
   952                                                                  ECS021T1
   953     IF DTE-IDX LESS +16                                          ECS021T1
   954         GO TO 6000-DATE-RANGE-LOOP.                              ECS021T1
   955                                                                  ECS021T1
   956 6000-EXIT.                                                       ECS021T1
   957      EXIT.                                                       ECS021T1
   958                                                                  ECS021T1
* Micro Focus Server Express         V5.1 revision 000 06-Oct-15 17:18 Page  26
* ECS021T1.cbl
   960 7000-MOVE-TABLES.                                                ECS021T1
   961                                                                  ECS021T1
   962     MOVE BREAK-TABLE            TO LINK-TABLE.                   ECS021T1
   963*    MOVE BREAK-EXTENSION-1      TO LINK-EXTENSION-1.             ECS021T1
   964*    MOVE BREAK-EXTENSION-2      TO LINK-EXTENSION-2.             ECS021T1
   965*    MOVE BREAK-EXTENSION-3      TO LINK-EXTENSION-3.                CL**6
   966     MOVE BREAK-TOTAL-TABLE      TO LINK-TOTAL-TABLE.             ECS021T1
   967                                                                  ECS021T1
   968 7000-EXIT.                                                       ECS021T1
   969      EXIT.                                                       ECS021T1
   970                                                                  ECS021T1
* Micro Focus Server Express         V5.1 revision 000 06-Oct-15 17:18 Page  27
* ECS021T1.cbl
   972***********************************                               ECS021T1
   973*     (8000) ZERO TABLE TWO       *                               ECS021T1
   974***********************************                               ECS021T1
   975                                                                  ECS021T1
   976 8000-ZERO-ENTIRE-TABLE.                                          ECS021T1
   977                                                                  ECS021T1
   978      MOVE +1                    TO BEN-IDX.                      ECS021T1
   979                                                                  ECS021T1
   980 8000-ZERO-BENEFIT-LOOP.                                          ECS021T1
   981                                                                  ECS021T1
   982      MOVE ZERO-TABLE            TO                               ECS021T1
   983                                 TABLE-ACCUMULATORS (BEN-IDX).    ECS021T1
   984                                                                  ECS021T1
   985*     IF BEN-IDX LESS THAN THREE-HUNDRED                          ECS021T1
   986      IF BEN-IDX LESS THAN  NINE-HUNDRED                          ECS021T1
   987          ADD +1                 TO BEN-IDX                       ECS021T1
   988              GO TO 8000-ZERO-BENEFIT-LOOP.                       ECS021T1
   989                                                                  ECS021T1
   990 8000-ZERO-TOTAL-TABLE.                                           ECS021T1
   991                                                                  ECS021T1
   992      MOVE +1                    TO TOT-IDX.                      ECS021T1
   993                                                                  ECS021T1
   994 8000-ZERO-TOTAL-LOOP.                                            ECS021T1
   995                                                                  ECS021T1
   996      MOVE ZERO-TOTAL-TABLE      TO TABLE-TOTALS (TOT-IDX).       ECS021T1
   997                                                                  ECS021T1
   998      IF TOT-IDX LESS THAN THREE                                  ECS021T1
   999          ADD +1                 TO TOT-IDX                       ECS021T1
  1000              GO TO 8000-ZERO-TOTAL-LOOP.                         ECS021T1
  1001                                                                  ECS021T1
  1002 8000-EXIT.                                                       ECS021T1
  1003     EXIT.                                                        ECS021T1
  1004                                                                  ECS021T1
* Micro Focus Server Express         V5.1 revision 000 06-Oct-15 17:18 Page  28
* ECS021T1.cbl
  1006*******************************************                       ECS021T1
  1007*     (9000) INITIALIZE ZERO-ACCUMS       *                       ECS021T1
  1008*******************************************                       ECS021T1
  1009                                                                  ECS021T1
  1010 9000-INITIALIZE-ZERO-TABLE.                                      ECS021T1
  1011                                                                  ECS021T1
  1012      MOVE +1                    TO DTE-IDX.                      ECS021T1
  1013                                                                  ECS021T1
  1014 9000-ZERO-DATE-LOOP.                                             ECS021T1
  1015                                                                  ECS021T1
  1016      MOVE ZERO-TABLE-ENTRIES    TO ZERO-PERIOD (DTE-IDX).        ECS021T1
  1017                                                                  ECS021T1
  1018      IF DTE-IDX LESS THAN SIXTEEN                                ECS021T1
  1019          ADD +1                 TO DTE-IDX                       ECS021T1
  1020              GO TO 9000-ZERO-DATE-LOOP.                          ECS021T1
  1021                                                                  ECS021T1
  1022      MOVE +1                    TO DTE-IDX.                      ECS021T1
  1023                                                                  ECS021T1
  1024 9000-ZERO-TOTAL-DATE-LOOP.                                       ECS021T1
  1025                                                                  ECS021T1
  1026      MOVE ZERO-TOTAL-ENTRY      TO ZERO-TOTAL-ACCUMS (DTE-IDX).  ECS021T1
  1027                                                                  ECS021T1
  1028      IF DTE-IDX LESS THAN SIXTEEN                                ECS021T1
  1029          ADD +1                 TO DTE-IDX                       ECS021T1
  1030              GO TO 9000-ZERO-TOTAL-DATE-LOOP.                    ECS021T1
  1031                                                                  ECS021T1
  1032 9000-EXIT.                                                       ECS021T1
  1033     EXIT.                                                        ECS021T1
  1034                                                                  ECS021T1
* Micro Focus Server Express         V5.1 revision 000 06-Oct-15 17:18 Page  29
* ECS021T1.cbl
  1036 ABEND-PGM SECTION.                                               ECS021T1
* 1037           COPY ELCABEND SUPPRESS.                                ECS021T1
* Micro Focus Server Express         V5.1 revision 000 Compiler
* Copyright (C) Micro Focus IP Development Limited 1984-2012.
*                                                        REF GNR-008065005AF
* Total Messages:     0
* Data:     1240652     Code:        5240
