* Micro Focus Server Express         V5.1 revision 000 06-Oct-15 17:18 Page   1
* ECS021T3.cbl
* Options: int("ECS021T3.int") anim csi verbose NOBOUND PARAMCOUNTCHECK
*          directives(cobopt.bth) endp list("ECS021T3.lst")
* Setting: NOACCEPTREFRESH NOADV ALIGN"8" ALPHASTART"1" NOALTER NOAMODE ANIM
*          NOANIMPREP ANS85 APOST NOAREACHECK ARITHMETIC"OSVS" ASSIGN
*          "EXTERNAL" NOASSIGN-PRINTER NOAUTOLOCK NOBELL NOBOUND NOBRIEF
*          NOBS2000 BWZSTAR NOBYTEMODEMOVE CALLFH"ebmlsfile" NOCALLMCS
*          NOCALLRECOVERY CALLSORT"EXTSM" CANCEL CANCELLBR NOCHANGEMESSAGE
*          CHARSET"ASCII" NOCHECKDIV NOCHECKREFMOD NOCICS CICS-CPY
*          NOCICSOPTIMIZE NOCMPR2 NOCOBFSTATCONV NOCOBIDY NOCOBOL370 COBOLDIR
*          NOCOMP COMP-5"2" COMP-6"2" NOCOMS85 CONFIRM NOCONVERTRET CONVSPACE
*          COPYEXT",cbl,cpy" NOCOPYLBR COPYLIST COPYLISTCOMMENT"1" CSI
*          CURRENCY-SIGN"36" CURRENT-DATE"MMDDYY" NODATA DATACOMPRESS"0"
*          NODATA-CONTEXT DATE DBCHECK DBCS"2" NODBCSSOSI DBSPACE DE-EDIT"2"
*          DEFAULTBYTE"32" NODEFAULTCALLS DETECTLOCK NODG DIALECT"MF"
*          NODIRECTIVES-IN-COMMENTS NODOSVS NODPCINSUBSCRIPT DYNAM
*          NOEARLY-RELEASE ECHO NOECHOALL NOEDITOR ENSUITE"0" NOENTCOBOL
*          ERRFORMAT"1" ERRLIST"EMBED" NOERRQ FASTSORT NOFCD3 NOFCDREG
*          NOFDCLEAR NOFILESHARE FILETYPE"0" NOFLAG NOFLAGAS NOFLAGCD
*          NOFLAGEUC NOFLAGMIG NOFLAGQ FLAGSINEDIT NOFLAGSTD NOFOLDCALLNAME
*          NOFOLDCOPYNAME FORM"60" NOFP-ROUNDING NOHOSTARITHMETIC
*          NOHOSTCONTZERO NOHOST-NUMCOMPARE NOHOST-NUMMOVE NOHOSTFD NOHOSTRW
*          NOIBM-MS IBMCOMP IDXFORMAT"0" NOILGEN IMPLICITSCOPE NOINDD
*          INFORETURN"0" NOINITCALL INITPTR INT"ECS021T3.int" INTDATE"ANSI"
*          INTLEVEL"2" IOCONV NOISO2002 NOIXNLSKEY NOIXNUMKEY KEEP-INT
*          KEYCHECK KEYCOMPRESS"0" LIBRARIAN"2" NOLINE-COUNT LIST
*          "ECS021T3.lst" LISTPATH"" LISTWIDTH"80" LITVAL-SIZE"4" LOCKTYPE"0"
*          NOMAPNAME NOMAXERROR METHODDEFAULT"REFERENCE" MF"15" MFCOMMENT
*          NOMOVELENCHECK NOMS NOMVS NATIVE"ASCII" NONATIVEFLOATINGPOINT
*          NONCHAR NONEWBASENAME NONLS NSYMBOL"DBCS" NOODOOSVS NOODOSLIDE
*          NOOLDBLANKLINE NOOLDCOPY NOOLDINDEX NOOLDNEXTSENTENCE NOOLDREADINTO
*          NOOLDSTRMIX OOCTRL"-C-E-G-P+Q+R-S+W" OPTIONAL-FILE NOOS390 OSEXT""
*          NOOSVS NOOUTDD NOP64 NOPANVALET PERFORM-TYPE"OSVS" NOPREPLIST
*          NOPREPROCESS NOPRINT-EXT NOPROFILE NOPROGID-COMMENT
*          NOPROGID-INT-NAME NOPROTECT-LINKAGE PROTOTYPE"RELAXED" QUAL
*          QUALPROC NOQUERY NOQUOTE NORAWLIST NORDW RECMODE"F" NOREENTRANT
*          NOREF NOREFNO REMAINDER"1" REPORT-LINE"256" RESEQ NORETRYLOCK
*          REWRITE-LS NORM RTNCODE-SIZE"4" NORWHARDPAGE NOSAA SEG NOSEQCHK
*          SEQUENTIAL"RECORD" NOSERIAL SETTING"LINE" NOSHAREOUTDD NOSHOW-DIR
*          SIGN"ASCII" NOSIGNDISCARD NOSIGNFIXUP SORTTYPE"DFSORT" SOURCEFORMAT
*          "FIXED" SOURCETABSTOP"8" NOSPZERO NOSSRANGE STDERR NOSTICKY-LINKAGE
*          NOSTICKY-PERFORM SUPFF SWITCHTYPE"1" SYMBSTART"1" SYSPUNCH"132"
*          TERMPAGE TIME NOTRACE NOTRUNC NOTRUNCCALLNAME NOTRUNCCOPY TRUNCINC
*          "10" UNICODE"NATIVE" VERBOSE VSC2"2" WARNING"1" NOWB NOWB2 NOWB3
*          WEBSERVER"CGI" NOWRITELOCK NOWRITETHRU NOXOPEN NOXREF
*          NOZEROLENGTHFALSE NOZEROSEQ NOZWB
     1 IDENTIFICATION DIVISION.                                         04/20/98
     2                                                                  ECS021T3
     3 PROGRAM-ID.                ECS021T3.                                LV011
     4*              PROGRAM CONVERTED BY                                  CL**7
     5*              COBOL CONVERSION AID PO 5785-ABJ                      CL**7
     6*              CONVERSION DATE 11/28/95 11:02:38.                    CL**7
     7*              PROGRAM REVIEWED FOR YEAR 2000 COMPLIANCE             CL**8
     8*                           VMOD=2.008.                              CL*11
     9                                                                  ECS021T3
    10                                                                  ECS021T3
    11*AUTHOR.        LOGIC, INC.                                          CL**7
    12*               DALLAS, TEXAS.                                       CL**7
    13                                                                  ECS021T3
* Micro Focus Server Express         V5.1 revision 000 06-Oct-15 17:18 Page   2
* ECS021T3.cbl
    14                                                                  ECS021T3
    15*DATE-COMPILED.                                                      CL**7
    16                                                                  ECS021T3
    17*SECURITY.   *****************************************************   CL**7
    18*            *                                                   *   CL**7
    19*            *   THIS PROGRAM IS THE PROPERTY OF LOGIC, INC.     *   CL**7
    20*            *                                                   *   CL**7
    21*            *   USE OF THIS PROGRAM BY OTHER THAN THE EMPLOYEES *   CL**7
    22*            *   OF LOGIC, INC. IS EXPRESSLY PROHIBITED WITHOUT  *   CL**7
    23*            *   THE PRIOR WRITTEN PERMISSION OF LOGIC INC.      *   CL**7
    24*            *                                                   *   CL**7
    25*            *****************************************************   CL**7
    26                                                                  ECS021T3
    27*REMARKS.                                                            CL**3
    28*        THIS SUBMODULE WORKS IN CONJUNCTION WITH ECS021             CL**3
    29*        TO ACCUMULATE FIGURES AND CREATE THE VARIOUS BREAK          CL**3
    30*        LEVELS IN THE PROFIT ANALYSIS REPORT.                       CL**3
    31******************************************************************
    32*                   C H A N G E   L O G
    33*
    34* CHANGES ARE MARKED BY THE CHANGE EFFECTIVE DATE.
    35*-----------------------------------------------------------------
    36*  CHANGE   CHANGE REQUEST PGMR  DESCRIPTION OF CHANGE
    37* EFFECTIVE    NUMBER
    38*-----------------------------------------------------------------
    39* 092602    2002091900008  PEMA  INCREASE NUMBER OF MAXIMUM
    40*                                  BENEFIT CODES FROM 075 TO 900
    41******************************************************************
    42                                                                  ECS021T3
    43 ENVIRONMENT DIVISION.                                            ECS021T3
    44 INPUT-OUTPUT SECTION.                                            ECS021T3
    45 FILE-CONTROL.                                                    ECS021T3
    46                                                                  ECS021T3
* Micro Focus Server Express         V5.1 revision 000 06-Oct-15 17:18 Page   3
* ECS021T3.cbl
    48 DATA DIVISION.                                                   ECS021T3
    49 FILE SECTION.                                                    ECS021T3
    50                                                                  ECS021T3
    51                                                                  ECS021T3
* Micro Focus Server Express         V5.1 revision 000 06-Oct-15 17:18 Page   4
* ECS021T3.cbl
    53 WORKING-STORAGE SECTION.                                         ECS021T3
    54 01  LCP-ABND-CODE                 PIC S999 COMP VALUE +519.         CL**7
    55                                                                  ECS021T3
    56 77  FILLER  PIC X(32) VALUE '********************************'.  ECS021T3
    57 77  FILLER  PIC X(32) VALUE '     ECS021T3 WORKING STORAGE   '.  ECS021T3
    58 77  FILLER  PIC X(32) VALUE '********* VMOD=2.008 ***********'.     CL*10
    59                                                                  ECS021T3
    60 77  NET-COUNT               PIC S9(7)     COMP-3.                   CL**5
    61 77  DTE-IDX                 PIC S9(4)     COMP   VALUE +0.       ECS021T3
    62 77  TOT-IDX                 PIC S9(4)     COMP   VALUE +0.       ECS021T3
    63 77  BEN-IDX                 PIC S9(4)     COMP   VALUE +0.       ECS021T3
    64 77  BRK-IDX                 PIC S9(4)     COMP   VALUE +0.       ECS021T3
    65 77  REQ-IDX                 PIC S9(4)     COMP   VALUE +0.       ECS021T3
    66 77  ONE                     PIC  99              VALUE 1.        ECS021T3
    67 77  THREE                   PIC  99              VALUE 3.        ECS021T3
    68 77  SIXTEEN                 PIC S9(4)     COMP   VALUE +16.      ECS021T3
    69 77  THREE-HUNDRED           PIC S9(4)     COMP   VALUE +300.     ECS021T3
    70 77  NINE-HUNDRED            PIC S9(4)     COMP   VALUE +900.     ECS021T3
    71                                                                  ECS021T3
    72 01  WS-ABEND-STORAGE.                                            ECS021T3
    73     12  WS-RETURN-CODE          PIC S9(4)  VALUE +0 COMP.        ECS021T3
    74     12  WS-ABEND-MESSAGE        PIC X(80)  VALUE SPACES.         ECS021T3
    75     12  WS-ABEND-FILE-STATUS    PIC XX     VALUE ZEROS.          ECS021T3
    76     12  WS-ZERO                 PIC S9     VALUE +0 COMP-3.      ECS021T3
    77     12  WS-ABEND-CODE           PIC S9(4).                       ECS021T3
    78     12  WORK-ABEND-CODE  REDEFINES  WS-ABEND-CODE.               ECS021T3
    79         16  WAC-1               PIC X.                           ECS021T3
    80         16  WAC-2               PIC X.                           ECS021T3
    81         16  WAC-3-4             PIC 99.                          ECS021T3
    82                                                                  ECS021T3
    83 01  WS-PROGRAM-ACTIONS.                                          ECS021T3
    84     12  W-BUILD-ZERO-TABLE      PIC X(02) VALUE 'BZ'.            ECS021T3
    85     12  W-ZERO-TABLE            PIC X(02) VALUE 'ZT'.            ECS021T3
    86     12  W-APPLY-SORT-RCD        PIC X(02) VALUE 'AS'.            ECS021T3
    87     12  W-ADD-LINK-TABLES       PIC X(02) VALUE 'AT'.            ECS021T3
    88     12  W-MOVE-TO-LINK          PIC X(02) VALUE 'MT'.            ECS021T3
    89                                                                  ECS021T3
* Micro Focus Server Express         V5.1 revision 000 06-Oct-15 17:18 Page   5
* ECS021T3.cbl
    91 01  TABLE-IDENTIFIER.                                            ECS021T3
    92     12  FILLER                       PIC X(28)                   ECS021T3
    93                       VALUE '**** START OF TABLE TWO ****'.      ECS021T3
    94                                                                  ECS021T3
    95 01  BREAK-TABLE.                                                 ECS021T3
    96     12  TABLE-ACCUMULATORS     OCCURS  900 TIMES.                   CL**6
    97         16  TBL-BENEFIT-TYPE             PIC X.                  ECS021T3
    98         16  TBL-BENEFIT-CODE             PIC XX.                 ECS021T3
    99         16  TBL-PERIOD     OCCURS   15  TIMES  COMP-3.           ECS021T3
   100             20  TBL-ISS-CNT          PIC S9(7).                  ECS021T3
   101             20  TBL-CNC-CNT          PIC S9(7).                  ECS021T3
   102             20  TBL-ISS-PREM         PIC S9(11)V99.              ECS021T3
   103             20  TBL-CNC-PREM         PIC S9(11)V99.              ECS021T3
   104             20  TBL-NET-COMPEN       PIC S9(11)V99.              ECS021T3
   105             20  TBL-CLM-CNT          PIC S9(7).                  ECS021T3
   106             20  TBL-CLM-AMT          PIC S9(11)V99.              ECS021T3
   107             20  TBL-LOSS-RESV        PIC S9(11)V99.              ECS021T3
   108             20  TBL-EARND-PREM       PIC S9(9)V99.               ECS021T3
   109             20  TBL-PRM-INFRC        PIC S9(9)V99.               ECS021T3
   110             20  TBL-INFRC-CNT        PIC S9(9).                  ECS021T3
   111             20  TBL-AVG-AGE          PIC S9(9).                     CL**6
   112             20  TBL-AVG-ORG-TRM      PIC S9(9).                     CL**6
   113             20  TBL-WGHT-AGE         PIC S9(9).                     CL**6
   114             20  TBL-WGHT-ORG-TRM     PIC S9(9).                     CL**6
   115             20  TBL-EXP-PCT          PIC S9(3)V9(4).             ECS021T3
   116             20  TBL-ADDED-TO-CNT     PIC S9(5).                  ECS021T3
   117                                                                  ECS021T3
* Micro Focus Server Express         V5.1 revision 000 06-Oct-15 17:18 Page   6
* ECS021T3.cbl
   119*01  BREAK-EXTENSION-1.                                           ECS021T3
   120*    12  TABLE-EXTENSION-1      OCCURS   75 TIMES.                   CL**6
   121*        16  FILLER                       PIC X.                  ECS021T3
   122*        16  FILLER                       PIC XX.                 ECS021T3
   123*        16  TBL-EXTENSION-1    OCCURS   15  TIMES  COMP-3.       ECS021T3
   124*            20  FILLER               PIC S9(7).                  ECS021T3
   125*            20  FILLER               PIC S9(7).                  ECS021T3
   126*            20  FILLER               PIC S9(11)V99.              ECS021T3
   127*            20  FILLER               PIC S9(11)V99.              ECS021T3
   128*            20  FILLER               PIC S9(11)V99.              ECS021T3
   129*            20  FILLER               PIC S9(7).                  ECS021T3
   130*            20  FILLER               PIC S9(11)V99.              ECS021T3
   131*            20  FILLER               PIC S9(11)V99.              ECS021T3
   132*            20  FILLER               PIC S9(9)V99.               ECS021T3
   133*            20  FILLER               PIC S9(9)V99.               ECS021T3
   134*            20  FILLER               PIC S9(9).                  ECS021T3
   135*            20  FILLER               PIC S9(9).                     CL**6
   136*            20  FILLER               PIC S9(9).                     CL**6
   137*            20  FILLER               PIC S9(9).                     CL**6
   138*            20  FILLER               PIC S9(9).                     CL**6
   139*            20  FILLER               PIC S9(3)V9(4).             ECS021T3
   140*            20  FILLER               PIC S9(5).                  ECS021T3
   141*                                                                 ECS021T3
   142*    EJECT                                                        ECS021T3
   143*01  BREAK-EXTENSION-2.                                           ECS021T3
   144*    12  TABLE-EXTENSION-2      OCCURS   75 TIMES.                   CL**6
   145*        16  FILLER                       PIC X.                  ECS021T3
   146*        16  FILLER                       PIC XX.                 ECS021T3
   147*        16  TBL-EXTENSION-2    OCCURS   15  TIMES  COMP-3.       ECS021T3
   148*            20  FILLER               PIC S9(7).                  ECS021T3
   149*            20  FILLER               PIC S9(7).                  ECS021T3
   150*            20  FILLER               PIC S9(11)V99.              ECS021T3
   151*            20  FILLER               PIC S9(11)V99.              ECS021T3
   152*            20  FILLER               PIC S9(11)V99.              ECS021T3
   153*            20  FILLER               PIC S9(7).                  ECS021T3
   154*            20  FILLER               PIC S9(11)V99.              ECS021T3
   155*            20  FILLER               PIC S9(11)V99.              ECS021T3
   156*            20  FILLER               PIC S9(9)V99.               ECS021T3
   157*            20  FILLER               PIC S9(9)V99.               ECS021T3
   158*            20  FILLER               PIC S9(9).                  ECS021T3
   159*            20  FILLER               PIC S9(9).                     CL**6
   160*            20  FILLER               PIC S9(9).                     CL**6
   161*            20  FILLER               PIC S9(9).                     CL**6
   162*            20  FILLER               PIC S9(9).                     CL**6
   163*            20  FILLER               PIC S9(3)V9(4).                CL**6
   164*            20  FILLER               PIC S9(5).                     CL**6
   165*                                                                    CL**6
   166*    EJECT                                                           CL**6
   167*01  BREAK-EXTENSION-3.                                              CL**6
   168*    12  TABLE-EXTENSION-3      OCCURS   75 TIMES.                   CL**6
   169*        16  FILLER                       PIC X.                     CL**6
   170*        16  FILLER                       PIC XX.                    CL**6
   171*        16  TBL-EXTENSION-3    OCCURS   15  TIMES  COMP-3.          CL**6
   172*            20  FILLER               PIC S9(7).                     CL**2
   173*            20  FILLER               PIC S9(7).                     CL**2
   174*            20  FILLER               PIC S9(11)V99.                 CL**6
   175*            20  FILLER               PIC S9(11)V99.                 CL**6
   176*            20  FILLER               PIC S9(11)V99.                 CL**6
* Micro Focus Server Express         V5.1 revision 000 06-Oct-15 17:18 Page   7
* ECS021T3.cbl
   177*            20  FILLER               PIC S9(7).                     CL**2
   178*            20  FILLER               PIC S9(11)V99.                 CL**6
   179*            20  FILLER               PIC S9(11)V99.                 CL**6
   180*            20  FILLER               PIC S9(9)V99.                  CL**6
   181*            20  FILLER               PIC S9(9)V99.                  CL**6
   182*            20  FILLER               PIC S9(9).                     CL**6
   183*            20  FILLER               PIC S9(9).                     CL**6
   184*            20  FILLER               PIC S9(9).                     CL**6
   185*            20  FILLER               PIC S9(9).                     CL**6
   186*            20  FILLER               PIC S9(9).                     CL**6
   187*            20  FILLER               PIC S9(3)V9(4).             ECS021T3
   188*            20  FILLER               PIC S9(5).                  ECS021T3
   189                                                                  ECS021T3
* Micro Focus Server Express         V5.1 revision 000 06-Oct-15 17:18 Page   8
* ECS021T3.cbl
   191 01  TOTAL-IDENTIFIER.                                            ECS021T3
   192     12  FILLER                       PIC X(28)                   ECS021T3
   193                       VALUE '**** START OF TOTAL TWO ****'.      ECS021T3
   194                                                                  ECS021T3
   195 01  BREAK-TOTAL-TABLE.                                           ECS021T3
   196     12  TABLE-TOTALS           OCCURS  3 TIMES.                  ECS021T3
   197         16  TOT-PERIOD     OCCURS   15  TIMES  COMP-3.           ECS021T3
   198             20  TOT-ISS-CNT          PIC S9(7).                  ECS021T3
   199             20  TOT-CNC-CNT          PIC S9(7).                  ECS021T3
   200             20  TOT-SINGLE-ELEM      PIC S9(7).                  ECS021T3
   201             20  TOT-JOINT-RETRO      PIC S9(7).                  ECS021T3
   202             20  TOT-LIFE-LEVEL       PIC S9(7).                  ECS021T3
   203             20  TOT-ISS-PREM         PIC S9(11)V99.              ECS021T3
   204             20  TOT-CNC-PREM         PIC S9(11)V99.              ECS021T3
   205             20  TOT-NET-COMPEN       PIC S9(11)V99.              ECS021T3
   206             20  TOT-LF-CLM-CNT       PIC S9(7).                  ECS021T3
   207             20  TOT-LF-CLM-AMT       PIC S9(11)V99.              ECS021T3
   208             20  TOT-AH-CLM-CNT       PIC S9(7).                  ECS021T3
   209             20  TOT-AH-CLM-AMT       PIC S9(11)V99.              ECS021T3
   210             20  TOT-LOSS-RESV        PIC S9(11)V99.              ECS021T3
   211             20  TOT-EARND-PREM       PIC S9(9)V99.               ECS021T3
   212             20  TOT-PRM-INFRC        PIC S9(9)V99.               ECS021T3
   213             20  TOT-INFRC-CNT        PIC S9(9).                  ECS021T3
   214             20  TOT-AVG-AGE          PIC S9(9).                     CL**6
   215             20  TOT-AVG-ORG-TRM      PIC S9(9).                     CL**6
   216             20  TOT-WGHT-AGE         PIC S9(9).                     CL**6
   217             20  TOT-WGHT-ORG-TRM     PIC S9(9).                     CL**6
   218             20  TOT-EXP-PCT          PIC S999V9(4).              ECS021T3
   219             20  TOT-ADDED-TO-CNT     PIC S9(5).                  ECS021T3
   220                                                                  ECS021T3
* Micro Focus Server Express         V5.1 revision 000 06-Oct-15 17:18 Page   9
* ECS021T3.cbl
   222                                                                  ECS021T3
   223 01  ZERO-IDENTIFIER.                                             ECS021T3
   224     12  FILLER                       PIC X(28)                   ECS021T3
   225                       VALUE '**** START OF ZERO TABLE****'.      ECS021T3
   226                                                                  ECS021T3
   227 01  ZERO-TABLE.                                                  ECS021T3
   228     12  ZERO-ACCUMULATORS.                                       ECS021T3
   229         16  ZERO-BENEFIT-TYPE            PIC X    VALUE SPACES.  ECS021T3
   230         16  ZERO-BENEFIT-CODE            PIC XX   VALUE ZEROS.   ECS021T3
   231         16  ZERO-PERIOD       OCCURS     15 TIMES COMP-3.        ECS021T3
   232             20  ZERO-ISS-CNT         PIC S9(7).                  ECS021T3
   233             20  ZERO-CNC-CNT         PIC S9(7).                  ECS021T3
   234             20  ZERO-ISS-PREM        PIC S9(11)V99.              ECS021T3
   235             20  ZERO-CNC-PREM        PIC S9(11)V99.              ECS021T3
   236             20  ZERO-NET-COMPEN      PIC S9(11)V99.              ECS021T3
   237             20  ZERO-CLM-CNT         PIC S9(7).                  ECS021T3
   238             20  ZERO-CLM-AMT         PIC S9(11)V99.              ECS021T3
   239             20  ZERO-LOSS-RESV       PIC S9(11)V99.              ECS021T3
   240             20  ZERO-EARND-PREM      PIC S9(9)V99.               ECS021T3
   241             20  ZERO-PRM-INFRC       PIC S9(9)V99.               ECS021T3
   242             20  ZERO-INFRC-CNT       PIC S9(9).                  ECS021T3
   243             20  ZERO-AVG-AGE         PIC S9(9).                     CL**6
   244             20  ZERO-AVG-ORG-TRM     PIC S9(9).                     CL**6
   245             20  ZERO-WGHT-AGE        PIC S9(9).                     CL**6
   246             20  ZERO-WGHT-ORG-TRM    PIC S9(9).                     CL**6
   247             20  ZERO-EXP-PCT         PIC S9(3)V9(4).             ECS021T3
   248             20  ZERO-ADDED-TO-CNT    PIC S9(5).                  ECS021T3
   249                                                                  ECS021T3
   250 01  ZERO-ENTRY-IDENTIFIER.                                       ECS021T3
   251     12  FILLER                   PIC X(28)                       ECS021T3
   252                           VALUE '****START OF ZERO ENTRY ****'.  ECS021T3
   253                                                                  ECS021T3
   254 01  ZERO-TABLE-ENTRIES.                                          ECS021T3
   255     12  ZERO-ACCUMS              COMP-3.                         ECS021T3
   256         16  FILLER               PIC S9(7)       VALUE +0.       ECS021T3
   257         16  FILLER               PIC S9(7)       VALUE +0.       ECS021T3
   258         16  FILLER               PIC S9(11)V99   VALUE +0.       ECS021T3
   259         16  FILLER               PIC S9(11)V99   VALUE +0.       ECS021T3
   260         16  FILLER               PIC S9(11)V99   VALUE +0.       ECS021T3
   261         16  FILLER               PIC S9(7)       VALUE +0.       ECS021T3
   262         16  FILLER               PIC S9(11)V99   VALUE +0.       ECS021T3
   263         16  FILLER               PIC S9(11)V99   VALUE +0.       ECS021T3
   264         16  FILLER               PIC S9(9)V99    VALUE +0.       ECS021T3
   265         16  FILLER               PIC S9(9)V99    VALUE +0.       ECS021T3
   266         16  FILLER               PIC S9(9)       VALUE +0.       ECS021T3
   267         16  FILLER               PIC S9(9)       VALUE +0.          CL**6
   268         16  FILLER               PIC S9(9)       VALUE +0.          CL**6
   269         16  FILLER               PIC S9(9)       VALUE +0.          CL**6
   270         16  FILLER               PIC S9(9)       VALUE +0.          CL**6
   271         16  FILLER               PIC S9(3)V9(4)  VALUE +0.       ECS021T3
   272         16  FILLER               PIC S9(5)       VALUE +0.       ECS021T3
   273                                                                  ECS021T3
* Micro Focus Server Express         V5.1 revision 000 06-Oct-15 17:18 Page  10
* ECS021T3.cbl
   275                                                                  ECS021T3
   276 01  ZERO-TOTAL-IDENTIFIER.                                       ECS021T3
   277     12  FILLER                   PIC X(28)                       ECS021T3
   278                           VALUE '****START OF ZERO TOTAL ****'.  ECS021T3
   279                                                                  ECS021T3
   280 01  ZERO-TOTAL-TABLE.                                            ECS021T3
   281     12  ZERO-TOTAL-ACCUMS  OCCURS  15 TIMES  COMP-3.             ECS021T3
   282         16  FILLER                   PIC S9(7).                  ECS021T3
   283         16  FILLER                   PIC S9(7).                  ECS021T3
   284         16  FILLER                   PIC S9(7).                  ECS021T3
   285         16  FILLER                   PIC S9(7).                  ECS021T3
   286         16  FILLER                   PIC S9(7).                  ECS021T3
   287         16  FILLER                   PIC S9(11)V99.              ECS021T3
   288         16  FILLER                   PIC S9(11)V99.              ECS021T3
   289         16  FILLER                   PIC S9(11)V99.              ECS021T3
   290         16  FILLER                   PIC S9(7).                  ECS021T3
   291         16  FILLER                   PIC S9(11)V99.              ECS021T3
   292         16  FILLER                   PIC S9(7).                  ECS021T3
   293         16  FILLER                   PIC S9(11)V99.              ECS021T3
   294         16  FILLER                   PIC S9(11)V99.              ECS021T3
   295         16  FILLER                   PIC S9(9)V99.               ECS021T3
   296         16  FILLER                   PIC S9(9)V99.               ECS021T3
   297         16  FILLER                   PIC S9(9).                  ECS021T3
   298         16  FILLER                   PIC S9(9).                     CL**6
   299         16  FILLER                   PIC S9(9).                     CL**6
   300         16  FILLER                   PIC S9(9).                     CL**6
   301         16  FILLER                   PIC S9(9).                     CL**6
   302         16  FILLER                   PIC S999V9(4).              ECS021T3
   303         16  FILLER                   PIC S9(5).                  ECS021T3
   304                                                                  ECS021T3
   305 01  ZERO-TOTAL-ENTRY         COMP-3.                             ECS021T3
   306     12  FILLER                       PIC S9(7)      VALUE +0.    ECS021T3
   307     12  FILLER                       PIC S9(7)      VALUE +0.    ECS021T3
   308     12  FILLER                       PIC S9(7)      VALUE +0.    ECS021T3
   309     12  FILLER                       PIC S9(7)      VALUE +0.    ECS021T3
   310     12  FILLER                       PIC S9(7)      VALUE +0.    ECS021T3
   311     12  FILLER                       PIC S9(11)V99  VALUE +0.    ECS021T3
   312     12  FILLER                       PIC S9(11)V99  VALUE +0.    ECS021T3
   313     12  FILLER                       PIC S9(11)V99  VALUE +0.    ECS021T3
   314     12  FILLER                       PIC S9(7)      VALUE +0.    ECS021T3
   315     12  FILLER                       PIC S9(11)V99  VALUE +0.    ECS021T3
   316     12  FILLER                       PIC S9(7)      VALUE +0.    ECS021T3
   317     12  FILLER                       PIC S9(11)V99  VALUE +0.    ECS021T3
   318     12  FILLER                       PIC S9(11)V99  VALUE +0.    ECS021T3
   319     12  FILLER                       PIC S9(9)V99   VALUE +0.    ECS021T3
   320     12  FILLER                       PIC S9(9)V99   VALUE +0.    ECS021T3
   321     12  FILLER                       PIC S9(9)      VALUE +0.    ECS021T3
   322     12  FILLER                       PIC S9(9)      VALUE +0.       CL**6
   323     12  FILLER                       PIC S9(9)      VALUE +0.       CL**6
   324     12  FILLER                       PIC S9(9)      VALUE +0.       CL**6
   325     12  FILLER                       PIC S9(9)      VALUE +0.       CL**6
   326     12  FILLER                       PIC S999V9(4)  VALUE +0.    ECS021T3
   327     12  FILLER                       PIC S9(5)      VALUE +0.    ECS021T3
   328                                                                  ECS021T3
   329                                                                  ECS021T3
* Micro Focus Server Express         V5.1 revision 000 06-Oct-15 17:18 Page  11
* ECS021T3.cbl
   331 LINKAGE SECTION.                                                 ECS021T3
   332                                                                  ECS021T3
   333*************************************************                 ECS021T3
   334*  ACTION REQUESTS:                             *                 ECS021T3
   335*                                               *                 ECS021T3
   336*  BZ - BUILD ZERO TABLE (1ST TIME PROCESSING)  *                 ECS021T3
   337*  ZT - ZERO INTERNAL TABLES                    *                 ECS021T3
   338*  AS - APPLY SORT RECORD TO INTERNAL TABLES    *                 ECS021T3
   339*  AT - ADD LINKAGE TABLES TO INTERNAL TABLES   *                 ECS021T3
   340*  MT - MOVE TABLES TO LINK TABLES              *                 ECS021T3
   341*************************************************                 ECS021T3
   342                                                                  ECS021T3
   343 01  REQUEST-TABLE.                                               ECS021T3
   344     12  PROCESSING-REQUEST    OCCURS 10   PIC X(2).              ECS021T3
   345     12  NUMBER-OF-REQUESTS                PIC S9(04) COMP.       ECS021T3
   346                                                                  ECS021T3
   347 01  SW-RECORD.                                                   ECS021T3
   348     12  SW-REPORT-CONTROL-KEY.                                   ECS021T3
   349         16  SW-BREAK-FIELD-1             PIC X(10).              ECS021T3
   350         16  SW-BREAK-FIELD-2             PIC X(10).              ECS021T3
   351         16  SW-BREAK-FIELD-3             PIC X(10).              ECS021T3
   352         16  SW-BREAK-FIELD-4             PIC X(10).              ECS021T3
   353         16  SW-BREAK-FIELD-5             PIC X(10).              ECS021T3
   354         16  SW-BREAK-FIELD-6             PIC X(10).              ECS021T3
   355         16  SW-ACCT-NAME                 PIC X(30).              ECS021T3
   356         16  SW-ACCT-STATUS               PIC X.
   357         16  SW-GA-NAME                   PIC X(30).                 CL**3
   358         16  SW-STATE-NAME                PIC X(25).                 CL**4
   359         16  SW-PROD-DATE                 PIC X(6).               ECS021T3
   360                                                                  ECS021T3
   361     12  SW-RECORD-DATA            OCCURS 23.                        CL**6
   362         16  SW-BENEFIT-TYPE              PIC X.                  ECS021T3
   363         16  SW-BENEFIT-CODE              PIC 99.                 ECS021T3
   364         16  SW-BEN-TBL-POS               PIC S999 COMP.          ECS021T3
   365                                                                  ECS021T3
   366         16  SW-PERIOD    COMP-3   OCCURS 15.                     ECS021T3
   367             24  SW-ISS-CNT               PIC S9(7).              ECS021T3
   368             24  SW-CNC-CNT               PIC S9(7).              ECS021T3
   369             24  SW-ISS-PREM              PIC S9(11)V99.          ECS021T3
   370             24  SW-CNC-PREM              PIC S9(11)V99.          ECS021T3
   371             24  SW-NET-COMPEN            PIC S9(11)V99.          ECS021T3
   372             24  SW-CLM-CNT               PIC S9(7).              ECS021T3
   373             24  SW-CLM-AMT               PIC S9(11)V99.          ECS021T3
   374             24  SW-LOSS-RESV             PIC S9(11)V99.          ECS021T3
   375             24  SW-PRM-EARND             PIC S9(9)V99.           ECS021T3
   376             24  SW-PRM-INFRC             PIC S9(9)V99.           ECS021T3
   377             24  SW-INFRC-CNT             PIC S9(9).              ECS021T3
   378             24  SW-AVG-AGE               PIC S9(9).                 CL**6
   379             24  SW-AVG-ORG-TRM           PIC S9(9).                 CL**6
   380             24  SW-WGHT-AGE              PIC S9(9).                 CL**6
   381             24  SW-WGHT-ORG-TRM          PIC S9(9).                 CL**6
   382             24  SW-EXP-PCT               PIC S999V9(4).          ECS021T3
   383             24  SW-ADDED-TO-CNT          PIC S9(5).              ECS021T3
   384                                                                  ECS021T3
* Micro Focus Server Express         V5.1 revision 000 06-Oct-15 17:18 Page  12
* ECS021T3.cbl
   386 01  LINK-TABLE.                                                  ECS021T3
   387     12  LINK-ACCUMULATORS   OCCURS  900 TIMES.                      CL**6
   388         16  LINK-BENEFIT-TYPE        PIC X.                      ECS021T3
   389         16  LINK-BENEFIT-CODE        PIC 99.                     ECS021T3
   390         16  LINK-PERIOD    OCCURS   15  TIMES  COMP-3.           ECS021T3
   391             20  LINK-ISS-CNT         PIC S9(7).                  ECS021T3
   392             20  LINK-CNC-CNT         PIC S9(7).                  ECS021T3
   393             20  LINK-ISS-PREM        PIC S9(11)V99.              ECS021T3
   394             20  LINK-CNC-PREM        PIC S9(11)V99.              ECS021T3
   395             20  LINK-NET-COMPEN      PIC S9(11)V99.              ECS021T3
   396             20  LINK-CLM-CNT         PIC S9(7).                  ECS021T3
   397             20  LINK-CLM-AMT         PIC S9(11)V99.              ECS021T3
   398             20  LINK-LOSS-RESV       PIC S9(11)V99.              ECS021T3
   399             20  LINK-EARND-PREM      PIC S9(9)V99.               ECS021T3
   400             20  LINK-PRM-INFRC       PIC S9(9)V99.               ECS021T3
   401             20  LINK-INFRC-CNT       PIC S9(9).                  ECS021T3
   402             20  LINK-AVG-AGE         PIC S9(9).                     CL**6
   403             20  LINK-AVG-ORG-TRM     PIC S9(9).                     CL**6
   404             20  LINK-WGHT-AGE        PIC S9(9).                     CL**6
   405             20  LINK-WGHT-ORG-TRM    PIC S9(9).                     CL**6
   406             20  LINK-EXP-PCT         PIC S999V9(4).              ECS021T3
   407             20  LINK-ADDED-TO-CNT    PIC S9(5).                  ECS021T3
   408                                                                  ECS021T3
   409*01  LINK-EXTENSION-1.                                            ECS021T3
   410*    12  LINK-TBL-EXTENSION-1    OCCURS   75 TIMES.                  CL**6
   411*        16  FILLER                       PIC X.                  ECS021T3
   412*        16  FILLER                       PIC 99.                 ECS021T3
   413*        16  LINK-EXT-1          OCCURS   15  TIMES  COMP-3.      ECS021T3
   414*            20  FILLER               PIC S9(7).                  ECS021T3
   415*            20  FILLER               PIC S9(7).                  ECS021T3
   416*            20  FILLER               PIC S9(11)V99.              ECS021T3
   417*            20  FILLER               PIC S9(11)V99.              ECS021T3
   418*            20  FILLER               PIC S9(11)V99.              ECS021T3
   419*            20  FILLER               PIC S9(7).                  ECS021T3
   420*            20  FILLER               PIC S9(11)V99.              ECS021T3
   421*            20  FILLER               PIC S9(11)V99.              ECS021T3
   422*            20  FILLER               PIC S9(9)V99.               ECS021T3
   423*            20  FILLER               PIC S9(9)V99.               ECS021T3
   424*            20  FILLER               PIC S9(9).                  ECS021T3
   425*            20  FILLER               PIC S9(9).                     CL**6
   426*            20  FILLER               PIC S9(9).                     CL**6
   427*            20  FILLER               PIC S9(9).                     CL**6
   428*            20  FILLER               PIC S9(9).                     CL**6
   429*            20  FILLER               PIC S9(3)V9(4).             ECS021T3
   430*            20  FILLER               PIC S9(5).                  ECS021T3
   431*                                                                 ECS021T3
   432*01  LINK-EXTENSION-2.                                            ECS021T3
   433*    12  LINK-TBL-EXTENSION-2    OCCURS   75 TIMES.                  CL**6
   434*        16  FILLER                       PIC X.                  ECS021T3
   435*        16  FILLER                       PIC 99.                 ECS021T3
   436*        16  LINK-EXT-2          OCCURS   15  TIMES  COMP-3.      ECS021T3
   437*            20  FILLER               PIC S9(7).                  ECS021T3
   438*            20  FILLER               PIC S9(7).                  ECS021T3
   439*            20  FILLER               PIC S9(11)V99.              ECS021T3
   440*            20  FILLER               PIC S9(11)V99.              ECS021T3
   441*            20  FILLER               PIC S9(11)V99.              ECS021T3
   442*            20  FILLER               PIC S9(7).                  ECS021T3
   443*            20  FILLER               PIC S9(11)V99.              ECS021T3
* Micro Focus Server Express         V5.1 revision 000 06-Oct-15 17:18 Page  13
* ECS021T3.cbl
   444*            20  FILLER               PIC S9(11)V99.              ECS021T3
   445*            20  FILLER               PIC S9(9)V99.               ECS021T3
   446*            20  FILLER               PIC S9(9)V99.               ECS021T3
   447*            20  FILLER               PIC S9(9).                  ECS021T3
   448*            20  FILLER               PIC S9(9).                     CL**6
   449*            20  FILLER               PIC S9(9).                     CL**6
   450*            20  FILLER               PIC S9(9).                     CL**6
   451*            20  FILLER               PIC S9(9).                     CL**6
   452*            20  FILLER               PIC S9(3)V9(4).                CL**6
   453*            20  FILLER               PIC S9(5).                     CL**6
   454*                                                                    CL**6
   455*01  LINK-EXTENSION-3.                                               CL**6
   456*    12  LINK-TBL-EXTENSION-3    OCCURS   75 TIMES.                  CL**6
   457*        16  FILLER                       PIC X.                     CL**6
   458*        16  FILLER                       PIC 99.                    CL**6
   459*        16  LINK-EXT-3          OCCURS   15  TIMES  COMP-3.         CL**6
   460*            20  FILLER               PIC S9(7).                     CL**2
   461*            20  FILLER               PIC S9(7).                     CL**2
   462*            20  FILLER               PIC S9(11)V99.                 CL**6
   463*            20  FILLER               PIC S9(11)V99.                 CL**6
   464*            20  FILLER               PIC S9(11)V99.                 CL**6
   465*            20  FILLER               PIC S9(7).                     CL**2
   466*            20  FILLER               PIC S9(11)V99.                 CL**6
   467*            20  FILLER               PIC S9(11)V99.                 CL**6
   468*            20  FILLER               PIC S9(9)V99.                  CL**6
   469*            20  FILLER               PIC S9(9)V99.                  CL**6
   470*            20  FILLER               PIC S9(9).                     CL**6
   471*            20  FILLER               PIC S9(9).                     CL**6
   472*            20  FILLER               PIC S9(9).                     CL**6
   473*            20  FILLER               PIC S9(9).                     CL**6
   474*            20  FILLER               PIC S9(9).                     CL**6
   475*            20  FILLER               PIC S9(3)V9(4).             ECS021T3
   476*            20  FILLER               PIC S9(5).                  ECS021T3
   477                                                                  ECS021T3
   478                                                                  ECS021T3
* Micro Focus Server Express         V5.1 revision 000 06-Oct-15 17:18 Page  14
* ECS021T3.cbl
   480 01  LINK-TOTAL-TABLE.                                            ECS021T3
   481     12  LINK-TOTALS     OCCURS  3 TIMES.                         ECS021T3
   482         16  LINK-T-PERIOD  COMP-3 OCCURS 15 TIMES.               ECS021T3
   483             20  LINK-T-ISS-CNT       PIC S9(7).                  ECS021T3
   484             20  LINK-T-CNC-CNT       PIC S9(7).                  ECS021T3
   485             20  LINK-T-SINGLE-ELEM   PIC S9(7).                  ECS021T3
   486             20  LINK-T-JOINT-RETRO   PIC S9(7).                  ECS021T3
   487             20  LINK-T-LIFE-LEVEL    PIC S9(7).                  ECS021T3
   488             20  LINK-T-ISS-PREM      PIC S9(11)V99.              ECS021T3
   489             20  LINK-T-CNC-PREM      PIC S9(11)V99.              ECS021T3
   490             20  LINK-T-NET-COMPEN    PIC S9(11)V99.              ECS021T3
   491             20  LINK-T-LF-CLM-CNT    PIC S9(7).                  ECS021T3
   492             20  LINK-T-LF-CLM-AMT    PIC S9(11)V99.              ECS021T3
   493             20  LINK-T-AH-CLM-CNT    PIC S9(7).                  ECS021T3
   494             20  LINK-T-AH-CLM-AMT    PIC S9(11)V99.              ECS021T3
   495             20  LINK-T-LOSS-RESV     PIC S9(11)V99.              ECS021T3
   496             20  LINK-T-EARND-PREM    PIC S9(9)V99.               ECS021T3
   497             20  LINK-T-PRM-INFRC     PIC S9(9)V99.               ECS021T3
   498             20  LINK-T-INFRC-CNT     PIC S9(9).                  ECS021T3
   499             20  LINK-T-AVG-AGE       PIC S9(9).                     CL**6
   500             20  LINK-T-AVG-ORG-TRM   PIC S9(9).                     CL**6
   501             20  LINK-T-WGHT-AGE      PIC S9(9).                     CL**6
   502             20  LINK-T-WGHT-ORG-TRM  PIC S9(9).                     CL**6
   503             20  LINK-T-EXP-PCT       PIC S999V9(4).              ECS021T3
   504             20  LINK-T-ADDED-TO-CNT  PIC S9(5).                  ECS021T3
   505                                                                  ECS021T3
* Micro Focus Server Express         V5.1 revision 000 06-Oct-15 17:18 Page  15
* ECS021T3.cbl
   507 01  CLASIC-SYSTEM-CODES.                                         ECS021T3
   508     12  DTE-COLC-ID                 PIC  X(4).                   ECS021T3
   509     12  DTE-CLASIC-COMPANY-CD       PIC  X.                      ECS021T3
   510     12  DTE-CLASIC-COMPANY-NUMBER   PIC  999.                    ECS021T3
   511     12  DTE-CLASIC-CLAIM-ACCESS     PIC  X.                      ECS021T3
   512     12  CLASIC-REIN-MAINT           PIC  XX.                     ECS021T3
   513     12  CLASIC-COMP-MAINT           PIC  XX.                     ECS021T3
   514     12  CLASIC-ACCT-MAINT           PIC  XX.                     ECS021T3
   515     12  CLASIC-CTBL-MAINT           PIC  XX.                     ECS021T3
   516     12  CLASIC-RATE-MAINT           PIC  XX.                     ECS021T3
   517     12  CLASIC-CREDIT-EOM-DT        PIC  XX.                     ECS021T3
   518     12  CLASIC-CLAIMS-EOM-DT        PIC  XX.                     ECS021T3
   519                                                                  ECS021T3
   520     12  LIFE-OVERRIDE-L1            PIC  X.                      ECS021T3
   521     12  LIFE-OVERRIDE-L2            PIC  XX.                     ECS021T3
   522     12  LIFE-OVERRIDE-L6            PIC  X(6).                   ECS021T3
   523     12  LIFE-OVERRIDE-L12           PIC  X(12).                  ECS021T3
   524                                                                  ECS021T3
   525     12  AH-OVERRIDE-L1              PIC  X.                      ECS021T3
   526     12  AH-OVERRIDE-L2              PIC  XX.                     ECS021T3
   527     12  AH-OVERRIDE-L6              PIC  X(6).                   ECS021T3
   528     12  AH-OVERRIDE-L12             PIC  X(12).                  ECS021T3
   529                                                                  ECS021T3
   530     12  CLAS-REPORT-CD1-CAPTION     PIC  X(10).                  ECS021T3
   531     12  CLAS-REPORT-CD2-CAPTION     PIC  X(10).                  ECS021T3
   532                                                                  ECS021T3
   533     12  CLASIC-MORTG-EOM-DT         PIC  XX.                     ECS021T3
   534     12  CLASIC-AR-EOM-DT            PIC  XX.                     ECS021T3
   535                                                                  ECS021T3
   536     12  FILLER                      PIC  X(11).                  ECS021T3
   537                                                                  ECS021T3
   538                                                                  ECS021T3
   539 01  CLAS-INS-TYPES.                                              ECS021T3
   540     12 CLAS-ALL-TYPES               OCCURS 900 TIMES.            ECS021T3
   541         16  CLAS-I-BEN              PIC  XX.                     ECS021T3
   542         16  CLAS-I-AB3.                                          ECS021T3
   543             20  FILLER              PIC  X.                      ECS021T3
   544             20  CLAS-I-AB2.                                      ECS021T3
   545                 24  FILLER          PIC  X.                      ECS021T3
   546                 24  CLAS-I-AB1      PIC  X.                      ECS021T3
   547         16  CLAS-I-AB10.                                         ECS021T3
   548             20  FILLER              PIC  X(9).                   ECS021T3
   549             20  CLAS-I-REIN-YN      PIC  X.                      ECS021T3
   550         16  CLAS-I-COMMENT          PIC  X(10).                  ECS021T3
   551         16  CLAS-I-JOINT            PIC  X.                      ECS021T3
   552         16  CLAS-I-RL-AH            PIC  X.                      ECS021T3
   553         16  CLAS-I-CALC-TYPE.                                    ECS021T3
   554             20  CLAS-I-BAL          PIC  X.                      ECS021T3
   555         16  CLAS-I-EP               PIC  X.                      ECS021T3
   556         16  FILLER                  PIC  X(9).                   ECS021T3
   557                                                                  ECS021T3
   558 01  CLAS-INDEX-TBL.                                              ECS021T3
   559     12  CLAX-ID                     PIC X(4).                    ECS021T3
   560     12  CLAS-STARTC                 PIC S9(4) COMP.              ECS021T3
   561     12  CLAS-MAXC                   PIC S9(4) COMP.              ECS021T3
   562     12  CLAS-STARTL                 PIC S9(4) COMP.              ECS021T3
   563     12  CLAS-MAXL                   PIC S9(4) COMP.              ECS021T3
   564     12  CLAS-STARTA                 PIC S9(4) COMP.              ECS021T3
* Micro Focus Server Express         V5.1 revision 000 06-Oct-15 17:18 Page  16
* ECS021T3.cbl
   565     12  CLAS-MAXA                   PIC S9(4) COMP.              ECS021T3
   566     12  CLAS-STARTM                 PIC S9(4) COMP.              ECS021T3
   567     12  CLAS-MAXM                   PIC S9(4) COMP.              ECS021T3
   568     12  CLAS-STARTB                 PIC S9(4) COMP.              ECS021T3
   569     12  CLAS-MAXB                   PIC S9(4) COMP.              ECS021T3
   570     12  CLAS-STARTS                 PIC S9(4) COMP.              ECS021T3
   571     12  CLAS-MAXS                   PIC S9(4) COMP.              ECS021T3
   572     12  CLAS-STARTE                 PIC S9(4) COMP.              ECS021T3
   573     12  CLAS-MAXE                   PIC S9(4) COMP.              ECS021T3
   574     12  CLAS-STARTCN                PIC S9(4) COMP.              ECS021T3
   575     12  CLAS-MAXCN                  PIC S9(4) COMP.              ECS021T3
   576                                                                  ECS021T3
* Micro Focus Server Express         V5.1 revision 000 06-Oct-15 17:18 Page  17
* ECS021T3.cbl
   578 PROCEDURE DIVISION USING REQUEST-TABLE                           ECS021T3
   579                          SW-RECORD                               ECS021T3
   580                          LINK-TABLE                              ECS021T3
   581*                         LINK-EXTENSION-1                        ECS021T3
   582*                         LINK-EXTENSION-2                        ECS021T3
   583*                         LINK-EXTENSION-3                           CL**6
   584                          LINK-TOTAL-TABLE                        ECS021T3
   585                          CLASIC-SYSTEM-CODES                     ECS021T3
   586                          CLAS-INS-TYPES                          ECS021T3
   587                          CLAS-INDEX-TBL.                         ECS021T3
   588                                                                  ECS021T3
   589 1000-PROCESS-REQUESTS.                                           ECS021T3
   590                                                                  ECS021T3
   591     PERFORM 2000-READ-REQUEST-TABLE THRU 2000-EXIT               ECS021T3
   592         VARYING REQ-IDX  FROM  ONE BY ONE                        ECS021T3
   593             UNTIL REQ-IDX GREATER THAN NUMBER-OF-REQUESTS.       ECS021T3
   594                                                                  ECS021T3
   595     GOBACK.                                                      ECS021T3
   596                                                                  ECS021T3
   597 1000-EXIT.                                                       ECS021T3
   598     EXIT.                                                        ECS021T3
   599                                                                  ECS021T3
   600 2000-READ-REQUEST-TABLE.                                         ECS021T3
   601                                                                  ECS021T3
   602     IF PROCESSING-REQUEST (REQ-IDX) EQUAL W-BUILD-ZERO-TABLE     ECS021T3
   603         PERFORM 9000-INITIALIZE-ZERO-TABLE THRU 9000-EXIT        ECS021T3
   604         PERFORM 8000-ZERO-ENTIRE-TABLE THRU 8000-EXIT            ECS021T3
   605         GO TO 2000-EXIT.                                         ECS021T3
   606                                                                  ECS021T3
   607     IF PROCESSING-REQUEST (REQ-IDX) EQUAL W-ZERO-TABLE           ECS021T3
   608         PERFORM 8000-ZERO-ENTIRE-TABLE THRU 8000-EXIT            ECS021T3
   609         GO TO 2000-EXIT.                                         ECS021T3
   610                                                                  ECS021T3
   611     IF PROCESSING-REQUEST (REQ-IDX) EQUAL W-APPLY-SORT-RCD       ECS021T3
   612         PERFORM 5000-APPLY-SORT-RECORD THRU 5000-EXIT            ECS021T3
   613         GO TO 2000-EXIT.                                         ECS021T3
   614                                                                  ECS021T3
   615     IF PROCESSING-REQUEST (REQ-IDX) EQUAL W-ADD-LINK-TABLES      ECS021T3
   616         PERFORM 3000-ADD-TABLE-RTN THRU 3000-EXIT                ECS021T3
   617         PERFORM 4000-ADD-TOTAL-RTN THRU 4000-EXIT                ECS021T3
   618         GO TO 2000-EXIT.                                         ECS021T3
   619                                                                  ECS021T3
   620     IF PROCESSING-REQUEST (REQ-IDX) EQUAL W-MOVE-TO-LINK         ECS021T3
   621         PERFORM 7000-MOVE-TABLES THRU 7000-EXIT.                 ECS021T3
   622                                                                  ECS021T3
   623 2000-EXIT.                                                       ECS021T3
   624     EXIT.                                                        ECS021T3
   625                                                                  ECS021T3
* Micro Focus Server Express         V5.1 revision 000 06-Oct-15 17:18 Page  18
* ECS021T3.cbl
   627*******************************************                       ECS021T3
   628*  (2000) ADDS TABLE (2) TO LINK TABLE    *                       ECS021T3
   629*******************************************                       ECS021T3
   630                                                                  ECS021T3
   631 3000-ADD-TABLE-RTN.                                              ECS021T3
   632     MOVE +1                     TO BEN-IDX.                      ECS021T3
   633                                                                  ECS021T3
   634 3000-ZERO-ACCESS-LOOP.                                           ECS021T3
   635     IF BEN-IDX GREATER CLAS-MAXA                                 ECS021T3
   636         GO TO 3000-EXIT.                                         ECS021T3
   637                                                                  ECS021T3
   638     IF LINK-BENEFIT-CODE (BEN-IDX) = ZERO                        ECS021T3
   639         ADD +1                  TO BEN-IDX                       ECS021T3
   640         GO TO 3000-ZERO-ACCESS-LOOP.                             ECS021T3
   641                                                                  ECS021T3
   642     MOVE LINK-BENEFIT-TYPE (BEN-IDX)                             ECS021T3
   643                                 TO TBL-BENEFIT-TYPE (BEN-IDX).   ECS021T3
   644     MOVE LINK-BENEFIT-CODE (BEN-IDX)                             ECS021T3
   645                                 TO TBL-BENEFIT-CODE (BEN-IDX).   ECS021T3
   646                                                                  ECS021T3
   647     MOVE +1                     TO DTE-IDX.                      ECS021T3
   648                                                                  ECS021T3
   649 3000-ACTIVE-BENEFIT-LOOP.                                        ECS021T3
   650                                                                  ECS021T3
   651     ADD LINK-ISS-CNT     (BEN-IDX DTE-IDX) TO                    ECS021T3
   652                              TBL-ISS-CNT      (BEN-IDX DTE-IDX). ECS021T3
   653     ADD LINK-CNC-CNT     (BEN-IDX DTE-IDX) TO                    ECS021T3
   654                              TBL-CNC-CNT      (BEN-IDX DTE-IDX). ECS021T3
   655     ADD LINK-ISS-PREM    (BEN-IDX DTE-IDX) TO                    ECS021T3
   656                              TBL-ISS-PREM     (BEN-IDX DTE-IDX). ECS021T3
   657     ADD LINK-CNC-PREM    (BEN-IDX DTE-IDX) TO                    ECS021T3
   658                              TBL-CNC-PREM     (BEN-IDX DTE-IDX). ECS021T3
   659     ADD LINK-NET-COMPEN  (BEN-IDX DTE-IDX) TO                    ECS021T3
   660                              TBL-NET-COMPEN   (BEN-IDX DTE-IDX). ECS021T3
   661     ADD LINK-CLM-CNT     (BEN-IDX DTE-IDX) TO                    ECS021T3
   662                              TBL-CLM-CNT      (BEN-IDX DTE-IDX). ECS021T3
   663     ADD LINK-CLM-AMT     (BEN-IDX DTE-IDX) TO                    ECS021T3
   664                              TBL-CLM-AMT      (BEN-IDX DTE-IDX). ECS021T3
   665     ADD LINK-LOSS-RESV   (BEN-IDX DTE-IDX) TO                    ECS021T3
   666                              TBL-LOSS-RESV    (BEN-IDX DTE-IDX). ECS021T3
   667     ADD LINK-EARND-PREM  (BEN-IDX DTE-IDX) TO                    ECS021T3
   668                              TBL-EARND-PREM   (BEN-IDX DTE-IDX). ECS021T3
   669     ADD LINK-PRM-INFRC   (BEN-IDX DTE-IDX) TO                    ECS021T3
   670                              TBL-PRM-INFRC    (BEN-IDX DTE-IDX). ECS021T3
   671     ADD LINK-INFRC-CNT   (BEN-IDX DTE-IDX) TO                    ECS021T3
   672                              TBL-INFRC-CNT    (BEN-IDX DTE-IDX). ECS021T3
   673     ADD LINK-AVG-AGE      (BEN-IDX DTE-IDX) TO                   ECS021T3
   674                              TBL-AVG-AGE      (BEN-IDX DTE-IDX). ECS021T3
   675     ADD LINK-AVG-ORG-TRM (BEN-IDX DTE-IDX) TO                    ECS021T3
   676                              TBL-AVG-ORG-TRM (BEN-IDX DTE-IDX).  ECS021T3
   677     ADD LINK-WGHT-AGE    (BEN-IDX DTE-IDX) TO                    ECS021T3
   678                              TBL-WGHT-AGE     (BEN-IDX DTE-IDX). ECS021T3
   679     ADD LINK-WGHT-ORG-TRM(BEN-IDX DTE-IDX) TO                    ECS021T3
   680                              TBL-WGHT-ORG-TRM(BEN-IDX DTE-IDX).  ECS021T3
   681     ADD LINK-EXP-PCT     (BEN-IDX DTE-IDX) TO                    ECS021T3
   682                              TBL-EXP-PCT      (BEN-IDX DTE-IDX). ECS021T3
   683     ADD LINK-ADDED-TO-CNT(BEN-IDX DTE-IDX) TO                    ECS021T3
   684                              TBL-ADDED-TO-CNT(BEN-IDX DTE-IDX).  ECS021T3
* Micro Focus Server Express         V5.1 revision 000 06-Oct-15 17:18 Page  19
* ECS021T3.cbl
   685                                                                  ECS021T3
   686     ADD +1 TO DTE-IDX.                                           ECS021T3
   687                                                                  ECS021T3
   688     IF DTE-IDX LESS +16                                          ECS021T3
   689         GO TO 3000-ACTIVE-BENEFIT-LOOP                           ECS021T3
   690     ELSE                                                         ECS021T3
   691         ADD +1 TO BEN-IDX                                        ECS021T3
   692         GO TO 3000-ZERO-ACCESS-LOOP.                             ECS021T3
   693                                                                  ECS021T3
   694 3000-EXIT.                                                       ECS021T3
   695      EXIT.                                                       ECS021T3
   696                                                                  ECS021T3
* Micro Focus Server Express         V5.1 revision 000 06-Oct-15 17:18 Page  20
* ECS021T3.cbl
   698*******************************************************           ECS021T3
   699*  (3050) DUMPS TOTAL TABLE (2) INTO TOTAL TABLE (1)  *           ECS021T3
   700*******************************************************           ECS021T3
   701 4000-ADD-TOTAL-RTN.                                              ECS021T3
   702     MOVE +1                     TO BEN-IDX                       ECS021T3
   703                                    DTE-IDX.                      ECS021T3
   704                                                                  ECS021T3
   705 4000-TOTAL-BENEFITS-LOOP.                                        ECS021T3
   706     ADD LINK-T-ISS-CNT   (BEN-IDX DTE-IDX) TO                    ECS021T3
   707                              TOT-ISS-CNT      (BEN-IDX DTE-IDX). ECS021T3
   708     ADD LINK-T-CNC-CNT   (BEN-IDX DTE-IDX) TO                    ECS021T3
   709                              TOT-CNC-CNT      (BEN-IDX DTE-IDX). ECS021T3
   710     ADD LINK-T-SINGLE-ELEM (BEN-IDX DTE-IDX) TO                  ECS021T3
   711                              TOT-SINGLE-ELEM (BEN-IDX DTE-IDX).     CL**2
   712     ADD LINK-T-JOINT-RETRO (BEN-IDX DTE-IDX) TO                  ECS021T3
   713                              TOT-JOINT-RETRO (BEN-IDX DTE-IDX).     CL**2
   714     ADD LINK-T-LIFE-LEVEL (BEN-IDX DTE-IDX) TO                   ECS021T3
   715                              TOT-LIFE-LEVEL (BEN-IDX DTE-IDX).   ECS021T3
   716     ADD LINK-T-ISS-PREM  (BEN-IDX DTE-IDX) TO                    ECS021T3
   717                              TOT-ISS-PREM     (BEN-IDX DTE-IDX). ECS021T3
   718     ADD LINK-T-CNC-PREM  (BEN-IDX DTE-IDX) TO                    ECS021T3
   719                              TOT-CNC-PREM     (BEN-IDX DTE-IDX). ECS021T3
   720     ADD LINK-T-NET-COMPEN (BEN-IDX DTE-IDX) TO                   ECS021T3
   721                              TOT-NET-COMPEN (BEN-IDX DTE-IDX).   ECS021T3
   722     ADD LINK-T-LF-CLM-CNT (BEN-IDX DTE-IDX) TO                   ECS021T3
   723                              TOT-LF-CLM-CNT (BEN-IDX DTE-IDX).   ECS021T3
   724     ADD LINK-T-LF-CLM-AMT (BEN-IDX DTE-IDX) TO                   ECS021T3
   725                              TOT-LF-CLM-AMT (BEN-IDX DTE-IDX).   ECS021T3
   726     ADD LINK-T-AH-CLM-CNT (BEN-IDX DTE-IDX) TO                   ECS021T3
   727                              TOT-AH-CLM-CNT (BEN-IDX DTE-IDX).   ECS021T3
   728     ADD LINK-T-AH-CLM-AMT (BEN-IDX DTE-IDX) TO                   ECS021T3
   729                              TOT-AH-CLM-AMT (BEN-IDX DTE-IDX).   ECS021T3
   730     ADD LINK-T-LOSS-RESV (BEN-IDX DTE-IDX) TO                    ECS021T3
   731                              TOT-LOSS-RESV (BEN-IDX DTE-IDX).    ECS021T3
   732     ADD LINK-T-EARND-PREM (BEN-IDX DTE-IDX) TO                   ECS021T3
   733                              TOT-EARND-PREM (BEN-IDX DTE-IDX).   ECS021T3
   734     ADD LINK-T-PRM-INFRC (BEN-IDX DTE-IDX) TO                    ECS021T3
   735                              TOT-PRM-INFRC (BEN-IDX DTE-IDX).    ECS021T3
   736     ADD LINK-T-INFRC-CNT (BEN-IDX DTE-IDX) TO                    ECS021T3
   737                              TOT-INFRC-CNT (BEN-IDX DTE-IDX).    ECS021T3
   738     ADD LINK-T-AVG-AGE    (BEN-IDX DTE-IDX) TO                   ECS021T3
   739                              TOT-AVG-AGE      (BEN-IDX DTE-IDX). ECS021T3
   740     ADD LINK-T-AVG-ORG-TRM (BEN-IDX DTE-IDX) TO                  ECS021T3
   741                              TOT-AVG-ORG-TRM (BEN-IDX DTE-IDX).     CL**2
   742     ADD LINK-T-WGHT-AGE  (BEN-IDX DTE-IDX) TO                    ECS021T3
   743                              TOT-WGHT-AGE     (BEN-IDX DTE-IDX). ECS021T3
   744     ADD LINK-T-WGHT-ORG-TRM(BEN-IDX DTE-IDX) TO                  ECS021T3
   745                              TOT-WGHT-ORG-TRM(BEN-IDX DTE-IDX).     CL**2
   746     ADD LINK-T-EXP-PCT   (BEN-IDX DTE-IDX) TO                    ECS021T3
   747                              TOT-EXP-PCT      (BEN-IDX DTE-IDX). ECS021T3
   748     ADD LINK-T-ADDED-TO-CNT(BEN-IDX DTE-IDX) TO                  ECS021T3
   749                              TOT-ADDED-TO-CNT(BEN-IDX DTE-IDX).     CL**2
   750                                                                  ECS021T3
   751     ADD +1 TO DTE-IDX.                                           ECS021T3
   752                                                                  ECS021T3
   753     IF DTE-IDX LESS +16                                          ECS021T3
   754         GO TO 4000-TOTAL-BENEFITS-LOOP.                          ECS021T3
   755                                                                  ECS021T3
* Micro Focus Server Express         V5.1 revision 000 06-Oct-15 17:18 Page  21
* ECS021T3.cbl
   756     IF BEN-IDX LESS +3                                           ECS021T3
   757         ADD +1                  TO BEN-IDX                       ECS021T3
   758         MOVE +1                 TO DTE-IDX                       ECS021T3
   759         GO TO 4000-TOTAL-BENEFITS-LOOP.                          ECS021T3
   760                                                                  ECS021T3
   761 4000-EXIT.                                                       ECS021T3
   762      EXIT.                                                       ECS021T3
   763                                                                  ECS021T3
* Micro Focus Server Express         V5.1 revision 000 06-Oct-15 17:18 Page  22
* ECS021T3.cbl
   765**************************************************************    ECS021T3
   766*  THE FOLLOWING INDEXES ARE USED IN ROUTINES 5000 AND 6000  *    ECS021T3
   767*                                                            *    ECS021T3
   768*  1. BRK-IDX - USED TO INDEX BENEFIT LEVEL OF SORT RECORD   *    ECS021T3
   769*                 VARIED FROM 1 TO 23                        *       CL**6
   770*  2. BEN-IDX - USED TO INDEX BENEFIT LEVEL OF ACCUMULATED   *    ECS021T3
   771*                 BREAK TABLES VARIED FROM 1 TO 75           *       CL**6
   772*  3. TOT-IDX - USED TO INDEX BENEFIT TYPE OF TOTALS         *    ECS021T3
   773*                 TABLES VARIED FROM 1 TO 2                  *    ECS021T3
   774*  4. DTE-IDX - USED TO INDEX DATE RANGES OF ALL TABLES      *    ECS021T3
   775*                 AND RECORDS VARIED FROM 1 TO 15            *    ECS021T3
   776**************************************************************    ECS021T3
   777                                                                  ECS021T3
   778 5000-APPLY-SORT-RECORD.                                          ECS021T3
   779     MOVE +1                     TO BRK-IDX.                      ECS021T3
   780                                                                  ECS021T3
   781 5000-BENEFIT-LOOP.                                               ECS021T3
   782     IF SW-BENEFIT-CODE   (BRK-IDX) = ZEROS                       ECS021T3
   783         GO TO 5000-EXIT.                                         ECS021T3
   784                                                                  ECS021T3
   785     MOVE SW-BEN-TBL-POS  (BRK-IDX)                               ECS021T3
   786                                 TO BEN-IDX.                      ECS021T3
   787     MOVE SW-BENEFIT-CODE (BRK-IDX)                               ECS021T3
   788                                 TO TBL-BENEFIT-CODE (BEN-IDX).   ECS021T3
   789     MOVE SW-BENEFIT-TYPE (BRK-IDX)                               ECS021T3
   790                                 TO TBL-BENEFIT-TYPE (BEN-IDX).   ECS021T3
   791     MOVE +1                     TO DTE-IDX.                      ECS021T3
   792                                                                  ECS021T3
   793 5000-DATE-RANGE-LOOP.                                            ECS021T3
   794     ADD SW-ISS-CNT     (BRK-IDX DTE-IDX)                         ECS021T3
   795                           TO TBL-ISS-CNT      (BEN-IDX DTE-IDX). ECS021T3
   796     ADD SW-CNC-CNT     (BRK-IDX DTE-IDX)                         ECS021T3
   797                           TO TBL-CNC-CNT      (BEN-IDX DTE-IDX). ECS021T3
   798     ADD SW-ISS-PREM    (BRK-IDX DTE-IDX)                         ECS021T3
   799                           TO TBL-ISS-PREM     (BEN-IDX DTE-IDX). ECS021T3
   800     ADD SW-CNC-PREM    (BRK-IDX DTE-IDX)                         ECS021T3
   801                           TO TBL-CNC-PREM     (BEN-IDX DTE-IDX). ECS021T3
   802     ADD SW-NET-COMPEN  (BRK-IDX DTE-IDX)                         ECS021T3
   803                           TO TBL-NET-COMPEN   (BEN-IDX DTE-IDX). ECS021T3
   804     ADD SW-CLM-CNT     (BRK-IDX DTE-IDX)                         ECS021T3
   805                           TO TBL-CLM-CNT      (BEN-IDX DTE-IDX). ECS021T3
   806     ADD SW-CLM-AMT     (BRK-IDX DTE-IDX)                         ECS021T3
   807                           TO TBL-CLM-AMT      (BEN-IDX DTE-IDX). ECS021T3
   808     ADD SW-LOSS-RESV   (BRK-IDX DTE-IDX)                         ECS021T3
   809                           TO TBL-LOSS-RESV    (BEN-IDX DTE-IDX). ECS021T3
   810     ADD SW-PRM-EARND   (BRK-IDX DTE-IDX)                         ECS021T3
   811                           TO TBL-EARND-PREM   (BEN-IDX DTE-IDX). ECS021T3
   812     ADD SW-PRM-INFRC   (BRK-IDX DTE-IDX)                         ECS021T3
   813                           TO TBL-PRM-INFRC    (BEN-IDX DTE-IDX). ECS021T3
   814     ADD SW-INFRC-CNT   (BRK-IDX DTE-IDX)                         ECS021T3
   815                           TO TBL-INFRC-CNT    (BEN-IDX DTE-IDX). ECS021T3
   816     ADD SW-AVG-AGE     (BRK-IDX DTE-IDX)                         ECS021T3
   817                           TO TBL-AVG-AGE      (BEN-IDX DTE-IDX). ECS021T3
   818     ADD SW-AVG-ORG-TRM (BRK-IDX DTE-IDX)                         ECS021T3
   819                           TO TBL-AVG-ORG-TRM (BEN-IDX DTE-IDX).  ECS021T3
   820     ADD SW-WGHT-AGE    (BRK-IDX DTE-IDX)                         ECS021T3
   821                           TO TBL-WGHT-AGE     (BEN-IDX DTE-IDX). ECS021T3
   822     ADD SW-WGHT-ORG-TRM(BRK-IDX DTE-IDX)                         ECS021T3
* Micro Focus Server Express         V5.1 revision 000 06-Oct-15 17:18 Page  23
* ECS021T3.cbl
   823                           TO TBL-WGHT-ORG-TRM(BEN-IDX DTE-IDX).  ECS021T3
   824     ADD SW-EXP-PCT     (BRK-IDX DTE-IDX)                         ECS021T3
   825                           TO TBL-EXP-PCT      (BEN-IDX DTE-IDX). ECS021T3
   826     ADD SW-ADDED-TO-CNT(BRK-IDX DTE-IDX)                         ECS021T3
   827                           TO TBL-ADDED-TO-CNT(BEN-IDX DTE-IDX).  ECS021T3
   828                                                                  ECS021T3
   829     ADD +1                TO DTE-IDX.                            ECS021T3
   830                                                                  ECS021T3
   831     IF DTE-IDX LESS +16                                          ECS021T3
   832         GO TO 5000-DATE-RANGE-LOOP.                              ECS021T3
   833                                                                  ECS021T3
   834     PERFORM 6000-BENEFIT-TYPE-TOTAL THRU 6000-EXIT.              ECS021T3
   835                                                                  ECS021T3
   836     ADD +1                TO BRK-IDX.                            ECS021T3
   837                                                                  ECS021T3
   838     IF BRK-IDX LESS +24                                             CL**6
   839         GO TO 5000-BENEFIT-LOOP.                                 ECS021T3
   840                                                                  ECS021T3
   841 5000-EXIT.                                                       ECS021T3
   842      EXIT.                                                       ECS021T3
   843                                                                  ECS021T3
* Micro Focus Server Express         V5.1 revision 000 06-Oct-15 17:18 Page  24
* ECS021T3.cbl
   845**************************************************************    ECS021T3
   846*  THE FOLLOWING INDEXES ARE USED IN ROUTINES 5000 AND 6000  *    ECS021T3
   847*                                                            *    ECS021T3
   848*  1. BRK-IDX - USED TO INDEX BENEFIT LEVEL OF SORT RECORD   *    ECS021T3
   849*                 VARIED FROM 1 TO 23                        *       CL**6
   850*  2. BEN-IDX - USED TO INDEX BENEFIT LEVEL OF ACCUMULATED   *    ECS021T3
   851*                 BREAK TABLES VARIED FROM 1 TO 75           *       CL**6
   852*  3. TOT-IDX - USED TO INDEX BENEFIT TYPE OF TOTALS         *    ECS021T3
   853*                 TABLES VARIED FROM 1 TO 2                  *    ECS021T3
   854*  4. DTE-IDX - USED TO INDEX DATE RANGES OF ALL TABLES      *    ECS021T3
   855*                 AND RECORDS VARIED FROM 1 TO 15            *    ECS021T3
   856**************************************************************    ECS021T3
   857                                                                  ECS021T3
   858 6000-BENEFIT-TYPE-TOTAL.                                         ECS021T3
   859                                                                  ECS021T3
   860     MOVE +1                     TO DTE-IDX.                      ECS021T3
   861                                                                  ECS021T3
   862 6000-DATE-RANGE-LOOP.                                            ECS021T3
   863                                                                  ECS021T3
   864     COMPUTE NET-COUNT = SW-ISS-CNT (BRK-IDX DTE-IDX) -              CL**5
   865         SW-CNC-CNT (BRK-IDX DTE-IDX).                               CL**5
   866                                                                     CL**5
   867     IF SW-BENEFIT-TYPE (BRK-IDX) = LIFE-OVERRIDE-L1              ECS021T3
   868         MOVE +1                 TO TOT-IDX                       ECS021T3
   869         IF CLAS-I-RL-AH (BEN-IDX) = 'R'                          ECS021T3
   870             IF CLAS-I-JOINT (BEN-IDX) = 'J'                      ECS021T3
   871                 ADD NET-COUNT TO                                    CL**5
   872                     TOT-JOINT-RETRO (TOT-IDX DTE-IDX)            ECS021T3
   873             ELSE                                                 ECS021T3
   874                 ADD NET-COUNT TO                                    CL**5
   875                     TOT-SINGLE-ELEM (TOT-IDX DTE-IDX)            ECS021T3
   876         ELSE                                                     ECS021T3
   877             ADD NET-COUNT TO                                        CL**5
   878                 TOT-LIFE-LEVEL (TOT-IDX DTE-IDX)                 ECS021T3
   879     ELSE                                                         ECS021T3
   880         MOVE +2                 TO TOT-IDX                       ECS021T3
   881         IF CLAS-I-AB1 (BEN-IDX) = 'E'                            ECS021T3
   882             ADD NET-COUNT TO                                        CL**5
   883                 TOT-SINGLE-ELEM (TOT-IDX DTE-IDX)                ECS021T3
   884         ELSE                                                     ECS021T3
   885             IF CLAS-I-AB1 (BEN-IDX) = 'R'                        ECS021T3
   886                 ADD NET-COUNT TO                                    CL**5
   887                     TOT-JOINT-RETRO (TOT-IDX DTE-IDX).           ECS021T3
   888                                                                  ECS021T3
   889     ADD SW-ISS-CNT    (BRK-IDX DTE-IDX)                          ECS021T3
   890                           TO TOT-ISS-CNT     (TOT-IDX DTE-IDX)   ECS021T3
   891                              TOT-ISS-CNT     (3 DTE-IDX).        ECS021T3
   892     ADD SW-CNC-CNT    (BRK-IDX DTE-IDX)                          ECS021T3
   893                           TO TOT-CNC-CNT     (TOT-IDX DTE-IDX)   ECS021T3
   894                              TOT-CNC-CNT     (3 DTE-IDX).        ECS021T3
   895     ADD SW-ISS-PREM   (BRK-IDX DTE-IDX)                          ECS021T3
   896                           TO TOT-ISS-PREM    (TOT-IDX DTE-IDX)   ECS021T3
   897                              TOT-ISS-PREM    (3 DTE-IDX).        ECS021T3
   898     ADD SW-CNC-PREM   (BRK-IDX DTE-IDX)                          ECS021T3
   899                           TO TOT-CNC-PREM    (TOT-IDX DTE-IDX)   ECS021T3
   900                              TOT-CNC-PREM    (3 DTE-IDX).        ECS021T3
   901     ADD SW-NET-COMPEN (BRK-IDX DTE-IDX)                          ECS021T3
   902                           TO TOT-NET-COMPEN (TOT-IDX DTE-IDX)    ECS021T3
* Micro Focus Server Express         V5.1 revision 000 06-Oct-15 17:18 Page  25
* ECS021T3.cbl
   903                              TOT-NET-COMPEN (3 DTE-IDX).         ECS021T3
   904                                                                  ECS021T3
   905     IF SW-BENEFIT-TYPE (BRK-IDX) = LIFE-OVERRIDE-L1              ECS021T3
   906         ADD SW-CLM-CNT (BRK-IDX DTE-IDX)                         ECS021T3
   907                           TO TOT-LF-CLM-CNT   (TOT-IDX DTE-IDX)  ECS021T3
   908                              TOT-LF-CLM-CNT   (3 DTE-IDX)        ECS021T3
   909         ADD SW-CLM-AMT (BRK-IDX DTE-IDX)                         ECS021T3
   910                           TO TOT-LF-CLM-AMT   (TOT-IDX DTE-IDX)  ECS021T3
   911                              TOT-LF-CLM-AMT   (3 DTE-IDX).       ECS021T3
   912                                                                  ECS021T3
   913     IF SW-BENEFIT-TYPE (BRK-IDX) = AH-OVERRIDE-L1                ECS021T3
   914         ADD SW-CLM-CNT (BRK-IDX DTE-IDX)                         ECS021T3
   915                           TO TOT-AH-CLM-CNT   (TOT-IDX DTE-IDX)  ECS021T3
   916                              TOT-AH-CLM-CNT   (3 DTE-IDX)        ECS021T3
   917         ADD SW-CLM-AMT (BRK-IDX DTE-IDX)                         ECS021T3
   918                           TO TOT-AH-CLM-AMT   (TOT-IDX DTE-IDX)  ECS021T3
   919                              TOT-AH-CLM-AMT   (3 DTE-IDX).       ECS021T3
   920                                                                  ECS021T3
   921     ADD SW-LOSS-RESV   (BRK-IDX DTE-IDX)                         ECS021T3
   922                           TO TOT-LOSS-RESV    (TOT-IDX DTE-IDX)  ECS021T3
   923                              TOT-LOSS-RESV    (3 DTE-IDX).       ECS021T3
   924     ADD SW-PRM-EARND   (BRK-IDX DTE-IDX)                         ECS021T3
   925                           TO TOT-EARND-PREM   (TOT-IDX DTE-IDX)  ECS021T3
   926                              TOT-EARND-PREM   (3 DTE-IDX).       ECS021T3
   927     ADD SW-PRM-INFRC   (BRK-IDX DTE-IDX)                         ECS021T3
   928                           TO TOT-PRM-INFRC    (TOT-IDX DTE-IDX)  ECS021T3
   929                              TOT-PRM-INFRC    (3 DTE-IDX).       ECS021T3
   930     ADD SW-INFRC-CNT   (BRK-IDX DTE-IDX)                         ECS021T3
   931                           TO TOT-INFRC-CNT    (TOT-IDX DTE-IDX)  ECS021T3
   932                              TOT-INFRC-CNT    (3 DTE-IDX).       ECS021T3
   933     ADD SW-AVG-AGE     (BRK-IDX DTE-IDX)                         ECS021T3
   934                           TO TOT-AVG-AGE      (TOT-IDX DTE-IDX)  ECS021T3
   935                              TOT-AVG-AGE      (3 DTE-IDX).       ECS021T3
   936     ADD SW-AVG-ORG-TRM (BRK-IDX DTE-IDX)                         ECS021T3
   937                           TO TOT-AVG-ORG-TRM (TOT-IDX DTE-IDX)   ECS021T3
   938                              TOT-AVG-ORG-TRM (3 DTE-IDX).        ECS021T3
   939     ADD SW-WGHT-AGE    (BRK-IDX DTE-IDX)                         ECS021T3
   940                           TO TOT-WGHT-AGE     (TOT-IDX DTE-IDX)  ECS021T3
   941                              TOT-WGHT-AGE     (3 DTE-IDX).       ECS021T3
   942     ADD SW-WGHT-ORG-TRM(BRK-IDX DTE-IDX)                         ECS021T3
   943                           TO TOT-WGHT-ORG-TRM(TOT-IDX DTE-IDX)   ECS021T3
   944                              TOT-WGHT-ORG-TRM(3 DTE-IDX).        ECS021T3
   945     ADD SW-EXP-PCT     (BRK-IDX DTE-IDX)                         ECS021T3
   946                           TO TOT-EXP-PCT      (TOT-IDX DTE-IDX)  ECS021T3
   947                              TOT-EXP-PCT      (3 DTE-IDX).       ECS021T3
   948     ADD SW-ADDED-TO-CNT (BRK-IDX DTE-IDX)                        ECS021T3
   949                           TO TOT-ADDED-TO-CNT(TOT-IDX DTE-IDX)   ECS021T3
   950                              TOT-ADDED-TO-CNT(3 DTE-IDX).        ECS021T3
   951                                                                  ECS021T3
   952     ADD +1 TO DTE-IDX.                                           ECS021T3
   953                                                                  ECS021T3
   954     IF DTE-IDX LESS +16                                          ECS021T3
   955         GO TO 6000-DATE-RANGE-LOOP.                              ECS021T3
   956                                                                  ECS021T3
   957 6000-EXIT.                                                       ECS021T3
   958      EXIT.                                                       ECS021T3
   959                                                                  ECS021T3
* Micro Focus Server Express         V5.1 revision 000 06-Oct-15 17:18 Page  26
* ECS021T3.cbl
   961 7000-MOVE-TABLES.                                                ECS021T3
   962                                                                  ECS021T3
   963     MOVE BREAK-TABLE            TO LINK-TABLE.                   ECS021T3
   964*    MOVE BREAK-EXTENSION-1      TO LINK-EXTENSION-1.             ECS021T3
   965*    MOVE BREAK-EXTENSION-2      TO LINK-EXTENSION-2.             ECS021T3
   966*    MOVE BREAK-EXTENSION-3      TO LINK-EXTENSION-3.                CL**6
   967     MOVE BREAK-TOTAL-TABLE      TO LINK-TOTAL-TABLE.             ECS021T3
   968                                                                  ECS021T3
   969 7000-EXIT.                                                       ECS021T3
   970      EXIT.                                                       ECS021T3
   971                                                                  ECS021T3
* Micro Focus Server Express         V5.1 revision 000 06-Oct-15 17:18 Page  27
* ECS021T3.cbl
   973***********************************                               ECS021T3
   974*     (8000) ZERO TABLE TWO       *                               ECS021T3
   975***********************************                               ECS021T3
   976                                                                  ECS021T3
   977 8000-ZERO-ENTIRE-TABLE.                                          ECS021T3
   978                                                                  ECS021T3
   979      MOVE +1                    TO BEN-IDX.                      ECS021T3
   980                                                                  ECS021T3
   981 8000-ZERO-BENEFIT-LOOP.                                          ECS021T3
   982                                                                  ECS021T3
   983      MOVE ZERO-TABLE            TO                               ECS021T3
   984                                 TABLE-ACCUMULATORS (BEN-IDX).    ECS021T3
   985                                                                  ECS021T3
   986*     IF BEN-IDX LESS THAN THREE-HUNDRED                          ECS021T3
   987      IF BEN-IDX LESS THAN  NINE-HUNDRED                          ECS021T3
   988          ADD +1                 TO BEN-IDX                       ECS021T3
   989              GO TO 8000-ZERO-BENEFIT-LOOP.                       ECS021T3
   990                                                                  ECS021T3
   991 8000-ZERO-TOTAL-TABLE.                                           ECS021T3
   992                                                                  ECS021T3
   993      MOVE +1                    TO TOT-IDX.                      ECS021T3
   994                                                                  ECS021T3
   995 8000-ZERO-TOTAL-LOOP.                                            ECS021T3
   996                                                                  ECS021T3
   997      MOVE ZERO-TOTAL-TABLE      TO TABLE-TOTALS (TOT-IDX).       ECS021T3
   998                                                                  ECS021T3
   999      IF TOT-IDX LESS THAN THREE                                  ECS021T3
  1000          ADD +1                 TO TOT-IDX                       ECS021T3
  1001              GO TO 8000-ZERO-TOTAL-LOOP.                         ECS021T3
  1002                                                                  ECS021T3
  1003 8000-EXIT.                                                       ECS021T3
  1004     EXIT.                                                        ECS021T3
  1005                                                                  ECS021T3
* Micro Focus Server Express         V5.1 revision 000 06-Oct-15 17:18 Page  28
* ECS021T3.cbl
  1007*******************************************                       ECS021T3
  1008*     (9000) INITIALIZE ZERO-ACCUMS       *                       ECS021T3
  1009*******************************************                       ECS021T3
  1010                                                                  ECS021T3
  1011 9000-INITIALIZE-ZERO-TABLE.                                      ECS021T3
  1012                                                                  ECS021T3
  1013      MOVE +1                    TO DTE-IDX.                      ECS021T3
  1014                                                                  ECS021T3
  1015 9000-ZERO-DATE-LOOP.                                             ECS021T3
  1016                                                                  ECS021T3
  1017      MOVE ZERO-TABLE-ENTRIES    TO ZERO-PERIOD (DTE-IDX).        ECS021T3
  1018                                                                  ECS021T3
  1019      IF DTE-IDX LESS THAN SIXTEEN                                ECS021T3
  1020          ADD +1                 TO DTE-IDX                       ECS021T3
  1021              GO TO 9000-ZERO-DATE-LOOP.                          ECS021T3
  1022                                                                  ECS021T3
  1023      MOVE +1                    TO DTE-IDX.                      ECS021T3
  1024                                                                  ECS021T3
  1025 9000-ZERO-TOTAL-DATE-LOOP.                                       ECS021T3
  1026                                                                  ECS021T3
  1027      MOVE ZERO-TOTAL-ENTRY      TO ZERO-TOTAL-ACCUMS (DTE-IDX).  ECS021T3
  1028                                                                  ECS021T3
  1029      IF DTE-IDX LESS THAN SIXTEEN                                ECS021T3
  1030          ADD +1                 TO DTE-IDX                       ECS021T3
  1031              GO TO 9000-ZERO-TOTAL-DATE-LOOP.                    ECS021T3
  1032                                                                  ECS021T3
  1033 9000-EXIT.                                                       ECS021T3
  1034     EXIT.                                                        ECS021T3
  1035                                                                  ECS021T3
* Micro Focus Server Express         V5.1 revision 000 06-Oct-15 17:18 Page  29
* ECS021T3.cbl
  1037 ABEND-PGM SECTION.                                               ECS021T3
* 1038           COPY ELCABEND SUPPRESS.                                ECS021T3
* Micro Focus Server Express         V5.1 revision 000 Compiler
* Copyright (C) Micro Focus IP Development Limited 1984-2012.
*                                                        REF GNR-008065005AF
* Total Messages:     0
* Data:     1240652     Code:        5240
