* Micro Focus Server Express         V5.1 revision 000 06-Oct-15 17:18 Page   1
* ECS021T2.cbl
* Options: int("ECS021T2.int") anim csi verbose NOBOUND PARAMCOUNTCHECK
*          directives(cobopt.bth) endp list("ECS021T2.lst")
* Setting: NOACCEPTREFRESH NOADV ALIGN"8" ALPHASTART"1" NOALTER NOAMODE ANIM
*          NOANIMPREP ANS85 APOST NOAREACHECK ARITHMETIC"OSVS" ASSIGN
*          "EXTERNAL" NOASSIGN-PRINTER NOAUTOLOCK NOBELL NOBOUND NOBRIEF
*          NOBS2000 BWZSTAR NOBYTEMODEMOVE CALLFH"ebmlsfile" NOCALLMCS
*          NOCALLRECOVERY CALLSORT"EXTSM" CANCEL CANCELLBR NOCHANGEMESSAGE
*          CHARSET"ASCII" NOCHECKDIV NOCHECKREFMOD NOCICS CICS-CPY
*          NOCICSOPTIMIZE NOCMPR2 NOCOBFSTATCONV NOCOBIDY NOCOBOL370 COBOLDIR
*          NOCOMP COMP-5"2" COMP-6"2" NOCOMS85 CONFIRM NOCONVERTRET CONVSPACE
*          COPYEXT",cbl,cpy" NOCOPYLBR COPYLIST COPYLISTCOMMENT"1" CSI
*          CURRENCY-SIGN"36" CURRENT-DATE"MMDDYY" NODATA DATACOMPRESS"0"
*          NODATA-CONTEXT DATE DBCHECK DBCS"2" NODBCSSOSI DBSPACE DE-EDIT"2"
*          DEFAULTBYTE"32" NODEFAULTCALLS DETECTLOCK NODG DIALECT"MF"
*          NODIRECTIVES-IN-COMMENTS NODOSVS NODPCINSUBSCRIPT DYNAM
*          NOEARLY-RELEASE ECHO NOECHOALL NOEDITOR ENSUITE"0" NOENTCOBOL
*          ERRFORMAT"1" ERRLIST"EMBED" NOERRQ FASTSORT NOFCD3 NOFCDREG
*          NOFDCLEAR NOFILESHARE FILETYPE"0" NOFLAG NOFLAGAS NOFLAGCD
*          NOFLAGEUC NOFLAGMIG NOFLAGQ FLAGSINEDIT NOFLAGSTD NOFOLDCALLNAME
*          NOFOLDCOPYNAME FORM"60" NOFP-ROUNDING NOHOSTARITHMETIC
*          NOHOSTCONTZERO NOHOST-NUMCOMPARE NOHOST-NUMMOVE NOHOSTFD NOHOSTRW
*          NOIBM-MS IBMCOMP IDXFORMAT"0" NOILGEN IMPLICITSCOPE NOINDD
*          INFORETURN"0" NOINITCALL INITPTR INT"ECS021T2.int" INTDATE"ANSI"
*          INTLEVEL"2" IOCONV NOISO2002 NOIXNLSKEY NOIXNUMKEY KEEP-INT
*          KEYCHECK KEYCOMPRESS"0" LIBRARIAN"2" NOLINE-COUNT LIST
*          "ECS021T2.lst" LISTPATH"" LISTWIDTH"80" LITVAL-SIZE"4" LOCKTYPE"0"
*          NOMAPNAME NOMAXERROR METHODDEFAULT"REFERENCE" MF"15" MFCOMMENT
*          NOMOVELENCHECK NOMS NOMVS NATIVE"ASCII" NONATIVEFLOATINGPOINT
*          NONCHAR NONEWBASENAME NONLS NSYMBOL"DBCS" NOODOOSVS NOODOSLIDE
*          NOOLDBLANKLINE NOOLDCOPY NOOLDINDEX NOOLDNEXTSENTENCE NOOLDREADINTO
*          NOOLDSTRMIX OOCTRL"-C-E-G-P+Q+R-S+W" OPTIONAL-FILE NOOS390 OSEXT""
*          NOOSVS NOOUTDD NOP64 NOPANVALET PERFORM-TYPE"OSVS" NOPREPLIST
*          NOPREPROCESS NOPRINT-EXT NOPROFILE NOPROGID-COMMENT
*          NOPROGID-INT-NAME NOPROTECT-LINKAGE PROTOTYPE"RELAXED" QUAL
*          QUALPROC NOQUERY NOQUOTE NORAWLIST NORDW RECMODE"F" NOREENTRANT
*          NOREF NOREFNO REMAINDER"1" REPORT-LINE"256" RESEQ NORETRYLOCK
*          REWRITE-LS NORM RTNCODE-SIZE"4" NORWHARDPAGE NOSAA SEG NOSEQCHK
*          SEQUENTIAL"RECORD" NOSERIAL SETTING"LINE" NOSHAREOUTDD NOSHOW-DIR
*          SIGN"ASCII" NOSIGNDISCARD NOSIGNFIXUP SORTTYPE"DFSORT" SOURCEFORMAT
*          "FIXED" SOURCETABSTOP"8" NOSPZERO NOSSRANGE STDERR NOSTICKY-LINKAGE
*          NOSTICKY-PERFORM SUPFF SWITCHTYPE"1" SYMBSTART"1" SYSPUNCH"132"
*          TERMPAGE TIME NOTRACE NOTRUNC NOTRUNCCALLNAME NOTRUNCCOPY TRUNCINC
*          "10" UNICODE"NATIVE" VERBOSE VSC2"2" WARNING"1" NOWB NOWB2 NOWB3
*          WEBSERVER"CGI" NOWRITELOCK NOWRITETHRU NOXOPEN NOXREF
*          NOZEROLENGTHFALSE NOZEROSEQ NOZWB
     1 IDENTIFICATION DIVISION.                                         04/20/98
     2                                                                  ECS021T2
     3 PROGRAM-ID.                ECS021T2.                                LV009
     4*              PROGRAM CONVERTED BY                                  CL**7
     5*              COBOL CONVERSION AID PO 5785-ABJ                      CL**7
     6*              CONVERSION DATE 11/28/95 11:02:02.                    CL**7
     7*              PROGRAM REVIEWED FOR YEAR 2000 COMPLIANCE.            CL**8
     8*                           VMOD=2.008.                              CL**9
     9                                                                  ECS021T2
    10                                                                  ECS021T2
    11*AUTHOR.        LOGIC, INC.                                          CL**7
    12*               DALLAS, TEXAS.                                       CL**7
    13                                                                  ECS021T2
* Micro Focus Server Express         V5.1 revision 000 06-Oct-15 17:18 Page   2
* ECS021T2.cbl
    14                                                                  ECS021T2
    15*DATE-COMPILED.                                                      CL**7
    16                                                                  ECS021T2
    17*SECURITY.   *****************************************************   CL**7
    18*            *                                                   *   CL**7
    19*            *   THIS PROGRAM IS THE PROPERTY OF LOGIC, INC.     *   CL**7
    20*            *                                                   *   CL**7
    21*            *   USE OF THIS PROGRAM BY OTHER THAN THE EMPLOYEES *   CL**7
    22*            *   OF LOGIC, INC. IS EXPRESSLY PROHIBITED WITHOUT  *   CL**7
    23*            *   THE PRIOR WRITTEN PERMISSION OF LOGIC INC.      *   CL**7
    24*            *                                                   *   CL**7
    25*            *****************************************************   CL**7
    26                                                                  ECS021T2
    27*REMARKS.                                                            CL**3
    28*        THIS SUBMODULE WORKS IN CONJUNCTION WITH ECS021             CL**3
    29*        TO ACCUMULATE FIGURES AND CREATE THE VARIOUS BREAK          CL**3
    30*        LEVELS IN THE PROFIT ANALYSIS REPORT.                       CL**3
    31******************************************************************
    32*                   C H A N G E   L O G
    33*
    34* CHANGES ARE MARKED BY THE CHANGE EFFECTIVE DATE.
    35*-----------------------------------------------------------------
    36*  CHANGE   CHANGE REQUEST PGMR  DESCRIPTION OF CHANGE
    37* EFFECTIVE    NUMBER
    38*-----------------------------------------------------------------
    39* 092602    2002091900008  PEMA  INCREASE NUMBER OF MAXIMUM
    40*                                  BENEFIT CODES FROM 075 TO 900
    41******************************************************************
    42                                                                  ECS021T2
    43 ENVIRONMENT DIVISION.                                            ECS021T2
    44 INPUT-OUTPUT SECTION.                                            ECS021T2
    45 FILE-CONTROL.                                                    ECS021T2
    46                                                                  ECS021T2
* Micro Focus Server Express         V5.1 revision 000 06-Oct-15 17:18 Page   3
* ECS021T2.cbl
    48 DATA DIVISION.                                                   ECS021T2
    49 FILE SECTION.                                                    ECS021T2
    50                                                                  ECS021T2
    51                                                                  ECS021T2
* Micro Focus Server Express         V5.1 revision 000 06-Oct-15 17:18 Page   4
* ECS021T2.cbl
    53 WORKING-STORAGE SECTION.                                         ECS021T2
    54 01  LCP-ABND-CODE                 PIC S999 COMP VALUE +519.         CL**7
    55                                                                  ECS021T2
    56 77  FILLER  PIC X(32) VALUE '********************************'.  ECS021T2
    57 77  FILLER  PIC X(32) VALUE '     ECS021T2 WORKING STORAGE   '.  ECS021T2
    58 77  FILLER  PIC X(32) VALUE '********* VMOD=2.008 ***********'.     CL**8
    59                                                                  ECS021T2
    60 77  NET-COUNT               PIC S9(7)     COMP-3.                   CL**5
    61 77  DTE-IDX                 PIC S9(4)     COMP   VALUE +0.       ECS021T2
    62 77  TOT-IDX                 PIC S9(4)     COMP   VALUE +0.       ECS021T2
    63 77  BEN-IDX                 PIC S9(4)     COMP   VALUE +0.       ECS021T2
    64 77  BRK-IDX                 PIC S9(4)     COMP   VALUE +0.       ECS021T2
    65 77  REQ-IDX                 PIC S9(4)     COMP   VALUE +0.       ECS021T2
    66 77  ONE                     PIC  99              VALUE 1.        ECS021T2
    67 77  THREE                   PIC  99              VALUE 3.        ECS021T2
    68 77  SIXTEEN                 PIC S9(4)     COMP   VALUE +16.      ECS021T2
    69 77  THREE-HUNDRED           PIC S9(4)     COMP   VALUE +300.     ECS021T2
    70 77  NINE-HUNDRED            PIC S9(4)     COMP   VALUE +900.     ECS021T2
    71                                                                  ECS021T2
    72 01  WS-ABEND-STORAGE.                                            ECS021T2
    73     12  WS-RETURN-CODE          PIC S9(4)  VALUE +0 COMP.        ECS021T2
    74     12  WS-ABEND-MESSAGE        PIC X(80)  VALUE SPACES.         ECS021T2
    75     12  WS-ABEND-FILE-STATUS    PIC XX     VALUE ZEROS.          ECS021T2
    76     12  WS-ZERO                 PIC S9     VALUE +0 COMP-3.      ECS021T2
    77     12  WS-ABEND-CODE           PIC S9(4).                       ECS021T2
    78     12  WORK-ABEND-CODE  REDEFINES  WS-ABEND-CODE.               ECS021T2
    79         16  WAC-1               PIC X.                           ECS021T2
    80         16  WAC-2               PIC X.                           ECS021T2
    81         16  WAC-3-4             PIC 99.                          ECS021T2
    82                                                                  ECS021T2
    83 01  WS-PROGRAM-ACTIONS.                                          ECS021T2
    84     12  W-BUILD-ZERO-TABLE      PIC X(02) VALUE 'BZ'.            ECS021T2
    85     12  W-ZERO-TABLE            PIC X(02) VALUE 'ZT'.            ECS021T2
    86     12  W-APPLY-SORT-RCD        PIC X(02) VALUE 'AS'.            ECS021T2
    87     12  W-ADD-LINK-TABLES       PIC X(02) VALUE 'AT'.            ECS021T2
    88     12  W-MOVE-TO-LINK          PIC X(02) VALUE 'MT'.            ECS021T2
    89                                                                  ECS021T2
* Micro Focus Server Express         V5.1 revision 000 06-Oct-15 17:18 Page   5
* ECS021T2.cbl
    91 01  TABLE-IDENTIFIER.                                            ECS021T2
    92     12  FILLER                       PIC X(28)                   ECS021T2
    93                       VALUE '**** START OF TABLE TWO ****'.      ECS021T2
    94                                                                  ECS021T2
    95 01  BREAK-TABLE.                                                 ECS021T2
    96     12  TABLE-ACCUMULATORS     OCCURS  900 TIMES.                   CL**6
    97         16  TBL-BENEFIT-TYPE             PIC X.                  ECS021T2
    98         16  TBL-BENEFIT-CODE             PIC XX.                 ECS021T2
    99         16  TBL-PERIOD     OCCURS   15  TIMES  COMP-3.           ECS021T2
   100             20  TBL-ISS-CNT          PIC S9(7).                  ECS021T2
   101             20  TBL-CNC-CNT          PIC S9(7).                  ECS021T2
   102             20  TBL-ISS-PREM         PIC S9(11)V99.              ECS021T2
   103             20  TBL-CNC-PREM         PIC S9(11)V99.              ECS021T2
   104             20  TBL-NET-COMPEN       PIC S9(11)V99.              ECS021T2
   105             20  TBL-CLM-CNT          PIC S9(7).                  ECS021T2
   106             20  TBL-CLM-AMT          PIC S9(11)V99.              ECS021T2
   107             20  TBL-LOSS-RESV        PIC S9(11)V99.              ECS021T2
   108             20  TBL-EARND-PREM       PIC S9(9)V99.               ECS021T2
   109             20  TBL-PRM-INFRC        PIC S9(9)V99.               ECS021T2
   110             20  TBL-INFRC-CNT        PIC S9(9).                  ECS021T2
   111             20  TBL-AVG-AGE          PIC S9(9).                     CL**6
   112             20  TBL-AVG-ORG-TRM      PIC S9(9).                     CL**6
   113             20  TBL-WGHT-AGE         PIC S9(9).                     CL**6
   114             20  TBL-WGHT-ORG-TRM     PIC S9(9).                     CL**6
   115             20  TBL-EXP-PCT          PIC S9(3)V9(4).             ECS021T2
   116             20  TBL-ADDED-TO-CNT     PIC S9(5).                  ECS021T2
   117                                                                  ECS021T2
* Micro Focus Server Express         V5.1 revision 000 06-Oct-15 17:18 Page   6
* ECS021T2.cbl
   119*01  BREAK-EXTENSION-1.                                           ECS021T2
   120*    12  TABLE-EXTENSION-1      OCCURS   75 TIMES.                   CL**6
   121*        16  FILLER                       PIC X.                  ECS021T2
   122*        16  FILLER                       PIC XX.                 ECS021T2
   123*        16  TBL-EXTENSION-1    OCCURS   15  TIMES  COMP-3.       ECS021T2
   124*            20  FILLER               PIC S9(7).                  ECS021T2
   125*            20  FILLER               PIC S9(7).                  ECS021T2
   126*            20  FILLER               PIC S9(11)V99.              ECS021T2
   127*            20  FILLER               PIC S9(11)V99.              ECS021T2
   128*            20  FILLER               PIC S9(11)V99.              ECS021T2
   129*            20  FILLER               PIC S9(7).                  ECS021T2
   130*            20  FILLER               PIC S9(11)V99.              ECS021T2
   131*            20  FILLER               PIC S9(11)V99.              ECS021T2
   132*            20  FILLER               PIC S9(9)V99.               ECS021T2
   133*            20  FILLER               PIC S9(9)V99.               ECS021T2
   134*            20  FILLER               PIC S9(9).                  ECS021T2
   135*            20  FILLER               PIC S9(9).                     CL**6
   136*            20  FILLER               PIC S9(9).                     CL**6
   137*            20  FILLER               PIC S9(9).                     CL**6
   138*            20  FILLER               PIC S9(9).                     CL**6
   139*            20  FILLER               PIC S9(3)V9(4).             ECS021T2
   140*            20  FILLER               PIC S9(5).                  ECS021T2
   141*                                                                 ECS021T2
   142*    EJECT                                                        ECS021T2
   143*01  BREAK-EXTENSION-2.                                           ECS021T2
   144*    12  TABLE-EXTENSION-2      OCCURS   75 TIMES.                   CL**6
   145*        16  FILLER                       PIC X.                  ECS021T2
   146*        16  FILLER                       PIC XX.                 ECS021T2
   147*        16  TBL-EXTENSION-2    OCCURS   15  TIMES  COMP-3.       ECS021T2
   148*            20  FILLER               PIC S9(7).                  ECS021T2
   149*            20  FILLER               PIC S9(7).                  ECS021T2
   150*            20  FILLER               PIC S9(11)V99.              ECS021T2
   151*            20  FILLER               PIC S9(11)V99.              ECS021T2
   152*            20  FILLER               PIC S9(11)V99.              ECS021T2
   153*            20  FILLER               PIC S9(7).                  ECS021T2
   154*            20  FILLER               PIC S9(11)V99.              ECS021T2
   155*            20  FILLER               PIC S9(11)V99.              ECS021T2
   156*            20  FILLER               PIC S9(9)V99.               ECS021T2
   157*            20  FILLER               PIC S9(9)V99.               ECS021T2
   158*            20  FILLER               PIC S9(9).                  ECS021T2
   159*            20  FILLER               PIC S9(9).                     CL**6
   160*            20  FILLER               PIC S9(9).                     CL**6
   161*            20  FILLER               PIC S9(9).                     CL**6
   162*            20  FILLER               PIC S9(9).                     CL**6
   163*            20  FILLER               PIC S9(3)V9(4).                CL**6
   164*            20  FILLER               PIC S9(5).                     CL**6
   165*                                                                    CL**6
   166*01  BREAK-EXTENSION-3.                                              CL**6
   167*    12  TABLE-EXTENSION-3      OCCURS   75 TIMES.                   CL**6
   168*        16  FILLER                       PIC X.                     CL**6
   169*        16  FILLER                       PIC XX.                    CL**6
   170*        16  TBL-EXTENSION-3    OCCURS   15  TIMES  COMP-3.          CL**6
   171*            20  FILLER               PIC S9(7).                     CL**2
   172*            20  FILLER               PIC S9(7).                     CL**2
   173*            20  FILLER               PIC S9(11)V99.                 CL**6
   174*            20  FILLER               PIC S9(11)V99.                 CL**6
   175*            20  FILLER               PIC S9(11)V99.                 CL**6
   176*            20  FILLER               PIC S9(7).                     CL**2
* Micro Focus Server Express         V5.1 revision 000 06-Oct-15 17:18 Page   7
* ECS021T2.cbl
   177*            20  FILLER               PIC S9(11)V99.                 CL**6
   178*            20  FILLER               PIC S9(11)V99.                 CL**6
   179*            20  FILLER               PIC S9(9)V99.                  CL**6
   180*            20  FILLER               PIC S9(9)V99.                  CL**6
   181*            20  FILLER               PIC S9(9).                     CL**6
   182*            20  FILLER               PIC S9(9).                     CL**6
   183*            20  FILLER               PIC S9(9).                     CL**6
   184*            20  FILLER               PIC S9(9).                     CL**6
   185*            20  FILLER               PIC S9(9).                     CL**6
   186*            20  FILLER               PIC S9(3)V9(4).             ECS021T2
   187*            20  FILLER               PIC S9(5).                  ECS021T2
   188                                                                  ECS021T2
* Micro Focus Server Express         V5.1 revision 000 06-Oct-15 17:18 Page   8
* ECS021T2.cbl
   190 01  TOTAL-IDENTIFIER.                                            ECS021T2
   191     12  FILLER                       PIC X(28)                   ECS021T2
   192                       VALUE '**** START OF TOTAL TWO ****'.      ECS021T2
   193                                                                  ECS021T2
   194 01  BREAK-TOTAL-TABLE.                                           ECS021T2
   195     12  TABLE-TOTALS           OCCURS  3 TIMES.                  ECS021T2
   196         16  TOT-PERIOD     OCCURS   15  TIMES  COMP-3.           ECS021T2
   197             20  TOT-ISS-CNT          PIC S9(7).                  ECS021T2
   198             20  TOT-CNC-CNT          PIC S9(7).                  ECS021T2
   199             20  TOT-SINGLE-ELEM      PIC S9(7).                  ECS021T2
   200             20  TOT-JOINT-RETRO      PIC S9(7).                  ECS021T2
   201             20  TOT-LIFE-LEVEL       PIC S9(7).                  ECS021T2
   202             20  TOT-ISS-PREM         PIC S9(11)V99.              ECS021T2
   203             20  TOT-CNC-PREM         PIC S9(11)V99.              ECS021T2
   204             20  TOT-NET-COMPEN       PIC S9(11)V99.              ECS021T2
   205             20  TOT-LF-CLM-CNT       PIC S9(7).                  ECS021T2
   206             20  TOT-LF-CLM-AMT       PIC S9(11)V99.              ECS021T2
   207             20  TOT-AH-CLM-CNT       PIC S9(7).                  ECS021T2
   208             20  TOT-AH-CLM-AMT       PIC S9(11)V99.              ECS021T2
   209             20  TOT-LOSS-RESV        PIC S9(11)V99.              ECS021T2
   210             20  TOT-EARND-PREM       PIC S9(9)V99.               ECS021T2
   211             20  TOT-PRM-INFRC        PIC S9(9)V99.               ECS021T2
   212             20  TOT-INFRC-CNT        PIC S9(9).                  ECS021T2
   213             20  TOT-AVG-AGE          PIC S9(9).                     CL**6
   214             20  TOT-AVG-ORG-TRM      PIC S9(9).                     CL**6
   215             20  TOT-WGHT-AGE         PIC S9(9).                     CL**6
   216             20  TOT-WGHT-ORG-TRM     PIC S9(9).                     CL**6
   217             20  TOT-EXP-PCT          PIC S999V9(4).              ECS021T2
   218             20  TOT-ADDED-TO-CNT     PIC S9(5).                  ECS021T2
   219                                                                  ECS021T2
* Micro Focus Server Express         V5.1 revision 000 06-Oct-15 17:18 Page   9
* ECS021T2.cbl
   221                                                                  ECS021T2
   222 01  ZERO-IDENTIFIER.                                             ECS021T2
   223     12  FILLER                       PIC X(28)                   ECS021T2
   224                       VALUE '**** START OF ZERO TABLE****'.      ECS021T2
   225                                                                  ECS021T2
   226 01  ZERO-TABLE.                                                  ECS021T2
   227     12  ZERO-ACCUMULATORS.                                       ECS021T2
   228         16  ZERO-BENEFIT-TYPE            PIC X    VALUE SPACES.  ECS021T2
   229         16  ZERO-BENEFIT-CODE            PIC XX   VALUE ZEROS.   ECS021T2
   230         16  ZERO-PERIOD       OCCURS     15 TIMES COMP-3.        ECS021T2
   231             20  ZERO-ISS-CNT         PIC S9(7).                  ECS021T2
   232             20  ZERO-CNC-CNT         PIC S9(7).                  ECS021T2
   233             20  ZERO-ISS-PREM        PIC S9(11)V99.              ECS021T2
   234             20  ZERO-CNC-PREM        PIC S9(11)V99.              ECS021T2
   235             20  ZERO-NET-COMPEN      PIC S9(11)V99.              ECS021T2
   236             20  ZERO-CLM-CNT         PIC S9(7).                  ECS021T2
   237             20  ZERO-CLM-AMT         PIC S9(11)V99.              ECS021T2
   238             20  ZERO-LOSS-RESV       PIC S9(11)V99.              ECS021T2
   239             20  ZERO-EARND-PREM      PIC S9(9)V99.               ECS021T2
   240             20  ZERO-PRM-INFRC       PIC S9(9)V99.               ECS021T2
   241             20  ZERO-INFRC-CNT       PIC S9(9).                  ECS021T2
   242             20  ZERO-AVG-AGE         PIC S9(9).                     CL**6
   243             20  ZERO-AVG-ORG-TRM     PIC S9(9).                     CL**6
   244             20  ZERO-WGHT-AGE        PIC S9(9).                     CL**6
   245             20  ZERO-WGHT-ORG-TRM    PIC S9(9).                     CL**6
   246             20  ZERO-EXP-PCT         PIC S9(3)V9(4).             ECS021T2
   247             20  ZERO-ADDED-TO-CNT    PIC S9(5).                  ECS021T2
   248                                                                  ECS021T2
   249 01  ZERO-ENTRY-IDENTIFIER.                                       ECS021T2
   250     12  FILLER                   PIC X(28)                       ECS021T2
   251                           VALUE '****START OF ZERO ENTRY ****'.  ECS021T2
   252                                                                  ECS021T2
   253 01  ZERO-TABLE-ENTRIES.                                          ECS021T2
   254     12  ZERO-ACCUMS              COMP-3.                         ECS021T2
   255         16  FILLER               PIC S9(7)       VALUE +0.       ECS021T2
   256         16  FILLER               PIC S9(7)       VALUE +0.       ECS021T2
   257         16  FILLER               PIC S9(11)V99   VALUE +0.       ECS021T2
   258         16  FILLER               PIC S9(11)V99   VALUE +0.       ECS021T2
   259         16  FILLER               PIC S9(11)V99   VALUE +0.       ECS021T2
   260         16  FILLER               PIC S9(7)       VALUE +0.       ECS021T2
   261         16  FILLER               PIC S9(11)V99   VALUE +0.       ECS021T2
   262         16  FILLER               PIC S9(11)V99   VALUE +0.       ECS021T2
   263         16  FILLER               PIC S9(9)V99    VALUE +0.       ECS021T2
   264         16  FILLER               PIC S9(9)V99    VALUE +0.       ECS021T2
   265         16  FILLER               PIC S9(9)       VALUE +0.       ECS021T2
   266         16  FILLER               PIC S9(9)       VALUE +0.          CL**6
   267         16  FILLER               PIC S9(9)       VALUE +0.          CL**6
   268         16  FILLER               PIC S9(9)       VALUE +0.          CL**6
   269         16  FILLER               PIC S9(9)       VALUE +0.          CL**6
   270         16  FILLER               PIC S9(3)V9(4)  VALUE +0.       ECS021T2
   271         16  FILLER               PIC S9(5)       VALUE +0.       ECS021T2
   272                                                                  ECS021T2
* Micro Focus Server Express         V5.1 revision 000 06-Oct-15 17:18 Page  10
* ECS021T2.cbl
   274                                                                  ECS021T2
   275 01  ZERO-TOTAL-IDENTIFIER.                                       ECS021T2
   276     12  FILLER                   PIC X(28)                       ECS021T2
   277                           VALUE '****START OF ZERO TOTAL ****'.  ECS021T2
   278                                                                  ECS021T2
   279 01  ZERO-TOTAL-TABLE.                                            ECS021T2
   280     12  ZERO-TOTAL-ACCUMS  OCCURS  15 TIMES  COMP-3.             ECS021T2
   281         16  FILLER                   PIC S9(7).                  ECS021T2
   282         16  FILLER                   PIC S9(7).                  ECS021T2
   283         16  FILLER                   PIC S9(7).                  ECS021T2
   284         16  FILLER                   PIC S9(7).                  ECS021T2
   285         16  FILLER                   PIC S9(7).                  ECS021T2
   286         16  FILLER                   PIC S9(11)V99.              ECS021T2
   287         16  FILLER                   PIC S9(11)V99.              ECS021T2
   288         16  FILLER                   PIC S9(11)V99.              ECS021T2
   289         16  FILLER                   PIC S9(7).                  ECS021T2
   290         16  FILLER                   PIC S9(11)V99.              ECS021T2
   291         16  FILLER                   PIC S9(7).                  ECS021T2
   292         16  FILLER                   PIC S9(11)V99.              ECS021T2
   293         16  FILLER                   PIC S9(11)V99.              ECS021T2
   294         16  FILLER                   PIC S9(9)V99.               ECS021T2
   295         16  FILLER                   PIC S9(9)V99.               ECS021T2
   296         16  FILLER                   PIC S9(9).                  ECS021T2
   297         16  FILLER                   PIC S9(9).                     CL**6
   298         16  FILLER                   PIC S9(9).                     CL**6
   299         16  FILLER                   PIC S9(9).                     CL**6
   300         16  FILLER                   PIC S9(9).                     CL**6
   301         16  FILLER                   PIC S999V9(4).              ECS021T2
   302         16  FILLER                   PIC S9(5).                  ECS021T2
   303                                                                  ECS021T2
   304 01  ZERO-TOTAL-ENTRY         COMP-3.                             ECS021T2
   305     12  FILLER                       PIC S9(7)      VALUE +0.    ECS021T2
   306     12  FILLER                       PIC S9(7)      VALUE +0.    ECS021T2
   307     12  FILLER                       PIC S9(7)      VALUE +0.    ECS021T2
   308     12  FILLER                       PIC S9(7)      VALUE +0.    ECS021T2
   309     12  FILLER                       PIC S9(7)      VALUE +0.    ECS021T2
   310     12  FILLER                       PIC S9(11)V99  VALUE +0.    ECS021T2
   311     12  FILLER                       PIC S9(11)V99  VALUE +0.    ECS021T2
   312     12  FILLER                       PIC S9(11)V99  VALUE +0.    ECS021T2
   313     12  FILLER                       PIC S9(7)      VALUE +0.    ECS021T2
   314     12  FILLER                       PIC S9(11)V99  VALUE +0.    ECS021T2
   315     12  FILLER                       PIC S9(7)      VALUE +0.    ECS021T2
   316     12  FILLER                       PIC S9(11)V99  VALUE +0.    ECS021T2
   317     12  FILLER                       PIC S9(11)V99  VALUE +0.    ECS021T2
   318     12  FILLER                       PIC S9(9)V99   VALUE +0.    ECS021T2
   319     12  FILLER                       PIC S9(9)V99   VALUE +0.    ECS021T2
   320     12  FILLER                       PIC S9(9)      VALUE +0.    ECS021T2
   321     12  FILLER                       PIC S9(9)      VALUE +0.       CL**6
   322     12  FILLER                       PIC S9(9)      VALUE +0.       CL**6
   323     12  FILLER                       PIC S9(9)      VALUE +0.       CL**6
   324     12  FILLER                       PIC S9(9)      VALUE +0.       CL**6
   325     12  FILLER                       PIC S999V9(4)  VALUE +0.    ECS021T2
   326     12  FILLER                       PIC S9(5)      VALUE +0.    ECS021T2
   327                                                                  ECS021T2
   328                                                                  ECS021T2
* Micro Focus Server Express         V5.1 revision 000 06-Oct-15 17:18 Page  11
* ECS021T2.cbl
   330 LINKAGE SECTION.                                                 ECS021T2
   331                                                                  ECS021T2
   332*************************************************                 ECS021T2
   333*  ACTION REQUESTS:                             *                 ECS021T2
   334*                                               *                 ECS021T2
   335*  BZ - BUILD ZERO TABLE (1ST TIME PROCESSING)  *                 ECS021T2
   336*  ZT - ZERO INTERNAL TABLES                    *                 ECS021T2
   337*  AS - APPLY SORT RECORD TO INTERNAL TABLES    *                 ECS021T2
   338*  AT - ADD LINKAGE TABLES TO INTERNAL TABLES   *                 ECS021T2
   339*  MT - MOVE TABLES TO LINK TABLES              *                 ECS021T2
   340*************************************************                 ECS021T2
   341                                                                  ECS021T2
   342 01  REQUEST-TABLE.                                               ECS021T2
   343     12  PROCESSING-REQUEST    OCCURS 10   PIC X(2).              ECS021T2
   344     12  NUMBER-OF-REQUESTS                PIC S9(04) COMP.       ECS021T2
   345                                                                  ECS021T2
   346 01  SW-RECORD.                                                   ECS021T2
   347     12  SW-REPORT-CONTROL-KEY.                                   ECS021T2
   348         16  SW-BREAK-FIELD-1             PIC X(10).              ECS021T2
   349         16  SW-BREAK-FIELD-2             PIC X(10).              ECS021T2
   350         16  SW-BREAK-FIELD-3             PIC X(10).              ECS021T2
   351         16  SW-BREAK-FIELD-4             PIC X(10).              ECS021T2
   352         16  SW-BREAK-FIELD-5             PIC X(10).              ECS021T2
   353         16  SW-BREAK-FIELD-6             PIC X(10).              ECS021T2
   354         16  SW-ACCT-NAME                 PIC X(30).              ECS021T2
   355         16  SW-ACCT-STATUS               PIC X.
   356         16  SW-GA-NAME                   PIC X(30).                 CL**3
   357         16  SW-STATE-NAME                PIC X(25).                 CL**4
   358         16  SW-PROD-DATE                 PIC X(6).               ECS021T2
   359                                                                  ECS021T2
   360     12  SW-RECORD-DATA            OCCURS 23.                        CL**6
   361         16  SW-BENEFIT-TYPE              PIC X.                  ECS021T2
   362         16  SW-BENEFIT-CODE              PIC 99.                 ECS021T2
   363         16  SW-BEN-TBL-POS               PIC S999 COMP.          ECS021T2
   364                                                                  ECS021T2
   365         16  SW-PERIOD    COMP-3   OCCURS 15.                     ECS021T2
   366             24  SW-ISS-CNT               PIC S9(7).              ECS021T2
   367             24  SW-CNC-CNT               PIC S9(7).              ECS021T2
   368             24  SW-ISS-PREM              PIC S9(11)V99.          ECS021T2
   369             24  SW-CNC-PREM              PIC S9(11)V99.          ECS021T2
   370             24  SW-NET-COMPEN            PIC S9(11)V99.          ECS021T2
   371             24  SW-CLM-CNT               PIC S9(7).              ECS021T2
   372             24  SW-CLM-AMT               PIC S9(11)V99.          ECS021T2
   373             24  SW-LOSS-RESV             PIC S9(11)V99.          ECS021T2
   374             24  SW-PRM-EARND             PIC S9(9)V99.           ECS021T2
   375             24  SW-PRM-INFRC             PIC S9(9)V99.           ECS021T2
   376             24  SW-INFRC-CNT             PIC S9(9).              ECS021T2
   377             24  SW-AVG-AGE               PIC S9(9).                 CL**6
   378             24  SW-AVG-ORG-TRM           PIC S9(9).                 CL**6
   379             24  SW-WGHT-AGE              PIC S9(9).                 CL**6
   380             24  SW-WGHT-ORG-TRM          PIC S9(9).                 CL**6
   381             24  SW-EXP-PCT               PIC S999V9(4).          ECS021T2
   382             24  SW-ADDED-TO-CNT          PIC S9(5).              ECS021T2
   383                                                                  ECS021T2
* Micro Focus Server Express         V5.1 revision 000 06-Oct-15 17:18 Page  12
* ECS021T2.cbl
   385 01  LINK-TABLE.                                                  ECS021T2
   386     12  LINK-ACCUMULATORS   OCCURS  900 TIMES.                      CL**6
   387         16  LINK-BENEFIT-TYPE        PIC X.                      ECS021T2
   388         16  LINK-BENEFIT-CODE        PIC 99.                     ECS021T2
   389         16  LINK-PERIOD    OCCURS   15  TIMES  COMP-3.           ECS021T2
   390             20  LINK-ISS-CNT         PIC S9(7).                  ECS021T2
   391             20  LINK-CNC-CNT         PIC S9(7).                  ECS021T2
   392             20  LINK-ISS-PREM        PIC S9(11)V99.              ECS021T2
   393             20  LINK-CNC-PREM        PIC S9(11)V99.              ECS021T2
   394             20  LINK-NET-COMPEN      PIC S9(11)V99.              ECS021T2
   395             20  LINK-CLM-CNT         PIC S9(7).                  ECS021T2
   396             20  LINK-CLM-AMT         PIC S9(11)V99.              ECS021T2
   397             20  LINK-LOSS-RESV       PIC S9(11)V99.              ECS021T2
   398             20  LINK-EARND-PREM      PIC S9(9)V99.               ECS021T2
   399             20  LINK-PRM-INFRC       PIC S9(9)V99.               ECS021T2
   400             20  LINK-INFRC-CNT       PIC S9(9).                  ECS021T2
   401             20  LINK-AVG-AGE         PIC S9(9).                     CL**6
   402             20  LINK-AVG-ORG-TRM     PIC S9(9).                     CL**6
   403             20  LINK-WGHT-AGE        PIC S9(9).                     CL**6
   404             20  LINK-WGHT-ORG-TRM    PIC S9(9).                     CL**6
   405             20  LINK-EXP-PCT         PIC S999V9(4).              ECS021T2
   406             20  LINK-ADDED-TO-CNT    PIC S9(5).                  ECS021T2
   407                                                                  ECS021T2
   408*01  LINK-EXTENSION-1.                                            ECS021T2
   409*    12  LINK-TBL-EXTENSION-1    OCCURS   75 TIMES.                  CL**6
   410*        16  FILLER                       PIC X.                  ECS021T2
   411*        16  FILLER                       PIC 99.                 ECS021T2
   412*        16  LINK-EXT-1          OCCURS   15  TIMES  COMP-3.      ECS021T2
   413*            20  FILLER               PIC S9(7).                  ECS021T2
   414*            20  FILLER               PIC S9(7).                  ECS021T2
   415*            20  FILLER               PIC S9(11)V99.              ECS021T2
   416*            20  FILLER               PIC S9(11)V99.              ECS021T2
   417*            20  FILLER               PIC S9(11)V99.              ECS021T2
   418*            20  FILLER               PIC S9(7).                  ECS021T2
   419*            20  FILLER               PIC S9(11)V99.              ECS021T2
   420*            20  FILLER               PIC S9(11)V99.              ECS021T2
   421*            20  FILLER               PIC S9(9)V99.               ECS021T2
   422*            20  FILLER               PIC S9(9)V99.               ECS021T2
   423*            20  FILLER               PIC S9(9).                  ECS021T2
   424*            20  FILLER               PIC S9(9).                     CL**6
   425*            20  FILLER               PIC S9(9).                     CL**6
   426*            20  FILLER               PIC S9(9).                     CL**6
   427*            20  FILLER               PIC S9(9).                     CL**6
   428*            20  FILLER               PIC S9(3)V9(4).             ECS021T2
   429*            20  FILLER               PIC S9(5).                  ECS021T2
   430*                                                                 ECS021T2
   431*01  LINK-EXTENSION-2.                                            ECS021T2
   432*    12  LINK-TBL-EXTENSION-2    OCCURS   75 TIMES.                  CL**6
   433*        16  FILLER                       PIC X.                  ECS021T2
   434*        16  FILLER                       PIC 99.                 ECS021T2
   435*        16  LINK-EXT-2          OCCURS   15  TIMES  COMP-3.      ECS021T2
   436*            20  FILLER               PIC S9(7).                  ECS021T2
   437*            20  FILLER               PIC S9(7).                  ECS021T2
   438*            20  FILLER               PIC S9(11)V99.              ECS021T2
   439*            20  FILLER               PIC S9(11)V99.              ECS021T2
   440*            20  FILLER               PIC S9(11)V99.              ECS021T2
   441*            20  FILLER               PIC S9(7).                  ECS021T2
   442*            20  FILLER               PIC S9(11)V99.              ECS021T2
* Micro Focus Server Express         V5.1 revision 000 06-Oct-15 17:18 Page  13
* ECS021T2.cbl
   443*            20  FILLER               PIC S9(11)V99.              ECS021T2
   444*            20  FILLER               PIC S9(9)V99.               ECS021T2
   445*            20  FILLER               PIC S9(9)V99.               ECS021T2
   446*            20  FILLER               PIC S9(9).                  ECS021T2
   447*            20  FILLER               PIC S9(9).                     CL**6
   448*            20  FILLER               PIC S9(9).                     CL**6
   449*            20  FILLER               PIC S9(9).                     CL**6
   450*            20  FILLER               PIC S9(9).                     CL**6
   451*            20  FILLER               PIC S9(3)V9(4).                CL**6
   452*            20  FILLER               PIC S9(5).                     CL**6
   453*                                                                    CL**6
   454*01  LINK-EXTENSION-3.                                               CL**6
   455*    12  LINK-TBL-EXTENSION-3    OCCURS   75 TIMES.                  CL**6
   456*        16  FILLER                       PIC X.                     CL**6
   457*        16  FILLER                       PIC 99.                    CL**6
   458*        16  LINK-EXT-3          OCCURS   15  TIMES  COMP-3.         CL**6
   459*            20  FILLER               PIC S9(7).                     CL**2
   460*            20  FILLER               PIC S9(7).                     CL**2
   461*            20  FILLER               PIC S9(11)V99.                 CL**6
   462*            20  FILLER               PIC S9(11)V99.                 CL**6
   463*            20  FILLER               PIC S9(11)V99.                 CL**6
   464*            20  FILLER               PIC S9(7).                     CL**2
   465*            20  FILLER               PIC S9(11)V99.                 CL**6
   466*            20  FILLER               PIC S9(11)V99.                 CL**6
   467*            20  FILLER               PIC S9(9)V99.                  CL**6
   468*            20  FILLER               PIC S9(9)V99.                  CL**6
   469*            20  FILLER               PIC S9(9).                     CL**6
   470*            20  FILLER               PIC S9(9).                     CL**6
   471*            20  FILLER               PIC S9(9).                     CL**6
   472*            20  FILLER               PIC S9(9).                     CL**6
   473*            20  FILLER               PIC S9(9).                     CL**6
   474*            20  FILLER               PIC S9(3)V9(4).             ECS021T2
   475*            20  FILLER               PIC S9(5).                  ECS021T2
   476                                                                  ECS021T2
   477                                                                  ECS021T2
* Micro Focus Server Express         V5.1 revision 000 06-Oct-15 17:18 Page  14
* ECS021T2.cbl
   479 01  LINK-TOTAL-TABLE.                                            ECS021T2
   480     12  LINK-TOTALS     OCCURS  3 TIMES.                         ECS021T2
   481         16  LINK-T-PERIOD  COMP-3 OCCURS 15 TIMES.               ECS021T2
   482             20  LINK-T-ISS-CNT       PIC S9(7).                  ECS021T2
   483             20  LINK-T-CNC-CNT       PIC S9(7).                  ECS021T2
   484             20  LINK-T-SINGLE-ELEM   PIC S9(7).                  ECS021T2
   485             20  LINK-T-JOINT-RETRO   PIC S9(7).                  ECS021T2
   486             20  LINK-T-LIFE-LEVEL    PIC S9(7).                  ECS021T2
   487             20  LINK-T-ISS-PREM      PIC S9(11)V99.              ECS021T2
   488             20  LINK-T-CNC-PREM      PIC S9(11)V99.              ECS021T2
   489             20  LINK-T-NET-COMPEN    PIC S9(11)V99.              ECS021T2
   490             20  LINK-T-LF-CLM-CNT    PIC S9(7).                  ECS021T2
   491             20  LINK-T-LF-CLM-AMT    PIC S9(11)V99.              ECS021T2
   492             20  LINK-T-AH-CLM-CNT    PIC S9(7).                  ECS021T2
   493             20  LINK-T-AH-CLM-AMT    PIC S9(11)V99.              ECS021T2
   494             20  LINK-T-LOSS-RESV     PIC S9(11)V99.              ECS021T2
   495             20  LINK-T-EARND-PREM    PIC S9(9)V99.               ECS021T2
   496             20  LINK-T-PRM-INFRC     PIC S9(9)V99.               ECS021T2
   497             20  LINK-T-INFRC-CNT     PIC S9(9).                  ECS021T2
   498             20  LINK-T-AVG-AGE       PIC S9(9).                     CL**6
   499             20  LINK-T-AVG-ORG-TRM   PIC S9(9).                     CL**6
   500             20  LINK-T-WGHT-AGE      PIC S9(9).                     CL**6
   501             20  LINK-T-WGHT-ORG-TRM  PIC S9(9).                     CL**6
   502             20  LINK-T-EXP-PCT       PIC S999V9(4).              ECS021T2
   503             20  LINK-T-ADDED-TO-CNT  PIC S9(5).                  ECS021T2
   504                                                                  ECS021T2
* Micro Focus Server Express         V5.1 revision 000 06-Oct-15 17:18 Page  15
* ECS021T2.cbl
   506 01  CLASIC-SYSTEM-CODES.                                         ECS021T2
   507     12  DTE-COLC-ID                 PIC  X(4).                   ECS021T2
   508     12  DTE-CLASIC-COMPANY-CD       PIC  X.                      ECS021T2
   509     12  DTE-CLASIC-COMPANY-NUMBER   PIC  999.                    ECS021T2
   510     12  DTE-CLASIC-CLAIM-ACCESS     PIC  X.                      ECS021T2
   511     12  CLASIC-REIN-MAINT           PIC  XX.                     ECS021T2
   512     12  CLASIC-COMP-MAINT           PIC  XX.                     ECS021T2
   513     12  CLASIC-ACCT-MAINT           PIC  XX.                     ECS021T2
   514     12  CLASIC-CTBL-MAINT           PIC  XX.                     ECS021T2
   515     12  CLASIC-RATE-MAINT           PIC  XX.                     ECS021T2
   516     12  CLASIC-CREDIT-EOM-DT        PIC  XX.                     ECS021T2
   517     12  CLASIC-CLAIMS-EOM-DT        PIC  XX.                     ECS021T2
   518                                                                  ECS021T2
   519     12  LIFE-OVERRIDE-L1            PIC  X.                      ECS021T2
   520     12  LIFE-OVERRIDE-L2            PIC  XX.                     ECS021T2
   521     12  LIFE-OVERRIDE-L6            PIC  X(6).                   ECS021T2
   522     12  LIFE-OVERRIDE-L12           PIC  X(12).                  ECS021T2
   523                                                                  ECS021T2
   524     12  AH-OVERRIDE-L1              PIC  X.                      ECS021T2
   525     12  AH-OVERRIDE-L2              PIC  XX.                     ECS021T2
   526     12  AH-OVERRIDE-L6              PIC  X(6).                   ECS021T2
   527     12  AH-OVERRIDE-L12             PIC  X(12).                  ECS021T2
   528                                                                  ECS021T2
   529     12  CLAS-REPORT-CD1-CAPTION     PIC  X(10).                  ECS021T2
   530     12  CLAS-REPORT-CD2-CAPTION     PIC  X(10).                  ECS021T2
   531                                                                  ECS021T2
   532     12  CLASIC-MORTG-EOM-DT         PIC  XX.                     ECS021T2
   533     12  CLASIC-AR-EOM-DT            PIC  XX.                     ECS021T2
   534                                                                  ECS021T2
   535     12  FILLER                      PIC  X(11).                  ECS021T2
   536                                                                  ECS021T2
   537                                                                  ECS021T2
   538 01  CLAS-INS-TYPES.                                              ECS021T2
   539     12 CLAS-ALL-TYPES               OCCURS 900 TIMES.            ECS021T2
   540         16  CLAS-I-BEN              PIC  XX.                     ECS021T2
   541         16  CLAS-I-AB3.                                          ECS021T2
   542             20  FILLER              PIC  X.                      ECS021T2
   543             20  CLAS-I-AB2.                                      ECS021T2
   544                 24  FILLER          PIC  X.                      ECS021T2
   545                 24  CLAS-I-AB1      PIC  X.                      ECS021T2
   546         16  CLAS-I-AB10.                                         ECS021T2
   547             20  FILLER              PIC  X(9).                   ECS021T2
   548             20  CLAS-I-REIN-YN      PIC  X.                      ECS021T2
   549         16  CLAS-I-COMMENT          PIC  X(10).                  ECS021T2
   550         16  CLAS-I-JOINT            PIC  X.                      ECS021T2
   551         16  CLAS-I-RL-AH            PIC  X.                      ECS021T2
   552         16  CLAS-I-CALC-TYPE.                                    ECS021T2
   553             20  CLAS-I-BAL          PIC  X.                      ECS021T2
   554         16  CLAS-I-EP               PIC  X.                      ECS021T2
   555         16  FILLER                  PIC  X(9).                   ECS021T2
   556                                                                  ECS021T2
   557 01  CLAS-INDEX-TBL.                                              ECS021T2
   558     12  CLAX-ID                     PIC X(4).                    ECS021T2
   559     12  CLAS-STARTC                 PIC S9(4) COMP.              ECS021T2
   560     12  CLAS-MAXC                   PIC S9(4) COMP.              ECS021T2
   561     12  CLAS-STARTL                 PIC S9(4) COMP.              ECS021T2
   562     12  CLAS-MAXL                   PIC S9(4) COMP.              ECS021T2
   563     12  CLAS-STARTA                 PIC S9(4) COMP.              ECS021T2
* Micro Focus Server Express         V5.1 revision 000 06-Oct-15 17:18 Page  16
* ECS021T2.cbl
   564     12  CLAS-MAXA                   PIC S9(4) COMP.              ECS021T2
   565     12  CLAS-STARTM                 PIC S9(4) COMP.              ECS021T2
   566     12  CLAS-MAXM                   PIC S9(4) COMP.              ECS021T2
   567     12  CLAS-STARTB                 PIC S9(4) COMP.              ECS021T2
   568     12  CLAS-MAXB                   PIC S9(4) COMP.              ECS021T2
   569     12  CLAS-STARTS                 PIC S9(4) COMP.              ECS021T2
   570     12  CLAS-MAXS                   PIC S9(4) COMP.              ECS021T2
   571     12  CLAS-STARTE                 PIC S9(4) COMP.              ECS021T2
   572     12  CLAS-MAXE                   PIC S9(4) COMP.              ECS021T2
   573     12  CLAS-STARTCN                PIC S9(4) COMP.              ECS021T2
   574     12  CLAS-MAXCN                  PIC S9(4) COMP.              ECS021T2
   575                                                                  ECS021T2
* Micro Focus Server Express         V5.1 revision 000 06-Oct-15 17:18 Page  17
* ECS021T2.cbl
   577 PROCEDURE DIVISION USING REQUEST-TABLE                           ECS021T2
   578                          SW-RECORD                               ECS021T2
   579                          LINK-TABLE                              ECS021T2
   580*                         LINK-EXTENSION-1                        ECS021T2
   581*                         LINK-EXTENSION-2                        ECS021T2
   582*                         LINK-EXTENSION-3                           CL**6
   583                          LINK-TOTAL-TABLE                        ECS021T2
   584                          CLASIC-SYSTEM-CODES                     ECS021T2
   585                          CLAS-INS-TYPES                          ECS021T2
   586                          CLAS-INDEX-TBL.                         ECS021T2
   587                                                                  ECS021T2
   588 1000-PROCESS-REQUESTS.                                           ECS021T2
   589                                                                  ECS021T2
   590     PERFORM 2000-READ-REQUEST-TABLE THRU 2000-EXIT               ECS021T2
   591         VARYING REQ-IDX  FROM  ONE BY ONE                        ECS021T2
   592             UNTIL REQ-IDX GREATER THAN NUMBER-OF-REQUESTS.       ECS021T2
   593                                                                  ECS021T2
   594     GOBACK.                                                      ECS021T2
   595                                                                  ECS021T2
   596 1000-EXIT.                                                       ECS021T2
   597     EXIT.                                                        ECS021T2
   598                                                                  ECS021T2
   599 2000-READ-REQUEST-TABLE.                                         ECS021T2
   600                                                                  ECS021T2
   601     IF PROCESSING-REQUEST (REQ-IDX) EQUAL W-BUILD-ZERO-TABLE     ECS021T2
   602         PERFORM 9000-INITIALIZE-ZERO-TABLE THRU 9000-EXIT        ECS021T2
   603         PERFORM 8000-ZERO-ENTIRE-TABLE THRU 8000-EXIT            ECS021T2
   604         GO TO 2000-EXIT.                                         ECS021T2
   605                                                                  ECS021T2
   606     IF PROCESSING-REQUEST (REQ-IDX) EQUAL W-ZERO-TABLE           ECS021T2
   607         PERFORM 8000-ZERO-ENTIRE-TABLE THRU 8000-EXIT            ECS021T2
   608         GO TO 2000-EXIT.                                         ECS021T2
   609                                                                  ECS021T2
   610     IF PROCESSING-REQUEST (REQ-IDX) EQUAL W-APPLY-SORT-RCD       ECS021T2
   611         PERFORM 5000-APPLY-SORT-RECORD THRU 5000-EXIT            ECS021T2
   612         GO TO 2000-EXIT.                                         ECS021T2
   613                                                                  ECS021T2
   614     IF PROCESSING-REQUEST (REQ-IDX) EQUAL W-ADD-LINK-TABLES      ECS021T2
   615         PERFORM 3000-ADD-TABLE-RTN THRU 3000-EXIT                ECS021T2
   616         PERFORM 4000-ADD-TOTAL-RTN THRU 4000-EXIT                ECS021T2
   617         GO TO 2000-EXIT.                                         ECS021T2
   618                                                                  ECS021T2
   619     IF PROCESSING-REQUEST (REQ-IDX) EQUAL W-MOVE-TO-LINK         ECS021T2
   620         PERFORM 7000-MOVE-TABLES THRU 7000-EXIT.                 ECS021T2
   621                                                                  ECS021T2
   622 2000-EXIT.                                                       ECS021T2
   623     EXIT.                                                        ECS021T2
   624                                                                  ECS021T2
* Micro Focus Server Express         V5.1 revision 000 06-Oct-15 17:18 Page  18
* ECS021T2.cbl
   626*******************************************                       ECS021T2
   627*  (2000) ADDS TABLE (2) TO LINK TABLE    *                       ECS021T2
   628*******************************************                       ECS021T2
   629                                                                  ECS021T2
   630 3000-ADD-TABLE-RTN.                                              ECS021T2
   631     MOVE +1                     TO BEN-IDX.                      ECS021T2
   632                                                                  ECS021T2
   633 3000-ZERO-ACCESS-LOOP.                                           ECS021T2
   634     IF BEN-IDX GREATER CLAS-MAXA                                 ECS021T2
   635         GO TO 3000-EXIT.                                         ECS021T2
   636                                                                  ECS021T2
   637     IF LINK-BENEFIT-CODE (BEN-IDX) = ZERO                        ECS021T2
   638         ADD +1                  TO BEN-IDX                       ECS021T2
   639         GO TO 3000-ZERO-ACCESS-LOOP.                             ECS021T2
   640                                                                  ECS021T2
   641     MOVE LINK-BENEFIT-TYPE (BEN-IDX)                             ECS021T2
   642                                 TO TBL-BENEFIT-TYPE (BEN-IDX).   ECS021T2
   643     MOVE LINK-BENEFIT-CODE (BEN-IDX)                             ECS021T2
   644                                 TO TBL-BENEFIT-CODE (BEN-IDX).   ECS021T2
   645                                                                  ECS021T2
   646     MOVE +1                     TO DTE-IDX.                      ECS021T2
   647                                                                  ECS021T2
   648 3000-ACTIVE-BENEFIT-LOOP.                                        ECS021T2
   649                                                                  ECS021T2
   650     ADD LINK-ISS-CNT     (BEN-IDX DTE-IDX) TO                    ECS021T2
   651                              TBL-ISS-CNT      (BEN-IDX DTE-IDX). ECS021T2
   652     ADD LINK-CNC-CNT     (BEN-IDX DTE-IDX) TO                    ECS021T2
   653                              TBL-CNC-CNT      (BEN-IDX DTE-IDX). ECS021T2
   654     ADD LINK-ISS-PREM    (BEN-IDX DTE-IDX) TO                    ECS021T2
   655                              TBL-ISS-PREM     (BEN-IDX DTE-IDX). ECS021T2
   656     ADD LINK-CNC-PREM    (BEN-IDX DTE-IDX) TO                    ECS021T2
   657                              TBL-CNC-PREM     (BEN-IDX DTE-IDX). ECS021T2
   658     ADD LINK-NET-COMPEN  (BEN-IDX DTE-IDX) TO                    ECS021T2
   659                              TBL-NET-COMPEN   (BEN-IDX DTE-IDX). ECS021T2
   660     ADD LINK-CLM-CNT     (BEN-IDX DTE-IDX) TO                    ECS021T2
   661                              TBL-CLM-CNT      (BEN-IDX DTE-IDX). ECS021T2
   662     ADD LINK-CLM-AMT     (BEN-IDX DTE-IDX) TO                    ECS021T2
   663                              TBL-CLM-AMT      (BEN-IDX DTE-IDX). ECS021T2
   664     ADD LINK-LOSS-RESV   (BEN-IDX DTE-IDX) TO                    ECS021T2
   665                              TBL-LOSS-RESV    (BEN-IDX DTE-IDX). ECS021T2
   666     ADD LINK-EARND-PREM  (BEN-IDX DTE-IDX) TO                    ECS021T2
   667                              TBL-EARND-PREM   (BEN-IDX DTE-IDX). ECS021T2
   668     ADD LINK-PRM-INFRC   (BEN-IDX DTE-IDX) TO                    ECS021T2
   669                              TBL-PRM-INFRC    (BEN-IDX DTE-IDX). ECS021T2
   670     ADD LINK-INFRC-CNT   (BEN-IDX DTE-IDX) TO                    ECS021T2
   671                              TBL-INFRC-CNT    (BEN-IDX DTE-IDX). ECS021T2
   672     ADD LINK-AVG-AGE      (BEN-IDX DTE-IDX) TO                   ECS021T2
   673                              TBL-AVG-AGE      (BEN-IDX DTE-IDX). ECS021T2
   674     ADD LINK-AVG-ORG-TRM (BEN-IDX DTE-IDX) TO                    ECS021T2
   675                              TBL-AVG-ORG-TRM (BEN-IDX DTE-IDX).  ECS021T2
   676     ADD LINK-WGHT-AGE    (BEN-IDX DTE-IDX) TO                    ECS021T2
   677                              TBL-WGHT-AGE     (BEN-IDX DTE-IDX). ECS021T2
   678     ADD LINK-WGHT-ORG-TRM(BEN-IDX DTE-IDX) TO                    ECS021T2
   679                              TBL-WGHT-ORG-TRM(BEN-IDX DTE-IDX).  ECS021T2
   680     ADD LINK-EXP-PCT     (BEN-IDX DTE-IDX) TO                    ECS021T2
   681                              TBL-EXP-PCT      (BEN-IDX DTE-IDX). ECS021T2
   682     ADD LINK-ADDED-TO-CNT(BEN-IDX DTE-IDX) TO                    ECS021T2
   683                              TBL-ADDED-TO-CNT(BEN-IDX DTE-IDX).  ECS021T2
* Micro Focus Server Express         V5.1 revision 000 06-Oct-15 17:18 Page  19
* ECS021T2.cbl
   684                                                                  ECS021T2
   685     ADD +1 TO DTE-IDX.                                           ECS021T2
   686                                                                  ECS021T2
   687     IF DTE-IDX LESS +16                                          ECS021T2
   688         GO TO 3000-ACTIVE-BENEFIT-LOOP                           ECS021T2
   689     ELSE                                                         ECS021T2
   690         ADD +1 TO BEN-IDX                                        ECS021T2
   691         GO TO 3000-ZERO-ACCESS-LOOP.                             ECS021T2
   692                                                                  ECS021T2
   693 3000-EXIT.                                                       ECS021T2
   694      EXIT.                                                       ECS021T2
   695                                                                  ECS021T2
* Micro Focus Server Express         V5.1 revision 000 06-Oct-15 17:18 Page  20
* ECS021T2.cbl
   697*******************************************************           ECS021T2
   698*  (3050) DUMPS TOTAL TABLE (2) INTO TOTAL TABLE (1)  *           ECS021T2
   699*******************************************************           ECS021T2
   700 4000-ADD-TOTAL-RTN.                                              ECS021T2
   701     MOVE +1                     TO BEN-IDX                       ECS021T2
   702                                    DTE-IDX.                      ECS021T2
   703                                                                  ECS021T2
   704 4000-TOTAL-BENEFITS-LOOP.                                        ECS021T2
   705     ADD LINK-T-ISS-CNT   (BEN-IDX DTE-IDX) TO                    ECS021T2
   706                              TOT-ISS-CNT      (BEN-IDX DTE-IDX). ECS021T2
   707     ADD LINK-T-CNC-CNT   (BEN-IDX DTE-IDX) TO                    ECS021T2
   708                              TOT-CNC-CNT      (BEN-IDX DTE-IDX). ECS021T2
   709     ADD LINK-T-SINGLE-ELEM (BEN-IDX DTE-IDX) TO                  ECS021T2
   710                              TOT-SINGLE-ELEM (BEN-IDX DTE-IDX).     CL**2
   711     ADD LINK-T-JOINT-RETRO (BEN-IDX DTE-IDX) TO                  ECS021T2
   712                              TOT-JOINT-RETRO (BEN-IDX DTE-IDX).     CL**2
   713     ADD LINK-T-LIFE-LEVEL (BEN-IDX DTE-IDX) TO                   ECS021T2
   714                              TOT-LIFE-LEVEL (BEN-IDX DTE-IDX).   ECS021T2
   715     ADD LINK-T-ISS-PREM  (BEN-IDX DTE-IDX) TO                    ECS021T2
   716                              TOT-ISS-PREM     (BEN-IDX DTE-IDX). ECS021T2
   717     ADD LINK-T-CNC-PREM  (BEN-IDX DTE-IDX) TO                    ECS021T2
   718                              TOT-CNC-PREM     (BEN-IDX DTE-IDX). ECS021T2
   719     ADD LINK-T-NET-COMPEN (BEN-IDX DTE-IDX) TO                   ECS021T2
   720                              TOT-NET-COMPEN (BEN-IDX DTE-IDX).   ECS021T2
   721     ADD LINK-T-LF-CLM-CNT (BEN-IDX DTE-IDX) TO                   ECS021T2
   722                              TOT-LF-CLM-CNT (BEN-IDX DTE-IDX).   ECS021T2
   723     ADD LINK-T-LF-CLM-AMT (BEN-IDX DTE-IDX) TO                   ECS021T2
   724                              TOT-LF-CLM-AMT (BEN-IDX DTE-IDX).   ECS021T2
   725     ADD LINK-T-AH-CLM-CNT (BEN-IDX DTE-IDX) TO                   ECS021T2
   726                              TOT-AH-CLM-CNT (BEN-IDX DTE-IDX).   ECS021T2
   727     ADD LINK-T-AH-CLM-AMT (BEN-IDX DTE-IDX) TO                   ECS021T2
   728                              TOT-AH-CLM-AMT (BEN-IDX DTE-IDX).   ECS021T2
   729     ADD LINK-T-LOSS-RESV (BEN-IDX DTE-IDX) TO                    ECS021T2
   730                              TOT-LOSS-RESV (BEN-IDX DTE-IDX).    ECS021T2
   731     ADD LINK-T-EARND-PREM (BEN-IDX DTE-IDX) TO                   ECS021T2
   732                              TOT-EARND-PREM (BEN-IDX DTE-IDX).   ECS021T2
   733     ADD LINK-T-PRM-INFRC (BEN-IDX DTE-IDX) TO                    ECS021T2
   734                              TOT-PRM-INFRC (BEN-IDX DTE-IDX).    ECS021T2
   735     ADD LINK-T-INFRC-CNT (BEN-IDX DTE-IDX) TO                    ECS021T2
   736                              TOT-INFRC-CNT (BEN-IDX DTE-IDX).    ECS021T2
   737     ADD LINK-T-AVG-AGE    (BEN-IDX DTE-IDX) TO                   ECS021T2
   738                              TOT-AVG-AGE      (BEN-IDX DTE-IDX). ECS021T2
   739     ADD LINK-T-AVG-ORG-TRM (BEN-IDX DTE-IDX) TO                  ECS021T2
   740                              TOT-AVG-ORG-TRM (BEN-IDX DTE-IDX).     CL**2
   741     ADD LINK-T-WGHT-AGE  (BEN-IDX DTE-IDX) TO                    ECS021T2
   742                              TOT-WGHT-AGE     (BEN-IDX DTE-IDX). ECS021T2
   743     ADD LINK-T-WGHT-ORG-TRM(BEN-IDX DTE-IDX) TO                  ECS021T2
   744                              TOT-WGHT-ORG-TRM(BEN-IDX DTE-IDX).     CL**2
   745     ADD LINK-T-EXP-PCT   (BEN-IDX DTE-IDX) TO                    ECS021T2
   746                              TOT-EXP-PCT      (BEN-IDX DTE-IDX). ECS021T2
   747     ADD LINK-T-ADDED-TO-CNT(BEN-IDX DTE-IDX) TO                  ECS021T2
   748                              TOT-ADDED-TO-CNT(BEN-IDX DTE-IDX).     CL**2
   749                                                                  ECS021T2
   750     ADD +1 TO DTE-IDX.                                           ECS021T2
   751                                                                  ECS021T2
   752     IF DTE-IDX LESS +16                                          ECS021T2
   753         GO TO 4000-TOTAL-BENEFITS-LOOP.                          ECS021T2
   754                                                                  ECS021T2
* Micro Focus Server Express         V5.1 revision 000 06-Oct-15 17:18 Page  21
* ECS021T2.cbl
   755     IF BEN-IDX LESS +3                                           ECS021T2
   756         ADD +1                  TO BEN-IDX                       ECS021T2
   757         MOVE +1                 TO DTE-IDX                       ECS021T2
   758         GO TO 4000-TOTAL-BENEFITS-LOOP.                          ECS021T2
   759                                                                  ECS021T2
   760 4000-EXIT.                                                       ECS021T2
   761      EXIT.                                                       ECS021T2
   762                                                                  ECS021T2
* Micro Focus Server Express         V5.1 revision 000 06-Oct-15 17:18 Page  22
* ECS021T2.cbl
   764**************************************************************    ECS021T2
   765*  THE FOLLOWING INDEXES ARE USED IN ROUTINES 5000 AND 6000  *    ECS021T2
   766*                                                            *    ECS021T2
   767*  1. BRK-IDX - USED TO INDEX BENEFIT LEVEL OF SORT RECORD   *    ECS021T2
   768*                 VARIED FROM 1 TO 23                        *       CL**6
   769*  2. BEN-IDX - USED TO INDEX BENEFIT LEVEL OF ACCUMULATED   *    ECS021T2
   770*                 BREAK TABLES VARIED FROM 1 TO 75           *       CL**6
   771*  3. TOT-IDX - USED TO INDEX BENEFIT TYPE OF TOTALS         *    ECS021T2
   772*                 TABLES VARIED FROM 1 TO 2                  *    ECS021T2
   773*  4. DTE-IDX - USED TO INDEX DATE RANGES OF ALL TABLES      *    ECS021T2
   774*                 AND RECORDS VARIED FROM 1 TO 15            *    ECS021T2
   775**************************************************************    ECS021T2
   776                                                                  ECS021T2
   777 5000-APPLY-SORT-RECORD.                                          ECS021T2
   778     MOVE +1                     TO BRK-IDX.                      ECS021T2
   779                                                                  ECS021T2
   780 5000-BENEFIT-LOOP.                                               ECS021T2
   781     IF SW-BENEFIT-CODE   (BRK-IDX) = ZEROS                       ECS021T2
   782         GO TO 5000-EXIT.                                         ECS021T2
   783                                                                  ECS021T2
   784     MOVE SW-BEN-TBL-POS  (BRK-IDX)                               ECS021T2
   785                                 TO BEN-IDX.                      ECS021T2
   786     MOVE SW-BENEFIT-CODE (BRK-IDX)                               ECS021T2
   787                                 TO TBL-BENEFIT-CODE (BEN-IDX).   ECS021T2
   788     MOVE SW-BENEFIT-TYPE (BRK-IDX)                               ECS021T2
   789                                 TO TBL-BENEFIT-TYPE (BEN-IDX).   ECS021T2
   790     MOVE +1                     TO DTE-IDX.                      ECS021T2
   791                                                                  ECS021T2
   792 5000-DATE-RANGE-LOOP.                                            ECS021T2
   793     ADD SW-ISS-CNT     (BRK-IDX DTE-IDX)                         ECS021T2
   794                           TO TBL-ISS-CNT      (BEN-IDX DTE-IDX). ECS021T2
   795     ADD SW-CNC-CNT     (BRK-IDX DTE-IDX)                         ECS021T2
   796                           TO TBL-CNC-CNT      (BEN-IDX DTE-IDX). ECS021T2
   797     ADD SW-ISS-PREM    (BRK-IDX DTE-IDX)                         ECS021T2
   798                           TO TBL-ISS-PREM     (BEN-IDX DTE-IDX). ECS021T2
   799     ADD SW-CNC-PREM    (BRK-IDX DTE-IDX)                         ECS021T2
   800                           TO TBL-CNC-PREM     (BEN-IDX DTE-IDX). ECS021T2
   801     ADD SW-NET-COMPEN  (BRK-IDX DTE-IDX)                         ECS021T2
   802                           TO TBL-NET-COMPEN   (BEN-IDX DTE-IDX). ECS021T2
   803     ADD SW-CLM-CNT     (BRK-IDX DTE-IDX)                         ECS021T2
   804                           TO TBL-CLM-CNT      (BEN-IDX DTE-IDX). ECS021T2
   805     ADD SW-CLM-AMT     (BRK-IDX DTE-IDX)                         ECS021T2
   806                           TO TBL-CLM-AMT      (BEN-IDX DTE-IDX). ECS021T2
   807     ADD SW-LOSS-RESV   (BRK-IDX DTE-IDX)                         ECS021T2
   808                           TO TBL-LOSS-RESV    (BEN-IDX DTE-IDX). ECS021T2
   809     ADD SW-PRM-EARND   (BRK-IDX DTE-IDX)                         ECS021T2
   810                           TO TBL-EARND-PREM   (BEN-IDX DTE-IDX). ECS021T2
   811     ADD SW-PRM-INFRC   (BRK-IDX DTE-IDX)                         ECS021T2
   812                           TO TBL-PRM-INFRC    (BEN-IDX DTE-IDX). ECS021T2
   813     ADD SW-INFRC-CNT   (BRK-IDX DTE-IDX)                         ECS021T2
   814                           TO TBL-INFRC-CNT    (BEN-IDX DTE-IDX). ECS021T2
   815     ADD SW-AVG-AGE     (BRK-IDX DTE-IDX)                         ECS021T2
   816                           TO TBL-AVG-AGE      (BEN-IDX DTE-IDX). ECS021T2
   817     ADD SW-AVG-ORG-TRM (BRK-IDX DTE-IDX)                         ECS021T2
   818                           TO TBL-AVG-ORG-TRM (BEN-IDX DTE-IDX).  ECS021T2
   819     ADD SW-WGHT-AGE    (BRK-IDX DTE-IDX)                         ECS021T2
   820                           TO TBL-WGHT-AGE     (BEN-IDX DTE-IDX). ECS021T2
   821     ADD SW-WGHT-ORG-TRM(BRK-IDX DTE-IDX)                         ECS021T2
* Micro Focus Server Express         V5.1 revision 000 06-Oct-15 17:18 Page  23
* ECS021T2.cbl
   822                           TO TBL-WGHT-ORG-TRM(BEN-IDX DTE-IDX).  ECS021T2
   823     ADD SW-EXP-PCT     (BRK-IDX DTE-IDX)                         ECS021T2
   824                           TO TBL-EXP-PCT      (BEN-IDX DTE-IDX). ECS021T2
   825     ADD SW-ADDED-TO-CNT(BRK-IDX DTE-IDX)                         ECS021T2
   826                           TO TBL-ADDED-TO-CNT(BEN-IDX DTE-IDX).  ECS021T2
   827                                                                  ECS021T2
   828     ADD +1                TO DTE-IDX.                            ECS021T2
   829                                                                  ECS021T2
   830     IF DTE-IDX LESS +16                                          ECS021T2
   831         GO TO 5000-DATE-RANGE-LOOP.                              ECS021T2
   832                                                                  ECS021T2
   833     PERFORM 6000-BENEFIT-TYPE-TOTAL THRU 6000-EXIT.              ECS021T2
   834                                                                  ECS021T2
   835     ADD +1                TO BRK-IDX.                            ECS021T2
   836                                                                  ECS021T2
   837     IF BRK-IDX LESS +24                                             CL**6
   838         GO TO 5000-BENEFIT-LOOP.                                 ECS021T2
   839                                                                  ECS021T2
   840 5000-EXIT.                                                       ECS021T2
   841      EXIT.                                                       ECS021T2
   842                                                                  ECS021T2
* Micro Focus Server Express         V5.1 revision 000 06-Oct-15 17:18 Page  24
* ECS021T2.cbl
   844**************************************************************    ECS021T2
   845*  THE FOLLOWING INDEXES ARE USED IN ROUTINES 5000 AND 6000  *    ECS021T2
   846*                                                            *    ECS021T2
   847*  1. BRK-IDX - USED TO INDEX BENEFIT LEVEL OF SORT RECORD   *    ECS021T2
   848*                 VARIED FROM 1 TO 23                        *       CL**6
   849*  2. BEN-IDX - USED TO INDEX BENEFIT LEVEL OF ACCUMULATED   *    ECS021T2
   850*                 BREAK TABLES VARIED FROM 1 TO 75           *       CL**6
   851*  3. TOT-IDX - USED TO INDEX BENEFIT TYPE OF TOTALS         *    ECS021T2
   852*                 TABLES VARIED FROM 1 TO 2                  *    ECS021T2
   853*  4. DTE-IDX - USED TO INDEX DATE RANGES OF ALL TABLES      *    ECS021T2
   854*                 AND RECORDS VARIED FROM 1 TO 15            *    ECS021T2
   855**************************************************************    ECS021T2
   856                                                                  ECS021T2
   857 6000-BENEFIT-TYPE-TOTAL.                                         ECS021T2
   858                                                                  ECS021T2
   859     MOVE +1                     TO DTE-IDX.                      ECS021T2
   860                                                                  ECS021T2
   861 6000-DATE-RANGE-LOOP.                                            ECS021T2
   862     COMPUTE NET-COUNT = SW-ISS-CNT (BRK-IDX DTE-IDX)                CL**5
   863          - SW-CNC-CNT (BRK-IDX DTE-IDX).                            CL**5
   864                                                                  ECS021T2
   865     IF SW-BENEFIT-TYPE (BRK-IDX) = LIFE-OVERRIDE-L1              ECS021T2
   866         MOVE +1                 TO TOT-IDX                       ECS021T2
   867         IF CLAS-I-RL-AH (BEN-IDX) = 'R'                          ECS021T2
   868             IF CLAS-I-JOINT (BEN-IDX) = 'J'                      ECS021T2
   869                 ADD NET-COUNT TO                                    CL**5
   870                     TOT-JOINT-RETRO (TOT-IDX DTE-IDX)            ECS021T2
   871             ELSE                                                 ECS021T2
   872                 ADD NET-COUNT TO                                    CL**5
   873                     TOT-SINGLE-ELEM (TOT-IDX DTE-IDX)            ECS021T2
   874         ELSE                                                     ECS021T2
   875             ADD NET-COUNT TO                                        CL**5
   876                 TOT-LIFE-LEVEL (TOT-IDX DTE-IDX)                 ECS021T2
   877     ELSE                                                         ECS021T2
   878         MOVE +2                 TO TOT-IDX                       ECS021T2
   879         IF CLAS-I-AB1 (BEN-IDX) = 'E'                            ECS021T2
   880             ADD NET-COUNT TO                                        CL**5
   881                 TOT-SINGLE-ELEM (TOT-IDX DTE-IDX)                ECS021T2
   882         ELSE                                                     ECS021T2
   883             IF CLAS-I-AB1 (BEN-IDX) = 'R'                        ECS021T2
   884                 ADD NET-COUNT TO                                    CL**5
   885                     TOT-JOINT-RETRO (TOT-IDX DTE-IDX).           ECS021T2
   886                                                                  ECS021T2
   887     ADD SW-ISS-CNT    (BRK-IDX DTE-IDX)                          ECS021T2
   888                           TO TOT-ISS-CNT     (TOT-IDX DTE-IDX)   ECS021T2
   889                              TOT-ISS-CNT     (3 DTE-IDX).        ECS021T2
   890     ADD SW-CNC-CNT    (BRK-IDX DTE-IDX)                          ECS021T2
   891                           TO TOT-CNC-CNT     (TOT-IDX DTE-IDX)   ECS021T2
   892                              TOT-CNC-CNT     (3 DTE-IDX).        ECS021T2
   893     ADD SW-ISS-PREM   (BRK-IDX DTE-IDX)                          ECS021T2
   894                           TO TOT-ISS-PREM    (TOT-IDX DTE-IDX)   ECS021T2
   895                              TOT-ISS-PREM    (3 DTE-IDX).        ECS021T2
   896     ADD SW-CNC-PREM   (BRK-IDX DTE-IDX)                          ECS021T2
   897                           TO TOT-CNC-PREM    (TOT-IDX DTE-IDX)   ECS021T2
   898                              TOT-CNC-PREM    (3 DTE-IDX).        ECS021T2
   899     ADD SW-NET-COMPEN (BRK-IDX DTE-IDX)                          ECS021T2
   900                           TO TOT-NET-COMPEN (TOT-IDX DTE-IDX)    ECS021T2
   901                              TOT-NET-COMPEN (3 DTE-IDX).         ECS021T2
* Micro Focus Server Express         V5.1 revision 000 06-Oct-15 17:18 Page  25
* ECS021T2.cbl
   902                                                                  ECS021T2
   903     IF SW-BENEFIT-TYPE (BRK-IDX) = LIFE-OVERRIDE-L1              ECS021T2
   904         ADD SW-CLM-CNT (BRK-IDX DTE-IDX)                         ECS021T2
   905                           TO TOT-LF-CLM-CNT   (TOT-IDX DTE-IDX)  ECS021T2
   906                              TOT-LF-CLM-CNT   (3 DTE-IDX)        ECS021T2
   907         ADD SW-CLM-AMT (BRK-IDX DTE-IDX)                         ECS021T2
   908                           TO TOT-LF-CLM-AMT   (TOT-IDX DTE-IDX)  ECS021T2
   909                              TOT-LF-CLM-AMT   (3 DTE-IDX).       ECS021T2
   910                                                                  ECS021T2
   911     IF SW-BENEFIT-TYPE (BRK-IDX) = AH-OVERRIDE-L1                ECS021T2
   912         ADD SW-CLM-CNT (BRK-IDX DTE-IDX)                         ECS021T2
   913                           TO TOT-AH-CLM-CNT   (TOT-IDX DTE-IDX)  ECS021T2
   914                              TOT-AH-CLM-CNT   (3 DTE-IDX)        ECS021T2
   915         ADD SW-CLM-AMT (BRK-IDX DTE-IDX)                         ECS021T2
   916                           TO TOT-AH-CLM-AMT   (TOT-IDX DTE-IDX)  ECS021T2
   917                              TOT-AH-CLM-AMT   (3 DTE-IDX).       ECS021T2
   918                                                                  ECS021T2
   919     ADD SW-LOSS-RESV   (BRK-IDX DTE-IDX)                         ECS021T2
   920                           TO TOT-LOSS-RESV    (TOT-IDX DTE-IDX)  ECS021T2
   921                              TOT-LOSS-RESV    (3 DTE-IDX).       ECS021T2
   922     ADD SW-PRM-EARND   (BRK-IDX DTE-IDX)                         ECS021T2
   923                           TO TOT-EARND-PREM   (TOT-IDX DTE-IDX)  ECS021T2
   924                              TOT-EARND-PREM   (3 DTE-IDX).       ECS021T2
   925     ADD SW-PRM-INFRC   (BRK-IDX DTE-IDX)                         ECS021T2
   926                           TO TOT-PRM-INFRC    (TOT-IDX DTE-IDX)  ECS021T2
   927                              TOT-PRM-INFRC    (3 DTE-IDX).       ECS021T2
   928     ADD SW-INFRC-CNT   (BRK-IDX DTE-IDX)                         ECS021T2
   929                           TO TOT-INFRC-CNT    (TOT-IDX DTE-IDX)  ECS021T2
   930                              TOT-INFRC-CNT    (3 DTE-IDX).       ECS021T2
   931     ADD SW-AVG-AGE     (BRK-IDX DTE-IDX)                         ECS021T2
   932                           TO TOT-AVG-AGE      (TOT-IDX DTE-IDX)  ECS021T2
   933                              TOT-AVG-AGE      (3 DTE-IDX).       ECS021T2
   934     ADD SW-AVG-ORG-TRM (BRK-IDX DTE-IDX)                         ECS021T2
   935                           TO TOT-AVG-ORG-TRM (TOT-IDX DTE-IDX)   ECS021T2
   936                              TOT-AVG-ORG-TRM (3 DTE-IDX).        ECS021T2
   937     ADD SW-WGHT-AGE    (BRK-IDX DTE-IDX)                         ECS021T2
   938                           TO TOT-WGHT-AGE     (TOT-IDX DTE-IDX)  ECS021T2
   939                              TOT-WGHT-AGE     (3 DTE-IDX).       ECS021T2
   940     ADD SW-WGHT-ORG-TRM(BRK-IDX DTE-IDX)                         ECS021T2
   941                           TO TOT-WGHT-ORG-TRM(TOT-IDX DTE-IDX)   ECS021T2
   942                              TOT-WGHT-ORG-TRM(3 DTE-IDX).        ECS021T2
   943     ADD SW-EXP-PCT     (BRK-IDX DTE-IDX)                         ECS021T2
   944                           TO TOT-EXP-PCT      (TOT-IDX DTE-IDX)  ECS021T2
   945                              TOT-EXP-PCT      (3 DTE-IDX).       ECS021T2
   946     ADD SW-ADDED-TO-CNT (BRK-IDX DTE-IDX)                        ECS021T2
   947                           TO TOT-ADDED-TO-CNT(TOT-IDX DTE-IDX)   ECS021T2
   948                              TOT-ADDED-TO-CNT(3 DTE-IDX).        ECS021T2
   949                                                                  ECS021T2
   950     ADD +1 TO DTE-IDX.                                           ECS021T2
   951                                                                  ECS021T2
   952     IF DTE-IDX LESS +16                                          ECS021T2
   953         GO TO 6000-DATE-RANGE-LOOP.                              ECS021T2
   954                                                                  ECS021T2
   955 6000-EXIT.                                                       ECS021T2
   956      EXIT.                                                       ECS021T2
   957                                                                  ECS021T2
* Micro Focus Server Express         V5.1 revision 000 06-Oct-15 17:18 Page  26
* ECS021T2.cbl
   959 7000-MOVE-TABLES.                                                ECS021T2
   960                                                                  ECS021T2
   961     MOVE BREAK-TABLE            TO LINK-TABLE.                   ECS021T2
   962*    MOVE BREAK-EXTENSION-1      TO LINK-EXTENSION-1.             ECS021T2
   963*    MOVE BREAK-EXTENSION-2      TO LINK-EXTENSION-2.             ECS021T2
   964*    MOVE BREAK-EXTENSION-3      TO LINK-EXTENSION-3.                CL**6
   965     MOVE BREAK-TOTAL-TABLE      TO LINK-TOTAL-TABLE.             ECS021T2
   966                                                                  ECS021T2
   967 7000-EXIT.                                                       ECS021T2
   968      EXIT.                                                       ECS021T2
   969                                                                  ECS021T2
* Micro Focus Server Express         V5.1 revision 000 06-Oct-15 17:18 Page  27
* ECS021T2.cbl
   971***********************************                               ECS021T2
   972*     (8000) ZERO TABLE TWO       *                               ECS021T2
   973***********************************                               ECS021T2
   974                                                                  ECS021T2
   975 8000-ZERO-ENTIRE-TABLE.                                          ECS021T2
   976                                                                  ECS021T2
   977      MOVE +1                    TO BEN-IDX.                      ECS021T2
   978                                                                  ECS021T2
   979 8000-ZERO-BENEFIT-LOOP.                                          ECS021T2
   980                                                                  ECS021T2
   981      MOVE ZERO-TABLE            TO                               ECS021T2
   982                                 TABLE-ACCUMULATORS (BEN-IDX).    ECS021T2
   983                                                                  ECS021T2
   984*     IF BEN-IDX LESS THAN THREE-HUNDRED                          ECS021T2
   985      IF BEN-IDX LESS THAN  NINE-HUNDRED                          ECS021T2
   986          ADD +1                 TO BEN-IDX                       ECS021T2
   987              GO TO 8000-ZERO-BENEFIT-LOOP.                       ECS021T2
   988                                                                  ECS021T2
   989 8000-ZERO-TOTAL-TABLE.                                           ECS021T2
   990                                                                  ECS021T2
   991      MOVE +1                    TO TOT-IDX.                      ECS021T2
   992                                                                  ECS021T2
   993 8000-ZERO-TOTAL-LOOP.                                            ECS021T2
   994                                                                  ECS021T2
   995      MOVE ZERO-TOTAL-TABLE      TO TABLE-TOTALS (TOT-IDX).       ECS021T2
   996                                                                  ECS021T2
   997      IF TOT-IDX LESS THAN THREE                                  ECS021T2
   998          ADD +1                 TO TOT-IDX                       ECS021T2
   999              GO TO 8000-ZERO-TOTAL-LOOP.                         ECS021T2
  1000                                                                  ECS021T2
  1001 8000-EXIT.                                                       ECS021T2
  1002     EXIT.                                                        ECS021T2
  1003                                                                  ECS021T2
* Micro Focus Server Express         V5.1 revision 000 06-Oct-15 17:18 Page  28
* ECS021T2.cbl
  1005*******************************************                       ECS021T2
  1006*     (9000) INITIALIZE ZERO-ACCUMS       *                       ECS021T2
  1007*******************************************                       ECS021T2
  1008                                                                  ECS021T2
  1009 9000-INITIALIZE-ZERO-TABLE.                                      ECS021T2
  1010                                                                  ECS021T2
  1011      MOVE +1                    TO DTE-IDX.                      ECS021T2
  1012                                                                  ECS021T2
  1013 9000-ZERO-DATE-LOOP.                                             ECS021T2
  1014                                                                  ECS021T2
  1015      MOVE ZERO-TABLE-ENTRIES    TO ZERO-PERIOD (DTE-IDX).        ECS021T2
  1016                                                                  ECS021T2
  1017      IF DTE-IDX LESS THAN SIXTEEN                                ECS021T2
  1018          ADD +1                 TO DTE-IDX                       ECS021T2
  1019              GO TO 9000-ZERO-DATE-LOOP.                          ECS021T2
  1020                                                                  ECS021T2
  1021      MOVE +1                    TO DTE-IDX.                      ECS021T2
  1022                                                                  ECS021T2
  1023 9000-ZERO-TOTAL-DATE-LOOP.                                       ECS021T2
  1024                                                                  ECS021T2
  1025      MOVE ZERO-TOTAL-ENTRY      TO ZERO-TOTAL-ACCUMS (DTE-IDX).  ECS021T2
  1026                                                                  ECS021T2
  1027      IF DTE-IDX LESS THAN SIXTEEN                                ECS021T2
  1028          ADD +1                 TO DTE-IDX                       ECS021T2
  1029              GO TO 9000-ZERO-TOTAL-DATE-LOOP.                    ECS021T2
  1030                                                                  ECS021T2
  1031 9000-EXIT.                                                       ECS021T2
  1032     EXIT.                                                        ECS021T2
  1033                                                                  ECS021T2
* Micro Focus Server Express         V5.1 revision 000 06-Oct-15 17:18 Page  29
* ECS021T2.cbl
  1035 ABEND-PGM SECTION.                                               ECS021T2
* 1036           COPY ELCABEND SUPPRESS.                                ECS021T2
* Micro Focus Server Express         V5.1 revision 000 Compiler
* Copyright (C) Micro Focus IP Development Limited 1984-2012.
*                                                        REF GNR-008065005AF
* Total Messages:     0
* Data:     1240652     Code:        5240
