* Micro Focus Server Express         V5.1 revision 000 06-Oct-15 17:18 Page   1
* ECS221SP.cbl
* Options: int("ECS221SP.int") anim csi verbose NOBOUND PARAMCOUNTCHECK
*          directives(cobopt.bth) endp list("ECS221SP.lst")
* Setting: NOACCEPTREFRESH NOADV ALIGN"8" ALPHASTART"1" NOALTER NOAMODE ANIM
*          NOANIMPREP ANS85 APOST NOAREACHECK ARITHMETIC"OSVS" ASSIGN
*          "EXTERNAL" NOASSIGN-PRINTER NOAUTOLOCK NOBELL NOBOUND NOBRIEF
*          NOBS2000 BWZSTAR NOBYTEMODEMOVE CALLFH"ebmlsfile" NOCALLMCS
*          NOCALLRECOVERY CALLSORT"EXTSM" CANCEL CANCELLBR NOCHANGEMESSAGE
*          CHARSET"ASCII" NOCHECKDIV NOCHECKREFMOD NOCICS CICS-CPY
*          NOCICSOPTIMIZE NOCMPR2 NOCOBFSTATCONV NOCOBIDY NOCOBOL370 COBOLDIR
*          NOCOMP COMP-5"2" COMP-6"2" NOCOMS85 CONFIRM NOCONVERTRET CONVSPACE
*          COPYEXT",cbl,cpy" NOCOPYLBR COPYLIST COPYLISTCOMMENT"1" CSI
*          CURRENCY-SIGN"36" CURRENT-DATE"MMDDYY" NODATA DATACOMPRESS"0"
*          NODATA-CONTEXT DATE DBCHECK DBCS"2" NODBCSSOSI DBSPACE DE-EDIT"2"
*          DEFAULTBYTE"32" NODEFAULTCALLS DETECTLOCK NODG DIALECT"MF"
*          NODIRECTIVES-IN-COMMENTS NODOSVS NODPCINSUBSCRIPT DYNAM
*          NOEARLY-RELEASE ECHO NOECHOALL NOEDITOR ENSUITE"0" NOENTCOBOL
*          ERRFORMAT"1" ERRLIST"EMBED" NOERRQ FASTSORT NOFCD3 NOFCDREG
*          NOFDCLEAR NOFILESHARE FILETYPE"0" NOFLAG NOFLAGAS NOFLAGCD
*          NOFLAGEUC NOFLAGMIG NOFLAGQ FLAGSINEDIT NOFLAGSTD NOFOLDCALLNAME
*          NOFOLDCOPYNAME FORM"60" NOFP-ROUNDING NOHOSTARITHMETIC
*          NOHOSTCONTZERO NOHOST-NUMCOMPARE NOHOST-NUMMOVE NOHOSTFD NOHOSTRW
*          NOIBM-MS IBMCOMP IDXFORMAT"0" NOILGEN IMPLICITSCOPE NOINDD
*          INFORETURN"0" NOINITCALL INITPTR INT"ECS221SP.int" INTDATE"ANSI"
*          INTLEVEL"2" IOCONV NOISO2002 NOIXNLSKEY NOIXNUMKEY KEEP-INT
*          KEYCHECK KEYCOMPRESS"0" LIBRARIAN"2" NOLINE-COUNT LIST
*          "ECS221SP.lst" LISTPATH"" LISTWIDTH"80" LITVAL-SIZE"4" LOCKTYPE"0"
*          NOMAPNAME NOMAXERROR METHODDEFAULT"REFERENCE" MF"15" MFCOMMENT
*          NOMOVELENCHECK NOMS NOMVS NATIVE"ASCII" NONATIVEFLOATINGPOINT
*          NONCHAR NONEWBASENAME NONLS NSYMBOL"DBCS" NOODOOSVS NOODOSLIDE
*          NOOLDBLANKLINE NOOLDCOPY NOOLDINDEX NOOLDNEXTSENTENCE NOOLDREADINTO
*          NOOLDSTRMIX OOCTRL"-C-E-G-P+Q+R-S+W" OPTIONAL-FILE NOOS390 OSEXT""
*          NOOSVS NOOUTDD NOP64 NOPANVALET PERFORM-TYPE"OSVS" NOPREPLIST
*          NOPREPROCESS NOPRINT-EXT NOPROFILE NOPROGID-COMMENT
*          NOPROGID-INT-NAME NOPROTECT-LINKAGE PROTOTYPE"RELAXED" QUAL
*          QUALPROC NOQUERY NOQUOTE NORAWLIST NORDW RECMODE"F" NOREENTRANT
*          NOREF NOREFNO REMAINDER"1" REPORT-LINE"256" RESEQ NORETRYLOCK
*          REWRITE-LS NORM RTNCODE-SIZE"4" NORWHARDPAGE NOSAA SEG NOSEQCHK
*          SEQUENTIAL"RECORD" NOSERIAL SETTING"LINE" NOSHAREOUTDD NOSHOW-DIR
*          SIGN"ASCII" NOSIGNDISCARD NOSIGNFIXUP SORTTYPE"DFSORT" SOURCEFORMAT
*          "FIXED" SOURCETABSTOP"8" NOSPZERO NOSSRANGE STDERR NOSTICKY-LINKAGE
*          NOSTICKY-PERFORM SUPFF SWITCHTYPE"1" SYMBSTART"1" SYSPUNCH"132"
*          TERMPAGE TIME NOTRACE NOTRUNC NOTRUNCCALLNAME NOTRUNCCOPY TRUNCINC
*          "10" UNICODE"NATIVE" VERBOSE VSC2"2" WARNING"1" NOWB NOWB2 NOWB3
*          WEBSERVER"CGI" NOWRITELOCK NOWRITETHRU NOXOPEN NOXREF
*          NOZEROLENGTHFALSE NOZEROSEQ NOZWB
     1 IDENTIFICATION DIVISION.                                         04/18/98
     2                                                                  ecs221
     3 PROGRAM-ID.                ECS221SP.                                LV007
     4*              PROGRAM CONVERTED BY                               ecs221
     5*              COBOL CONVERSION AID PO 5785-ABJ                   ecs221
     6*              CONVERSION DATE 11/28/95 11:11:38.                 ecs221
     7*              PROGRAM REVIEWED FOR YEAR 2000 COMPLIANCE          ecs221
     8*                           VMOD=2.005.                           ecs221
     9                                                                  ecs221
    10*AUTHOR.        LOGIC, INC.                                       ecs221
    11*               DALLAS, TEXAS.                                    ecs221
    12                                                                  ecs221
    13*DATE-COMPILED.                                                   ecs221
* Micro Focus Server Express         V5.1 revision 000 06-Oct-15 17:18 Page   2
* ECS221SP.cbl
    14                                                                  ecs221
    15*SECURITY.   *****************************************************ecs221
    16*            *                                                   *ecs221
    17*            *   THIS PROGRAM IS THE PROPERTY OF LOGIC, INC.     *ecs221
    18*            *                                                   *ecs221
    19*            *   USE OF THIS PROGRAM BY OTHER THAN THE EMPLOYEES *ecs221
    20*            *   OF LOGIC, INC. IS EXPRESSLY PROHIBITED WITHOUT  *ecs221
    21*            *   THE PRIOR WRITTEN PERMISSION OF LOGIC INC.      *ecs221
    22*            *                                                   *ecs221
    23*            *****************************************************ecs221
    24                                                                  ecs221
    25*REMARKS.                                                         ecs221
    26*        PROGRAM sorts the output of CIRE010SP and creates a      ecs221
    27*        print file.                                              ecs221
    28                                                                  ecs221
    29 ENVIRONMENT DIVISION.                                            ecs221
    30 CONFIGURATION SECTION.                                           ecs221
    31                                                                     CL**4
    32 INPUT-OUTPUT SECTION.                                            ecs221
    33 FILE-CONTROL.                                                    ecs221
    34                                                                  ecs221
    35     SELECT SORT-FILE       ASSIGN TO SYS001-UT-3380-S-SORTWK1.   ecs221
    36     SELECT file-in         ASSIGN TO SYS010-UT-2400-S-SYS010.    ecs221
    37     SELECT file-out        ASSIGN TO SYS011-UT-2400-S-SYS011.    ecs221
    38                                                                  ecs221
    39                                                                  ecs221
* Micro Focus Server Express         V5.1 revision 000 06-Oct-15 17:18 Page   3
* ECS221SP.cbl
    41 DATA DIVISION.                                                   ecs221
    42 FILE SECTION.                                                    ecs221
    43                                                                  ecs221
    44 SD  SORT-FILE.                                                   ecs221
    45                                                                  ecs221
    46 01  SORT-REC.                                                    ecs221
    47     12  sort-key                pic x(45).                       ecs221
    48     12  sort-rest               pic x(150).
    49     12  sort-fill               pic x.
    50                                                                     CL**2
* Micro Focus Server Express         V5.1 revision 000 06-Oct-15 17:18 Page   4
* ECS221SP.cbl
    52 FD  file-in                                                      ecs221
    53     BLOCK CONTAINS 0 RECORDS
    54     RECORDING MODE IS F.                                         ecs221
    55                                                                  ecs221
    56 01  file-in-rec                 pic x(196).                         CL**4
    57 FD  file-out                                                     ecs221
    58     BLOCK CONTAINS 0 RECORDS
    59     RECORDING MODE IS F.                                         ecs221
    60                                                                  ecs221
    61 01  file-out-rec                PIC X(150).                      ecs221
* Micro Focus Server Express         V5.1 revision 000 06-Oct-15 17:18 Page   5
* ECS221SP.cbl
    64 WORKING-STORAGE SECTION.                                         ecs221
    65 77  FILLER  PIC X(32) VALUE '********************************'.  ecs221
    66 77  FILLER  PIC X(32) VALUE '     ecs221 WORKING STORAGE     '.  ecs221
    67 77  FILLER  PIC X(32) VALUE '*********** VMOD=2.005 *********'.     CL**4
    68
    69 01  WS-ABEND-FIELDS.                                             ecs221
    70     12  WS-RETURN-CODE          PIC S9(4)       VALUE ZERO.      ecs221
    71     12  WS-ZERO                 PIC S9          VALUE ZERO.      ecs221
    72     12  WS-ABEND-MESSAGE        PIC X(80)       VALUE SPACES.    ecs221
    73     12  WS-ABEND-FILE-STATUS    PIC XX          VALUE ZERO.      ecs221
    74                                                                  ecs221
    75 PROCEDURE DIVISION.                                              ecs221
    76                                                                  ecs221
    77 0120-NOW-SORT.                                                   ecs221
    78                                                                  ecs221
    79     SORT SORT-FILE ASCENDING KEY sort-key                        ecs221
    80         INPUT PROCEDURE 0140-GET-file-in                         ecs221
    81         OUTPUT PROCEDURE 0180-write-file-out.                    ecs221
    82                                                                  ecs221
    83     IF SORT-RETURN NOT = (ZEROS AND 4)                           ecs221
    84         MOVE  0101              TO WS-RETURN-CODE                ecs221
    85         GO TO ABEND-PGM.                                         ecs221
    86
    87     close file-in file-out
    88     goback.
    89
    90 0140-GET-file-in     SECTION.                                    ecs221
    91                                                                  ecs221
    92 0150-OPEN-EM.                                                    ecs221
    93     OPEN  INPUT file-in
    94           OUTPUT file-out.
    95                                                                  ecs221
    96 0160-R-INPUT.                                                    ecs221
    97                                                                  ecs221
    98     READ file-in at end                                          ecs221
    99         GO TO 0170-E-GET-CLAIMS.                                 ecs221
   100                                                                  ecs221
   101     RELEASE SORT-REC from file-in-rec.                           ecs221
   102     GO TO 0160-R-INPUT.                                          ecs221
   103                                                                  ecs221
   104 0170-E-GET-CLAIMS.                                               ecs221
   105     EXIT.                                                        ecs221
* Micro Focus Server Express         V5.1 revision 000 06-Oct-15 17:18 Page   6
* ECS221SP.cbl
   107 0180-write-file-out   SECTION.                                   ecs221
   108                                                                  ecs221
   109 0200-R-OLDS.                                                     ecs221
   110                                                                  ecs221
   111     return sort-file AT END                                      ecs221
   112         GO TO 0200-exit.                                         ecs221
   113                                                                  ecs221
   114     write file-out-rec from sort-rest.                           ecs221
   115     go to 0200-r-olds.
   116
   117 0200-exit.
   118     exit.
   119
   120 ABEND-PGM SECTION.                                               ecs221
*  121                               COPY ELCABEND.                     ecs221
   122***************************************************************** 04/14/98
   123*                                                               * ELCABEND
   124*                            ELCABEND.                          *    LV003
   125*           COPYBOOK REVIEWED FOR YEAR 2000 COMPLIANCE               CL**3
   126*                            VMOD 2.002                              CL**2
   127*                                                               * ELCABEND
   128*                THIS SECTION DISPLAYS THE NECESSARY MESSAGES   * ELCABEND
   129*            AND THEN ABENDS.                                   * ELCABEND
   130*                                                               * ELCABEND
   131*  NO  CID  MODS  IN  COPYBOOK  ELCABEND                        * ELCABEND
   132*                                                               * ELCABEND
   133***************************************************************** ELCABEND
   134*APS-010.                                                         ELCABEND
   135     DISPLAY WS-ABEND-MESSAGE.                                    ELCABEND
   136     DISPLAY WS-ABEND-MESSAGE UPON CONSOLE.                       ELCABEND
   137                                                                  ELCABEND
   138     IF WS-ABEND-FILE-STATUS NOT = ZERO                           ELCABEND
   139         DISPLAY 'FILE STATUS = ' WS-ABEND-FILE-STATUS            ELCABEND
   140         DISPLAY 'FILE STATUS = ' WS-ABEND-FILE-STATUS            ELCABEND
   141                                 UPON CONSOLE.                    ELCABEND
   142                                                                  ELCABEND
   143     IF WS-RETURN-CODE NOT = ZERO                                 ELCABEND
   144         DISPLAY 'RETURN CODE = '  WS-RETURN-CODE                 ELCABEND
   145         DISPLAY 'RETURN CODE = '  WS-RETURN-CODE                 ELCABEND
   146                                 UPON CONSOLE.                    ELCABEND
   147                                                                  ELCABEND
   148     DISPLAY 'PROGRAM WILL NOW ABEND **************'              ELCABEND
   149     DISPLAY 'PROGRAM WILL NOW ABEND **************'              ELCABEND
   150                                 UPON CONSOLE.                    ELCABEND
   151                                                                  ELCABEND
   152     DIVIDE WS-ZERO BY WS-ZERO GIVING WS-ZERO.                    ELCABEND
   153     CALL 'ABORTME'.
   154                                                                  ELCABEND
   155 APS-EXIT.                                                        ELCABEND
   156     EXIT.                                                        ELCABEND
   157                                                                     CL**4
* Micro Focus Server Express         V5.1 revision 000 Compiler
* Copyright (C) Micro Focus IP Development Limited 1984-2012.
*                                                        REF GNR-008065005AF
* Total Messages:     0
* Data:        2620     Code:        1269
