* Micro Focus Server Express         V5.1 revision 000 06-Oct-15 17:18 Page   1
* ECS220B.cbl
* Options: int("ECS220B.int") anim csi verbose NOBOUND PARAMCOUNTCHECK
*          directives(cobopt.bth) endp list("ECS220B.lst")
* Setting: NOACCEPTREFRESH NOADV ALIGN"8" ALPHASTART"1" NOALTER NOAMODE ANIM
*          NOANIMPREP ANS85 APOST NOAREACHECK ARITHMETIC"OSVS" ASSIGN
*          "EXTERNAL" NOASSIGN-PRINTER NOAUTOLOCK NOBELL NOBOUND NOBRIEF
*          NOBS2000 BWZSTAR NOBYTEMODEMOVE CALLFH"ebmlsfile" NOCALLMCS
*          NOCALLRECOVERY CALLSORT"EXTSM" CANCEL CANCELLBR NOCHANGEMESSAGE
*          CHARSET"ASCII" NOCHECKDIV NOCHECKREFMOD NOCICS CICS-CPY
*          NOCICSOPTIMIZE NOCMPR2 NOCOBFSTATCONV NOCOBIDY NOCOBOL370 COBOLDIR
*          NOCOMP COMP-5"2" COMP-6"2" NOCOMS85 CONFIRM NOCONVERTRET CONVSPACE
*          COPYEXT",cbl,cpy" NOCOPYLBR COPYLIST COPYLISTCOMMENT"1" CSI
*          CURRENCY-SIGN"36" CURRENT-DATE"MMDDYY" NODATA DATACOMPRESS"0"
*          NODATA-CONTEXT DATE DBCHECK DBCS"2" NODBCSSOSI DBSPACE DE-EDIT"2"
*          DEFAULTBYTE"32" NODEFAULTCALLS DETECTLOCK NODG DIALECT"MF"
*          NODIRECTIVES-IN-COMMENTS NODOSVS NODPCINSUBSCRIPT DYNAM
*          NOEARLY-RELEASE ECHO NOECHOALL NOEDITOR ENSUITE"0" NOENTCOBOL
*          ERRFORMAT"1" ERRLIST"EMBED" NOERRQ FASTSORT NOFCD3 NOFCDREG
*          NOFDCLEAR NOFILESHARE FILETYPE"0" NOFLAG NOFLAGAS NOFLAGCD
*          NOFLAGEUC NOFLAGMIG NOFLAGQ FLAGSINEDIT NOFLAGSTD NOFOLDCALLNAME
*          NOFOLDCOPYNAME FORM"60" NOFP-ROUNDING NOHOSTARITHMETIC
*          NOHOSTCONTZERO NOHOST-NUMCOMPARE NOHOST-NUMMOVE NOHOSTFD NOHOSTRW
*          NOIBM-MS IBMCOMP IDXFORMAT"0" NOILGEN IMPLICITSCOPE NOINDD
*          INFORETURN"0" NOINITCALL INITPTR INT"ECS220B.int" INTDATE"ANSI"
*          INTLEVEL"2" IOCONV NOISO2002 NOIXNLSKEY NOIXNUMKEY KEEP-INT
*          KEYCHECK KEYCOMPRESS"0" LIBRARIAN"2" NOLINE-COUNT LIST"ECS220B.lst"
*          LISTPATH"" LISTWIDTH"80" LITVAL-SIZE"4" LOCKTYPE"0" NOMAPNAME
*          NOMAXERROR METHODDEFAULT"REFERENCE" MF"15" MFCOMMENT NOMOVELENCHECK
*          NOMS NOMVS NATIVE"ASCII" NONATIVEFLOATINGPOINT NONCHAR
*          NONEWBASENAME NONLS NSYMBOL"DBCS" NOODOOSVS NOODOSLIDE
*          NOOLDBLANKLINE NOOLDCOPY NOOLDINDEX NOOLDNEXTSENTENCE NOOLDREADINTO
*          NOOLDSTRMIX OOCTRL"-C-E-G-P+Q+R-S+W" OPTIONAL-FILE NOOS390 OSEXT""
*          NOOSVS NOOUTDD NOP64 NOPANVALET PERFORM-TYPE"OSVS" NOPREPLIST
*          NOPREPROCESS NOPRINT-EXT NOPROFILE NOPROGID-COMMENT
*          NOPROGID-INT-NAME NOPROTECT-LINKAGE PROTOTYPE"RELAXED" QUAL
*          QUALPROC NOQUERY NOQUOTE NORAWLIST NORDW RECMODE"F" NOREENTRANT
*          NOREF NOREFNO REMAINDER"1" REPORT-LINE"256" RESEQ NORETRYLOCK
*          REWRITE-LS NORM RTNCODE-SIZE"4" NORWHARDPAGE NOSAA SEG NOSEQCHK
*          SEQUENTIAL"RECORD" NOSERIAL SETTING"LINE" NOSHAREOUTDD NOSHOW-DIR
*          SIGN"ASCII" NOSIGNDISCARD NOSIGNFIXUP SORTTYPE"DFSORT" SOURCEFORMAT
*          "FIXED" SOURCETABSTOP"8" NOSPZERO NOSSRANGE STDERR NOSTICKY-LINKAGE
*          NOSTICKY-PERFORM SUPFF SWITCHTYPE"1" SYMBSTART"1" SYSPUNCH"132"
*          TERMPAGE TIME NOTRACE NOTRUNC NOTRUNCCALLNAME NOTRUNCCOPY TRUNCINC
*          "10" UNICODE"NATIVE" VERBOSE VSC2"2" WARNING"1" NOWB NOWB2 NOWB3
*          WEBSERVER"CGI" NOWRITELOCK NOWRITETHRU NOXOPEN NOXREF
*          NOZEROLENGTHFALSE NOZEROSEQ NOZWB
     1 IDENTIFICATION DIVISION.                                         04/18/98
     2                                                                  ecs221
     3 PROGRAM-ID.                ecs220b.                                 LV007
     4*              PROGRAM CONVERTED BY                               ecs221
     5*              COBOL CONVERSION AID PO 5785-ABJ                   ecs221
     6*              CONVERSION DATE 11/28/95 11:11:38.                 ecs221
     7*              PROGRAM REVIEWED FOR YEAR 2000 COMPLIANCE          ecs221
     8*                           VMOD=2.005.                           ecs221
     9                                                                  ecs221
    10*AUTHOR.        LOGIC, INC.                                       ecs221
    11*               DALLAS, TEXAS.                                    ecs221
    12                                                                  ecs221
    13*DATE-COMPILED.                                                   ecs221
* Micro Focus Server Express         V5.1 revision 000 06-Oct-15 17:18 Page   2
* ECS220B.cbl
    14                                                                  ecs221
    15*SECURITY.   *****************************************************ecs221
    16*            *                                                   *ecs221
    17*            *   THIS PROGRAM IS THE PROPERTY OF LOGIC, INC.     *ecs221
    18*            *                                                   *ecs221
    19*            *   USE OF THIS PROGRAM BY OTHER THAN THE EMPLOYEES *ecs221
    20*            *   OF LOGIC, INC. IS EXPRESSLY PROHIBITED WITHOUT  *ecs221
    21*            *   THE PRIOR WRITTEN PERMISSION OF LOGIC INC.      *ecs221
    22*            *                                                   *ecs221
    23*            *****************************************************ecs221
    24                                                                  ecs221
    25*REMARKS.                                                         ecs221
    26*        PROGRAM sorts the output of CIcf511 in the               ecs221
    27*        correct sequence.                                        ecs221
    28                                                                  ecs221
    29 ENVIRONMENT DIVISION.                                            ecs221
    30 CONFIGURATION SECTION.                                           ecs221
    31                                                                     CL**4
    32 INPUT-OUTPUT SECTION.                                            ecs221
    33 FILE-CONTROL.                                                    ecs221
    34                                                                  ecs221
    35     SELECT SORT-FILE       ASSIGN TO SYS001-UT-3380-S-SORTWK1.   ecs221
    36     SELECT file-in         ASSIGN TO SYS010.                     ecs221
    37     SELECT file-out        ASSIGN TO SYS011.                     ecs221
    38                                                                  ecs221
    39                                                                  ecs221
* Micro Focus Server Express         V5.1 revision 000 06-Oct-15 17:18 Page   3
* ECS220B.cbl
    41 DATA DIVISION.                                                   ecs221
    42 FILE SECTION.                                                    ecs221
    43                                                                  ecs221
    44 SD  SORT-FILE.                                                   ecs221
    45                                                                  ecs221
    46 01  SORT-REC.
    47     12  sort-rest.
    48         16  sort-key2               pic x(10).
    49         16  filler                  pic x(68).
    50         16  sort-key3               pic xx.
    51     12  sort-key1               pic x(10).
    52                                                                     CL**2
* Micro Focus Server Express         V5.1 revision 000 06-Oct-15 17:18 Page   4
* ECS220B.cbl
    54 FD  file-in                                                      ecs221
    55     BLOCK CONTAINS 0 RECORDS
    56     RECORDING MODE IS F.                                         ecs221
    57                                                                  ecs221
    58 01  rec-in                      pic x(90).                          CL**4
    59 FD  file-out                                                     ecs221
    60     BLOCK CONTAINS 0 RECORDS
    61     RECORDING MODE IS F.                                         ecs221
    62                                                                  ecs221
    63 01  rec-out                     PIC X(80).                       ecs221
* Micro Focus Server Express         V5.1 revision 000 06-Oct-15 17:18 Page   5
* ECS220B.cbl
    66 WORKING-STORAGE SECTION.                                         ecs221
    67 77  FILLER  PIC X(32) VALUE '********************************'.  ecs221
    68 77  FILLER  PIC X(32) VALUE '     ecs220b WORKING STORAGE    '.  ecs221
    69 77  FILLER  PIC X(32) VALUE '*********** VMOD=2.005 *********'.     CL**4
    70
    71 01  WS-ABEND-FIELDS.                                             ecs221
    72     12  WS-RETURN-CODE          PIC S9(4)       VALUE ZERO.      ecs221
    73     12  WS-ZERO                 PIC S9          VALUE ZERO.      ecs221
    74     12  WS-ABEND-MESSAGE        PIC X(80)       VALUE SPACES.    ecs221
    75     12  WS-ABEND-FILE-STATUS    PIC XX          VALUE ZERO.      ecs221
    76                                                                  ecs221
    77 PROCEDURE DIVISION.                                              ecs221
    78                                                                  ecs221
    79 0120-NOW-SORT.                                                   ecs221
    80                                                                  ecs221
    81     SORT SORT-FILE ASCENDING KEY sort-key1
    82                                  sort-key2
    83                                  sort-key3
    84         INPUT PROCEDURE 0140-GET-file-in                         ecs221
    85         OUTPUT PROCEDURE 0180-write-file-out.                    ecs221
    86                                                                  ecs221
    87     IF SORT-RETURN NOT = (ZEROS AND 4)                           ecs221
    88         MOVE  0101              TO WS-RETURN-CODE                ecs221
    89         GO TO ABEND-PGM.                                         ecs221
    90
    91     close file-in file-out
    92     goback.
    93
    94 0140-GET-file-in     SECTION.                                    ecs221
    95                                                                  ecs221
    96 0150-OPEN-EM.                                                    ecs221
    97     OPEN  INPUT file-in
    98           OUTPUT file-out.
    99                                                                  ecs221
   100 0160-R-INPUT.                                                    ecs221
   101                                                                  ecs221
   102     READ file-in at end                                          ecs221
   103         GO TO 0170-E-input.                                      ecs221
   104                                                                  ecs221
   105     RELEASE SORT-REC from rec-in.                                ecs221
   106     GO TO 0160-R-INPUT.                                          ecs221
   107                                                                  ecs221
   108 0170-E-input.                                                    ecs221
   109     EXIT.                                                        ecs221
* Micro Focus Server Express         V5.1 revision 000 06-Oct-15 17:18 Page   6
* ECS220B.cbl
   111 0180-write-file-out   SECTION.                                   ecs221
   112                                                                  ecs221
   113 0200-R-OLDS.                                                     ecs221
   114                                                                  ecs221
   115     return sort-file AT END                                      ecs221
   116         GO TO 0200-exit.                                         ecs221
   117                                                                  ecs221
   118     write rec-out from sort-rest.                                ecs221
   119     go to 0200-r-olds.
   120
   121 0200-exit.
   122     exit.
   123
   124 ABEND-PGM SECTION.                                               ecs221
*  125                               COPY ELCABEND.                     ecs221
   126***************************************************************** 04/14/98
   127*                                                               * ELCABEND
   128*                            ELCABEND.                          *    LV003
   129*           COPYBOOK REVIEWED FOR YEAR 2000 COMPLIANCE               CL**3
   130*                            VMOD 2.002                              CL**2
   131*                                                               * ELCABEND
   132*                THIS SECTION DISPLAYS THE NECESSARY MESSAGES   * ELCABEND
   133*            AND THEN ABENDS.                                   * ELCABEND
   134*                                                               * ELCABEND
   135*  NO  CID  MODS  IN  COPYBOOK  ELCABEND                        * ELCABEND
   136*                                                               * ELCABEND
   137***************************************************************** ELCABEND
   138*APS-010.                                                         ELCABEND
   139     DISPLAY WS-ABEND-MESSAGE.                                    ELCABEND
   140     DISPLAY WS-ABEND-MESSAGE UPON CONSOLE.                       ELCABEND
   141                                                                  ELCABEND
   142     IF WS-ABEND-FILE-STATUS NOT = ZERO                           ELCABEND
   143         DISPLAY 'FILE STATUS = ' WS-ABEND-FILE-STATUS            ELCABEND
   144         DISPLAY 'FILE STATUS = ' WS-ABEND-FILE-STATUS            ELCABEND
   145                                 UPON CONSOLE.                    ELCABEND
   146                                                                  ELCABEND
   147     IF WS-RETURN-CODE NOT = ZERO                                 ELCABEND
   148         DISPLAY 'RETURN CODE = '  WS-RETURN-CODE                 ELCABEND
   149         DISPLAY 'RETURN CODE = '  WS-RETURN-CODE                 ELCABEND
   150                                 UPON CONSOLE.                    ELCABEND
   151                                                                  ELCABEND
   152     DISPLAY 'PROGRAM WILL NOW ABEND **************'              ELCABEND
   153     DISPLAY 'PROGRAM WILL NOW ABEND **************'              ELCABEND
   154                                 UPON CONSOLE.                    ELCABEND
   155                                                                  ELCABEND
   156     DIVIDE WS-ZERO BY WS-ZERO GIVING WS-ZERO.                    ELCABEND
   157     CALL 'ABORTME'.
   158                                                                  ELCABEND
   159 APS-EXIT.                                                        ELCABEND
   160     EXIT.                                                        ELCABEND
   161                                                                     CL**4
* Micro Focus Server Express         V5.1 revision 000 Compiler
* Copyright (C) Micro Focus IP Development Limited 1984-2012.
*                                                        REF GNR-008065005AF
* Total Messages:     0
* Data:        2360     Code:        1289
