* Micro Focus Server Express         V5.1 revision 000 06-Oct-15 17:18 Page   1
* ECS217T.cbl
* Options: int("ECS217T.int") anim csi verbose NOBOUND PARAMCOUNTCHECK
*          directives(cobopt.bth) endp list("ECS217T.lst")
* Setting: NOACCEPTREFRESH NOADV ALIGN"8" ALPHASTART"1" NOALTER NOAMODE ANIM
*          NOANIMPREP ANS85 APOST NOAREACHECK ARITHMETIC"OSVS" ASSIGN
*          "EXTERNAL" NOASSIGN-PRINTER NOAUTOLOCK NOBELL NOBOUND NOBRIEF
*          NOBS2000 BWZSTAR NOBYTEMODEMOVE CALLFH"ebmlsfile" NOCALLMCS
*          NOCALLRECOVERY CALLSORT"EXTSM" CANCEL CANCELLBR NOCHANGEMESSAGE
*          CHARSET"ASCII" NOCHECKDIV NOCHECKREFMOD NOCICS CICS-CPY
*          NOCICSOPTIMIZE NOCMPR2 NOCOBFSTATCONV NOCOBIDY NOCOBOL370 COBOLDIR
*          NOCOMP COMP-5"2" COMP-6"2" NOCOMS85 CONFIRM NOCONVERTRET CONVSPACE
*          COPYEXT",cbl,cpy" NOCOPYLBR COPYLIST COPYLISTCOMMENT"1" CSI
*          CURRENCY-SIGN"36" CURRENT-DATE"MMDDYY" NODATA DATACOMPRESS"0"
*          NODATA-CONTEXT DATE DBCHECK DBCS"2" NODBCSSOSI DBSPACE DE-EDIT"2"
*          DEFAULTBYTE"32" NODEFAULTCALLS DETECTLOCK NODG DIALECT"MF"
*          NODIRECTIVES-IN-COMMENTS NODOSVS NODPCINSUBSCRIPT DYNAM
*          NOEARLY-RELEASE ECHO NOECHOALL NOEDITOR ENSUITE"0" NOENTCOBOL
*          ERRFORMAT"1" ERRLIST"EMBED" NOERRQ FASTSORT NOFCD3 NOFCDREG
*          NOFDCLEAR NOFILESHARE FILETYPE"0" NOFLAG NOFLAGAS NOFLAGCD
*          NOFLAGEUC NOFLAGMIG NOFLAGQ FLAGSINEDIT NOFLAGSTD NOFOLDCALLNAME
*          NOFOLDCOPYNAME FORM"60" NOFP-ROUNDING NOHOSTARITHMETIC
*          NOHOSTCONTZERO NOHOST-NUMCOMPARE NOHOST-NUMMOVE NOHOSTFD NOHOSTRW
*          NOIBM-MS IBMCOMP IDXFORMAT"0" NOILGEN IMPLICITSCOPE NOINDD
*          INFORETURN"0" NOINITCALL INITPTR INT"ECS217T.int" INTDATE"ANSI"
*          INTLEVEL"2" IOCONV NOISO2002 NOIXNLSKEY NOIXNUMKEY KEEP-INT
*          KEYCHECK KEYCOMPRESS"0" LIBRARIAN"2" NOLINE-COUNT LIST"ECS217T.lst"
*          LISTPATH"" LISTWIDTH"80" LITVAL-SIZE"4" LOCKTYPE"0" NOMAPNAME
*          NOMAXERROR METHODDEFAULT"REFERENCE" MF"15" MFCOMMENT NOMOVELENCHECK
*          NOMS NOMVS NATIVE"ASCII" NONATIVEFLOATINGPOINT NONCHAR
*          NONEWBASENAME NONLS NSYMBOL"DBCS" NOODOOSVS NOODOSLIDE
*          NOOLDBLANKLINE NOOLDCOPY NOOLDINDEX NOOLDNEXTSENTENCE NOOLDREADINTO
*          NOOLDSTRMIX OOCTRL"-C-E-G-P+Q+R-S+W" OPTIONAL-FILE NOOS390 OSEXT""
*          NOOSVS NOOUTDD NOP64 NOPANVALET PERFORM-TYPE"OSVS" NOPREPLIST
*          NOPREPROCESS NOPRINT-EXT NOPROFILE NOPROGID-COMMENT
*          NOPROGID-INT-NAME NOPROTECT-LINKAGE PROTOTYPE"RELAXED" QUAL
*          QUALPROC NOQUERY NOQUOTE NORAWLIST NORDW RECMODE"F" NOREENTRANT
*          NOREF NOREFNO REMAINDER"1" REPORT-LINE"256" RESEQ NORETRYLOCK
*          REWRITE-LS NORM RTNCODE-SIZE"4" NORWHARDPAGE NOSAA SEG NOSEQCHK
*          SEQUENTIAL"RECORD" NOSERIAL SETTING"LINE" NOSHAREOUTDD NOSHOW-DIR
*          SIGN"ASCII" NOSIGNDISCARD NOSIGNFIXUP SORTTYPE"DFSORT" SOURCEFORMAT
*          "FIXED" SOURCETABSTOP"8" NOSPZERO NOSSRANGE STDERR NOSTICKY-LINKAGE
*          NOSTICKY-PERFORM SUPFF SWITCHTYPE"1" SYMBSTART"1" SYSPUNCH"132"
*          TERMPAGE TIME NOTRACE NOTRUNC NOTRUNCCALLNAME NOTRUNCCOPY TRUNCINC
*          "10" UNICODE"NATIVE" VERBOSE VSC2"2" WARNING"1" NOWB NOWB2 NOWB3
*          WEBSERVER"CGI" NOWRITELOCK NOWRITETHRU NOXOPEN NOXREF
*          NOZEROLENGTHFALSE NOZEROSEQ NOZWB
     1 IDENTIFICATION DIVISION.
     2 PROGRAM-ID. ECS217.
     3 AUTHOR.     PABLO.
     4 DATE-COMPILED. 06-Oct-15 17:18.
     5 ENVIRONMENT DIVISION.
     6 INPUT-OUTPUT SECTION.
     7 FILE-CONTROL.
     8
     9     SELECT CREDIT         ASSIGN TO SYS011.
    10     SELECT NON-CREDIT     ASSIGN TO SYS012.
    11     SELECT CREDIT-120     ASSIGN TO SYS013.
    12     SELECT CREDIT-CA      ASSIGN TO SYS014.
    13     SELECT PRNTR          ASSIGN TO SYS008.
* Micro Focus Server Express         V5.1 revision 000 06-Oct-15 17:18 Page   2
* ECS217T.cbl
    14     SELECT EXTR-FILE      ASSIGN TO SYS010.
    15     SELECT DISK-DATE      ASSIGN TO SYS019.
    16
    17 DATA DIVISION.
    18 FILE SECTION.
    19
    20 FD  CREDIT
    21     BLOCK CONTAINS 0 RECORDS
    22     RECORDING MODE F.
    23
    24 01  CREDIT-REC              PIC X(666).
    25
    26 FD  NON-CREDIT
    27     BLOCK CONTAINS 0 RECORDS
    28     RECORDING MODE F.
    29
    30 01  NON-CREDIT-REC          PIC X(666).
    31
    32 FD  CREDIT-CA
    33     BLOCK CONTAINS 0 RECORDS
    34     RECORDING MODE F.
    35
    36 01  CREDIT-CA-REC           PIC X(666).
    37
    38 FD  CREDIT-120
    39     BLOCK CONTAINS 0 RECORDS
    40     RECORDING MODE F.
    41
    42 01  CREDIT-120-REC          PIC X(666).
    43
    44 FD  PRNTR
*   45                             COPY ELCPRTFD.
    46******************************************************************04/15/98
    47*                                                                *ELCPRTFD
    48*                                                                *ELCPRTFD
    49*                            ELCPRTFD.                           *   LV003
    50*           COPYBOOK REVIEWED FOR YEAR 2000 COMPLIANCE               CL**3
    51*                            VMOD=2.006                          *ELCPRTFD
    52******************************************************************ELCPRTFD
    53     RECORDING MODE F                                             ELCPRTFD
    54     LABEL RECORDS OMITTED                                        ELCPRTFD
    55     BLOCK CONTAINS 0 RECORDS
    56     RECORD CONTAINS 133 CHARACTERS.                              ELCPRTFD
    57 01  PRT.                                                         ELCPRTFD
    58     12  P-CTL               PIC  X.                                 CL**2
    59     12  P-DATA              PIC  X(132).                         ELCPRTFD
    60******************************************************************ELCPRTFD
    61 FD  EXTR-FILE
    62     BLOCK CONTAINS 0 RECORDS
    63     RECORDING MODE F.
    64
*   65                             COPY ECSEXTCL.
    66******************************************************************11/18/98
    67*                                                                *ECSEXTCL
    68*                             ECSEXTCL                           *   LV010
    69*           COPYBOOK REVIEWED FOR YEAR 2000 COMPLIANCE               CL**6
    70*                            VMOD=2.006                          *ECSEXTCL
    71*                                                                *ECSEXTCL
* Micro Focus Server Express         V5.1 revision 000 06-Oct-15 17:18 Page   3
* ECS217T.cbl (/apps/prod/cid1p/copy/ECSEXTCL)
    72*     FILE DESCRIPTION = STATE CALL EXTRACT RECORD  (OFF-LINE)   *ECSEXTCL
    73*                                                                *ECSEXTCL
    74*     FILE TYPE = SEQUENTIAL                                     *ECSEXTCL
    75*     RECORD SIZE = XXX  RECFORM = FIXED                         *ECSEXTCL
    76*                                                                *ECSEXTCL
    77*     KEY DATA =     START=1, LEN=XX                             *ECSEXTCL
    78*                                                                *ECSEXTCL
    79******************************************************************ECSEXTCL
    80 01  CALL-EXTRACT.                                                ECSEXTCL
    81     12  SORT-KEY.                                                ECSEXTCL
    82         16  SX-RECORD-TYPE          PIC X.                       ECSEXTCL
    83         16  SX-REIN-CO              PIC X(6).                    ECSEXTCL
    84         16  SX-CARRIER              PIC X.                       ECSEXTCL
    85         16  SX-GROUPING             PIC X(6).                    ECSEXTCL
    86         16  SX-STATE                PIC XX.                      ECSEXTCL
    87         16  SX-ACCOUNT              PIC X(10).                   ECSEXTCL
    88         16  SX-TERM-CD              PIC X.                       ECSEXTCL
    89         16  FILLER                  PIC X.                       ECSEXTCL
    90         16  SX-CAL-TABLE            PIC XX.                      ECSEXTCL
    91         16  SX-ACCT-TYPE            PIC XX.                      ECSEXTCL
    92         16  SX-STATE-DEV            PIC XXX.                     ECSEXTCL
    93     12  EX-REST-OF-RECORD.                                       ECSEXTCL
    94         16  EX-REIN                 PIC X(6).                    ECSEXTCL
    95         16  EX-CARRIER              PIC X.                       ECSEXTCL
    96         16  EX-GROUPING             PIC X(6).                    ECSEXTCL
    97         16  EX-STATE                PIC XX.                      ECSEXTCL
    98         16  EX-TERM-CD              PIC X.                       ECSEXTCL
    99         16  EX-STATE-DEV            PIC X(3).                    ECSEXTCL
   100         16  EX-I-G                  PIC X.                       ECSEXTCL
   101         16  EX-CAL-TABLE            PIC XX.                      ECSEXTCL
   102         16  EX-ACCT-TYPE            PIC XX.                      ECSEXTCL
   103         16  EX-ACCOUNT              PIC X(10).                   ECSEXTCL
   104         16  EX-RECORD-TYPE          PIC X.                       ECSEXTCL
   105         16  EX-TX-RESV-ADJ-REC      PIC X.                       ECSEXTCL
   106         16  EX-LIFE-AH              PIC X.                       ECSEXTCL
   107         16  EX-BEN-TYPE             PIC XX.                      ECSEXTCL
   108         16  EX-TERM                 PIC S999         COMP-3.     ECSEXTCL
   109         16  EX-PREM                 PIC S9(7)V99     COMP-3.     ECSEXTCL
   110         16  EX-PREM-ALT             PIC S9(7)V99     COMP-3.     ECSEXTCL
   111         16  EX-EFF-DATE             PIC 9(8).                       CL**9
   112         16  EX-NAME                 PIC X(20).                   ECSEXTCL
   113         16  EX-AGE                  PIC 99.                      ECSEXTCL
   114         16  EX-ENTRY-DATE           PIC 9(8).                       CL**8
   115         16  EX-EXIT-DATE            PIC 9(8).                       CL**9
   116         16  EX-PMT-FREQ             PIC 99.                      ECSEXTCL
   117         16  EX-APR                  PIC S9(3)V9(4)   COMP-3.     ECSEXTCL
   118         16  EX-CAP-TERM             PIC S999         COMP-3.     ECSEXTCL
   119         16  EX-EARN-METHOD          PIC X.                       ECSEXTCL
   120         16  EX-PRIM-FAC-PREM        PIC S9(7)V99     COMP-3.     ECSEXTCL
   121         16  EX-PRIM-FAC-PREM-ALT    PIC S9(7)V99     COMP-3.     ECSEXTCL
   122         16  EX-INITIAL-AMT          PIC S9(9)V99     COMP-3.     ECSEXTCL
   123         16  EX-BENEFIT              PIC S9(7)V99     COMP-3.     ECSEXTCL
   124         16  EX-DATA-BY-YEAR   OCCURS 3 TIMES.                    ECSEXTCL
   125             20  EX-INC-CNT          PIC S999         COMP-3.     ECSEXTCL
   126             20  EX-PD-CNT           PIC S999         COMP-3.     ECSEXTCL
   127             20  EX-C-CNT            PIC S999         COMP-3.     ECSEXTCL
   128             20  EX-CLAIM-AMT        PIC S9(9)V99     COMP-3.     ECSEXTCL
   129             20  RR                  PIC S999         COMP-3.     ECSEXTCL
* Micro Focus Server Express         V5.1 revision 000 06-Oct-15 17:18 Page   4
* ECS217T.cbl (/apps/prod/cid1p/copy/ECSEXTCL)
   130             20  M1                  PIC S999         COMP-3.     ECSEXTCL
   131             20  M2                  PIC S999V9       COMP-3.     ECSEXTCL
   132             20  M3                  PIC S999V9       COMP-3.     ECSEXTCL
   133             20  M5                  PIC S999         COMP-3.     ECSEXTCL
   134             20  M6                  PIC S999         COMP-3.     ECSEXTCL
   135             20  EX-BEG-ST-RES       PIC S9(7)V99     COMP-3.     ECSEXTCL
   136             20  EX-END-ST-RES       PIC S9(7)V99     COMP-3.     ECSEXTCL
   137             20  EX-BEG-R78-RES      PIC S9(7)V99     COMP-3.     ECSEXTCL
   138             20  EX-END-R78-RES      PIC S9(7)V99     COMP-3.     ECSEXTCL
   139             20  EX-BEG-PRO-RES      PIC S9(7)V99     COMP-3.     ECSEXTCL
   140             20  EX-END-PRO-RES      PIC S9(7)V99     COMP-3.     ECSEXTCL
   141             20  EX-BEG-MEAN-RES     PIC S9(7)V99     COMP-3.     ECSEXTCL
   142             20  EX-END-MEAN-RES     PIC S9(7)V99     COMP-3.     ECSEXTCL
   143             20  EX-PRI-BEG-ST-RES   PIC S9(7)V99     COMP-3.     ECSEXTCL
   144             20  EX-PRI-END-ST-RES   PIC S9(7)V99     COMP-3.     ECSEXTCL
   145             20  EX-PRI-BEG-R78-RES  PIC S9(7)V99     COMP-3.     ECSEXTCL
   146             20  EX-PRI-END-R78-RES  PIC S9(7)V99     COMP-3.     ECSEXTCL
   147             20  EX-PRI-BEG-PRO-RES  PIC S9(7)V99     COMP-3.     ECSEXTCL
   148             20  EX-PRI-END-PRO-RES  PIC S9(7)V99     COMP-3.     ECSEXTCL
   149             20  EX-PRI-BEG-MEAN-RES PIC S9(7)V99     COMP-3.     ECSEXTCL
   150             20  EX-PRI-END-MEAN-RES PIC S9(7)V99     COMP-3.     ECSEXTCL
   151             20  EX-MEAN-INFORCE     PIC S9(11)V99    COMP-3.     ECSEXTCL
   152             20  EX-OVR-COMM         PIC S9(5)V99     COMP-3.     ECSEXTCL
   153             20  EX-AGT-COMM         PIC S9(5)V99     COMP-3.     ECSEXTCL
   154             20  EX-CNC-AMT          PIC S9(7)V99     COMP-3.     ECSEXTCL
   155             20  EX-B-IBNR           PIC S9(9)V99     COMP-3.     ECSEXTCL
   156             20  EX-E-IBNR           PIC S9(9)V99     COMP-3.     ECSEXTCL
   157             20  EX-B-LOSS           PIC S9(9)V99     COMP-3.     ECSEXTCL
   158             20  EX-E-LOSS           PIC S9(9)V99     COMP-3.     ECSEXTCL
   159             20  EX-RETRO-PMTS       PIC S9(9)V99     COMP-3.     ECSEXTCL
   160             20  FILLER              PIC X(12).                      CL*10
   161                                                                  ECSEXTCL
   162******************************************************************ECSEXTCL
   163 FD  DISK-DATE
*  164                             COPY ELCDTEFD.
   165******************************************************************04/15/98
   166*                                                                *ELCDTEFD
   167*                                                                *ELCDTEFD
   168*                            ELCDTEFD.                           *   LV002
   169*           COPYBOOK REVIEWED FOR YEAR 2000 COMPLIANCE               CL**2
   170*                            VMOD=2.007                          *   CL**2
   171*                                                                *ELCDTEFD
   172******************************************************************ELCDTEFD
   173     BLOCK CONTAINS 0 RECORDS
   174     RECORDING MODE F.                                            ELCDTEFD
   175                                                                  ELCDTEFD
   176 01  DATE-DISK.                                                   ELCDTEFD
   177     12  DD-ID                       PIC  X(4).                   ELCDTEFD
   178     12  FILLER                      PIC  X(14).                  ELCDTEFD
   179     12  DD-CR1                      PIC  9.                      ELCDTEFD
   180     12  DD-CR1N                     PIC  X(30).                  ELCDTEFD
   181     12  DD-CR2                      PIC  9.                      ELCDTEFD
   182     12  DD-CR2N                     PIC  X(30).                  ELCDTEFD
   183     12  FILLER                      PIC  X(20).                  ELCDTEFD
   184                                                                  ELCDTEFD
   185 01  DATE-DISK-R.                                                 ELCDTEFD
   186     12  FILLER                      PIC  X(4).                   ELCDTEFD
   187     12  DD-ST           OCCURS 3 TIMES                           ELCDTEFD
* Micro Focus Server Express         V5.1 revision 000 06-Oct-15 17:18 Page   5
* ECS217T.cbl (/apps/prod/cid1p/copy/ELCDTEFD)
   188                                     PIC  X(32).                  ELCDTEFD
   189                                                                  ELCDTEFD
   190 01  DATE-DISK-T.                                                 ELCDTEFD
   191     12  FILLER                      PIC  X(4).                   ELCDTEFD
   192     12  DD-TYPE         OCCURS 2 TIMES                           ELCDTEFD
   193                                     PIC  X(48).                  ELCDTEFD
   194                                                                  ELCDTEFD
   195 01  DATE-DISK-M.                                                 ELCDTEFD
   196     12  FILLER                      PIC  X(4).                   ELCDTEFD
   197     12  DD-MORT         OCCURS 2 TIMES                           ELCDTEFD
   198                                     PIC  X(48).                  ELCDTEFD
   199                                                                  ELCDTEFD
   200 01  DATE-DISK-P.                                                 ELCDTEFD
   201     12  DD-IDA                      PIC  XX.                     ELCDTEFD
   202     12  DD-IDX                      PIC  99.                     ELCDTEFD
   203     12  DD-DATA                     PIC  X(96).                  ELCDTEFD
   204     12  FILLER  REDEFINES DD-DATA.                               ELCDTEFD
   205         16  DD-PS-PIC   OCCURS 50 TIMES                          ELCDTEFD
   206                                     PIC  X.                      ELCDTEFD
   207         16  FILLER                  PIC  X(46).                  ELCDTEFD
   208     12  FILLER  REDEFINES DD-DATA.                               ELCDTEFD
   209         16  DD-PS-PICO  OCCURS 20 TIMES.                         ELCDTEFD
   210             20  DD-PS-PRT           PIC  X.                      ELCDTEFD
   211             20  DD-PS-FMT           PIC  X.                      ELCDTEFD
   212             20  DD-PS-PRC           PIC  X.                      ELCDTEFD
   213             20  DD-PS-TOT           PIC  X.                      ELCDTEFD
   214         16  FILLER                  PIC  X(16).                  ELCDTEFD
   215                                                                  ELCDTEFD
   216 01  DATE-DISK-E.                                                 ELCDTEFD
   217     12  FILLER                      PIC  X(4).                   ELCDTEFD
   218     12  DD-EDIT         OCCURS 24 TIMES                          ELCDTEFD
   219                                     PIC  X(4).                   ELCDTEFD
   220                                                                  ELCDTEFD
   221 01  DATE-DISK-C.                                                 ELCDTEFD
   222     12  FILLER                      PIC  X(7).                   ELCDTEFD
   223     12  DD-CARR1-SECPAY-SW          PIC  X.
   224     12  DD-CARR1-UEP-PCT            PIC  S9V9(4) COMP-3.         ELCDTEFD
   225     12  DD-CARR1-R78-PCT            PIC  S9V9(4) COMP-3.         ELCDTEFD
   226     12  DD-CARR1-PRO-PCT            PIC  S9V9(4) COMP-3.         ELCDTEFD
   227     12  DD-CARR1                    PIC  X.                      ELCDTEFD
   228     12  DD-CARR1S                   PIC  XX.                     ELCDTEFD
   229     12  DD-CARR1N                   PIC  X(30).                  ELCDTEFD
   230     12  DD-CARR2                    PIC  X.                      ELCDTEFD
   231     12  DD-CARR2S                   PIC  XX.                     ELCDTEFD
   232     12  DD-CARR2N                   PIC  X(30).                  ELCDTEFD
   233     12  DD-CARR2-UEP-PCT            PIC  S9V9(4) COMP-3.         ELCDTEFD
   234     12  DD-CARR2-R78-PCT            PIC  S9V9(4) COMP-3.         ELCDTEFD
   235     12  DD-CARR2-PRO-PCT            PIC  S9V9(4) COMP-3.         ELCDTEFD
   236     12  DD-CARR2-SECPAY-SW          PIC  X.
   237     12  FILLER                      PIC  X(7).                   ELCDTEFD
   238                                                                  ELCDTEFD
   239 01  DATE-DISK-OPT.                                               ELCDTEFD
   240     12  FILLER                      PIC  X(04).                  ELCDTEFD
   241     12  DD-TLR-DATA.                                             ELCDTEFD
   242         16  DD-TLR                  OCCURS 32 TIMES              ELCDTEFD
   243                                     PIC  X(03).                  ELCDTEFD
   244     12  DD-STATE-DATA REDEFINES DD-TLR-DATA.                     ELCDTEFD
   245         16  DD-STATE-FLDS           OCCURS 16 TIMES              ELCDTEFD
* Micro Focus Server Express         V5.1 revision 000 06-Oct-15 17:18 Page   6
* ECS217T.cbl (/apps/prod/cid1p/copy/ELCDTEFD)
   246                                     PIC  X(06).                  ELCDTEFD
   247     12  DD-CARR-DATA REDEFINES DD-TLR-DATA.                      ELCDTEFD
   248         16  DD-CARR-FLDS            OCCURS 13 TIMES              ELCDTEFD
   249                                     PIC  X(07).                  ELCDTEFD
   250         16  FILLER                  PIC  X(05).                  ELCDTEFD
   251     12  DD-MISC-DATA REDEFINES DD-TLR-DATA                       ELCDTEFD
   252                                     PIC  X(96).                  ELCDTEFD
   253******************************************************************ELCDTEFD
* Micro Focus Server Express         V5.1 revision 000 06-Oct-15 17:18 Page   7
* ECS217T.cbl
   255 WORKING-STORAGE SECTION.
   256 77  FILLER  PIC X(32) VALUE '********************************'.
   257 77  FILLER  PIC X(32) VALUE '    ECS217 WORKING STORAGE      '.
   258 77  FILLER  PIC X(32) VALUE '********************************'.
   259
   260 77  PGM-SUB                 PIC S999    COMP    VALUE +158.
   261
   262 01  WS-NON-CREDIT-TABLES.
   263     12  WS-LIFE-TABLE.
   264         16  FILLER         PIC XX  VALUE 'QD'.
   265         16  FILLER         PIC XX  VALUE 'QL'.
   266         16  FILLER         PIC XX  VALUE '29'.
   267         16  FILLER         PIC XX  VALUE '32'.
   268         16  FILLER         PIC XX  VALUE '33'.
   269         16  FILLER         PIC XX  VALUE '38'.
   270         16  FILLER         PIC XX  VALUE '45'.
   271         16  FILLER         PIC XX  VALUE '46'.
   272         16  FILLER         PIC XX  VALUE '76'.
   273         16  FILLER         PIC XX  VALUE '77'.
   274         16  FILLER         PIC XX  VALUE '80'.
   275         16  FILLER         PIC XX  VALUE '81'.
   276     12  WS-LIFE REDEFINES WS-LIFE-TABLE OCCURS 12
   277                      INDEXED BY WS-LF-NDX.
   278         16  WS-LIFE-BEN   PIC XX.
   279     12  WS-AH-TABLE.
   280         16  FILLER         PIC XX  VALUE '38'.
   281         16  FILLER         PIC XX  VALUE '39'.
   282         16  FILLER         PIC XX  VALUE '40'.
   283         16  FILLER         PIC XX  VALUE '41'.
   284         16  FILLER         PIC XX  VALUE '42'.
   285         16  FILLER         PIC XX  VALUE '63'.
   286         16  FILLER         PIC XX  VALUE '64'.
   287         16  FILLER         PIC XX  VALUE '65'.
   288         16  FILLER         PIC XX  VALUE '66'.
   289         16  FILLER         PIC XX  VALUE '67'.
   290         16  FILLER         PIC XX  VALUE '2C'.
   291         16  FILLER         PIC XX  VALUE '2D'.
   292         16  FILLER         PIC XX  VALUE '2E'.
   293         16  FILLER         PIC XX  VALUE '2F'.
   294         16  FILLER         PIC XX  VALUE '2G'.
   295         16  FILLER         PIC XX  VALUE '2H'.
   296         16  FILLER         PIC XX  VALUE '2I'.
   297         16  FILLER         PIC XX  VALUE '2J'.
   298         16  FILLER         PIC XX  VALUE '2K'.
   299         16  FILLER         PIC XX  VALUE '2L'.
   300         16  FILLER         PIC XX  VALUE '2Q'.
   301         16  FILLER         PIC XX  VALUE '2R'.
   302         16  FILLER         PIC XX  VALUE '2S'.
   303         16  FILLER         PIC XX  VALUE '2T'.
   304         16  FILLER         PIC XX  VALUE '2U'.
   305         16  FILLER         PIC XX  VALUE '5U'.
   306         16  FILLER         PIC XX  VALUE '5V'.
   307         16  FILLER         PIC XX  VALUE '5W'.
   308         16  FILLER         PIC XX  VALUE '5X'.
   309         16  FILLER         PIC XX  VALUE '5Y'.
   310         16  FILLER         PIC XX  VALUE '5Z'.
   311         16  FILLER         PIC XX  VALUE '6A'.
   312         16  FILLER         PIC XX  VALUE '6B'.
* Micro Focus Server Express         V5.1 revision 000 06-Oct-15 17:18 Page   8
* ECS217T.cbl
   313         16  FILLER         PIC XX  VALUE '6C'.
   314         16  FILLER         PIC XX  VALUE '6D'.
   315         16  FILLER         PIC XX  VALUE '6E'.
   316         16  FILLER         PIC XX  VALUE '6F'.
   317         16  FILLER         PIC XX  VALUE '6G'.
   318         16  FILLER         PIC XX  VALUE '6H'.
   319         16  FILLER         PIC XX  VALUE '6I'.
   320     12  WS-AH REDEFINES WS-AH-TABLE OCCURS 40
   321                      INDEXED BY WS-AH-NDX.
   322         16  WS-AH-BEN     PIC XX.
   323
   324 01  MISC-WS.
   325     12  X                   PIC X   VALUE ' '.
   326     12  WS-EOF-SW           PIC X   VALUE ' '.
   327         88  THERE-ARE-NO-MORE-RECORDS  VALUE 'Y'.
   328     12  WS-REC-QA-EX        PIC X   VALUE 'N'.
   329         88  RECORD-QA-EX            VALUE 'Y'.
   330     12  WS-REC-120          PIC X   VALUE 'N'.
   331         88  RECORD-120              VALUE 'Y'.
   332     12  WS-RETURN-CODE      PIC S9(4)   COMP.
   333     12  WS-ABEND-MESSAGE    PIC X(80).
   334     12  WS-ABEND-FILE-STATUS PIC XX     VALUE ZEROS.
   335     12  WS-ZERO             PIC S9       VALUE +0 COMP-3.
   336
   337 01  HEAD-1.
   338     12  FILLER              PIC X(42)           VALUE SPACES.
   339     12  FILLER              PIC X(39)           VALUE
   340             'CREDIT CALL EXTRACT FILE SPLIT         '.
   341     12  FILLER              PIC X(37)           VALUE SPACES.
   342     12  FILLER              PIC X(8)         VALUE 'ECS-217 '.
   343
   344 01  HEAD-2.
   345     12  FILLER              PIC X(47)           VALUE SPACES.
   346     12  HD-CLIENT           PIC X(30)           VALUE SPACES.
   347     12  FILLER              PIC X(42)           VALUE SPACES.
   348     12  HD-DATE             PIC X(8)            VALUE SPACES.
   349
   350 01  HEAD-3.
   351     12  FILLER              PIC X(53)           VALUE SPACES.
   352     12  HD-ALF-DTE          PIC X(18)           VALUE SPACES.
   353     12  FILLER              PIC X(48)           VALUE SPACES.
   354     12  FILLER              PIC X(5)            VALUE 'PAGE'.
   355     12  HD-PAGE             PIC ZZ,ZZZ.
   356
*  357                                 COPY ELCDTECX.
   358******************************************************************06/05/98
   359*                                                                *ELCDTECX
   360*                            ELCDTECX.                           *   LV005
   361*           COPYBOOK REVIEWED FOR YEAR 2000 COMPLIANCE               CL**2
   362*                            VMOD=2.015                          *ELCDTECX
   363*                                                                *ELCDTECX
   364*      WORKING STORAGE COPY CODE FOR APPLICATIONS CALLING        *ELCDTECX
   365*      THE DATE CARD DISK FILE. ( READ ROUTINE = ELCDTERX,       *ELCDTECX
   366*      AND DISK FILE FD = ELCDTEFX)                              *ELCDTECX
   367*                                                                *ELCDTECX
   368******************************************************************ELCDTECX
   369******************************************************************
   370*                   C H A N G E   L O G
* Micro Focus Server Express         V5.1 revision 000 06-Oct-15 17:18 Page   9
* ECS217T.cbl (/apps/prod/cid1p/copy/ELCDTECX)
   371*
   372* CHANGES ARE MARKED BY THE CHANGE EFFECTIVE DATE.
   373*-----------------------------------------------------------------
   374*  CHANGE   CHANGE REQUEST PGMR  DESCRIPTION OF CHANGE
   375* EFFECTIVE    NUMBER
   376*-----------------------------------------------------------------
   377* 092602    2002091900008  PEMA  INCREASE NUMBER OF MAXIMUM
   378*                                  BENEFIT CODES FROM 300 TO 900
   379* 090803    2003080800002  PEMA  ADD CATEGORY FOR SUPER GAP
   380* 051304    2003080800002  SMVA  ADD REFUND METHOD
   381* 071714    2013100100002  PEMA  FIX CRIT PERIOD EDITS
   382******************************************************************
   383 01  DATE-CARD.                                                   ELCDTECX
   384     12  DATX-COD                    PIC  X(4).                   ELCDTECX
   385     12  RUN-DATE                    PIC  9(11)  COMP-3.          ELCDTECX
   386     12  ALPH-DATE                   PIC  X(18).                  ELCDTECX
   387     12  EP-DT                       PIC  9(11)  COMP-3.          ELCDTECX
   388     12  PEND-ACT-FILE               PIC  XX.                     ELCDTECX
   389     12  EP-SW                       PIC  X.                      ELCDTECX
   390         88  NO-EP-EXTRACTS          VALUE SPACE.                 ELCDTECX
   391     12  TAPE-BATCHES                PIC  X.                      ELCDTECX
   392         88  TP-PREL-BAL             VALUE '1'.                   ELCDTECX
   393     12  BIN-RUN-DATE                PIC  XX.                     ELCDTECX
   394     12  RUN-CENTURY.                                             ELCDTECX
   395         16 RUN-CENTURY-N            PIC  99.                        CL**4
   396     12  FILLER                      PIC  X.                         CL**4
   397     12  CLAS-MORT-OVRD              PIC  X(4).                   ELCDTECX
   398     12  FILLER                      PIC  XXX.                    ELCDTECX
   399     12  COMPANY-NAME                PIC  X(30).                  ELCDTECX
   400                                                                  ELCDTECX
   401 01  FILLER                          PIC  X(7)                       CL**6
   402                                          VALUE 'OPTIONS'.        ELCDTECX
   403 01  DATE-CARD-OPTIONS.                                           ELCDTECX
   404     12  DATE-OPTIONS-ID             PIC  X(4).                   ELCDTECX
   405     12  DTE-MIN-PREM                PIC  99V99.                  ELCDTECX
   406     12  DTE-LANGUAGE-IND            PIC  X.                      ELCDTECX
   407         88  DTE-LANGUAGE-IS-FR           VALUE 'F'.              ELCDTECX
   408         88  DTE-LANGUAGE-IS-ENG          VALUE 'E'.              ELCDTECX
   409     12  DTE-MIN-AGE                 PIC  99.                     ELCDTECX
   410     12  DTE-DEFAULT-AGE             PIC  99.                     ELCDTECX
   411     12  FILLER                      PIC  X.                      ELCDTECX
   412     12  DTE-MAX-TERM                PIC  999.                    ELCDTECX
   413     12  DTE-COMP-VG                 PIC  X.                      ELCDTECX
   414     12  DTE-REM-TRM                 PIC  X.                      ELCDTECX
   415     12  DTE-PRM-CK                  PIC S99V99.                  ELCDTECX
   416     12  DTE-PRORATA                 PIC  X.                      ELCDTECX
   417     12  DTE-CLM-REJ                 PIC  X.                      ELCDTECX
   418     12  DTE-REF-REJ                 PIC  X.                      ELCDTECX
   419     12  DTE-COM-TBL-USED            PIC  X.                      ELCDTECX
   420     12  FILLER                      PIC  X.                      ELCDTECX
   421     12  DTE-QTR-CO                  PIC  X.                      ELCDTECX
   422     12  DTE-REF-CK                  PIC S99V99.                  ELCDTECX
   423     12  DTE-CLM-CK                  PIC S99V99.                  ELCDTECX
   424     12  DTE-CONV-DT                 PIC 9(11) COMP-3.               CL**2
   425     12  DTE-DEFAULT-SEX             PIC  X.                      ELCDTECX
   426     12  DTE-EPL-FORMAT              PIC  X.                      ELCDTECX
   427     12  FILLER                      PIC  X.                      ELCDTECX
   428     12  DTE-JT-AGE                  PIC  X.                      ELCDTECX
* Micro Focus Server Express         V5.1 revision 000 06-Oct-15 17:18 Page  10
* ECS217T.cbl (/apps/prod/cid1p/copy/ELCDTECX)
   429     12  DTE-KEY-BIRTH               PIC  X.                      ELCDTECX
   430     12  DTE-REINSURANCE             PIC  X.                      ELCDTECX
   431     12  DTE-CLAIM-SORT              PIC  X.                      ELCDTECX
   432     12  DTE-WRT-OFF                 PIC  S99V99.                 ELCDTECX
   433     12  DTE-R78                     PIC  X.                      ELCDTECX
   434     12  DTE-DLY-BILL                PIC  X.                      ELCDTECX
   435     12  DTE-ALT-MORT-CODE           PIC  X(4).                   ELCDTECX
   436     12  DTE-CLAIM-PAID-THRU-TO      PIC  X.                      ELCDTECX
   437     12  DTE-COMPENSATION-ACCESS     PIC  X.                      ELCDTECX
   438     12  DTE-MORTG-ACCESS-CNTL       PIC  X.                      ELCDTECX
   439     12  DTE-MP-ALT-MORT-CODE        PIC  X(4).                   ELCDTECX
   440     12  DTE-MORTALITY-AGE-CALC-METHOD                            ELCDTECX
   441                                     PIC  X.                      ELCDTECX
   442         88  DTE-USE-TABLE-ASSIGNED-METHOD VALUE '1'              ELCDTECX
   443                                                 ' '.             ELCDTECX
   444         88  DTE-USE-ALL-AGE-LAST          VALUE '2'.             ELCDTECX
   445         88  DTE-USE-ALL-AGE-NEAR          VALUE '3'.             ELCDTECX
   446     12  DTE-RESERVE-OPTION-SWITCH   PIC  X.                      ELCDTECX
   447         88  DTE-OPT-RESERVE-METHOD-AUTH       VALUE 'Y'.         ELCDTECX
   448         88  DTE-OPT-RESERVE-METHOD-UNAUTH     VALUE 'N' ' '.     ELCDTECX
   449     12  DTE-REM-TRM-CALC-OPTION     PIC  X.                      ELCDTECX
   450     12  DTE-EXPERIENCE-RETENTION-AGE                             ELCDTECX
   451                                     PIC  9.                         CL**4
   452     12  DTE-SYSTEM.                                              ELCDTECX
   453         16  DTE-SYS-A-CREDIT        PIC  X.                      ELCDTECX
   454         16  DTE-SYS-B-PEND-CLAIM    PIC  X.                      ELCDTECX
   455         16  DTE-SYS-C-CONFIRMATIONS PIC  X.                      ELCDTECX
   456         16  DTE-SYS-D-DEMAND-BILL   PIC  X.                      ELCDTECX
   457         16  DTE-SYS-E-CLASIC-CLAIMS PIC  X.                      ELCDTECX
   458         16  DTE-SYS-F-CLASIC-CREDIT PIC  X.                      ELCDTECX
   459         16  DTE-SYS-G-AR-USED       PIC  X.                      ELCDTECX
   460         16  DTE-SYS-H               PIC  X.                      ELCDTECX
   461         16  DTE-SYS-I               PIC  X.                      ELCDTECX
   462         16  DTE-SYS-J               PIC  X.                      ELCDTECX
   463         16  DTE-SYS-K               PIC  X.                      ELCDTECX
   464         16  DTE-SYS-L               PIC  X.                      ELCDTECX
   465         16  DTE-SYS-M               PIC  X.                      ELCDTECX
   466         16  DTE-SYS-N               PIC  X.                      ELCDTECX
   467         16  DTE-SYS-O               PIC  X.                      ELCDTECX
   468         16  DTE-SYS-P               PIC  X.                      ELCDTECX
   469         16  DTE-SYS-Q               PIC  X.                      ELCDTECX
   470         16  DTE-SYS-R               PIC  X.                      ELCDTECX
   471         16  DTE-SYS-S               PIC  X.                      ELCDTECX
   472         16  DTE-SYS-T               PIC  X.                      ELCDTECX
   473         16  DTE-SYS-U               PIC  X.                      ELCDTECX
   474         16  DTE-SYS-V               PIC  X.                      ELCDTECX
   475         16  DTE-SYS-W               PIC  X.                      ELCDTECX
   476         16  DTE-SYS-X               PIC  X.                      ELCDTECX
   477         16  DTE-SYS-Y               PIC  X.                      ELCDTECX
   478         16  DTE-SYS-Z               PIC  X.                      ELCDTECX
   479     12  FILLER                      REDEFINES DTE-SYSTEM.        ELCDTECX
   480         16  DTE-SYS-CODE            OCCURS 26 TIMES              ELCDTECX
   481                                     PIC  X.                      ELCDTECX
   482     12  DTE-CLIENT                  PIC  XXX.                    ELCDTECX
   483                                                                  ELCDTECX
   484 01  CLASIC-SYSTEM-CODES.                                         ELCDTECX
   485     12  DTE-COLC-ID                 PIC  X(4).                   ELCDTECX
   486     12  DTE-CLASIC-COMPANY-CD       PIC  X.                      ELCDTECX
* Micro Focus Server Express         V5.1 revision 000 06-Oct-15 17:18 Page  11
* ECS217T.cbl (/apps/prod/cid1p/copy/ELCDTECX)
   487     12  DTE-CLASIC-COMPANY-NUMBER   PIC  999.                    ELCDTECX
   488*    12  DTE-CLASIC-CLAIM-ACCESS     PIC  X.                      ELCDTECX
   489     12  FILLER                      PIC  X.                      ELCDTECX
   490     12  CLASIC-REIN-MAINT           PIC  XX.                     ELCDTECX
   491     12  CLASIC-COMP-MAINT           PIC  XX.                     ELCDTECX
   492     12  CLASIC-ACCT-MAINT           PIC  XX.                     ELCDTECX
   493     12  CLASIC-CTBL-MAINT           PIC  XX.                     ELCDTECX
   494     12  CLASIC-RATE-MAINT           PIC  XX.                     ELCDTECX
   495     12  CLASIC-CREDIT-EOM-DT        PIC  XX.                     ELCDTECX
   496     12  CLASIC-CLAIMS-EOM-DT        PIC  XX.                     ELCDTECX
   497                                                                  ELCDTECX
   498     12  LIFE-OVERRIDE-L1            PIC  X.                      ELCDTECX
   499     12  LIFE-OVERRIDE-L2            PIC  XX.                     ELCDTECX
   500     12  LIFE-OVERRIDE-L6            PIC  X(6).                   ELCDTECX
   501     12  LIFE-OVERRIDE-L12           PIC  X(12).                  ELCDTECX
   502                                                                  ELCDTECX
   503     12  AH-OVERRIDE-L1              PIC  X.                      ELCDTECX
   504     12  AH-OVERRIDE-L2              PIC  XX.                     ELCDTECX
   505     12  AH-OVERRIDE-L6              PIC  X(6).                   ELCDTECX
   506     12  AH-OVERRIDE-L12             PIC  X(12).                  ELCDTECX
   507                                                                  ELCDTECX
   508     12  CLAS-REPORT-CD1-CAPTION     PIC  X(10).                  ELCDTECX
   509     12  CLAS-REPORT-CD2-CAPTION     PIC  X(10).                  ELCDTECX
   510                                                                  ELCDTECX
   511     12  CLASIC-MORTG-EOM-DT         PIC  XX.                     ELCDTECX
   512     12  CLASIC-AR-EOM-DT            PIC  XX.                     ELCDTECX
   513                                                                  ELCDTECX
   514     12  FILLER                      PIC  X(11)      VALUE SPACE. ELCDTECX
   515                                                                  ELCDTECX
   516 01  DATE-CARD-FACTORS.                                           ELCDTECX
   517     12  DATE-FACTOR-ID              PIC  X(4).                   ELCDTECX
   518     12  FAC-1                       PIC S999V9(5).               ELCDTECX
   519     12  FAC-2                       PIC S999V9(5).               ELCDTECX
   520     12  FAC-3                       PIC S999V9(5).               ELCDTECX
   521     12  FAC-4                       PIC S999V9(5).               ELCDTECX
   522     12  FAC-5                       PIC S999V9(5).               ELCDTECX
   523     12  FAC-6                       PIC S999V9(5).               ELCDTECX
   524                                                                  ELCDTECX
   525 01  FILLER                          PIC  X(12)                   ELCDTECX
   526                                          VALUE 'COMPANY NAME'.   ELCDTECX
   527 01  COMPANY-NAME-TABLE.                                          ELCDTECX
   528     12  C-N-TBL                     OCCURS 6 TIMES.              ELCDTECX
   529         16  CNT-ID                  PIC  X.                      ELCDTECX
   530         16  CNT-NAME                PIC  X(30).                  ELCDTECX
   531                                                                  ELCDTECX
   532 01  FILLER                          PIC  X(11)                   ELCDTECX
   533                                          VALUE 'STATE NAMES'.    ELCDTECX
   534 01  STATE-NAMES.                                                 ELCDTECX
   535     12  STATE-NAME-FLD              OCCURS 75 TIMES.             ELCDTECX
   536         16  STATE-SUB               PIC  XX.                     ELCDTECX
   537         16  STATE-PIC1.                                          ELCDTECX
   538             20  STATE-ABBR          PIC  XX.                     ELCDTECX
   539             20  FILLER              PIC  XXX.                    ELCDTECX
   540             20  STATE-PIC           PIC  X(20).                  ELCDTECX
   541             20  STATE-CALL-EARN     PIC  X.                      ELCDTECX
   542             20  STATE-CALL-BREAK    PIC  X.                      ELCDTECX
   543             20  STATE-PRIM-FAC-DEV  PIC  XXX.                    ELCDTECX
   544                                                                  ELCDTECX
* Micro Focus Server Express         V5.1 revision 000 06-Oct-15 17:18 Page  12
* ECS217T.cbl (/apps/prod/cid1p/copy/ELCDTECX)
   545 01  FILLER                          PIC  X(13)                   ELCDTECX
   546                                          VALUE 'CARRIER NAMES'.  ELCDTECX
   547 01  CARRIER-NAMES.                                               ELCDTECX
   548     12  CARRIER-NAME-FLD            OCCURS 25 TIMES.             ELCDTECX
   549         16  CARRIER-SUB             PIC  X.                      ELCDTECX
   550         16  CARRIER-DOM-ST          PIC  XX.                     ELCDTECX
   551         16  CARRIER-PIC             PIC  X(30).                  ELCDTECX
   552         16  CARRIER-UEP-PCT         PIC  S9V9(4) COMP-3.            CL**6
   553         16  CARRIER-R78-PCT         PIC  S9V9(4) COMP-3.            CL**6
   554         16  CARRIER-PRO-PCT         PIC  S9V9(4) COMP-3.            CL**6
   555*        16  FILLER                  PIC  X.                      ELCDTECX
   556         16  CARRIER-SEC-PAY         PIC  X.
   557             88  SEC-PAY-CARRIER          VALUE 'Y'.
   558                                                                  ELCDTECX
   559 01  FILLER                          PIC  X(9)                       CL**6
   560                                          VALUE 'INS TYPES'.      ELCDTECX
   561 01  CLAS-INS-TYPES.                                              ELCDTECX
   562*    12 CLAS-ALL-TYPES               OCCURS 300 TIMES.            ELCDTECX
   563     12 CLAS-ALL-TYPES               OCCURS 900 TIMES.            ELCDTECX
   564         16  CLAS-I-BEN              PIC  XX.                     ELCDTECX
   565         16  CLAS-I-AB3.                                          ELCDTECX
   566             20  FILLER              PIC  X.                      ELCDTECX
   567             20  CLAS-I-AB2.                                      ELCDTECX
   568                 24  FILLER          PIC  X.                      ELCDTECX
   569                 24  CLAS-I-AB1      PIC  X.                      ELCDTECX
   570         16  CLAS-I-AB3-AH REDEFINES CLAS-I-AB3.                  ELCDTECX
   571             20  CLAS-EXCLUSION      PIC  XX.                        CL**4
   572             20  FILLER              PIC  X.                         CL**4
   573         16  CLAS-I-AB10.                                         ELCDTECX
   574             20  FILLER              PIC  X(9).                   ELCDTECX
   575             20  CLAS-I-REIN-YN      PIC  X.                      ELCDTECX
   576         16  CLAS-I-COMMENT          PIC  X(10).                  ELCDTECX
   577         16  CLAS-I-JOINT            PIC  X.                      ELCDTECX
   578         16  CLAS-I-RL-AH            PIC  X.                      ELCDTECX
   579         16  CLAS-I-CALC-TYPE.                                    ELCDTECX
   580             20  CLAS-I-BAL          PIC  X.                      ELCDTECX
   581         16  CLAS-I-EP               PIC  X.                      ELCDTECX
   582         16  CLAS-CO-BEN-I-G-CD      PIC  X.                      ELCDTECX
   583         16  CLAS-CO-REM-TERM-CALC   PIC  X.                      ELCDTECX
   584         16  CLAS-I-BEN-CATEGORY     PIC  X.
   585         16  CLAS-I-REFUND-METHOD    PIC  X.
   586         16  CLAS-I-MAX-BENEFITS     PIC 99.
   587         16  FILLER                  PIC  XXX.
   588                                                                  ELCDTECX
   589 01  FILLER                          PIC  X(16)                   ELCDTECX
   590                                     VALUE 'MORTALITY TABLES'.    ELCDTECX
   591 01  CLAS-MORTALITY-CODES.                                        ELCDTECX
   592     12  CLAS-MORT-FLD               OCCURS 99 TIMES              ELCDTECX
   593                                     INDEXED BY CLAS-MORT-NDX.    ELCDTECX
   594         16  CLAS-MORT-CODE          PIC  X(4).                      CL**6
   595         16  CLAS-MORT-J-CODE        PIC  X.                         CL**5
   596         16  CLAS-MORT-J-FACT        PIC S9V9(4).                    CL**6
   597         16  CLAS-MORT-DESC.                                      ELCDTECX
   598             20  CLAS-RESERVE-ADJ    PIC  999.                       CL**6
   599             20  FILLER              PIC  XX.                        CL**5
   600             20  CLAS-YEAR           PIC  X(4).                      CL**6
   601             20  FILLER              PIC  X.                         CL**5
   602             20  CLAS-TABLE-TYPE     PIC  XXX.                       CL**6
* Micro Focus Server Express         V5.1 revision 000 06-Oct-15 17:18 Page  13
* ECS217T.cbl (/apps/prod/cid1p/copy/ELCDTECX)
   603             20  FILLER              PIC  X.                         CL**5
   604             20  CLAS-AGE-METHOD     PIC  XX.                        CL**5
   605             20  FILLER              PIC  X.                         CL**5
   606             20  CLAS-INTEREST       PIC  99.99.                     CL**5
   607             20  FILLER              PIC  X(5).                      CL**6
   608                                                                  ELCDTECX
   609 01  FILLER                          PIC  X(15)                   ELCDTECX
   610                                     VALUE 'BUSINESS TABLES'.     ELCDTECX
   611 01  CLAS-BUSINESS-CLASSES.                                       ELCDTECX
   612     12  CLAS-BUSC-FLD               OCCURS 50 TIMES.             ELCDTECX
   613         16  CLAS-BUSC-CODE          PIC  99.                     ELCDTECX
   614         16  CLAS-BUSC-GROUP         PIC  X.                      ELCDTECX
   615         16  CLAS-BUSC-DESC          PIC  X(19).                  ELCDTECX
   616         16  CLAS-BUSC-EXCL          PIC  X.                         CL**5
   617         16  FILLER                  PIC  X(4).                      CL**6
   618                                                                  ELCDTECX
   619 01  FILLER                          PIC  X(7)                       CL**6
   620                                     VALUE 'INDEXES'.             ELCDTECX
   621 01  CLAS-INDEX-TBL.                                              ELCDTECX
   622     12  CLAX-ID                     PIC  X(4).                   ELCDTECX
   623     12  CLAS-STARTC                 PIC S9(4) COMP.              ELCDTECX
   624     12  CLAS-MAXC                   PIC S9(4) COMP.              ELCDTECX
   625     12  CLAS-STARTL                 PIC S9(4) COMP.              ELCDTECX
   626     12  CLAS-MAXL                   PIC S9(4) COMP.              ELCDTECX
   627     12  CLAS-STARTA                 PIC S9(4) COMP.              ELCDTECX
   628     12  CLAS-MAXA                   PIC S9(4) COMP.              ELCDTECX
   629     12  CLAS-STARTM                 PIC S9(4) COMP.              ELCDTECX
   630     12  CLAS-MAXM                   PIC S9(4) COMP.              ELCDTECX
   631     12  CLAS-STARTB                 PIC S9(4) COMP.              ELCDTECX
   632     12  CLAS-MAXB                   PIC S9(4) COMP.              ELCDTECX
   633     12  CLAS-STARTS                 PIC S9(4) COMP.              ELCDTECX
   634     12  CLAS-MAXS                   PIC S9(4) COMP.              ELCDTECX
   635     12  CLAS-STARTE                 PIC S9(4) COMP.              ELCDTECX
   636     12  CLAS-MAXE                   PIC S9(4) COMP.              ELCDTECX
   637     12  CLAS-STARTCN                PIC S9(4) COMP.              ELCDTECX
   638     12  CLAS-MAXCN                  PIC S9(4) COMP.              ELCDTECX
   639                                                                  ELCDTECX
   640 01  CLAS-TYPE-MISC.                                              ELCDTECX
   641     12  CLAS-INDEXC                 PIC S9(4) COMP.              ELCDTECX
   642     12  CLAS-INDEXL                 PIC S9(4) COMP.              ELCDTECX
   643     12  CLAS-INDEXA                 PIC S9(4) COMP.              ELCDTECX
   644     12  CLAS-INDEXM                 PIC S9(4) COMP.              ELCDTECX
   645     12  CLAS-INDEXB                 PIC S9(4) COMP.              ELCDTECX
   646     12  CLAS-INDEXS                 PIC S9(4) COMP.              ELCDTECX
   647     12  CLAS-INDEXE                 PIC S9(4) COMP.              ELCDTECX
   648     12  CLAS-INDEX                  PIC S9(4) COMP.              ELCDTECX
   649     12  CLAS-INDEXEN                PIC S9(4) COMP.              ELCDTECX
   650     12  CLAS-INDEXCN                PIC S9(4) COMP.              ELCDTECX
   651     12  CLAS-INDEXON                PIC S9(4) COMP.              ELCDTECX
   652                                                                  ELCDTECX
   653 01  FILLER                          PIC  X(13)                   ELCDTECX
   654                                     VALUE 'MISCELLANEOUS'.       ELCDTECX
   655 01  CLAS-MISC.                                                   ELCDTECX
   656     12  DTE-FICH                    PIC  X.                      ELCDTECX
   657         88  FICH-NO                 VALUE SPACE.                 ELCDTECX
   658         88  FICH-ONLY               VALUE '1'.                   ELCDTECX
   659         88  FICH-BOTH               VALUE '2'.                   ELCDTECX
   660     12  FICH-OPEN                   PIC  X.                      ELCDTECX
* Micro Focus Server Express         V5.1 revision 000 06-Oct-15 17:18 Page  14
* ECS217T.cbl (/apps/prod/cid1p/copy/ELCDTECX)
   661     12  REPT-OPEN                   PIC  X.                      ELCDTECX
   662     12  DTE-PGM-OPT                 PIC  9.                         CL**5
   663     12  DTE-PRT-OPT                 PIC  X.                      ELCDTECX
   664     12  DTE-FMT-OPT                 PIC  9.                      ELCDTECX
   665     12  DTE-PRC-OPT                 PIC  9.                      ELCDTECX
   666     12  DTE-TOT-OPT                 PIC  9.                      ELCDTECX
   667     12  CLAS-LOOK                   PIC  XX.                     ELCDTECX
   668     12  DTE-TOT-LINES               PIC S9(8)      COMP.         ELCDTECX
   669     12  STATE-L                     PIC  XX.                     ELCDTECX
   670     12  CLAS-CN                     PIC  99.                     ELCDTECX
   671     12  CLAS-CO                     PIC  99.                     ELCDTECX
   672     12  DTE-VSAM-FLAGS                              VALUE ZERO.  ELCDTECX
   673         16  DTE-F-1                 PIC  X.                      ELCDTECX
   674         16  DTE-F-2                 PIC  X.                      ELCDTECX
   675     12  DTE-ABEND-WORK.                                          ELCDTECX
   676         16  DTE-ABEND-CD-1          PIC  XX         VALUE SPACES.ELCDTECX
   677         16  DTE-ABEND-CD-2          PIC  XX         VALUE SPACES.ELCDTECX
   678                                                                  ELCDTECX
   679 01  FILLER                          PIC  X(12)                   ELCDTECX
   680                                     VALUE 'WORKING DATE'.        ELCDTECX
   681 01  WS-DATE-AND-TIME.                                            ELCDTECX
   682     12  WS-ACCEPT-DATE.                                          ELCDTECX
   683         16  WS-AD-YY                PIC  99.                     ELCDTECX
   684         16  WS-AD-MM                PIC  99.                     ELCDTECX
   685         16  WS-AD-DD                PIC  99.                     ELCDTECX
   686     12  WS-CURRENT-DATE.                                         ELCDTECX
   687         16  WS-CD-MM                PIC  99.                     ELCDTECX
   688         16  FILLER                  PIC  X          VALUE '/'.   ELCDTECX
   689         16  WS-CD-DD                PIC  99.                     ELCDTECX
   690         16  FILLER                  PIC  X          VALUE '/'.   ELCDTECX
   691         16  WS-CD-YY                PIC  99.                     ELCDTECX
   692     12  WS-TIME-OF-DAY.                                          ELCDTECX
   693         16  WS-TIME                 PIC  9(6).                   ELCDTECX
   694         16  WS-HUN-SEC              PIC  99.                     ELCDTECX
   695                                                                  ELCDTECX
   696 01  FILLER                          PIC  X(12)                   ELCDTECX
   697                                     VALUE 'CARRIER CLMS'.        ELCDTECX
   698 01  CARRIER-OPT-CLAIM-DATA.                                      ELCDTECX
   699     12  CARRIER-FLDS                OCCURS 25 TIMES.             ELCDTECX
   700         16  CARRIER-IBNR-SWITCH     PIC  X.                         CL**5
   701         16  CARRIER-IBNR-PERCENT    PIC S9V9(4) COMP-3.             CL**6
   702         16  CARRIER-CIDA-DISCOUNT   PIC S9V9(4) COMP-3.             CL**6
   703                                                                  ELCDTECX
   704 01  FILLER                          PIC  X(10)                   ELCDTECX
   705                                     VALUE 'STATE TLRS'.          ELCDTECX
   706 01  STATE-TARGET-LOSS-RATIOS.                                    ELCDTECX
   707     12  STATE-TLR-FLD               OCCURS 75 TIMES.             ELCDTECX
   708         16  STATE-TARGET-LOSS-RATIO PIC S9V9(4) COMP-3.             CL**6
   709         16  STATE-CALC-INTEREST     PIC S9V9(4) COMP-3.             CL**6
   710                                                                  ELCDTECX
   711 01  FILLER                          PIC  X(13)                   ELCDTECX
   712                                     VALUE 'BUSINESS TLRS'.       ELCDTECX
   713 01  BUSINESS-TRGT-LOSS-RATIO-MODS.                               ELCDTECX
   714     12  BUS-TLRM-FLD                OCCURS 99 TIMES.             ELCDTECX
   715         16  BUS-TRGT-LOSS-RATIO-MOD PIC S9V9(4) COMP-3.             CL**6
   716                                                                  ELCDTECX
   717 01  FILLER                          PIC  X(13)                   ELCDTECX
   718                                     VALUE 'MISC CLM DATA'.       ELCDTECX
* Micro Focus Server Express         V5.1 revision 000 06-Oct-15 17:18 Page  15
* ECS217T.cbl (/apps/prod/cid1p/copy/ELCDTECX)
   719 01  MISC-OPT-CLM-RSV-DATA.                                       ELCDTECX
   720     12  COMPANY-CALC-INTEREST       PIC S9V9(4) COMP-3.             CL**6
   721     12  COMPANY-CIDA-DISCOUNT       PIC S9V9(4) COMP-3.             CL**6
   722     12  COMPANY-CRDB-TABLE-SELECTION                             ELCDTECX
   723                                     PIC  X.                         CL**5
   724     12  COMPANY-IBNR-AH-FACTOR      PIC S9V9(4) COMP-3.             CL**6
   725     12  COMPANY-IBNR-LAG-MONTH      PIC S999    COMP-3.             CL**6
   726     12  COMPANY-IBNR-LIFE-FACTOR    PIC S9V9(4) COMP-3.             CL**6
   727     12  COMPANY-OPTION-START-DATE   PIC  XX.                        CL**5
   728     12  INDEXBS                     PIC S9(4)   COMP.               CL**6
   729     12  INDEXCA                     PIC S9(4)   COMP.               CL**6
   730     12  INDEXST                     PIC S9(4)   COMP.               CL**6
   731     12  FILLER                      PIC  X(75).                  ELCDTECX
   732******************************************************************ELCDTECX
   733*01  MISC-CARR-PCT-DATA.                                          00001521
   734*    12  DD-CARR1-UEP-PCT            PIC S9V9(4) COMP-3.          00001522
   735*    12  DD-CARR1-R78-PCT            PIC S9V9(4) COMP-3.          00001522
   736*    12  DD-CARR1-PRO-PCT            PIC S9V9(4) COMP-3.          00001522
   737*    12  DD-CARR2-UEP-PCT            PIC S9V9(4) COMP-3.          00001522
   738*    12  DD-CARR2-R78-PCT            PIC S9V9(4) COMP-3.          00001522
   739*    12  DD-CARR2-PRO-PCT            PIC S9V9(4) COMP-3.          00001522
   740******************************************************************ELCDTECX
   741
*  742                                 COPY ELCDTEVR.
   743***************************************************************** 04/15/98
   744*                                                                *ELCDTEVR
   745*                                                                *ELCDTEVR
   746*                            ELCDTEVR.                           *   LV003
   747*           COPYBOOK REVIEWED FOR YEAR 2000 COMPLIANCE               CL**3
   748*                            VMOD=2.001                          *   CL**2
   749*                                                                *ELCDTEVR
   750*   WORKING STORAGE FOR DATE VARIABLES CREATED                   *ELCDTEVR
   751*   FOR THE YEAR 2000 DATE MODIFICATION                          *ELCDTEVR
   752*                                                                *ELCDTEVR
   753******************************************************************ELCDTEVR
   754 01  WS-DATE-CARD-DATE.                                           ELCDTEVR
   755     05  WS-RUN-DATE.                                             ELCDTEVR
   756         10  FILLER                  PIC  9(03).                  ELCDTEVR
   757         10  RUN-CCYY                PIC  9(04).                  ELCDTEVR
   758         10  RUN-CCYR  REDEFINES  RUN-CCYY.                       ELCDTEVR
   759             15  RUN-CC              PIC  99.                     ELCDTEVR
   760             15  RUN-YR              PIC  99.                     ELCDTEVR
   761         10  RUN-MO                  PIC  99.                     ELCDTEVR
   762         10  RUN-DA                  PIC  99.                     ELCDTEVR
   763     05  WS-RUN-DATE-N REDEFINES                                     CL**2
   764            WS-RUN-DATE              PIC 9(11).                      CL**2
   765     05  WS-EP-DT.                                                ELCDTEVR
   766         10  FILLER                  PIC  9(03).                  ELCDTEVR
   767         10  EP-CCYY                 PIC  9(04).                  ELCDTEVR
   768         10  EP-CCYR  REDEFINES  EP-CCYY.                         ELCDTEVR
   769             15  EP-CC               PIC  99.                     ELCDTEVR
   770             15  EP-YR               PIC  99.                     ELCDTEVR
   771         10  EP-MO                   PIC  99.                     ELCDTEVR
   772         10  EP-DA                   PIC  99.                     ELCDTEVR
   773     05  WS-EP-DT-N REDEFINES                                        CL**2
   774            WS-EP-DT                 PIC 9(11).                      CL**2
   775     05  WS-DTE-CONV-DT.                                             CL**4
   776         10  FILLER                  PIC  9(03).                     CL**4
* Micro Focus Server Express         V5.1 revision 000 06-Oct-15 17:18 Page  16
* ECS217T.cbl (/apps/prod/cid1p/copy/ELCDTEVR)
   777         10  DTE-CONV-CCYY           PIC  9(04).                     CL**4
   778         10  DTE-CONV-CCYR  REDEFINES  DTE-CONV-CCYY.                CL**4
   779             15  DTE-CONV-CC         PIC  99.                        CL**4
   780             15  DTE-CONV-YR         PIC  99.                        CL**4
   781         10  DTE-CONV-MO             PIC  99.                        CL**4
   782         10  DTE-CONV-DA             PIC  99.                        CL**4
   783     05  WS-DTE-CONV-DT-N REDEFINES                                  CL**4
   784            WS-DTE-CONV-DT           PIC  9(11).                     CL**4
   785 01  WS-BALANCE-FORWARD-DATE.                                     ELCDTEVR
   786     05  WS-BF-LAST-ACTIVITY-DATE.                                ELCDTEVR
   787         10  FILLER                            PIC 999.           ELCDTEVR
   788         10  BF-ACT-CCYY                       PIC 9(04).         ELCDTEVR
   789         10  BF-ACT-CCYR  REDEFINES  BF-ACT-CCYY.                 ELCDTEVR
   790             15  BF-ACT-CC                     PIC 99.            ELCDTEVR
   791             15  BF-ACT-YEAR                   PIC 99.            ELCDTEVR
   792         10  BF-ACT-MONTH                      PIC 99.            ELCDTEVR
   793         10  BF-ACT-DAY                        PIC 99.            ELCDTEVR
   794     05  WS-BF-LAST-ACTIVITY-DATE-N REDEFINES                        CL**2
   795            WS-BF-LAST-ACTIVITY-DATE           PIC 9(11).            CL**2
   796     05  WS-BF-CURRENT-LAST-STMT-DT.                              ELCDTEVR
   797         10  FILLER                            PIC 999.           ELCDTEVR
   798         10  BF-CURRENT-LAST-STMT-CEN          PIC 99.            ELCDTEVR
   799         10  BF-CURRENT-LAST-STMT-YEAR         PIC 99.            ELCDTEVR
   800         10  BF-CURRENT-LAST-STMT-MONTH        PIC 99.            ELCDTEVR
   801         10  BF-CURRENT-LAST-STMT-DAY          PIC 99.            ELCDTEVR
   802     05  WS-BF-CURRENT-LAST-STMT-DT-N REDEFINES                      CL**2
   803            WS-BF-CURRENT-LAST-STMT-DT        PIC 9(11).             CL**2
   804 01  WS-ADD-CONF-TRANSACTIONS-DTE.                                ELCDTEVR
   805     05  WS-AC-CERT-EFF-DATE.                                     ELCDTEVR
   806         10  FILLER                            PIC 999.           ELCDTEVR
   807         10  AC-CERT-CCYY                      PIC 9(04).         ELCDTEVR
   808         10  AC-CERT-CCYR  REDEFINES  AC-CERT-CCYY.               ELCDTEVR
   809             15  AC-CERT-CC                    PIC 99.            ELCDTEVR
   810             15  AC-CERT-YR                    PIC 99.            ELCDTEVR
   811         10  AC-CERT-MO                        PIC 99.            ELCDTEVR
   812         10  AC-CERT-DA                        PIC 99.            ELCDTEVR
   813     05  WS-AC-CERT-EFF-DATE-N REDEFINES                             CL**2
   814            WS-AC-CERT-EFF-DATE                PIC 9(11).            CL**2
   815     05  WS-AC-LIFE-CANCEL-DATE.                                  ELCDTEVR
   816         10  FILLER                            PIC 999.           ELCDTEVR
   817         10  AC-LIFE-CANCEL-CCYY               PIC 9(04).         ELCDTEVR
   818         10  AC-LIFE-CANCEL-CCYR REDEFINES AC-LIFE-CANCEL-CCYY.   ELCDTEVR
   819             15  AC-LIFE-CANCEL-CC             PIC 99.            ELCDTEVR
   820             15  AC-LIFE-CANCEL-YR             PIC 99.            ELCDTEVR
   821         10  AC-LIFE-CANCEL-MO                 PIC 99.            ELCDTEVR
   822         10  AC-LIFE-CANCEL-DA                 PIC 99.            ELCDTEVR
   823     05  WS-AC-LIFE-CANCEL-DATE-N REDEFINES                          CL**2
   824            WS-AC-LIFE-CANCEL-DATE             PIC 9(11).            CL**2
   825     05  WS-AC-AH-CANCEL-DATE.                                    ELCDTEVR
   826         10  FILLER                            PIC 999.           ELCDTEVR
   827         10  AC-AH-CANCEL-CCYY                 PIC 9(04).         ELCDTEVR
   828         10  AC-AH-CANCEL-CCYR  REDEFINES  AC-AH-CANCEL-CCYY.     ELCDTEVR
   829             15  AC-AH-CANCEL-CC               PIC 99.            ELCDTEVR
   830             15  AC-AH-CANCEL-YR               PIC 99.            ELCDTEVR
   831         10  AC-AH-CANCEL-MO                   PIC 99.            ELCDTEVR
   832         10  AC-AH-CANCEL-DA                   PIC 99.            ELCDTEVR
   833     05  WS-AC-AH-CANCEL-DATE-N REDEFINES                            CL**2
   834            WS-AC-AH-CANCEL-DATE               PIC 9(11).            CL**2
* Micro Focus Server Express         V5.1 revision 000 06-Oct-15 17:18 Page  17
* ECS217T.cbl (/apps/prod/cid1p/copy/ELCDTEVR)
   835 01  WS-RATE-RECORD.                                              ELCDTEVR
   836         05  WS-RT-EXPIRY-DATE.                                   ELCDTEVR
   837             10  FILLER                        PIC 999.           ELCDTEVR
   838             10  RT-EXP-CCYY                   PIC 9(04).         ELCDTEVR
   839             10  RT-EXP-CCYR  REDEFINES  RT-EXP-CCYY.             ELCDTEVR
   840                 15  RT-EXP-CC                 PIC 99.            ELCDTEVR
   841                 15  RT-EXP-YR                 PIC 99.            ELCDTEVR
   842             10  RT-EXP-MO                     PIC 99.            ELCDTEVR
   843             10  RT-EXP-DA                     PIC 99.            ELCDTEVR
   844         05  WS-RT-EXPIRY-DATE-N REDEFINES                           CL**2
   845                WS-RT-EXPIRY-DATE              PIC 9(11).            CL**2
   846
   847 PROCEDURE DIVISION.
   848
   849 0100-SET-START.
*  850                                 COPY ELCDTERX.
   851******************************************************************04/15/98
   852*                                                                *ELCDTERX
   853*                                                                *ELCDTERX
   854*                            ELCDTERX.                           *   LV002
   855*           COPYBOOK REVIEWED FOR YEAR 2000 COMPLIANCE               CL**2
   856*                            VMOD=2.007                          *ELCDTERX
   857*                                                                *ELCDTERX
   858*      LOAD DATE CARD DISK FILE INTO WORKING STORAGE AREA        *ELCDTERX
   859*      (COPY CODE FOR W/S = ELCDTECX AND COPY CODE FOR FD        *ELCDTERX
   860*      = ELCDTEFD)                                               *ELCDTERX
   861*                                                                *ELCDTERX
   862******************************************************************ELCDTERX
   863                                                                  ELCDTERX
   864     ACCEPT WS-ACCEPT-DATE       FROM  DATE.                      ELCDTERX
   865                                                                  ELCDTERX
   866     MOVE WS-AD-YY               TO  WS-CD-YY.                    ELCDTERX
   867     MOVE WS-AD-MM               TO  WS-CD-MM.                    ELCDTERX
   868     MOVE WS-AD-DD               TO  WS-CD-DD.                    ELCDTERX
   869                                                                  ELCDTERX
   870     ACCEPT WS-TIME-OF-DAY       FROM  TIME.                      ELCDTERX
   871                                                                  ELCDTERX
   872******************************************************************ELCDTERX
   873*    NOTE: THE FOLLOWING STATEMENT IS USED TO ELIMINATE COB II    ELCDTERX
   874*          WARNING MESSAGES.                                      ELCDTERX
   875******************************************************************ELCDTERX
   876     IF WS-CD-YY = LOW-VALUES                                     ELCDTERX
   877         COMPUTE PGM-SUB = PGM-SUB + 1.                           ELCDTERX
   878                                                                  ELCDTERX
   879     OPEN INPUT DISK-DATE.                                        ELCDTERX
   880                                                                  ELCDTERX
   881     MOVE SPACE TO DATE-CARD         CLAS-BUSINESS-CLASSES        ELCDTERX
   882                   STATE-NAMES       CLAS-MORTALITY-CODES         ELCDTERX
   883                   CLAS-INS-TYPES    COMPANY-NAME-TABLE           ELCDTERX
   884                   DATE-CARD-OPTIONS DATE-CARD-FACTORS            ELCDTERX
   885                   CLAX-ID           CLAS-MISC                    ELCDTERX
   886                   CARRIER-NAMES     CLASIC-SYSTEM-CODES          ELCDTERX
   887                   CARRIER-OPT-CLAIM-DATA                         ELCDTERX
   888                   STATE-TARGET-LOSS-RATIOS                       ELCDTERX
   889                   BUSINESS-TRGT-LOSS-RATIO-MODS                  ELCDTERX
   890                   MISC-OPT-CLM-RSV-DATA.                         ELCDTERX
   891                                                                  ELCDTERX
   892     MOVE LOW-VALUES TO CLAS-INDEX-TBL CLAS-TYPE-MISC.            ELCDTERX
* Micro Focus Server Express         V5.1 revision 000 06-Oct-15 17:18 Page  18
* ECS217T.cbl (/apps/prod/cid1p/copy/ELCDTERX)
   893                                                                  ELCDTERX
   894     MOVE ZERO TO CLAS-CN DTE-TOT-LINES CLAS-CO                   ELCDTERX
   895                  INDEXCA INDEXBS INDEXST.                        ELCDTERX
   896                                                                  ELCDTERX
   897     COMPUTE CLAS-CN = PGM-SUB / +50.                             ELCDTERX
   898     COMPUTE CLAS-CO = PGM-SUB / +20.                             ELCDTERX
   899     COMPUTE CLAS-INDEXEN = PGM-SUB - (CLAS-CN * +50).            ELCDTERX
   900     COMPUTE CLAS-INDEXON = PGM-SUB - (CLAS-CO * +20).            ELCDTERX
   901                                                                  ELCDTERX
   902     IF CLAS-INDEXEN = ZERO                                       ELCDTERX
   903         MOVE +50               TO CLAS-INDEXEN                   ELCDTERX
   904     ELSE                                                         ELCDTERX
   905         ADD +1                 TO CLAS-CN.                       ELCDTERX
   906                                                                  ELCDTERX
   907     IF CLAS-INDEXON = ZERO                                       ELCDTERX
   908         MOVE +20               TO CLAS-INDEXON                   ELCDTERX
   909     ELSE                                                         ELCDTERX
   910         ADD +1                 TO CLAS-CO.                       ELCDTERX
   911                                                                  ELCDTERX
   912 0005-READ--CARD.                                                 ELCDTERX
   913     READ DISK-DATE                                               ELCDTERX
   914         AT END CLOSE DISK-DATE                                   ELCDTERX
   915             GO TO 0060-READ--TEST.                               ELCDTERX
   916                                                                  ELCDTERX
   917     MOVE ZERO                   TO CLAS-INDEX.                   ELCDTERX
   918                                                                  ELCDTERX
   919     IF DD-ID = 'CLAS' OR 'LIFE' OR 'GLED'                        ELCDTERX
   920         MOVE DATE-DISK          TO DATE-CARD                     ELCDTERX
   921         MOVE RUN-DATE           TO WS-RUN-DATE-N                    CL**2
   922         MOVE EP-DT              TO WS-EP-DT-N                       CL**2
   923         GO TO 0005-READ--CARD.                                   ELCDTERX
   924                                                                  ELCDTERX
   925     IF DD-ID = 'CLAD'                                            ELCDTERX
   926         MOVE DATE-DISK          TO DATE-CARD-OPTIONS             ELCDTERX
   927         GO TO 0005-READ--CARD.                                   ELCDTERX
   928                                                                  ELCDTERX
   929     IF DD-ID = 'CLAX'                                            ELCDTERX
   930         MOVE DATE-DISK          TO CLAS-INDEX-TBL                ELCDTERX
   931         GO TO 0005-READ--CARD.                                   ELCDTERX
   932                                                                  ELCDTERX
   933     IF DD-ID = 'CLAF'                                            ELCDTERX
   934         MOVE DATE-DISK          TO DATE-CARD-FACTORS             ELCDTERX
   935         GO TO 0005-READ--CARD.                                   ELCDTERX
   936                                                                  ELCDTERX
   937     IF DD-ID = 'CLAC'                                            ELCDTERX
   938         GO TO 0010-READ--CLAC.                                   ELCDTERX
   939                                                                  ELCDTERX
   940     IF DD-ID = 'CARR'                                            ELCDTERX
   941         GO TO 0015-READ--CARR.                                   ELCDTERX
   942                                                                  ELCDTERX
   943     IF DD-ID = 'STAT'                                            ELCDTERX
   944         GO TO 0020-READ--STAT.                                   ELCDTERX
   945                                                                  ELCDTERX
   946     IF DD-ID = 'BUSC'                                            ELCDTERX
   947         GO TO 0025-READ--BUSC.                                   ELCDTERX
   948                                                                  ELCDTERX
   949     IF DD-ID = 'MORT'                                            ELCDTERX
   950         GO TO 0030-READ--MORT.                                   ELCDTERX
* Micro Focus Server Express         V5.1 revision 000 06-Oct-15 17:18 Page  19
* ECS217T.cbl (/apps/prod/cid1p/copy/ELCDTERX)
   951                                                                  ELCDTERX
   952     IF DD-ID = 'CLAI'                                            ELCDTERX
   953         GO TO 0040-READ--CLAI.                                   ELCDTERX
   954                                                                  ELCDTERX
   955     IF DD-ID = 'COLC'                                            ELCDTERX
   956         GO TO 0065-READ--COLC.                                   ELCDTERX
   957                                                                  ELCDTERX
   958     IF DD-IDX NUMERIC AND                                        ELCDTERX
   959        DD-IDA = 'CL'                                             ELCDTERX
   960         GO TO 0035-READ--CLXX.                                   ELCDTERX
   961                                                                  ELCDTERX
   962     IF DD-IDX NUMERIC AND                                        ELCDTERX
   963        DD-IDA = 'PO'                                             ELCDTERX
   964         GO TO 0050-READ--POXX.                                   ELCDTERX
   965                                                                  ELCDTERX
   966     IF DD-ID = 'OPCA'                                            ELCDTERX
   967         GO TO 0070-READ--OPCA.                                   ELCDTERX
   968                                                                  ELCDTERX
   969     IF DD-ID = 'OPST'                                            ELCDTERX
   970         GO TO 0072-READ--OPST.                                   ELCDTERX
   971                                                                  ELCDTERX
   972     IF DD-ID = 'OPBS'                                            ELCDTERX
   973         GO TO 0074-READ--OPBS.                                   ELCDTERX
   974                                                                  ELCDTERX
   975     IF DD-ID = 'OPMS'                                            ELCDTERX
   976         MOVE DD-MISC-DATA       TO MISC-OPT-CLM-RSV-DATA.        ELCDTERX
   977                                                                  ELCDTERX
   978     GO TO 0005-READ--CARD.                                       ELCDTERX
   979                                                                  ELCDTERX
   980 0010-READ--CLAC.                                                 ELCDTERX
   981     ADD 1                       TO CLAS-INDEXC.                  ELCDTERX
   982     MOVE DD-CR1                 TO CNT-ID (CLAS-INDEXC).         ELCDTERX
   983     MOVE DD-CR1N                TO CNT-NAME (CLAS-INDEXC).       ELCDTERX
   984     ADD 1                       TO CLAS-INDEXC.                  ELCDTERX
   985     MOVE DD-CR2                 TO CNT-ID (CLAS-INDEXC).         ELCDTERX
   986     MOVE DD-CR2N                TO CNT-NAME (CLAS-INDEXC).       ELCDTERX
   987     GO TO 0005-READ--CARD.                                       ELCDTERX
   988                                                                  ELCDTERX
   989 0015-READ--CARR.                                                 ELCDTERX
   990     ADD 1  TO  CLAS-INDEXCN.                                     ELCDTERX
   991     IF CLAS-INDEXCN LESS THAN +26                                ELCDTERX
   992        MOVE DD-CARR1         TO CARRIER-SUB (CLAS-INDEXCN)
   993        MOVE DD-CARR1S        TO CARRIER-DOM-ST (CLAS-INDEXCN)
   994        MOVE DD-CARR1N        TO CARRIER-PIC (CLAS-INDEXCN)
   995        MOVE DD-CARR1-UEP-PCT TO CARRIER-UEP-PCT (CLAS-INDEXCN)
   996        MOVE DD-CARR1-R78-PCT TO CARRIER-R78-PCT (CLAS-INDEXCN)
   997        MOVE DD-CARR1-PRO-PCT TO CARRIER-PRO-PCT (CLAS-INDEXCN)
   998        MOVE DD-CARR1-SECPAY-SW
   999                               TO CARRIER-SEC-PAY (CLAS-INDEXCN)
  1000     END-IF
  1001                                                                  ELCDTERX
  1002     ADD 1  TO  CLAS-INDEXCN.                                     ELCDTERX
  1003     IF CLAS-INDEXCN LESS THAN +26                                ELCDTERX
  1004        MOVE DD-CARR2         TO CARRIER-SUB (CLAS-INDEXCN)
  1005        MOVE DD-CARR2S        TO CARRIER-DOM-ST (CLAS-INDEXCN)
  1006        MOVE DD-CARR2N        TO CARRIER-PIC (CLAS-INDEXCN)
  1007        MOVE DD-CARR2-UEP-PCT TO CARRIER-UEP-PCT (CLAS-INDEXCN)
  1008        MOVE DD-CARR2-R78-PCT TO CARRIER-R78-PCT (CLAS-INDEXCN)
* Micro Focus Server Express         V5.1 revision 000 06-Oct-15 17:18 Page  20
* ECS217T.cbl (/apps/prod/cid1p/copy/ELCDTERX)
  1009        MOVE DD-CARR2-PRO-PCT TO CARRIER-PRO-PCT (CLAS-INDEXCN)
  1010        MOVE DD-CARR2-SECPAY-SW
  1011                              TO CARRIER-SEC-PAY (CLAS-INDEXCN)
  1012     END-IF
  1013                                                                  ELCDTERX
  1014                                                                  ELCDTERX
  1015     GO TO 0005-READ--CARD.                                       ELCDTERX
  1016                                                                  ELCDTERX
  1017 0020-READ--STAT.                                                 ELCDTERX
  1018     ADD 1                       TO CLAS-INDEX.                   ELCDTERX
  1019     IF CLAS-INDEX GREATER 3  OR                                  ELCDTERX
  1020        DD-ST (CLAS-INDEX) = SPACE                                ELCDTERX
  1021         GO TO 0005-READ--CARD.                                   ELCDTERX
  1022                                                                  ELCDTERX
  1023     ADD 1                       TO CLAS-INDEXS.                  ELCDTERX
  1024     MOVE DD-ST (CLAS-INDEX)     TO STATE-NAME-FLD (CLAS-INDEXS). ELCDTERX
  1025     GO TO 0020-READ--STAT.                                       ELCDTERX
  1026                                                                  ELCDTERX
  1027 0025-READ--BUSC.                                                 ELCDTERX
  1028     ADD 1                       TO CLAS-INDEX.                   ELCDTERX
  1029     IF CLAS-INDEX GREATER 3  OR                                  ELCDTERX
  1030        DD-ST (CLAS-INDEX) = SPACE                                ELCDTERX
  1031         GO TO 0005-READ--CARD.                                   ELCDTERX
  1032                                                                  ELCDTERX
  1033     ADD 1                       TO CLAS-INDEXB.                  ELCDTERX
  1034     MOVE DD-ST (CLAS-INDEX)     TO CLAS-BUSC-FLD (CLAS-INDEXB).  ELCDTERX
  1035     GO TO 0025-READ--BUSC.                                       ELCDTERX
  1036                                                                  ELCDTERX
  1037 0030-READ--MORT.                                                 ELCDTERX
  1038     ADD 1                       TO CLAS-INDEX.                   ELCDTERX
  1039     IF CLAS-INDEX GREATER 2  OR                                  ELCDTERX
  1040        DD-MORT (CLAS-INDEX) = SPACE                              ELCDTERX
  1041         GO TO 0005-READ--CARD.                                   ELCDTERX
  1042                                                                  ELCDTERX
  1043     ADD 1                       TO CLAS-INDEXM.                  ELCDTERX
  1044     MOVE DD-MORT (CLAS-INDEX)   TO CLAS-MORT-FLD (CLAS-INDEXM).  ELCDTERX
  1045     GO TO 0030-READ--MORT.                                       ELCDTERX
  1046                                                                  ELCDTERX
  1047 0035-READ--CLXX.                                                 ELCDTERX
  1048     IF DD-IDX NOT = CLAS-CN                                      ELCDTERX
  1049          GO TO 0005-READ--CARD.                                  ELCDTERX
  1050                                                                  ELCDTERX
  1051     IF DD-PS-PIC (CLAS-INDEXEN) = 'X'                            ELCDTERX
  1052         DISPLAY '***********************************************'ELCDTERX
  1053         DISPLAY 'PROGRAM ECS-', PGM-SUB, ' NOT SCHEDULED TO RUN' ELCDTERX
  1054         DISPLAY '***********************************************'ELCDTERX
  1055         GO TO 0055-READ--STOP.                                   ELCDTERX
  1056                                                                  ELCDTERX
  1057     IF DD-PS-PIC (CLAS-INDEXEN) NOT LESS 'A'  AND                ELCDTERX
  1058        DD-PS-PIC (CLAS-INDEXEN) NOT GREATER 'I'                  ELCDTERX
  1059         MOVE '1'                TO DTE-FICH.                     ELCDTERX
  1060                                                                  ELCDTERX
  1061     IF DD-PS-PIC (CLAS-INDEXEN) NOT LESS 'J'  AND                ELCDTERX
  1062        DD-PS-PIC (CLAS-INDEXEN) NOT GREATER 'R'                  ELCDTERX
  1063         MOVE '2'                TO DTE-FICH.                     ELCDTERX
  1064                                                                  ELCDTERX
  1065*    MOVE DD-PS-PIC (CLAS-INDEXEN) TO DTE-PGM-OPT.                ELCDTERX
  1066     GO TO 0005-READ--CARD.                                       ELCDTERX
* Micro Focus Server Express         V5.1 revision 000 06-Oct-15 17:18 Page  21
* ECS217T.cbl (/apps/prod/cid1p/copy/ELCDTERX)
  1067                                                                  ELCDTERX
  1068 0040-READ--CLAI.                                                 ELCDTERX
  1069     ADD 1                       TO CLAS-INDEX.                   ELCDTERX
  1070     IF CLAS-INDEX GREATER 2  OR                                  ELCDTERX
  1071        DD-TYPE (CLAS-INDEX) = SPACE                              ELCDTERX
  1072         GO TO 0005-READ--CARD.                                   ELCDTERX
  1073                                                                  ELCDTERX
  1074     ADD 1                       TO CLAS-INDEXA.                  ELCDTERX
  1075     MOVE DD-TYPE (CLAS-INDEX) TO CLAS-ALL-TYPES (CLAS-INDEXA).   ELCDTERX
  1076     GO TO 0040-READ--CLAI.                                       ELCDTERX
  1077                                                                  ELCDTERX
  1078 0045-READ--DUMP.                                                 ELCDTERX
  1079     MOVE +999 TO WS-RETURN-CODE                                  ELCDTERX
  1080     MOVE 'MISSING AND/OR INVALID CLAS DATE CARD'                 ELCDTERX
  1081                                 TO  WS-ABEND-MESSAGE             ELCDTERX
  1082     PERFORM ABEND-PGM.                                           ELCDTERX
  1083                                                                  ELCDTERX
  1084 0050-READ--POXX.                                                 ELCDTERX
  1085     IF DD-IDX NOT = CLAS-CO                                      ELCDTERX
  1086         GO TO 0005-READ--CARD.                                   ELCDTERX
  1087                                                                  ELCDTERX
  1088     IF DD-PS-PRC (CLAS-INDEXON) = 'X'                            ELCDTERX
  1089         DISPLAY '***********************************************'ELCDTERX
  1090         DISPLAY 'ECS - ', PGM-SUB, ' IS NOT SCHEDULED TO RUN'    ELCDTERX
  1091         DISPLAY '***********************************************'ELCDTERX
  1092         GO TO 0055-READ--STOP.                                   ELCDTERX
  1093                                                                  ELCDTERX
  1094     MOVE DD-PS-PRT (CLAS-INDEXON) TO DTE-PRT-OPT.                ELCDTERX
  1095     MOVE DD-PS-FMT (CLAS-INDEXON) TO DTE-FMT-OPT.                ELCDTERX
  1096     MOVE DD-PS-PRC (CLAS-INDEXON) TO DTE-PRC-OPT DTE-PGM-OPT.    ELCDTERX
  1097     MOVE DD-PS-TOT (CLAS-INDEXON) TO DTE-TOT-OPT.                ELCDTERX
  1098                                                                  ELCDTERX
  1099     IF DTE-PRT-OPT = 'B'                                         ELCDTERX
  1100         MOVE '2'                  TO DTE-FICH.                   ELCDTERX
  1101     IF DTE-PRT-OPT = 'F'                                         ELCDTERX
  1102         MOVE '1'                  TO DTE-FICH.                   ELCDTERX
  1103                                                                  ELCDTERX
  1104     GO TO 0005-READ--CARD.                                       ELCDTERX
  1105                                                                  ELCDTERX
  1106 0055-READ--STOP.                                                 ELCDTERX
  1107     GOBACK.                                                      ELCDTERX
  1108                                                                  ELCDTERX
  1109 0060-READ--TEST.                                                 ELCDTERX
  1110     IF DATX-COD        = SPACE  OR                               ELCDTERX
  1111        CLAX-ID         = SPACE  OR                               ELCDTERX
  1112        DATE-OPTIONS-ID = SPACE                                   ELCDTERX
  1113         GO TO 0045-READ--DUMP.                                   ELCDTERX
  1114                                                                  ELCDTERX
  1115     MOVE LOW-VALUE TO CLAS-TYPE-MISC.                            ELCDTERX
  1116     GO TO 0079-READ--EXIT.                                       ELCDTERX
  1117                                                                  ELCDTERX
  1118 0065-READ--COLC.                                                 ELCDTERX
  1119     MOVE DATE-DISK              TO CLASIC-SYSTEM-CODES.          ELCDTERX
  1120     GO TO 0005-READ--CARD.                                       ELCDTERX
  1121                                                                  ELCDTERX
  1122 0070-READ--OPCA.                                                 ELCDTERX
  1123                                                                  ELCDTERX
  1124     ADD 1                       TO CLAS-INDEX.                   ELCDTERX
* Micro Focus Server Express         V5.1 revision 000 06-Oct-15 17:18 Page  22
* ECS217T.cbl (/apps/prod/cid1p/copy/ELCDTERX)
  1125                                                                  ELCDTERX
  1126     IF  CLAS-INDEX GREATER 13                                    ELCDTERX
  1127             OR                                                   ELCDTERX
  1128         DD-CARR-FLDS (CLAS-INDEX) = SPACE                        ELCDTERX
  1129         GO TO 0005-READ--CARD.                                   ELCDTERX
  1130                                                                  ELCDTERX
  1131     ADD 1                       TO INDEXCA.                      ELCDTERX
  1132     MOVE DD-CARR-FLDS (CLAS-INDEX)                               ELCDTERX
  1133                                 TO CARRIER-FLDS (INDEXCA).       ELCDTERX
  1134     GO TO 0070-READ--OPCA.                                       ELCDTERX
  1135                                                                  ELCDTERX
  1136 0072-READ--OPST.                                                 ELCDTERX
  1137                                                                  ELCDTERX
  1138     ADD 1                       TO CLAS-INDEX.                   ELCDTERX
  1139                                                                  ELCDTERX
  1140     IF  CLAS-INDEX GREATER 16                                    ELCDTERX
  1141             OR                                                   ELCDTERX
  1142         DD-TLR (CLAS-INDEX) = SPACE                              ELCDTERX
  1143         GO TO 0005-READ--CARD.                                   ELCDTERX
  1144                                                                  ELCDTERX
  1145     ADD 1                       TO INDEXST.                      ELCDTERX
  1146     MOVE DD-STATE-FLDS (CLAS-INDEX)                              ELCDTERX
  1147                                 TO STATE-TLR-FLD (INDEXST).      ELCDTERX
  1148     GO TO 0072-READ--OPST.                                       ELCDTERX
  1149                                                                  ELCDTERX
  1150 0074-READ--OPBS.                                                 ELCDTERX
  1151                                                                  ELCDTERX
  1152     ADD 1                       TO CLAS-INDEX.                   ELCDTERX
  1153                                                                  ELCDTERX
  1154     IF  CLAS-INDEX GREATER 32                                    ELCDTERX
  1155             OR                                                   ELCDTERX
  1156         DD-TLR (CLAS-INDEX) = SPACE                              ELCDTERX
  1157         GO TO 0005-READ--CARD.                                   ELCDTERX
  1158                                                                  ELCDTERX
  1159     ADD 1                       TO INDEXBS.                      ELCDTERX
  1160     MOVE DD-TLR (CLAS-INDEX)    TO BUS-TLRM-FLD (INDEXBS).       ELCDTERX
  1161     GO TO 0074-READ--OPBS.                                       ELCDTERX
  1162                                                                  ELCDTERX
  1163 0079-READ--EXIT.                                                 ELCDTERX
  1164*    EXIT.                                                        ELCDTERX
  1165******************************************************************ELCDTERX
  1166
  1167 0110-OPEN-RTN.
  1168
  1169     OPEN INPUT  EXTR-FILE
  1170          OUTPUT CREDIT NON-CREDIT CREDIT-120 CREDIT-CA
  1171                 PRNTR
  1172
  1173     PERFORM 0500-PRINT-HEADINGS THRU 0510-HEADING-EXIT
  1174
  1175     PERFORM 0130-READ-EXTR  THRU 0130-EXIT
  1176     PERFORM 0120-PROCESS-EXTR THRU 0120-EXIT UNTIL
  1177          THERE-ARE-NO-MORE-RECORDS
  1178     PERFORM 0600-CLOSE-FILES THRU 0600-EXIT
  1179
  1180     GOBACK
  1181
  1182     .
* Micro Focus Server Express         V5.1 revision 000 06-Oct-15 17:18 Page  23
* ECS217T.cbl
  1183 0120-PROCESS-EXTR.
  1184
  1185     MOVE 'N'           TO WS-REC-QA-EX
  1186     MOVE 'N'           TO WS-REC-120
  1187
  1188     IF EX-LIFE-AH = 'L'
  1189        SET WS-LF-NDX TO +1
  1190        SEARCH WS-LIFE VARYING WS-LF-NDX AT END
  1191             CONTINUE
  1192          WHEN WS-LIFE-BEN (WS-LF-NDX) = EX-BEN-TYPE
  1193             SET RECORD-QA-EX TO TRUE
  1194        END-SEARCH
  1195     ELSE
  1196        SET WS-AH-NDX TO +1
  1197        SEARCH WS-AH VARYING WS-AH-NDX AT END
  1198             CONTINUE
  1199          WHEN WS-AH-BEN (WS-AH-NDX) = EX-BEN-TYPE
  1200             SET RECORD-QA-EX TO TRUE
  1201        END-SEARCH
  1202     END-IF
  1203
  1204     IF EX-TERM > 120
  1205        SET RECORD-120 TO TRUE
  1206     END-IF
  1207
  1208     IF RECORD-QA-EX OR RECORD-120
  1209        WRITE NON-CREDIT-REC FROM CALL-EXTRACT
  1210     ELSE
  1211        WRITE CREDIT-REC FROM CALL-EXTRACT
  1212     END-IF
  1213
  1214     IF RECORD-QA-EX
  1215        CONTINUE
  1216     ELSE
  1217        WRITE CREDIT-120-REC FROM CALL-EXTRACT
  1218     END-IF
  1219
  1220     IF (EX-EFF-DATE < 19950101)
  1221        AND (EX-STATE = 'CA')
  1222        WRITE CREDIT-CA-REC FROM CALL-EXTRACT
  1223     END-IF
  1224
  1225     PERFORM 0130-READ-EXTR THRU 0130-EXIT
  1226
  1227     .
  1228 0120-EXIT.
  1229     EXIT.
  1230
  1231 0130-READ-EXTR.
  1232
  1233     READ EXTR-FILE AT END
  1234         SET THERE-ARE-NO-MORE-RECORDS TO TRUE
  1235     END-READ
  1236
  1237     .
  1238 0130-EXIT.
  1239     EXIT.
  1240
* Micro Focus Server Express         V5.1 revision 000 06-Oct-15 17:18 Page  24
* ECS217T.cbl
  1241 0480-PRT-RTN.
  1242
  1243     IF DTE-FICH = SPACE OR '2'
  1244       MOVE X                    TO  P-CTL
  1245       IF P-CTL = ' '
  1246         WRITE PRT AFTER ADVANCING 1 LINE
  1247       ELSE
  1248         IF P-CTL = '0'
  1249           WRITE PRT AFTER ADVANCING 2 LINES
  1250         ELSE
  1251           IF P-CTL = '-'
  1252             WRITE PRT AFTER ADVANCING 3 LINES
  1253           ELSE
  1254             WRITE PRT AFTER ADVANCING PAGE.
  1255
  1256******************************************************************
  1257
  1258 0490-E-PRT-RTN.
  1259     EXIT.
  1260
  1261 0500-PRINT-HEADINGS.
  1262     MOVE '1'    TO X.
  1263     MOVE HEAD-1 TO P-DATA.
  1264     PERFORM 0480-PRT-RTN THRU 0490-E-PRT-RTN.
  1265
  1266     MOVE ' '             TO X.
  1267     MOVE WS-CURRENT-DATE TO HD-DATE.
  1268     MOVE COMPANY-NAME    TO HD-CLIENT.
  1269     MOVE HEAD-2          TO P-DATA.
  1270     PERFORM 0480-PRT-RTN THRU 0490-E-PRT-RTN.
  1271
  1272     MOVE 1         TO HD-PAGE.
  1273     MOVE ALPH-DATE TO HD-ALF-DTE.
  1274*    MOVE ALPH-DATE TO PULL-MONTH.
  1275*    MOVE FIRST4    TO UNEARNED-MO.
  1276     MOVE HEAD-3    TO P-DATA.
  1277     PERFORM 0480-PRT-RTN THRU 0490-E-PRT-RTN
  1278
  1279     .
  1280 0510-HEADING-EXIT.
  1281     EXIT.
  1282
  1283 0600-CLOSE-FILES.
  1284
  1285     CLOSE EXTR-FILE CREDIT NON-CREDIT CREDIT-120 PRNTR
  1286         CREDIT-CA
  1287
  1288     .
  1289 0600-EXIT.
  1290     EXIT.
  1291
  1292 ABEND-PGM.
* 1293                     COPY ELCABEND SUPPRESS.
* Micro Focus Server Express         V5.1 revision 000 Compiler
* Copyright (C) Micro Focus IP Development Limited 1984-2012.
*                                                        REF GNR-008065005AF
* Total Messages:     0
* Data:       52480     Code:        4599
