* Micro Focus Server Express         V5.1 revision 000 06-Oct-15 17:18 Page   1
* ECSNETRM.cbl
* Options: int("ECSNETRM.int") anim csi verbose NOBOUND PARAMCOUNTCHECK
*          directives(cobopt.bth) endp list("ECSNETRM.lst")
* Setting: NOACCEPTREFRESH NOADV ALIGN"8" ALPHASTART"1" NOALTER NOAMODE ANIM
*          NOANIMPREP ANS85 APOST NOAREACHECK ARITHMETIC"OSVS" ASSIGN
*          "EXTERNAL" NOASSIGN-PRINTER NOAUTOLOCK NOBELL NOBOUND NOBRIEF
*          NOBS2000 BWZSTAR NOBYTEMODEMOVE CALLFH"ebmlsfile" NOCALLMCS
*          NOCALLRECOVERY CALLSORT"EXTSM" CANCEL CANCELLBR NOCHANGEMESSAGE
*          CHARSET"ASCII" NOCHECKDIV NOCHECKREFMOD NOCICS CICS-CPY
*          NOCICSOPTIMIZE NOCMPR2 NOCOBFSTATCONV NOCOBIDY NOCOBOL370 COBOLDIR
*          NOCOMP COMP-5"2" COMP-6"2" NOCOMS85 CONFIRM NOCONVERTRET CONVSPACE
*          COPYEXT",cbl,cpy" NOCOPYLBR COPYLIST COPYLISTCOMMENT"1" CSI
*          CURRENCY-SIGN"36" CURRENT-DATE"MMDDYY" NODATA DATACOMPRESS"0"
*          NODATA-CONTEXT DATE DBCHECK DBCS"2" NODBCSSOSI DBSPACE DE-EDIT"2"
*          DEFAULTBYTE"32" NODEFAULTCALLS DETECTLOCK NODG DIALECT"MF"
*          NODIRECTIVES-IN-COMMENTS NODOSVS NODPCINSUBSCRIPT DYNAM
*          NOEARLY-RELEASE ECHO NOECHOALL NOEDITOR ENSUITE"0" NOENTCOBOL
*          ERRFORMAT"1" ERRLIST"EMBED" NOERRQ FASTSORT NOFCD3 NOFCDREG
*          NOFDCLEAR NOFILESHARE FILETYPE"0" NOFLAG NOFLAGAS NOFLAGCD
*          NOFLAGEUC NOFLAGMIG NOFLAGQ FLAGSINEDIT NOFLAGSTD NOFOLDCALLNAME
*          NOFOLDCOPYNAME FORM"60" NOFP-ROUNDING NOHOSTARITHMETIC
*          NOHOSTCONTZERO NOHOST-NUMCOMPARE NOHOST-NUMMOVE NOHOSTFD NOHOSTRW
*          NOIBM-MS IBMCOMP IDXFORMAT"0" NOILGEN IMPLICITSCOPE NOINDD
*          INFORETURN"0" NOINITCALL INITPTR INT"ECSNETRM.int" INTDATE"ANSI"
*          INTLEVEL"2" IOCONV NOISO2002 NOIXNLSKEY NOIXNUMKEY KEEP-INT
*          KEYCHECK KEYCOMPRESS"0" LIBRARIAN"2" NOLINE-COUNT LIST
*          "ECSNETRM.lst" LISTPATH"" LISTWIDTH"80" LITVAL-SIZE"4" LOCKTYPE"0"
*          NOMAPNAME NOMAXERROR METHODDEFAULT"REFERENCE" MF"15" MFCOMMENT
*          NOMOVELENCHECK NOMS NOMVS NATIVE"ASCII" NONATIVEFLOATINGPOINT
*          NONCHAR NONEWBASENAME NONLS NSYMBOL"DBCS" NOODOOSVS NOODOSLIDE
*          NOOLDBLANKLINE NOOLDCOPY NOOLDINDEX NOOLDNEXTSENTENCE NOOLDREADINTO
*          NOOLDSTRMIX OOCTRL"-C-E-G-P+Q+R-S+W" OPTIONAL-FILE NOOS390 OSEXT""
*          NOOSVS NOOUTDD NOP64 NOPANVALET PERFORM-TYPE"OSVS" NOPREPLIST
*          NOPREPROCESS NOPRINT-EXT NOPROFILE NOPROGID-COMMENT
*          NOPROGID-INT-NAME NOPROTECT-LINKAGE PROTOTYPE"RELAXED" QUAL
*          QUALPROC NOQUERY NOQUOTE NORAWLIST NORDW RECMODE"F" NOREENTRANT
*          NOREF NOREFNO REMAINDER"1" REPORT-LINE"256" RESEQ NORETRYLOCK
*          REWRITE-LS NORM RTNCODE-SIZE"4" NORWHARDPAGE NOSAA SEG NOSEQCHK
*          SEQUENTIAL"RECORD" NOSERIAL SETTING"LINE" NOSHAREOUTDD NOSHOW-DIR
*          SIGN"ASCII" NOSIGNDISCARD NOSIGNFIXUP SORTTYPE"DFSORT" SOURCEFORMAT
*          "FIXED" SOURCETABSTOP"8" NOSPZERO NOSSRANGE STDERR NOSTICKY-LINKAGE
*          NOSTICKY-PERFORM SUPFF SWITCHTYPE"1" SYMBSTART"1" SYSPUNCH"132"
*          TERMPAGE TIME NOTRACE NOTRUNC NOTRUNCCALLNAME NOTRUNCCOPY TRUNCINC
*          "10" UNICODE"NATIVE" VERBOSE VSC2"2" WARNING"1" NOWB NOWB2 NOWB3
*          WEBSERVER"CGI" NOWRITELOCK NOWRITETHRU NOXOPEN NOXREF
*          NOZEROLENGTHFALSE NOZEROSEQ NOZWB
     1 IDENTIFICATION DIVISION.                                         04/14/98
     2                                                                  ECSNETRM
     3 PROGRAM-ID.                 ECSNETRM.                               LV002
     4*              PROGRAM CONVERTED BY                               ECSNETRM
     5*              COBOL CONVERSION AID PO 5785-ABJ                   ECSNETRM
     6*              CONVERSION DATE 02/08/96 12:31:54.                 ECSNETRM
     7*           PROGRAM REVIEWED FOR YEAR 2000 COMPLIANCE                CL**2
     8*                            VMOD=2.004                           ECSNETRM
     9*                                                                 ECSNETRM
    10*     CSO  MODS  IN  COPYBOOK  ECSNETRM                           ECSNETRM
    11                                                                  ECSNETRM
    12*AUTHOR.     LOGIC, INC.                                          ECSNETRM
    13*            DALLAS, TEXAS.                                       ECSNETRM
* Micro Focus Server Express         V5.1 revision 000 06-Oct-15 17:18 Page   2
* ECSNETRM.cbl
    14                                                                  ECSNETRM
    15*DATE-COMPILED.                                                   ECSNETRM
    16                                                                  ECSNETRM
    17*            *****************************************************ECSNETRM
    18*            *                                                   *ECSNETRM
    19*            *   THIS PROGRAM IS THE PROPERTY OF LOGIC, INC.     *ECSNETRM
    20*            *                                                   *ECSNETRM
    21*            *   USE OF THIS PROGRAM BY OTHER THAN THE EMPLOYEES *ECSNETRM
    22*                                                                *ECSNETRM
    23*            *   OF LOGIC, INC. IS EXPRESSLY PROHIBITED WITHOUT  *ECSNETRM
    24*            *   THE PRIOR WRITTEN PERMISSION OF LOGIC INC.      *ECSNETRM
    25*            *                                                   *ECSNETRM
    26*            *****************************************************ECSNETRM
    27                                                                  ECSNETRM
    28*REMARKS.                                                         ECSNETRM
    29*        STANDARD NET PAY MODULE.                                 ECSNETRM
    30                                                                  ECSNETRM
    31*        FIVE PARAMETERS ARE PASSED TO THIS MODULE AND A FACTOR   ECSNETRM
    32*        IS RETURNED. PARAMETERS PASSED  - A.P.R. (S999V9999)     ECSNETRM
    33*                                          ORIGINAL TERM (S999)   ECSNETRM
    34*                                          REMAINING TERM (S999)  ECSNETRM
    35*                                          NET PAY OPTION (X)     ECSNETRM
    36*                                          CAPPED TERM (S999)     ECSNETRM
    37*                     FACTOR RETURNED IS - FACTOR (S9(4)V9(9))    ECSNETRM
    38                                                                  ECSNETRM
    39*        FACTOR RETURNED IS MULTIPLIED BY ORIG. FACE TO GET       ECSNETRM
    40*        REMAINING FACE. IF ORIGINAL TERM = REMAINING TERM,       ECSNETRM
    41*        FACTOR WOULD BE 1, THEREFORE MODULE ASSUMES RATING IS    ECSNETRM
    42*        DESIRED AND FACTOR THAT IS RETURNED MAY BE MULTIPLIED    ECSNETRM
    43*        BY THOUSANDS OF ORIGINAL FACE AND REGULAR PREMIUM PER    ECSNETRM
    44*        $100 PER MONTH TO GET PREMIUM TO BE CHARGED.             ECSNETRM
    45                                                                  ECSNETRM
    46*        OPTIONS - S = NET SIMPLE                                 ECSNETRM
    47*              SPACE = NET PAY STANDARD  (1 MO. INTEREST)         ECSNETRM
    48*                  N = NET PAY STANDARD  (1 MO. INTEREST)         ECSNETRM
    49*                  A = ALTERNATE NET PAY  (0 MO. INTEREST)        ECSNETRM
    50*                  I = ALTERNATE NET PAY  (2 MO. INTEREST)        ECSNETRM
    51*                  T = TRUNCATED  (0 MO. INTEREST)                ECSNETRM
    52*                  U = TRUNCATED  (1 MO. INTEREST)                ECSNETRM
    53*                  V = TRUNCATED  (2 MO. INTEREST)                ECSNETRM
    54*                  R = REFUNDS    (REGULAR OR TRUNCATED)          ECSNETRM
    55******************************************************************
    56*                   C H A N G E   L O G
    57*
    58* CHANGES ARE MARKED BY THE CHANGE EFFECTIVE DATE.
    59*-----------------------------------------------------------------
    60*  CHANGE   CHANGE REQUEST PGMR  DESCRIPTION OF CHANGE
    61* EFFECTIVE    NUMBER
    62*-----------------------------------------------------------------
    63* 042904    2003080800002  PEMA ADD ACTUARIAL EARNING METHOD
    64* 111413  IR2013111300001  PEMA REMOVE CODE FOR APR < 3.0
    65******************************************************************
* Micro Focus Server Express         V5.1 revision 000 06-Oct-15 17:18 Page   3
* ECSNETRM.cbl
    67 ENVIRONMENT DIVISION.                                            ECSNETRM
    68                                                                  ECSNETRM
    69 DATA DIVISION.                                                   ECSNETRM
    70                                                                  ECSNETRM
    71 WORKING-STORAGE SECTION.                                         ECSNETRM
    72 77  FILLER  PIC X(32) VALUE '********************************'.  ECSNETRM
    73 77  FILLER  PIC X(32) VALUE '     ECSNETRM WORKING-STORAGE   '.  ECSNETRM
    74 77  FILLER  PIC X(32) VALUE '********* VMOD=2.004 ***********'.  ECSNETRM
    75                                                                  ECSNETRM
    76 01  COMP-3-WORK-AREA    COMP-3.                                  ECSNETRM
    77     12  V                   PIC SV9(9)          VALUE +.0.       ECSNETRM
    78     12  I                   PIC SV9(9)          VALUE +.0.       ECSNETRM
    79     12  RA                  PIC S9(6)V9(9)      VALUE +0.0.      ECSNETRM
    80     12  VX                  PIC S9V9(8)         VALUE +0.0.      ECSNETRM
    81     12  SV                  PIC S9V9(8)         VALUE +0.0.      ECSNETRM
    82     12  SX                  PIC S9V9(8)         VALUE +0.0.      ECSNETRM
    83     12  N2                  PIC S9(7)           VALUE +0.        ECSNETRM
    84     12  N3                  PIC S9(7)           VALUE +0.        ECSNETRM
    85     12  K-I                 PIC S9V9(8)         VALUE +0.0.      ECSNETRM
    86     12  FACTOR              PIC S9(4)V9(9)      VALUE +0.0.      ECSNETRM
    87     12  WK1                 PIC S9(4)V9(9)      VALUE +0.0.      ECSNETRM
    88     12  WK2                 PIC S9(4)V9(9)      VALUE +0.0.      ECSNETRM
    89     12  WK3                 PIC S9(7)V9(8)      VALUE +0.0.      ECSNETRM
    90     12  WK4                 PIC S9(7)V9(8)      VALUE +0.0.      ECSNETRM
    91     12  WK5                 PIC S9(7)V9(8)      VALUE +0.0.      ECSNETRM
    92     12  K1                  PIC S9              VALUE +1.        ECSNETRM
    93     12  K12                 PIC S999            VALUE +12.       ECSNETRM
    94     12  K100                PIC S999            VALUE +100.      ECSNETRM
    95     12  K1000               PIC S9(7)           VALUE +1000.     ECSNETRM
    96     12  ANNUAL-INT-RATE     PIC S9(3)V9(4).                      ECSNETRM
    97     12  ORIGINAL-TERM       PIC S999.                            ECSNETRM
    98     12  N  REDEFINES                                             ECSNETRM
    99         ORIGINAL-TERM       PIC S999.                            ECSNETRM
   100     12  REMAINING-TERM      PIC S999.                            ECSNETRM
   101     12  R  REDEFINES                                             ECSNETRM
   102         REMAINING-TERM      PIC S999.                            ECSNETRM
   103     12  CAPPED-TERM         PIC S999.                            ECSNETRM
   104     12  M  REDEFINES                                             ECSNETRM
   105         CAPPED-TERM         PIC S999.                            ECSNETRM
   106     12  EXPIRED-TERM        PIC S999.                            ECSNETRM
   107     12  E  REDEFINES                                             ECSNETRM
   108         EXPIRED-TERM        PIC S999.                            ECSNETRM
   109                                                                  ECSNETRM
   110 01  BINARY-WORK-AREA    COMP.                                    ECSNETRM
   111     12  X1                  PIC S999            VALUE +0.        ECSNETRM
   112     12  X2                  PIC S999            VALUE +0.        ECSNETRM
   113     12  MAX-X               PIC S9(5)           VALUE +0.        ECSNETRM
   114     12  B1                  PIC S9(5)           VALUE +1.        ECSNETRM
   115                                                                  ECSNETRM
   116 01  OPTION-SW               PIC X               VALUE 'X'.       ECSNETRM
   117     88  NPO-STD                             VALUE SPACE.         ECSNETRM
   118     88  NPO-ALT                             VALUE 'A'.           ECSNETRM
   119     88  NPO-SIMPLE                          VALUE 'S'.           ECSNETRM
   120     88  NPO-2MO                             VALUE 'I'.           ECSNETRM
   121     88  NPO-TRUNC                           VALUE 'T' 'U' 'V'.   ECSNETRM
   122     88  NPO-TRUNC-0                         VALUE 'T'.           ECSNETRM
   123     88  NPO-TRUNC-1                         VALUE 'U'.           ECSNETRM
   124     88  NPO-TRUNC-2                         VALUE 'V'.           ECSNETRM
* Micro Focus Server Express         V5.1 revision 000 06-Oct-15 17:18 Page   4
* ECSNETRM.cbl
   125     88  NPO-REFUND                          VALUE 'R'.           ECSNETRM
   126                                                                  ECSNETRM
   127 01  NP-PROCESS-SW           PIC X               VALUE '1'.       ECSNETRM
   128     88  NP-RATING                               VALUE '1'.       ECSNETRM
   129     88  NP-REFUND                               VALUE '2'.       ECSNETRM
   130     88  NP-REMAIN-AMT                           VALUE '3'.       ECSNETRM
   131                                                                  ECSNETRM
   132 01  TYPE-SW                 PIC X               VALUE 'N'.       ECSNETRM
   133     88  NET-STD                                 VALUE 'N'.       ECSNETRM
   134     88  NET-SMP                                 VALUE 'S'.       ECSNETRM
* Micro Focus Server Express         V5.1 revision 000 06-Oct-15 17:18 Page   5
* ECSNETRM.cbl
   136 LINKAGE SECTION.                                                 ECSNETRM
   137                                                                  ECSNETRM
   138 01  N-P-APR                 PIC S9(3)V9(4)  COMP-3.              ECSNETRM
   139                                                                  ECSNETRM
   140 01  N-P-ORIG                PIC S999        COMP-3.              ECSNETRM
   141                                                                  ECSNETRM
   142 01  N-P-REM                 PIC S999        COMP-3.              ECSNETRM
   143                                                                  ECSNETRM
   144 01  N-P-OPT                 PIC X.                               ECSNETRM
   145                                                                  ECSNETRM
   146 01  N-P-CAP                 PIC S999        COMP-3.              ECSNETRM
   147                                                                  ECSNETRM
   148 01  N-P-FACTOR              PIC S9(4)V9(9)  COMP-3.              ECSNETRM
   149                                                                  ECSNETRM
* Micro Focus Server Express         V5.1 revision 000 06-Oct-15 17:18 Page   6
* ECSNETRM.cbl
   151 PROCEDURE DIVISION                                               ECSNETRM
   152     USING N-P-APR  N-P-ORIG  N-P-REM  N-P-OPT  N-P-CAP           ECSNETRM
   153           N-P-FACTOR.                                            ECSNETRM
   154                                                                  ECSNETRM
   155 0000-MAIN-LINE.                                                  ECSNETRM
   156     MOVE N-P-APR     TO ANNUAL-INT-RATE.                         ECSNETRM
   157     MOVE N-P-ORIG    TO ORIGINAL-TERM                            ECSNETRM
   158                         CAPPED-TERM.                             ECSNETRM
   159     MOVE N-P-REM     TO REMAINING-TERM.                          ECSNETRM
   160     MOVE N-P-OPT     TO OPTION-SW.                               ECSNETRM
   161                                                                  ECSNETRM
   162     IF NPO-TRUNC                                                 ECSNETRM
   163         MOVE N-P-CAP TO CAPPED-TERM.                             ECSNETRM
   164                                                                  ECSNETRM
   165     IF (NPO-REFUND)
   166        OR (N-P-OPT = 'S')
   167        MOVE N-P-CAP TO CAPPED-TERM
   168     END-IF
   169                                                                  ECSNETRM
   170     MOVE +0 TO FACTOR.                                           ECSNETRM
   171                                                                  ECSNETRM
   172     IF ANNUAL-INT-RATE = ZERO                                    ECSNETRM
   173         GO TO 9999-EOJ.                                          ECSNETRM
   174                                                                  ECSNETRM
   175     IF ORIGINAL-TERM = ZERO                                      ECSNETRM
   176         GO TO 9999-EOJ.                                          ECSNETRM
   177                                                                  ECSNETRM
   178     IF REMAINING-TERM = ZERO                                     ECSNETRM
   179         GO TO 9999-EOJ.                                          ECSNETRM
   180                                                                  ECSNETRM
   181     IF REMAINING-TERM GREATER ORIGINAL-TERM                      ECSNETRM
   182         GO TO 9999-EOJ.                                          ECSNETRM
   183                                                                  ECSNETRM
   184     IF CAPPED-TERM = ZERO                                        ECSNETRM
   185         GO TO 9999-EOJ.                                          ECSNETRM
   186                                                                  ECSNETRM
   187     IF CAPPED-TERM GREATER ORIGINAL-TERM                         ECSNETRM
   188         GO TO 9999-EOJ.                                          ECSNETRM
   189
   190*    IF ANNUAL-INT-RATE LESS +3                                   ECSNETRM
   191*        COMPUTE ANNUAL-INT-RATE = ANNUAL-INT-RATE * +10.         ECSNETRM
   192*                                                                 ECSNETRM
   193*    IF ANNUAL-INT-RATE LESS +3                                   ECSNETRM
   194*        COMPUTE ANNUAL-INT-RATE = ANNUAL-INT-RATE * +10.         ECSNETRM
   195*                                                                 ECSNETRM
   196*    IF ANNUAL-INT-RATE LESS +3                                   ECSNETRM
   197*        COMPUTE ANNUAL-INT-RATE = ANNUAL-INT-RATE * +10.         ECSNETRM
   198
   199     IF (NPO-REFUND)
   200        OR (N-P-OPT = 'S')
   201         MOVE '2' TO NP-PROCESS-SW                                ECSNETRM
   202     ELSE                                                         ECSNETRM
   203         IF ORIGINAL-TERM = REMAINING-TERM                        ECSNETRM
   204             MOVE '1' TO NP-PROCESS-SW                            ECSNETRM
   205         ELSE                                                     ECSNETRM
   206             MOVE '3' TO NP-PROCESS-SW.                           ECSNETRM
   207                                                                  ECSNETRM
   208     IF NPO-SIMPLE                                                ECSNETRM
* Micro Focus Server Express         V5.1 revision 000 06-Oct-15 17:18 Page   7
* ECSNETRM.cbl
   209         MOVE 'S' TO TYPE-SW                                      ECSNETRM
   210     ELSE                                                         ECSNETRM
   211         MOVE 'N' TO TYPE-SW.                                     ECSNETRM
   212                                                                  ECSNETRM
   213     COMPUTE I ROUNDED = (ANNUAL-INT-RATE / K100) / K12.          ECSNETRM
   214                                                                  ECSNETRM
   215     COMPUTE V ROUNDED = K1 / (K1 + I).                           ECSNETRM
   216                                                                  ECSNETRM
   217     MOVE V     TO VX.                                            ECSNETRM
   218     MOVE V     TO SV.                                            ECSNETRM
   219                                                                  ECSNETRM
   220     MOVE +1    TO X1.                                            ECSNETRM
   221     MOVE +1    TO SX.                                            ECSNETRM
   222                                                                  ECSNETRM
   223     MOVE ORIGINAL-TERM TO MAX-X.                                 ECSNETRM
   224                                                                  ECSNETRM
   225     COMPUTE X2 = MAX-X - CAPPED-TERM.                            ECSNETRM
   226                                                                  ECSNETRM
   227     IF MAX-X = +1                                                ECSNETRM
   228         GO TO 1000-COMPUTE-REMAINING-FACTOR.                     ECSNETRM
   229                                                                  ECSNETRM
   230     COMPUTE EXPIRED-TERM = CAPPED-TERM - REMAINING-TERM.         ECSNETRM
   231                                                                  ECSNETRM
   232     IF CAPPED-TERM NOT = ORIGINAL-TERM                           ECSNETRM
   233         COMPUTE REMAINING-TERM = ORIGINAL-TERM - EXPIRED-TERM.   ECSNETRM
   234                                                                  ECSNETRM
   235 0500-VX-LOOP.                                                    ECSNETRM
   236     COMPUTE VX ROUNDED = VX * V.                                 ECSNETRM
   237                                                                  ECSNETRM
   238     ADD B1 TO X1.                                                ECSNETRM
   239                                                                  ECSNETRM
   240     IF X1 = REMAINING-TERM                                       ECSNETRM
   241         MOVE VX    TO SV.                                        ECSNETRM
   242                                                                  ECSNETRM
   243     IF X1 = X2                                                   ECSNETRM
   244         MOVE VX    TO SX.                                        ECSNETRM
   245                                                                  ECSNETRM
   246     IF X1 NOT = MAX-X                                            ECSNETRM
   247         GO TO 0500-VX-LOOP.                                      ECSNETRM
   248                                                                  ECSNETRM
   249 1000-COMPUTE-REMAINING-FACTOR.                                   ECSNETRM
   250     COMPUTE WK1 = K1 - VX.                                       ECSNETRM
   251     COMPUTE WK2 = K1 - SV.                                       ECSNETRM
   252     COMPUTE WK5 = K1 - SX.                                       ECSNETRM
   253                                                                  ECSNETRM
   254     IF NP-RATING                                                 ECSNETRM
   255         GO TO 2000-PREMIUM-RATE.                                 ECSNETRM
   256                                                                  ECSNETRM
   257     IF (NP-REFUND)
   258        OR (N-P-OPT = 'S')
   259         GO TO 1500-REFUND-CALC
   260     END-IF
   261                                                                  ECSNETRM
   262     IF NET-STD                                                   ECSNETRM
   263         COMPUTE WK3 ROUNDED = (WK2 * K1000) / WK1.               ECSNETRM
   264                                                                  ECSNETRM
   265     IF NET-SMP                                                   ECSNETRM
   266         COMPUTE WK3 ROUNDED = ((R + 1) / (N + 1)) * (R / N)      ECSNETRM
* Micro Focus Server Express         V5.1 revision 000 06-Oct-15 17:18 Page   8
* ECSNETRM.cbl
   267         COMPUTE WK3 ROUNDED = (1 - WK3) * ((I * N / WK1) - 1)    ECSNETRM
   268         COMPUTE WK3 ROUNDED = WK3 + 1 - ((N - R) * I / WK1)      ECSNETRM
   269         COMPUTE WK3 ROUNDED = WK3 * 1000.                        ECSNETRM
   270                                                                  ECSNETRM
   271     IF REMAINING-TERM LESS THAN X2                               ECSNETRM
   272         MOVE +0 TO WK3.                                          ECSNETRM
   273                                                                  ECSNETRM
   274     MOVE WK3 TO FACTOR.                                          ECSNETRM
   275                                                                  ECSNETRM
   276     GO TO 9999-EOJ.                                              ECSNETRM
   277                                                                  ECSNETRM
   278 1500-REFUND-CALC.                                                ECSNETRM
   279     IF REMAINING-TERM NOT LESS MAX-X                             ECSNETRM
   280         MOVE +1 TO FACTOR                                        ECSNETRM
   281         GO TO 9999-EOJ.                                          ECSNETRM
   282                                                                  ECSNETRM
   283     IF REMAINING-TERM LESS +1                                    ECSNETRM
   284         MOVE 0 TO FACTOR                                         ECSNETRM
   285         GO TO 9999-EOJ.                                          ECSNETRM
   286                                                                  ECSNETRM
   287     COMPUTE WK2 ROUNDED = WK2 / I.                               ECSNETRM
   288     COMPUTE WK5 ROUNDED = WK5 / I.                               ECSNETRM
   289     COMPUTE WK1 ROUNDED = WK1 / I.                               ECSNETRM
   290                                                                  ECSNETRM
   291*    DISPLAY ' USING TEST PROGRAM '
   292     IF N-P-OPT = 'S'
   293*       COMPUTE WK3 ROUNDED = WK2 / WK1
   294        COMPUTE WK3 ROUNDED = (R - WK2) / (M - WK1)
   295     ELSE
   296        COMPUTE WK3 ROUNDED =
   297          (N-P-REM - WK2 + WK5) / (CAPPED-TERM - WK1 + WK5)
   298     END-IF
   299                                                                  ECSNETRM
   300     MOVE WK3  TO FACTOR.                                         ECSNETRM
   301                                                                  ECSNETRM
   302     GO TO 9999-EOJ.                                              ECSNETRM
   303                                                                  ECSNETRM
   304 2000-PREMIUM-RATE.                                               ECSNETRM
   305*    K-I IS ADJUSTMENT FACTOR FOR NO. MONTHS ADD'L. INTEREST      ECSNETRM
   306*                                                                 ECSNETRM
   307*      OPTION - N OR U OR SPACE  = 1 MO,  SO K-I = 1 + I          ECSNETRM
   308*      OPTION - A OR T           = 0 MO,  SO K-I = 1              ECSNETRM
   309*      OPTION - I OR V           = 2 MO,  SO K-I = 1 + 2I         ECSNETRM
   310*                                                                 ECSNETRM
   311     COMPUTE K-I = K1 + I.                                        ECSNETRM
   312                                                                  ECSNETRM
   313     IF NPO-ALT OR NPO-TRUNC-0                                    ECSNETRM
   314         MOVE K1 TO K-I.                                          ECSNETRM
   315                                                                  ECSNETRM
   316     IF NPO-2MO OR NPO-TRUNC-2                                    ECSNETRM
   317         COMPUTE K-I = K1 + (2 * I).                              ECSNETRM
   318                                                                  ECSNETRM
   319     COMPUTE RA ROUNDED = 1 -                                     ECSNETRM
   320             ((X2 * (X2 + 1)) /                                   ECSNETRM
   321              (N *  (N  + 1))).                                   ECSNETRM
   322                                                                  ECSNETRM
   323     IF NET-STD                                                   ECSNETRM
   324         COMPUTE WK3 ROUNDED = ((I * M) + VX - SX) * 2 * N        ECSNETRM
* Micro Focus Server Express         V5.1 revision 000 06-Oct-15 17:18 Page   9
* ECSNETRM.cbl
   325         COMPUTE WK3 ROUNDED = WK3 / ((1 - VX) * M * I)           ECSNETRM
   326         COMPUTE WK3 ROUNDED = WK3 / ((2 * N) - M + 1)            ECSNETRM
   327         COMPUTE WK3 ROUNDED = WK3 * RA * K-I.                    ECSNETRM
   328                                                                  ECSNETRM
   329     IF NET-SMP                                                   ECSNETRM
   330         COMPUTE N2 = N * N                                       ECSNETRM
   331         COMPUTE N3 = N2 * N                                      ECSNETRM
   332         COMPUTE WK3 ROUNDED = 2 * N2 * WK1                       ECSNETRM
   333         COMPUTE WK3 ROUNDED = WK3 + (N3 * I) - (N2 * I)          ECSNETRM
   334         COMPUTE WK3 ROUNDED = WK3 + (4 * N * WK1)                ECSNETRM
   335         COMPUTE WK3 ROUNDED = WK3 * (1 + I) * 10                 ECSNETRM
   336         COMPUTE WK3 ROUNDED = WK3 / (36 * (N + 1) * WK1).        ECSNETRM
   337                                                                  ECSNETRM
   338     MOVE WK3 TO FACTOR.                                          ECSNETRM
   339                                                                  ECSNETRM
   340     GO TO 9999-EOJ.                                              ECSNETRM
   341                                                                  ECSNETRM
   342 9999-EOJ.                                                        ECSNETRM
   343     MOVE FACTOR TO N-P-FACTOR.                                   ECSNETRM
   344                                                                  ECSNETRM
   345     GOBACK.                                                      ECSNETRM
   346                                                                  ECSNETRM
   347 9999-DUMMY-END.                                                  ECSNETRM
   348     GOBACK.                                                      ECSNETRM
* Micro Focus Server Express         V5.1 revision 000 Compiler
* Copyright (C) Micro Focus IP Development Limited 1984-2012.
*                                                        REF GNR-008065005AF
* Total Messages:     0
* Data:         808     Code:        1735
