* Micro Focus Server Express         V5.1 revision 000 06-Oct-15 17:18 Page   1
* EL542.cbl
* Options: int("EL542.int") anim csi verbose NOBOUND PARAMCOUNTCHECK
*          directives(cobopt.bth) endp list("EL542.lst")
* Setting: NOACCEPTREFRESH NOADV ALIGN"8" ALPHASTART"1" NOALTER NOAMODE ANIM
*          NOANIMPREP ANS85 APOST NOAREACHECK ARITHMETIC"OSVS" ASSIGN
*          "EXTERNAL" NOASSIGN-PRINTER NOAUTOLOCK NOBELL NOBOUND NOBRIEF
*          NOBS2000 BWZSTAR NOBYTEMODEMOVE CALLFH"ebmlsfile" NOCALLMCS
*          NOCALLRECOVERY CALLSORT"EXTSM" CANCEL CANCELLBR NOCHANGEMESSAGE
*          CHARSET"ASCII" NOCHECKDIV NOCHECKREFMOD NOCICS CICS-CPY
*          NOCICSOPTIMIZE NOCMPR2 NOCOBFSTATCONV NOCOBIDY NOCOBOL370 COBOLDIR
*          NOCOMP COMP-5"2" COMP-6"2" NOCOMS85 CONFIRM NOCONVERTRET CONVSPACE
*          COPYEXT",cbl,cpy" NOCOPYLBR COPYLIST COPYLISTCOMMENT"1" CSI
*          CURRENCY-SIGN"36" CURRENT-DATE"MMDDYY" NODATA DATACOMPRESS"0"
*          NODATA-CONTEXT DATE DBCHECK DBCS"2" NODBCSSOSI DBSPACE DE-EDIT"2"
*          DEFAULTBYTE"32" NODEFAULTCALLS DETECTLOCK NODG DIALECT"MF"
*          NODIRECTIVES-IN-COMMENTS NODOSVS NODPCINSUBSCRIPT DYNAM
*          NOEARLY-RELEASE ECHO NOECHOALL NOEDITOR ENSUITE"0" NOENTCOBOL
*          ERRFORMAT"1" ERRLIST"EMBED" NOERRQ FASTSORT NOFCD3 NOFCDREG
*          NOFDCLEAR NOFILESHARE FILETYPE"0" NOFLAG NOFLAGAS NOFLAGCD
*          NOFLAGEUC NOFLAGMIG NOFLAGQ FLAGSINEDIT NOFLAGSTD NOFOLDCALLNAME
*          NOFOLDCOPYNAME FORM"60" NOFP-ROUNDING NOHOSTARITHMETIC
*          NOHOSTCONTZERO NOHOST-NUMCOMPARE NOHOST-NUMMOVE NOHOSTFD NOHOSTRW
*          NOIBM-MS IBMCOMP IDXFORMAT"0" NOILGEN IMPLICITSCOPE NOINDD
*          INFORETURN"0" NOINITCALL INITPTR INT"EL542.int" INTDATE"ANSI"
*          INTLEVEL"2" IOCONV NOISO2002 NOIXNLSKEY NOIXNUMKEY KEEP-INT
*          KEYCHECK KEYCOMPRESS"0" LIBRARIAN"2" NOLINE-COUNT LIST"EL542.lst"
*          LISTPATH"" LISTWIDTH"80" LITVAL-SIZE"4" LOCKTYPE"0" NOMAPNAME
*          NOMAXERROR METHODDEFAULT"REFERENCE" MF"15" MFCOMMENT NOMOVELENCHECK
*          NOMS NOMVS NATIVE"ASCII" NONATIVEFLOATINGPOINT NONCHAR
*          NONEWBASENAME NONLS NSYMBOL"DBCS" NOODOOSVS NOODOSLIDE
*          NOOLDBLANKLINE NOOLDCOPY NOOLDINDEX NOOLDNEXTSENTENCE NOOLDREADINTO
*          NOOLDSTRMIX OOCTRL"-C-E-G-P+Q+R-S+W" OPTIONAL-FILE NOOS390 OSEXT""
*          NOOSVS NOOUTDD NOP64 NOPANVALET PERFORM-TYPE"OSVS" NOPREPLIST
*          NOPREPROCESS NOPRINT-EXT NOPROFILE NOPROGID-COMMENT
*          NOPROGID-INT-NAME NOPROTECT-LINKAGE PROTOTYPE"RELAXED" QUAL
*          QUALPROC NOQUERY NOQUOTE NORAWLIST NORDW RECMODE"F" NOREENTRANT
*          NOREF NOREFNO REMAINDER"1" REPORT-LINE"256" RESEQ NORETRYLOCK
*          REWRITE-LS NORM RTNCODE-SIZE"4" NORWHARDPAGE NOSAA SEG NOSEQCHK
*          SEQUENTIAL"RECORD" NOSERIAL SETTING"LINE" NOSHAREOUTDD NOSHOW-DIR
*          SIGN"ASCII" NOSIGNDISCARD NOSIGNFIXUP SORTTYPE"DFSORT" SOURCEFORMAT
*          "FIXED" SOURCETABSTOP"8" NOSPZERO NOSSRANGE STDERR NOSTICKY-LINKAGE
*          NOSTICKY-PERFORM SUPFF SWITCHTYPE"1" SYMBSTART"1" SYSPUNCH"132"
*          TERMPAGE TIME NOTRACE NOTRUNC NOTRUNCCALLNAME NOTRUNCCOPY TRUNCINC
*          "10" UNICODE"NATIVE" VERBOSE VSC2"2" WARNING"1" NOWB NOWB2 NOWB3
*          WEBSERVER"CGI" NOWRITELOCK NOWRITETHRU NOXOPEN NOXREF
*          NOZEROLENGTHFALSE NOZEROSEQ NOZWB
     1 IDENTIFICATION DIVISION.                                         04/14/98
     2                                                                  EL542
     3 PROGRAM-ID.                 EL542 .                                 LV003
     4*              PROGRAM CONVERTED BY                               EL542
     5*              COBOL CONVERSION AID PO 5785-ABJ                   EL542
     6*              CONVERSION DATE 02/12/96 16:44:13.                 EL542
     7*            PROGRAM REVIEWED FOR YEAR 2000 COMPLIANCE            EL542
     8*                            VMOD=2.004.                             CL**2
     9                                                                  EL542
    10*AUTHOR.        LOGIC, INC.                                       EL542
    11*               DALLAS, TEXAS.                                    EL542
    12                                                                  EL542
    13*DATE-COMPILED.                                                   EL542
* Micro Focus Server Express         V5.1 revision 000 06-Oct-15 17:18 Page   2
* EL542.cbl
    14                                                                  EL542
    15*SECURITY.   *****************************************************EL542
    16*            *                                                   *EL542
    17*            *   THIS PROGRAM IS THE PROPERTY OF LOGIC, INC.     *EL542
    18*            *                                                   *EL542
    19*            *   USE OF THIS PROGRAM BY OTHER THAN THE EMPLOYEES *EL542
    20*            *   OF LOGIC, INC. IS EXPRESSLY PROHIBITED WITHOUT  *EL542
    21*            *   THE PRIOR WRITTEN PERMISSION OF LOGIC INC.      *EL542
    22*            *                                                   *EL542
    23*            *****************************************************EL542
    24                                                                  EL542
    25*REMARKS.                                                         EL542
    26*    BUILDS THE MONTH-END-BALANCES RECORD USED BY SEVERAL         EL542
    27*    PROGRAMS TO HOLD MONTH-END TOTALS OF VARIOUS TYPES           EL542
    28*    AND ULTIMATELY TO PRINT THE MONTH-END BALANCES,              EL542
    29*    DISCREPANCIES AND TASK DURATION ANALYSIS.                    EL542
* Micro Focus Server Express         V5.1 revision 000 06-Oct-15 17:18 Page   3
* EL542.cbl
    31******************************************************************
    32*                   C H A N G E   L O G
    33*
    34* CHANGES ARE MARKED BY THE CHANGE EFFECTIVE DATE.
    35*-----------------------------------------------------------------
    36*  CHANGE   CHANGE REQUEST PGMR  DESCRIPTION OF CHANGE
    37* EFFECTIVE    NUMBER
    38*-----------------------------------------------------------------
    39* 070714  CR2013060600001  PEMA  AUTOMATE MONTH END BALANCING
    40******************************************************************
    41 ENVIRONMENT DIVISION.                                            EL542
    42 INPUT-OUTPUT SECTION.                                            EL542
    43 FILE-CONTROL.                                                    EL542
    44                                                                  EL542
    45     SELECT DISK-DATE        ASSIGN TO SYS019-FBA1-S-SYS019.      EL542
    46                                                                  EL542
    47     SELECT ERMEBL                                                EL542
    48             ASSIGN SYS024-FBA1-ERMEBL                            EL542
    49             ORGANIZATION INDEXED                                 EL542
    50             ACCESS DYNAMIC                                       EL542
    51             RECORD KEY ME-CONTROL-PRIMARY                        EL542
    52             FILE STATUS ERMEBL-FILE-STATUS.                      EL542
* Micro Focus Server Express         V5.1 revision 000 06-Oct-15 17:18 Page   4
* EL542.cbl
    54 DATA DIVISION.                                                   EL542
    55 FILE SECTION.                                                    EL542
    56                                                                  EL542
    57 FD  DISK-DATE
*                                        COPY ELCDTEFD.                 EL542
    58******************************************************************04/15/98
    59*                                                                *ELCDTEFD
    60*                                                                *ELCDTEFD
    61*                            ELCDTEFD.                           *   LV002
    62*           COPYBOOK REVIEWED FOR YEAR 2000 COMPLIANCE               CL**2
    63*                            VMOD=2.007                          *   CL**2
    64*                                                                *ELCDTEFD
    65******************************************************************ELCDTEFD
    66     BLOCK CONTAINS 0 RECORDS
    67     RECORDING MODE F.                                            ELCDTEFD
    68                                                                  ELCDTEFD
    69 01  DATE-DISK.                                                   ELCDTEFD
    70     12  DD-ID                       PIC  X(4).                   ELCDTEFD
    71     12  FILLER                      PIC  X(14).                  ELCDTEFD
    72     12  DD-CR1                      PIC  9.                      ELCDTEFD
    73     12  DD-CR1N                     PIC  X(30).                  ELCDTEFD
    74     12  DD-CR2                      PIC  9.                      ELCDTEFD
    75     12  DD-CR2N                     PIC  X(30).                  ELCDTEFD
    76     12  FILLER                      PIC  X(20).                  ELCDTEFD
    77                                                                  ELCDTEFD
    78 01  DATE-DISK-R.                                                 ELCDTEFD
    79     12  FILLER                      PIC  X(4).                   ELCDTEFD
    80     12  DD-ST           OCCURS 3 TIMES                           ELCDTEFD
    81                                     PIC  X(32).                  ELCDTEFD
    82                                                                  ELCDTEFD
    83 01  DATE-DISK-T.                                                 ELCDTEFD
    84     12  FILLER                      PIC  X(4).                   ELCDTEFD
    85     12  DD-TYPE         OCCURS 2 TIMES                           ELCDTEFD
    86                                     PIC  X(48).                  ELCDTEFD
    87                                                                  ELCDTEFD
    88 01  DATE-DISK-M.                                                 ELCDTEFD
    89     12  FILLER                      PIC  X(4).                   ELCDTEFD
    90     12  DD-MORT         OCCURS 2 TIMES                           ELCDTEFD
    91                                     PIC  X(48).                  ELCDTEFD
    92                                                                  ELCDTEFD
    93 01  DATE-DISK-P.                                                 ELCDTEFD
    94     12  DD-IDA                      PIC  XX.                     ELCDTEFD
    95     12  DD-IDX                      PIC  99.                     ELCDTEFD
    96     12  DD-DATA                     PIC  X(96).                  ELCDTEFD
    97     12  FILLER  REDEFINES DD-DATA.                               ELCDTEFD
    98         16  DD-PS-PIC   OCCURS 50 TIMES                          ELCDTEFD
    99                                     PIC  X.                      ELCDTEFD
   100         16  FILLER                  PIC  X(46).                  ELCDTEFD
   101     12  FILLER  REDEFINES DD-DATA.                               ELCDTEFD
   102         16  DD-PS-PICO  OCCURS 20 TIMES.                         ELCDTEFD
   103             20  DD-PS-PRT           PIC  X.                      ELCDTEFD
   104             20  DD-PS-FMT           PIC  X.                      ELCDTEFD
   105             20  DD-PS-PRC           PIC  X.                      ELCDTEFD
   106             20  DD-PS-TOT           PIC  X.                      ELCDTEFD
   107         16  FILLER                  PIC  X(16).                  ELCDTEFD
   108                                                                  ELCDTEFD
   109 01  DATE-DISK-E.                                                 ELCDTEFD
   110     12  FILLER                      PIC  X(4).                   ELCDTEFD
* Micro Focus Server Express         V5.1 revision 000 06-Oct-15 17:18 Page   5
* EL542.cbl (/apps/prod/cid1p/copy/ELCDTEFD)
   111     12  DD-EDIT         OCCURS 24 TIMES                          ELCDTEFD
   112                                     PIC  X(4).                   ELCDTEFD
   113                                                                  ELCDTEFD
   114 01  DATE-DISK-C.                                                 ELCDTEFD
   115     12  FILLER                      PIC  X(7).                   ELCDTEFD
   116     12  DD-CARR1-SECPAY-SW          PIC  X.
   117     12  DD-CARR1-UEP-PCT            PIC  S9V9(4) COMP-3.         ELCDTEFD
   118     12  DD-CARR1-R78-PCT            PIC  S9V9(4) COMP-3.         ELCDTEFD
   119     12  DD-CARR1-PRO-PCT            PIC  S9V9(4) COMP-3.         ELCDTEFD
   120     12  DD-CARR1                    PIC  X.                      ELCDTEFD
   121     12  DD-CARR1S                   PIC  XX.                     ELCDTEFD
   122     12  DD-CARR1N                   PIC  X(30).                  ELCDTEFD
   123     12  DD-CARR2                    PIC  X.                      ELCDTEFD
   124     12  DD-CARR2S                   PIC  XX.                     ELCDTEFD
   125     12  DD-CARR2N                   PIC  X(30).                  ELCDTEFD
   126     12  DD-CARR2-UEP-PCT            PIC  S9V9(4) COMP-3.         ELCDTEFD
   127     12  DD-CARR2-R78-PCT            PIC  S9V9(4) COMP-3.         ELCDTEFD
   128     12  DD-CARR2-PRO-PCT            PIC  S9V9(4) COMP-3.         ELCDTEFD
   129     12  DD-CARR2-SECPAY-SW          PIC  X.
   130     12  FILLER                      PIC  X(7).                   ELCDTEFD
   131                                                                  ELCDTEFD
   132 01  DATE-DISK-OPT.                                               ELCDTEFD
   133     12  FILLER                      PIC  X(04).                  ELCDTEFD
   134     12  DD-TLR-DATA.                                             ELCDTEFD
   135         16  DD-TLR                  OCCURS 32 TIMES              ELCDTEFD
   136                                     PIC  X(03).                  ELCDTEFD
   137     12  DD-STATE-DATA REDEFINES DD-TLR-DATA.                     ELCDTEFD
   138         16  DD-STATE-FLDS           OCCURS 16 TIMES              ELCDTEFD
   139                                     PIC  X(06).                  ELCDTEFD
   140     12  DD-CARR-DATA REDEFINES DD-TLR-DATA.                      ELCDTEFD
   141         16  DD-CARR-FLDS            OCCURS 13 TIMES              ELCDTEFD
   142                                     PIC  X(07).                  ELCDTEFD
   143         16  FILLER                  PIC  X(05).                  ELCDTEFD
   144     12  DD-MISC-DATA REDEFINES DD-TLR-DATA                       ELCDTEFD
   145                                     PIC  X(96).                  ELCDTEFD
   146******************************************************************ELCDTEFD
* Micro Focus Server Express         V5.1 revision 000 06-Oct-15 17:18 Page   6
* EL542.cbl
   148 FD  ERMEBL.                                                      EL542
*  149 COPY ERCMEBL.                                                    EL542
   150******************************************************************
   151*
   152*
   153*                            ERCMEBL                             *
   154*                                                                *
   155*    FILE DESCRIPTION = REPOSITORY FOR MONTH-END BALANCES FROM   *
   156*                       SEVERAL PROGRAMS (IDENTIFIED IN BYTES    *
   157*                       4-6 OF THE FIELD NAMES) AND BY EL541     *
   158*                       FOR REPORTING DISCREPANCIES AND RUN TIME.*
   159*                                                                *
   160*    FILE TYPE = VSAM, KSDS                                      *
   161*    RECORD SIZE = 765       RECFORM = FIXED                     *
   162*                                                                *
   163*    BASE CLUSTER = ERMEBL         KEY SIZE  =  5                *
   164*    ALTERNATE PATHS = NONE        STARTING IN  3                *
   165*                                                                *
   166******************************************************************
   167
   168******************************************************************
   169*                   C H A N G E   L O G
   170*
   171* CHANGES ARE MARKED BY THE CHANGE EFFECTIVE DATE.
   172*-----------------------------------------------------------------
   173*  CHANGE   CHANGE REQUEST PGMR  DESCRIPTION OF CHANGE
   174* EFFECTIVE    NUMBER
   175*-----------------------------------------------------------------
   176* 070714  CR2013060600001  PEMA  AUTOMATE EOM BALANCING
   177******************************************************************
   178 01  MONTH-END-BALANCES.
   179     12  ME-RECORD-ID            PIC  XX.
   180     12  ME-CONTROL-PRIMARY.
   181         16  ME-COMPANY          PIC  XXX.
   182         16  ME-MOYR             PIC  9999       COMP.
   183     12  ME-010-PREM-L           PIC S9(9)V99    COMP-3.
   184     12  ME-010-PREM-AH          PIC S9(9)V99    COMP-3.
   185     12  ME-010-REF-L            PIC S9(9)V99    COMP-3.
   186     12  ME-010-REF-AH           PIC S9(9)V99    COMP-3.
   187     12  ME-010-NET-L            PIC S9(9)V99    COMP-3.
   188     12  ME-010-NET-AH           PIC S9(9)V99    COMP-3.
   189     12  ME-010-COMM-L           PIC S9(9)V99    COMP-3.
   190     12  ME-010-COMM-AH          PIC S9(9)V99    COMP-3.
   191     12  ME-010-PMT-L            PIC S9(9)V99    COMP-3.
   192     12  ME-010-PMT-AH           PIC S9(9)V99    COMP-3.
   193     12  ME-010-CERT-IN          PIC S9(7)       COMP-3.
   194     12  ME-010-CERT-OUT         PIC S9(7)       COMP-3.
   195     12  ME-010-DUP-ISS          PIC S9(7)       COMP-3.
   196     12  ME-010-RUN-DT           PIC  9(6)       COMP-3.
   197*    12  ME-010-START            PIC  9(6)       COMP-3.
   198*    12  ME-010-END              PIC  9(6)       COMP-3.
   199     12  ME-010-RUN-CT           PIC S9(3)       COMP-3.
   200     12  ME-018-COMM-Y           PIC S9(9)V99    COMP-3.
   201     12  ME-018-COMM-1           PIC S9(9)V99    COMP-3.
   202     12  ME-018-OW-Y             PIC S9(9)V99    COMP-3.
   203     12  ME-018-OW-1             PIC S9(9)V99    COMP-3.
   204     12  ME-018-RUN-DT           PIC  9(6)       COMP-3.
   205*    12  ME-018-START            PIC  9(6)       COMP-3.
* Micro Focus Server Express         V5.1 revision 000 06-Oct-15 17:18 Page   7
* EL542.cbl (/apps/prod/cid1p/copy/ERCMEBL)
   206*    12  ME-018-END              PIC  9(6)       COMP-3.
   207     12  ME-018-RUN-CT           PIC S9(3)       COMP-3.
   208     12  ME-019-PREM-L           PIC S9(9)V99    COMP-3.
   209     12  ME-019-PREM-AH          PIC S9(9)V99    COMP-3.
   210     12  ME-019-REF-L            PIC S9(9)V99    COMP-3.
   211     12  ME-019-REF-AH           PIC S9(9)V99    COMP-3.
   212     12  ME-019-COMM-L           PIC S9(9)V99    COMP-3.
   213     12  ME-019-COMM-AH          PIC S9(9)V99    COMP-3.
   214     12  ME-019-OR-L             PIC S9(9)V99    COMP-3.
   215     12  ME-019-OR-AH            PIC S9(9)V99    COMP-3.
   216     12  ME-019-RUN-DT           PIC  9(6)       COMP-3.
   217*    12  ME-019-START            PIC  9(6)       COMP-3.
   218*    12  ME-019-END              PIC  9(6)       COMP-3.
   219     12  ME-019-RUN-CT           PIC S9(3)       COMP-3.
   220     12  ME-030-CLMS-L           PIC S9(9)V99    COMP-3.
   221     12  ME-030-CLMS-AH          PIC S9(9)V99    COMP-3.
   222     12  ME-030-RUN-DT           PIC  9(6)       COMP-3.
   223*    12  ME-030-START            PIC  9(6)       COMP-3.
   224*    12  ME-030-END              PIC  9(6)       COMP-3.
   225     12  ME-030-RUN-CT           PIC S9(3)       COMP-3.
   226     12  ME-032-RESV-L           PIC S9(9)V99    COMP-3.
   227     12  ME-032-RESV-AH          PIC S9(9)V99    COMP-3.
   228     12  ME-032-RUN-DT           PIC  9(6)       COMP-3.
   229*    12  ME-032-START            PIC  9(6)       COMP-3.
   230*    12  ME-032-END              PIC  9(6)       COMP-3.
   231     12  ME-032-RUN-CT           PIC S9(3)       COMP-3.
   232     12  ME-035-NET-L            PIC S9(9)V99    COMP-3.
   233     12  ME-035-NET-AH           PIC S9(9)V99    COMP-3.
   234     12  ME-035-RUN-DT           PIC S9(6)       COMP-3.
   235*    12  ME-035-START            PIC S9(6)       COMP-3.
   236*    12  ME-035-END              PIC S9(6)       COMP-3.
   237     12  ME-035-RUN-CT           PIC S9(3)       COMP-3.
   238     12  ME-038-RECS-IN          PIC S9(7)       COMP-3.
   239     12  ME-038-RECS-OUT         PIC S9(7)       COMP-3.
   240     12  ME-038-RUN-DT           PIC  9(6)       COMP-3.
   241*    12  ME-038-START            PIC  9(6)       COMP-3.
   242*    12  ME-038-END              PIC  9(6)       COMP-3.
   243     12  ME-038-RUN-CT           PIC S9(3)       COMP-3.
   244     12  ME-041-RETROS           PIC S9(9)V99    COMP-3.
   245     12  ME-041-RUN-DT           PIC  9(6)       COMP-3.
   246*    12  ME-041-START            PIC  9(6)       COMP-3.
   247*    12  ME-041-END              PIC  9(6)       COMP-3.
   248     12  ME-041-RUN-CT           PIC S9(3)       COMP-3.
   249     12  ME-050-CERT-IN          PIC S9(7)       COMP-3.
   250     12  ME-050-CERT-OUT         PIC S9(7)       COMP-3.
   251*    12  ME-050-START            PIC  9(6)       COMP-3.
   252     12  ME-050-RUN-DT           PIC  9(6)       COMP-3.
   253*    12  ME-050-END              PIC  9(6)       COMP-3.
   254     12  ME-050-RUN-CT           PIC S9(3)       COMP-3.
   255     12  ME-061-PREM             PIC S9(9)V99    COMP-3.
   256     12  ME-061-COMM             PIC S9(9)V99    COMP-3.
   257     12  ME-061-OR               PIC S9(9)V99    COMP-3.
   258     12  ME-061-PY-ADJ           PIC S9(9)V99    COMP-3.
   259     12  ME-061-COMM-RCALC       PIC S9(9)V99    COMP-3.
   260     12  ME-061-OR-RCALC         PIC S9(9)V99    COMP-3.
   261     12  ME-061-PREM-RCALC       PIC S9(9)V99    COMP-3.
   262     12  ME-061-RUN-DT           PIC  9(6)       COMP-3.
   263*    12  ME-061-START            PIC  9(6)       COMP-3.
* Micro Focus Server Express         V5.1 revision 000 06-Oct-15 17:18 Page   8
* EL542.cbl (/apps/prod/cid1p/copy/ERCMEBL)
   264*    12  ME-061-END              PIC  9(6)       COMP-3.
   265     12  ME-061-RUN-CT           PIC S9(3)       COMP-3.
   266     12  ME-080-MORT-ERRS        PIC  9(7)       COMP-3.
   267     12  ME-080-RUN-DT           PIC  9(6)       COMP-3.
   268*    12  ME-080-START            PIC  9(6)       COMP-3.
   269*    12  ME-080-END              PIC  9(6)       COMP-3.
   270     12  ME-080-RUN-CT           PIC S9(3)       COMP-3.
   271     12  ME-315-RESV-L           PIC S9(9)V99    COMP-3.
   272     12  ME-315-RESV-AH          PIC S9(9)V99    COMP-3.
   273     12  ME-315-RUN-DT           PIC  9(6)       COMP-3.
   274*    12  ME-315-START            PIC  9(6)       COMP-3.
   275*    12  ME-315-END              PIC  9(6)       COMP-3.
   276     12  ME-315-RUN-CT           PIC S9(3)       COMP-3.
   277     12  ME-331-FLAG             PIC  9.
   278     12  ME-331-RUN-DT           PIC  9(6)       COMP-3.
   279*    12  ME-331-START            PIC  9(6)       COMP-3.
   280*    12  ME-331-END              PIC  9(6)       COMP-3.
   281     12  ME-331-RUN-CT           PIC S9(3)       COMP-3.
   282     12  ME-341-NOT-FOUND        PIC S9(7)       COMP-3.
   283     12  ME-341-RUN-DT           PIC  9(6)       COMP-3.
   284*    12  ME-341-START            PIC  9(6)       COMP-3.
   285*    12  ME-341-END              PIC  9(6)       COMP-3.
   286     12  ME-341-RUN-CT           PIC S9(3)       COMP-3.
   287     12  ME-501-FLAG             PIC  9.
   288     12  ME-501-RUN-DT           PIC  9(6)       COMP-3.
   289     12  ME-501-START            PIC  9(6)       COMP-3.
   290     12  ME-501-END              PIC  9(6)       COMP-3.
   291     12  ME-501-RUN-CT           PIC S9(3)       COMP-3.
   292     12  ME-509-FLAG             PIC  9.
   293     12  ME-509-RUN-DT           PIC  9(6)       COMP-3.
   294     12  ME-509-START            PIC  9(6)       COMP-3.
   295     12  ME-509-END              PIC  9(6)       COMP-3.
   296     12  ME-509-RUN-CT           PIC S9(3)       COMP-3.
   297     12  ME-522-PY-ADJ           PIC S9(9)V99    COMP-3.
   298     12  ME-522-RETROS           PIC S9(9)V99    COMP-3.
   299     12  ME-522-PROC-CLM-L       PIC S9(9)V99    COMP-3.
   300     12  ME-522-PROC-CLM-AH      PIC S9(9)V99    COMP-3.
   301     12  ME-522-ALL-CLM-L        PIC S9(9)V99    COMP-3.
   302     12  ME-522-ALL-CLM-AH       PIC S9(9)V99    COMP-3.
   303     12  ME-522-PROC-RSV-L       PIC S9(9)V99    COMP-3.
   304     12  ME-522-PROC-RSV-AH      PIC S9(9)V99    COMP-3.
   305     12  ME-522-ALL-RSV-L        PIC S9(9)V99    COMP-3.
   306     12  ME-522-ALL-RSV-AH       PIC S9(9)V99    COMP-3.
   307     12  ME-522-PREM-L           PIC S9(9)V99    COMP-3.
   308     12  ME-522-PREM-AH          PIC S9(9)V99    COMP-3.
   309     12  ME-522-REF-L            PIC S9(9)V99    COMP-3.
   310     12  ME-522-REF-AH           PIC S9(9)V99    COMP-3.
   311     12  ME-522-RUN-DT           PIC  9(6)       COMP-3.
   312     12  ME-522-START            PIC  9(6)       COMP-3.
   313     12  ME-522-END              PIC  9(6)       COMP-3.
   314     12  ME-522-RUN-CT           PIC S9(3)       COMP-3.
   315     12  ME-524-CLMS-L           PIC S9(9)V99    COMP-3.
   316     12  ME-524-CLMS-AH          PIC S9(9)V99    COMP-3.
   317     12  ME-524-RESV-L           PIC S9(9)V99    COMP-3.
   318     12  ME-524-RESV-AH          PIC S9(9)V99    COMP-3.
   319     12  ME-524-RUN-DT           PIC  9(6)       COMP-3.
   320     12  ME-524-START            PIC  9(6)       COMP-3.
   321     12  ME-524-END              PIC  9(6)       COMP-3.
* Micro Focus Server Express         V5.1 revision 000 06-Oct-15 17:18 Page   9
* EL542.cbl (/apps/prod/cid1p/copy/ERCMEBL)
   322     12  ME-524-RUN-CT           PIC S9(3)       COMP-3.
   323     12  ME-525-FLAG             PIC  9.
   324     12  ME-525-RUN-DT           PIC  9(6)       COMP-3.
   325     12  ME-525-START            PIC  9(6)       COMP-3.
   326     12  ME-525-END              PIC  9(6)       COMP-3.
   327     12  ME-525-RUN-CT           PIC S9(3)       COMP-3.
   328     12  ME-048-RECS-IN          PIC S9(7)       COMP-3.
   329     12  ME-048-RECS-OUT         PIC S9(7)       COMP-3.
   330     12  ME-048-RUN-DT           PIC  9(6)       COMP-3.
   331     12  ME-048-START            PIC  9(6)       COMP-3.
   332     12  ME-048-END              PIC  9(6)       COMP-3.
   333     12  ME-048-RUN-CT           PIC S9(3)       COMP-3.
   334     12  ME-041-REIN-ADJ         PIC S9(9)V99    COMP-3.
   335
   336     12  ME-019-CLMS-L           PIC S9(9)V99    COMP-3.
   337     12  ME-019-CLMS-AH          PIC S9(9)V99    COMP-3.
   338     12  ME-035-COMM-TOT         PIC S9(9)V99    COMP-3.
   339     12  ME-035-CLMS-L           PIC S9(9)V99    COMP-3.
   340     12  ME-035-CLMS-AH          PIC S9(9)V99    COMP-3.
   341     12  ME-041-RECS-IN          PIC S9(9)       COMP-3.
   342     12  ME-041-RECS-OUT         PIC S9(9)       COMP-3.
   343     12  ME-050-ACT-L            PIC S9(7)       COMP-3.
   344     12  ME-050-ACT-AH           PIC S9(7)       COMP-3.
   345     12  ME-061-CLMS             PIC S9(9)V99    COMP-3.
   346     12  ME-341-CLMS-L           PIC S9(9)V99    COMP-3.
   347     12  ME-341-CLMS-AH          PIC S9(9)V99    COMP-3.
   348     12  ME-515-CLMS-WRAP        PIC S9(7)V99    COMP-3.
   349     12  ME-515-RESV-WRAP        PIC S9(7)V99    COMP-3.
   350     12  ME-317-CLMS-TOT         PIC S9(9)V99    comp-3.
   351     12  ME-325-CLMS-TOT         PIC S9(9)V99    comp-3.
   352     12  ME-020-PREM-TOT         PIC S9(11)V99   COMP-3.
   353     12  ME-020-CLMS-TOT         PIC S9(9)V99    COMP-3.
   354     12  ME-020-RESV-TOT         PIC S9(9)V99    COMP-3.
   355     12  ME-063-OW               PIC S9(9)V99    COMP-3.
   356     12  ME-082-ACT-L            PIC S9(7)       COMP-3.
   357     12  ME-082-ACT-AH           PIC S9(7)       COMP-3.
   358     12  ME-016-RECS-IN          PIC S9(9)       COMP-3.
   359     12  ME-016-RECS-OUT         PIC S9(9)       COMP-3.
   360     12  ME-562-PREM-TOT         PIC S9(9)V99    COMP-3.
   361     12  ME-562-COMM-TOT         PIC S9(9)V99    COMP-3.
   362     12  ME-524-CLMS-TOT-CM      PIC S9(9)V99    comp-3.
   363     12  ME-523-PREM-TOT         PIC S9(9)V99    COMP-3.
   364     12  ME-064-BEG-BAL          PIC S9(9)V99    COMP-3.
   365     12  ME-064-END-BAL          PIC S9(9)V99    COMP-3.
   366     12  ME-010-MM-PREM-TOT      PIC S9(9)V99    COMP-3.
   367     12  ME-010-MM-TOT-CLMS      PIC S9(9)V99    COMP-3.
   368     12  ME-010-MM-TOT-RESV      PIC S9(9)V99    COMP-3.
   369     12  ME-080-MORT-RESV        PIC S9(9)V99    COMP-3.
   370
   371     12  FILLER                  PIC  X(09).
   372*    12  FILLER                  PIC  X(88).
   373******************************************************************
* Micro Focus Server Express         V5.1 revision 000 06-Oct-15 17:18 Page  10
* EL542.cbl
   375 WORKING-STORAGE SECTION.                                         EL542
   376 01  LCP-ABND-CODE                 PIC S999 COMP VALUE +519.      EL542
   377 77  FILLER  PIC X(32)   VALUE '********************************'.EL542
   378 77  FILLER  PIC X(32)   VALUE '*     EL542  WORKING STORAGE   *'.EL542
   379 77  FILLER  PIC X(32)   VALUE '*********** VM 2.004 ***********'.   CL**2
   380                                                                  EL542
   381 77  WS-ZERO                     PIC S9 COMP-3  VALUE +0.         EL542
   382 77  WS-RETURN-CODE              PIC S9999      VALUE +0 COMP.    EL542
   383 77  WS-ABEND-FILE-STATUS        PIC XX         VALUE ZERO.       EL542
   384 77  WS-ABEND-MESSAGE            PIC X(80)      VALUE SPACES.     EL542
   385                                                                  EL542
   386 01  PGM-SUB                     PIC S999 COMP VALUE +542.        EL542
   387 01  MONTH-END-DATA.                                              EL542
   388     12  ME-START-DATE.                                           EL542
   389         16  ME-START-MO         PIC 99.                          EL542
   390         16  FILLER              PIC X.                           EL542
   391         16  ME-START-DA         PIC 99.                          EL542
   392         16  FILLER              PIC X.                           EL542
   393         16  ME-START-YR         PIC 99.                          EL542
   394     12  ME-CNDS-DATE            PIC 9(6).                        EL542
   395     12  ME-CNDS-DATE-R REDEFINES ME-CNDS-DATE.                   EL542
   396         16  ME-CNDS-MO          PIC 99.                          EL542
   397         16  ME-CNDS-DA          PIC 99.                          EL542
   398         16  ME-CNDS-YR          PIC 99.                          EL542
   399     12  ME-START-TIME           PIC 9(6).                        EL542
   400     12  ME-UPDATE-FLAG          PIC X VALUE 'Y'.                 EL542
   401         88  ME-DO-UPDATE        VALUE 'Y'.                       EL542
   402         88  ME-NO-UPDATE        VALUE 'N'.                       EL542
   403     12  ERMEBL-FILE-STATUS      PIC XX.                          EL542
   404     12  MONTH-END-MOYR          PIC 9999 COMP.                   EL542
   405     12  NEW-ME-REC-SW           PIC 9 VALUE ZERO.                EL542
   406                                                                  EL542
* Micro Focus Server Express         V5.1 revision 000 06-Oct-15 17:18 Page  11
* EL542.cbl
*  408 COPY ELCDTECX.                                                   EL542
   409******************************************************************06/05/98
   410*                                                                *ELCDTECX
   411*                            ELCDTECX.                           *   LV005
   412*           COPYBOOK REVIEWED FOR YEAR 2000 COMPLIANCE               CL**2
   413*                            VMOD=2.015                          *ELCDTECX
   414*                                                                *ELCDTECX
   415*      WORKING STORAGE COPY CODE FOR APPLICATIONS CALLING        *ELCDTECX
   416*      THE DATE CARD DISK FILE. ( READ ROUTINE = ELCDTERX,       *ELCDTECX
   417*      AND DISK FILE FD = ELCDTEFX)                              *ELCDTECX
   418*                                                                *ELCDTECX
   419******************************************************************ELCDTECX
   420******************************************************************
   421*                   C H A N G E   L O G
   422*
   423* CHANGES ARE MARKED BY THE CHANGE EFFECTIVE DATE.
   424*-----------------------------------------------------------------
   425*  CHANGE   CHANGE REQUEST PGMR  DESCRIPTION OF CHANGE
   426* EFFECTIVE    NUMBER
   427*-----------------------------------------------------------------
   428* 092602    2002091900008  PEMA  INCREASE NUMBER OF MAXIMUM
   429*                                  BENEFIT CODES FROM 300 TO 900
   430* 090803    2003080800002  PEMA  ADD CATEGORY FOR SUPER GAP
   431* 051304    2003080800002  SMVA  ADD REFUND METHOD
   432* 071714    2013100100002  PEMA  FIX CRIT PERIOD EDITS
   433******************************************************************
   434 01  DATE-CARD.                                                   ELCDTECX
   435     12  DATX-COD                    PIC  X(4).                   ELCDTECX
   436     12  RUN-DATE                    PIC  9(11)  COMP-3.          ELCDTECX
   437     12  ALPH-DATE                   PIC  X(18).                  ELCDTECX
   438     12  EP-DT                       PIC  9(11)  COMP-3.          ELCDTECX
   439     12  PEND-ACT-FILE               PIC  XX.                     ELCDTECX
   440     12  EP-SW                       PIC  X.                      ELCDTECX
   441         88  NO-EP-EXTRACTS          VALUE SPACE.                 ELCDTECX
   442     12  TAPE-BATCHES                PIC  X.                      ELCDTECX
   443         88  TP-PREL-BAL             VALUE '1'.                   ELCDTECX
   444     12  BIN-RUN-DATE                PIC  XX.                     ELCDTECX
   445     12  RUN-CENTURY.                                             ELCDTECX
   446         16 RUN-CENTURY-N            PIC  99.                        CL**4
   447     12  FILLER                      PIC  X.                         CL**4
   448     12  CLAS-MORT-OVRD              PIC  X(4).                   ELCDTECX
   449     12  FILLER                      PIC  XXX.                    ELCDTECX
   450     12  COMPANY-NAME                PIC  X(30).                  ELCDTECX
   451                                                                  ELCDTECX
   452 01  FILLER                          PIC  X(7)                       CL**6
   453                                          VALUE 'OPTIONS'.        ELCDTECX
   454 01  DATE-CARD-OPTIONS.                                           ELCDTECX
   455     12  DATE-OPTIONS-ID             PIC  X(4).                   ELCDTECX
   456     12  DTE-MIN-PREM                PIC  99V99.                  ELCDTECX
   457     12  DTE-LANGUAGE-IND            PIC  X.                      ELCDTECX
   458         88  DTE-LANGUAGE-IS-FR           VALUE 'F'.              ELCDTECX
   459         88  DTE-LANGUAGE-IS-ENG          VALUE 'E'.              ELCDTECX
   460     12  DTE-MIN-AGE                 PIC  99.                     ELCDTECX
   461     12  DTE-DEFAULT-AGE             PIC  99.                     ELCDTECX
   462     12  FILLER                      PIC  X.                      ELCDTECX
   463     12  DTE-MAX-TERM                PIC  999.                    ELCDTECX
   464     12  DTE-COMP-VG                 PIC  X.                      ELCDTECX
   465     12  DTE-REM-TRM                 PIC  X.                      ELCDTECX
* Micro Focus Server Express         V5.1 revision 000 06-Oct-15 17:18 Page  12
* EL542.cbl (/apps/prod/cid1p/copy/ELCDTECX)
   466     12  DTE-PRM-CK                  PIC S99V99.                  ELCDTECX
   467     12  DTE-PRORATA                 PIC  X.                      ELCDTECX
   468     12  DTE-CLM-REJ                 PIC  X.                      ELCDTECX
   469     12  DTE-REF-REJ                 PIC  X.                      ELCDTECX
   470     12  DTE-COM-TBL-USED            PIC  X.                      ELCDTECX
   471     12  FILLER                      PIC  X.                      ELCDTECX
   472     12  DTE-QTR-CO                  PIC  X.                      ELCDTECX
   473     12  DTE-REF-CK                  PIC S99V99.                  ELCDTECX
   474     12  DTE-CLM-CK                  PIC S99V99.                  ELCDTECX
   475     12  DTE-CONV-DT                 PIC 9(11) COMP-3.               CL**2
   476     12  DTE-DEFAULT-SEX             PIC  X.                      ELCDTECX
   477     12  DTE-EPL-FORMAT              PIC  X.                      ELCDTECX
   478     12  FILLER                      PIC  X.                      ELCDTECX
   479     12  DTE-JT-AGE                  PIC  X.                      ELCDTECX
   480     12  DTE-KEY-BIRTH               PIC  X.                      ELCDTECX
   481     12  DTE-REINSURANCE             PIC  X.                      ELCDTECX
   482     12  DTE-CLAIM-SORT              PIC  X.                      ELCDTECX
   483     12  DTE-WRT-OFF                 PIC  S99V99.                 ELCDTECX
   484     12  DTE-R78                     PIC  X.                      ELCDTECX
   485     12  DTE-DLY-BILL                PIC  X.                      ELCDTECX
   486     12  DTE-ALT-MORT-CODE           PIC  X(4).                   ELCDTECX
   487     12  DTE-CLAIM-PAID-THRU-TO      PIC  X.                      ELCDTECX
   488     12  DTE-COMPENSATION-ACCESS     PIC  X.                      ELCDTECX
   489     12  DTE-MORTG-ACCESS-CNTL       PIC  X.                      ELCDTECX
   490     12  DTE-MP-ALT-MORT-CODE        PIC  X(4).                   ELCDTECX
   491     12  DTE-MORTALITY-AGE-CALC-METHOD                            ELCDTECX
   492                                     PIC  X.                      ELCDTECX
   493         88  DTE-USE-TABLE-ASSIGNED-METHOD VALUE '1'              ELCDTECX
   494                                                 ' '.             ELCDTECX
   495         88  DTE-USE-ALL-AGE-LAST          VALUE '2'.             ELCDTECX
   496         88  DTE-USE-ALL-AGE-NEAR          VALUE '3'.             ELCDTECX
   497     12  DTE-RESERVE-OPTION-SWITCH   PIC  X.                      ELCDTECX
   498         88  DTE-OPT-RESERVE-METHOD-AUTH       VALUE 'Y'.         ELCDTECX
   499         88  DTE-OPT-RESERVE-METHOD-UNAUTH     VALUE 'N' ' '.     ELCDTECX
   500     12  DTE-REM-TRM-CALC-OPTION     PIC  X.                      ELCDTECX
   501     12  DTE-EXPERIENCE-RETENTION-AGE                             ELCDTECX
   502                                     PIC  9.                         CL**4
   503     12  DTE-SYSTEM.                                              ELCDTECX
   504         16  DTE-SYS-A-CREDIT        PIC  X.                      ELCDTECX
   505         16  DTE-SYS-B-PEND-CLAIM    PIC  X.                      ELCDTECX
   506         16  DTE-SYS-C-CONFIRMATIONS PIC  X.                      ELCDTECX
   507         16  DTE-SYS-D-DEMAND-BILL   PIC  X.                      ELCDTECX
   508         16  DTE-SYS-E-CLASIC-CLAIMS PIC  X.                      ELCDTECX
   509         16  DTE-SYS-F-CLASIC-CREDIT PIC  X.                      ELCDTECX
   510         16  DTE-SYS-G-AR-USED       PIC  X.                      ELCDTECX
   511         16  DTE-SYS-H               PIC  X.                      ELCDTECX
   512         16  DTE-SYS-I               PIC  X.                      ELCDTECX
   513         16  DTE-SYS-J               PIC  X.                      ELCDTECX
   514         16  DTE-SYS-K               PIC  X.                      ELCDTECX
   515         16  DTE-SYS-L               PIC  X.                      ELCDTECX
   516         16  DTE-SYS-M               PIC  X.                      ELCDTECX
   517         16  DTE-SYS-N               PIC  X.                      ELCDTECX
   518         16  DTE-SYS-O               PIC  X.                      ELCDTECX
   519         16  DTE-SYS-P               PIC  X.                      ELCDTECX
   520         16  DTE-SYS-Q               PIC  X.                      ELCDTECX
   521         16  DTE-SYS-R               PIC  X.                      ELCDTECX
   522         16  DTE-SYS-S               PIC  X.                      ELCDTECX
   523         16  DTE-SYS-T               PIC  X.                      ELCDTECX
* Micro Focus Server Express         V5.1 revision 000 06-Oct-15 17:18 Page  13
* EL542.cbl (/apps/prod/cid1p/copy/ELCDTECX)
   524         16  DTE-SYS-U               PIC  X.                      ELCDTECX
   525         16  DTE-SYS-V               PIC  X.                      ELCDTECX
   526         16  DTE-SYS-W               PIC  X.                      ELCDTECX
   527         16  DTE-SYS-X               PIC  X.                      ELCDTECX
   528         16  DTE-SYS-Y               PIC  X.                      ELCDTECX
   529         16  DTE-SYS-Z               PIC  X.                      ELCDTECX
   530     12  FILLER                      REDEFINES DTE-SYSTEM.        ELCDTECX
   531         16  DTE-SYS-CODE            OCCURS 26 TIMES              ELCDTECX
   532                                     PIC  X.                      ELCDTECX
   533     12  DTE-CLIENT                  PIC  XXX.                    ELCDTECX
   534                                                                  ELCDTECX
   535 01  CLASIC-SYSTEM-CODES.                                         ELCDTECX
   536     12  DTE-COLC-ID                 PIC  X(4).                   ELCDTECX
   537     12  DTE-CLASIC-COMPANY-CD       PIC  X.                      ELCDTECX
   538     12  DTE-CLASIC-COMPANY-NUMBER   PIC  999.                    ELCDTECX
   539*    12  DTE-CLASIC-CLAIM-ACCESS     PIC  X.                      ELCDTECX
   540     12  FILLER                      PIC  X.                      ELCDTECX
   541     12  CLASIC-REIN-MAINT           PIC  XX.                     ELCDTECX
   542     12  CLASIC-COMP-MAINT           PIC  XX.                     ELCDTECX
   543     12  CLASIC-ACCT-MAINT           PIC  XX.                     ELCDTECX
   544     12  CLASIC-CTBL-MAINT           PIC  XX.                     ELCDTECX
   545     12  CLASIC-RATE-MAINT           PIC  XX.                     ELCDTECX
   546     12  CLASIC-CREDIT-EOM-DT        PIC  XX.                     ELCDTECX
   547     12  CLASIC-CLAIMS-EOM-DT        PIC  XX.                     ELCDTECX
   548                                                                  ELCDTECX
   549     12  LIFE-OVERRIDE-L1            PIC  X.                      ELCDTECX
   550     12  LIFE-OVERRIDE-L2            PIC  XX.                     ELCDTECX
   551     12  LIFE-OVERRIDE-L6            PIC  X(6).                   ELCDTECX
   552     12  LIFE-OVERRIDE-L12           PIC  X(12).                  ELCDTECX
   553                                                                  ELCDTECX
   554     12  AH-OVERRIDE-L1              PIC  X.                      ELCDTECX
   555     12  AH-OVERRIDE-L2              PIC  XX.                     ELCDTECX
   556     12  AH-OVERRIDE-L6              PIC  X(6).                   ELCDTECX
   557     12  AH-OVERRIDE-L12             PIC  X(12).                  ELCDTECX
   558                                                                  ELCDTECX
   559     12  CLAS-REPORT-CD1-CAPTION     PIC  X(10).                  ELCDTECX
   560     12  CLAS-REPORT-CD2-CAPTION     PIC  X(10).                  ELCDTECX
   561                                                                  ELCDTECX
   562     12  CLASIC-MORTG-EOM-DT         PIC  XX.                     ELCDTECX
   563     12  CLASIC-AR-EOM-DT            PIC  XX.                     ELCDTECX
   564                                                                  ELCDTECX
   565     12  FILLER                      PIC  X(11)      VALUE SPACE. ELCDTECX
   566                                                                  ELCDTECX
   567 01  DATE-CARD-FACTORS.                                           ELCDTECX
   568     12  DATE-FACTOR-ID              PIC  X(4).                   ELCDTECX
   569     12  FAC-1                       PIC S999V9(5).               ELCDTECX
   570     12  FAC-2                       PIC S999V9(5).               ELCDTECX
   571     12  FAC-3                       PIC S999V9(5).               ELCDTECX
   572     12  FAC-4                       PIC S999V9(5).               ELCDTECX
   573     12  FAC-5                       PIC S999V9(5).               ELCDTECX
   574     12  FAC-6                       PIC S999V9(5).               ELCDTECX
   575                                                                  ELCDTECX
   576 01  FILLER                          PIC  X(12)                   ELCDTECX
   577                                          VALUE 'COMPANY NAME'.   ELCDTECX
   578 01  COMPANY-NAME-TABLE.                                          ELCDTECX
   579     12  C-N-TBL                     OCCURS 6 TIMES.              ELCDTECX
   580         16  CNT-ID                  PIC  X.                      ELCDTECX
   581         16  CNT-NAME                PIC  X(30).                  ELCDTECX
* Micro Focus Server Express         V5.1 revision 000 06-Oct-15 17:18 Page  14
* EL542.cbl (/apps/prod/cid1p/copy/ELCDTECX)
   582                                                                  ELCDTECX
   583 01  FILLER                          PIC  X(11)                   ELCDTECX
   584                                          VALUE 'STATE NAMES'.    ELCDTECX
   585 01  STATE-NAMES.                                                 ELCDTECX
   586     12  STATE-NAME-FLD              OCCURS 75 TIMES.             ELCDTECX
   587         16  STATE-SUB               PIC  XX.                     ELCDTECX
   588         16  STATE-PIC1.                                          ELCDTECX
   589             20  STATE-ABBR          PIC  XX.                     ELCDTECX
   590             20  FILLER              PIC  XXX.                    ELCDTECX
   591             20  STATE-PIC           PIC  X(20).                  ELCDTECX
   592             20  STATE-CALL-EARN     PIC  X.                      ELCDTECX
   593             20  STATE-CALL-BREAK    PIC  X.                      ELCDTECX
   594             20  STATE-PRIM-FAC-DEV  PIC  XXX.                    ELCDTECX
   595                                                                  ELCDTECX
   596 01  FILLER                          PIC  X(13)                   ELCDTECX
   597                                          VALUE 'CARRIER NAMES'.  ELCDTECX
   598 01  CARRIER-NAMES.                                               ELCDTECX
   599     12  CARRIER-NAME-FLD            OCCURS 25 TIMES.             ELCDTECX
   600         16  CARRIER-SUB             PIC  X.                      ELCDTECX
   601         16  CARRIER-DOM-ST          PIC  XX.                     ELCDTECX
   602         16  CARRIER-PIC             PIC  X(30).                  ELCDTECX
   603         16  CARRIER-UEP-PCT         PIC  S9V9(4) COMP-3.            CL**6
   604         16  CARRIER-R78-PCT         PIC  S9V9(4) COMP-3.            CL**6
   605         16  CARRIER-PRO-PCT         PIC  S9V9(4) COMP-3.            CL**6
   606*        16  FILLER                  PIC  X.                      ELCDTECX
   607         16  CARRIER-SEC-PAY         PIC  X.
   608             88  SEC-PAY-CARRIER          VALUE 'Y'.
   609                                                                  ELCDTECX
   610 01  FILLER                          PIC  X(9)                       CL**6
   611                                          VALUE 'INS TYPES'.      ELCDTECX
   612 01  CLAS-INS-TYPES.                                              ELCDTECX
   613*    12 CLAS-ALL-TYPES               OCCURS 300 TIMES.            ELCDTECX
   614     12 CLAS-ALL-TYPES               OCCURS 900 TIMES.            ELCDTECX
   615         16  CLAS-I-BEN              PIC  XX.                     ELCDTECX
   616         16  CLAS-I-AB3.                                          ELCDTECX
   617             20  FILLER              PIC  X.                      ELCDTECX
   618             20  CLAS-I-AB2.                                      ELCDTECX
   619                 24  FILLER          PIC  X.                      ELCDTECX
   620                 24  CLAS-I-AB1      PIC  X.                      ELCDTECX
   621         16  CLAS-I-AB3-AH REDEFINES CLAS-I-AB3.                  ELCDTECX
   622             20  CLAS-EXCLUSION      PIC  XX.                        CL**4
   623             20  FILLER              PIC  X.                         CL**4
   624         16  CLAS-I-AB10.                                         ELCDTECX
   625             20  FILLER              PIC  X(9).                   ELCDTECX
   626             20  CLAS-I-REIN-YN      PIC  X.                      ELCDTECX
   627         16  CLAS-I-COMMENT          PIC  X(10).                  ELCDTECX
   628         16  CLAS-I-JOINT            PIC  X.                      ELCDTECX
   629         16  CLAS-I-RL-AH            PIC  X.                      ELCDTECX
   630         16  CLAS-I-CALC-TYPE.                                    ELCDTECX
   631             20  CLAS-I-BAL          PIC  X.                      ELCDTECX
   632         16  CLAS-I-EP               PIC  X.                      ELCDTECX
   633         16  CLAS-CO-BEN-I-G-CD      PIC  X.                      ELCDTECX
   634         16  CLAS-CO-REM-TERM-CALC   PIC  X.                      ELCDTECX
   635         16  CLAS-I-BEN-CATEGORY     PIC  X.
   636         16  CLAS-I-REFUND-METHOD    PIC  X.
   637         16  CLAS-I-MAX-BENEFITS     PIC 99.
   638         16  FILLER                  PIC  XXX.
   639                                                                  ELCDTECX
* Micro Focus Server Express         V5.1 revision 000 06-Oct-15 17:18 Page  15
* EL542.cbl (/apps/prod/cid1p/copy/ELCDTECX)
   640 01  FILLER                          PIC  X(16)                   ELCDTECX
   641                                     VALUE 'MORTALITY TABLES'.    ELCDTECX
   642 01  CLAS-MORTALITY-CODES.                                        ELCDTECX
   643     12  CLAS-MORT-FLD               OCCURS 99 TIMES              ELCDTECX
   644                                     INDEXED BY CLAS-MORT-NDX.    ELCDTECX
   645         16  CLAS-MORT-CODE          PIC  X(4).                      CL**6
   646         16  CLAS-MORT-J-CODE        PIC  X.                         CL**5
   647         16  CLAS-MORT-J-FACT        PIC S9V9(4).                    CL**6
   648         16  CLAS-MORT-DESC.                                      ELCDTECX
   649             20  CLAS-RESERVE-ADJ    PIC  999.                       CL**6
   650             20  FILLER              PIC  XX.                        CL**5
   651             20  CLAS-YEAR           PIC  X(4).                      CL**6
   652             20  FILLER              PIC  X.                         CL**5
   653             20  CLAS-TABLE-TYPE     PIC  XXX.                       CL**6
   654             20  FILLER              PIC  X.                         CL**5
   655             20  CLAS-AGE-METHOD     PIC  XX.                        CL**5
   656             20  FILLER              PIC  X.                         CL**5
   657             20  CLAS-INTEREST       PIC  99.99.                     CL**5
   658             20  FILLER              PIC  X(5).                      CL**6
   659                                                                  ELCDTECX
   660 01  FILLER                          PIC  X(15)                   ELCDTECX
   661                                     VALUE 'BUSINESS TABLES'.     ELCDTECX
   662 01  CLAS-BUSINESS-CLASSES.                                       ELCDTECX
   663     12  CLAS-BUSC-FLD               OCCURS 50 TIMES.             ELCDTECX
   664         16  CLAS-BUSC-CODE          PIC  99.                     ELCDTECX
   665         16  CLAS-BUSC-GROUP         PIC  X.                      ELCDTECX
   666         16  CLAS-BUSC-DESC          PIC  X(19).                  ELCDTECX
   667         16  CLAS-BUSC-EXCL          PIC  X.                         CL**5
   668         16  FILLER                  PIC  X(4).                      CL**6
   669                                                                  ELCDTECX
   670 01  FILLER                          PIC  X(7)                       CL**6
   671                                     VALUE 'INDEXES'.             ELCDTECX
   672 01  CLAS-INDEX-TBL.                                              ELCDTECX
   673     12  CLAX-ID                     PIC  X(4).                   ELCDTECX
   674     12  CLAS-STARTC                 PIC S9(4) COMP.              ELCDTECX
   675     12  CLAS-MAXC                   PIC S9(4) COMP.              ELCDTECX
   676     12  CLAS-STARTL                 PIC S9(4) COMP.              ELCDTECX
   677     12  CLAS-MAXL                   PIC S9(4) COMP.              ELCDTECX
   678     12  CLAS-STARTA                 PIC S9(4) COMP.              ELCDTECX
   679     12  CLAS-MAXA                   PIC S9(4) COMP.              ELCDTECX
   680     12  CLAS-STARTM                 PIC S9(4) COMP.              ELCDTECX
   681     12  CLAS-MAXM                   PIC S9(4) COMP.              ELCDTECX
   682     12  CLAS-STARTB                 PIC S9(4) COMP.              ELCDTECX
   683     12  CLAS-MAXB                   PIC S9(4) COMP.              ELCDTECX
   684     12  CLAS-STARTS                 PIC S9(4) COMP.              ELCDTECX
   685     12  CLAS-MAXS                   PIC S9(4) COMP.              ELCDTECX
   686     12  CLAS-STARTE                 PIC S9(4) COMP.              ELCDTECX
   687     12  CLAS-MAXE                   PIC S9(4) COMP.              ELCDTECX
   688     12  CLAS-STARTCN                PIC S9(4) COMP.              ELCDTECX
   689     12  CLAS-MAXCN                  PIC S9(4) COMP.              ELCDTECX
   690                                                                  ELCDTECX
   691 01  CLAS-TYPE-MISC.                                              ELCDTECX
   692     12  CLAS-INDEXC                 PIC S9(4) COMP.              ELCDTECX
   693     12  CLAS-INDEXL                 PIC S9(4) COMP.              ELCDTECX
   694     12  CLAS-INDEXA                 PIC S9(4) COMP.              ELCDTECX
   695     12  CLAS-INDEXM                 PIC S9(4) COMP.              ELCDTECX
   696     12  CLAS-INDEXB                 PIC S9(4) COMP.              ELCDTECX
   697     12  CLAS-INDEXS                 PIC S9(4) COMP.              ELCDTECX
* Micro Focus Server Express         V5.1 revision 000 06-Oct-15 17:18 Page  16
* EL542.cbl (/apps/prod/cid1p/copy/ELCDTECX)
   698     12  CLAS-INDEXE                 PIC S9(4) COMP.              ELCDTECX
   699     12  CLAS-INDEX                  PIC S9(4) COMP.              ELCDTECX
   700     12  CLAS-INDEXEN                PIC S9(4) COMP.              ELCDTECX
   701     12  CLAS-INDEXCN                PIC S9(4) COMP.              ELCDTECX
   702     12  CLAS-INDEXON                PIC S9(4) COMP.              ELCDTECX
   703                                                                  ELCDTECX
   704 01  FILLER                          PIC  X(13)                   ELCDTECX
   705                                     VALUE 'MISCELLANEOUS'.       ELCDTECX
   706 01  CLAS-MISC.                                                   ELCDTECX
   707     12  DTE-FICH                    PIC  X.                      ELCDTECX
   708         88  FICH-NO                 VALUE SPACE.                 ELCDTECX
   709         88  FICH-ONLY               VALUE '1'.                   ELCDTECX
   710         88  FICH-BOTH               VALUE '2'.                   ELCDTECX
   711     12  FICH-OPEN                   PIC  X.                      ELCDTECX
   712     12  REPT-OPEN                   PIC  X.                      ELCDTECX
   713     12  DTE-PGM-OPT                 PIC  9.                         CL**5
   714     12  DTE-PRT-OPT                 PIC  X.                      ELCDTECX
   715     12  DTE-FMT-OPT                 PIC  9.                      ELCDTECX
   716     12  DTE-PRC-OPT                 PIC  9.                      ELCDTECX
   717     12  DTE-TOT-OPT                 PIC  9.                      ELCDTECX
   718     12  CLAS-LOOK                   PIC  XX.                     ELCDTECX
   719     12  DTE-TOT-LINES               PIC S9(8)      COMP.         ELCDTECX
   720     12  STATE-L                     PIC  XX.                     ELCDTECX
   721     12  CLAS-CN                     PIC  99.                     ELCDTECX
   722     12  CLAS-CO                     PIC  99.                     ELCDTECX
   723     12  DTE-VSAM-FLAGS                              VALUE ZERO.  ELCDTECX
   724         16  DTE-F-1                 PIC  X.                      ELCDTECX
   725         16  DTE-F-2                 PIC  X.                      ELCDTECX
   726     12  DTE-ABEND-WORK.                                          ELCDTECX
   727         16  DTE-ABEND-CD-1          PIC  XX         VALUE SPACES.ELCDTECX
   728         16  DTE-ABEND-CD-2          PIC  XX         VALUE SPACES.ELCDTECX
   729                                                                  ELCDTECX
   730 01  FILLER                          PIC  X(12)                   ELCDTECX
   731                                     VALUE 'WORKING DATE'.        ELCDTECX
   732 01  WS-DATE-AND-TIME.                                            ELCDTECX
   733     12  WS-ACCEPT-DATE.                                          ELCDTECX
   734         16  WS-AD-YY                PIC  99.                     ELCDTECX
   735         16  WS-AD-MM                PIC  99.                     ELCDTECX
   736         16  WS-AD-DD                PIC  99.                     ELCDTECX
   737     12  WS-CURRENT-DATE.                                         ELCDTECX
   738         16  WS-CD-MM                PIC  99.                     ELCDTECX
   739         16  FILLER                  PIC  X          VALUE '/'.   ELCDTECX
   740         16  WS-CD-DD                PIC  99.                     ELCDTECX
   741         16  FILLER                  PIC  X          VALUE '/'.   ELCDTECX
   742         16  WS-CD-YY                PIC  99.                     ELCDTECX
   743     12  WS-TIME-OF-DAY.                                          ELCDTECX
   744         16  WS-TIME                 PIC  9(6).                   ELCDTECX
   745         16  WS-HUN-SEC              PIC  99.                     ELCDTECX
   746                                                                  ELCDTECX
   747 01  FILLER                          PIC  X(12)                   ELCDTECX
   748                                     VALUE 'CARRIER CLMS'.        ELCDTECX
   749 01  CARRIER-OPT-CLAIM-DATA.                                      ELCDTECX
   750     12  CARRIER-FLDS                OCCURS 25 TIMES.             ELCDTECX
   751         16  CARRIER-IBNR-SWITCH     PIC  X.                         CL**5
   752         16  CARRIER-IBNR-PERCENT    PIC S9V9(4) COMP-3.             CL**6
   753         16  CARRIER-CIDA-DISCOUNT   PIC S9V9(4) COMP-3.             CL**6
   754                                                                  ELCDTECX
   755 01  FILLER                          PIC  X(10)                   ELCDTECX
* Micro Focus Server Express         V5.1 revision 000 06-Oct-15 17:18 Page  17
* EL542.cbl (/apps/prod/cid1p/copy/ELCDTECX)
   756                                     VALUE 'STATE TLRS'.          ELCDTECX
   757 01  STATE-TARGET-LOSS-RATIOS.                                    ELCDTECX
   758     12  STATE-TLR-FLD               OCCURS 75 TIMES.             ELCDTECX
   759         16  STATE-TARGET-LOSS-RATIO PIC S9V9(4) COMP-3.             CL**6
   760         16  STATE-CALC-INTEREST     PIC S9V9(4) COMP-3.             CL**6
   761                                                                  ELCDTECX
   762 01  FILLER                          PIC  X(13)                   ELCDTECX
   763                                     VALUE 'BUSINESS TLRS'.       ELCDTECX
   764 01  BUSINESS-TRGT-LOSS-RATIO-MODS.                               ELCDTECX
   765     12  BUS-TLRM-FLD                OCCURS 99 TIMES.             ELCDTECX
   766         16  BUS-TRGT-LOSS-RATIO-MOD PIC S9V9(4) COMP-3.             CL**6
   767                                                                  ELCDTECX
   768 01  FILLER                          PIC  X(13)                   ELCDTECX
   769                                     VALUE 'MISC CLM DATA'.       ELCDTECX
   770 01  MISC-OPT-CLM-RSV-DATA.                                       ELCDTECX
   771     12  COMPANY-CALC-INTEREST       PIC S9V9(4) COMP-3.             CL**6
   772     12  COMPANY-CIDA-DISCOUNT       PIC S9V9(4) COMP-3.             CL**6
   773     12  COMPANY-CRDB-TABLE-SELECTION                             ELCDTECX
   774                                     PIC  X.                         CL**5
   775     12  COMPANY-IBNR-AH-FACTOR      PIC S9V9(4) COMP-3.             CL**6
   776     12  COMPANY-IBNR-LAG-MONTH      PIC S999    COMP-3.             CL**6
   777     12  COMPANY-IBNR-LIFE-FACTOR    PIC S9V9(4) COMP-3.             CL**6
   778     12  COMPANY-OPTION-START-DATE   PIC  XX.                        CL**5
   779     12  INDEXBS                     PIC S9(4)   COMP.               CL**6
   780     12  INDEXCA                     PIC S9(4)   COMP.               CL**6
   781     12  INDEXST                     PIC S9(4)   COMP.               CL**6
   782     12  FILLER                      PIC  X(75).                  ELCDTECX
   783******************************************************************ELCDTECX
   784*01  MISC-CARR-PCT-DATA.                                          00001521
   785*    12  DD-CARR1-UEP-PCT            PIC S9V9(4) COMP-3.          00001522
   786*    12  DD-CARR1-R78-PCT            PIC S9V9(4) COMP-3.          00001522
   787*    12  DD-CARR1-PRO-PCT            PIC S9V9(4) COMP-3.          00001522
   788*    12  DD-CARR2-UEP-PCT            PIC S9V9(4) COMP-3.          00001522
   789*    12  DD-CARR2-R78-PCT            PIC S9V9(4) COMP-3.          00001522
   790*    12  DD-CARR2-PRO-PCT            PIC S9V9(4) COMP-3.          00001522
   791******************************************************************ELCDTECX
* Micro Focus Server Express         V5.1 revision 000 06-Oct-15 17:18 Page  18
* EL542.cbl
*  793 COPY ELCDTEVR.                                                   EL542
   794***************************************************************** 04/15/98
   795*                                                                *ELCDTEVR
   796*                                                                *ELCDTEVR
   797*                            ELCDTEVR.                           *   LV003
   798*           COPYBOOK REVIEWED FOR YEAR 2000 COMPLIANCE               CL**3
   799*                            VMOD=2.001                          *   CL**2
   800*                                                                *ELCDTEVR
   801*   WORKING STORAGE FOR DATE VARIABLES CREATED                   *ELCDTEVR
   802*   FOR THE YEAR 2000 DATE MODIFICATION                          *ELCDTEVR
   803*                                                                *ELCDTEVR
   804******************************************************************ELCDTEVR
   805 01  WS-DATE-CARD-DATE.                                           ELCDTEVR
   806     05  WS-RUN-DATE.                                             ELCDTEVR
   807         10  FILLER                  PIC  9(03).                  ELCDTEVR
   808         10  RUN-CCYY                PIC  9(04).                  ELCDTEVR
   809         10  RUN-CCYR  REDEFINES  RUN-CCYY.                       ELCDTEVR
   810             15  RUN-CC              PIC  99.                     ELCDTEVR
   811             15  RUN-YR              PIC  99.                     ELCDTEVR
   812         10  RUN-MO                  PIC  99.                     ELCDTEVR
   813         10  RUN-DA                  PIC  99.                     ELCDTEVR
   814     05  WS-RUN-DATE-N REDEFINES                                     CL**2
   815            WS-RUN-DATE              PIC 9(11).                      CL**2
   816     05  WS-EP-DT.                                                ELCDTEVR
   817         10  FILLER                  PIC  9(03).                  ELCDTEVR
   818         10  EP-CCYY                 PIC  9(04).                  ELCDTEVR
   819         10  EP-CCYR  REDEFINES  EP-CCYY.                         ELCDTEVR
   820             15  EP-CC               PIC  99.                     ELCDTEVR
   821             15  EP-YR               PIC  99.                     ELCDTEVR
   822         10  EP-MO                   PIC  99.                     ELCDTEVR
   823         10  EP-DA                   PIC  99.                     ELCDTEVR
   824     05  WS-EP-DT-N REDEFINES                                        CL**2
   825            WS-EP-DT                 PIC 9(11).                      CL**2
   826     05  WS-DTE-CONV-DT.                                             CL**4
   827         10  FILLER                  PIC  9(03).                     CL**4
   828         10  DTE-CONV-CCYY           PIC  9(04).                     CL**4
   829         10  DTE-CONV-CCYR  REDEFINES  DTE-CONV-CCYY.                CL**4
   830             15  DTE-CONV-CC         PIC  99.                        CL**4
   831             15  DTE-CONV-YR         PIC  99.                        CL**4
   832         10  DTE-CONV-MO             PIC  99.                        CL**4
   833         10  DTE-CONV-DA             PIC  99.                        CL**4
   834     05  WS-DTE-CONV-DT-N REDEFINES                                  CL**4
   835            WS-DTE-CONV-DT           PIC  9(11).                     CL**4
   836 01  WS-BALANCE-FORWARD-DATE.                                     ELCDTEVR
   837     05  WS-BF-LAST-ACTIVITY-DATE.                                ELCDTEVR
   838         10  FILLER                            PIC 999.           ELCDTEVR
   839         10  BF-ACT-CCYY                       PIC 9(04).         ELCDTEVR
   840         10  BF-ACT-CCYR  REDEFINES  BF-ACT-CCYY.                 ELCDTEVR
   841             15  BF-ACT-CC                     PIC 99.            ELCDTEVR
   842             15  BF-ACT-YEAR                   PIC 99.            ELCDTEVR
   843         10  BF-ACT-MONTH                      PIC 99.            ELCDTEVR
   844         10  BF-ACT-DAY                        PIC 99.            ELCDTEVR
   845     05  WS-BF-LAST-ACTIVITY-DATE-N REDEFINES                        CL**2
   846            WS-BF-LAST-ACTIVITY-DATE           PIC 9(11).            CL**2
   847     05  WS-BF-CURRENT-LAST-STMT-DT.                              ELCDTEVR
   848         10  FILLER                            PIC 999.           ELCDTEVR
   849         10  BF-CURRENT-LAST-STMT-CEN          PIC 99.            ELCDTEVR
   850         10  BF-CURRENT-LAST-STMT-YEAR         PIC 99.            ELCDTEVR
* Micro Focus Server Express         V5.1 revision 000 06-Oct-15 17:18 Page  19
* EL542.cbl (/apps/prod/cid1p/copy/ELCDTEVR)
   851         10  BF-CURRENT-LAST-STMT-MONTH        PIC 99.            ELCDTEVR
   852         10  BF-CURRENT-LAST-STMT-DAY          PIC 99.            ELCDTEVR
   853     05  WS-BF-CURRENT-LAST-STMT-DT-N REDEFINES                      CL**2
   854            WS-BF-CURRENT-LAST-STMT-DT        PIC 9(11).             CL**2
   855 01  WS-ADD-CONF-TRANSACTIONS-DTE.                                ELCDTEVR
   856     05  WS-AC-CERT-EFF-DATE.                                     ELCDTEVR
   857         10  FILLER                            PIC 999.           ELCDTEVR
   858         10  AC-CERT-CCYY                      PIC 9(04).         ELCDTEVR
   859         10  AC-CERT-CCYR  REDEFINES  AC-CERT-CCYY.               ELCDTEVR
   860             15  AC-CERT-CC                    PIC 99.            ELCDTEVR
   861             15  AC-CERT-YR                    PIC 99.            ELCDTEVR
   862         10  AC-CERT-MO                        PIC 99.            ELCDTEVR
   863         10  AC-CERT-DA                        PIC 99.            ELCDTEVR
   864     05  WS-AC-CERT-EFF-DATE-N REDEFINES                             CL**2
   865            WS-AC-CERT-EFF-DATE                PIC 9(11).            CL**2
   866     05  WS-AC-LIFE-CANCEL-DATE.                                  ELCDTEVR
   867         10  FILLER                            PIC 999.           ELCDTEVR
   868         10  AC-LIFE-CANCEL-CCYY               PIC 9(04).         ELCDTEVR
   869         10  AC-LIFE-CANCEL-CCYR REDEFINES AC-LIFE-CANCEL-CCYY.   ELCDTEVR
   870             15  AC-LIFE-CANCEL-CC             PIC 99.            ELCDTEVR
   871             15  AC-LIFE-CANCEL-YR             PIC 99.            ELCDTEVR
   872         10  AC-LIFE-CANCEL-MO                 PIC 99.            ELCDTEVR
   873         10  AC-LIFE-CANCEL-DA                 PIC 99.            ELCDTEVR
   874     05  WS-AC-LIFE-CANCEL-DATE-N REDEFINES                          CL**2
   875            WS-AC-LIFE-CANCEL-DATE             PIC 9(11).            CL**2
   876     05  WS-AC-AH-CANCEL-DATE.                                    ELCDTEVR
   877         10  FILLER                            PIC 999.           ELCDTEVR
   878         10  AC-AH-CANCEL-CCYY                 PIC 9(04).         ELCDTEVR
   879         10  AC-AH-CANCEL-CCYR  REDEFINES  AC-AH-CANCEL-CCYY.     ELCDTEVR
   880             15  AC-AH-CANCEL-CC               PIC 99.            ELCDTEVR
   881             15  AC-AH-CANCEL-YR               PIC 99.            ELCDTEVR
   882         10  AC-AH-CANCEL-MO                   PIC 99.            ELCDTEVR
   883         10  AC-AH-CANCEL-DA                   PIC 99.            ELCDTEVR
   884     05  WS-AC-AH-CANCEL-DATE-N REDEFINES                            CL**2
   885            WS-AC-AH-CANCEL-DATE               PIC 9(11).            CL**2
   886 01  WS-RATE-RECORD.                                              ELCDTEVR
   887         05  WS-RT-EXPIRY-DATE.                                   ELCDTEVR
   888             10  FILLER                        PIC 999.           ELCDTEVR
   889             10  RT-EXP-CCYY                   PIC 9(04).         ELCDTEVR
   890             10  RT-EXP-CCYR  REDEFINES  RT-EXP-CCYY.             ELCDTEVR
   891                 15  RT-EXP-CC                 PIC 99.            ELCDTEVR
   892                 15  RT-EXP-YR                 PIC 99.            ELCDTEVR
   893             10  RT-EXP-MO                     PIC 99.            ELCDTEVR
   894             10  RT-EXP-DA                     PIC 99.            ELCDTEVR
   895         05  WS-RT-EXPIRY-DATE-N REDEFINES                           CL**2
   896                WS-RT-EXPIRY-DATE              PIC 9(11).            CL**2
   897                                                                  EL542
   898 PROCEDURE DIVISION.                                              EL542
   899                                                                  EL542
   900 CAPTURE-START.                                                   EL542
   901     OPEN I-O ERMEBL.                                             EL542
   902                                                                  EL542
   903     IF ERMEBL-FILE-STATUS  = '00' OR '97'                        EL542
   904         NEXT SENTENCE                                            EL542
   905       ELSE
   906         DISPLAY 'OPEN ERROR ON ERMEBL - FILE STATUS IS '
   907                                 ERMEBL-FILE-STATUS               EL542
   908         MOVE 'N'                TO ME-UPDATE-FLAG.               EL542
* Micro Focus Server Express         V5.1 revision 000 06-Oct-15 17:18 Page  20
* EL542.cbl
   909                                                                  EL542
   910 0000-DATE-CARD-READ SECTION.
*                                      COPY ELCDTERX SUPPRESS.          EL542
  1226                                                                  EL542
  1227     MOVE WS-TIME                TO ME-START-TIME.                EL542
  1228     MOVE WS-CURRENT-DATE        TO ME-START-DATE.                EL542
  1229     MOVE ME-START-MO            TO ME-CNDS-MO.                   EL542
  1230     MOVE ME-START-DA            TO ME-CNDS-DA.                   EL542
  1231     MOVE ME-START-YR            TO ME-CNDS-YR.                   EL542
* Micro Focus Server Express         V5.1 revision 000 06-Oct-15 17:18 Page  21
* EL542.cbl
  1233     MOVE 'ME'                   TO ME-RECORD-ID.                 EL542
  1234     MOVE DTE-CLIENT             TO ME-COMPANY.                   EL542
  1235     COMPUTE MONTH-END-MOYR = (RUN-CCYY * 12) + RUN-MO.              CL**3
  1236     MOVE MONTH-END-MOYR         TO ME-MOYR.                      EL542
  1237                                                                  EL542
  1238     IF ME-DO-UPDATE                                              EL542
  1239         READ ERMEBL INVALID KEY                                  EL542
  1240                     PERFORM BUILD-ME-REC.                        EL542
  1241                                                                  EL542
  1242     GO TO 1000-MAIN-LOGIC.                                       EL542
* Micro Focus Server Express         V5.1 revision 000 06-Oct-15 17:18 Page  22
* EL542.cbl
  1244 BUILD-ME-REC.                                                    EL542
  1245     MOVE 1 TO NEW-ME-REC-SW.                                     EL542
  1246     MOVE DTE-CLIENT        TO ME-COMPANY.                        EL542
  1247     MOVE MONTH-END-MOYR    TO ME-MOYR.                           EL542
  1248     MOVE ZEROS             TO ME-010-PREM-L   ME-010-PREM-AH     EL542
  1249                               ME-010-REF-L    ME-010-REF-AH      EL542
  1250                               ME-010-NET-L    ME-010-NET-AH      EL542
  1251                               ME-010-COMM-L   ME-010-COMM-AH     EL542
  1252                               ME-010-PMT-L    ME-010-PMT-AH      EL542
  1253                               ME-010-CERT-IN  ME-010-CERT-OUT    EL542
  1254                               ME-010-DUP-ISS  ME-010-RUN-DT      EL542
  1255*                              ME-010-START    ME-010-END         EL542
  1256                               ME-010-RUN-CT                      EL542
  1257                               ME-018-COMM-y   ME-018-COMM-1      EL542
  1258                               ME-018-Ow-y     ME-018-Ow-1
  1259                               ME-018-RUN-DT
  1260*                              ME-018-START ME-018-END
  1261                               ME-018-RUN-CT
  1262                               ME-019-PREM-L   ME-019-PREM-AH     EL542
  1263                               ME-019-REF-L    ME-019-REF-AH      EL542
  1264                               ME-019-COMM-L   ME-019-COMM-AH     EL542
  1265                               ME-019-OR-L     ME-019-OR-AH       EL542
  1266                               ME-019-RUN-DT
  1267*                              ME-019-START ME-019-END
  1268                               ME-019-RUN-CT
  1269                               ME-030-CLMS-L   ME-030-CLMS-AH     EL542
  1270                               ME-030-RUN-DT
  1271*                              ME-030-START ME-030-END
  1272                               ME-030-RUN-CT
  1273                               ME-032-RESV-L   ME-032-RESV-AH     EL542
  1274                               ME-032-RUN-DT
  1275*                              ME-032-START    ME-032-END
  1276                               ME-032-RUN-CT
  1277                               ME-035-NET-L    ME-035-NET-AH      EL542
  1278                               ME-035-RUN-DT
  1279*                              ME-035-START    ME-035-END
  1280                               ME-035-RUN-CT
  1281                               ME-038-RECS-IN  ME-038-RECS-OUT    EL542
  1282                               ME-038-RUN-DT
  1283*                              ME-038-START    ME-038-END
  1284                               ME-038-RUN-CT
  1285                               ME-048-RECS-IN  ME-048-RECS-OUT    EL542
  1286                               ME-048-RUN-DT   ME-048-START       EL542
  1287                               ME-048-END      ME-048-RUN-CT      EL542
  1288                               ME-041-RETROS   ME-041-RUN-DT      EL542
  1289*                              ME-041-START    ME-041-END         EL542
  1290                               ME-041-RUN-CT   ME-041-REIN-ADJ       CL**2
  1291                               ME-061-PREM     ME-061-COMM        EL542
  1292                               ME-061-OR       ME-061-PY-ADJ      EL542
  1293                               ME-061-COMM-RCALC ME-061-OR-RCALC  EL542
  1294                               ME-061-PREM-RCALC ME-061-RUN-DT    EL542
  1295*                              ME-061-START     ME-061-END        EL542
  1296                               ME-061-RUN-CT                      EL542
  1297                               ME-080-MORT-ERRS ME-080-RUN-DT     EL542
  1298*                              ME-080-START     ME-080-END        EL542
  1299                               ME-080-RUN-CT                      EL542
  1300                               ME-315-RESV-L    ME-315-RESV-AH    EL542
  1301                               ME-315-RUN-DT    ME-315-RUN-CT     EL542
* Micro Focus Server Express         V5.1 revision 000 06-Oct-15 17:18 Page  23
* EL542.cbl
  1302                               ME-331-FLAG      ME-331-RUN-DT     EL542
  1303*                              ME-331-START     ME-331-END        EL542
  1304                               ME-331-RUN-CT                      EL542
  1305                               ME-341-NOT-FOUND ME-341-RUN-DT     EL542
  1306*                              ME-341-START     ME-341-END        EL542
  1307                               ME-341-RUN-CT                      EL542
  1308                               ME-501-FLAG      ME-501-RUN-DT     EL542
  1309                               ME-501-START     ME-501-END        EL542
  1310                               ME-501-RUN-CT                      EL542
  1311                               ME-509-FLAG      ME-509-RUN-DT     EL542
  1312                               ME-509-START     ME-509-END        EL542
  1313                               ME-509-RUN-CT                      EL542
  1314                               ME-050-CERT-IN   ME-050-CERT-OUT   EL542
  1315                               ME-050-RUN-DT
  1316*                              ME-050-START     ME-050-END
  1317                               ME-050-RUN-CT
  1318                               ME-522-PY-ADJ    ME-522-RETROS     EL542
  1319                           ME-522-PROC-CLM-L ME-522-PROC-CLM-AH   EL542
  1320                           ME-522-ALL-CLM-L  ME-522-ALL-CLM-AH    EL542
  1321                           ME-522-PROC-RSV-L ME-522-PROC-RSV-AH   EL542
  1322                           ME-522-ALL-RSV-L  ME-522-ALL-RSV-AH    EL542
  1323                               ME-522-PREM-L    ME-522-PREM-AH    EL542
  1324                               ME-522-REF-L     ME-522-REF-AH     EL542
  1325                               ME-522-RUN-DT    ME-522-START      EL542
  1326                               ME-522-END       ME-522-RUN-CT     EL542
  1327                               ME-524-CLMS-L    ME-524-CLMS-AH    EL542
  1328                               ME-524-RESV-L    ME-524-RESV-AH    EL542
  1329                               ME-524-RUN-DT    ME-524-START      EL542
  1330                               ME-524-END       ME-524-RUN-CT     EL542
  1331                               ME-525-FLAG      ME-525-RUN-DT     EL542
  1332                               ME-525-START     ME-525-END        EL542
  1333                               ME-525-RUN-CT
  1334
  1335                               me-010-mm-prem-tot
  1336                               me-010-mm-tot-clms
  1337                               me-010-mm-tot-resv
  1338                               ME-019-CLMS-L
  1339                               ME-019-CLMS-AH
  1340                               ME-035-COMM-TOT
  1341                               ME-035-CLMS-L
  1342                               ME-035-CLMS-AH
  1343                               ME-041-RECS-IN
  1344                               ME-041-RECS-OUT
  1345                               ME-050-ACT-L
  1346                               ME-050-ACT-AH
  1347                               ME-061-CLMS
  1348                               ME-341-CLMS-L
  1349                               ME-341-CLMS-AH
  1350                               ME-515-CLMS-WRAP
  1351                               ME-515-RESV-WRAP
  1352                               ME-317-CLMS-TOT
  1353                               ME-325-CLMS-TOT
  1354                               ME-020-PREM-TOT
  1355                               ME-020-CLMS-TOT
  1356                               ME-020-RESV-TOT
  1357                               ME-063-OW
  1358                               ME-082-ACT-L
  1359                               ME-082-ACT-AH
* Micro Focus Server Express         V5.1 revision 000 06-Oct-15 17:18 Page  24
* EL542.cbl
  1360                               ME-016-RECS-IN
  1361                               ME-016-RECS-OUT
  1362                               ME-562-PREM-TOT
  1363                               ME-562-COMM-TOT
  1364                               ME-524-CLMS-TOT-CM
  1365                               ME-523-PREM-TOT
  1366                               ME-064-BEG-BAL
  1367                               ME-064-END-BAL
  1368                               me-080-mort-resv
  1369                                                                  EL542
  1370     .
  1371 1000-MAIN-LOGIC SECTION.                                         EL542
  1372                                                                  EL542
  1373     IF ME-DO-UPDATE AND NEW-ME-REC-SW = 1
  1374         WRITE MONTH-END-BALANCES
  1375         DISPLAY 'MONTH-END-BALANCES RECORD WRITTEN '
  1376                             MONTH-END-BALANCES
  1377     ELSE                                                         EL542
  1378         IF ME-DO-UPDATE                                          EL542
  1379             REWRITE MONTH-END-BALANCES
  1380             DISPLAY 'MONTH-END-BALANCES RECORD WRITTEN '
  1381                                 MONTH-END-BALANCES.
  1382                                                                  EL542
  1383     IF ME-DO-UPDATE                                              EL542
  1384           CLOSE ERMEBL.                                          EL542
  1385                                                                  EL542
  1386     GOBACK.                                                      EL542
  1387                                                                  EL542
  1388 ABEND-PGM SECTION.                                               EL542
* 1389     COPY ELCABEND SUPPRESS.                                      EL542
* Micro Focus Server Express         V5.1 revision 000 Compiler
* Copyright (C) Micro Focus IP Development Limited 1984-2012.
*                                                        REF GNR-008065005AF
* Total Messages:     0
* Data:       47288     Code:        4570
