* Micro Focus Server Express         V5.1 revision 000 06-Oct-15 17:19 Page   1
* EL556.cbl
* Options: int("EL556.int") anim csi verbose NOBOUND PARAMCOUNTCHECK
*          directives(cobopt.bth) endp list("EL556.lst")
* Setting: NOACCEPTREFRESH NOADV ALIGN"8" ALPHASTART"1" NOALTER NOAMODE ANIM
*          NOANIMPREP ANS85 APOST NOAREACHECK ARITHMETIC"OSVS" ASSIGN
*          "EXTERNAL" NOASSIGN-PRINTER NOAUTOLOCK NOBELL NOBOUND NOBRIEF
*          NOBS2000 BWZSTAR NOBYTEMODEMOVE CALLFH"ebmlsfile" NOCALLMCS
*          NOCALLRECOVERY CALLSORT"EXTSM" CANCEL CANCELLBR NOCHANGEMESSAGE
*          CHARSET"ASCII" NOCHECKDIV NOCHECKREFMOD NOCICS CICS-CPY
*          NOCICSOPTIMIZE NOCMPR2 NOCOBFSTATCONV NOCOBIDY NOCOBOL370 COBOLDIR
*          NOCOMP COMP-5"2" COMP-6"2" NOCOMS85 CONFIRM NOCONVERTRET CONVSPACE
*          COPYEXT",cbl,cpy" NOCOPYLBR COPYLIST COPYLISTCOMMENT"1" CSI
*          CURRENCY-SIGN"36" CURRENT-DATE"MMDDYY" NODATA DATACOMPRESS"0"
*          NODATA-CONTEXT DATE DBCHECK DBCS"2" NODBCSSOSI DBSPACE DE-EDIT"2"
*          DEFAULTBYTE"32" NODEFAULTCALLS DETECTLOCK NODG DIALECT"MF"
*          NODIRECTIVES-IN-COMMENTS NODOSVS NODPCINSUBSCRIPT DYNAM
*          NOEARLY-RELEASE ECHO NOECHOALL NOEDITOR ENSUITE"0" NOENTCOBOL
*          ERRFORMAT"1" ERRLIST"EMBED" NOERRQ FASTSORT NOFCD3 NOFCDREG
*          NOFDCLEAR NOFILESHARE FILETYPE"0" NOFLAG NOFLAGAS NOFLAGCD
*          NOFLAGEUC NOFLAGMIG NOFLAGQ FLAGSINEDIT NOFLAGSTD NOFOLDCALLNAME
*          NOFOLDCOPYNAME FORM"60" NOFP-ROUNDING NOHOSTARITHMETIC
*          NOHOSTCONTZERO NOHOST-NUMCOMPARE NOHOST-NUMMOVE NOHOSTFD NOHOSTRW
*          NOIBM-MS IBMCOMP IDXFORMAT"0" NOILGEN IMPLICITSCOPE NOINDD
*          INFORETURN"0" NOINITCALL INITPTR INT"EL556.int" INTDATE"ANSI"
*          INTLEVEL"2" IOCONV NOISO2002 NOIXNLSKEY NOIXNUMKEY KEEP-INT
*          KEYCHECK KEYCOMPRESS"0" LIBRARIAN"2" NOLINE-COUNT LIST"EL556.lst"
*          LISTPATH"" LISTWIDTH"80" LITVAL-SIZE"4" LOCKTYPE"0" NOMAPNAME
*          NOMAXERROR METHODDEFAULT"REFERENCE" MF"15" MFCOMMENT NOMOVELENCHECK
*          NOMS NOMVS NATIVE"ASCII" NONATIVEFLOATINGPOINT NONCHAR
*          NONEWBASENAME NONLS NSYMBOL"DBCS" NOODOOSVS NOODOSLIDE
*          NOOLDBLANKLINE NOOLDCOPY NOOLDINDEX NOOLDNEXTSENTENCE NOOLDREADINTO
*          NOOLDSTRMIX OOCTRL"-C-E-G-P+Q+R-S+W" OPTIONAL-FILE NOOS390 OSEXT""
*          NOOSVS NOOUTDD NOP64 NOPANVALET PERFORM-TYPE"OSVS" NOPREPLIST
*          NOPREPROCESS NOPRINT-EXT NOPROFILE NOPROGID-COMMENT
*          NOPROGID-INT-NAME NOPROTECT-LINKAGE PROTOTYPE"RELAXED" QUAL
*          QUALPROC NOQUERY NOQUOTE NORAWLIST NORDW RECMODE"F" NOREENTRANT
*          NOREF NOREFNO REMAINDER"1" REPORT-LINE"256" RESEQ NORETRYLOCK
*          REWRITE-LS NORM RTNCODE-SIZE"4" NORWHARDPAGE NOSAA SEG NOSEQCHK
*          SEQUENTIAL"RECORD" NOSERIAL SETTING"LINE" NOSHAREOUTDD NOSHOW-DIR
*          SIGN"ASCII" NOSIGNDISCARD NOSIGNFIXUP SORTTYPE"DFSORT" SOURCEFORMAT
*          "FIXED" SOURCETABSTOP"8" NOSPZERO NOSSRANGE STDERR NOSTICKY-LINKAGE
*          NOSTICKY-PERFORM SUPFF SWITCHTYPE"1" SYMBSTART"1" SYSPUNCH"132"
*          TERMPAGE TIME NOTRACE NOTRUNC NOTRUNCCALLNAME NOTRUNCCOPY TRUNCINC
*          "10" UNICODE"NATIVE" VERBOSE VSC2"2" WARNING"1" NOWB NOWB2 NOWB3
*          WEBSERVER"CGI" NOWRITELOCK NOWRITETHRU NOXOPEN NOXREF
*          NOZEROLENGTHFALSE NOZEROSEQ NOZWB
     1 ID DIVISION.                                                     09/25/97
     2                                                                  EL556
     3 PROGRAM-ID.                 EL556.                                  LV001
     4*              PROGRAM CONVERTED BY                               EL556
     5*              COBOL CONVERSION AID PO 5785-ABJ                   EL556
     6*              CONVERSION DATE 02/12/96 16:50:21.                 EL556
     7*            PROGRAM REVIEWED FOR YEAR 2000 COMPLIANCE            EL556
     8*                            VMOD=2.004                           EL556
     9                                                                  EL556
    10*AUTHOR.     LOGIC, INC.                                          EL556
    11*            DALLAS, TEXAS.                                       EL556
    12                                                                  EL556
    13*DATE-COMPILED.                                                   EL556
* Micro Focus Server Express         V5.1 revision 000 06-Oct-15 17:19 Page   2
* EL556.cbl
    14                                                                  EL556
    15*SECURITY.   *****************************************************EL556
    16*            *                                                   *EL556
    17*            *   THIS PROGRAM IS THE PROPERTY OF LOGIC, INC.     *EL556
    18*            *                                                   *EL556
    19*            *   USE OF THIS PROGRAM BY OTHER THAN THE EMPLOYEES *EL556
    20*                                                                *EL556
    21*            *   OF LOGIC, INC. IS EXPRESSLY PROHIBITED WITHOUT  *EL556
    22*            *   THE PRIOR WRITTEN PERMISSION OF LOGIC INC.      *EL556
    23*            *                                                   *EL556
    24*            *****************************************************EL556
    25                                                                  EL556
    26*REMARKS. MOVE PRIMARY KEY TO NEW ALT KEY.                        EL556
    27                                                                  EL556
    28 ENVIRONMENT DIVISION.                                            EL556
    29                                                                  EL556
    30 INPUT-OUTPUT SECTION.                                            EL556
    31                                                                  EL556
    32 FILE-CONTROL.                                                    EL556
    33                                                                  EL556
    34     SELECT ERPNDB-FILE      ASSIGN SYS024-FBA1-SYS024            EL556
    35                             ORGANIZATION IS INDEXED              EL556
    36                             ACCESS IS SEQUENTIAL                 EL556
    37                             RECORD KEY IS PB-CONTROL-PRIMARY     EL556
    38                             FILE STATUS IS ERPNDB-STATUS.        EL556
    39                                                                  EL556
* Micro Focus Server Express         V5.1 revision 000 06-Oct-15 17:19 Page   3
* EL556.cbl
    41 DATA DIVISION.                                                   EL556
    42                                                                  EL556
    43 FILE SECTION.                                                    EL556
    44                                                                  EL556
    45 FD  ERPNDB-FILE.                                                 EL556
*   46                            COPY ERCPNDB.                         EL556
    47******************************************************************
    48*                                                                *
    49*                                                                *
    50*                            ERCPNDB.                            *
    51*           COPYBOOK REVIEWED FOR YEAR 2000 COMPLIANCE
    52*                            VMOD=2.025                          *
    53*                                                                *
    54*   FILE DESCRIPTION = PENDING NEW BUSINESS (ISSUES AND CANCELS) *
    55*                                                                *
    56******************************************************************
    57*   NOTE: IF THIS FORMAT IS CHANGED, THE SORT RECORD IN THE      *
    58*         EL861 A/R SYSTEM MAY NEED TO BE CHANGED.               *
    59******************************************************************
    60*                                                                *
    61*                                                                *
    62*   FILE TYPE = VSAM,KSDS                                        *
    63*   RECORD SIZE = 585  RECFORM = FIXED                           *
    64*                                                                *
    65*   BASE CLUSTER = ERPNDB                         RKP=2,LEN=11   *
    66*       ALTERNATE PATH1 = ERPNDB2  (BY CAR GRP STATE ACCOUNT     *
    67*                                  EFF-DT CERT CHG-SEQ REC-TYPE) *
    68*                                                 RKP=13,LEN=36  *
    69*       ALTERNATE PATH2 = ERPNDB3  (BY CO, ORIGINAL BATCH, SEQ.  *
    70*                                      AND CHG-SEQ.)             *
    71*                                                RKP=49,LEN=11   *
    72*       ALTERNATE PATH3 = ERPNDB4  (BY CO, CSR-ID, BATCH, SEQ.   *
    73*                                      AND CHG-SEQ.)             *
    74*                                                RKP=60,LEN=15   *
    75*                                                                *
    76*   LOG = NO                                                     *
    77*   SERVREQ = BROWSE, DELETE, UPDATE, NEWREC                     *
    78******************************************************************
    79******************************************************************
    80*                   C H A N G E   L O G
    81*
    82* CHANGES ARE MARKED BY THE CHANGE EFFECTIVE DATE.
    83*-----------------------------------------------------------------
    84*  CHANGE   CHANGE REQUEST PGMR  DESCRIPTION OF CHANGE
    85* EFFECTIVE    NUMBER
    86*-----------------------------------------------------------------
    87* 122002                   PEMA  ADD MONTHLY PRODUCT PROCESSING
    88* 100703    2003080800002  PEMA  ADD SUPERGAP PROCESSING
    89* 011904                   PEMA  ADD TOTAL FEE PROCESSING
    90* 040504    2003080800002  PEMA  ADD DEALER INCENTIVE PROCESSING
    91* 020305    2005020000000  PEMA  ADD CLP STATE TO PNDB RECORD
    92* 110105    2005071200004  PEMA  INCREASE SIZE OF LOAN OFFICER
    93* 032306                   PEMA  ADD BOW LOAN NUMBER
    94* 081606    2006080800002  PEMA  ADD VIN, ISSUES ONLY
    95* 073107  CR2006051600002  PEMA  ADD OVERCHARGE PROCESSING
    96* 072308  CR2007110500003  PEMA  ADD NH REFUND INTEREST PROCESSING
    97* 090408  CR2008040800002  PEMA  ADD JOINT BIRTH DATE PROCESSING
    98* 032109    2009021700002  PEMA  ADD CRED BENE TO PNDB REC
* Micro Focus Server Express         V5.1 revision 000 06-Oct-15 17:19 Page   4
* EL556.cbl (/apps/prod/cid1p/copy/ERCPNDB)
    99* 072209  CR2008101500003  AJRA  ADD BORROWER FIRST NAME TO ENDORSEMENT
   100* 011410  CR2009050700003  PEMA  ADD SPP DEALER DIRECT
   101* 071211  CR2010012700001  PEMA  ADD SPP DEALER DIRECT
   102* 073114  CR2014012300001  PEMA  ADD CU CARRIER 7 PROCESSING
   103******************************************************************
   104
   105 01  PENDING-BUSINESS.
   106     12  PB-RECORD-ID                     PIC XX.
   107         88  VALID-PB-ID                        VALUE 'PB'.
   108
   109     12  PB-CONTROL-PRIMARY.
   110         16  PB-COMPANY-CD                PIC X.
   111         16  PB-ENTRY-BATCH               PIC X(6).
   112         16  PB-BATCH-SEQ-NO              PIC S9(4)     COMP.
   113         16  PB-BATCH-CHG-SEQ-NO          PIC S9(4)     COMP.
   114
   115     12  PB-CONTROL-BY-ACCOUNT.
   116         16  PB-COMPANY-CD-A1             PIC X.
   117         16  PB-CARRIER                   PIC X.
   118         16  PB-GROUPING.
   119             20  PB-GROUPING-PREFIX       PIC XXX.
   120             20  PB-GROUPING-PRIME        PIC XXX.
   121         16  PB-STATE                     PIC XX.
   122         16  PB-ACCOUNT.
   123             20  PB-ACCOUNT-PREFIX        PIC X(4).
   124             20  PB-ACCOUNT-PRIME         PIC X(6).
   125         16  PB-CERT-EFF-DT               PIC XX.
   126         16  PB-CERT-NO.
   127             20  PB-CERT-PRIME            PIC X(10).
   128             20  PB-CERT-SFX              PIC X.
   129         16  PB-ALT-CHG-SEQ-NO            PIC S9(4)     COMP.
   130
   131         16  PB-RECORD-TYPE               PIC X.
   132             88  PB-MAILING-DATA                VALUE '0'.
   133             88  PB-ISSUE                       VALUE '1'.
   134             88  PB-CANCELLATION                VALUE '2'.
   135             88  PB-BATCH-TRAILER               VALUE '9'.
   136
   137     12  PB-CONTROL-BY-ORIG-BATCH.
   138         16  PB-ORIGINAL-COMPANY-CD       PIC X.
   139         16  PB-ORIGINAL-ENTRY-BATCH      PIC X(6).
   140         16  PB-ORIGINAL-SEQ-NO           PIC S9(4)     COMP.
   141         16  PB-ORIGINAL-CHG-SEQ-NO       PIC S9(4)     COMP.
   142
   143     12  PB-CONTROL-BY-CSR.
   144         16  PB-CSR-COMPANY-CD            PIC X.
   145         16  PB-CSR-ID                    PIC X(4).
   146         16  PB-CSR-ENTRY-BATCH           PIC X(6).
   147         16  PB-CSR-BATCH-SEQ-NO          PIC S9(4)     COMP.
   148         16  PB-CSR-BATCH-CHG-SEQ-NO      PIC S9(4)     COMP.
   149******************************************************************
   150*    MAILING DATA IS PROCESSED IN ONLY PRGS. EL512 & EL513       *
   151******************************************************************
   152
   153     12  PB-LAST-MAINT-DT                 PIC XX.
   154     12  PB-LAST-MAINT-BY                 PIC X(4).
   155     12  PB-LAST-MAINT-HHMMSS             PIC S9(6)     COMP-3.
   156
* Micro Focus Server Express         V5.1 revision 000 06-Oct-15 17:19 Page   5
* EL556.cbl (/apps/prod/cid1p/copy/ERCPNDB)
   157     12  PB-RECORD-BODY                   PIC X(375).
   158
   159     12  PB-ISSUE-RECORD   REDEFINES PB-RECORD-BODY.
   160         16  PB-CERT-ORIGIN               PIC X.
   161             88  CLASIC-CREATED-CERT         VALUE '1'.
   162         16  PB-I-NAME.
   163             20  PB-I-INSURED-LAST-NAME   PIC X(15).
   164             20  PB-I-INSURED-FIRST-NAME.
   165                 24  PB-I-INSURED-1ST-INIT PIC X.
   166                 24  FILLER                PIC X(9).
   167             20  PB-I-INSURED-MIDDLE-INIT PIC X.
   168         16  PB-I-AGE                     PIC S99   COMP-3.
   169         16  PB-I-JOINT-AGE               PIC S99   COMP-3.
   170         16  PB-I-BIRTHDAY                PIC XX.
   171         16  PB-I-INSURED-SEX             PIC X.
   172             88  PB-SEX-MALE     VALUE 'M'.
   173             88  PB-SEX-FEMALE   VALUE 'F'.
   174
   175         16  PB-I-LF-TERM                 PIC S999   COMP-3.
   176         16  PB-I-AH-TERM                 PIC S999   COMP-3.
   177         16  PB-I-LOAN-TERM               PIC S999   COMP-3.
   178         16  PB-I-PAY-FREQUENCY           PIC S99    COMP-3.
   179         16  PB-I-SKIP-CODE               PIC X.
   180             88  PB-NO-MONTHS-SKIPPED      VALUE ' ' '0'.
   181             88  PB-SKIP-JULY              VALUE '1'.
   182             88  PB-SKIP-AUGUST            VALUE '2'.
   183             88  PB-SKIP-SEPTEMBER         VALUE '3'.
   184             88  PB-SKIP-JULY-AUG          VALUE '4'.
   185             88  PB-SKIP-AUG-SEPT          VALUE '5'.
   186             88  PB-SKIP-JULY-AUG-SEPT     VALUE '6'.
   187             88  PB-SKIP-JUNE-JULY-AUG     VALUE '7'.
   188             88  PB-SKIP-JUNE              VALUE '8'.
   189             88  PB-SKIP-JUNE-JULY         VALUE '9'.
   190             88  PB-SKIP-AUG-SEPT-OCT      VALUE 'A'.
   191             88  PB-SKIP-BI-WKLY-3RD-PMT   VALUE 'X'.
   192         16  PB-I-TERM-TYPE               PIC X.
   193             88  PB-PAID-MONTHLY           VALUE ' ' 'M'.
   194             88  PB-PAID-WEEKLY            VALUE 'W'.
   195             88  PB-PAID-SEMI-MONTHLY      VALUE 'S'.
   196             88  PB-PAID-BI-WEEKLY         VALUE 'B'.
   197             88  PB-PAID-13-YEARLY         VALUE 'T'.
   198         16  PB-I-NO-OF-PAYMENTS          PIC S999   COMP-3.
   199         16  PB-I-POLICY-FORM-NO          PIC X(12).
   200         16  PB-I-DATA-ENTRY-SW           PIC X.
   201             88  PB-EFF-DT-PROCESSING      VALUE '1' ' '.
   202             88  PB-EXT-DAYS-PROCESSING    VALUE '2'.
   203             88  PB-EXPIRE-DT-PROCESSING   VALUE '3'.
   204             88  PB-1ST-PMT-DT-PROCESSING  VALUE '4'.
   205         16  PB-I-PAYMENT-AMOUNT          PIC S9(7)V99  COMP-3.
   206         16  PB-I-DCC-OVER-CHG-AMT        PIC S9(5)V99  COMP-3.
   207*        16  PB-I-MICROFILM-NO            PIC S9(9)      COMP-3.
   208         16  PB-I-AH-CLP                  PIC S9(5)V99 COMP-3.
   209         16  FILLER                       PIC X.
   210
   211         16  PB-I-LIFE-BENEFIT-CD         PIC XX.
   212             88  PB-VALID-LIFE               VALUE '01' THRU '89'.
   213             88  PB-INVALID-LIFE             VALUE '  ' '00'
   214                                                   '90' THRU '99'.
* Micro Focus Server Express         V5.1 revision 000 06-Oct-15 17:19 Page   6
* EL556.cbl (/apps/prod/cid1p/copy/ERCPNDB)
   215         16  PB-I-LF-BENEFIT-CD   REDEFINES PB-I-LIFE-BENEFIT-CD
   216                                          PIC XX.
   217         16  PB-I-LF-BENEFIT-AMT          PIC S9(9)V99   COMP-3.
   218         16  PB-I-AMOUNT-FINANCED REDEFINES
   219                  PB-I-LF-BENEFIT-AMT     PIC S9(9)V99   COMP-3.
   220         16  PB-I-LF-ALT-BENEFIT-AMT      PIC S9(9)V99   COMP-3.
   221         16  PB-I-UNPAID-CASH-PRICE REDEFINES
   222                  PB-I-LF-ALT-BENEFIT-AMT PIC S9(9)V99   COMP-3.
   223         16  PB-I-LF-PREMIUM-AMT          PIC S9(7)V99   COMP-3.
   224         16  PB-I-LF-ALT-PREMIUM-AMT      PIC S9(7)V99   COMP-3.
   225         16  PB-I-CLP-AMOUNT REDEFINES
   226                  PB-I-LF-ALT-PREMIUM-AMT PIC S9(7)V99   COMP-3.
   227         16  PB-I-LF-CALC-FLAG            PIC X.
   228             88 PB-COMP-LF-PREM               VALUE '?'.
   229         16  PB-I-LF-PREM-CALC            PIC S9(7)V99   COMP-3.
   230         16  PB-I-LF-ALT-PREM-CALC        PIC S9(7)V99   COMP-3.
   231         16  PB-I-LF-RATE                 PIC S99V9(5)   COMP-3.
   232         16  PB-I-LF-ALT-RATE             PIC S99V9(5)   COMP-3.
   233         16  PB-I-LF-POLICY-FEE           PIC S9(3)V99   COMP-3.
   234         16  PB-I-LF-REI-RATE             PIC S99V9(5)   COMP-3.
   235         16  PB-I-LF-ALT-REI-RATE         PIC S99V9(5)   COMP-3.
   236         16  PB-I-LF-ABBR                 PIC XXX.
   237         16  PB-I-LF-INPUT-CD             PIC XX.
   238
   239         16  PB-I-AH-BENEFIT-CD           PIC XX.
   240             88  PB-VALID-AH                 VALUE '01' THRU '89'.
   241             88  PB-INVALID-AH               VALUE '  ' '00'
   242                                                   '90' THRU '99'.
   243         16  PB-I-AH-BENEFIT-AMT          PIC S9(7)V99   COMP-3.
   244         16  PB-I-AH-PREMIUM-AMT          PIC S9(7)V99   COMP-3.
   245         16  PB-I-AH-CALC-FLAG            PIC X.
   246             88 PB-COMP-AH-PREM                  VALUE '?'.
   247         16  PB-I-AH-PREM-CALC            PIC S9(7)V99   COMP-3.
   248         16  PB-I-AH-RATE                 PIC S99V9(5)   COMP-3.
   249         16  PB-I-AH-POLICY-FEE           PIC S9(3)V99   COMP-3.
   250         16  PB-I-AH-REI-RATE             PIC S99V9(5)   COMP-3.
   251         16  PB-I-AH-RATE-TRM             PIC S999       COMP-3.
   252         16  PB-I-AH-ABBR                 PIC XXX.
   253         16  PB-I-AH-INPUT-CD             PIC XXX.
   254
   255         16  PB-I-SPECIAL-REIN-CODE       PIC X.
   256         16  PB-I-REIN-TABLE              PIC XXX.
   257         16  PB-I-BUSINESS-TYPE           PIC 99.
   258         16  PB-I-INDV-GRP-CD             PIC X.
   259         16  PB-I-MORT-CODE.
   260             20  PB-I-TABLE               PIC X.
   261             20  PB-I-INTEREST            PIC XX.
   262             20  PB-I-MORT-TYP            PIC X.
   263         16  PB-I-LF-CRIT-PER             PIC S9(3)      COMP-3.
   264         16  PB-I-AH-CRIT-PER             PIC S9(3)      COMP-3.
   265         16  PB-I-LF-CLP                  PIC S9(5)V99   COMP-3.
   266         16  PB-I-INDV-GRP-OVRD           PIC X.
   267         16  PB-I-RATE-CLASS-OVRD         PIC XX.
   268         16  PB-I-SIG-SW                  PIC X.
   269             88  PB-POLICY-SIGNED             VALUE 'Y'.
   270         16  PB-I-RATE-CLASS              PIC XX.
   271         16  PB-I-RATE-DEVIATION-LF       PIC XXX.
   272         16  PB-I-RATE-DEVIATION-AH       PIC XXX.
* Micro Focus Server Express         V5.1 revision 000 06-Oct-15 17:19 Page   7
* EL556.cbl (/apps/prod/cid1p/copy/ERCPNDB)
   273         16  PB-I-RATE-DEV-PCT-LF         PIC S9V9(6)    COMP-3.
   274         16  PB-I-RATE-DEV-PCT-AH         PIC S9V9(6)    COMP-3.
   275         16  PB-I-LIFE-COMMISSION         PIC SV9(5)     COMP-3.
   276         16  PB-I-JOINT-COMMISSION        PIC SV9(5)     COMP-3.
   277         16  PB-I-AH-COMMISSION           PIC SV9(5)     COMP-3.
   278         16  PB-I-BENEFIT-TYPE            PIC XXX.
   279         16  PB-I-OB-FLAG                 PIC X.
   280             88  PB-I-OB                      VALUE 'B'.
   281             88  PB-I-SUMMARY                 VALUE 'Z'.
   282         16  PB-I-ENTRY-STATUS            PIC X.
   283             88  PB-I-POLICY-IS-ACTIVE        VALUE '1' '3' '4'
   284                                              'M' '5' '9' '2'.
   285             88  PB-I-NORMAL-ENTRY            VALUE '1'.
   286             88  PB-I-POLICY-PENDING          VALUE '2'.
   287             88  PB-I-CONVERSION-ENTRY        VALUE '4'.
   288             88  PB-I-POLICY-IS-REISSUE       VALUE '5'.
   289             88  PB-I-POLICY-IS-CASH          VALUE 'C'.
   290             88  PB-I-POLICY-IS-MONTHLY       VALUE 'M'.
   291             88  PB-I-REIN-ONLY               VALUE '9'.
   292             88  PB-I-POLICY-IS-DECLINED      VALUE 'D'.
   293             88  PB-I-POLICY-IS-VOIDED        VALUE 'V'.
   294             88  PB-I-PREM-ACCTNG-ONLY        VALUE 'P'.
   295             88  PB-I-UNDERWRITE-POLICY       VALUE 'U'.
   296         16  PB-I-INT-CODE                PIC X.
   297             88  PB-ADD-ON-INTEREST           VALUE 'A'.
   298             88  PB-SIMPLE-INTEREST           VALUE 'S'.
   299         16  PB-I-LOAN-APR                PIC 9(3)V9(4)   COMP-3.
   300         16  PB-I-SOC-SEC-NO              PIC X(11).
   301         16  PB-I-MEMBER-NO               PIC X(12).
   302         16  PB-I-CURR-SEQ                PIC S9(4)       COMP.
   303*        16  PB-I-LOAN-OFFICER            PIC XXX.
   304         16  PB-I-OLD-LOF                 PIC XXX.
   305         16  PB-I-LF-EXPIRE-DT            PIC XX.
   306         16  PB-I-AH-EXPIRE-DT            PIC XX.
   307         16  PB-I-EXTENTION-DAYS          PIC S999        COMP-3.
   308         16  PB-I-TERM-IN-DAYS            PIC S9(5)       COMP-3.
   309         16  PB-I-LIFE-INDICATOR          PIC X.
   310             88  PB-I-JOINT-COVERAGE         VALUE 'J'.
   311         16  PB-I-LIVES                   PIC S9(7)       COMP-3.
   312         16  PB-I-DDF-IU-RATE-UP REDEFINES PB-I-LIVES
   313                                          PIC S9(5)V99    COMP-3.
   314         16  PB-I-MAIL-ADDRS-SW           PIC X.
   315             88 PB-I-MAIL-ADDRS-NOT-PRESENT  VALUE ' '.
   316             88 PB-I-MAIL-ADDRS-PRESENT      VALUE '1'.
   317         16  PB-I-1ST-PMT-DT              PIC XX.
   318         16  PB-I-JOINT-INSURED.
   319             20 PB-I-JOINT-LAST-NAME      PIC X(15).
   320             20 PB-I-JOINT-FIRST-NAME.
   321                24  PB-I-JOINT-FIRST-INIT PIC X.
   322                24  FILLER                PIC X(9).
   323             20 PB-I-JOINT-MIDDLE-INIT    PIC X.
   324*        16  PB-I-BENEFICIARY-NAME        PIC X(25).
   325         16  PB-I-BENEFICIARY-NAME.
   326             20  PB-I-BANK-NUMBER         PIC X(10).
   327             20  FILLER                   PIC X(15).
   328         16  PB-I-LAST-ADD-ON-DT          PIC XX.
   329         16  PB-I-REFERENCE               PIC X(12).
   330         16  FILLER REDEFINES PB-I-REFERENCE.
* Micro Focus Server Express         V5.1 revision 000 06-Oct-15 17:19 Page   8
* EL556.cbl (/apps/prod/cid1p/copy/ERCPNDB)
   331             20  PB-I-TOT-FEES            PIC S9(7)V99 COMP-3.
   332             20  PB-I-TOT-FEES-CALC       PIC S9(7)V99 COMP-3.
   333             20  PB-I-CLP-STATE           PIC XX.
   334         16  PB-I-UNDERWRITING-STATUS     PIC X.
   335             88  PB-I-POLICY-ACCEPTED         VALUE 'A' 'N'.
   336             88  PB-I-POLICY-DECLINED         VALUE 'D'.
   337             88  PB-I-NEEDS-UNDERWRITING      VALUE 'U'.
   338         16  PB-I-STATE-TAX               PIC S9(7)V99 COMP-3.
   339         16  PB-I-MUNI-TAX                PIC S9(7)V99 COMP-3.
   340         16  PB-I-RESIDENT-STATE          PIC XX.
   341         16  PB-I-RATE-CODE               PIC X(4).
   342         16  PB-I-NUM-BILLED              PIC S9(7)    COMP-3.
   343         16  PB-I-LF-PREM-TAX             PIC S9V9(4)  COMP-3.
   344         16  PB-I-AH-PREM-TAX             PIC S9V9(4)  COMP-3.
   345         16  PB-I-BANK-FEE                PIC S999V99  COMP-3.
   346         16  PB-I-BANK-NOCHRGB            PIC 99.
   347         16  PB-I-ADDL-CLP                PIC S9(5)V99 COMP-3.
   348         16  PB-I-JOINT-BIRTHDAY          PIC XX.
   349
   350     12  PB-CANCEL-RECORD   REDEFINES PB-RECORD-BODY.
   351         16  PB-C-LF-CANCEL-VOID-SW       PIC X.
   352             88  PB-C-LF-CANCEL-VOIDED        VALUE '1'.
   353         16  PB-C-CANCEL-ORIGIN           PIC X.
   354             88  PB-C-CLAIM-CREATED-CANCEL   VALUE '1'.
   355         16  PB-C-LF-CANCEL-DT            PIC XX.
   356         16  PB-C-LF-CANCEL-AMT           PIC S9(7)V99    COMP-3.
   357         16  PB-C-LF-CALC-REQ             PIC X.
   358             88 PB-COMP-LF-CANCEL            VALUE '?'.
   359         16  PB-C-LF-REF-CALC             PIC S9(7)V99    COMP-3.
   360         16  PB-C-LF-REM-TERM             PIC S9(3)       COMP-3.
   361         16  PB-C-AH-CANCEL-VOID-SW       PIC X.
   362             88  PB-C-AH-CANCEL-VOIDED        VALUE '1'.
   363         16  PB-C-AH-CANCEL-DT            PIC XX.
   364         16  PB-C-AH-CANCEL-AMT           PIC S9(7)V99    COMP-3.
   365         16  PB-C-AH-CALC-REQ             PIC X.
   366             88 PB-COMP-AH-CANCEL            VALUE '?'.
   367         16  PB-C-AH-REF-CALC             PIC S9(7)V99    COMP-3.
   368         16  PB-C-AH-REM-TERM             PIC S9(3)       COMP-3.
   369         16  PB-C-LAST-NAME               PIC X(15).
   370         16  PB-C-REFUND-SW               PIC X.
   371             88  PB-C-REFUND-CREATED          VALUE 'Y'.
   372             88  PB-C-REFUND-REQUESTED        VALUE 'R'.
   373         16  PB-C-LIVES                   PIC S9(3)       COMP-3.
   374         16  PB-C-PAYEE-CODE              PIC X(6).
   375         16  PB-C-LF-REFUND-OVERRIDE      PIC X.
   376         16  PB-C-AH-REFUND-OVERRIDE      PIC X.
   377         16  PB-C-LF-COMM-CHARGEBACK      PIC X.
   378         16  PB-C-AH-COMM-CHARGEBACK      PIC X.
   379         16  PB-C-REFERENCE               PIC X(12).
   380         16  PB-C-LF-PREM-TAX             PIC S9V9(4)  COMP-3.
   381         16  PB-C-AH-PREM-TAX             PIC S9V9(4)  COMP-3.
   382         16  PB-C-POST-CARD-IND           PIC X.
   383         16  PB-C-CANCEL-REASON           PIC X.
   384         16  PB-C-REF-INTERFACE-SW        PIC X.
   385         16  PB-C-LF-RFND-CLP             PIC S9(5)V99 COMP-3.
   386         16  PB-C-AH-RFND-CLP             PIC S9(5)V99 COMP-3.
   387         16  FILLER                       PIC X(01).
   388*        16  FILLER                       PIC X(18).
* Micro Focus Server Express         V5.1 revision 000 06-Oct-15 17:19 Page   9
* EL556.cbl (/apps/prod/cid1p/copy/ERCPNDB)
   389         16  PB-C-POLICY-FORM-NO          PIC X(12).
   390*        16  PB-C-MICROFILM-NO            PIC S9(9)      COMP-3.
   391         16  PB-C-NH-INT-ON-REFS          PIC S9(7)V99   COMP-3.
   392         16  PB-CANCELED-CERT-DATA.
   393             20  PB-CI-INSURED-NAME.
   394                 24  PB-CI-LAST-NAME      PIC X(15).
   395                 24  PB-CI-INITIALS       PIC XX.
   396             20  PB-CI-INSURED-AGE        PIC S99         COMP-3.
   397             20  PB-CI-INSURED-SEX        PIC X.
   398             20  PB-CI-LF-TERM            PIC S999        COMP-3.
   399             20  PB-CI-LF-BENEFIT-CD      PIC XX.
   400             20  PB-CI-LF-BENEFIT-AMT     PIC S9(9)V99    COMP-3.
   401             20  PB-CI-LF-ALT-BENEFIT-AMT PIC S9(9)V99    COMP-3.
   402             20  PB-CI-LF-PREMIUM-AMT     PIC S9(7)V99    COMP-3.
   403             20  PB-CI-LF-ALT-PREMIUM-AMT PIC S9(7)V99    COMP-3.
   404             20  PB-CI-AH-TERM            PIC S999        COMP-3.
   405             20  PB-CI-AH-BENEFIT-CD      PIC XX.
   406             20  PB-CI-AH-BENEFIT-AMT     PIC S9(7)V99    COMP-3.
   407             20  PB-CI-AH-PREMIUM-AMT     PIC S9(7)V99    COMP-3.
   408             20  PB-CI-RATE-CLASS         PIC XX.
   409             20  PB-CI-RATE-DEV-LF        PIC XXX.
   410             20  PB-CI-RATE-DEV-AH        PIC XXX.
   411             20  PB-CI-RATE-DEV-PCT-LF    PIC S9V9(6)     COMP-3.
   412             20  PB-CI-RATE-DEV-PCT-AH    PIC S9V9(6)     COMP-3.
   413             20  PB-CI-LIFE-COMMISSION    PIC SV9(5)      COMP-3.
   414             20  PB-CI-AH-COMMISSION      PIC SV9(5)      COMP-3.
   415             20  PB-CI-LF-ABBR            PIC X(3).
   416             20  PB-CI-AH-ABBR            PIC X(3).
   417             20  PB-CI-OB-FLAG            PIC X.
   418                 88  PB-CI-OB                VALUE 'B'.
   419             20  PB-CI-LF-POLICY-STATUS   PIC X.
   420                 88  PB-CI-LF-POLICY-IS-ACTIVE       VALUE '1' '3'
   421                                           'M' '4' '5' '9' '2'.
   422                 88  PB-CI-LF-NORMAL-ENTRY           VALUE '1'.
   423                 88  PB-CI-LF-POLICY-PENDING         VALUE '2'.
   424                 88  PB-CI-LF-POLICY-IS-RESTORE      VALUE '3'.
   425                 88  PB-CI-LF-CONVERSION-ENTRY       VALUE '4'.
   426                 88  PB-CI-LF-POLICY-IS-REISSUE      VALUE '5'.
   427                 88  PB-CI-LF-POLICY-IS-CASH         VALUE 'C'.
   428                 88  PB-CI-LF-POLICY-IS-MONTHLY      VALUE 'M'.
   429                 88  PB-CI-LF-LUMP-SUM-DISAB         VALUE '6'.
   430                 88  PB-CI-LF-DEATH-CLAIM-APPLIED    VALUE '7'.
   431                 88  PB-CI-LF-CANCEL-APPLIED         VALUE '8'.
   432                 88  PB-CI-LF-REIN-ONLY              VALUE '9'.
   433                 88  PB-CI-LF-POLICY-IS-DECLINED     VALUE 'D'.
   434                 88  PB-CI-LF-POLICY-IS-VOID         VALUE 'V'.
   435             20  PB-CI-AH-POLICY-STATUS   PIC X.
   436                 88  PB-CI-AH-POLICY-IS-ACTIVE       VALUE '1' '3'
   437                                           'M' '4' '5' '9' '2'.
   438                 88  PB-CI-AH-NORMAL-ENTRY           VALUE '1'.
   439                 88  PB-CI-AH-POLICY-PENDING         VALUE '2'.
   440                 88  PB-CI-AH-POLICY-IS-RESTORE      VALUE '3'.
   441                 88  PB-CI-AH-CONVERSION-ENTRY       VALUE '4'.
   442                 88  PB-CI-AH-POLICY-IS-REISSUE      VALUE '5'.
   443                 88  PB-CI-AH-POLICY-IS-CASH         VALUE 'C'.
   444                 88  PB-CI-AH-POLICY-IS-MONTHLY      VALUE 'M'.
   445                 88  PB-CI-AH-LUMP-SUM-DISAB         VALUE '6'.
   446                 88  PB-CI-AH-DEATH-CLAIM-APPLIED    VALUE '7'.
* Micro Focus Server Express         V5.1 revision 000 06-Oct-15 17:19 Page  10
* EL556.cbl (/apps/prod/cid1p/copy/ERCPNDB)
   447                 88  PB-CI-AH-CANCEL-APPLIED         VALUE '8'.
   448                 88  PB-CI-AH-REIN-ONLY              VALUE '9'.
   449                 88  PB-CI-AH-POLICY-IS-DECLINED     VALUE 'D'.
   450                 88  PB-CI-AH-POLICY-IS-VOID         VALUE 'V'.
   451             20  PB-CI-PAY-FREQUENCY      PIC 99.
   452             20  PB-CI-LOAN-APR           PIC 9(3)V9(4)   COMP-3.
   453             20  PB-CI-SOC-SEC-NO         PIC X(11).
   454             20  PB-CI-MEMBER-NO          PIC X(12).
   455             20  PB-CI-INT-CODE           PIC X.
   456                 88  PB-CI-ADD-ON                  VALUE 'A'.
   457                 88  PB-CI-SIMPLE                  VALUE 'S'.
   458             20  PB-CI-LOAN-TERM          PIC S999        COMP-3.
   459             20  PB-CI-LOAN-1ST-PMT-DT    PIC X(2).
   460             20  PB-CI-COMP-EXCP-SW       PIC X.
   461                 88  PB-CI-NO-COMP-EXCP            VALUE ' '.
   462                 88  PB-CI-CERT-HAS-ERCOMM-ENTRY   VALUE '1'.
   463             20  PB-CI-ENTRY-STATUS       PIC X.
   464             20  PB-CI-CURR-SEQ           PIC S9(4)       COMP.
   465             20  PB-CI-AH-PAID-THRU-DT    PIC XX.
   466             20  PB-CI-AH-SETTLEMENT-DT   PIC XX.
   467             20  PB-CI-DEATH-DT           PIC XX.
   468             20  PB-CI-LF-PRIOR-CANCEL-DT PIC XX.
   469             20  PB-CI-AH-PRIOR-CANCEL-DT PIC XX.
   470             20  PB-CI-AH-CANCEL-AMT      PIC S9(7)V99    COMP-3.
   471             20  PB-CI-LF-CANCEL-AMT      PIC S9(7)V99    COMP-3.
   472             20  PB-CI-CREDIT-INTERFACE-SW-1 PIC X.
   473             20  PB-CI-CREDIT-INTERFACE-SW-2 PIC X.
   474             20  PB-CI-ENTRY-DT              PIC XX.
   475             20  PB-CI-ENTRY-BATCH           PIC X(6).
   476             20  PB-CI-LF-EXPIRE-DT          PIC XX.
   477             20  PB-CI-AH-EXPIRE-DT          PIC XX.
   478             20  PB-CI-EXTENTION-DAYS        PIC S999     COMP-3.
   479             20  PB-CI-TERM-IN-DAYS          PIC S9(5)    COMP-3.
   480             20  PB-CI-OLD-LOF               PIC XXX.
   481*            20  PB-CI-LOAN-OFFICER          PIC XXX.
   482             20  PB-CI-LIVES                 PIC S9(3)    COMP-3.
   483             20  PB-CI-LF-CRIT-PER           PIC S9(3)    COMP-3.
   484             20  PB-CI-AH-CRIT-PER           PIC S9(3)    COMP-3.
   485             20  PB-CI-INDV-GRP-CD           PIC X.
   486             20  PB-CI-BENEFICIARY-NAME.
   487                 24  PB-CI-BANK-NUMBER       PIC X(10).
   488                 24  FILLER                  PIC X(15).
   489             20  PB-CI-NOTE-SW               PIC X.
   490             20  PB-CI-CANCEL-FEE            PIC S9(3)V99 COMP-3.
   491             20  PB-CI-MUNI-TAX              PIC S9(7)V99 COMP-3.
   492             20  PB-CI-STATE-TAX             PIC S9(7)V99 COMP-3.
   493             20  PB-CI-ADDL-CLP              PIC S9(5)V99 COMP-3.
   494             20  PB-CI-LOAN-OFFICER          PIC X(5).
   495             20  PB-CI-BOW-LOAN-NUMBER       PIC X(14).
   496             20  PB-CI-FIRST-NAME            PIC X(10).
   497             20  PB-CI-DDF-IU-RATE-UP        PIC S9(5)V99 COMP-3.
   498
   499         16  FILLER                       PIC X(13).
   500*032306  16  FILLER                       PIC X(27).
   501*        16  FILLER                       PIC X(46).
   502
   503     12  PB-MAIL-RECORD    REDEFINES PB-RECORD-BODY.
   504         16  FILLER                       PIC X(10).
* Micro Focus Server Express         V5.1 revision 000 06-Oct-15 17:19 Page  11
* EL556.cbl (/apps/prod/cid1p/copy/ERCPNDB)
   505         16  PB-M-INSURED-LAST-NAME       PIC X(15).
   506         16  PB-M-INSURED-FIRST-NAME      PIC X(10).
   507         16  PB-M-INSURED-MID-INIT        PIC X.
   508         16  PB-M-INSURED-AGE             PIC 99.
   509         16  PB-M-INSURED-BIRTHDAY        PIC XX.
   510         16  PB-M-INSURED-SEX             PIC X.
   511         16  PB-M-INSURED-SOC-SEC-NO      PIC X(11).
   512         16  PB-M-INSURED-ADDRESS-1       PIC X(30).
   513         16  PB-M-INSURED-ADDRESS-2       PIC X(30).
   514         16  PB-M-INSURED-CITY-STATE.
   515             20  PB-M-INSURED-CITY        PIC X(28).
   516             20  PB-M-INSURED-STATE       PIC XX.
   517         16  PB-M-INSURED-ZIP-CODE.
   518             20  PB-M-INSURED-ZIP-PRIME.
   519                 24  PB-M-INSURED-ZIP-1   PIC X.
   520                     88  PB-M-CANADIAN-POST-CODE
   521                                             VALUE 'A' THRU 'Z'.
   522                 24  FILLER               PIC X(4).
   523             20  PB-M-INSURED-ZIP-PLUS4   PIC X(4).
   524         16  PB-M-INSURED-CANADIAN-ZIP  REDEFINES
   525                                        PB-M-INSURED-ZIP-CODE.
   526             20  PM-M-INS-CAN-POST1       PIC XXX.
   527             20  PM-M-INS-CAN-POST2       PIC XXX.
   528             20  FILLER                   PIC XXX.
   529         16  PB-M-INSURED-PHONE-NO        PIC 9(10).
   530         16  PB-M-JOINT-BIRTHDAY          PIC XX.
   531         16  PB-M-CRED-BENE-NAME          PIC X(30).
   532         16  PB-M-CRED-BENE-ADDR1         PIC X(30).
   533         16  PB-M-CRED-BENE-ADDR2         PIC X(30).
   534         16  PB-M-CRED-BENE-CITYST.
   535             20  PB-M-CRED-BENE-CITY      PIC X(28).
   536             20  PB-M-CRED-BENE-STATE     PIC XX.
   537
   538         16  FILLER                       PIC X(92).
   539
   540     12  PB-BATCH-RECORD   REDEFINES PB-RECORD-BODY.
   541         16  FILLER                       PIC X(10).
   542         16  PB-B-LF-ISS-PRM-REMITTED     PIC S9(9)V99 COMP-3.
   543         16  PB-B-LF-ISS-PRM-ENTERED      PIC S9(9)V99 COMP-3.
   544         16  PB-B-LF-ISS-PRM-COMPUTED     PIC S9(9)V99 COMP-3.
   545         16  PB-B-LF-CAN-PRM-REMITTED     PIC S9(9)V99 COMP-3.
   546         16  PB-B-LF-CAN-PRM-ENTERED      PIC S9(9)V99 COMP-3.
   547         16  PB-B-LF-CAN-PRM-COMPUTED     PIC S9(9)V99 COMP-3.
   548         16  PB-B-AH-ISS-PRM-REMITTED     PIC S9(9)V99 COMP-3.
   549         16  PB-B-AH-ISS-PRM-ENTERED      PIC S9(9)V99 COMP-3.
   550         16  PB-B-AH-ISS-PRM-COMPUTED     PIC S9(9)V99 COMP-3.
   551         16  PB-B-AH-CAN-PRM-REMITTED     PIC S9(9)V99 COMP-3.
   552         16  PB-B-AH-CAN-PRM-ENTERED      PIC S9(9)V99 COMP-3.
   553         16  PB-B-AH-CAN-PRM-COMPUTED     PIC S9(9)V99 COMP-3.
   554         16  PB-B-ISSUE-CNT-REMITTED      PIC S9(5)    COMP-3.
   555         16  PB-B-ISSUE-CNT-ENTERED       PIC S9(5)    COMP-3.
   556         16  PB-B-CANCEL-CNT-REMITTED     PIC S9(5)    COMP-3.
   557         16  PB-B-CANCEL-CNT-ENTERED      PIC S9(5)    COMP-3.
   558         16  PB-B-HIGHEST-SEQ-NO          PIC S9(4)    COMP.
   559         16  PB-ACCOUNT-NAME              PIC X(30).
   560         16  PB-PREM-REF-RPT-FLAG         PIC X.
   561         16  PB-REFERENCE                 PIC X(12).
   562         16  PB-B-RECEIVED-DT             PIC XX.
* Micro Focus Server Express         V5.1 revision 000 06-Oct-15 17:19 Page  12
* EL556.cbl (/apps/prod/cid1p/copy/ERCPNDB)
   563         16  FILLER                       PIC X(234).
   564
   565     12  PB-RECORD-STATUS.
   566         16  PB-CREDIT-SELECT-DT          PIC XX.
   567         16  PB-CREDIT-ACCEPT-DT          PIC XX.
   568         16  PB-BILLED-DT                 PIC XX.
   569         16  PB-BILLING-STATUS            PIC X.
   570             88  PB-ENTRY-REVERSED            VALUE 'R'.
   571             88  PB-EL860-INTERNAL-ERROR      VALUE 'E'.
   572             88  PB-EL860-INTERNAL-PROCESS    VALUE 'P'.
   573         16  PB-RECORD-BILL               PIC X.
   574             88  PB-RECORD-ON-HOLD            VALUE 'H'.
   575             88  PB-RECORD-RETURNED           VALUE 'R'.
   576             88  PB-RECORD-ENDORSED           VALUE 'E'.
   577             88  PB-OVERRIDE-LIFE             VALUE 'L'.
   578             88  PB-OVERRIDE-AH               VALUE 'A'.
   579             88  PB-OVERRIDE-BOTH             VALUE 'B'.
   580         16  PB-BATCH-ENTRY               PIC X.
   581             88  PB-POLICY-IS-DECLINED        VALUE 'D'.
   582             88  PB-REIN-ONLY-CERT            VALUE 'R'.
   583             88  PB-REISSUED-CERT             VALUE 'E'.
   584             88  PB-CASH-CERT                 VALUE 'C'.
   585             88  PB-MONTHLY-CERT              VALUE 'M'.
   586             88  PB-PREM-ACCTNG-ONLY          VALUE 'P'.
   587             88  PB-NEEDS-UNDERWRITING        VALUE 'U'.
   588             88  PB-POLICY-IS-VOIDED          VALUE 'V'.
   589         16  PB-FORCE-CODE                PIC X.
   590             88  PB-FORCE-OFF                 VALUE ' ' '0'.
   591             88  PB-ISSUE-FORCE               VALUE 'A' 'O'.
   592             88  PB-CANCEL-FORCE              VALUE '8'.
   593             88  PB-ALL-ISSUE-FORCED          VALUE 'A' 'O'.
   594             88  PB-ALL-CANCEL-FORCED         VALUE '8'.
   595             88  PB-ALL-CANCEL-FORCED-NO-FEE  VALUE '9'.
   596             88  PB-CANCEL-DATE-FORCED        VALUE 'D'.
   597             88  PB-CANCEL-DATE-FORCED-NO-FEE VALUE 'E'.
   598             88  PB-ISSUE-DATE-FORCED         VALUE 'D'.
   599             88  PB-OVERCHARGE-FORCE          VALUE 'O'.
   600         16  PB-FATAL-FLAG                PIC X.
   601             88  PB-FATAL-ERRORS              VALUE 'X'.
   602         16  PB-FORCE-ER-CD               PIC X.
   603             88  PB-FORCE-ERRORS              VALUE 'F'.
   604             88  PB-UNFORCED-ERRORS           VALUE 'X'.
   605         16  PB-WARN-ER-CD                PIC X.
   606             88  PB-WARNING-ERRORS            VALUE 'W'.
   607         16  FILLER                       PIC X.
   608         16  PB-OUT-BAL-CD                PIC X.
   609             88  PB-OUT-OF-BAL                VALUE 'O'.
   610         16  PB-LIFE-OVERRIDE-L1          PIC X.
   611         16  PB-AH-OVERRIDE-L1            PIC X.
   612         16  PB-INPUT-DT                  PIC XX.
   613         16  PB-INPUT-BY                  PIC X(4).
   614         16  PB-CHG-COUNT                 PIC 9(3)        COMP-3.
   615         16  PB-CALC-TOLERANCE            PIC 9(3)V99     COMP-3.
   616         16  PB-TOLERANCE-REJECT-SW       PIC X.
   617         16  PB-LF-EARNING-METHOD         PIC X.
   618         16  PB-AH-EARNING-METHOD         PIC X.
   619         16  PB-LF-TERM-CALC-METHOD       PIC X.
   620         16  PB-AH-TERM-CALC-METHOD       PIC X.
* Micro Focus Server Express         V5.1 revision 000 06-Oct-15 17:19 Page  13
* EL556.cbl (/apps/prod/cid1p/copy/ERCPNDB)
   621         16  PB-REIN-CD                   PIC XXX.
   622         16  PB-LF-REFUND-TYPE            PIC X.
   623         16  PB-AH-REFUND-TYPE            PIC X.
   624         16  PB-ACCT-EFF-DT               PIC XX.
   625         16  PB-ACCT-EXP-DT               PIC XX.
   626         16  PB-COMPANY-ID                PIC X(3).
   627         16  PB-LF-BILLED-AMTS            PIC S9(7)V99  COMP-3.
   628         16  PB-AH-BILLED-AMTS            PIC S9(7)V99  COMP-3.
   629         16  PB-SV-CARRIER                PIC X.
   630         16  PB-SV-GROUPING               PIC X(6).
   631         16  PB-SV-STATE                  PIC XX.
   632         16  PB-CONFIRMATION-REPT-DT      PIC XX.
   633         16  PB-GA-BILLING-INFO.
   634             20  PB-GA-BILL-DT OCCURS 5 TIMES
   635                                          PIC XX.
   636         16  PB-SV-REMIT-TO  REDEFINES
   637             PB-GA-BILLING-INFO           PIC X(10).
   638         16  PB-NO-OF-ERRORS              PIC S9(3) COMP-3.
   639         16  PB-I-LOAN-OFFICER            PIC X(5).
   640         16  PB-I-VIN                     PIC X(17).
   641
   642         16  FILLER                       PIC X(04).
   643         16  IMNET-BYPASS-SW              PIC X.
   644
   645******************************************************************
   646*                COMMON EDIT ERRORS                              *
   647******************************************************************
   648
   649     12  PB-COMMON-ERRORS.
   650         16  PB-COMMON-ERROR    OCCURS 10 TIMES
   651                                           PIC S9(4)     COMP.
   652
   653******************************************************************
* Micro Focus Server Express         V5.1 revision 000 06-Oct-15 17:19 Page  14
* EL556.cbl
   655 WORKING-STORAGE SECTION.                                         EL556
   656 01  LCP-ABND-CODE                 PIC S999 COMP VALUE +519.      EL556
   657                                                                  EL556
   658 77  FILLER  PIC X(32)  VALUE '********************************'. EL556
   659 77  FILLER  PIC X(32)  VALUE '* EL556  WORKING STORAGE       *'. EL556
   660 77  FILLER  PIC X(32)  VALUE '*******VMOD=2.004 **************'. EL556
   661                                                                  EL556
   662 77  ERPNDB-STATUS        PIC XX        VALUE 'ZZ'.               EL556
   663 77  WS-TOT-REWRITTEN     PIC S9(7)     COMP-3  VALUE +0.         EL556
   664 77  WS-TOT-READ          PIC S9(7)     COMP-3  VALUE +0.         EL556
   665 77  WS-SUB               PIC S99       COMP-3  VALUE +0.         EL556
   666 77  WS-ZERO              PIC S9        COMP-3  VALUE +0.         EL556
   667 77  WS-RETURN-CODE       PIC S999      COMP-3  VALUE +0.         EL556
   668 77  WS-ABEND-MESSAGE     PIC X(80)             VALUE SPACES.     EL556
   669 77  WS-ABEND-FILE-STATUS PIC XX                VALUE ZERO.       EL556
   670                                                                  EL556
* Micro Focus Server Express         V5.1 revision 000 06-Oct-15 17:19 Page  15
* EL556.cbl
   672 PROCEDURE DIVISION.                                              EL556
   673                                                                  EL556
   674 0100-OPEN-FILES.                                                 EL556
   675     OPEN I-O   ERPNDB-FILE.                                      EL556
   676                                                                  EL556
   677     IF ERPNDB-STATUS NOT = ZERO AND '97'                         EL556
   678         MOVE ERPNDB-STATUS     TO WS-ABEND-FILE-STATUS           EL556
   679         MOVE 'VSAM OPEN ERROR - PNDB FILE' TO WS-ABEND-MESSAGE   EL556
   680         GO TO 9900-ABEND-RTN.                                    EL556
   681                                                                  EL556
   682 0300-PROCESS-PNDB-FILE.                                          EL556
   683     MOVE LOW-VALUES TO PB-CONTROL-PRIMARY.                       EL556
   684                                                                  EL556
   685     START ERPNDB-FILE                                            EL556
   686          KEY IS GREATER THAN PB-CONTROL-PRIMARY.                 EL556
   687                                                                  EL556
   688     IF ERPNDB-STATUS NOT = ZERO                                  EL556
   689         MOVE ERPNDB-STATUS TO WS-ABEND-FILE-STATUS               EL556
   690         MOVE 'VSAM START ERROR - PNDB FILE' TO WS-ABEND-MESSAGE  EL556
   691         GO TO 9900-ABEND-RTN.                                    EL556
   692                                                                  EL556
   693 0400-READ-PNDB-FILE.                                             EL556
   694     READ ERPNDB-FILE NEXT.                                       EL556
   695                                                                  EL556
   696     IF ERPNDB-STATUS = '10'                                      EL556
   697         GO TO 0500-END-OF-JOB.                                   EL556
   698                                                                  EL556
   699     IF ERPNDB-STATUS NOT = ZERO                                  EL556
   700         MOVE ERPNDB-STATUS TO WS-ABEND-FILE-STATUS               EL556
   701         MOVE 'VSAM READ ERROR - PNDB FILE' TO WS-ABEND-MESSAGE   EL556
   702         GO TO 9900-ABEND-RTN.                                    EL556
   703                                                                  EL556
   704     ADD +1 TO WS-TOT-READ.                                       EL556
   705                                                                  EL556
   706     MOVE PB-CONTROL-PRIMARY    TO PB-CONTROL-BY-ORIG-BATCH.      EL556
   707                                                                  EL556
   708 0470-REWRITE.                                                    EL556
   709     REWRITE PENDING-BUSINESS.                                    EL556
   710                                                                  EL556
   711     IF ERPNDB-STATUS NOT = ZERO                                  EL556
   712         MOVE ERPNDB-STATUS TO WS-ABEND-FILE-STATUS               EL556
   713         MOVE 'VSAM REWRITE ERROR- PNDB FILE' TO WS-ABEND-MESSAGE EL556
   714         GO TO 9900-ABEND-RTN.                                    EL556
   715                                                                  EL556
   716     ADD +1 TO WS-TOT-REWRITTEN.                                  EL556
   717                                                                  EL556
   718     GO TO 0400-READ-PNDB-FILE.                                   EL556
   719                                                                  EL556
   720 0500-END-OF-JOB.                                                 EL556
   721     DISPLAY WS-TOT-REWRITTEN.                                    EL556
   722     DISPLAY WS-TOT-READ.                                         EL556
   723                                                                  EL556
   724     CLOSE  ERPNDB-FILE.                                          EL556
   725                                                                  EL556
   726     GOBACK.                                                      EL556
   727                                                                  EL556
   728 9900-ABEND-RTN.                                                  EL556
*  729        COPY ELCABEND.                                            EL556
* Micro Focus Server Express         V5.1 revision 000 06-Oct-15 17:19 Page  16
* EL556.cbl (/apps/prod/cid1p/copy/ELCABEND)
   730***************************************************************** 04/14/98
   731*                                                               * ELCABEND
   732*                            ELCABEND.                          *    LV003
   733*           COPYBOOK REVIEWED FOR YEAR 2000 COMPLIANCE               CL**3
   734*                            VMOD 2.002                              CL**2
   735*                                                               * ELCABEND
   736*                THIS SECTION DISPLAYS THE NECESSARY MESSAGES   * ELCABEND
   737*            AND THEN ABENDS.                                   * ELCABEND
   738*                                                               * ELCABEND
   739*  NO  CID  MODS  IN  COPYBOOK  ELCABEND                        * ELCABEND
   740*                                                               * ELCABEND
   741***************************************************************** ELCABEND
   742*APS-010.                                                         ELCABEND
   743     DISPLAY WS-ABEND-MESSAGE.                                    ELCABEND
   744     DISPLAY WS-ABEND-MESSAGE UPON CONSOLE.                       ELCABEND
   745                                                                  ELCABEND
   746     IF WS-ABEND-FILE-STATUS NOT = ZERO                           ELCABEND
   747         DISPLAY 'FILE STATUS = ' WS-ABEND-FILE-STATUS            ELCABEND
   748         DISPLAY 'FILE STATUS = ' WS-ABEND-FILE-STATUS            ELCABEND
   749                                 UPON CONSOLE.                    ELCABEND
   750                                                                  ELCABEND
   751     IF WS-RETURN-CODE NOT = ZERO                                 ELCABEND
   752         DISPLAY 'RETURN CODE = '  WS-RETURN-CODE                 ELCABEND
   753         DISPLAY 'RETURN CODE = '  WS-RETURN-CODE                 ELCABEND
   754                                 UPON CONSOLE.                    ELCABEND
   755                                                                  ELCABEND
   756     DISPLAY 'PROGRAM WILL NOW ABEND **************'              ELCABEND
   757     DISPLAY 'PROGRAM WILL NOW ABEND **************'              ELCABEND
   758                                 UPON CONSOLE.                    ELCABEND
   759                                                                  ELCABEND
   760     DIVIDE WS-ZERO BY WS-ZERO GIVING WS-ZERO.                    ELCABEND
   761     CALL 'ABORTME'.
   762                                                                  ELCABEND
   763 APS-EXIT.                                                        ELCABEND
   764     EXIT.                                                        ELCABEND
* Micro Focus Server Express         V5.1 revision 000 Compiler
* Copyright (C) Micro Focus IP Development Limited 1984-2012.
*                                                        REF GNR-008065005AF
* Total Messages:     0
* Data:        1840     Code:         895
