* Micro Focus Server Express         V5.1 revision 000 06-Oct-15 17:19 Page   1
* EPECFX1.cbl
* Options: int("EPECFX1.int") anim csi verbose NOBOUND PARAMCOUNTCHECK
*          directives(cobopt.bth) endp list("EPECFX1.lst")
* Setting: NOACCEPTREFRESH NOADV ALIGN"8" ALPHASTART"1" NOALTER NOAMODE ANIM
*          NOANIMPREP ANS85 APOST NOAREACHECK ARITHMETIC"OSVS" ASSIGN
*          "EXTERNAL" NOASSIGN-PRINTER NOAUTOLOCK NOBELL NOBOUND NOBRIEF
*          NOBS2000 BWZSTAR NOBYTEMODEMOVE CALLFH"ebmlsfile" NOCALLMCS
*          NOCALLRECOVERY CALLSORT"EXTSM" CANCEL CANCELLBR NOCHANGEMESSAGE
*          CHARSET"ASCII" NOCHECKDIV NOCHECKREFMOD NOCICS CICS-CPY
*          NOCICSOPTIMIZE NOCMPR2 NOCOBFSTATCONV NOCOBIDY NOCOBOL370 COBOLDIR
*          NOCOMP COMP-5"2" COMP-6"2" NOCOMS85 CONFIRM NOCONVERTRET CONVSPACE
*          COPYEXT",cbl,cpy" NOCOPYLBR COPYLIST COPYLISTCOMMENT"1" CSI
*          CURRENCY-SIGN"36" CURRENT-DATE"MMDDYY" NODATA DATACOMPRESS"0"
*          NODATA-CONTEXT DATE DBCHECK DBCS"2" NODBCSSOSI DBSPACE DE-EDIT"2"
*          DEFAULTBYTE"32" NODEFAULTCALLS DETECTLOCK NODG DIALECT"MF"
*          NODIRECTIVES-IN-COMMENTS NODOSVS NODPCINSUBSCRIPT DYNAM
*          NOEARLY-RELEASE ECHO NOECHOALL NOEDITOR ENSUITE"0" NOENTCOBOL
*          ERRFORMAT"1" ERRLIST"EMBED" NOERRQ FASTSORT NOFCD3 NOFCDREG
*          NOFDCLEAR NOFILESHARE FILETYPE"0" NOFLAG NOFLAGAS NOFLAGCD
*          NOFLAGEUC NOFLAGMIG NOFLAGQ FLAGSINEDIT NOFLAGSTD NOFOLDCALLNAME
*          NOFOLDCOPYNAME FORM"60" NOFP-ROUNDING NOHOSTARITHMETIC
*          NOHOSTCONTZERO NOHOST-NUMCOMPARE NOHOST-NUMMOVE NOHOSTFD NOHOSTRW
*          NOIBM-MS IBMCOMP IDXFORMAT"0" NOILGEN IMPLICITSCOPE NOINDD
*          INFORETURN"0" NOINITCALL INITPTR INT"EPECFX1.int" INTDATE"ANSI"
*          INTLEVEL"2" IOCONV NOISO2002 NOIXNLSKEY NOIXNUMKEY KEEP-INT
*          KEYCHECK KEYCOMPRESS"0" LIBRARIAN"2" NOLINE-COUNT LIST"EPECFX1.lst"
*          LISTPATH"" LISTWIDTH"80" LITVAL-SIZE"4" LOCKTYPE"0" NOMAPNAME
*          NOMAXERROR METHODDEFAULT"REFERENCE" MF"15" MFCOMMENT NOMOVELENCHECK
*          NOMS NOMVS NATIVE"ASCII" NONATIVEFLOATINGPOINT NONCHAR
*          NONEWBASENAME NONLS NSYMBOL"DBCS" NOODOOSVS NOODOSLIDE
*          NOOLDBLANKLINE NOOLDCOPY NOOLDINDEX NOOLDNEXTSENTENCE NOOLDREADINTO
*          NOOLDSTRMIX OOCTRL"-C-E-G-P+Q+R-S+W" OPTIONAL-FILE NOOS390 OSEXT""
*          NOOSVS NOOUTDD NOP64 NOPANVALET PERFORM-TYPE"OSVS" NOPREPLIST
*          NOPREPROCESS NOPRINT-EXT NOPROFILE NOPROGID-COMMENT
*          NOPROGID-INT-NAME NOPROTECT-LINKAGE PROTOTYPE"RELAXED" QUAL
*          QUALPROC NOQUERY NOQUOTE NORAWLIST NORDW RECMODE"F" NOREENTRANT
*          NOREF NOREFNO REMAINDER"1" REPORT-LINE"256" RESEQ NORETRYLOCK
*          REWRITE-LS NORM RTNCODE-SIZE"4" NORWHARDPAGE NOSAA SEG NOSEQCHK
*          SEQUENTIAL"RECORD" NOSERIAL SETTING"LINE" NOSHAREOUTDD NOSHOW-DIR
*          SIGN"ASCII" NOSIGNDISCARD NOSIGNFIXUP SORTTYPE"DFSORT" SOURCEFORMAT
*          "FIXED" SOURCETABSTOP"8" NOSPZERO NOSSRANGE STDERR NOSTICKY-LINKAGE
*          NOSTICKY-PERFORM SUPFF SWITCHTYPE"1" SYMBSTART"1" SYSPUNCH"132"
*          TERMPAGE TIME NOTRACE NOTRUNC NOTRUNCCALLNAME NOTRUNCCOPY TRUNCINC
*          "10" UNICODE"NATIVE" VERBOSE VSC2"2" WARNING"1" NOWB NOWB2 NOWB3
*          WEBSERVER"CGI" NOWRITELOCK NOWRITETHRU NOXOPEN NOXREF
*          NOZEROLENGTHFALSE NOZEROSEQ NOZWB
     1 IDENTIFICATION DIVISION.
     2 PROGRAM-ID. EPECFX1.
     3 DATE-COMPILED. 06-Oct-15 17:19.
     4 ENVIRONMENT DIVISION.
     5 INPUT-OUTPUT SECTION.
     6 FILE-CONTROL.
     7     SELECT  EPEC-IN             ASSIGN TO SYS010.
     8     SELECT  EPEC-OUT            ASSIGN TO SYS011.
* Micro Focus Server Express         V5.1 revision 000 06-Oct-15 17:19 Page   2
* EPECFX1.cbl
    10 DATA DIVISION.
    11 FILE SECTION.
    12
    13 FD  EPEC-IN
    14     RECORDING MODE F
    15     LABEL RECORDS STANDARD
    16     BLOCK CONTAINS 0 RECORDS.
    17
*   18                                 COPY ECSEPC01.
    19******************************************************************
    20*                                                                *
    21*                            ECSEPC01                            *
    22*           COPYBOOK REVIEWED FOR YEAR 2000 COMPLIANCE
    23*                            VMOD=2.008                          *
    24*                                                                *
    25*   FILE DESCRIPTION =  EARNED PREM / EARNED COMM  (E.P.E.C.)    *
    26*                                                                *
    27*   FILE TYPE = SEQUENTIAL                                       *
    28*   RECORD SIZE = 325  RECFORM = FIXED                           *
    29*                                                                *
    30*   KEY DATA =                                  START=5, LEN=31  *
    31*                                                                *
    32*  NO  CID  MODS  IN  COPYBOOK  ECSEPC01                         *
    33*                                                                *
    34******************************************************************
    35
    36 01  EP-RECORD.
    37     02 EP-FILE.
    38     12  EP-RECORD-ID                      PIC XX.
    39         88  VALID-EP-ID                      VALUE 'EP'.
    40
    41     12  EP-COMPANY-CD                     PIC X.
    42
    43     12  EP-REIN                           PIC X.
    44         88  EP-REIN-EXTRACT                  VALUE 'R'.
    45
    46     12  EP-CONTROL.
    47         16  EP-CNTRL-1.
    48             20  EP-COMPANY.
    49                 24  EP-CARRIER            PIC X.
    50                 24  EP-GROUPING.
    51                     28  EP-GROUP-PREFIX   PIC XXX.
    52                     28  EP-GROUP-PRIME    PIC XXX.
    53             20  EP-STATE                  PIC XX.
    54             20  EP-ACCOUNT.
    55                 24  EP-ACCT-PREFIX        PIC X(4).
    56                 24  EP-ACCT-PRIME         PIC X(6).
    57         16  EP-CNTRL-2.
    58             20  EP-DATES.
    59                 24  EP-EXP-DTE            PIC 9(11)   COMP-3.
    60                 24  EP-EFF-DTE            PIC 9(11)   COMP-3.
    61
    62     12  EP-REI-CO.
    63         16  EP-REINCO                     PIC XXX.
    64         16  EP-REINCO-SUB                 PIC XXX.
    65
    66     12  EP-RCD-TYPE                       PIC X.
    67         88  EP-BEN-TYPE-LIFE                 VALUE 'L'.
* Micro Focus Server Express         V5.1 revision 000 06-Oct-15 17:19 Page   3
* EPECFX1.cbl (/apps/prod/cid1p/copy/ECSEPC01)
    68         88  EP-BEN-TYPE-AH                   VALUE 'A'.
    69         88  EP-BEN-TYPE-PROPERTY             VALUE 'P'.
    70         88  EP-BEN-TYPE-UNEMPLOYMENT         VALUE 'U'.
    71         88  EP-BEN-TYPE-DISMEMBURMENT        VALUE 'D'.
    72         88  EP-BEN-TYPE-AD-D                 VALUE 'E'.
    73     12  EP-BEN-CODE                       PIC XX.
    74     12  FILLER                            PIC X.
    75
    76     12  EP-ISS-CNT                        PIC S9(7)      COMP-3.
    77     12  EP-ISS-BEN                        PIC S9(11)V99  COMP-3.
    78     12  EP-ISS-BEN-GROSS                  PIC S9(11)V99  COMP-3.
    79
    80     12  EP-CNC-CNT                        PIC S9(7)      COMP-3.
    81     12  EP-CNC-BEN                        PIC S9(11)V99  COMP-3.
    82     12  EP-CNC-BEN-GROSS                  PIC S9(11)V99  COMP-3.
    83
    84     12  EP-ISS-PRM                        PIC S9(9)V99   COMP-3.
    85     12  EP-ISS-PRM-GROSS                  PIC S9(9)V99   COMP-3.
    86     12  EP-CNC-PRM                        PIC S9(9)V99   COMP-3.
    87     12  EP-CNC-PRM-GROSS                  PIC S9(9)V99   COMP-3.
    88
    89     12  EP-PRM-78                         PIC S9(9)V99   COMP-3.
    90     12  EP-PRM-PR                         PIC S9(9)V99   COMP-3.
    91     12  EP-PRM-ST                         PIC S9(9)V99   COMP-3.
    92
    93     12  EP-CLM-AMT                        PIC S9(9)V99   COMP-3.
    94     12  EP-CLM-CNT                        PIC S9(7)      COMP-3.
    95     12  EP-CLM-CRT                        PIC S9(7)      COMP-3.
    96
    97     12  EP-CLM-DU                         PIC S9(7)V99   COMP-3.
    98     12  EP-CLM-PV                         PIC S9(7)V99   COMP-3.
    99     12  EP-CLM-IBNR                       PIC S9(7)V99   COMP-3.
   100     12  EP-LOSS-RESV                      PIC S9(7)V99   COMP-3.
   101     12  EP-CLAIM-ADJ                      PIC S9(7)V99   COMP-3.
   102
   103     12  EP-RETRO-EXPENSES                 PIC S9(7)V99   COMP-3.
   104     12  EP-RETRO-PAYMENTS                 PIC S9(7)V99   COMP-3.
   105     12  EP-RETRO-OTH-COMM                 PIC S9(7)V99   COMP-3.
   106
   107     12  EP-MORT-RESV                      PIC S9(11)V9(6) COMP-3.
   108     12  EP-IN-FORCE                       PIC S9(11)V99   COMP-3.
   109     12  EP-ADJUST                         PIC S9(7)V99    COMP-3.
   110
   111     12  EP-SPECIFIC-OPT-RSV-FIELDS.
   112         16  EP-LIFE-YEARS                 PIC S9(9)      COMP-3.
   113         16  EP-NEW-DATA-IND               PIC X(01).
   114             88  EP-NEW-DATA                   VALUE 'Y'.
   115         16  EP-CLM-EXP                    PIC S9(9)V99   COMP-3.
   116         16  FILLER                        PIC X(19).
   117
   118     12  EP-PRM-78-ADJ                     PIC S9(9)V99   COMP-3.
   119     12  EP-PRM-PR-ADJ                     PIC S9(9)V99   COMP-3.
   120     12  EP-PRM-ST-ADJ                     PIC S9(9)V99   COMP-3.
   121
   122     12  FILLER                            PIC XXX.
   123
   124     12  EP-UNDERWRITING-CODE              PIC X.
   125         88  EP-UNDERWRITTEN-DATA             VALUE 'Y'.
* Micro Focus Server Express         V5.1 revision 000 06-Oct-15 17:19 Page   4
* EPECFX1.cbl (/apps/prod/cid1p/copy/ECSEPC01)
   126
   127     12  EP-PRM-TAX                        PIC S9(7)V99   COMP-3.
   128
   129     12  FILLER                            PIC X(29).
   130*    12  FILLER                            PIC X(34).
   131
   132     12  EP-AVG-AGE                        PIC S9(3)      COMP-3.
   133     12  EP-AVG-ORIG-TERM                  PIC S9(3)      COMP-3.
   134     12  EP-WEIGHTED-AGE                   PIC S9(3)      COMP-3.
   135     12  EP-WEIGHTED-ORIG-TERM             PIC S9(3)      COMP-3.
   136     12  EP-AVG-REM-TERM                   PIC S9(3)      COMP-3.
   137     12  EP-INFORCE-CNT                    PIC S9(9)      COMP-3.
   138
   139     12  EP-HI-COV-DT                      PIC 9(11)      COMP-3.
   140
   141     12  EP-HI-CERT                        PIC 9(11)      COMP-3.
   142     12  EP-LO-CERT                        PIC 9(11)      COMP-3.
   143
   144     12  EP-PURGE                          PIC X.
   145         88  EP-DATA-FROM-PURGED-CERTS        VALUE 'P'.
   146
   147     12  EP-RUN-DTE                        PIC 9(11)      COMP-3.
   148
   149     02 EC-RECORD     REDEFINES     EP-FILE.
   150     12  EC-RECORD-ID                      PIC XX.
   151         88  VALID-EC-ID                      VALUE 'EC'.
   152
   153     12  EC-COMPANY-CD                     PIC X.
   154
   155     12  EC-REIN                           PIC X.
   156         88  EC-REIN-EXTRACT                  VALUE 'R'.
   157
   158     12  EC-CONTROL.
   159         16  EC-CARRIER                    PIC X.
   160         16  EC-GROUPING.
   161             20  EC-GROUP-PREFIX           PIC XXX.
   162             20  EC-GROUP-PRIME            PIC XXX.
   163         16  EC-STATE                      PIC XX.
   164         16  EC-ACCOUNT.
   165             20  EC-ACCT-PREFIX            PIC X(4).
   166             20  EC-ACCT-PRIME             PIC X(6).
   167         16  EC-DATES.
   168             20  EC-EXP-DTE                PIC 9(11)    COMP-3.
   169             20  EC-EFF-DTE                PIC 9(11)    COMP-3.
   170
   171     12  EC-REI-CO.
   172         16  EC-REINCO                     PIC XXX.
   173         16  EC-REINCO-SUB                 PIC XXX.
   174
   175     12  EC-RCD-TYPE                       PIC X.
   176         88  EC-BEN-TYPE-LIFE                 VALUE 'L'.
   177         88  EC-BEN-TYPE-AH                   VALUE 'A'.
   178         88  EC-BEN-TYPE-PROPERTY             VALUE 'P'.
   179         88  EC-BEN-TYPE-UNEMPLOYMENT         VALUE 'U'.
   180         88  EC-BEN-TYPE-DISMEMBURMENT        VALUE 'D'.
   181     12  EC-BEN-CODE                       PIC XX.
   182     12  EC-SEQ-NBR                        PIC X.
   183         88  EC-COMP-LEVELS-1-5               VALUE '1'.
* Micro Focus Server Express         V5.1 revision 000 06-Oct-15 17:19 Page   5
* EPECFX1.cbl (/apps/prod/cid1p/copy/ECSEPC01)
   184         88  EC-COMP-LEVELS-6-10              VALUE '2'.
   185
   186     12  EC-AGENTS-DATA.
   187         16  EC-AGENTS-LEVEL     OCCURS   5   TIMES.
   188             20  EC-AGT-NO.
   189                 24  EC-AGT-PREFIX         PIC X(4).
   190                 24  EC-AGT-PRIME          PIC X(6).
   191             20  EC-AGT-TYPE               PIC X.
   192             20  EC-ISS-COMM               PIC S9(9)V99   COMP-3.
   193             20  EC-CNC-COMM               PIC S9(9)V99   COMP-3.
   194             20  EC-COMM-78                PIC S9(9)V99   COMP-3.
   195             20  EC-COMM-PR                PIC S9(9)V99   COMP-3.
   196             20  EC-COMM-ST                PIC S9(9)V99   COMP-3.
   197
   198     12  EC-UNDERWRITING-CODE              PIC X.
   199         88  EC-UNDERWRITTEN-DATA             VALUE 'Y'.
   200
   201     12  EC-AGENTS-DATA-II.
   202         16  EC-AGENTS-LEVEL-II  OCCURS   5   TIMES.
   203             20  EC-COMM-78-ADJ            PIC S9(9)V99   COMP-3.
   204             20  EC-COMM-PR-ADJ            PIC S9(9)V99   COMP-3.
   205
   206     12  FILLER                            PIC X(7).
   207
   208     12  EC-PURGE                          PIC X.
   209         88  EC-DATA-FROM-PURGED-CERTS        VALUE 'P'.
   210
   211     12  EC-RUN-DTE                        PIC 9(11)     COMP-3.
   212
   213******************************************************************
   214
   215 FD  EPEC-OUT
   216     RECORDING MODE F
   217     LABEL RECORDS STANDARD
   218     BLOCK CONTAINS 0 RECORDS.
   219 01  EPEC-RECORD                 PIC X(325).
* Micro Focus Server Express         V5.1 revision 000 06-Oct-15 17:19 Page   6
* EPECFX1.cbl
   221 WORKING-STORAGE SECTION.
   222 77  FILLER  PIC X(32) VALUE '********************************'.
   223 77  FILLER  PIC X(32) VALUE '   PEMEPC1  WORKING-STORAGE     '.
   224 77  FILLER  PIC X(32) VALUE '*********** VMOD=2.001. ********'.
   225
   226 77  WS-EOF-SW                   PIC X VALUE SPACES.
   227     88  END-OF-EPEC               VALUE 'Y'.
   228 77  WS-DROP-SW                  PIC X VALUE SPACES.
   229     88  DROP-EPEC                 VALUE 'Y'.
   230 77  EPEC-RECS-IN                PIC 9(9) VALUE ZEROS.
   231 77  EPEC-RECS-OUT               PIC 9(9) VALUE ZEROS.
   232 77  EPEC-RECS-DEL               PIC 9(9) VALUE ZEROS.
   233
   234 PROCEDURE DIVISION.
   235
   236 0000-MAIN.
   237
   238     PERFORM 0400-OPEN-FILES     THRU 0400-EXIT
   239
   240     PERFORM 0600-INITIALIZE     THRU 0600-EXIT
   241
   242     PERFORM 0100-PROCESS-EPEC   THRU 0100-EXIT UNTIL
   243           END-OF-EPEC
   244
   245     PERFORM 0500-CLOSE-FILES    THRU 0500-EXIT
   246
   247     DISPLAY ' EPEC RECORDS READ    ' EPEC-RECS-IN
   248     DISPLAY ' EPEC RECORDS WRITTEN ' EPEC-RECS-OUT
   249     DISPLAY ' EPEC RECORDS DROPPED ' EPEC-RECS-DEL
   250     GOBACK
   251      .
   252 0100-PROCESS-EPEC.
   253
   254     PERFORM 0300-WRITE-EPEC     THRU 0300-EXIT
   255
   256     IF (EP-RUN-DTE = 20030228)
   257        MOVE 20030331            TO EP-RUN-DTE
   258        PERFORM 0300-WRITE-EPEC  THRU 0300-EXIT
   259     END-IF
   260
   261     PERFORM 0200-READ-EPEC      THRU 0200-EXIT
   262
   263     .
   264
   265 0100-EXIT.
   266     EXIT.
   267
   268 0200-READ-EPEC.
   269
   270     READ EPEC-IN AT END
   271          SET END-OF-EPEC        TO TRUE
   272     END-READ
   273
   274     IF NOT END-OF-EPEC
   275        ADD 1                    TO EPEC-RECS-IN
   276     END-IF
   277
   278     .
* Micro Focus Server Express         V5.1 revision 000 06-Oct-15 17:19 Page   7
* EPECFX1.cbl
   279
   280 0200-EXIT.
   281     EXIT.
   282
   283 0300-WRITE-EPEC.
   284
   285     WRITE EPEC-RECORD           FROM EP-RECORD
   286     ADD 1                       TO EPEC-RECS-OUT
   287
   288     .
   289
   290 0300-EXIT.
   291     EXIT.
   292
   293 0400-OPEN-FILES.
   294
   295     OPEN INPUT EPEC-IN
   296         OUTPUT EPEC-OUT
   297
   298     .
   299
   300 0400-EXIT.
   301     EXIT.
   302
   303 0500-CLOSE-FILES.
   304
   305     CLOSE EPEC-IN EPEC-OUT
   306
   307     .
   308
   309 0500-EXIT.
   310     EXIT.
   311
   312 0600-INITIALIZE.
   313
   314     PERFORM 0200-READ-EPEC      THRU 0200-EXIT
   315
   316     .
   317
   318 0600-EXIT.
   319     EXIT.
   320
* Micro Focus Server Express         V5.1 revision 000 Compiler
* Copyright (C) Micro Focus IP Development Limited 1984-2012.
*                                                        REF GNR-008065005AF
* Total Messages:     0
* Data:        2208     Code:         684
