* Micro Focus Server Express         V5.1 revision 000 06-Oct-15 17:19 Page   1
* FNB076.cbl
* Options: int("FNB076.int") anim csi verbose NOBOUND PARAMCOUNTCHECK
*          directives(cobopt.bth) endp list("FNB076.lst")
* Setting: NOACCEPTREFRESH NOADV ALIGN"8" ALPHASTART"1" NOALTER NOAMODE ANIM
*          NOANIMPREP ANS85 APOST NOAREACHECK ARITHMETIC"OSVS" ASSIGN
*          "EXTERNAL" NOASSIGN-PRINTER NOAUTOLOCK NOBELL NOBOUND NOBRIEF
*          NOBS2000 BWZSTAR NOBYTEMODEMOVE CALLFH"ebmlsfile" NOCALLMCS
*          NOCALLRECOVERY CALLSORT"EXTSM" CANCEL CANCELLBR NOCHANGEMESSAGE
*          CHARSET"ASCII" NOCHECKDIV NOCHECKREFMOD NOCICS CICS-CPY
*          NOCICSOPTIMIZE NOCMPR2 NOCOBFSTATCONV NOCOBIDY NOCOBOL370 COBOLDIR
*          NOCOMP COMP-5"2" COMP-6"2" NOCOMS85 CONFIRM NOCONVERTRET CONVSPACE
*          COPYEXT",cbl,cpy" NOCOPYLBR COPYLIST COPYLISTCOMMENT"1" CSI
*          CURRENCY-SIGN"36" CURRENT-DATE"MMDDYY" NODATA DATACOMPRESS"0"
*          NODATA-CONTEXT DATE DBCHECK DBCS"2" NODBCSSOSI DBSPACE DE-EDIT"2"
*          DEFAULTBYTE"32" NODEFAULTCALLS DETECTLOCK NODG DIALECT"MF"
*          NODIRECTIVES-IN-COMMENTS NODOSVS NODPCINSUBSCRIPT DYNAM
*          NOEARLY-RELEASE ECHO NOECHOALL NOEDITOR ENSUITE"0" NOENTCOBOL
*          ERRFORMAT"1" ERRLIST"EMBED" NOERRQ FASTSORT NOFCD3 NOFCDREG
*          NOFDCLEAR NOFILESHARE FILETYPE"0" NOFLAG NOFLAGAS NOFLAGCD
*          NOFLAGEUC NOFLAGMIG NOFLAGQ FLAGSINEDIT NOFLAGSTD NOFOLDCALLNAME
*          NOFOLDCOPYNAME FORM"60" NOFP-ROUNDING NOHOSTARITHMETIC
*          NOHOSTCONTZERO NOHOST-NUMCOMPARE NOHOST-NUMMOVE NOHOSTFD NOHOSTRW
*          NOIBM-MS IBMCOMP IDXFORMAT"0" NOILGEN IMPLICITSCOPE NOINDD
*          INFORETURN"0" NOINITCALL INITPTR INT"FNB076.int" INTDATE"ANSI"
*          INTLEVEL"2" IOCONV NOISO2002 NOIXNLSKEY NOIXNUMKEY KEEP-INT
*          KEYCHECK KEYCOMPRESS"0" LIBRARIAN"2" NOLINE-COUNT LIST"FNB076.lst"
*          LISTPATH"" LISTWIDTH"80" LITVAL-SIZE"4" LOCKTYPE"0" NOMAPNAME
*          NOMAXERROR METHODDEFAULT"REFERENCE" MF"15" MFCOMMENT NOMOVELENCHECK
*          NOMS NOMVS NATIVE"ASCII" NONATIVEFLOATINGPOINT NONCHAR
*          NONEWBASENAME NONLS NSYMBOL"DBCS" NOODOOSVS NOODOSLIDE
*          NOOLDBLANKLINE NOOLDCOPY NOOLDINDEX NOOLDNEXTSENTENCE NOOLDREADINTO
*          NOOLDSTRMIX OOCTRL"-C-E-G-P+Q+R-S+W" OPTIONAL-FILE NOOS390 OSEXT""
*          NOOSVS NOOUTDD NOP64 NOPANVALET PERFORM-TYPE"OSVS" NOPREPLIST
*          NOPREPROCESS NOPRINT-EXT NOPROFILE NOPROGID-COMMENT
*          NOPROGID-INT-NAME NOPROTECT-LINKAGE PROTOTYPE"RELAXED" QUAL
*          QUALPROC NOQUERY NOQUOTE NORAWLIST NORDW RECMODE"F" NOREENTRANT
*          NOREF NOREFNO REMAINDER"1" REPORT-LINE"256" RESEQ NORETRYLOCK
*          REWRITE-LS NORM RTNCODE-SIZE"4" NORWHARDPAGE NOSAA SEG NOSEQCHK
*          SEQUENTIAL"RECORD" NOSERIAL SETTING"LINE" NOSHAREOUTDD NOSHOW-DIR
*          SIGN"ASCII" NOSIGNDISCARD NOSIGNFIXUP SORTTYPE"DFSORT" SOURCEFORMAT
*          "FIXED" SOURCETABSTOP"8" NOSPZERO NOSSRANGE STDERR NOSTICKY-LINKAGE
*          NOSTICKY-PERFORM SUPFF SWITCHTYPE"1" SYMBSTART"1" SYSPUNCH"132"
*          TERMPAGE TIME NOTRACE NOTRUNC NOTRUNCCALLNAME NOTRUNCCOPY TRUNCINC
*          "10" UNICODE"NATIVE" VERBOSE VSC2"2" WARNING"1" NOWB NOWB2 NOWB3
*          WEBSERVER"CGI" NOWRITELOCK NOWRITETHRU NOXOPEN NOXREF
*          NOZEROLENGTHFALSE NOZEROSEQ NOZWB
     1 IDENTIFICATION DIVISION.                                         00000100
     2 PROGRAM-ID.    FNB076.                                           00000200
     3                                                                  00000300
     4***************************************************************** 00000400
     5*  THIS PROGRAM WAS MODIFIED FROM THE MAINFRAME FOR THE LAN AND   00000500
     6*  PROCESSES CSO AP CHECKS (FORM 0031).  IT FORMATS A PRINT LINE  00000600
     7*  AND WRITES IT TO SYS007 (CHECK COPY).  IT THEN SCANS THE       00000700
     8*  INVOICE MESSAGE FOR "CC" (EXTRA CHECK COPY) AND WRITES THESE   00000800
     9*  TO SYS009.                                                     00000900
    10***************************************************************** 00001000
    11*          P R O G R A M   M O D I F I C A T I O N S            * 00001100
    12***************************************************************** 00001200
    13* CR/IR           DATE       NAME DESCRIPTION                   * 00001300
* Micro Focus Server Express         V5.1 revision 000 06-Oct-15 17:19 Page   2
* FNB076.cbl
    14* --------------  ---------- ---- ----------------------------- * 00001400
    15* CR970170050     06/06/1997 DANA NEW TO PRODUCTION             * 00001500
    16* CR2000030100009 04/01/2000 DJNA DRAFT NUMBER EXPANSION
    17* CR2002031800003 06/14/2002 SMVA CHANGED MICR0031 COPYBOOK TO
    18*                           FNMICR - USED FOR ALL FN AP CHECKS
    19*                           ADDED NEWPAGE CC TO PRINT RECORD
    20*                           REMOVED SYS008 ACH LOGIC -
    21*                           CURRENTLY DOES NOT APPLY
    22*                           MOVED PROGRAM TO LAN
    23*                 08/20/2002 SMVA REMOVE FORM '0031' COND AND
    24*                          ALLOW ALL CHECKS TO PROCESS            00001500
    25*                 09/24/2002 SMVA CHANGE CHECK AMOUNT CONDITIONAL
    26*                          VALUE FROM ZERO TO 0.00 W/LEAD SPACES
    27* IR2006102400001 10/25/2006 AJRA PRINT INVOICE ON VOIDS WHEN
    28*                           NUMBER OF INVOICES > 15
    29***************************************************************** 00001600
    30                                                                  00001700
    31 ENVIRONMENT DIVISION.                                            00001800
    32 INPUT-OUTPUT SECTION.                                            00001900
    33 FILE-CONTROL.                                                    00002000
    34                                                                  00002100
    35     SELECT MICR-DRAFT-FILE                                       00002200
    36         ASSIGN TO MICRDRFT
    37         ORGANIZATION IS LINE SEQUENTIAL                          00002300
    38*        ORGANIZATION IS INDEXED                                  00002400
    39*        ACCESS IS SEQUENTIAL                                     00002500
    40*        RECORD KEY IS MICR-KEY                                   00002600
    41         FILE STATUS IS MICRDRFT-STATUS                           00002700
    42                        MICRDRFT-STATUS2.                         00002710
    43                                                                  00002800
    44     SELECT CSO-COPY                                              00002900
    45         ASSIGN TO SYS007
    46         ORGANIZATION IS LINE SEQUENTIAL.                         00003000
    47                                                                  00003100
    48*    SELECT ACH-COPY                                              00003200
    49*        ASSIGN TO SYS008.                                        00003300
    50                                                                  00003400
    51     SELECT CC-COPY                                               00003500
    52         ASSIGN TO SYS009
    53         ORGANIZATION IS LINE SEQUENTIAL.                         00003600
    54                                                                  00003700
    55                                                                  00003800
    56 DATA DIVISION.                                                   00003900
    57 FILE SECTION.                                                    00004000
    58                                                                  00004100
    59 FD  MICR-DRAFT-FILE.                                             00004200
    60 01  FILLER            PIC X(3000).                               00004410
    61 01  MICR-RECORD.                                                 00004500
*   62     COPY FNMICR.
    63       10 FNMICR-FORM               PIC X(04).
    64       10 FNMICR-DRAFT-ORDER        PIC 9(05).
    65       10 FNMICR-DRAFT-NO           PIC 9(10).
    66       10 FNMICR-AMOUNT-PAID        PIC ZZZ,ZZZ,ZZ9.99.
    67       10 FNMICR-CHECK-DATE         PIC X(10).
    68       10 FNMICR-PAYEE-NAME         PIC X(50).
    69       10 FNMICR-PAYEE-ADDRESS1     PIC X(50).
    70       10 FNMICR-PAYEE-ADDRESS2     PIC X(50).
    71       10 FNMICR-PAYEE-ADDRESS3     PIC X(50).
* Micro Focus Server Express         V5.1 revision 000 06-Oct-15 17:19 Page   3
* FNB076.cbl (/apps/prod/cid1p/copy/FNMICR)
    72       10 FNMICR-PAYEE-ADDRESS4     PIC X(50).
    73       10 FILLER                    PIC X(04).
    74       10 FNMICR-VENDOR-NO          PIC X(10).
    75       10 FNMICR-VOID-SW            PIC X(01).
    76       10 FNMICR-NO-OF-INVOICES     PIC 9(03).
    77       10 FNMICR-INVOICE-DATA       OCCURS 15 TIMES.
    78          15  FNMICR-INV-DATE       PIC X(10).
    79          15  FNMICR-INV-NO         PIC X(16).
    80          15  FNMICR-INV-TYPE       PIC X(02).
    81          15  FNMICR-INV-AMT        PIC ZZZ,ZZZ,ZZZ.99.
    82          15  FNMICR-INV-MSG        PIC X(60).
    83                                                                  00004700
    84 FD  CSO-COPY                                                     00004800
    85     LABEL RECORDS ARE STANDARD                                   00004900
    86     RECORDING MODE IS F                                          00005000
    87     RECORD CONTAINS 2848 CHARACTERS                              00005100
    88     BLOCK CONTAINS 0 RECORDS.                                    00005200
    89 01  CSO-RECORD            PIC X(2848).                           00005300
    90                                                                  00005400
    91*FD  ACH-COPY                                                     00005500
    92*    LABEL RECORDS ARE STANDARD                                   00005600
    93*    RECORDING MODE IS F                                          00005700
    94*    RECORD CONTAINS 2848 CHARACTERS                              00005800
    95*    BLOCK CONTAINS 0 RECORDS.                                    00005900
    96*01  ACH-RECORD            PIC X(2848).                           00006000
    97                                                                  00006100
    98 FD  CC-COPY                                                      00006200
    99     LABEL RECORDS ARE STANDARD                                   00006300
   100     RECORDING MODE IS F                                          00006400
   101     RECORD CONTAINS 2848 CHARACTERS                              00006500
   102     BLOCK CONTAINS 0 RECORDS.                                    00006600
   103 01  CC-RECORD             PIC X(2848).                           00006700
   104                                                                  00006800
   105                                                                  00006900
   106 WORKING-STORAGE SECTION.                                         00007000
   107                                                                  00007100
   108 01  FILLER            COMP-3.                                    00007200
   109     05  SUB1          PIC S9(3)  VALUE +0.                       00007300
   110     05  SUB2          PIC S9(3)  VALUE +0.                       00007400
   111     05  CC-COUNT      PIC S9(3)  VALUE +0.                       00007500
   112                                                                  00007600
   113 01  FILLER.                                                      00007700
   114     05  DUMP                PIC X      VALUE SPACE.              00007800
   115     05  S0C7 REDEFINES DUMP PIC S9     COMP-3.                   00007900
   116     05  MICRDRFT-STATUS     PIC XX     VALUE ZERO.               00008000
   117         88  EOF                        VALUE '10'.               00008100
   118     05  MICRDRFT-STATUS2.                                        00008110
   119         10  MS-VSAM-RC      PIC S9(4)  BINARY.                   00008120
   120         10  MS-FUNCTION     PIC S9(4)  BINARY.                   00008121
   121         10  MS-FEEDBACK     PIC S9(4)  BINARY.                   00008130
   122     05  WS-VOID-MSG         PIC X(40)                            00008200
   123         VALUE 'VOID  VOID  VOID  VOID  VOID  VOID  VOID'.        00008300
   124                                                                  00008400
   125 01  PRINT-RECORD.
   126     05  PR-CC                PIC X(01)  VALUE '1'.               00008500
   127     05  PR-CHECK-NO          PIC X(10).                          00008600
   128     05  PR-CHECK-AMT         PIC ***,***,***.99.                 00008700
   129     05  PR-CHECK-AMT-2       PIC X(77).                          00008800
* Micro Focus Server Express         V5.1 revision 000 06-Oct-15 17:19 Page   4
* FNB076.cbl
   130     05  PR-CHECK-AMT-2A      PIC X(77).                          00008900
   131     05  PR-CHECK-DATE        PIC X(10).                          00009000
   132*    05  PR-ENTITY            PIC X(4).
   133     05  FILLER               PIC X(04).                          00009100
   134     05  PR-NAME              PIC X(46).                          00009110
   135     05  PR-ADDRESS-1         PIC X(50).                          00009200
   136     05  PR-ADDRESS-2         PIC X(50).                          00009300
   137     05  PR-ADDRESS-3         PIC X(50).                          00009400
   138     05  PR-ADDRESS-4         PIC X(50).                          00009500
   139     05  PR-VENDOR-ID         PIC X(10).                          00009600
   140     05  PR-INVOICE-LINE      OCCURS 30 TIMES                     00009700
   141                              PIC X(80).                          00009800
   142                                                                  00009900
   143 01  WS-WORKAREA.                                                 00010000
   144     05  WS-TEXT-BYTE OCCURS 80 TIMES                             00010100
   145                      INDEXED BY INDX                             00010200
   146                      PICTURE IS X.                               00010300
   147                                                                  00010400
   148 01  ISD034-PARMS.                                                00010500
   149     05  ISD034-AMT         PIC S9(13)V99    COMP-3.              00010600
   150     05  ISD034-SCRIPT-OPT  PIC X.                                00010700
   151     05  ISD034-LINE-1      PIC X(77).                            00010800
   152     05  ISD034-LINE-2      PIC X(77).                            00010900
   153     05  ISD034-LINE-3      PIC X(77).                            00011000
   154                                                                  00011100
   155 01  WS-INVOICE-LINE        VALUE SPACE.                          00011200
   156     05  WS-INV-DATE        PIC X(10).                            00011300
   157     05  FILLER             PIC X(5).                             00011400
   158     05  WS-INV-NO          PIC X(16).                            00011500
   159     05  FILLER             PIC X(3).                             00011600
   160     05  WS-INV-TYPE        PIC X(2).                             00011700
   161     05  FILLER             PIC X(25).                            00011800
   162     05  WS-INV-AMT         PIC X(14).                            00011900
   163                                                                  00012000
   164                                                                  00012100
   165*                                                                 00012200
   166 PROCEDURE DIVISION.                                              00012300
   167*                                                                 00012400
   168     PERFORM 0000-START THRU 0000-EXIT                            00012500
   169                                                                  00012600
   170     PERFORM 1000-PRINT-CHECKS THRU 1000-EXIT                     00012700
   171         UNTIL EOF                                                00012800
   172                                                                  00012900
   173     PERFORM 9000-END THRU 9000-EXIT                              00013000
   174                                                                  00013100
   175     GOBACK.                                                      00013200
   176                                                                  00013300
   177*                                                                 00013600
   178 1000-PRINT-CHECKS.                                               00013700
   179*                                                                 00013800
   180     READ MICR-DRAFT-FILE
   181         AT END SET EOF TO TRUE
   182     END-READ
   183                                                                  00013900
   184     IF EOF                                                       00013901
   185         GO TO 1000-EXIT                                          00013902
   186     END-IF
   187                                                                  00013903
* Micro Focus Server Express         V5.1 revision 000 06-Oct-15 17:19 Page   5
* FNB076.cbl
   188     IF MICRDRFT-STATUS NOT = '00'                                00013904
   189         DISPLAY 'READ ERROR ON MICRDRFT'                         00013905
   190     END-IF                                                       00013907
   191                                                                  00014200
   192*    IF FNMICR-FORM = '0031'                                      00014300
   193     PERFORM 2000-FORMAT-PRINT-REC THRU 2000-EXIT                 00014400
   194*    ELSE                                                         00014500
   195*        GO TO 1000-EXIT
   196*    END-IF                                                       00014600
   197                                                                  00014700
   198*    IF FNMICR-PAY-ENTITY = 'ACHP'                                00014800
   199*        WRITE ACH-RECORD FROM PRINT-RECORD                       00014900
   200*    ELSE
   201     MOVE '1'         TO PR-CC                                    00015000
   202     WRITE CSO-RECORD FROM PRINT-RECORD                           00015100
   203                                                                  00015200
   204     PERFORM 3000-WRITE-CC THRU 3000-EXIT
   205                                                                  00015300
   206     .                                                            00015400
   207 1000-EXIT.                                                       00015500
   208     EXIT.                                                        00015600
   209                                                                  00015700
   210                                                                  00015800
   211*                                                                 00015900
   212 2000-FORMAT-PRINT-REC.                                           00016000
   213*                                                                 00016100
   214     IF FNMICR-AMOUNT-PAID = '          0.00'                     00016200
   215         PERFORM 2100-FORMAT-VOID THRU 2100-EXIT                  00016300
   216         GO TO 2000-EXIT
   217     END-IF                                                       00016400
   218                                                                  00016500
   219     MOVE SPACES                TO PRINT-RECORD                   00016600
   220     MOVE FNMICR-DRAFT-NO       TO PR-CHECK-NO                    00016700
   221     MOVE FNMICR-AMOUNT-PAID    TO PR-CHECK-AMT                   00016800
   222     MOVE FNMICR-AMOUNT-PAID    TO ISD034-AMT                     00016900
   223     CALL 'ISD034' USING ISD034-PARMS                             00017000
   224     MOVE ISD034-LINE-1         TO PR-CHECK-AMT-2                 00017100
   225     MOVE ISD034-LINE-2         TO PR-CHECK-AMT-2A                00017200
   226     MOVE FNMICR-CHECK-DATE     TO PR-CHECK-DATE                  00017300
   227*    MOVE FNMICR-PAY-ENTITY     TO PR-ENTITY                      00017400
   228     MOVE FNMICR-PAYEE-NAME     TO PR-NAME                        00017410
   229     MOVE FNMICR-PAYEE-ADDRESS1 TO PR-ADDRESS-1                   00017500
   230     MOVE FNMICR-PAYEE-ADDRESS2 TO PR-ADDRESS-2                   00017600
   231     MOVE FNMICR-PAYEE-ADDRESS3 TO PR-ADDRESS-3                   00017700
   232     MOVE FNMICR-PAYEE-ADDRESS4 TO PR-ADDRESS-4                   00017800
   233     MOVE FNMICR-VENDOR-NO      TO PR-VENDOR-ID                   00017900
   234     MOVE ZERO                  TO SUB2                           00018000
   235     PERFORM 2200-FILL-INVOICE THRU 2200-EXIT                     00018100
   236         VARYING SUB1 FROM 1 BY 1 UNTIL SUB1 > +15
   237
   238     .                                                            00018300
   239 2000-EXIT.                                                       00018400
   240     EXIT.                                                        00018500
   241                                                                  00018600
   242*                                                                 00018900
   243 2100-FORMAT-VOID.                                                00019000
   244*                                                                 00019100
   245     MOVE SPACES         TO  PRINT-RECORD                         00019200
* Micro Focus Server Express         V5.1 revision 000 06-Oct-15 17:19 Page   6
* FNB076.cbl
   246     MOVE FNMICR-DRAFT-NO TO  PR-CHECK-NO                         00019210
   247     MOVE ZEROS          TO  PR-CHECK-AMT                         00019300
   248     MOVE WS-VOID-MSG    TO  PR-CHECK-AMT-2                       00019400
   249     MOVE 'XX/XX/XXXX'   TO  PR-CHECK-DATE                        00019500
   250     MOVE ALL 'X'  TO  PR-NAME                                    00019600
   251     MOVE ALL 'X'  TO  PR-ADDRESS-1                               00019700
   252     MOVE ALL 'X'  TO  PR-ADDRESS-2                               00019800
   253     MOVE ALL 'X'  TO  PR-ADDRESS-3                               00019900
   254     MOVE ALL 'X'  TO  PR-VENDOR-ID
   255     IF FNMICR-INV-NO(1) GREATER THAN SPACES
   256         MOVE ZERO      TO SUB2
   257         PERFORM 2200-FILL-INVOICE THRU 2200-EXIT
   258             VARYING SUB1 FROM 1 BY 1 UNTIL SUB1 > +15
   259     END-IF
   260                                                                  00020000
   261     .                                                            00020100
   262 2100-EXIT.                                                       00020200
   263     EXIT.                                                        00020300
   264                                                                  00020400
   265*                                                                 00020700
   266 2200-FILL-INVOICE.                                               00020800
   267*                                                                 00020900
   268     MOVE FNMICR-INV-DATE (SUB1) TO WS-INV-DATE                   00021000
   269     MOVE FNMICR-INV-NO   (SUB1) TO WS-INV-NO                     00021100
   270     MOVE FNMICR-INV-TYPE (SUB1) TO WS-INV-TYPE                   00021200
   271     MOVE FNMICR-INV-AMT  (SUB1) TO WS-INV-AMT                    00021300
   272     ADD +1 TO SUB2                                               00021400
   273     MOVE WS-INVOICE-LINE        TO PR-INVOICE-LINE (SUB2)        00021500
   274     ADD +1 TO SUB2                                               00021600
   275     MOVE FNMICR-INV-MSG (SUB1)  TO PR-INVOICE-LINE (SUB2)
   276                                                                  00021700
   277     .                                                            00021800
   278 2200-EXIT.                                                       00021900
   279     EXIT.                                                        00022000
   280                                                                  00022100
   281*                                                                 00022400
   282 3000-WRITE-CC.                                                   00022500
   283*                                                                 00022600
   284     MOVE ZERO TO CC-COUNT                                        00022700
   285     PERFORM 3100-SCAN-TEXT THRU 3100-EXIT                        00022800
   286         VARYING SUB2 FROM 1 BY 1 UNTIL SUB2 > 30                 00022900
   287     PERFORM CC-COUNT TIMES
   288         MOVE '1'        TO PR-CC                                 00023100
   289         WRITE CC-RECORD FROM PRINT-RECORD                        00023200
   290     END-PERFORM.                                                 00023300
   291                                                                  00023400
   292 3000-EXIT.                                                       00023500
   293     EXIT.                                                        00023600
   294                                                                  00023700
   295                                                                  00023800
   296*                                                                 00023900
   297 3100-SCAN-TEXT.                                                  00024000
   298*                                                                 00024100
   299* THIS ROUTINE SCANS FOR ALL OCCURANCES OF "CC "                  00024200
   300* WITHIN ALL INVOICE LINES.  CC-COUNT IS SET TO                   00024300
   301* THE NUMBER OF "CC " THAT WERE FOUND.                            00024400
   302*                                                                 00024500
   303     IF PR-INVOICE-LINE (SUB2) NOT = SPACE                        00024600
* Micro Focus Server Express         V5.1 revision 000 06-Oct-15 17:19 Page   7
* FNB076.cbl
   304       MOVE PR-INVOICE-LINE (SUB2) TO WS-WORKAREA                 00024700
   305       PERFORM VARYING INDX FROM 1 BY 1 UNTIL INDX > 78           00024800
   306         IF WS-TEXT-BYTE (INDX)     = 'C' AND                     00024900
   307            WS-TEXT-BYTE (INDX + 1) = 'C' AND                     00025000
   308            WS-TEXT-BYTE (INDX + 2) = ' '                         00025100
   309                ADD +1 TO CC-COUNT                                00025200
   310         END-IF                                                   00025300
   311       END-PERFORM                                                00025400
   312     END-IF
   313                                                                  00025500
   314     .                                                            00025600
   315 3100-EXIT.                                                       00025700
   316     EXIT.                                                        00025800
   317                                                                  00025900
   318*                                                                 00026200
   319 0000-START.                                                      00026300
   320*                                                                 00026400
   321     OPEN INPUT MICR-DRAFT-FILE                                   00026500
   322     IF MICRDRFT-STATUS = '00' OR '97'                            00026600
   323         CONTINUE                                                 00026700
   324     ELSE                                                         00026800
   325         DISPLAY 'OPEN ERROR ON MICRDRFT'                         00026900
   326     END-IF                                                       00027100
   327                                                                  00027200
   328*    OPEN OUTPUT ACH-COPY                                         00027300
   329     OPEN OUTPUT CSO-COPY                                         00027400
   330                 CC-COPY
   331                                                                  00027500
   332     .                                                            00027600
   333 0000-EXIT.                                                       00027700
   334     EXIT.                                                        00027800
   335                                                                  00027900
   336                                                                  00028000
   337*                                                                 00028100
   338 9000-END.                                                        00028200
   339*                                                                 00028300
   340     CLOSE MICR-DRAFT-FILE                                        00028400
   341*          ACH-COPY                                               00028500
   342           CSO-COPY                                               00028600
   343           CC-COPY
   344                                                                  00028700
   345     .                                                            00028800
   346 9000-EXIT.                                                       00028900
   347     EXIT.                                                        00029000
* Micro Focus Server Express         V5.1 revision 000 Compiler
* Copyright (C) Micro Focus IP Development Limited 1984-2012.
*                                                        REF GNR-008065005AF
* Total Messages:     0
* Data:       13836     Code:        1450
