* Micro Focus Server Express         V5.1 revision 000 06-Oct-15 17:19 Page   1
* FNB161.cbl
* Options: int("FNB161.int") anim csi verbose NOBOUND PARAMCOUNTCHECK
*          directives(cobopt.bth) endp list("FNB161.lst")
* Setting: NOACCEPTREFRESH NOADV ALIGN"8" ALPHASTART"1" NOALTER NOAMODE ANIM
*          NOANIMPREP ANS85 APOST NOAREACHECK ARITHMETIC"OSVS" ASSIGN
*          "EXTERNAL" NOASSIGN-PRINTER NOAUTOLOCK NOBELL NOBOUND NOBRIEF
*          NOBS2000 BWZSTAR NOBYTEMODEMOVE CALLFH"ebmlsfile" NOCALLMCS
*          NOCALLRECOVERY CALLSORT"EXTSM" CANCEL CANCELLBR NOCHANGEMESSAGE
*          CHARSET"ASCII" NOCHECKDIV NOCHECKREFMOD NOCICS CICS-CPY
*          NOCICSOPTIMIZE NOCMPR2 NOCOBFSTATCONV NOCOBIDY NOCOBOL370 COBOLDIR
*          NOCOMP COMP-5"2" COMP-6"2" NOCOMS85 CONFIRM NOCONVERTRET CONVSPACE
*          COPYEXT",cbl,cpy" NOCOPYLBR COPYLIST COPYLISTCOMMENT"1" CSI
*          CURRENCY-SIGN"36" CURRENT-DATE"MMDDYY" NODATA DATACOMPRESS"0"
*          NODATA-CONTEXT DATE DBCHECK DBCS"2" NODBCSSOSI DBSPACE DE-EDIT"2"
*          DEFAULTBYTE"32" NODEFAULTCALLS DETECTLOCK NODG DIALECT"MF"
*          NODIRECTIVES-IN-COMMENTS NODOSVS NODPCINSUBSCRIPT DYNAM
*          NOEARLY-RELEASE ECHO NOECHOALL NOEDITOR ENSUITE"0" NOENTCOBOL
*          ERRFORMAT"1" ERRLIST"EMBED" NOERRQ FASTSORT NOFCD3 NOFCDREG
*          NOFDCLEAR NOFILESHARE FILETYPE"0" NOFLAG NOFLAGAS NOFLAGCD
*          NOFLAGEUC NOFLAGMIG NOFLAGQ FLAGSINEDIT NOFLAGSTD NOFOLDCALLNAME
*          NOFOLDCOPYNAME FORM"60" NOFP-ROUNDING NOHOSTARITHMETIC
*          NOHOSTCONTZERO NOHOST-NUMCOMPARE NOHOST-NUMMOVE NOHOSTFD NOHOSTRW
*          NOIBM-MS IBMCOMP IDXFORMAT"0" NOILGEN IMPLICITSCOPE NOINDD
*          INFORETURN"0" NOINITCALL INITPTR INT"FNB161.int" INTDATE"ANSI"
*          INTLEVEL"2" IOCONV NOISO2002 NOIXNLSKEY NOIXNUMKEY KEEP-INT
*          KEYCHECK KEYCOMPRESS"0" LIBRARIAN"2" NOLINE-COUNT LIST"FNB161.lst"
*          LISTPATH"" LISTWIDTH"80" LITVAL-SIZE"4" LOCKTYPE"0" NOMAPNAME
*          NOMAXERROR METHODDEFAULT"REFERENCE" MF"15" MFCOMMENT NOMOVELENCHECK
*          NOMS NOMVS NATIVE"ASCII" NONATIVEFLOATINGPOINT NONCHAR
*          NONEWBASENAME NONLS NSYMBOL"DBCS" NOODOOSVS NOODOSLIDE
*          NOOLDBLANKLINE NOOLDCOPY NOOLDINDEX NOOLDNEXTSENTENCE NOOLDREADINTO
*          NOOLDSTRMIX OOCTRL"-C-E-G-P+Q+R-S+W" OPTIONAL-FILE NOOS390 OSEXT""
*          NOOSVS NOOUTDD NOP64 NOPANVALET PERFORM-TYPE"OSVS" NOPREPLIST
*          NOPREPROCESS NOPRINT-EXT NOPROFILE NOPROGID-COMMENT
*          NOPROGID-INT-NAME NOPROTECT-LINKAGE PROTOTYPE"RELAXED" QUAL
*          QUALPROC NOQUERY NOQUOTE NORAWLIST NORDW RECMODE"F" NOREENTRANT
*          NOREF NOREFNO REMAINDER"1" REPORT-LINE"256" RESEQ NORETRYLOCK
*          REWRITE-LS NORM RTNCODE-SIZE"4" NORWHARDPAGE NOSAA SEG NOSEQCHK
*          SEQUENTIAL"RECORD" NOSERIAL SETTING"LINE" NOSHAREOUTDD NOSHOW-DIR
*          SIGN"ASCII" NOSIGNDISCARD NOSIGNFIXUP SORTTYPE"DFSORT" SOURCEFORMAT
*          "FIXED" SOURCETABSTOP"8" NOSPZERO NOSSRANGE STDERR NOSTICKY-LINKAGE
*          NOSTICKY-PERFORM SUPFF SWITCHTYPE"1" SYMBSTART"1" SYSPUNCH"132"
*          TERMPAGE TIME NOTRACE NOTRUNC NOTRUNCCALLNAME NOTRUNCCOPY TRUNCINC
*          "10" UNICODE"NATIVE" VERBOSE VSC2"2" WARNING"1" NOWB NOWB2 NOWB3
*          WEBSERVER"CGI" NOWRITELOCK NOWRITETHRU NOXOPEN NOXREF
*          NOZEROLENGTHFALSE NOZEROSEQ NOZWB
* EXTRACT AGENT HIERARCHY FROM THE POLICY MASTER FILE  06-Oct-15 17:19 Page   2
* FNB161.cbl
     2                                                                  00020012
     3 IDENTIFICATION DIVISION.                                         00041013
     4 PROGRAM-ID.    FNB161.                                           00042013
     5 AUTHOR         DAN DRYDEN.                                       00043013
     6 DATE-WRITTEN   MAY, 1998.                                        00044013
     7                                                                  00045013
     8***************************************************************** 00046013
     9*                         C H A N G E S                         * 00047014
    10***************************************************************** 00048013
    11* DATE      DESCRIPTION                                         * 00049014
    12* --------  --------------------------------------------------- * 00049114
    13* 01/01/99  1998011500013 - FREEDOM SYSTEM INSTALL              * 00049217
    14* 03/03/00  2000022400003 - CHECK P-TRAILER FOR ISSUE DATE      * 00049317
    15*                           CHANGE TO 20 LEVELS OF HIERARCHY    * 00049417
    16*                                                               * 00049616
    17***************************************************************** 00049716
    18                                                                  00050011
    19 DATA DIVISION.                                                   00060000
    20 WORKING-STORAGE SECTION.                                         00070000
    21                                                                  00080000
    22 01  FILLER.                                                      00090000
    23     05  SUB          PIC S9(4) COMP SYNC VALUE +0.               00100000
    24     05  BIN-LVL      PIC S9(2) COMP SYNC VALUE +0.               00110000
    25     05  REDEFINES BIN-LVL.                                       00120000
    26         10  FILLER   PIC X.                                      00130000
    27         10  HEX-LVL  PIC X.                                      00140000
    28     05  ISS-DATE     PIC S9(5) COMP-3.                           00150000
    29                                                                  00160009
*   30 COPY TWKAREA SUPPRESS.                                           00170000
   885                                                                  00180009
   886 LINKAGE SECTION.                                                 00190000
   887                                                                  00200000
*  888 COPY PMTRLRCC SUPPRESS.                                          00210000
   985                                                                  00220000
   986 01  PARM-HIERARCHY.                                              00230000
   987     05  OCCURS 20 TIMES.                                         00240019
   988         10  PARM-AGT-LVL  PIC 99.                                00250009
   989         10  PARM-AGT-NO   PIC X(5).                              00260009
   990                                                                  00270009
   991                                                                  00280000
* EXTRACT AGENT HIERARCHY FROM THE POLICY MASTER FILE  06-Oct-15 17:19 Page   3
* FNB161.cbl
   993*                                                                 00300000
   994 PROCEDURE DIVISION USING PMRECORD, PARM-HIERARCHY.               00310000
   995*                                                                 00320000
   996     INITIALIZE PARM-HIERARCHY                                    00330000
   997     MOVE +0 TO ISS-DATE                                          00340023
   998                                                                  00350023
   999     MOVE SPACE TO 6-BYTE                                         00470009
  1000     MOVE 'P'   TO PARMREC                                        00480019
  1001     CALL 'PMRDBL' USING PMRECORD, TWKAREA, 4-BYTE, 6-BYTE        00510016
  1002     IF PARMRETURN = '1'                                          00520016
  1003        IF PMAHCD = '1'                                           00521019
  1004           MOVE PTDATE TO ISS-DATE                                00530019
  1005        ELSE                                                      00540019
  1006           MOVE AHPISSDATE TO ISS-DATE                            00550019
  1007        END-IF                                                    00551019
  1008     ELSE                                                         00551123
  1009        IF PMAHCD = '1'                                           00551423
  1010           MOVE PMTAREA TO ATRAILER                               00551524
  1011           MOVE ATIDAT TO ISS-DATE                                00551624
  1012        ELSE                                                      00551724
  1013           MOVE PMTAREA TO AHATRAIL                               00551825
  1014           MOVE AHAISSUE TO ISS-DATE                              00551924
  1015        END-IF                                                    00552024
  1016     END-IF                                                       00553024
  1017                                                                  00564823
  1018     MOVE ZERO  TO SUB                                            00565016
  1019     MOVE SPACE TO 6-BYTE                                         00566016
  1020     MOVE 'C'   TO PARMREC                                        00567016
  1021                                                                  00568016
  1022     PERFORM UNTIL PARMRETURN = '0'                               00569016
  1023        CALL 'PMRDBL' USING PMRECORD, TWKAREA, 4-BYTE, 6-BYTE     00569116
  1024        IF PARMRETURN = '1'                                       00569216
  1025           PERFORM 100-GET-HIARC THRU 100-EXIT                    00569316
  1026           MOVE '*' TO PARMNEXT                                   00569416
  1027        END-IF                                                    00569516
  1028     END-PERFORM                                                  00569616
  1029        .                                                         00570000
  1030 FNB161-EXIT.                                                     00580000
  1031     GOBACK.                                                      00590000
  1032                                                                  00600000
  1033                                                                  00610000
  1034*                                                                 00620000
  1035 100-GET-HIARC.                                                   00630000
  1036*                                                                 00640015
  1037     IF (ISS-DATE < CTSTRTDATE) OR                                00650016
  1038        (ISS-DATE > CTSTOPDATE)                                   00660016
  1039        GO TO 100-EXIT.                                           00670016
  1040                                                                  00680000
  1041     IF SUB = ZERO                                                00690000
  1042        MOVE +1 TO SUB                                            00700016
  1043        MOVE 01     TO PARM-AGT-LVL (SUB)                         00710009
  1044        MOVE CTWNUM TO PARM-AGT-NO  (SUB)                         00720009
  1045     END-IF                                                       00730000
  1046                                                                  00740009
  1047     IF SUB < 20                                                  00750014
  1048        ADD 1 TO SUB                                              00760000
  1049        MOVE CT1LEV  TO HEX-LVL                                   00770009
  1050        MOVE BIN-LVL TO PARM-AGT-LVL (SUB)                        00780009
* EXTRACT AGENT HIERARCHY FROM THE POLICY MASTER FILE  06-Oct-15 17:19 Page   4
* FNB161.cbl
  1051        MOVE CT1NUM  TO PARM-AGT-NO  (SUB)                        00790009
  1052     END-IF                                                       00800000
  1053                                                                  00810009
  1054     IF SUB < 20                                                  00820014
  1055        ADD 1 TO SUB                                              00830000
  1056        MOVE CT2LEV  TO HEX-LVL                                   00840009
  1057        MOVE BIN-LVL TO PARM-AGT-LVL (SUB)                        00850009
  1058        MOVE CT2NUM  TO PARM-AGT-NO  (SUB)                        00860009
  1059     END-IF                                                       00870000
  1060                                                                  00880009
  1061     IF SUB < 20                                                  00890014
  1062        ADD 1 TO SUB                                              00900000
  1063        MOVE CT3LEV  TO HEX-LVL                                   00910009
  1064        MOVE BIN-LVL TO PARM-AGT-LVL (SUB)                        00920009
  1065        MOVE CT3NUM  TO PARM-AGT-NO  (SUB)                        00930009
  1066     END-IF                                                       00940000
  1067     .                                                            00950000
  1068 100-EXIT.                                                        00960000
  1069     EXIT.                                                        00970000
  1070                                                                  00980000
* Micro Focus Server Express         V5.1 revision 000 Compiler
* Copyright (C) Micro Focus IP Development Limited 1984-2012.
*                                                        REF GNR-008065005AF
* Total Messages:     0
* Data:        1420     Code:         519
