* Micro Focus Server Express         V5.1 revision 000 06-Oct-15 17:19 Page   1
* FNB162.cbl
* Options: int("FNB162.int") anim csi verbose NOBOUND PARAMCOUNTCHECK
*          directives(cobopt.bth) endp list("FNB162.lst")
* Setting: NOACCEPTREFRESH NOADV ALIGN"8" ALPHASTART"1" NOALTER NOAMODE ANIM
*          NOANIMPREP ANS85 APOST NOAREACHECK ARITHMETIC"OSVS" ASSIGN
*          "EXTERNAL" NOASSIGN-PRINTER NOAUTOLOCK NOBELL NOBOUND NOBRIEF
*          NOBS2000 BWZSTAR NOBYTEMODEMOVE CALLFH"ebmlsfile" NOCALLMCS
*          NOCALLRECOVERY CALLSORT"EXTSM" CANCEL CANCELLBR NOCHANGEMESSAGE
*          CHARSET"ASCII" NOCHECKDIV NOCHECKREFMOD NOCICS CICS-CPY
*          NOCICSOPTIMIZE NOCMPR2 NOCOBFSTATCONV NOCOBIDY NOCOBOL370 COBOLDIR
*          NOCOMP COMP-5"2" COMP-6"2" NOCOMS85 CONFIRM NOCONVERTRET CONVSPACE
*          COPYEXT",cbl,cpy" NOCOPYLBR COPYLIST COPYLISTCOMMENT"1" CSI
*          CURRENCY-SIGN"36" CURRENT-DATE"MMDDYY" NODATA DATACOMPRESS"0"
*          NODATA-CONTEXT DATE DBCHECK DBCS"2" NODBCSSOSI DBSPACE DE-EDIT"2"
*          DEFAULTBYTE"32" NODEFAULTCALLS DETECTLOCK NODG DIALECT"MF"
*          NODIRECTIVES-IN-COMMENTS NODOSVS NODPCINSUBSCRIPT DYNAM
*          NOEARLY-RELEASE ECHO NOECHOALL NOEDITOR ENSUITE"0" NOENTCOBOL
*          ERRFORMAT"1" ERRLIST"EMBED" NOERRQ FASTSORT NOFCD3 NOFCDREG
*          NOFDCLEAR NOFILESHARE FILETYPE"0" NOFLAG NOFLAGAS NOFLAGCD
*          NOFLAGEUC NOFLAGMIG NOFLAGQ FLAGSINEDIT NOFLAGSTD NOFOLDCALLNAME
*          NOFOLDCOPYNAME FORM"60" NOFP-ROUNDING NOHOSTARITHMETIC
*          NOHOSTCONTZERO NOHOST-NUMCOMPARE NOHOST-NUMMOVE NOHOSTFD NOHOSTRW
*          NOIBM-MS IBMCOMP IDXFORMAT"0" NOILGEN IMPLICITSCOPE NOINDD
*          INFORETURN"0" NOINITCALL INITPTR INT"FNB162.int" INTDATE"ANSI"
*          INTLEVEL"2" IOCONV NOISO2002 NOIXNLSKEY NOIXNUMKEY KEEP-INT
*          KEYCHECK KEYCOMPRESS"0" LIBRARIAN"2" NOLINE-COUNT LIST"FNB162.lst"
*          LISTPATH"" LISTWIDTH"80" LITVAL-SIZE"4" LOCKTYPE"0" NOMAPNAME
*          NOMAXERROR METHODDEFAULT"REFERENCE" MF"15" MFCOMMENT NOMOVELENCHECK
*          NOMS NOMVS NATIVE"ASCII" NONATIVEFLOATINGPOINT NONCHAR
*          NONEWBASENAME NONLS NSYMBOL"DBCS" NOODOOSVS NOODOSLIDE
*          NOOLDBLANKLINE NOOLDCOPY NOOLDINDEX NOOLDNEXTSENTENCE NOOLDREADINTO
*          NOOLDSTRMIX OOCTRL"-C-E-G-P+Q+R-S+W" OPTIONAL-FILE NOOS390 OSEXT""
*          NOOSVS NOOUTDD NOP64 NOPANVALET PERFORM-TYPE"OSVS" NOPREPLIST
*          NOPREPROCESS NOPRINT-EXT NOPROFILE NOPROGID-COMMENT
*          NOPROGID-INT-NAME NOPROTECT-LINKAGE PROTOTYPE"RELAXED" QUAL
*          QUALPROC NOQUERY NOQUOTE NORAWLIST NORDW RECMODE"F" NOREENTRANT
*          NOREF NOREFNO REMAINDER"1" REPORT-LINE"256" RESEQ NORETRYLOCK
*          REWRITE-LS NORM RTNCODE-SIZE"4" NORWHARDPAGE NOSAA SEG NOSEQCHK
*          SEQUENTIAL"RECORD" NOSERIAL SETTING"LINE" NOSHAREOUTDD NOSHOW-DIR
*          SIGN"ASCII" NOSIGNDISCARD NOSIGNFIXUP SORTTYPE"DFSORT" SOURCEFORMAT
*          "FIXED" SOURCETABSTOP"8" NOSPZERO NOSSRANGE STDERR NOSTICKY-LINKAGE
*          NOSTICKY-PERFORM SUPFF SWITCHTYPE"1" SYMBSTART"1" SYSPUNCH"132"
*          TERMPAGE TIME NOTRACE NOTRUNC NOTRUNCCALLNAME NOTRUNCCOPY TRUNCINC
*          "10" UNICODE"NATIVE" VERBOSE VSC2"2" WARNING"1" NOWB NOWB2 NOWB3
*          WEBSERVER"CGI" NOWRITELOCK NOWRITETHRU NOXOPEN NOXREF
*          NOZEROLENGTHFALSE NOZEROSEQ NOZWB
* CONVERT LIFE/70 AGENT LEVEL 50 TO FREEDOM COST CENTE 06-Oct-15 17:19 Page   2
* FNB162.cbl
     2                                                                  00020000
     3 IDENTIFICATION DIVISION.                                         00030000
     4 PROGRAM-ID.    FNB162.                                           00040000
     5 AUTHOR         DAN DRYDEN.                                       00050004
     6 DATE-WRITTEN   MAY, 1998.                                        00060004
     7                                                                  00070004
     8***************************************************************** 00080004
     9*                         H I S T O R Y                         * 00090004
    10***************************************************************** 00100004
    11* NAME  DATE      DESCRIPTION                                   * 00110004
    12* ----  --------  --------------------------------------------- * 00120004
    13* DANA  01/01/99  CR#199801150013 - FREEDOM SYSTEM INSTALL      * 00130004
    14*                                                               * 00140004
    15***************************************************************** 00150004
    16                                                                  00160000
    17 DATA DIVISION.                                                   00170000
    18                                                                  00180000
    19 WORKING-STORAGE SECTION.                                         00190000
    20                                                                  00200000
    21 01  COST-CENTER-TABLE-VALUES.                                    00210000
    22**   05  PIC X(19) VALUE '      16221 02 6211'.                   00220002
    23     05  PIC X(19) VALUE '      16224 01 4300'.                   00230000
    24     05  PIC X(19) VALUE '00800 14476 01 4110'.                   00240000
    25     05  PIC X(19) VALUE '00821 14478 01 4130'.                   00250000
    26     05  PIC X(19) VALUE '00824 14675 01 4172'.                   00260000
    27     05  PIC X(19) VALUE '00825 14670 01 4173'.                   00270000
    28     05  PIC X(19) VALUE '00826 14680 01 4174'.                   00280000
    29     05  PIC X(19) VALUE '00828 14690 01 4175'.                   00290000
    30     05  PIC X(19) VALUE '00840 14477 01 4120'.                   00300000
    31     05  PIC X(19) VALUE '00990 14826 01 4160'.                   00310000
    32     05  PIC X(19) VALUE '01050 14401 01 4762'.                   00320000
    33     05  PIC X(19) VALUE '01501 14335 01 4732'.                   00330000
    34     05  PIC X(19) VALUE '01623 14415 01 4731'.                   00340000
    35     05  PIC X(19) VALUE '01780 14420 01 4732'.                   00350000
    36     05  PIC X(19) VALUE '06174 14545 01 4731'.                   00360000
    37     05  PIC X(19) VALUE '08544 14915 01 4140'.                   00370000
    38     05  PIC X(19) VALUE '08545 14566 01 4743'.                   00380000
    39     05  PIC X(19) VALUE '08719 14515 01 4731'.                   00390000
    40     05  PIC X(19) VALUE '08782 14540 01 4731'.                   00400000
    41     05  PIC X(19) VALUE '08802 14510 01 4731'.                   00410000
    42     05  PIC X(19) VALUE '11800 14230 01 4732'.                   00420000
    43     05  PIC X(19) VALUE '14190 14220 01 4732'.                   00430000
    44     05  PIC X(19) VALUE '14329 14495 01 4731'.                   00440000
    45     05  PIC X(19) VALUE '19627 14425 01 4732'.                   00450000
    46     05  PIC X(19) VALUE '21286 14490 01 4731'.                   00460000
    47     05  PIC X(19) VALUE '22714 14405 01 4732'.                   00470000
    48     05  PIC X(19) VALUE '29156 14575 01 4732'.                   00480000
    49     05  PIC X(19) VALUE '29158 14580 01 4732'.                   00490000
    50     05  PIC X(19) VALUE '33405 14240 01 4732'.                   00500000
    51     05  PIC X(19) VALUE '33721 14210 01 4732'.                   00510000
    52     05  PIC X(19) VALUE '33816 14345 01 4732'.                   00520000
    53     05  PIC X(19) VALUE '35132 14440 01 4732'.                   00530000
    54     05  PIC X(19) VALUE '37367 14315 01 4732'.                   00540000
    55     05  PIC X(19) VALUE '37368 14320 01 4733'.                   00550000
    56     05  PIC X(19) VALUE '39145 14435 01 4732'.                   00560000
    57     05  PIC X(19) VALUE '62839 14260 01 4733'.                   00570000
    58     05  PIC X(19) VALUE '62842 14461 01 4762'.                   00580000
    59     05  PIC X(19) VALUE '62844 14463 01 4762'.                   00590000
* CONVERT LIFE/70 AGENT LEVEL 50 TO FREEDOM COST CENTE 06-Oct-15 17:19 Page   3
* FNB162.cbl
    60     05  PIC X(19) VALUE '62845 14464 01 4762'.                   00600000
    61     05  PIC X(19) VALUE '62846 14465 01 4762'.                   00610000
    62     05  PIC X(19) VALUE '64535 14455 01 4731'.                   00620000
    63     05  PIC X(19) VALUE '64550 14485 01 4731'.                   00630000
    64     05  PIC X(19) VALUE '65353 14456 01 4762'.                   00640000
    65     05  PIC X(19) VALUE '66366 14585 01 4731'.                   00650000
    66     05  PIC X(19) VALUE '68191 14471 01 4731'.                   00660000
    67     05  PIC X(19) VALUE '75075 14469 01 4762'.                   00670000
    68     05  PIC X(19) VALUE '76820 14489 01 4762'.                   00680000
    69     05  PIC X(19) VALUE '87000 14479 01 4762'.                   00690000
    70     05  PIC X(19) VALUE '92000 14950 01 4761'.                   00700000
    71     05  PIC X(19) VALUE '92001 14951 01 4761'.                   00710000
    72     05  PIC X(19) VALUE '92002 14952 01 4761'.                   00720000
    73     05  PIC X(19) VALUE '92003 14953 01 4761'.                   00730000
    74     05  PIC X(19) VALUE '92004 14954 01 4761'.                   00740000
    75     05  PIC X(19) VALUE '92006 14956 01 4761'.                   00750000
    76     05  PIC X(19) VALUE '92012 14957 01 4761'.                   00760000
    77     05  PIC X(19) VALUE '92034 14958 01 4761'.                   00770000
    78     05  PIC X(19) VALUE '92045 14960 01 4761'.                   00780000
    79     05  PIC X(19) VALUE '92046 14961 01 4761'.                   00790000
    80     05  PIC X(19) VALUE '92059 14959 01 4761'.                   00800000
    81     05  PIC X(19) VALUE '94000 14935 01 4742'.                   00810000
    82                                                                  00820000
    83 01  REDEFINES COST-CENTER-TABLE-VALUES.                          00830000
    84     05  COST-CENTER-TABLE   OCCURS 59 INDEXED BY CCT-INDEX.      00840003
    85         10  CCT-AGT-L50     PIC X(5).                            00850000
    86         10  FILLER          PIC X.                               00860000
    87         10  CCT-MSA-CENTER  PIC X(5).                            00870000
    88         10  FILLER          PIC X.                               00880000
    89         10  CCT-DIVISION    PIC X(2).                            00890000
    90         10  FILLER          PIC X.                               00900000
    91         10  CCT-CENTER      PIC X(4).                            00910000
    92                                                                  00920000
    93                                                                  00930000
    94 LINKAGE SECTION.                                                 00940000
    95                                                                  00950000
    96 01  AGENT-LEVEL-50        PIC X(5).                              00960000
    97 01  FREEDOM-COST-CENTER   PIC X(4).                              00970000
    98                                                                  00980000
    99                                                                  00990000
* CONVERT LIFE/70 AGENT LEVEL 50 TO FREEDOM COST CENTE 06-Oct-15 17:19 Page   4
* FNB162.cbl
   101*                                                                 01010000
   102 PROCEDURE DIVISION USING AGENT-LEVEL-50                          01020000
   103                          FREEDOM-COST-CENTER.                    01030000
   104*                                                                 01040000
   105     SET CCT-INDEX TO +1                                          01050000
   106                                                                  01060000
   107     SEARCH COST-CENTER-TABLE                                     01070000
   108       AT END MOVE SPACES TO FREEDOM-COST-CENTER                  01080000
   109       WHEN CCT-AGT-L50 (CCT-INDEX) = AGENT-LEVEL-50              01090000
   110            MOVE CCT-CENTER (CCT-INDEX) TO FREEDOM-COST-CENTER    01100000
   111     END-SEARCH                                                   01110000
   112                                                                  01120000
   113     GOBACK.                                                      01130000
   114                                                                  01140000
* Micro Focus Server Express         V5.1 revision 000 Compiler
* Copyright (C) Micro Focus IP Development Limited 1984-2012.
*                                                        REF GNR-008065005AF
* Total Messages:     0
* Data:        1692     Code:         124
