* Micro Focus Server Express         V5.1 revision 000 06-Oct-15 17:19 Page   1
* INITFLE.cbl
* Options: int("INITFLE.int") anim csi verbose NOBOUND PARAMCOUNTCHECK
*          directives(cobopt.bth) endp list("INITFLE.lst")
* Setting: NOACCEPTREFRESH NOADV ALIGN"8" ALPHASTART"1" NOALTER NOAMODE ANIM
*          NOANIMPREP ANS85 APOST NOAREACHECK ARITHMETIC"OSVS" ASSIGN
*          "EXTERNAL" NOASSIGN-PRINTER NOAUTOLOCK NOBELL NOBOUND NOBRIEF
*          NOBS2000 BWZSTAR NOBYTEMODEMOVE CALLFH"ebmlsfile" NOCALLMCS
*          NOCALLRECOVERY CALLSORT"EXTSM" CANCEL CANCELLBR NOCHANGEMESSAGE
*          CHARSET"ASCII" NOCHECKDIV NOCHECKREFMOD NOCICS CICS-CPY
*          NOCICSOPTIMIZE NOCMPR2 NOCOBFSTATCONV NOCOBIDY NOCOBOL370 COBOLDIR
*          NOCOMP COMP-5"2" COMP-6"2" NOCOMS85 CONFIRM NOCONVERTRET CONVSPACE
*          COPYEXT",cbl,cpy" NOCOPYLBR COPYLIST COPYLISTCOMMENT"1" CSI
*          CURRENCY-SIGN"36" CURRENT-DATE"MMDDYY" NODATA DATACOMPRESS"0"
*          NODATA-CONTEXT DATE DBCHECK DBCS"2" NODBCSSOSI DBSPACE DE-EDIT"2"
*          DEFAULTBYTE"32" NODEFAULTCALLS DETECTLOCK NODG DIALECT"MF"
*          NODIRECTIVES-IN-COMMENTS NODOSVS NODPCINSUBSCRIPT DYNAM
*          NOEARLY-RELEASE ECHO NOECHOALL NOEDITOR ENSUITE"0" NOENTCOBOL
*          ERRFORMAT"1" ERRLIST"EMBED" NOERRQ FASTSORT NOFCD3 NOFCDREG
*          NOFDCLEAR NOFILESHARE FILETYPE"0" NOFLAG NOFLAGAS NOFLAGCD
*          NOFLAGEUC NOFLAGMIG NOFLAGQ FLAGSINEDIT NOFLAGSTD NOFOLDCALLNAME
*          NOFOLDCOPYNAME FORM"60" NOFP-ROUNDING NOHOSTARITHMETIC
*          NOHOSTCONTZERO NOHOST-NUMCOMPARE NOHOST-NUMMOVE NOHOSTFD NOHOSTRW
*          NOIBM-MS IBMCOMP IDXFORMAT"0" NOILGEN IMPLICITSCOPE NOINDD
*          INFORETURN"0" NOINITCALL INITPTR INT"INITFLE.int" INTDATE"ANSI"
*          INTLEVEL"2" IOCONV NOISO2002 NOIXNLSKEY NOIXNUMKEY KEEP-INT
*          KEYCHECK KEYCOMPRESS"0" LIBRARIAN"2" NOLINE-COUNT LIST"INITFLE.lst"
*          LISTPATH"" LISTWIDTH"80" LITVAL-SIZE"4" LOCKTYPE"0" NOMAPNAME
*          NOMAXERROR METHODDEFAULT"REFERENCE" MF"15" MFCOMMENT NOMOVELENCHECK
*          NOMS NOMVS NATIVE"ASCII" NONATIVEFLOATINGPOINT NONCHAR
*          NONEWBASENAME NONLS NSYMBOL"DBCS" NOODOOSVS NOODOSLIDE
*          NOOLDBLANKLINE NOOLDCOPY NOOLDINDEX NOOLDNEXTSENTENCE NOOLDREADINTO
*          NOOLDSTRMIX OOCTRL"-C-E-G-P+Q+R-S+W" OPTIONAL-FILE NOOS390 OSEXT""
*          NOOSVS NOOUTDD NOP64 NOPANVALET PERFORM-TYPE"OSVS" NOPREPLIST
*          NOPREPROCESS NOPRINT-EXT NOPROFILE NOPROGID-COMMENT
*          NOPROGID-INT-NAME NOPROTECT-LINKAGE PROTOTYPE"RELAXED" QUAL
*          QUALPROC NOQUERY NOQUOTE NORAWLIST NORDW RECMODE"F" NOREENTRANT
*          NOREF NOREFNO REMAINDER"1" REPORT-LINE"256" RESEQ NORETRYLOCK
*          REWRITE-LS NORM RTNCODE-SIZE"4" NORWHARDPAGE NOSAA SEG NOSEQCHK
*          SEQUENTIAL"RECORD" NOSERIAL SETTING"LINE" NOSHAREOUTDD NOSHOW-DIR
*          SIGN"ASCII" NOSIGNDISCARD NOSIGNFIXUP SORTTYPE"DFSORT" SOURCEFORMAT
*          "FIXED" SOURCETABSTOP"8" NOSPZERO NOSSRANGE STDERR NOSTICKY-LINKAGE
*          NOSTICKY-PERFORM SUPFF SWITCHTYPE"1" SYMBSTART"1" SYSPUNCH"132"
*          TERMPAGE TIME NOTRACE NOTRUNC NOTRUNCCALLNAME NOTRUNCCOPY TRUNCINC
*          "10" UNICODE"NATIVE" VERBOSE VSC2"2" WARNING"1" NOWB NOWB2 NOWB3
*          WEBSERVER"CGI" NOWRITELOCK NOWRITETHRU NOXOPEN NOXREF
*          NOZEROLENGTHFALSE NOZEROSEQ NOZWB
     1 IDENTIFICATION DIVISION.
     2
     3 PROGRAM-ID.                 INITFLE.
     4
     5
     6*AUTHOR.     SUZAN VUKOV.
     7
     8 ENVIRONMENT DIVISION.
     9
    10 INPUT-OUTPUT SECTION.
    11
    12 FILE-CONTROL.
    13
* Micro Focus Server Express         V5.1 revision 000 06-Oct-15 17:19 Page   2
* INITFLE.cbl
    14     SELECT INPUT-FILE         ASSIGN TO ELCNTL
    15                               ORGANIZATION IS INDEXED
    16                               ACCESS IS DYNAMIC
    17                               RECORD KEY IS CF-CONTROL-PRIMARY
    18                               FILE STATUS IS
    19                                 WS-INPUT-FILE-STATUS.
    20
    21
    22 DATA DIVISION.
    23
    24 FILE SECTION.
    25
    26 FD  INPUT-FILE.
*   27                          COPY ELCCNTL.
    28******************************************************************
    29*                                                                *
    30*                                                                *
    31*                            ELCCNTL.                            *
    32*           COPYBOOK REVIEWED FOR YEAR 2000 COMPLIANCE
    33*                            VMOD=2.059                          *
    34*                                                                *
    35*   FILE DESCRIPTION = SYSTEM CONTROL FILE                       *
    36*                                                                *
    37*   FILE TYPE = VSAM,KSDS                                        *
    38*   RECORD SIZE = 750  RECFORM = FIXED                           *
    39*                                                                *
    40*   BASE CLUSTER = ELCNTL                        RKP=2,LEN=10    *
    41*       ALTERNATE INDEX = NONE                                   *
    42*                                                                *
    43*   LOG = YES                                                    *
    44*   SERVREQ = BROWSE, DELETE, UPDATE, NEWREC                     *
    45******************************************************************
    46*                   C H A N G E   L O G
    47*
    48* CHANGES ARE MARKED BY THE CHANGE EFFECTIVE DATE.
    49*-----------------------------------------------------------------
    50*  CHANGE   CHANGE REQUEST PGMR  DESCRIPTION OF CHANGE
    51* EFFECTIVE    NUMBER
    52*-----------------------------------------------------------------
    53* 082503                   PEMA  ADD BENEFIT GROUP
    54* 100703    2003080800002  PEMA  ADD SUPERGAP PROCESSING
    55* 033104    2003080800002  PEMA  ADD GAP NON REFUNDABLE OPTION
    56* 092705    2005050300006  PEMA  ADD SPP LEASES
    57* 031808    2006032200004  AJRA  ADD APPROVAL LEVEL 4
    58* 071508  CR2007110500003  PEMA  ADD NH INTEREST REFUND PROCESSING
    59* 091808    2008022800002  AJRA  ADD CHECK NUMBER TO STATE CNTL FOR AK
    60* 011410    2009061500002  AJRA  ADD REFUND IND FOR AH AND DEATH CLAIM
    61* 061511    2011042000002  AJRA  ADD IND TO VERIFY 2ND BENEFICIARY
    62* 011812    2011022800001  AJRA  ADD CSR IND TO USER SECURITY
    63* 012913    2012092400007  AJRA  ADD CAUSAL STATE IND
    64* 032813    2011013100001  AJRA  ADD CLAIM REAUDIT FIELDS
    65* 091813    2013082900001  AJRA  ADD APPROVAL LEVEL 5
    66* 051414  CR2013021100002  PEMA  RECURRENT CLAIM CHANGES
    67******************************************************************
    68*
    69 01  CONTROL-FILE.
    70     12  CF-RECORD-ID                       PIC XX.
    71         88  VALID-CF-ID                        VALUE 'CF'.
* Micro Focus Server Express         V5.1 revision 000 06-Oct-15 17:19 Page   3
* INITFLE.cbl (/apps/prod/cid1p/copy/ELCCNTL)
    72
    73     12  CF-CONTROL-PRIMARY.
    74         16  CF-COMPANY-ID                  PIC XXX.
    75         16  CF-RECORD-TYPE                 PIC X.
    76             88  CF-COMPANY-MASTER              VALUE '1'.
    77             88  CF-PROCESSOR-MASTER            VALUE '2'.
    78             88  CF-STATE-MASTER                VALUE '3'.
    79             88  CF-LF-BENEFIT-MASTER           VALUE '4'.
    80             88  CF-AH-BENEFIT-MASTER           VALUE '5'.
    81             88  CF-CARRIER-MASTER              VALUE '6'.
    82             88  CF-MORTALITY-MASTER            VALUE '7'.
    83             88  CF-BUSINESS-TYPE-MASTER        VALUE '8'.
    84             88  CF-TERMINAL-MASTER             VALUE '9'.
    85             88  CF-AH-EDIT-MASTER              VALUE 'A'.
    86             88  CF-CREDIBILITY-FACTOR-MASTER   VALUE 'B'.
    87             88  CF-CUSTOM-REPORT-MASTER        VALUE 'C'.
    88             88  CF-MORTGAGE-HT-WT-CHART        VALUE 'H'.
    89             88  CF-LIFE-EDIT-MASTER            VALUE 'L'.
    90             88  CF-MORTGAGE-PLAN-MASTER        VALUE 'M'.
    91             88  CF-MORTGAGE-COMPANY-MASTER     VALUE 'N'.
    92             88  CF-REMINDERS-MASTER            VALUE 'R'.
    93             88  CF-AUTO-ACTIVITY-MASTER        VALUE 'T'.
    94         16  CF-ACCESS-CD-GENL              PIC X(4).
    95         16  CF-ACCESS-OF-PROCESSOR  REDEFINES CF-ACCESS-CD-GENL.
    96             20  CF-PROCESSOR               PIC X(4).
    97         16  CF-ACCESS-OF-STATE  REDEFINES  CF-ACCESS-CD-GENL.
    98             20  CF-STATE-CODE              PIC XX.
    99             20  FILLER                     PIC XX.
   100         16  CF-ACCESS-OF-BENEFIT  REDEFINES  CF-ACCESS-CD-GENL.
   101             20  FILLER                     PIC XX.
   102             20  CF-HI-BEN-IN-REC           PIC XX.
   103         16  CF-ACCESS-OF-CARRIER  REDEFINES  CF-ACCESS-CD-GENL.
   104             20  FILLER                     PIC XXX.
   105             20  CF-CARRIER-CNTL            PIC X.
   106         16  CF-ACCESS-OF-BUS-TYPE REDEFINES  CF-ACCESS-CD-GENL.
   107             20  FILLER                     PIC XX.
   108             20  CF-HI-TYPE-IN-REC          PIC 99.
   109         16  CF-ACCESS-OF-CRDB-TBL REDEFINES  CF-ACCESS-CD-GENL.
   110             20  CF-CRDB-TABLE-INDICATOR    PIC X.
   111                 88  CF-CRDB-NAIC-TABLE         VALUE '9'.
   112             20  CF-CRDB-BENEFIT-TYPE       PIC X.
   113             20  CF-CRDB-WAITING-PERIOD     PIC XX.
   114         16  CF-ACCESS-OF-CUST-RPT REDEFINES  CF-ACCESS-CD-GENL.
   115             20  FILLER                     PIC X.
   116             20  CF-CUSTOM-REPORT-NO        PIC 999.
   117         16  CF-ACCESS-OF-PLAN   REDEFINES  CF-ACCESS-CD-GENL.
   118             20  FILLER                     PIC XX.
   119             20  CF-MORTGAGE-PLAN           PIC XX.
   120         16  CF-SEQUENCE-NO                 PIC S9(4)   COMP.
   121
   122     12  CF-LAST-MAINT-DT                   PIC XX.
   123     12  CF-LAST-MAINT-BY                   PIC X(4).
   124     12  CF-LAST-MAINT-HHMMSS               PIC S9(6)   COMP-3.
   125
   126     12  CF-RECORD-BODY                     PIC X(728).
   127
   128
   129****************************************************************
* Micro Focus Server Express         V5.1 revision 000 06-Oct-15 17:19 Page   4
* INITFLE.cbl (/apps/prod/cid1p/copy/ELCCNTL)
   130*             COMPANY MASTER RECORD                            *
   131****************************************************************
   132
   133     12  CF-COMPANY-MASTER-REC  REDEFINES  CF-RECORD-BODY.
   134         16  CF-COMPANY-ADDRESS.
   135             20  CF-CL-MAIL-TO-NAME         PIC X(30).
   136             20  CF-CL-IN-CARE-OF           PIC X(30).
   137             20  CF-CL-ADDR-LINE-1          PIC X(30).
   138             20  CF-CL-ADDR-LINE-2          PIC X(30).
   139             20  CF-CL-CITY-STATE           PIC X(30).
   140             20  CF-CL-ZIP-CODE-NUM         PIC 9(9)    COMP-3.
   141             20  CF-CL-PHONE-NO             PIC 9(11)   COMP-3.
   142         16  CF-COMPANY-CD                  PIC X.
   143         16  CF-COMPANY-PASSWORD            PIC X(8).
   144         16  CF-SECURITY-OPTION             PIC X.
   145             88  ALL-SECURITY                   VALUE '1'.
   146             88  COMPANY-VERIFY                 VALUE '2'.
   147             88  PROCESSOR-VERIFY               VALUE '3'.
   148             88  NO-SECURITY                    VALUE '4'.
   149             88  ALL-BUT-TERM                   VALUE '5'.
   150         16  CF-CARRIER-CONTROL-LEVEL       PIC X.
   151             88  USE-ACTUAL-CARRIER             VALUE SPACE.
   152         16  CF-LGX-INTERFACE-CNTL          PIC X.
   153             88  LGX-TIME-SHR-COMPANY           VALUE '1'.
   154         16  CF-INFORCE-LOCATION            PIC X.
   155             88  CERTS-ARE-ONLINE               VALUE '1'.
   156             88  CERTS-ARE-OFFLINE              VALUE '2'.
   157             88  NO-CERTS-AVAILABLE             VALUE '3'.
   158         16  CF-LOWER-CASE-LETTERS          PIC X.
   159         16  CF-CERT-ACCESS-CONTROL         PIC X.
   160             88  CF-ST-ACCNT-CNTL               VALUE ' '.
   161             88  CF-CARR-GROUP-ST-ACCNT-CNTL    VALUE '1'.
   162             88  CF-CARR-ST-ACCNT-CNTL          VALUE '2'.
   163             88  CF-ACCNT-CNTL                  VALUE '3'.
   164             88  CF-CARR-ACCNT-CNTL             VALUE '4'.
   165
   166         16  CF-FORMS-PRINTER-ID            PIC X(4).
   167         16  CF-CHECK-PRINTER-ID            PIC X(4).
   168
   169         16  CF-LGX-CREDIT-USER             PIC X.
   170             88  CO-IS-NOT-USER                 VALUE 'N'.
   171             88  CO-HAS-CLAS-IC-CREDIT          VALUE 'Y'.
   172
   173         16 CF-CREDIT-CALC-CODES.
   174             20  CF-CR-REM-TERM-CALC PIC X.
   175               88  CR-EARN-AFTER-15TH           VALUE '1'.
   176               88  CR-EARN-ON-HALF-MO           VALUE '2'.
   177               88  CR-EARN-ON-1ST-DAY           VALUE '3'.
   178               88  CR-EARN-ON-FULL-MO           VALUE '4'.
   179               88  CR-EARN-WITH-NO-DAYS         VALUE '5'.
   180               88  CR-EARN-AFTER-14TH           VALUE '6'.
   181               88  CR-EARN-AFTER-16TH           VALUE '7'.
   182             20  CF-CR-R78-METHOD           PIC X.
   183               88  USE-TERM-PLUS-ONE            VALUE SPACE.
   184               88  DONT-USE-PLUS-ONE            VALUE '1'.
   185
   186         16  CF-CLAIM-CONTROL-COUNTS.
   187             20  CF-CO-CLAIM-COUNTER        PIC S9(8)   COMP.
* Micro Focus Server Express         V5.1 revision 000 06-Oct-15 17:19 Page   5
* INITFLE.cbl (/apps/prod/cid1p/copy/ELCCNTL)
   188                 88  CO-CLM-COUNT-RESET         VALUE +99999.
   189
   190             20  CF-CO-ARCHIVE-COUNTER      PIC S9(8)   COMP.
   191                 88  CO-ARCHIVE-COUNT-RESET     VALUE +999999.
   192
   193             20  CF-CO-CHECK-COUNTER        PIC S9(8)   COMP.
   194                 88  CO-CHECK-COUNT-RESET       VALUE +9999999.
   195
   196             20  CF-CO-CHECK-QUE-COUNTER    PIC S9(8)   COMP.
   197                 88  CO-QUE-COUNT-RESET         VALUE +9999999.
   198
   199         16  CF-CURRENT-MONTH-END           PIC XX.
   200
   201         16  CF-CO-CALC-QUOTE-TOLERANCE.
   202             20  CF-CO-TOL-CLAIM            PIC S999V99   COMP-3.
   203             20  CF-CO-TOL-PREM             PIC S999V99   COMP-3.
   204             20  CF-CO-TOL-REFUND           PIC S999V99   COMP-3.
   205             20  CF-CO-CLAIM-REJECT-SW      PIC X.
   206                 88 CO-WARN-IF-CLAIM-OUT        VALUE SPACE.
   207                 88 CO-FORCE-IF-CLAIM-OUT       VALUE '1'.
   208             20  CF-CO-PREM-REJECT-SW       PIC X.
   209                 88 CO-WARN-IF-PREM-OUT         VALUE SPACE.
   210                 88 CO-FORCE-IF-PREM-OUT        VALUE '1'.
   211             20  CF-CO-REF-REJECT-SW        PIC X.
   212                 88 CO-WARN-IF-REF-OUT          VALUE SPACE.
   213                 88 CO-FORCE-IF-REF-OUT         VALUE '1'.
   214
   215         16  CF-CO-REPORTING-DT             PIC XX.
   216         16  CF-CO-REPORTING-MONTH-DT       PIC XX.
   217         16  CF-CO-REPORTING-MONTH-END-SW   PIC X.
   218           88  CF-CO-NOT-MONTH-END              VALUE SPACES.
   219           88  CF-CO-MONTH-END                  VALUE '1'.
   220
   221         16  CF-LGX-CLAIM-USER              PIC X.
   222             88  CO-IS-NOT-CLAIM-USER           VALUE 'N'.
   223             88  CO-HAS-CLAS-IC-CLAIM           VALUE 'Y'.
   224
   225         16  CF-CREDIT-EDIT-CONTROLS.
   226             20  CF-MIN-PREMIUM             PIC S999V99   COMP-3.
   227             20  CF-MIN-AGE                 PIC 99.
   228             20  CF-DEFAULT-AGE             PIC 99.
   229             20  CF-MIN-TERM                PIC S999      COMP-3.
   230             20  CF-MAX-TERM                PIC S999      COMP-3.
   231             20  CF-DEFAULT-SEX             PIC X.
   232             20  CF-JOINT-AGE-INPUT         PIC X.
   233                 88 CF-JOINT-AGE-IS-INPUT       VALUE '1'.
   234             20  CF-BIRTH-DATE-INPUT        PIC X.
   235                 88 CF-BIRTH-DATE-IS-INPUT      VALUE '1'.
   236             20  CF-CAR-GROUP-ACCESS-CNTL   PIC X.
   237                 88  CF-USE-ACTUAL-CARRIER      VALUE ' '.
   238                 88  CF-ZERO-CARRIER            VALUE '1'.
   239                 88  CF-ZERO-GROUPING           VALUE '2'.
   240                 88  CF-ZERO-CAR-GROUP          VALUE '3'.
   241             20  CF-EDIT-SW                 PIC X.
   242                 88  CF-START-EDIT-TONIGHT      VALUE '1'.
   243             20  CF-EDIT-RESTART-BATCH      PIC X(6).
   244             20  CF-CR-PR-METHOD            PIC X.
   245               88  USE-NORMAL-PR-METHOD         VALUE SPACE.
* Micro Focus Server Express         V5.1 revision 000 06-Oct-15 17:19 Page   6
* INITFLE.cbl (/apps/prod/cid1p/copy/ELCCNTL)
   246               88  ADJUST-ORIG-TERM-BY-5        VALUE '1'.
   247             20  FILLER                     PIC X.
   248
   249         16  CF-CREDIT-MISC-CONTROLS.
   250             20  CF-REIN-TABLE-SW           PIC X.
   251                 88 REIN-TABLES-ARE-USED        VALUE '1'.
   252             20  CF-COMP-TABLE-SW           PIC X.
   253                 88 COMP-TABLES-ARE-USED        VALUE '1'.
   254             20  CF-EXPERIENCE-RETENTION-AGE
   255                                            PIC S9        COMP-3.
   256             20  CF-CONVERSION-DT           PIC XX.
   257             20  CF-COMP-WRITE-OFF-AMT      PIC S999V99   COMP-3.
   258             20  CF-RUN-FREQUENCY-SW        PIC X.
   259                 88 CO-IS-PROCESSED-MONTHLY     VALUE SPACE.
   260                 88 CO-IS-PROCESSED-ON-QTR      VALUE '1'.
   261
   262             20  CF-CR-CHECK-NO-CONTROL.
   263                 24  CF-CR-CHECK-NO-METHOD    PIC X.
   264                     88  CR-CHECK-NO-MANUAL       VALUE '1'.
   265                     88  CR-CHECK-NO-AUTO-SEQ     VALUE '2'.
   266                     88  CR-CHECK-NO-AT-PRINT     VALUE '4'.
   267                 24  CF-CR-CHECK-COUNTER      PIC S9(8)   COMP.
   268                     88  CR-CHECK-CNT-RESET-VALUE VALUE +999999.
   269
   270                 24  CF-CR-CHECK-COUNT       REDEFINES
   271                     CF-CR-CHECK-COUNTER      PIC X(4).
   272
   273                 24  CF-CR-CHECK-QUE-COUNTER  PIC S9(8)  COMP.
   274                     88  CR-QUE-COUNT-RESET      VALUE +9999999.
   275
   276                 24  CF-CR-CHECK-QUE-COUNT   REDEFINES
   277                     CF-CR-CHECK-QUE-COUNTER  PIC X(4).
   278                 24  CF-MAIL-PROCESSING       PIC X.
   279                     88  MAIL-PROCESSING          VALUE 'Y'.
   280
   281         16  CF-MISC-SYSTEM-CONTROL.
   282             20  CF-SYSTEM-C                 PIC X.
   283                 88  CONFIRMATION-SYS-USED       VALUE '1'.
   284             20  CF-SYSTEM-D                 PIC X.
   285                 88  DAILY-BILL-SYS-USED         VALUE '1'.
   286             20  CF-SOC-SEC-NO-SW            PIC X.
   287                 88  SOC-SEC-NO-USED             VALUE '1'.
   288             20  CF-MEMBER-NO-SW             PIC X.
   289                 88  MEMBER-NO-USED              VALUE '1'.
   290             20  CF-TAX-ID-NUMBER            PIC X(11).
   291             20  CF-JOURNAL-FILE-ID          PIC S9(4) COMP.
   292             20  CF-PAYMENT-APPROVAL-SW      PIC X.
   293                 88  CF-PMT-APPROVAL-USED        VALUE 'Y' 'G'.
   294                 88  CF-NO-APPROVAL              VALUE ' ' 'N'.
   295                 88  CF-ALL-APPROVED             VALUE 'Y'.
   296                 88  CF-GRADUATED-APPROVAL       VALUE 'G'.
   297             20  CF-SYSTEM-E                 PIC X.
   298                 88  CF-AR-SYSTEM-USED           VALUE 'Y'.
   299
   300         16  CF-LGX-LIFE-USER               PIC X.
   301             88  CO-IS-NOT-LIFE-USER            VALUE 'N'.
   302             88  CO-HAS-CLAS-IC-LIFE            VALUE 'Y'.
   303
* Micro Focus Server Express         V5.1 revision 000 06-Oct-15 17:19 Page   7
* INITFLE.cbl (/apps/prod/cid1p/copy/ELCCNTL)
   304         16  CF-CR-MONTH-END-DT             PIC XX.
   305
   306         16  CF-FILE-MAINT-DATES.
   307             20  CF-LAST-BATCH-NO           PIC S9(8)   COMP.
   308                 88  CF-LAST-BATCH-RESET        VALUE +999999.
   309             20  CF-LAST-BATCH       REDEFINES
   310                 CF-LAST-BATCH-NO               PIC X(4).
   311             20  CF-RATES-FILE-MAINT-DT         PIC XX.
   312             20  CF-RATES-FILE-CREATE-DT        PIC XX.
   313             20  CF-COMMISSION-TAB-MAINT-DT     PIC XX.
   314             20  CF-COMMISSION-TAB-CREATE-DT    PIC XX.
   315             20  CF-ACCOUNT-MSTR-MAINT-DT       PIC XX.
   316             20  CF-ACCOUNT-MSTR-CREATE-DT      PIC XX.
   317             20  CF-REINSURANCE-TAB-MAINT-DT    PIC XX.
   318             20  CF-REINSURANCE-TAB-CREATE-DT   PIC XX.
   319             20  CF-COMPENSATION-MSTR-MAINT-DT  PIC XX.
   320             20  CF-COMPENSATION-MSTR-CREATE-DT PIC XX.
   321
   322         16  CF-NEXT-COMPANY-ID             PIC XXX.
   323         16  FILLER                         PIC X.
   324
   325         16  CF-ALT-MORT-CODE               PIC X(4).
   326         16  CF-MEMBER-CAPTION              PIC X(10).
   327
   328         16  CF-LIFE-ACCESS-CONTROL         PIC X.
   329             88  CF-LIFE-ST-ACCNT-CNTL          VALUE ' '.
   330             88  CF-LIFE-CARR-GRP-ST-ACCNT-CNTL VALUE '1'.
   331             88  CF-LIFE-CARR-ST-ACCNT-CNTL     VALUE '2'.
   332             88  CF-LIFE-ACCNT-CNTL             VALUE '3'.
   333             88  CF-LIFE-CARR-ACCNT-CNTL        VALUE '4'.
   334
   335         16  CF-STARTING-ARCH-NO            PIC S9(8) COMP.
   336
   337         16  CF-LIFE-OVERRIDE-L1            PIC X.
   338         16  CF-LIFE-OVERRIDE-L2            PIC XX.
   339         16  CF-LIFE-OVERRIDE-L6            PIC X(6).
   340         16  CF-LIFE-OVERRIDE-L12           PIC X(12).
   341
   342         16  CF-AH-OVERRIDE-L1              PIC X.
   343         16  CF-AH-OVERRIDE-L2              PIC XX.
   344         16  CF-AH-OVERRIDE-L6              PIC X(6).
   345         16  CF-AH-OVERRIDE-L12             PIC X(12).
   346
   347         16  CF-REPORT-CD1-CAPTION          PIC X(10).
   348         16  CF-REPORT-CD2-CAPTION          PIC X(10).
   349
   350         16  CF-CLAIM-CUTOFF-DATE           PIC XX.
   351         16  CF-AR-LAST-EL860-DT            PIC XX.
   352         16  CF-MP-MONTH-END-DT             PIC XX.
   353
   354         16  CF-MAX-NUM-PMTS-CHECK          PIC 99.
   355         16  CF-CLAIM-PAID-THRU-TO          PIC X.
   356             88  CF-CLAIM-PAID-TO               VALUE '1'.
   357
   358         16  CF-AR-MONTH-END-DT             PIC XX.
   359
   360         16  CF-CRDTCRD-USER                PIC X.
   361             88  CO-IS-NOT-CRDTCRD-USER         VALUE 'N'.
* Micro Focus Server Express         V5.1 revision 000 06-Oct-15 17:19 Page   8
* INITFLE.cbl (/apps/prod/cid1p/copy/ELCCNTL)
   362             88  CO-HAS-CLAS-IC-CRDTCRD         VALUE 'Y'.
   363
   364         16  CF-CC-MONTH-END-DT             PIC XX.
   365
   366         16  CF-PRINT-ADDRESS-LABELS        PIC X.
   367
   368         16  CF-MORTALITY-AGE-CALC-METHOD   PIC X.
   369             88  CF-USE-TABLE-ASSIGNED-METHOD   VALUE '1' ' '.
   370             88  CF-USE-ALL-AGE-LAST            VALUE '2'.
   371             88  CF-USE-ALL-AGE-NEAR            VALUE '3'.
   372         16  CF-CO-TOL-PREM-PCT             PIC S9V9(4)   COMP-3.
   373         16  CF-CO-TOL-REFUND-PCT           PIC S9V9(4)   COMP-3.
   374         16  CF-CO-TOL-CAP                  PIC S9(3)V99  COMP-3.
   375         16  CF-CO-RESERVE-OPTION-SWITCH    PIC  X.
   376             88  OPTIONAL-RESERVE-METHOD-AUTH    VALUE 'Y'.
   377             88  OPTIONAL-RESERVE-MTHD-NOT-AUTH  VALUE ' ' 'N'.
   378         16  CF-CO-IBNR-LAG-MONTHS          PIC S9(3)     COMP-3.
   379         16  CF-CO-CIDA-TABLE-DISCOUNT-PCT  PIC S9V9(4)   COMP-3.
   380         16  CF-CO-CRDB-TABLE-SELECTION     PIC  X.
   381             88  NIAC-CREDIBILITY-TABLE          VALUE '9'.
   382         16  CF-CO-ST-CALL-RPT-CNTL         PIC  X.
   383
   384         16  CF-CL-ZIP-CODE.
   385             20  CF-CL-ZIP-PRIME.
   386                 24  CF-CL-ZIP-1ST          PIC X.
   387                     88  CF-CL-CAN-POST-CODE  VALUE 'A' THRU 'Z'.
   388                 24  FILLER                 PIC X(4).
   389             20  CF-CL-ZIP-PLUS4            PIC X(4).
   390         16  CF-CL-CANADIAN-POSTAL-CODE REDEFINES CF-CL-ZIP-CODE.
   391             20  CF-CL-CAN-POSTAL-1         PIC XXX.
   392             20  CF-CL-CAN-POSTAL-2         PIC XXX.
   393             20  FILLER                     PIC XXX.
   394
   395         16  CF-CO-CALCULATION-INTEREST     PIC S9V9(4)  COMP-3.
   396         16  CF-CO-IBNR-AH-FACTOR           PIC S9V9(4)  COMP-3.
   397         16  CF-CO-IBNR-LIFE-FACTOR         PIC S9V9(4)  COMP-3.
   398         16  CF-CO-OPTION-START-DATE        PIC XX.
   399         16  CF-REM-TRM-CALC-OPTION         PIC X.
   400           88  CF-VALID-REM-TRM-OPTION          VALUE '1' '2'
   401                                                      '3' '4'.
   402           88  CF-CONSIDER-EXTENSION            VALUE '3' '4'.
   403           88  CF-30-DAY-MONTH                  VALUE '1' '3'.
   404           88  CF-NO-EXT-30-DAY-MONTH           VALUE '1'.
   405           88  CF-NO-EXT-ACTUAL-DAYS            VALUE '2'.
   406           88  CF-EXT-30-DAY-MONTH              VALUE '3'.
   407           88  CF-EXT-ACTUAL-DAYS               VALUE '4'.
   408
   409         16  CF-DEFAULT-APR                 PIC S999V9(4) COMP-3.
   410
   411         16  CF-PAYMENT-APPROVAL-LEVELS.
   412             20  CF-LIFE-PAY-APP-LEVEL-1    PIC S9(7)   COMP-3.
   413             20  CF-LIFE-PAY-APP-LEVEL-2    PIC S9(7)   COMP-3.
   414             20  CF-LIFE-PAY-APP-LEVEL-3    PIC S9(7)   COMP-3.
   415             20  CF-AH-PAY-APP-LEVEL-1      PIC S9(7)   COMP-3.
   416             20  CF-AH-PAY-APP-LEVEL-2      PIC S9(7)   COMP-3.
   417             20  CF-AH-PAY-APP-LEVEL-3      PIC S9(7)   COMP-3.
   418
   419         16  CF-END-USER-REPORTING-USER     PIC X.
* Micro Focus Server Express         V5.1 revision 000 06-Oct-15 17:19 Page   9
* INITFLE.cbl (/apps/prod/cid1p/copy/ELCCNTL)
   420             88  CO-NO-END-USER-REPORTING       VALUE 'N'.
   421             88  CO-USES-END-USER-REPORTING     VALUE 'Y'.
   422
   423         16  CF-CLAIMS-CHECK-RECON-USER     PIC X.
   424             88  CO-NO-USE-CLAIMS-RECON         VALUE 'N'.
   425             88  CO-USES-CLAIMS-RECON           VALUE 'Y'.
   426
   427         16  CF-CLAIMS-LAST-PROCESS-DT      PIC XX.
   428
   429         16  CF-CREDIT-REF-SSN-CNT          PIC S9(5)  COMP-3.
   430         16  FILLER                         PIC X.
   431
   432         16  CF-CREDIT-ARCHIVE-CNTL.
   433             20  CF-CREDIT-LAST-ARCH-NUM    PIC S9(9)  COMP-3.
   434             20  CF-CREDIT-START-ARCH-NUM   PIC S9(9)  COMP-3.
   435             20  CF-CREDIT-ARCH-PURGE-YR    PIC S9     COMP-3.
   436
   437         16  CF-CR-PRINT-ADDRESS-LABELS     PIC X.
   438
   439         16  CF-CLAIMS-AUDIT-CHANGES        PIC X.
   440             88  CO-NO-USE-AUDIT-CHANGES        VALUE 'N'.
   441             88  CO-USES-AUDIT-CHANGES          VALUE 'Y'.
   442
   443         16  CF-CLAIMS-CREDIT-CARD-INDEX    PIC X.
   444             88  CO-NO-USE-CREDIT-CARD-INDEX    VALUE 'N'.
   445             88  CO-USES-CREDIT-CARD-INDEX      VALUE 'Y'.
   446
   447         16  CF-CLAIMS-LETTER-MAINT-DAYS    PIC 99.
   448
   449         16  CF-CO-ACH-ID-CODE              PIC  X.
   450             88  CF-CO-ACH-ICD-IRS-EIN          VALUE '1'.
   451             88  CF-CO-ACH-ICD-DUNS             VALUE '2'.
   452             88  CF-CO-ACH-ICD-USER-NO          VALUE '3'.
   453         16  CF-CO-ACH-CLAIM-SEND-NAME      PIC X(23).
   454         16  CF-CO-ACH-CLAIM-BK-NO          PIC X(09).
   455         16  CF-CO-ACH-ADMIN-SEND-NAME      PIC X(23).
   456         16  CF-CO-ACH-ADMIN-NO             PIC X(09).
   457         16  CF-CO-ACH-RECV-NAME            PIC X(23).
   458         16  CF-CO-ACH-RECV-NO              PIC X(08).
   459         16  CF-CO-ACH-ORIGINATOR-NO        PIC X(08).
   460         16  CF-CO-ACH-COMPANY-ID           PIC X(09).
   461         16  CF-CO-ACH-TRACE-NO             PIC 9(07) COMP.
   462                 88  CO-ACH-TRACE-NO-RESET      VALUE 9999999.
   463         16  CF-CO-ACH-TRACE-SPACE REDEFINES
   464                 CF-CO-ACH-TRACE-NO         PIC X(4).
   465
   466         16  CF-CO-OVER-SHORT.
   467             20 CF-CO-OVR-SHT-AMT           PIC S999V99   COMP-3.
   468             20 CF-CO-OVR-SHT-PCT           PIC S9V9(4)   COMP-3.
   469
   470*         16  FILLER                         PIC X(102).
   471         16  CF-PAYMENT-APPROVAL-LEVELS-2.
   472             20  CF-LIFE-PAY-APP-LEVEL-4    PIC S9(7)   COMP-3.
   473             20  CF-AH-PAY-APP-LEVEL-4      PIC S9(7)   COMP-3.
   474
   475         16  CF-AH-APPROVAL-DAYS.
   476             20  CF-AH-APP-DAY-LEVEL-1     PIC S9(5)   COMP-3.
   477             20  CF-AH-APP-DAY-LEVEL-2     PIC S9(5)   COMP-3.
* Micro Focus Server Express         V5.1 revision 000 06-Oct-15 17:19 Page  10
* INITFLE.cbl (/apps/prod/cid1p/copy/ELCCNTL)
   478             20  CF-AH-APP-DAY-LEVEL-3     PIC S9(5)   COMP-3.
   479             20  CF-AH-APP-DAY-LEVEL-4     PIC S9(5)   COMP-3.
   480
   481         16  CF-CO-REAUDIT-INTERVAL        PIC S9(5)   COMP-3.
   482
   483         16  CF-APPROV-LEV-5.
   484             20  CF-LIFE-PAY-APP-LEVEL-5    PIC S9(7)   COMP-3.
   485             20  CF-AH-PAY-APP-LEVEL-5      PIC S9(7)   COMP-3.
   486             20  CF-AH-APP-DAY-LEVEL-5      PIC S9(5)   COMP-3.
   487
   488         16  FILLER                         PIC X(68).
   489****************************************************************
   490*             PROCESSOR/USER RECORD                            *
   491****************************************************************
   492
   493     12  CF-PROCESSOR-MASTER-REC  REDEFINES  CF-RECORD-BODY.
   494         16  CF-PROCESSOR-NAME              PIC X(30).
   495         16  CF-PROCESSOR-PASSWORD          PIC X(11).
   496         16  CF-PROCESSOR-TITLE             PIC X(26).
   497         16  CF-MESSAGE-AT-LOGON-CAP        PIC X.
   498                 88  MESSAGE-YES                VALUE 'Y'.
   499                 88  MESSAGE-NO                 VALUE ' ' 'N'.
   500
   501*****************************************************
   502****  OCCURRENCE (1) CREDIT APPLICATIONS         ****
   503****  OCCURRENCE (2) CLAIMS APPLICATIONS         ****
   504****  OCCURRENCE (3) CREDIT CARD APPLICATIONS    ****
   505****  OCCURRENCE (4) ACCT RECV APPLICATIONS      ****
   506*****************************************************
   507
   508         16  CF-SYSTEM-SECURITY  OCCURS  4 TIMES.
   509             20  CF-ADMINISTRATION-CONTROLS PIC XX.
   510             20  CF-APPLICATION-FORCE       PIC X.
   511             20  CF-INDIVIDUAL-APP.
   512                 24  CF-APP-SWITCHES  OCCURS  44 TIMES.
   513                     28  CF-BROWSE-APP      PIC X.
   514                     28  CF-UPDATE-APP      PIC X.
   515
   516         16  CF-CURRENT-TERM-ON             PIC X(4).
   517         16  CF-PROCESSOR-LIMITS-CLAIMS.
   518             20  CF-PROC-CALC-AMT-TOL       PIC S999V99   COMP-3.
   519             20  CF-PROC-MAX-REG-PMT        PIC S9(7)V99  COMP-3.
   520             20  CF-PROC-MAX-REG-DAYS       PIC S999      COMP-3.
   521             20  CF-PROC-MAX-AUTO-PMT       PIC S9(7)V99  COMP-3.
   522             20  CF-PROC-MAX-AUTO-MOS       PIC S999      COMP-3.
   523             20  CF-PROC-CALC-DAYS-TOL      PIC S999      COMP-3.
   524             20  CF-PROC-MAX-LF-PMT         PIC S9(7)V99  COMP-3.
   525         16  CF-PROCESSOR-CARRIER           PIC X.
   526             88  NO-CARRIER-SECURITY            VALUE ' '.
   527         16  CF-PROCESSOR-ACCOUNT           PIC X(10).
   528             88  NO-ACCOUNT-SECURITY            VALUE SPACES.
   529         16  CF-PROCESSOR-LIFE-ACCESS       PIC X.
   530             88  PROCESSOR-HAS-LIFE-ACCESS      VALUE 'Y'.
   531         16  CF-PROCESSOR-USER-ALMIGHTY     PIC X.
   532             88  PROCESSOR-USER-IS-ALMIGHTY     VALUE 'Y'.
   533
   534         16  CF-PROC-SYS-ACCESS-SW.
   535             20  CF-PROC-CREDIT-CLAIMS-SW.
* Micro Focus Server Express         V5.1 revision 000 06-Oct-15 17:19 Page  11
* INITFLE.cbl (/apps/prod/cid1p/copy/ELCCNTL)
   536                 24  CF-PROC-SYS-ACCESS-CREDIT  PIC X.
   537                     88  ACCESS-TO-CREDIT           VALUE 'Y'.
   538                 24  CF-PROC-SYS-ACCESS-CLAIMS  PIC X.
   539                     88  ACCESS-TO-CLAIMS           VALUE 'Y'.
   540             20  CF-PROC-CREDIT-CLAIMS   REDEFINES
   541                 CF-PROC-CREDIT-CLAIMS-SW       PIC XX.
   542                 88  ACCESS-TO-CLAIM-CREDIT         VALUE 'YY'.
   543             20  CF-PROC-LIFE-GNRLDGR-SW.
   544                 24  CF-PROC-SYS-ACCESS-LIFE    PIC X.
   545                     88  ACCESS-TO-LIFE             VALUE 'Y'.
   546                 24  CF-PROC-SYS-ACCESS-GNRLDGR PIC X.
   547                     88  ACCESS-TO-GNRLDGR          VALUE 'Y'.
   548             20  CF-PROC-LIFE-GNRLDGR    REDEFINES
   549                 CF-PROC-LIFE-GNRLDGR-SW        PIC XX.
   550                 88  ACCESS-TO-LIFE-GNRLDGR         VALUE 'YY'.
   551         16  CF-PROC-SYS-ACCESS-ALL      REDEFINES
   552             CF-PROC-SYS-ACCESS-SW              PIC X(4).
   553             88  ACCESS-TO-ALL-SYSTEMS              VALUE 'YYYY'.
   554         16  CF-PROCESSOR-PRINTER               PIC X(4).
   555
   556         16  CF-APPROVAL-LEVEL                  PIC X.
   557             88  APPROVAL-LEVEL-1                   VALUE '1'.
   558             88  APPROVAL-LEVEL-2                   VALUE '2'.
   559             88  APPROVAL-LEVEL-3                   VALUE '3'.
   560             88  APPROVAL-LEVEL-4                   VALUE '4'.
   561             88  APPROVAL-LEVEL-5                   VALUE '5'.
   562
   563         16  CF-PROC-MAX-EXP-PMT            PIC S9(7)V99  COMP-3.
   564
   565         16  CF-LANGUAGE-TYPE                   PIC X.
   566             88  CF-LANG-IS-ENG                     VALUE 'E'.
   567             88  CF-LANG-IS-FR                      VALUE 'F'.
   568
   569         16  CF-CSR-IND                         PIC X.
   570         16  FILLER                             PIC X(239).
   571
   572****************************************************************
   573*             PROCESSOR/REMINDERS RECORD                       *
   574****************************************************************
   575
   576     12  CF-PROCESSOR-REMINDER-REC  REDEFINES  CF-RECORD-BODY.
   577         16  CF-PROCESSOR-REMINDERS  OCCURS 8 TIMES.
   578             20  CF-START-REMIND-DT         PIC XX.
   579             20  CF-END-REMIND-DT           PIC XX.
   580             20  CF-REMINDER-TEXT           PIC X(50).
   581         16  FILLER                         PIC X(296).
   582
   583
   584****************************************************************
   585*             STATE MASTER RECORD                              *
   586****************************************************************
   587
   588     12  CF-STATE-MASTER-REC  REDEFINES  CF-RECORD-BODY.
   589         16  CF-STATE-ABBREVIATION          PIC XX.
   590         16  CF-STATE-NAME                  PIC X(25).
   591         16  CF-ST-CALC-INTEREST            PIC S9V9(4)   COMP-3.
   592         16  CF-ST-CALC-QUOTE-TOLERANCE.
   593             20  CF-ST-TOL-CLAIM            PIC S999V99   COMP-3.
* Micro Focus Server Express         V5.1 revision 000 06-Oct-15 17:19 Page  12
* INITFLE.cbl (/apps/prod/cid1p/copy/ELCCNTL)
   594             20  CF-ST-TOL-PREM             PIC S999V99   COMP-3.
   595             20  CF-ST-TOL-REFUND           PIC S999V99   COMP-3.
   596             20  CF-ST-CLAIM-REJECT-SW      PIC X.
   597                 88 ST-WARN-IF-CLAIM-OUT        VALUE SPACE.
   598                 88 ST-FORCE-IF-CLAIM-OUT       VALUE '1'.
   599             20  CF-ST-PREM-REJECT-SW       PIC X.
   600                 88 ST-WARN-IF-PREM-OUT         VALUE SPACE.
   601                 88 ST-FORCE-IF-PREM-OUT        VALUE '1'.
   602             20  CF-ST-REF-REJECT-SW        PIC X.
   603                 88 ST-WARN-IF-REF-OUT          VALUE SPACE.
   604                 88 ST-FORCE-IF-REF-OUT         VALUE '1'.
   605         16  CF-ST-LF-EXP-PCT               PIC S999V9(4) COMP-3.
   606         16  CF-ST-AH-EXP-PCT               PIC S999V9(4) COMP-3.
   607         16  CF-ST-REFUND-RULES.
   608             20  CF-ST-REFUND-MIN           PIC S999V99    COMP-3.
   609             20  CF-ST-REFUND-DAYS-FIRST    PIC 99.
   610             20  CF-ST-REFUND-DAYS-SUBSEQ   PIC 99.
   611         16  CF-ST-FST-PMT-EXTENSION.
   612             20  CF-ST-FST-PMT-DAYS-MAX     PIC 999.
   613             20  CF-ST-FST-PMT-DAYS-CHG     PIC X.
   614                 88  CF-ST-EXT-NO-CHG           VALUE ' '.
   615                 88  CF-ST-EXT-CHG-LF           VALUE '1'.
   616                 88  CF-ST-EXT-CHG-AH           VALUE '2'.
   617                 88  CF-ST-EXT-CHG-LF-AH        VALUE '3'.
   618         16  CF-ST-STATE-CALL.
   619             20  CF-ST-CALL-UNEARNED        PIC X.
   620             20  CF-ST-CALL-RPT-CNTL        PIC X.
   621             20  CF-ST-CALL-RATE-DEV        PIC XXX.
   622         16  CF-REPLACEMENT-LAW-SW          PIC X.
   623             88  CF-REPLACEMENT-LAW-APPLIES     VALUE 'Y'.
   624             88  CF-REPL-LAW-NOT-APPLICABLE     VALUE 'N'.
   625         16  CF-REPLACEMENT-LETTER          PIC X(4).
   626         16  CF-ST-TOL-PREM-PCT             PIC S9V9999 COMP-3.
   627         16  CF-ST-TOL-REF-PCT              PIC S9V9999 COMP-3.
   628         16  CF-ST-TARGET-LOSS-RATIO        PIC S9V9(4) COMP-3.
   629         16  CF-ST-SPLIT-PAYMENT            PIC X.
   630         16  FILLER                         PIC X.
   631         16  CF-STATE-BENEFIT-CNTL  OCCURS 50 TIMES.
   632             20  CF-ST-BENEFIT-CD           PIC XX.
   633             20  CF-ST-BENEFIT-KIND         PIC X.
   634                 88  CF-ST-LIFE-KIND            VALUE 'L'.
   635                 88  CF-ST-AH-KIND              VALUE 'A'.
   636             20  CF-ST-REM-TERM-CALC        PIC X.
   637                 88  ST-REM-TERM-NOT-USED       VALUE SPACE.
   638                 88  ST-EARN-AFTER-15TH         VALUE '1'.
   639                 88  ST-EARN-ON-HALF-MO         VALUE '2'.
   640                 88  ST-EARN-ON-1ST-DAY         VALUE '3'.
   641                 88  ST-EARN-ON-FULL-MO         VALUE '4'.
   642                 88  ST-EARN-WITH-NO-DAYS       VALUE '5'.
   643                 88  ST-EARN-AFTER-14TH         VALUE '6'.
   644                 88  ST-EARN-AFTER-16TH         VALUE '7'.
   645
   646             20  CF-ST-REFUND-CALC          PIC X.
   647                 88  ST-REFUND-NOT-USED         VALUE SPACE.
   648                 88  ST-REFD-BY-R78             VALUE '1'.
   649                 88  ST-REFD-BY-PRO-RATA        VALUE '2'.
   650                 88  ST-REFD-AS-CALIF           VALUE '3'.
   651                 88  ST-REFD-AS-TEXAS           VALUE '4'.
* Micro Focus Server Express         V5.1 revision 000 06-Oct-15 17:19 Page  13
* INITFLE.cbl (/apps/prod/cid1p/copy/ELCCNTL)
   652                 88  ST-REFD-IS-NET-PAY         VALUE '5'.
   653                 88  ST-REFD-ANTICIPATION       VALUE '6'.
   654                 88  ST-REFD-UTAH               VALUE '7'.
   655                 88  ST-REFD-SUM-OF-DIGITS      VALUE '9'.
   656                 88  ST-REFD-REG-BALLOON        VALUE 'B'.
   657                 88  ST-REFD-GAP-NON-REFUND     VALUE 'G'.
   658
   659             20  CF-ST-EARNING-CALC         PIC X.
   660                 88  ST-EARNING-NOT-USED        VALUE SPACE.
   661                 88  ST-EARN-BY-R78             VALUE '1'.
   662                 88  ST-EARN-BY-PRO-RATA        VALUE '2'.
   663                 88  ST-EARN-AS-CALIF           VALUE '3'.
   664                 88  ST-EARN-AS-TEXAS           VALUE '4'.
   665                 88  ST-EARN-IS-NET-PAY         VALUE '5'.
   666                 88  ST-EARN-ANTICIPATION       VALUE '6'.
   667                 88  ST-EARN-MEAN               VALUE '8'.
   668                 88  ST-EARN-REG-BALLOON        VALUE 'B'.
   669
   670             20  CF-ST-OVRD-EARNINGS-CALC   PIC X.
   671                 88  ST-OVERRIDE-NOT-USED       VALUE SPACE.
   672                 88  ST-OVRD-BY-R78             VALUE '1'.
   673                 88  ST-OVRD-BY-PRO-RATA        VALUE '2'.
   674                 88  ST-OVRD-AS-CALIF           VALUE '3'.
   675                 88  ST-OVRD-AS-TEXAS           VALUE '4'.
   676                 88  ST-OVRD-IS-NET-PAY         VALUE '5'.
   677                 88  ST-OVRD-ANTICIPATION       VALUE '6'.
   678                 88  ST-OVRD-MEAN               VALUE '8'.
   679                 88  ST-OVRD-REG-BALLOON        VALUE 'B'.
   680             20  cf-st-extra-periods        pic 9.
   681*            20  FILLER                     PIC X.
   682
   683         16  CF-ST-COMMISSION-CAPS.
   684             20  CF-ST-COMM-CAP-SL          PIC S9V9(4) COMP-3.
   685             20  CF-ST-COMM-CAP-JL          PIC S9V9(4) COMP-3.
   686             20  CF-ST-COMM-CAP-SA          PIC S9V9(4) COMP-3.
   687             20  CF-ST-COMM-CAP-JA          PIC S9V9(4) COMP-3.
   688         16  CF-COMM-CAP-LIMIT-TO           PIC X.
   689                 88  ST-LIMIT-TO-ACCOUNT        VALUE 'A'.
   690
   691         16  CF-ST-RES-TAX-PCT              PIC S9V9(4) COMP-3.
   692
   693         16  CF-ST-STATUTORY-INTEREST.
   694             20  CF-ST-STAT-DATE-FROM       PIC X.
   695                 88  ST-STAT-FROM-INCURRED      VALUE 'I'.
   696                 88  ST-STAT-FROM-REPORTED      VALUE 'R'.
   697             20  CF-ST-NO-DAYS-ELAPSED      PIC 99.
   698             20  CF-ST-STAT-INTEREST        PIC S9V9(4) COMP-3.
   699             20  CF-ST-STAT-INTEREST-1      PIC S9V9(4) COMP-3.
   700             20  CF-ST-STAT-INTEREST-2      PIC S9V9(4) COMP-3.
   701             20  CF-ST-STAT-INTEREST-3      PIC S9V9(4) COMP-3.
   702
   703         16  CF-ST-OVER-SHORT.
   704             20 CF-ST-OVR-SHT-AMT           PIC S999V99 COMP-3.
   705             20 CF-ST-OVR-SHT-PCT           PIC S9V9(4) COMP-3.
   706
   707         16  CF-ST-FREE-LOOK-PERIOD         PIC S9(3)   COMP-3.
   708
   709         16  CF-ST-RT-CALC                  PIC X.
* Micro Focus Server Express         V5.1 revision 000 06-Oct-15 17:19 Page  14
* INITFLE.cbl (/apps/prod/cid1p/copy/ELCCNTL)
   710
   711         16  CF-ST-LF-PREM-TAX              PIC S9V9(4) COMP-3.
   712         16  CF-ST-AH-PREM-TAX-I            PIC S9V9(4) COMP-3.
   713         16  CF-ST-AH-PREM-TAX-G            PIC S9V9(4) COMP-3.
   714         16  CF-ST-RF-LR-CALC               PIC X.
   715         16  CF-ST-RF-LL-CALC               PIC X.
   716         16  CF-ST-RF-LN-CALC               PIC X.
   717         16  CF-ST-RF-AH-CALC               PIC X.
   718         16  CF-ST-RF-CP-CALC               PIC X.
   719*        16  FILLER                         PIC X(206).
   720*CIDMOD         16  FILLER                         PIC X(192).
   721         16  CF-ST-CHECK-COUNTER            PIC S9(8)   COMP.
   722             88  CF-ST-CHECK-CNT-RESET      VALUE +9999999.
   723         16  CF-ST-REF-AH-DEATH-IND         PIC X.
   724         16  CF-ST-VFY-2ND-BENE             PIC X.
   725         16  CF-ST-CAUSAL-STATE             PIC X.
   726         16  CF-ST-EXTRA-INTEREST-PERIODS   PIC 9.
   727         16  CF-ST-EXTRA-PAYMENTS           PIC 9.
   728         16  CF-ST-AGENT-SIG-EDIT           PIC X.
   729             88  CF-ST-EDIT-FOR-SIG           VALUE 'Y'.
   730         16  CF-ST-NET-ONLY-STATE           PIC X.
   731             88  CF-ST-IS-NET-ONLY            VALUE 'Y'.
   732         16  FILLER                         PIC X(181).
   733
   734****************************************************************
   735*             BENEFIT MASTER RECORD                            *
   736****************************************************************
   737
   738     12  CF-BENEFIT-MASTER-REC  REDEFINES  CF-RECORD-BODY.
   739         16  CF-BENEFIT-CONTROLS  OCCURS 8 TIMES.
   740             20  CF-BENEFIT-CODE            PIC XX.
   741             20  CF-BENEFIT-NUMERIC  REDEFINES
   742                 CF-BENEFIT-CODE            PIC XX.
   743             20  CF-BENEFIT-ALPHA           PIC XXX.
   744             20  CF-BENEFIT-DESCRIP         PIC X(10).
   745             20  CF-BENEFIT-COMMENT         PIC X(10).
   746
   747             20  CF-LF-COVERAGE-TYPE        PIC X.
   748                 88  CF-REDUCING                VALUE 'R'.
   749                 88  CF-LEVEL                   VALUE 'L' 'P'.
   750
   751             20  CF-SPECIAL-CALC-CD         PIC X.
   752                 88  CF-ALTERNATE-NET-PAY       VALUE 'A'.
   753                 88  CF-NP-0-MO-INT             VALUE 'A'.
   754                 88  CF-OB-OFFLINE-RESERVED     VALUE 'B'.
   755                 88  CF-CRITICAL-PERIOD         VALUE 'C'.
   756                 88  CF-TERM-IN-DAYS            VALUE 'D'.
   757                 88  CF-USE-PREMIUM-AS-ENTERED  VALUE 'E'.
   758                 88  CF-FARM-PLAN               VALUE 'F'.
   759                 88  CF-RATE-AS-STANDARD        VALUE 'G'.
   760                 88  CF-2-MTH-INTEREST          VALUE 'I'.
   761                 88  CF-3-MTH-INTEREST          VALUE 'J'.
   762                 88  CF-4-MTH-INTEREST          VALUE 'K'.
   763                 88  CF-BALLOON-LAST-PMT        VALUE 'L'.
   764                 88  CF-MORTGAGE-PROCESSING     VALUE 'M'.
   765                 88  CF-PRUDENTIAL              VALUE 'P'.
   766                 88  CF-OUTSTANDING-BAL         VALUE 'O'.
   767                 88  CF-TRUNCATED-LIFE          VALUE 'T'.
* Micro Focus Server Express         V5.1 revision 000 06-Oct-15 17:19 Page  15
* INITFLE.cbl (/apps/prod/cid1p/copy/ELCCNTL)
   768                 88  CF-TRUNCATED-LIFE-ONE      VALUE 'U'.
   769                 88  CF-TRUNCATED-LIFE-TWO      VALUE 'V'.
   770                 88  CF-NET-PAY-SIMPLE          VALUE 'S'.
   771                 88  CF-SUMMARY-PROCESSING      VALUE 'Z'.
   772
   773             20  CF-JOINT-INDICATOR         PIC X.
   774                 88  CF-JOINT-COVERAGE          VALUE 'J'.
   775
   776*            20  FILLER                     PIC X(12).
   777             20  cf-maximum-benefits        pic s999 comp-3.
   778             20  FILLER                     PIC X(09).
   779             20  CF-BENEFIT-CATEGORY        PIC X.
   780             20  CF-LOAN-TYPE               PIC X(8).
   781
   782             20  CF-CO-REM-TERM-CALC        PIC X.
   783                 88  CO-EARN-AFTER-15TH         VALUE '1'.
   784                 88  CO-EARN-ON-HALF-MO         VALUE '2'.
   785                 88  CO-EARN-ON-1ST-DAY         VALUE '3'.
   786                 88  CO-EARN-ON-FULL-MO         VALUE '4'.
   787                 88  CO-EARN-WITH-NO-DAYS       VALUE '5'.
   788
   789             20  CF-CO-EARNINGS-CALC        PIC X.
   790                 88  CO-EARN-BY-R78             VALUE '1'.
   791                 88  CO-EARN-BY-PRO-RATA        VALUE '2'.
   792                 88  CO-EARN-AS-CALIF           VALUE '3'.
   793                 88  CO-EARN-AS-TEXAS           VALUE '4'.
   794                 88  CO-EARN-IS-NET-PAY         VALUE '5'.
   795                 88  CO-EARN-ANTICIPATION       VALUE '6'.
   796                 88  CO-EARN-AS-MEAN            VALUE '8'.
   797                 88  CO-EARN-AS-REG-BALLOON     VALUE 'B'.
   798
   799             20  CF-CO-REFUND-CALC          PIC X.
   800                 88  CO-REFUND-NOT-USED         VALUE SPACE.
   801                 88  CO-REFD-BY-R78             VALUE '1'.
   802                 88  CO-REFD-BY-PRO-RATA        VALUE '2'.
   803                 88  CO-REFD-AS-CALIF           VALUE '3'.
   804                 88  CO-REFD-AS-TEXAS           VALUE '4'.
   805                 88  CO-REFD-IS-NET-PAY         VALUE '5'.
   806                 88  CO-REFD-ANTICIPATION       VALUE '6'.
   807                 88  CO-REFD-MEAN               VALUE '8'.
   808                 88  CO-REFD-SUM-OF-DIGITS      VALUE '9'.
   809                 88  CO-REFD-AS-REG-BALLOON     VALUE 'B'.
   810                 88  CO-REFD-GAP-NON-REFUND     VALUE 'G'.
   811
   812             20  CF-CO-OVRD-EARNINGS-CALC   PIC X.
   813                 88  CO-OVERRIDE-NOT-USED       VALUE SPACE.
   814                 88  CO-OVRD-BY-R78             VALUE '1'.
   815                 88  CO-OVRD-BY-PRO-RATA        VALUE '2'.
   816                 88  CO-OVRD-AS-CALIF           VALUE '3'.
   817                 88  CO-OVRD-AS-TEXAS           VALUE '4'.
   818                 88  CO-OVRD-IS-NET-PAY         VALUE '5'.
   819                 88  CO-OVRD-ANTICIPATION       VALUE '6'.
   820                 88  CO-OVRD-MEAN               VALUE '8'.
   821                 88  CO-OVRD-AS-REG-BALLOON     VALUE 'B'.
   822
   823             20  CF-CO-BEN-I-G-CD           PIC X.
   824                 88  CO-BEN-I-G-NOT-USED        VALUE SPACE.
   825                 88  CO-BEN-I-G-IS-INDV         VALUE 'I'.
* Micro Focus Server Express         V5.1 revision 000 06-Oct-15 17:19 Page  16
* INITFLE.cbl (/apps/prod/cid1p/copy/ELCCNTL)
   826                 88  CO-BEN-I-G-IS-GRP          VALUE 'G'.
   827
   828         16  FILLER                         PIC X(304).
   829
   830
   831****************************************************************
   832*             CARRIER MASTER RECORD                            *
   833****************************************************************
   834
   835     12  CF-CARRIER-MASTER-REC  REDEFINES  CF-RECORD-BODY.
   836         16  CF-ADDRESS-DATA.
   837             20  CF-MAIL-TO-NAME            PIC X(30).
   838             20  CF-IN-CARE-OF              PIC X(30).
   839             20  CF-ADDRESS-LINE-1          PIC X(30).
   840             20  CF-ADDRESS-LINE-2          PIC X(30).
   841             20  CF-CITY-STATE              PIC X(30).
   842             20  CF-ZIP-CODE-NUM            PIC 9(9)      COMP-3.
   843             20  CF-PHONE-NO                PIC 9(11)     COMP-3.
   844
   845         16  CF-CLAIM-NO-CONTROL.
   846             20  CF-CLAIM-NO-METHOD         PIC X.
   847                 88  CLAIM-NO-MANUAL            VALUE '1'.
   848                 88  CLAIM-NO-Y-M-SEQ           VALUE '2'.
   849                 88  CLAIM-NO-SEQ               VALUE '3'.
   850                 88  CLAIM-NO-ALPHA-SEQ         VALUE '5'.
   851             20  CF-CLAIM-COUNTER           PIC S9(8)   COMP.
   852                 88  CLAIM-CNT-RESET-IF-SEQ     VALUE +9999999.
   853                 88  CLAIM-CNT-RESET-IF-YRMO    VALUE +99999.
   854                 88  CLAIM-CNT-RESET-IF-YRALPHA VALUE +9999.
   855
   856         16  CF-CHECK-NO-CONTROL.
   857             20  CF-CHECK-NO-METHOD         PIC X.
   858                 88  CHECK-NO-MANUAL            VALUE '1'.
   859                 88  CHECK-NO-AUTO-SEQ          VALUE '2'.
   860                 88  CHECK-NO-CARR-SEQ          VALUE '3'.
   861                 88  CHECK-NO-AT-PRINT          VALUE '4'.
   862             20  CF-CHECK-COUNTER           PIC S9(8)   COMP.
   863                 88  CHECK-CNT-RESET-VALUE      VALUE +999999.
   864
   865         16  CF-DOMICILE-STATE              PIC XX.
   866
   867         16  CF-EXPENSE-CONTROLS.
   868             20  CF-EXPENSE-METHOD          PIC X.
   869                 88  EXPENSE-CALC-MANUAL        VALUE '1'.
   870                 88  DOLLARS-PER-PMT            VALUE '2'.
   871                 88  PERCENT-OF-PAYMENT         VALUE '3'.
   872                 88  DOLLARS-PER-MONTH          VALUE '4'.
   873             20  CF-EXPENSE-PERCENT         PIC S999V99   COMP-3.
   874             20  CF-EXPENSE-DOLLAR          PIC S999V99   COMP-3.
   875
   876         16  CF-CORRESPONDENCE-CONTROL.
   877             20  CF-LETTER-RESEND-OPT       PIC X.
   878                 88  LETTERS-NOT-ARCHIVED       VALUE SPACE.
   879                 88  LETTERS-ARE-ARCHIVED       VALUE '1'.
   880             20  FILLER                     PIC X(4).
   881
   882         16  CF-RESERVE-CONTROLS.
   883             20  CF-MANUAL-SW               PIC X.
* Micro Focus Server Express         V5.1 revision 000 06-Oct-15 17:19 Page  17
* INITFLE.cbl (/apps/prod/cid1p/copy/ELCCNTL)
   884                 88  CF-MANUAL-RESERVES-USED    VALUE '1'.
   885             20  CF-FUTURE-SW               PIC X.
   886                 88  CF-FUTURE-RESERVES-USED    VALUE '1'.
   887             20  CF-PTC-SW                  PIC X.
   888                 88  CF-PAY-TO-CURRENT-USED     VALUE '1'.
   889             20  CF-IBNR-SW                 PIC X.
   890                 88  CF-IBNR-RESERVES-USED      VALUE '1'.
   891             20  CF-PTC-LF-SW               PIC X.
   892                 88  CF-LF-PTC-USED             VALUE '1'.
   893             20  CF-CDT-ACCESS-METHOD       PIC X.
   894                 88  CF-CDT-ROUND-NEAR          VALUE '1'.
   895                 88  CF-CDT-ROUND-HIGH          VALUE '2'.
   896                 88  CF-CDT-INTERPOLATED        VALUE '3'.
   897             20  CF-PERCENT-OF-CDT          PIC S999V99   COMP-3.
   898
   899         16  CF-CLAIM-CALC-METHOD           PIC X.
   900             88  360-PLUS-MONTHS                VALUE '1'.
   901             88  365-PLUS-MONTHS                VALUE '2'.
   902             88  FULL-MONTHS-ACTUAL-DAY         VALUE '3'.
   903             88  360-DAILY                      VALUE '4'.
   904             88  365-DAILY                      VALUE '5'.
   905
   906         16  CF-LAST-ALPHA-CHARACTER        PIC X.
   907         16  FILLER                         PIC X(11).
   908
   909         16  CF-LIMIT-AMOUNTS.
   910             20  CF-CALC-AMT-TOL            PIC S999V99   COMP-3.
   911             20  CF-MAX-REG-PMT             PIC S9(7)V99  COMP-3.
   912             20  CF-MAX-REG-DAYS            PIC S999      COMP-3.
   913             20  CF-MAX-AUTO-PMT            PIC S9(7)V99  COMP-3.
   914             20  CF-MAX-AUTO-MOS            PIC S999      COMP-3.
   915             20  CF-CALC-DAYS-TOL           PIC S999      COMP-3.
   916             20  CF-CR-TOL-PREM             PIC S999V99   COMP-3.
   917             20  CF-CR-TOL-REFUND           PIC S999V99   COMP-3.
   918             20  CF-CR-TOL-PREM-PCT         PIC S9V9(4)   COMP-3.
   919             20  CF-CR-TOL-REFUND-PCT       PIC S9V9(4)   COMP-3.
   920
   921         16  CF-DAYS-BEFORE-CLOSED          PIC S999      COMP-3.
   922         16  CF-MONTHS-BEFORE-PURGED        PIC S999      COMP-3.
   923         16  CF-IBNR-PERCENT                PIC S9V9(4)   COMP-3.
   924
   925         16  CF-ZIP-CODE.
   926             20  CF-ZIP-PRIME.
   927                 24  CF-ZIP-1ST             PIC X.
   928                     88  CF-CANADIAN-POST-CODE VALUE 'A' THRU 'Z'.
   929                 24  FILLER                 PIC X(4).
   930             20  CF-ZIP-PLUS4               PIC X(4).
   931         16  CF-CANADIAN-POSTAL-CODE REDEFINES CF-ZIP-CODE.
   932             20  CF-CAN-POSTAL-1            PIC XXX.
   933             20  CF-CAN-POSTAL-2            PIC XXX.
   934             20  FILLER                     PIC XXX.
   935
   936         16  CF-IBNR-UEPRM-PERCENT          PIC S9V9(4) COMP-3.
   937         16  CF-IBNR-R78-PERCENT            PIC S9V9(4) COMP-3.
   938         16  CF-IBNR-PRO-PERCENT            PIC S9V9(4) COMP-3.
   939
   940         16  CF-RATING-SWITCH               PIC X.
   941             88  CF-PERFORM-RATING              VALUE ' ' 'Y'.
* Micro Focus Server Express         V5.1 revision 000 06-Oct-15 17:19 Page  18
* INITFLE.cbl (/apps/prod/cid1p/copy/ELCCNTL)
   942             88  CF-NO-RATING                   VALUE 'N'.
   943
   944         16  CF-BUILD-RETRIEVE-AFTER-MONTHS PIC 99.
   945
   946         16  CF-CARRIER-OVER-SHORT.
   947             20 CF-CR-OVR-SHT-AMT           PIC S999V99   COMP-3.
   948             20 CF-CR-OVR-SHT-PCT           PIC S9V9(4)   COMP-3.
   949
   950         16  CF-CARRIER-CLP-TOL-PCT         PIC S9V9(4)   COMP-3.
   951         16  CF-SECPAY-SWITCH               PIC X.
   952             88  CF-SECURE-PAY-CARRIER          VALUE 'Y'.
   953             88  CF-NO-SECURE-PAY               VALUE ' ' 'N'.
   954         16  CF-CARRIER-LEASE-COMM          PIC S9(5)V99  COMP-3.
   955         16  CF-CARRIER-NEXT-AUDIT-CHK-NO   PIC S9(8)     COMP.
   956         16  FILLER                         PIC X(444).
   957*        16  FILLER                         PIC X(452).
   958
   959
   960****************************************************************
   961*             MORTALITY MASTER RECORD                          *
   962****************************************************************
   963
   964     12  CF-MORTALITY-MASTER-REC REDEFINES  CF-RECORD-BODY.
   965         16  CF-MORT-TABLE-LINE OCCURS  9  TIMES
   966                                INDEXED BY CF-MORT-NDX.
   967             20  CF-MORT-TABLE              PIC X(5).
   968             20  CF-MORT-TABLE-TYPE         PIC X.
   969                 88  CF-MORT-JOINT              VALUE 'J'.
   970                 88  CF-MORT-SINGLE             VALUE 'S'.
   971                 88  CF-MORT-COMBINED           VALUE 'C'.
   972                 88  CF-MORT-TYPE-VALID-C       VALUE 'J' 'S'.
   973                 88  CF-MORT-TYPE-VALID-M       VALUE 'J' 'S' 'C'.
   974             20  CF-MORT-INTEREST           PIC SV9(4)  COMP-3.
   975             20  CF-MORT-AGE-METHOD         PIC XX.
   976                 88  CF-AGE-LAST                VALUE 'AL'.
   977                 88  CF-AGE-NEAR                VALUE 'AN'.
   978             20  CF-MORT-RESERVE-ADJUSTMENT PIC S9V9(4) COMP-3.
   979             20  CF-MORT-ADJUSTMENT-DIRECTION
   980                                            PIC X.
   981                 88  CF-MINUS                   VALUE '-'.
   982                 88  CF-PLUS                    VALUE '+'.
   983             20  CF-MORT-JOINT-FACTOR       PIC S9V9(4) COMP-3.
   984             20  CF-MORT-JOINT-CODE         PIC X.
   985                 88  CF-VALID-JOINT-CODE        VALUE 'A' 'V'.
   986             20  CF-MORT-PC-Q               PIC X.
   987                 88  CF-VALID-PC-Q              VALUE 'Y' 'N' ' '.
   988             20  CF-MORT-TABLE-CODE         PIC X(4).
   989             20  CF-MORT-COMMENTS           PIC X(15).
   990             20  FILLER                     PIC X(14).
   991
   992         16  FILLER                         PIC X(251).
   993
   994
   995****************************************************************
   996*             BUSSINESS TYPE MASTER RECORD                     *
   997****************************************************************
   998
   999     12  CF-BUSINESS-TYPE-MASTER-REC REDEFINES  CF-RECORD-BODY.
* Micro Focus Server Express         V5.1 revision 000 06-Oct-15 17:19 Page  19
* INITFLE.cbl (/apps/prod/cid1p/copy/ELCCNTL)
  1000* FIRST ENTRY IS TYPE 01.. LAST IS TYPE 20
  1001* RECORD 02 IS TYPES 21-40..RECORD 03 IS 41-60..04 IS 61-80
  1002* AND RECORD 05 IS TYPES 81-99
  1003         16  CF-TYPE-DESCRIPTIONS   OCCURS  20  TIMES.
  1004             20  CF-BUSINESS-TITLE          PIC  X(19).
  1005             20  CF-BUS-MOD-ST-TRGT-LOSS-RATIO
  1006                                            PIC S9V9(4) COMP-3.
  1007             20  CF-BUS-EXCL-ST-CALL        PIC  X.
  1008             20  FILLER                     PIC  X.
  1009         16  FILLER                         PIC  X(248).
  1010
  1011
  1012****************************************************************
  1013*             TERMINAL MASTER RECORD                           *
  1014****************************************************************
  1015
  1016     12  CF-TERMINAL-MASTER-REC  REDEFINES  CF-RECORD-BODY.
  1017
  1018         16  CF-COMPANY-TERMINALS.
  1019             20  CF-TERMINAL-ID  OCCURS 120 TIMES
  1020                                  PIC X(4).
  1021         16  FILLER               PIC X(248).
  1022
  1023
  1024****************************************************************
  1025*             LIFE EDIT MASTER RECORD                          *
  1026****************************************************************
  1027
  1028     12  CF-LIFE-EDIT-MASTER-REC REDEFINES  CF-RECORD-BODY.
  1029         16  CF-LIFE-EDIT-ENTRIES   OCCURS 120  TIMES.
  1030             20  CF-LIFE-CODE-IN            PIC XX.
  1031             20  CF-LIFE-CODE-OUT           PIC XX.
  1032         16  FILLER                         PIC X(248).
  1033
  1034
  1035****************************************************************
  1036*             AH EDIT MASTER RECORD                            *
  1037****************************************************************
  1038
  1039     12  CF-AH-EDIT-MASTER-REC REDEFINES  CF-RECORD-BODY.
  1040         16  CF-AH-EDIT-ENTRIES   OCCURS  96  TIMES.
  1041             20  CF-AH-CODE-IN              PIC XXX.
  1042             20  CF-AH-CODE-OUT             PIC XX.
  1043         16  FILLER                         PIC X(248).
  1044
  1045
  1046****************************************************************
  1047*             CREDIBILITY TABLES                               *
  1048****************************************************************
  1049
  1050     12  CF-CREDIBILITY-MASTER-REC REDEFINES  CF-RECORD-BODY.
  1051         16  CF-CRDB-ENTRY   OCCURS 36 TIMES
  1052                             INDEXED BY CF-CRDB-NDX.
  1053             20  CF-CRDB-FROM               PIC S9(7)   COMP-3.
  1054             20  CF-CRDB-TO                 PIC S9(7)   COMP-3.
  1055             20  CF-CREDIBILITY-FACTOR      PIC S9V9(4) COMP-3.
  1056         16  FILLER                         PIC  X(332).
  1057
* Micro Focus Server Express         V5.1 revision 000 06-Oct-15 17:19 Page  20
* INITFLE.cbl (/apps/prod/cid1p/copy/ELCCNTL)
  1058
  1059****************************************************************
  1060*             REPORT CUSTOMIZATION RECORD                      *
  1061****************************************************************
  1062
  1063     12  CF-CUSTOM-REPORT-REC  REDEFINES  CF-RECORD-BODY.
  1064         16  CF-ACCOUNT-MASTER-STATUS       PIC X.
  1065             88  CF-ACTIVE-ACCOUNTS             VALUE 'A'.
  1066             88  CF-INACTIVE-ACCOUNTS           VALUE 'I'.
  1067             88  CF-CANCELLED-ACCOUNTS          VALUE 'C'.
  1068**** NOTE: INACTIVE WILL INCLUDE ACCOUNT MASTER CODED WITH ****
  1069****       A T-TRANSFER.                                   ****
  1070             88  CF-ALL-ACCOUNTS                VALUE 'B'.
  1071
  1072         16  FILLER                         PIC XX.
  1073
  1074         16  CF-CARRIER-CNTL-OPT.
  1075             20  CF-CARRIER-OPT-SEQ         PIC 9.
  1076                 88  CF-CARRIER-OPT-USED        VALUE 1 THRU 6.
  1077                 88  CF-CARRIER-OPT-NOT-USED    VALUE 0.
  1078             20  CF-CARRIER-SELECT OCCURS 3 TIMES
  1079                                            PIC X.
  1080         16  CF-GROUP-CNTL-OPT.
  1081             20  CF-GROUP-OPT-SEQ           PIC 9.
  1082                 88  CF-GROUP-OPT-USED          VALUE 1 THRU 6.
  1083                 88  CF-GROUP-OPT-NOT-USED      VALUE 0.
  1084             20  CF-GROUP-SELECT OCCURS 3 TIMES
  1085                                            PIC X(6).
  1086         16  CF-STATE-CNTL-OPT.
  1087             20  CF-STATE-OPT-SEQ           PIC 9.
  1088                 88  CF-STATE-OPT-USED          VALUE 1 THRU 6.
  1089                 88  CF-STATE-OPT-NOT-USED      VALUE 0.
  1090             20  CF-STATE-SELECT OCCURS 3 TIMES
  1091                                            PIC XX.
  1092         16  CF-ACCOUNT-CNTL-OPT.
  1093             20  CF-ACCOUNT-OPT-SEQ         PIC 9.
  1094                 88  CF-ACCOUNT-OPT-USED        VALUE 1 THRU 6.
  1095                 88  CF-ACCOUNT-OPT-NOT-USED    VALUE 0.
  1096             20  CF-ACCOUNT-SELECT OCCURS 3 TIMES
  1097                                            PIC X(10).
  1098         16  CF-BUS-TYP-CNTL-OPT.
  1099             20  CF-BUS-TYP-OPT-SEQ         PIC 9.
  1100                 88  CF-BUS-TYP-OPT-USED        VALUE 1 THRU 6.
  1101                 88  CF-BUS-TYP-OPT-NOT-USED    VALUE 0.
  1102             20  CF-BUS-TYP-SELECT OCCURS 3 TIMES
  1103                                            PIC XX.
  1104         16  CF-LF-TYP-CNTL-OPT.
  1105             20  CF-LF-TYP-OPT-SEQ          PIC 9.
  1106                 88  CF-LF-TYP-OPT-USED         VALUE 1 THRU 6.
  1107                 88  CF-LF-TYP-OPT-NOT-USED     VALUE 0.
  1108             20  CF-BUS-LF-SELECT OCCURS 3 TIMES
  1109                                            PIC XX.
  1110         16  CF-AH-TYP-CNTL-OPT.
  1111             20  CF-AH-TYP-OPT-SEQ          PIC 9.
  1112                 88  CF-AH-TYP-OPT-USED         VALUE 1 THRU 6.
  1113                 88  CF-AH-TYP-OPT-NOT-USED     VALUE 0.
  1114             20  CF-BUS-AH-SELECT OCCURS 3 TIMES
  1115                                            PIC XX.
* Micro Focus Server Express         V5.1 revision 000 06-Oct-15 17:19 Page  21
* INITFLE.cbl (/apps/prod/cid1p/copy/ELCCNTL)
  1116         16  CF-REPTCD1-CNTL-OPT.
  1117             20  CF-REPTCD1-OPT-SEQ         PIC 9.
  1118                 88  CF-REPTCD1-OPT-USED        VALUE 1 THRU 6.
  1119                 88  CF-REPTCD1-OPT-NOT-USED    VALUE 0.
  1120             20  CF-REPTCD1-SELECT OCCURS 3 TIMES
  1121                                            PIC X(10).
  1122         16  CF-REPTCD2-CNTL-OPT.
  1123             20  CF-REPTCD2-OPT-SEQ         PIC 9.
  1124                 88  CF-REPTCD2-OPT-USED        VALUE 1 THRU 6.
  1125                 88  CF-REPTCD2-OPT-NOT-USED    VALUE 0.
  1126             20  CF-REPTCD2-SELECT OCCURS 3 TIMES
  1127                                            PIC X(10).
  1128         16  CF-USER1-CNTL-OPT.
  1129             20  CF-USER1-OPT-SEQ           PIC 9.
  1130                 88  CF-USER1-OPT-USED          VALUE 1 THRU 6.
  1131                 88  CF-USER1-OPT-NOT-USED      VALUE 0.
  1132             20  CF-USER1-SELECT OCCURS 3 TIMES
  1133                                            PIC X(10).
  1134         16  CF-USER2-CNTL-OPT.
  1135             20  CF-USER2-OPT-SEQ           PIC 9.
  1136                 88  CF-USER2-OPT-USED          VALUE 1 THRU 6.
  1137                 88  CF-USER2-OPT-NOT-USED      VALUE 0.
  1138             20  CF-USER2-SELECT OCCURS 3 TIMES
  1139                                            PIC X(10).
  1140         16  CF-USER3-CNTL-OPT.
  1141             20  CF-USER3-OPT-SEQ           PIC 9.
  1142                 88  CF-USER3-OPT-USED          VALUE 1 THRU 6.
  1143                 88  CF-USER3-OPT-NOT-USED      VALUE 0.
  1144             20  CF-USER3-SELECT OCCURS 3 TIMES
  1145                                            PIC X(10).
  1146         16  CF-USER4-CNTL-OPT.
  1147             20  CF-USER4-OPT-SEQ           PIC 9.
  1148                 88  CF-USER4-OPT-USED          VALUE 1 THRU 6.
  1149                 88  CF-USER4-OPT-NOT-USED      VALUE 0.
  1150             20  CF-USER4-SELECT OCCURS 3 TIMES
  1151                                            PIC X(10).
  1152         16  CF-USER5-CNTL-OPT.
  1153             20  CF-USER5-OPT-SEQ           PIC 9.
  1154                 88  CF-USER5-OPT-USED          VALUE 1 THRU 6.
  1155                 88  CF-USER5-OPT-NOT-USED      VALUE 0.
  1156             20  CF-USER5-SELECT OCCURS 3 TIMES
  1157                                            PIC X(10).
  1158         16  CF-REINS-CNTL-OPT.
  1159             20  CF-REINS-OPT-SEQ           PIC 9.
  1160                 88  CF-REINS-OPT-USED          VALUE 1 THRU 6.
  1161                 88  CF-REINS-OPT-NOT-USED      VALUE 0.
  1162             20  CF-REINS-SELECT OCCURS 3 TIMES.
  1163                 24  CF-REINS-PRIME         PIC XXX.
  1164                 24  CF-REINS-SUB           PIC XXX.
  1165
  1166         16  CF-AGENT-CNTL-OPT.
  1167             20  CF-AGENT-OPT-SEQ           PIC 9.
  1168                 88  CF-AGENT-OPT-USED          VALUE 1 THRU 6.
  1169                 88  CF-AGENT-OPT-NOT-USED      VALUE 0.
  1170             20  CF-AGENT-SELECT OCCURS 3 TIMES
  1171                                            PIC X(10).
  1172
  1173         16  FILLER                         PIC X(43).
* Micro Focus Server Express         V5.1 revision 000 06-Oct-15 17:19 Page  22
* INITFLE.cbl (/apps/prod/cid1p/copy/ELCCNTL)
  1174
  1175         16  CF-LOSS-RATIO-SELECT.
  1176             20  CF-SEL-LO-LOSS-RATIO       PIC S999V99  COMP-3.
  1177             20  CF-SEL-HI-LOSS-RATIO       PIC S999V99  COMP-3.
  1178         16  CF-ENTRY-DATE-SELECT.
  1179             20  CF-SEL-LO-ENTRY-DATE       PIC XX.
  1180             20  CF-SEL-HI-ENTRY-DATE       PIC XX.
  1181         16  CF-EFFECTIVE-DATE-SELECT.
  1182             20  CF-SEL-LO-EFFECTIVE-DATE   PIC XX.
  1183             20  CF-SEL-HI-EFFECTIVE-DATE   PIC XX.
  1184
  1185         16  CF-EXCEPTION-LIST-IND          PIC X.
  1186             88  CF-EXCEPTION-LIST-REQUESTED VALUE 'Y'.
  1187
  1188         16  FILLER                         PIC X(318).
  1189
  1190****************************************************************
  1191*                  EXCEPTION REPORTING RECORD                  *
  1192****************************************************************
  1193
  1194     12  CF-EXCEPTION-REPORT-REC REDEFINES   CF-RECORD-BODY.
  1195         16  CF-ACCOUNTS-LT-ONE-YEAR        PIC X.
  1196             88  CF-EXCEPTION-ACCTS-WITHIN-ONE  VALUE 'Y'.
  1197
  1198         16  CF-COMBINED-LIFE-AH-OPT.
  1199             20  CF-ISS-COUNT-DIFF          PIC S9(05)     COMP-3.
  1200             20  CF-SINGLE-MO-PREM-PCT      PIC S9(02).
  1201             20  CF-EARN-PREM-DECR-PCT      PIC S9(02).
  1202             20  CF-CANCELLATION-RATIO      PIC S9(02).
  1203
  1204         16  CF-LIFE-OPT.
  1205             20  CF-LF-LOSS-RATIO-PCT       PIC S9(03)     COMP-3.
  1206             20  CF-LF-LTM-LOSS-RATIO       PIC S9(03)     COMP-3.
  1207             20  CF-LF-PERIOD-PROFIT        PIC S9(03)     COMP-3.
  1208             20  CF-LF-LTM-PROFIT-PCT       PIC S9(02)V9   COMP-3.
  1209             20  CF-LF-LTM-INFORCE-DECR     PIC S9(02)V9   COMP-3.
  1210             20  CF-LF-LTM-TERM-CHG         PIC S9(02)V9   COMP-3.
  1211             20  CF-LF-TERM-AVG-WEIGHTED    PIC S9(02)V9   COMP-3.
  1212             20  CF-LF-LTM-AGE-PCT          PIC S9(02)V9   COMP-3.
  1213             20  CF-LF-AGE-AVG-WEIGHTED     PIC S9(02)V9   COMP-3.
  1214             20  CF-LF-AVG-AGE-MAX          PIC S9(02).
  1215
  1216         16  CF-AH-OPT.
  1217             20  CF-AH-LOSS-RATIO-PCT       PIC S9(03)     COMP-3.
  1218             20  CF-AH-LTM-LOSS-RATIO       PIC S9(03)     COMP-3.
  1219             20  CF-AH-PERIOD-PROFIT        PIC S9(03)     COMP-3.
  1220             20  CF-AH-LTM-PROFIT-PCT       PIC S9(02)V9   COMP-3.
  1221             20  CF-AH-LTM-INFORCE-DECR     PIC S9(02)V9   COMP-3.
  1222             20  CF-AH-LTM-TERM-CHG         PIC S9(02)V9   COMP-3.
  1223             20  CF-AH-TERM-AVG-WEIGHTED    PIC S9(02)V9   COMP-3.
  1224             20  CF-AH-LTM-AGE-PCT          PIC S9(02)V9   COMP-3.
  1225             20  CF-AH-AGE-AVG-WEIGHTED     PIC S9(02)V9   COMP-3.
  1226             20  CF-AH-AVG-AGE-MAX          PIC S9(02).
  1227
  1228         16  CF-ACCT-ZERO-MONTH-PRODUCTION PIC X.
  1229             88  CF-ACCT-CURRENT-MONTH-ACT      VALUE 'A'.
  1230             88  CF-ACCT-WITH-NO-PRODUCTION     VALUE 'B'.
  1231             88  CF-ACCT-WITH-ISSUE-ACTIVITY    VALUE 'C'.
* Micro Focus Server Express         V5.1 revision 000 06-Oct-15 17:19 Page  23
* INITFLE.cbl (/apps/prod/cid1p/copy/ELCCNTL)
  1232
  1233         16  CF-RETENTION-LIMIT             PIC S9(7)      COMP-3.
  1234
  1235         16  FILLER                         PIC X(673).
  1236
  1237
  1238****************************************************************
  1239*             MORTGAGE SYSTEM PLAN RECORD                      *
  1240****************************************************************
  1241
  1242     12  CF-MORTGAGE-PLAN-MASTER  REDEFINES  CF-RECORD-BODY.
  1243         16  CF-PLAN-TYPE                   PIC X.
  1244             88  CF-LIFE-MORT-PLAN             VALUE 'L'.
  1245             88  CF-DISAB-MORT-PLAN            VALUE 'D'.
  1246             88  CF-AD-D-MORT-PLAN             VALUE 'A'.
  1247         16  CF-PLAN-ABBREV                 PIC XXX.
  1248         16  CF-PLAN-DESCRIPT               PIC X(10).
  1249         16  CF-PLAN-NOTES                  PIC X(20).
  1250         16  CF-PLAN-ESTABLISH-DATE         PIC XX.
  1251         16  CF-PLAN-UNDERWRITING.
  1252             20  CF-PLAN-TERM-DATA.
  1253                 24  CF-MINIMUM-TERM        PIC S999      COMP-3.
  1254                 24  CF-MAXIMUM-TERM        PIC S999      COMP-3.
  1255             20  CF-PLAN-AGE-DATA.
  1256                 24  CF-MINIMUM-AGE         PIC S999      COMP-3.
  1257                 24  CF-MAXIMUM-AGE         PIC S999      COMP-3.
  1258                 24  CF-MAXIMUM-ATTAIN-AGE  PIC S999      COMP-3.
  1259             20  CF-PLAN-BENEFIT-DATA.
  1260                 24  CF-MINIMUM-BENEFIT     PIC S9(7)V99  COMP-3.
  1261                 24  CF-MAXIMUM-BENEFIT     PIC S9(7)V99  COMP-3.
  1262                 24  CF-MAXIMUM-MONTHLY-BENEFIT
  1263                                            PIC S9(7)V99  COMP-3.
  1264         16  CF-PLAN-POLICY-FORMS.
  1265             20  CF-POLICY-FORM             PIC X(12).
  1266             20  CF-MASTER-APPLICATION      PIC X(12).
  1267             20  CF-MASTER-POLICY           PIC X(12).
  1268         16  CF-PLAN-RATING.
  1269             20  CF-RATE-CODE               PIC X(5).
  1270             20  CF-SEX-RATING              PIC X.
  1271                 88  CF-PLAN-NOT-SEX-RATED     VALUE '1'.
  1272                 88  CF-PLAN-SEX-RATED         VALUE '2'.
  1273             20  CF-SUB-STD-PCT             PIC S9V9999   COMP-3.
  1274             20  CF-SUB-STD-TYPE            PIC X.
  1275                 88  CF-PCT-OF-PREM            VALUE '1'.
  1276                 88  CF-PCT-OF-BENE            VALUE '2'.
  1277         16  CF-PLAN-PREM-TOLERANCES.
  1278             20  CF-PREM-TOLERANCE          PIC S999      COMP-3.
  1279             20  CF-PREM-TOLERANCE-PCT      PIC SV999     COMP-3.
  1280         16  CF-PLAN-PYMT-TOLERANCES.
  1281             20  CF-PYMT-TOLERANCE          PIC S999      COMP-3.
  1282             20  CF-PYMT-TOLERANCE-PCT      PIC SV999     COMP-3.
  1283         16  CF-PLAN-MISC-DATA.
  1284             20  FILLER                     PIC X.
  1285             20  CF-FREE-EXAM-DAYS          PIC S999      COMP-3.
  1286             20  CF-RETRO-RETENTION         PIC S9V9999   COMP-3.
  1287         16  CF-MORT-PLAN-USE-CTR           PIC S999      COMP-3.
  1288         16  CF-PLAN-IND-GRP                PIC X.
  1289             88  CF-MORT-INDIV-PLAN            VALUE 'I'
* Micro Focus Server Express         V5.1 revision 000 06-Oct-15 17:19 Page  24
* INITFLE.cbl (/apps/prod/cid1p/copy/ELCCNTL)
  1290                                                     '1'.
  1291             88  CF-MORT-GROUP-PLAN            VALUE 'G'
  1292                                                     '2'.
  1293         16  CF-MIB-SEARCH-SW               PIC X.
  1294             88  CF-MIB-SEARCH-ALL             VALUE '1'.
  1295             88  CF-MIB-SEARCH-NONE            VALUE '2'.
  1296             88  CF-MIB-SEARCH-EXCEEDED        VALUE '3'.
  1297             88  CF-MIB-SEARCH-VALID      VALUES ARE '1' '2' '3'.
  1298         16  CF-ALPHA-SEARCH-SW             PIC X.
  1299             88  CF-MIB-ALPHA-ALL              VALUE '1'.
  1300             88  CF-MIB-ALPHA-NONE             VALUE '2'.
  1301             88  CF-MIB-APLHA-EXCEEDED         VALUE '3'.
  1302             88  CF-CLIENT-ALPHA-ALL           VALUE 'A'.
  1303             88  CF-CLIENT-ALPHA-NONE          VALUE 'B'.
  1304             88  CF-CLIENT-APLHA-EXCEEDED      VALUE 'C'.
  1305             88  CF-BOTH-ALPHA-ALL             VALUE 'X'.
  1306             88  CF-BOTH-ALPHA-NONE            VALUE 'Y'.
  1307             88  CF-BOTH-APLHA-EXCEEDED        VALUE 'Z'.
  1308             88  CF-ALPHA-SEARCH-VALID    VALUES ARE '1' '2' '3'
  1309                                                     'A' 'B' 'C'
  1310                                                     'X' 'Y' 'Z'.
  1311         16  CF-EFF-DT-RULE-SW              PIC X.
  1312             88  CF-EFF-DT-ENTER               VALUE 'E'.
  1313             88  CF-EFF-DT-MONTH               VALUE 'M'.
  1314             88  CF-EFF-DT-QTR                 VALUE 'Q'.
  1315             88  CF-EFF-DT-SEMI                VALUE 'S'.
  1316             88  CF-EFF-DT-ANN                 VALUE 'A'.
  1317         16  FILLER                         PIC X(4).
  1318         16  CF-HEALTH-QUESTIONS            PIC X.
  1319             88  CF-VALID-QUESTIONS-CNT VALUES ARE '0' THRU '9'.
  1320         16  CF-GRACE-PERIOD                PIC S999      COMP-3.
  1321         16  CF-NUMBER-LAPSE-NOTICES        PIC S999      COMP-3.
  1322         16  CF-PLAN-SNGL-JNT               PIC X.
  1323             88  CF-COMBINED-PLAN              VALUE 'C'.
  1324             88  CF-JNT-PLAN                   VALUE 'J'.
  1325             88  CF-SNGL-PLAN                  VALUE 'S'.
  1326         16  CF-DAYS-TO-1ST-NOTICE          PIC  99.
  1327         16  CF-DAYS-TO-2ND-NOTICE          PIC  99.
  1328         16  CF-DAYS-TO-3RD-NOTICE          PIC  99.
  1329         16  CF-DAYS-TO-4TH-NOTICE          PIC  99.
  1330         16  CF-RERATE-CNTL                 PIC  X.
  1331             88  CF-RERATE-WITH-ISSUE-AGE       VALUE '1'.
  1332             88  CF-RERATE-WITH-CURRENT-AGE     VALUE '2'.
  1333             88  CF-DO-NOT-RERATE               VALUE '3' ' '.
  1334             88  CF-AUTO-RECALC                 VALUE '4'.
  1335         16  CF-BENEFIT-TYPE                PIC  X.
  1336             88  CF-BENEFIT-IS-LEVEL            VALUE '1'.
  1337             88  CF-BENEFIT-REDUCES             VALUE '2'.
  1338         16  CF-POLICY-FEE                  PIC S999V99
  1339                                                    COMP-3.
  1340         16  CF-1ST-NOTICE-FORM             PIC  X(04).
  1341         16  CF-2ND-NOTICE-FORM             PIC  X(04).
  1342         16  CF-3RD-NOTICE-FORM             PIC  X(04).
  1343         16  CF-4TH-NOTICE-FORM             PIC  X(04).
  1344         16  FILLER                         PIC  X(32).
  1345         16  CF-TERMINATION-FORM            PIC  X(04).
  1346         16  FILLER                         PIC  X(08).
  1347         16  CF-CLAIM-CAP                   PIC S9(7)V99
* Micro Focus Server Express         V5.1 revision 000 06-Oct-15 17:19 Page  25
* INITFLE.cbl (/apps/prod/cid1p/copy/ELCCNTL)
  1348                                                       COMP-3.
  1349         16  CF-REOCCURRING-DISABILITY-PRD  PIC S999   COMP-3.
  1350         16  CF-ISSUE-LETTER                PIC  X(4).
  1351         16  CF-YEARS-TO-NEXT-RERATE        PIC  99.
  1352         16  CF-DEPENDENT-COVERAGE          PIC  X.
  1353             88  CF-YES-DEP-COV                 VALUE 'Y'.
  1354             88  CF-NO-DEP-COV             VALUES ARE 'N' ' '.
  1355         16  CF-MP-REFUND-CALC              PIC X.
  1356             88  CF-MP-REFUND-NOT-USED          VALUE SPACE.
  1357             88  CF-MP-REFD-BY-R78              VALUE '1'.
  1358             88  CF-MP-REFD-BY-PRO-RATA         VALUE '2'.
  1359             88  CF-MP-REFD-AS-CALIF            VALUE '3'.
  1360             88  CF-MP-REFD-AS-TEXAS            VALUE '4'.
  1361             88  CF-MP-REFD-IS-NET-PAY          VALUE '5'.
  1362             88  CF-MP-REFD-ANTICIPATION        VALUE '6'.
  1363             88  CF-MP-REFD-MEAN                VALUE '8'.
  1364         16  CF-ALT-RATE-CODE               PIC  X(5).
  1365
  1366
  1367         16  FILLER                         PIC X(498).
  1368****************************************************************
  1369*             MORTGAGE COMPANY MASTER RECORD                   *
  1370****************************************************************
  1371
  1372     12  CF-MORTG-COMPANY-MASTER-REC  REDEFINES  CF-RECORD-BODY.
  1373         16  CF-MORTG-ALT-MORT-CODE         PIC X(4).
  1374         16  CF-MORTG-ACCESS-CONTROL        PIC X.
  1375             88  CF-MORT-ST-PROD-CNTL                VALUE ' '.
  1376             88  CF-MORT-CARR-GRP-ST-PROD-CNTL       VALUE '1'.
  1377             88  CF-MORT-CARR-ST-PROD-CNTL           VALUE '2'.
  1378             88  CF-MORT-PROD-CNTL                   VALUE '3'.
  1379             88  CF-MORT-CARR-PROD-CNTL              VALUE '4'.
  1380
  1381         16  CF-MORTG-CONVERSION-DATE       PIC XX.
  1382         16  CF-MORTG-RATE-FILE-MAINT-DATE  PIC XX.
  1383         16  CF-MORTG-RATE-FILE-CREAT-DATE  PIC XX.
  1384         16  CF-MORTG-PROD-FILE-MAINT-DATE  PIC XX.
  1385         16  CF-MORTG-PROD-FILE-CREAT-DATE  PIC XX.
  1386
  1387         16  CF-MP-POLICY-LINKAGE-IND       PIC X(1).
  1388             88  CF-MP-PLCY-LINKAGE-USED     VALUE 'Y'.
  1389         16  CF-MP-RECON-USE-IND            PIC X(1).
  1390             88  CF-MP-USE-RECON             VALUE 'Y'.
  1391         16  CF-MORTG-CHECK-NO-COUNTER      PIC 9(6).
  1392             88  CF-MP-CHECK-CNT-RESET-VALUE VALUE 999999.
  1393         16  CF-MP-REPORT-LANGUAGE-IND      PIC X(1).
  1394             88  CF-MP-LANGUAGE-IS-ENG       VALUE 'E'.
  1395             88  CF-MP-LANGUAGE-IS-FR        VALUE 'F'.
  1396         16  FILLER                         PIC X(1).
  1397         16  CF-MORTG-CHECK-QUEUE-COUNTER   PIC 9(6).
  1398             88  CF-MP-CHKQ-CNT-RESET-VALUE  VALUE 999999.
  1399         16  CF-MORTG-MIB-VERSION           PIC X.
  1400             88  CF-MORTG-MIB-BATCH         VALUE '1'.
  1401             88  CF-MORTG-MIB-ONLINE        VALUE '2'.
  1402             88  CF-MORTG-MIB-BOTH          VALUE '3'.
  1403         16  CF-MORTG-ALT-MIB-SEARCH-CNTL.
  1404             20  CF-MORTG-MIB-LNAME-SEARCH  PIC X.
  1405                 88  CF-MIB-LAST-NAME-SEARCH     VALUE 'Y'.
* Micro Focus Server Express         V5.1 revision 000 06-Oct-15 17:19 Page  26
* INITFLE.cbl (/apps/prod/cid1p/copy/ELCCNTL)
  1406             20  CF-MORTG-MIB-FNAME-SEARCH  PIC X.
  1407                 88  CF-MIB-FIRST-NAME-SEARCH    VALUE 'Y'.
  1408             20  CF-MORTG-MIB-MNAME-SEARCH  PIC X.
  1409                 88  CF-MIB-MIDDLE-NAME-SEARCH   VALUE 'Y'.
  1410             20  CF-MORTG-MIB-BDATE-SEARCH  PIC X.
  1411                 88  CF-MIB-BIRTH-DATE-SEARCH    VALUE 'Y'.
  1412             20  CF-MORTG-MIB-BSTATE-SEARCH PIC X.
  1413                 88  CF-MIB-BIRTH-STATE-SEARCH   VALUE 'Y'.
  1414             20  CF-MORTG-MIB-RSTATE-SEARCH PIC X.
  1415                 88  CF-MIB-RESIDNT-STATE-SEARCH VALUE 'Y'.
  1416         16  CF-MORTG-MIB-COMPANY-SYMBOL    PIC XXX.
  1417         16  FILLER                         PIC X(7).
  1418         16  CF-MORTG-DESTINATION-SYMBOL.
  1419             20  CF-MORTG-MIB-COMM          PIC X(5).
  1420             20  CF-MORTG-MIB-TERM          PIC X(5).
  1421         16  CF-ASSIGN-POLICY-NO-SW         PIC X(01).
  1422             88  CF-ASSIGN-POLICY-NO             VALUE 'Y'.
  1423         16  FILLER                         PIC X(03).
  1424         16  CF-MP-CHECK-NO-CONTROL.
  1425             20  CF-MP-CHECK-NO-METHOD      PIC X(01).
  1426                 88  CF-MP-CHECK-NO-MANUAL     VALUE '1'.
  1427                 88  CF-MP-CHECK-NO-AUTO-SEQ   VALUE '2'
  1428                                                ' ' LOW-VALUES.
  1429                 88  CF-MP-CHECK-NO-PRE-PRINTED
  1430                                               VALUE '3'.
  1431         16  CF-MORTG-LOAN-SHIFT-IND        PIC X(01).
  1432         16  CF-MORTG-SOLICITATION-NUM      PIC S9(17) COMP-3.
  1433         16  CF-MORTG-ALT-ALPHA-SEARCH-CNTL.
  1434             20  CF-MORTG-ALP-LNAME-SEARCH  PIC X.
  1435                 88  CF-ALPHA-LAST-NAME-SEARCH      VALUE 'Y'.
  1436             20  CF-MORTG-ALP-FNAME-SEARCH  PIC X.
  1437                 88  CF-ALPHA-FIRST-NAME-SEARCH     VALUE 'Y'.
  1438             20  CF-MORTG-ALP-MNAME-SEARCH  PIC X.
  1439                 88  CF-ALPHA-MIDDLE-NAME-SEARCH    VALUE 'Y'.
  1440             20  CF-MORTG-ALP-BDATE-SEARCH  PIC X.
  1441                 88  CF-ALPHA-BIRTH-DATE-SEARCH     VALUE 'Y'.
  1442             20  CF-MORTG-ALP-BSTATE-SEARCH PIC X.
  1443                 88  CF-ALPHA-BIRTH-STATE-SEARCH    VALUE 'Y'.
  1444             20  CF-MORTG-ALP-RSTATE-SEARCH PIC X.
  1445                 88  CF-ALPHA-RESIDNT-STATE-SEARCH  VALUE 'Y'.
  1446         16  CF-MORTG-BILLING-AREA.
  1447             20  CF-MORTG-BILL-CYCLE   OCCURS  5  TIMES
  1448                                            PIC X.
  1449         16  CF-MORTG-MONTH-END-DT          PIC XX.
  1450         16  CF-MORTG-CURRENT-ARCH-NUM      PIC S9(8)  COMP.
  1451         16  CF-MORTG-START-ARCH-NUM        PIC S9(8)  COMP.
  1452         16  CF-MORTG-MIB-DEST-SW           PIC X.
  1453             88 CF-MORTG-MIB-COMM-DEST              VALUE '1'.
  1454             88 CF-MORTG-MIB-TERM-DEST              VALUE '2'.
  1455         16  FILLER                         PIC X.
  1456         16  CF-MORTG-LABEL-CONTROL         PIC X.
  1457             88 CF-MORTG-CREATE-LABELS              VALUE 'Y'.
  1458             88 CF-MORTG-BYPASS-LABELS              VALUE 'N'.
  1459         16  CF-ACH-ORIGINATING-DFI-ID      PIC X(8).
  1460         16  FILLER                         PIC X(8).
  1461         16  CF-ACH-SENDING-DFI-NAME        PIC X(23).
  1462         16  CF-ACH-RECVING-DFI-ROUTING-NO  PIC X(8).
  1463         16  CF-ACH-RECVING-DFI-NAME        PIC X(23).
* Micro Focus Server Express         V5.1 revision 000 06-Oct-15 17:19 Page  27
* INITFLE.cbl (/apps/prod/cid1p/copy/ELCCNTL)
  1464         16  CF-ACH-COMPANY-ID.
  1465             20  CF-ACH-ID-CODE-DESIGNATOR  PIC X.
  1466                 88  CF-ACH-ICD-IRS-EIN             VALUE '1'.
  1467                 88  CF-ACH-ICD-DUNS                VALUE '3'.
  1468                 88  CF-ACH-ICD-USER-ASSIGNED-NO    VALUE '9'.
  1469             20  CF-ACH-COMPANY-ID-NO       PIC X(9).
  1470         16  CF-MORTG-BILL-GROUPING-CODE    PIC X.
  1471             88  CF-MORTG-CO-HAS-GROUPING           VALUE 'Y'.
  1472         16  CF-RATE-DEV-AUTHORIZATION      PIC X.
  1473             88  CF-RATE-DEV-AUTHORIZED             VALUE 'Y'.
  1474             88  CF-RATE-DEV-NOT-AUTHORIZED         VALUE 'N'.
  1475         16  CF-ACH-SENDING-DFI-ROUTING-NO  PIC X(9).
  1476         16  CF-CBA-FILE-CREATE-NUM         PIC 9(4).
  1477         16  FILLER                         PIC X(536).
  1478
  1479****************************************************************
  1480*             MORTGAGE HEIGHT - WEIGHT CHARTS                  *
  1481****************************************************************
  1482
  1483     12  CF-FEMALE-HT-WT-REC  REDEFINES CF-RECORD-BODY.
  1484         16  CF-FEMALE-HT-WT-INFO OCCURS 30 TIMES.
  1485             20  CF-FEMALE-HEIGHT.
  1486                 24  CF-FEMALE-FT           PIC 99.
  1487                 24  CF-FEMALE-IN           PIC 99.
  1488             20  CF-FEMALE-MIN-WT           PIC 999.
  1489             20  CF-FEMALE-MAX-WT           PIC 999.
  1490         16  FILLER                         PIC X(428).
  1491
  1492     12  CF-MALE-HT-WT-REC    REDEFINES CF-RECORD-BODY.
  1493         16  CF-MALE-HT-WT-INFO   OCCURS 30 TIMES.
  1494             20  CF-MALE-HEIGHT.
  1495                 24  CF-MALE-FT             PIC 99.
  1496                 24  CF-MALE-IN             PIC 99.
  1497             20  CF-MALE-MIN-WT             PIC 999.
  1498             20  CF-MALE-MAX-WT             PIC 999.
  1499         16  FILLER                         PIC X(428).
  1500******************************************************************
  1501*             AUTOMATIC ACTIVITY RECORD                          *
  1502******************************************************************
  1503     12  CF-AUTO-ACTIVITY-REC REDEFINES CF-RECORD-BODY.
  1504         16  CF-SYSTEM-DEFINED-ACTIVITY OCCURS 09 TIMES.
  1505             20  CF-SYS-ACTIVE-SW           PIC X(01).
  1506             20  CF-SYS-LETTER-ID           PIC X(04).
  1507             20  CF-SYS-RESEND-DAYS         PIC 9(03).
  1508             20  CF-SYS-FOLLOW-UP-DAYS      PIC 9(03).
  1509             20  CF-SYS-RESET-SW            PIC X(01).
  1510             20  CF-SYS-REPORT-DAYS         PIC 9(03).
  1511             20  CF-SYS-EACH-DAY-AFTER-SW   PIC X(01).
  1512
  1513         16  FILLER                         PIC X(50).
  1514
  1515         16  CF-USER-DEFINED-ACTIVITY  OCCURS 08 TIMES.
  1516             20  CF-USER-ACTIVE-SW          PIC X(01).
  1517             20  CF-USER-LETTER-ID          PIC X(04).
  1518             20  CF-USER-RESEND-DAYS        PIC 9(03).
  1519             20  CF-USER-FOLLOW-UP-DAYS     PIC 9(03).
  1520             20  CF-USER-RESET-SW           PIC X(01).
  1521             20  CF-USER-REPORT-DAYS        PIC 9(03).
* Micro Focus Server Express         V5.1 revision 000 06-Oct-15 17:19 Page  28
* INITFLE.cbl (/apps/prod/cid1p/copy/ELCCNTL)
  1522             20  CF-USER-EACH-DAY-AFTER-SW  PIC X(01).
  1523             20  CF-USER-ACTIVITY-DESC      PIC X(20).
  1524
  1525         16  FILLER                         PIC X(246).
  1526
  1527 WORKING-STORAGE SECTION.
  1528 01  LCP-ABND-CODE                   PIC S999 COMP   VALUE +519.
  1529
  1530
  1531 01  FILLER.
  1532     05  ABEND-CODE                  PIC X(04).
  1533     05  ABEND-OPTION                PIC X(01).
  1534
  1535     05  WS-EOF-SW                   PIC X(01)     VALUE SPACE.
  1536         88  END-OF-INPUT                          VALUE 'Y'.
  1537
  1538     05  WS-INPUT-FILE-STATUS        PIC X(02)     VALUE ZERO.
  1539
  1540     05  WS-RETURN-CODE              PIC S9(03)    VALUE +0.
  1541     05  WS-ZERO                     PIC S9(01)    VALUE +0.
  1542     05  WS-ABEND-MESSAGE            PIC X(80)     VALUE SPACES.
  1543
  1544     05  WS-ABEND-FILE-STATUS        PIC X(02)     VALUE ZERO.
  1545
  1546********************************
  1547 PROCEDURE DIVISION.
  1548
  1549 1000-MAIN-LOGIC.
  1550
  1551     PERFORM OPEN-FILES                 THRU OPEN-FILES-EXIT
  1552
  1553     MOVE LOW-VALUES                    TO CF-CONTROL-PRIMARY
  1554     START INPUT-FILE KEY NOT < CF-CONTROL-PRIMARY
  1555     END-START
  1556     PERFORM 2100-READ-INPUT            THRU 2100-EXIT
  1557         UNTIL END-OF-INPUT
  1558
  1559     PERFORM CLOSE-FILES                THRU CLOSE-FILES-EXIT
  1560     GOBACK.
  1561
  1562 2100-READ-INPUT.
  1563
  1564     READ INPUT-FILE NEXT RECORD
  1565         AT END
  1566             SET END-OF-INPUT           TO TRUE
  1567             GO TO 2100-EXIT
  1568     END-READ
  1569
  1570     MOVE ZEROS                         TO CF-CARRIER-CLP-TOL-PCT
  1571     REWRITE CONTROL-FILE
  1572
  1573     .
  1574 2100-EXIT.
  1575     EXIT.
  1576
  1577
  1578
  1579 OPEN-FILES.
* Micro Focus Server Express         V5.1 revision 000 06-Oct-15 17:19 Page  29
* INITFLE.cbl
  1580
  1581     OPEN I-O    INPUT-FILE
  1582
  1583     IF WS-INPUT-FILE-STATUS  = '00' OR '97'
  1584        CONTINUE
  1585     ELSE
  1586        MOVE 'OPEN ERROR OCCURRED ON IO FILE'
  1587                                        TO WS-ABEND-MESSAGE
  1588        MOVE WS-INPUT-FILE-STATUS       TO WS-ABEND-FILE-STATUS
  1589        PERFORM ABEND-PGM               THRU APS-EXIT
  1590     END-IF
  1591
  1592     .
  1593 OPEN-FILES-EXIT.
  1594     EXIT.
  1595
  1596
  1597 CLOSE-FILES.
  1598
  1599     CLOSE INPUT-FILE
  1600
  1601      .
  1602 CLOSE-FILES-EXIT.
  1603     EXIT.
  1604
  1605 ABEND-PGM.
*                 COPY ELCABEND.
  1606***************************************************************** 04/14/98
  1607*                                                               * ELCABEND
  1608*                            ELCABEND.                          *    LV003
  1609*           COPYBOOK REVIEWED FOR YEAR 2000 COMPLIANCE               CL**3
  1610*                            VMOD 2.002                              CL**2
  1611*                                                               * ELCABEND
  1612*                THIS SECTION DISPLAYS THE NECESSARY MESSAGES   * ELCABEND
  1613*            AND THEN ABENDS.                                   * ELCABEND
  1614*                                                               * ELCABEND
  1615*  NO  CID  MODS  IN  COPYBOOK  ELCABEND                        * ELCABEND
  1616*                                                               * ELCABEND
  1617***************************************************************** ELCABEND
  1618*APS-010.                                                         ELCABEND
  1619     DISPLAY WS-ABEND-MESSAGE.                                    ELCABEND
  1620     DISPLAY WS-ABEND-MESSAGE UPON CONSOLE.                       ELCABEND
  1621                                                                  ELCABEND
  1622     IF WS-ABEND-FILE-STATUS NOT = ZERO                           ELCABEND
  1623         DISPLAY 'FILE STATUS = ' WS-ABEND-FILE-STATUS            ELCABEND
  1624         DISPLAY 'FILE STATUS = ' WS-ABEND-FILE-STATUS            ELCABEND
  1625                                 UPON CONSOLE.                    ELCABEND
  1626                                                                  ELCABEND
  1627     IF WS-RETURN-CODE NOT = ZERO                                 ELCABEND
  1628         DISPLAY 'RETURN CODE = '  WS-RETURN-CODE                 ELCABEND
  1629         DISPLAY 'RETURN CODE = '  WS-RETURN-CODE                 ELCABEND
  1630                                 UPON CONSOLE.                    ELCABEND
  1631                                                                  ELCABEND
  1632     DISPLAY 'PROGRAM WILL NOW ABEND **************'              ELCABEND
  1633     DISPLAY 'PROGRAM WILL NOW ABEND **************'              ELCABEND
  1634                                 UPON CONSOLE.                    ELCABEND
  1635                                                                  ELCABEND
  1636     DIVIDE WS-ZERO BY WS-ZERO GIVING WS-ZERO.                    ELCABEND
* Micro Focus Server Express         V5.1 revision 000 06-Oct-15 17:19 Page  30
* INITFLE.cbl (/apps/prod/cid1p/copy/ELCABEND)
  1637     CALL 'ABORTME'.
  1638                                                                  ELCABEND
  1639 APS-EXIT.                                                        ELCABEND
  1640     EXIT.                                                        ELCABEND
* Micro Focus Server Express         V5.1 revision 000 Compiler
* Copyright (C) Micro Focus IP Development Limited 1984-2012.
*                                                        REF GNR-008065005AF
* Total Messages:     0
* Data:        1888     Code:         681
