* Micro Focus Server Express         V5.1 revision 000 06-Oct-15 17:19 Page   1
* PEM150M1.cbl
* Options: int("PEM150M1.int") anim csi verbose NOBOUND PARAMCOUNTCHECK
*          directives(cobopt.bth) endp list("PEM150M1.lst")
* Setting: NOACCEPTREFRESH NOADV ALIGN"8" ALPHASTART"1" NOALTER NOAMODE ANIM
*          NOANIMPREP ANS85 APOST NOAREACHECK ARITHMETIC"OSVS" ASSIGN
*          "EXTERNAL" NOASSIGN-PRINTER NOAUTOLOCK NOBELL NOBOUND NOBRIEF
*          NOBS2000 BWZSTAR NOBYTEMODEMOVE CALLFH"ebmlsfile" NOCALLMCS
*          NOCALLRECOVERY CALLSORT"EXTSM" CANCEL CANCELLBR NOCHANGEMESSAGE
*          CHARSET"ASCII" NOCHECKDIV NOCHECKREFMOD NOCICS CICS-CPY
*          NOCICSOPTIMIZE NOCMPR2 NOCOBFSTATCONV NOCOBIDY NOCOBOL370 COBOLDIR
*          NOCOMP COMP-5"2" COMP-6"2" NOCOMS85 CONFIRM NOCONVERTRET CONVSPACE
*          COPYEXT",cbl,cpy" NOCOPYLBR COPYLIST COPYLISTCOMMENT"1" CSI
*          CURRENCY-SIGN"36" CURRENT-DATE"MMDDYY" NODATA DATACOMPRESS"0"
*          NODATA-CONTEXT DATE DBCHECK DBCS"2" NODBCSSOSI DBSPACE DE-EDIT"2"
*          DEFAULTBYTE"32" NODEFAULTCALLS DETECTLOCK NODG DIALECT"MF"
*          NODIRECTIVES-IN-COMMENTS NODOSVS NODPCINSUBSCRIPT DYNAM
*          NOEARLY-RELEASE ECHO NOECHOALL NOEDITOR ENSUITE"0" NOENTCOBOL
*          ERRFORMAT"1" ERRLIST"EMBED" NOERRQ FASTSORT NOFCD3 NOFCDREG
*          NOFDCLEAR NOFILESHARE FILETYPE"0" NOFLAG NOFLAGAS NOFLAGCD
*          NOFLAGEUC NOFLAGMIG NOFLAGQ FLAGSINEDIT NOFLAGSTD NOFOLDCALLNAME
*          NOFOLDCOPYNAME FORM"60" NOFP-ROUNDING NOHOSTARITHMETIC
*          NOHOSTCONTZERO NOHOST-NUMCOMPARE NOHOST-NUMMOVE NOHOSTFD NOHOSTRW
*          NOIBM-MS IBMCOMP IDXFORMAT"0" NOILGEN IMPLICITSCOPE NOINDD
*          INFORETURN"0" NOINITCALL INITPTR INT"PEM150M1.int" INTDATE"ANSI"
*          INTLEVEL"2" IOCONV NOISO2002 NOIXNLSKEY NOIXNUMKEY KEEP-INT
*          KEYCHECK KEYCOMPRESS"0" LIBRARIAN"2" NOLINE-COUNT LIST
*          "PEM150M1.lst" LISTPATH"" LISTWIDTH"80" LITVAL-SIZE"4" LOCKTYPE"0"
*          NOMAPNAME NOMAXERROR METHODDEFAULT"REFERENCE" MF"15" MFCOMMENT
*          NOMOVELENCHECK NOMS NOMVS NATIVE"ASCII" NONATIVEFLOATINGPOINT
*          NONCHAR NONEWBASENAME NONLS NSYMBOL"DBCS" NOODOOSVS NOODOSLIDE
*          NOOLDBLANKLINE NOOLDCOPY NOOLDINDEX NOOLDNEXTSENTENCE NOOLDREADINTO
*          NOOLDSTRMIX OOCTRL"-C-E-G-P+Q+R-S+W" OPTIONAL-FILE NOOS390 OSEXT""
*          NOOSVS NOOUTDD NOP64 NOPANVALET PERFORM-TYPE"OSVS" NOPREPLIST
*          NOPREPROCESS NOPRINT-EXT NOPROFILE NOPROGID-COMMENT
*          NOPROGID-INT-NAME NOPROTECT-LINKAGE PROTOTYPE"RELAXED" QUAL
*          QUALPROC NOQUERY NOQUOTE NORAWLIST NORDW RECMODE"F" NOREENTRANT
*          NOREF NOREFNO REMAINDER"1" REPORT-LINE"256" RESEQ NORETRYLOCK
*          REWRITE-LS NORM RTNCODE-SIZE"4" NORWHARDPAGE NOSAA SEG NOSEQCHK
*          SEQUENTIAL"RECORD" NOSERIAL SETTING"LINE" NOSHAREOUTDD NOSHOW-DIR
*          SIGN"ASCII" NOSIGNDISCARD NOSIGNFIXUP SORTTYPE"DFSORT" SOURCEFORMAT
*          "FIXED" SOURCETABSTOP"8" NOSPZERO NOSSRANGE STDERR NOSTICKY-LINKAGE
*          NOSTICKY-PERFORM SUPFF SWITCHTYPE"1" SYMBSTART"1" SYSPUNCH"132"
*          TERMPAGE TIME NOTRACE NOTRUNC NOTRUNCCALLNAME NOTRUNCCOPY TRUNCINC
*          "10" UNICODE"NATIVE" VERBOSE VSC2"2" WARNING"1" NOWB NOWB2 NOWB3
*          WEBSERVER"CGI" NOWRITELOCK NOWRITETHRU NOXOPEN NOXREF
*          NOZEROLENGTHFALSE NOZEROSEQ NOZWB
     1 IDENTIFICATION DIVISION.
     2 PROGRAM-ID. PEM150AM1.
     3*AUTHOR.     PABLO.
     4*REMARKS.
     5*     THIS PROGRAM READS THE EXTRACTS FROM ECS150 FROM LAST YEAR
     6*       AND THIS YEAR, MATCHES THEM TOGETHER, THEN OVERLAYS
     7*       THE PREVIOUS YEAR TOTALS ON THIS YEARS EXTRACT WITH
     8*       THE CURRENT YEAR TOTALS FROM LAST YEARS FILE
     9 ENVIRONMENT DIVISION.
    10 INPUT-OUTPUT SECTION.
    11 FILE-CONTROL.
    12     SELECT LAST-YEAR            ASSIGN TO SYS010.
    13
* Micro Focus Server Express         V5.1 revision 000 06-Oct-15 17:19 Page   2
* PEM150M1.cbl
    14     SELECT THIS-YEAR            ASSIGN TO SYS011.
    15
    16     SELECT NEW-EXTRACT          ASSIGN TO SYS012.
    17
    18 DATA DIVISION.
    19
    20 FILE SECTION.
    21
    22 FD  LAST-YEAR
    23     RECORDING MODE IS F
    24     LABEL RECORDS ARE STANDARD
    25     BLOCK CONTAINS 0 RECORDS.
    26
    27 01  LAST-YEAR-IN-RECORD         PIC X(2701).
    28
    29 FD  THIS-YEAR
    30     RECORDING MODE IS F
    31     LABEL RECORDS ARE STANDARD
    32     BLOCK CONTAINS 0 RECORDS.
    33
    34 01  THIS-YEAR-IN-RECORD         PIC X(2701).
    35
    36 FD  NEW-EXTRACT
    37     RECORDING MODE IS F
    38     LABEL RECORDS ARE STANDARD
    39     BLOCK CONTAINS 0 RECORDS.
    40
    41 01  NEW-EXTRACT-RECORD         PIC X(2701).
    42
    43 WORKING-STORAGE SECTION.
    44 77  FILLER  PIC X(32) VALUE '********************************'.
    45 77  FILLER  PIC X(32) VALUE '         WORKING-STORAGE        '.
    46 77  FILLER  PIC X(32) VALUE '********************************'.
    47 77  S1                          PIC S999  COMP-3 VALUE +0.
    48 77  S2                          PIC S999  COMP-3 VALUE +0.
    49 77  WS-NUMBER-SW                PIC X.
    50     88  HAS-NUMBERS             VALUE 'Y'.
    51 01  LAST-YEAR-RECORD.
    52     03  LY-SORT-KEY.
    53         05  LY-CONTROL.
    54             07  LY-REINS-CO     PIC X(06).
    55             07  LY-CARRIER      PIC X(01).
    56             07  LY-COMPANY      PIC X(06).
    57             07  LY-STATE        PIC X(02).
    58             07  LY-ACCOUNT      PIC X(10).
    59         05  LY-ST-SEQ           PIC X(02).
    60         05  LY-REC-TYPE         PIC 99.
    61     03  LY-PERIOD-START         PIC 9(11)   COMP-3.
    62     03  LY-PERIOD-END           PIC 9(11)   COMP-3.
    63     03  LY-ACTIVITY-TOTALS.
    64         05  LY-TERM-GROUP       OCCURS 3 TIMES.
    65*                1 = 0-60 MONTHS
    66*                2 = 61-120 MONTHS
    67*                3 = 121 AND OVER.
    68             07  LY-TYPE-GROUPS  OCCURS 10 TIMES.
    69*                    1 = LIFE(R-GP)      6 = LIFE(R-IND)
    70*                    2 = LIFE(L-GP)      7 = LIFE(L-IND)
    71*                    3 = LIFE(OB-GP)     8 = LIFE(OB-IND)
* Micro Focus Server Express         V5.1 revision 000 06-Oct-15 17:19 Page   3
* PEM150M1.cbl
    72*                    4 = AH(GP)          9 = AH(IND)
    73*                    5 = AH(OB-GP)      10 = AH(OB-IND)
    74                 09  LY-ISSUE-CNT    PIC S9(13)      COMP-3.
    75                 09  LY-ISSUE-AMT    PIC S9(11)V99   COMP-3.
    76                 09  LY-ISSUE-PREM   PIC S9(11)V99   COMP-3.
    77                 09  LY-CANCEL-CNT   PIC S9(13)      COMP-3.
    78                 09  LY-CANCEL-AMT   PIC S9(11)V99   COMP-3.
    79                 09  LY-CANCEL-PREM  PIC S9(11)V99   COMP-3.
    80                 09  LY-CLAIM-CNT    PIC S9(13)      COMP-3.
    81                 09  LY-CLAIM-AMT    PIC S9(11)V99   COMP-3.
    82                 09  LY-EARN-PREM    PIC S9(11)V99   COMP-3.
    83     03  LY-EXHIBIT-TOTALS.
    84         05  LY-TERM-GROUP-E     OCCURS 3 TIMES.
    85*                1 = 0-60 MONTHS
    86*                2 = 61-120 MONTHS
    87*                3 = 121 AND OVER
    88             07  LY-LINE-DETAIL  OCCURS 9 TIMES.
    89*                1 = INFORCE PREVIOUS PER  6 = CANCEL IN PERIOD
    90*                2 = ISSUED IN PERIOD      7 = DECREASES IN PERIOD
    91*                3 = TOTAL INFORCE-START   8 = TOTAL DEC IN PERIOD
    92*                4 = DEATHS IN PERIOD      9 = TOTAL INFORCE (END)
    93*                5 = EXPIRED IN PERIOD
    94
    95                 09  LY-GROUP-CNT    PIC S9(13)      COMP-3.
    96                 09  LY-GROUP-AMT    PIC S9(11)V99   COMP-3.
    97                 09  LY-IND-CNT      PIC S9(13)      COMP-3.
    98                 09  LY-IND-AMT      PIC S9(11)V99   COMP-3.
    99
   100     03  LY-AH-PD-THIS               PIC S9(11)V99   COMP-3.
   101     03  LY-AH-PD-LAST               PIC S9(11)V99   COMP-3.
   102
   103 01  THIS-YEAR-RECORD.
   104     03  TY-SORT-KEY.
   105         05  TY-CONTROL.
   106             07  TY-REINS-CO     PIC X(06).
   107             07  TY-CARRIER      PIC X(01).
   108             07  TY-COMPANY      PIC X(06).
   109             07  TY-STATE        PIC X(02).
   110             07  TY-ACCOUNT      PIC X(10).
   111         05  TY-ST-SEQ           PIC X(02).
   112         05  TY-REC-TYPE         PIC 99.
   113     03  TY-PERIOD-START         PIC 9(11)   COMP-3.
   114     03  TY-PERIOD-END           PIC 9(11)   COMP-3.
   115     03  TY-ACTIVITY-TOTALS.
   116         05  TY-TERM-GROUP       OCCURS 3 TIMES.
   117*                1 = 0-60 MONTHS
   118*                2 = 61-120 MONTHS
   119*                3 = 121 AND OVER.
   120             07  TY-TYPE-GROUPS  OCCURS 10 TIMES.
   121*                    1 = LIFE(R-GP)      6 = LIFE(R-IND)
   122*                    2 = LIFE(L-GP)      7 = LIFE(L-IND)
   123*                    3 = LIFE(OB-GP)     8 = LIFE(OB-IND)
   124*                    4 = AH(GP)          9 = AH(IND)
   125*                    5 = AH(OB-GP)      10 = AH(OB-IND)
   126                 09  TY-ISSUE-CNT    PIC S9(13)      COMP-3.
   127                 09  TY-ISSUE-AMT    PIC S9(11)V99   COMP-3.
   128                 09  TY-ISSUE-PREM   PIC S9(11)V99   COMP-3.
   129                 09  TY-CANCEL-CNT   PIC S9(13)      COMP-3.
* Micro Focus Server Express         V5.1 revision 000 06-Oct-15 17:19 Page   4
* PEM150M1.cbl
   130                 09  TY-CANCEL-AMT   PIC S9(11)V99   COMP-3.
   131                 09  TY-CANCEL-PREM  PIC S9(11)V99   COMP-3.
   132                 09  TY-CLAIM-CNT    PIC S9(13)      COMP-3.
   133                 09  TY-CLAIM-AMT    PIC S9(11)V99   COMP-3.
   134                 09  TY-EARN-PREM    PIC S9(11)V99   COMP-3.
   135     03  TY-EXHIBIT-TOTALS.
   136         05  TY-TERM-GROUP-E     OCCURS 3 TIMES.
   137*                1 = 0-60 MONTHS
   138*                2 = 61-120 MONTHS
   139*                3 = 121 AND OVER
   140             07  TY-LINE-DETAIL  OCCURS 9 TIMES.
   141*                1 = INFORCE PREVIOUS PER  6 = CANCEL IN PERIOD
   142*                2 = ISSUED IN PERIOD      7 = DECREASES IN PERIOD
   143*                3 = TOTAL INFORCE-START   8 = TOTAL DEC IN PERIOD
   144*                4 = DEATHS IN PERIOD      9 = TOTAL INFORCE (END)
   145*                5 = EXPIRED IN PERIOD
   146
   147                 09  TY-GROUP-CNT    PIC S9(13)      COMP-3.
   148                 09  TY-GROUP-AMT    PIC S9(11)V99   COMP-3.
   149                 09  TY-IND-CNT      PIC S9(13)      COMP-3.
   150                 09  TY-IND-AMT      PIC S9(11)V99   COMP-3.
   151
   152     03  TY-AH-PD-THIS               PIC S9(11)V99   COMP-3.
   153     03  TY-AH-PD-LAST               PIC S9(11)V99   COMP-3.
   154
   155
   156 01  W-MISC.
   157     05  WS-DATE-ALPH.
   158         10  FILLER             PIC XXX VALUE '000'.
   159         10  WS-WORK-CENT       PIC XX.
   160         10  WS-WORK-YR         PIC XX.
   161         10  WS-WORK-MO         PIC XX.
   162         10  WS-WORK-DA         PIC XX.
   163     05  WS-DATE-NUM REDEFINES WS-DATE-ALPH
   164                                PIC 9(11).
   165
   166     05  THIS-YEAR-CNT           PIC 9(9) VALUE ZEROS.
   167     05  LAST-YEAR-CNT           PIC 9(9) VALUE ZEROS.
   168     05  MATCH-CNT               PIC 9(9) VALUE ZEROS.
   169     05  NEW-EXTRACT-CNT         PIC 9(9) VALUE ZEROS.
   170     05  WS-EOF-SW1             PIC X VALUE SPACES.
   171         88  END-OF-THIS-YEAR         VALUE 'Y'.
   172     05  WS-EOF-SW2             PIC X VALUE ' '.
   173         88  END-OF-LAST-YEAR         VALUE 'Y'.
   174
*  175                                 COPY ELCDATE.
   176******************************************************************06/11/98
   177*                                                                *ELCDATE
   178*                                                                *ELCDATE
   179*                            ELCDATE.                            *   LV023
   180*           COPYBOOK REVIEWED FOR YEAR 2000 COMPLIANCE               CL*16
   181*                            VMOD=2.003                           ELCDATE
   182*                                                                *ELCDATE
   183*                                                                *ELCDATE
   184*   DESCRIPTION:  DATA PASSED TO DATE CONVERSION ROUTINE.        *ELCDATE
   185*                 LENGTH = 200                                   *   CL*19
   186******************************************************************ELCDATE
   187                                                                  ELCDATE
* Micro Focus Server Express         V5.1 revision 000 06-Oct-15 17:19 Page   5
* PEM150M1.cbl (/apps/prod/cid1p/copy/ELCDATE)
   188 01  DATE-CONVERSION-DATA.                                        ELCDATE
   189     12  DC-COMM-LENGTH                PIC S9(4) COMP VALUE +200.    CL*19
   190     12  DC-OPTION-CODE                PIC X.                        CL*15
   191         88  BIN-TO-GREG                VALUE ' '.                ELCDATE
   192         88  ELAPSED-BETWEEN-BIN        VALUE '1'.                ELCDATE
   193         88  EDIT-GREG-TO-BIN           VALUE '2'.                ELCDATE
   194         88  YMD-GREG-TO-BIN            VALUE '3'.                ELCDATE
   195         88  MDY-GREG-TO-BIN            VALUE '4'.                ELCDATE
   196         88  JULIAN-TO-BIN              VALUE '5'.                ELCDATE
   197         88  BIN-PLUS-ELAPSED           VALUE '6'.                ELCDATE
   198         88  FIND-CENTURY               VALUE '7'.                   CL*22
   199         88  ELAPSED-BETWEEN-BIN-3      VALUE '8'.                ELCDATE
   200         88  EDIT-GREG-TO-BIN-3         VALUE '9'.                ELCDATE
   201         88  YMD-GREG-TO-BIN-3          VALUE 'A'.                ELCDATE
   202         88  MDY-GREG-TO-BIN-3          VALUE 'B'.                ELCDATE
   203         88  JULIAN-TO-BIN-3            VALUE 'C'.                ELCDATE
   204         88  BIN-PLUS-ELAPSED-3         VALUE 'D'.                ELCDATE
   205         88  JULIAN-EXPANDED-TO-BIN     VALUE 'E'.                   CL*14
   206         88  JULIAN-EXPANDED-TO-BIN-3   VALUE 'F'.                   CL*14
   207         88  BIN-TO-JULIAN-EXPANDED     VALUE 'G'.                   CL*14
   208         88  JULIAN-EXPANDED            VALUE 'E', 'F', 'G'.         CL*14
   209         88  CHECK-LEAP-YEAR            VALUE 'H'.                   CL*14
   210         88  BIN-3-TO-GREG              VALUE 'I'.                   CL*14
   211         88  CYMD-GREG-TO-BIN-3         VALUE 'J'.                   CL*14
   212         88  MDCY-GREG-TO-BIN-3         VALUE 'K'.                   CL*14
   213         88  CYMD-GREG-TO-BIN           VALUE 'L'.                   CL*14
   214         88  MDCY-GREG-TO-BIN           VALUE 'M'.                   CL*14
   215         88  MDY-GREG-TO-JULIAN         VALUE 'N'.                   CL*14
   216         88  MDCY-GREG-TO-JULIAN        VALUE 'O'.                   CL*14
   217         88  YMD-GREG-TO-JULIAN         VALUE 'P'.                   CL*14
   218         88  CYMD-GREG-TO-JULIAN        VALUE 'Q'.                   CL*14
   219         88  THREE-CHARACTER-BIN                                  ELCDATE
   220                  VALUES  '8' '9' 'A' 'B' 'C' 'D' 'I' 'J' 'K'.       CL*14
   221         88  GREGORIAN-TO-BIN                                        CL**2
   222                  VALUES '2' '3' '4' '9' 'A' 'B' 'J' 'K' 'L' 'M'.    CL*14
   223         88  BIN-TO-GREGORIAN                                        CL**2
   224                  VALUES ' ' '1' 'I' '8' 'G'.                        CL*14
   225         88  JULIAN-TO-BINARY                                        CL**2
   226                  VALUES '5' 'C' 'E' 'F'.                            CL*14
   227     12  DC-ERROR-CODE                 PIC X.                        CL*15
   228         88  NO-CONVERSION-ERROR        VALUE ' '.                   CL**3
   229         88  DATE-CONVERSION-ERROR                                ELCDATE
   230                  VALUES '1' '2' '3' '4' '5' '9' 'A' 'B' 'C'.        CL*14
   231         88  DATE-IS-ZERO               VALUE '1'.                ELCDATE
   232         88  DATE-IS-NON-NUMERIC        VALUE '2'.                ELCDATE
   233         88  DATE-IS-INVALID            VALUE '3'.                ELCDATE
   234         88  DATE1-GREATER-DATE2        VALUE '4'.                ELCDATE
   235         88  ELAPSED-PLUS-NEGATIVE      VALUE '5'.                ELCDATE
   236         88  DATE-INVALID-OPTION        VALUE '9'.                ELCDATE
   237         88  INVALID-CENTURY            VALUE 'A'.                ELCDATE
   238         88  ONLY-CENTURY               VALUE 'B'.                ELCDATE
   239         88  ONLY-LEAP-YEAR             VALUE 'C'.                ELCDATE
   240         88  VALID-CENTURY-LEAP-YEAR    VALUE 'B', 'C'.              CL**3
   241     12  DC-END-OF-MONTH               PIC X.                        CL*15
   242         88  CALCULATE-END-OF-MONTH     VALUE '1'.                ELCDATE
   243     12  DC-CENTURY-ADJUSTMENT         PIC X   VALUE SPACES.         CL*15
   244         88  USE-NORMAL-PROCESS         VALUE ' '.                ELCDATE
   245         88  ADJUST-DOWN-100-YRS        VALUE '1'.                ELCDATE
* Micro Focus Server Express         V5.1 revision 000 06-Oct-15 17:19 Page   6
* PEM150M1.cbl (/apps/prod/cid1p/copy/ELCDATE)
   246         88  ADJUST-UP-100-YRS          VALUE '2'.                ELCDATE
   247     12  FILLER                        PIC X.                        CL*15
   248     12  DC-CONVERSION-DATES.                                        CL*15
   249         16  DC-BIN-DATE-1             PIC XX.                       CL*15
   250         16  DC-BIN-DATE-2             PIC XX.                       CL*15
   251         16  DC-GREG-DATE-1-EDIT       PIC X(08).                    CL*15
   252         16  DC-GREG-DATE-1-EDIT-R REDEFINES                         CL*15
   253                       DC-GREG-DATE-1-EDIT.                       ELCDATE
   254             20  DC-EDIT1-MONTH        PIC 99.                       CL*15
   255             20  SLASH1-1              PIC X.                        CL*15
   256             20  DC-EDIT1-DAY          PIC 99.                       CL*15
   257             20  SLASH1-2              PIC X.                        CL*15
   258             20  DC-EDIT1-YEAR         PIC 99.                       CL*15
   259         16  DC-GREG-DATE-2-EDIT       PIC X(08).                    CL*15
   260         16  DC-GREG-DATE-2-EDIT-R REDEFINES                         CL*15
   261                     DC-GREG-DATE-2-EDIT.                         ELCDATE
   262             20  DC-EDIT2-MONTH        PIC 99.                       CL*15
   263             20  SLASH2-1              PIC X.                        CL*15
   264             20  DC-EDIT2-DAY          PIC 99.                       CL*15
   265             20  SLASH2-2              PIC X.                        CL*15
   266             20  DC-EDIT2-YEAR         PIC 99.                       CL*15
   267         16  DC-GREG-DATE-1-YMD        PIC 9(06).                    CL*15
   268         16  DC-GREG-DATE-1-YMD-R  REDEFINES                         CL*15
   269                     DC-GREG-DATE-1-YMD.                          ELCDATE
   270             20  DC-YMD-YEAR           PIC 99.                       CL*15
   271             20  DC-YMD-MONTH          PIC 99.                       CL*15
   272             20  DC-YMD-DAY            PIC 99.                       CL*15
   273         16  DC-GREG-DATE-1-MDY        PIC 9(06).                    CL*15
   274         16  DC-GREG-DATE-1-MDY-R REDEFINES                          CL*15
   275                      DC-GREG-DATE-1-MDY.                         ELCDATE
   276             20  DC-MDY-MONTH          PIC 99.                       CL*15
   277             20  DC-MDY-DAY            PIC 99.                       CL*15
   278             20  DC-MDY-YEAR           PIC 99.                       CL*15
   279         16  DC-GREG-DATE-1-ALPHA.                                   CL*15
   280             20  DC-ALPHA-MONTH        PIC X(10).                    CL*15
   281             20  DC-ALPHA-DAY          PIC 99.                       CL*15
   282             20  FILLER                PIC XX.                       CL*15
   283             20  DC-ALPHA-CENTURY.                                   CL*15
   284                 24 DC-ALPHA-CEN-N     PIC 99.                       CL*15
   285             20  DC-ALPHA-YEAR         PIC 99.                       CL*15
   286         16  DC-ELAPSED-MONTHS         PIC S9(4)     COMP.           CL*15
   287         16  DC-ODD-DAYS-OVER          PIC S9(4)     COMP.           CL*15
   288         16  DC-ELAPSED-DAYS           PIC S9(4)     COMP.           CL*15
   289         16  DC-JULIAN-DATE            PIC 9(05).                    CL*15
   290         16  DC-JULIAN-YYDDD REDEFINES DC-JULIAN-DATE                CL*20
   291                                       PIC 9(05).                    CL*20
   292         16  DC-JULIAN-DT REDEFINES DC-JULIAN-DATE.                  CL*15
   293             20  DC-JULIAN-YEAR        PIC 99.                       CL*15
   294             20  DC-JULIAN-DAYS        PIC 999.                      CL*15
   295         16  DC-DAYS-IN-MONTH          PIC S9(3)       COMP-3.       CL*15
   296         16  DC-DAY-OF-WEEK            PIC S9  VALUE ZERO COMP-3.    CL*15
   297         16  DC-DAY-OF-WEEK2           PIC S9  VALUE ZERO COMP-3.    CL*15
   298     12  DATE-CONVERSION-VARIBLES.                                   CL*15
   299         16  HOLD-CENTURY-1            PIC 9(11) VALUE 0.            CL*15
   300         16  HOLD-CENTURY-1-SPLIT REDEFINES HOLD-CENTURY-1.          CL*15
   301             20  FILLER                PIC 9(3).                     CL*15
   302             20  HOLD-CEN-1-CCYY.                                    CL*15
   303                 24  HOLD-CEN-1-CC     PIC 99.                       CL*17
* Micro Focus Server Express         V5.1 revision 000 06-Oct-15 17:19 Page   7
* PEM150M1.cbl (/apps/prod/cid1p/copy/ELCDATE)
   304                 24  HOLD-CEN-1-YY     PIC 99.                       CL*17
   305             20  HOLD-CEN-1-MO         PIC 99.                       CL*17
   306             20  HOLD-CEN-1-DA         PIC 99.                       CL*17
   307         16  HOLD-CENTURY-1-R   REDEFINES HOLD-CENTURY-1.            CL*15
   308             20  HOLD-CEN-1-R-MO       PIC 99.                       CL*17
   309             20  HOLD-CEN-1-R-DA       PIC 99.                       CL*17
   310             20  HOLD-CEN-1-R-CCYY.                                  CL*15
   311                 24  HOLD-CEN-1-R-CC   PIC 99.                       CL*17
   312                 24  HOLD-CEN-1-R-YY   PIC 99.                       CL*17
   313             20  FILLER                PIC 9(3).                     CL*15
   314         16  HOLD-CENTURY-1-X.                                       CL*15
   315             20  FILLER                PIC X(3)  VALUE SPACES.       CL*15
   316             20  HOLD-CEN-1-X-CCYY.                                  CL*15
   317                 24  HOLD-CEN-1-X-CC   PIC XX VALUE SPACES.          CL*17
   318                 24  HOLD-CEN-1-X-YY   PIC XX VALUE SPACES.          CL*17
   319             20  HOLD-CEN-1-X-MO       PIC XX VALUE SPACES.          CL*17
   320             20  HOLD-CEN-1-X-DA       PIC XX VALUE SPACES.          CL*17
   321         16  HOLD-CENTURY-1-R-X REDEFINES HOLD-CENTURY-1-X.          CL*15
   322             20  HOLD-CEN-1-R-X-MO     PIC XX.                       CL*17
   323             20  HOLD-CEN-1-R-X-DA     PIC XX.                       CL*17
   324             20  HOLD-CEN-1-R-X-CCYY.                                CL*15
   325                 24  HOLD-CEN-1-R-X-CC PIC XX.                       CL*17
   326                 24  HOLD-CEN-1-R-X-YY PIC XX.                       CL*17
   327             20  FILLER                PIC XXX.                      CL*23
   328         16  DC-BIN-DATE-EXPAND-1      PIC XXX.                      CL*15
   329         16  DC-BIN-DATE-EXPAND-2      PIC XXX.                      CL*15
   330         16  DC-JULIAN-DATE-1          PIC 9(07).                    CL*15
   331         16  DC-JULIAN-DATE-1-R REDEFINES DC-JULIAN-DATE-1.          CL*15
   332             20  DC-JULIAN-1-CCYY.                                   CL*15
   333                 24  DC-JULIAN-1-CC    PIC 99.                       CL*15
   334                 24  DC-JULIAN-1-YR    PIC 99.                       CL*15
   335             20  DC-JULIAN-DA-1        PIC 999.                      CL*15
   336         16  DC-JULIAN-DATE-2          PIC 9(07).                    CL*15
   337         16  DC-JULIAN-DATE-2-R REDEFINES DC-JULIAN-DATE-2.          CL*15
   338             20  DC-JULIAN-2-CCYY.                                   CL*15
   339                 24  DC-JULIAN-2-CC    PIC 99.                       CL*15
   340                 24  DC-JULIAN-2-YR    PIC 99.                       CL*15
   341             20  DC-JULIAN-DA-2        PIC 999.                      CL*15
   342         16  DC-GREG-DATE-A-EDIT.                                    CL*15
   343             20  DC-EDITA-MONTH        PIC 99.                       CL*15
   344             20  SLASHA-1              PIC X VALUE '/'.              CL*15
   345             20  DC-EDITA-DAY          PIC 99.                       CL*15
   346             20  SLASHA-2              PIC X VALUE '/'.              CL*15
   347             20  DC-EDITA-CCYY.                                      CL*15
   348                 24  DC-EDITA-CENT     PIC 99.                       CL*15
   349                 24  DC-EDITA-YEAR     PIC 99.                       CL*15
   350         16  DC-GREG-DATE-B-EDIT.                                    CL*15
   351             20  DC-EDITB-MONTH        PIC 99.                       CL*15
   352             20  SLASHB-1              PIC X VALUE '/'.              CL*15
   353             20  DC-EDITB-DAY          PIC 99.                       CL*15
   354             20  SLASHB-2              PIC X VALUE '/'.              CL*15
   355             20  DC-EDITB-CCYY.                                      CL*15
   356                 24  DC-EDITB-CENT     PIC 99.                       CL*15
   357                 24  DC-EDITB-YEAR     PIC 99.                       CL*15
   358         16  DC-GREG-DATE-CYMD         PIC 9(08).                    CL*15
   359         16  DC-GREG-DATE-CYMD-R REDEFINES                           CL*15
   360                              DC-GREG-DATE-CYMD.                  ELCDATE
   361             20  DC-CYMD-CEN           PIC 99.                       CL*15
* Micro Focus Server Express         V5.1 revision 000 06-Oct-15 17:19 Page   8
* PEM150M1.cbl (/apps/prod/cid1p/copy/ELCDATE)
   362             20  DC-CYMD-YEAR          PIC 99.                       CL*15
   363             20  DC-CYMD-MONTH         PIC 99.                       CL*15
   364             20  DC-CYMD-DAY           PIC 99.                       CL*15
   365         16  DC-GREG-DATE-MDCY         PIC 9(08).                    CL*15
   366         16  DC-GREG-DATE-MDCY-R REDEFINES                           CL*15
   367                              DC-GREG-DATE-MDCY.                  ELCDATE
   368             20  DC-MDCY-MONTH         PIC 99.                       CL*15
   369             20  DC-MDCY-DAY           PIC 99.                       CL*15
   370             20  DC-MDCY-CEN           PIC 99.                       CL*15
   371             20  DC-MDCY-YEAR          PIC 99.                       CL*15
   372    12  DC-FORCE-EL310-DATE-SW         PIC X    VALUE SPACE.      ELCDATE
   373        88  DC-FORCE-EL310-DATE                 VALUE 'Y'.        ELCDATE
   374    12  DC-EL310-DATE                  PIC X(21).                    CL*26
   375    12  FILLER                         PIC X(28).                    CL*26
   376 PROCEDURE DIVISION.
   377
   378     OPEN INPUT THIS-YEAR LAST-YEAR
   379
   380     OPEN OUTPUT NEW-EXTRACT
   381
   382     PERFORM 0015-READ-LAST-YEAR THRU 0015-EXIT
   383     PERFORM 0010-READ-THIS-YEAR THRU 0010-EXIT
   384
   385     PERFORM 0020-PROCESS THRU 0020-EXIT UNTIL
   386        END-OF-LAST-YEAR
   387
   388     CLOSE THIS-YEAR LAST-YEAR NEW-EXTRACT
   389
   390     DISPLAY ' LAST YEAR RECS READ  ' LAST-YEAR-CNT
   391     DISPLAY ' THIS YEAR RECS READ  ' THIS-YEAR-CNT
   392     DISPLAY ' NEW EXTRACT RECS OUT ' NEW-EXTRACT-CNT
   393     DISPLAY ' MATCHED RECORD CNT   ' MATCH-CNT
   394
   395     GOBACK
   396
   397     .
   398 0010-READ-THIS-YEAR.
   399
   400     READ THIS-YEAR AT END
   401        DISPLAY ' FOUND END OF THIS YEAR '
   402        SET END-OF-THIS-YEAR TO TRUE
   403     END-READ
   404
   405     IF NOT END-OF-THIS-YEAR
   406        MOVE THIS-YEAR-IN-RECORD TO THIS-YEAR-RECORD
   407        ADD  1    TO THIS-YEAR-CNT
   408     END-IF
   409
   410     .
   411 0010-EXIT.
   412     EXIT.
   413
   414 0015-READ-LAST-YEAR.
   415
   416     READ LAST-YEAR AT END
   417        DISPLAY ' FOUND END OF LAST YEAR '
   418        SET END-OF-LAST-YEAR TO TRUE
   419     END-READ
* Micro Focus Server Express         V5.1 revision 000 06-Oct-15 17:19 Page   9
* PEM150M1.cbl
   420
   421     IF NOT END-OF-LAST-YEAR
   422        MOVE LAST-YEAR-IN-RECORD TO LAST-YEAR-RECORD
   423        ADD  1    TO LAST-YEAR-CNT
   424     ELSE
   425        MOVE HIGH-VALUES         TO LY-SORT-KEY
   426     END-IF
   427
   428     .
   429 0015-EXIT.
   430     EXIT.
   431
   432 0020-PROCESS.
   433
   434*    DISPLAY ' EXT KEY = ' EXT-KEY
   435*    DISPLAY 'CERT KEY = ' CERT-KEY
   436     IF LY-SORT-KEY = TY-SORT-KEY
   437        PERFORM 0030-MATCHED     THRU 0030-EXIT
   438     ELSE
   439        IF LY-SORT-KEY > TY-SORT-KEY
   440           PERFORM 0035-LY-GT-TY THRU 0035-EXIT
   441        ELSE
   442           PERFORM 0040-NO-MATCH THRU 0040-EXIT
   443        END-IF
   444     END-IF
   445
   446     .
   447 0020-EXIT.
   448      EXIT.
   449
   450 0030-MATCHED.
   451
   452*  I'M DOING THE IF STMT BELOW PRIMARILY FOR THE REC 20
   453*  BECAUSE THERE ARE A TON OF DUPLICATES SO I DON'T
   454*  RUN OUT OF LAST YEAR RECORDS
   455
   456*    IF     (TY-GROUP-CNT (1 1) = ZERO)
   457*       AND (TY-GROUP-CNT (2 1) = ZERO)
   458*       AND (TY-GROUP-CNT (3 1) = ZERO)
   459*       AND (TY-GROUP-AMT (1 1) = ZERO)
   460*       AND (TY-GROUP-AMT (2 1) = ZERO)
   461*       AND (TY-GROUP-AMT (3 1) = ZERO)
   462*       AND (TY-IND-CNT   (1 1) = ZERO)
   463*       AND (TY-IND-CNT   (2 1) = ZERO)
   464*       AND (TY-IND-CNT   (3 1) = ZERO)
   465*       AND (TY-IND-AMT   (1 1) = ZERO)
   466*       AND (TY-IND-AMT   (2 1) = ZERO)
   467*       AND (TY-IND-AMT   (3 1) = ZERO)
   468*       PERFORM 0050-WRITE-NEW-EXTRACT
   469*                                THRU 0050-EXIT
   470*
   471*       PERFORM 0010-READ-THIS-YEAR
   472*                                THRU 0010-EXIT
   473*       GO TO 0030-EXIT
   474*    END-IF
   475
   476     ADD 1                       TO MATCH-CNT
   477
* Micro Focus Server Express         V5.1 revision 000 06-Oct-15 17:19 Page  10
* PEM150M1.cbl
   478*  1 IS BEGINNING, 9 IS ENDING
   479
   480     PERFORM VARYING S1 FROM +1 BY +1 UNTIL
   481        S1 > +3
   482        MOVE LY-GROUP-CNT (S1 9) TO TY-GROUP-CNT (S1 1)
   483        MOVE LY-GROUP-AMT (S1 9) TO TY-GROUP-AMT (S1 1)
   484        MOVE LY-IND-CNT   (S1 9) TO TY-IND-CNT   (S1 1)
   485        MOVE LY-IND-AMT   (S1 9) TO TY-IND-AMT   (S1 1)
   486     END-PERFORM
   487
   488
   489     PERFORM 0050-WRITE-NEW-EXTRACT
   490                                 THRU 0050-EXIT
   491
   492     PERFORM 0010-READ-THIS-YEAR THRU 0010-EXIT
   493     PERFORM 0015-READ-LAST-YEAR THRU 0015-EXIT
   494
   495     .
   496 0030-EXIT.
   497      EXIT.
   498
   499 0035-LY-GT-TY.
   500
   501     PERFORM VARYING S1 FROM +1 BY +1 UNTIL
   502        S1 > +3
   503        MOVE ZEROS               TO TY-GROUP-CNT (S1 1)
   504                                    TY-GROUP-AMT (S1 1)
   505                                    TY-IND-CNT   (S1 1)
   506                                    TY-IND-AMT   (S1 1)
   507     END-PERFORM
   508
   509     PERFORM 0050-WRITE-NEW-EXTRACT
   510                                 THRU 0050-EXIT
   511
   512     PERFORM 0010-READ-THIS-YEAR THRU 0010-EXIT
   513
   514     .
   515 0035-EXIT.
   516     EXIT.
   517
   518 0040-NO-MATCH.
   519
   520     MOVE ' '                    TO WS-NUMBER-SW
   521
   522     PERFORM VARYING S1 FROM +1 BY +1 UNTIL
   523        S1 > +3
   524        IF    (LY-GROUP-CNT (S1 9) > ZEROS)
   525           OR (LY-GROUP-AMT (S1 9) > ZEROS)
   526           OR (LY-IND-CNT   (S1 9) > ZEROS)
   527           OR (LY-IND-AMT   (S1 9) > ZEROS)
   528           SET HAS-NUMBERS       TO TRUE
   529        END-IF
   530     END-PERFORM
   531
   532     IF HAS-NUMBERS
   533        DISPLAY '*******************************'
   534     END-IF
   535     DISPLAY ' NO MATCH LAST YEAR ' LY-SORT-KEY
* Micro Focus Server Express         V5.1 revision 000 06-Oct-15 17:19 Page  11
* PEM150M1.cbl
   536        ' THIS YEAR ' TY-SORT-KEY
   537     IF HAS-NUMBERS
   538        DISPLAY '*******************************'
   539     END-IF
   540
   541     IF NOT HAS-NUMBERS
   542        GO TO 0040-READ
   543     END-IF
   544
   545     MOVE TY-PERIOD-START        TO LY-PERIOD-START
   546     MOVE TY-PERIOD-END          TO LY-PERIOD-END
   547
   548     MOVE ZEROS                  TO LY-AH-PD-THIS
   549                                    LY-AH-PD-LAST
   550
   551     PERFORM VARYING S1 FROM +1 BY +1 UNTIL
   552        S1 > +3
   553        PERFORM VARYING S2 FROM +1 BY +1 UNTIL
   554           S2 > +10
   555           MOVE +0               TO LY-ISSUE-CNT   (S1 S2)
   556                                    LY-ISSUE-AMT   (S1 S2)
   557                                    LY-ISSUE-PREM  (S1 S2)
   558                                    LY-CANCEL-CNT  (S1 S2)
   559                                    LY-CANCEL-AMT  (S1 S2)
   560                                    LY-CANCEL-PREM (S1 S2)
   561                                    LY-CLAIM-CNT   (S1 S2)
   562                                    LY-CLAIM-AMT   (S1 S2)
   563                                    LY-EARN-PREM   (S1 S2)
   564        END-PERFORM
   565     END-PERFORM
   566
   567     PERFORM VARYING S1 FROM +1 BY +1 UNTIL
   568        S1 > +3
   569        MOVE LY-GROUP-CNT (S1 9) TO LY-GROUP-CNT (S1 1)
   570        MOVE LY-GROUP-AMT (S1 9) TO LY-GROUP-AMT (S1 1)
   571        MOVE LY-IND-CNT   (S1 9) TO LY-IND-CNT   (S1 1)
   572        MOVE LY-IND-AMT   (S1 9) TO LY-IND-AMT   (S1 1)
   573     END-PERFORM
   574
   575     PERFORM VARYING S1 FROM +1 BY +1 UNTIL
   576        S1 > +3
   577        PERFORM VARYING S2 FROM +2 BY +1 UNTIL
   578           S2 > +9
   579           MOVE +0               TO LY-GROUP-CNT (S1 S2)
   580                                    LY-GROUP-AMT (S1 S2)
   581                                    LY-IND-CNT   (S1 S2)
   582                                    LY-IND-AMT   (S1 S2)
   583        END-PERFORM
   584     END-PERFORM
   585
   586     WRITE NEW-EXTRACT-RECORD    FROM LAST-YEAR-RECORD
   587     ADD 1                       TO NEW-EXTRACT-CNT
   588
   589     .
   590 0040-READ.
   591
   592     PERFORM 0015-READ-LAST-YEAR THRU 0015-EXIT
   593
* Micro Focus Server Express         V5.1 revision 000 06-Oct-15 17:19 Page  12
* PEM150M1.cbl
   594     .
   595 0040-EXIT.
   596      EXIT.
   597
   598 0050-WRITE-NEW-EXTRACT.
   599
   600     WRITE NEW-EXTRACT-RECORD    FROM THIS-YEAR-RECORD
   601     ADD 1                       TO NEW-EXTRACT-CNT
   602
   603     .
   604 0050-EXIT.
   605     EXIT.
* Micro Focus Server Express         V5.1 revision 000 Compiler
* Copyright (C) Micro Focus IP Development Limited 1984-2012.
*                                                        REF GNR-008065005AF
* Total Messages:     0
* Data:       15708     Code:        2120
