* Micro Focus Server Express         V5.1 revision 000 06-Oct-15 17:19 Page   1
* PEMCRF3C.cbl
* Options: int("PEMCRF3C.int") anim csi verbose NOBOUND PARAMCOUNTCHECK
*          directives(cobopt.bth) endp list("PEMCRF3C.lst")
* Setting: NOACCEPTREFRESH NOADV ALIGN"8" ALPHASTART"1" NOALTER NOAMODE ANIM
*          NOANIMPREP ANS85 APOST NOAREACHECK ARITHMETIC"OSVS" ASSIGN
*          "EXTERNAL" NOASSIGN-PRINTER NOAUTOLOCK NOBELL NOBOUND NOBRIEF
*          NOBS2000 BWZSTAR NOBYTEMODEMOVE CALLFH"ebmlsfile" NOCALLMCS
*          NOCALLRECOVERY CALLSORT"EXTSM" CANCEL CANCELLBR NOCHANGEMESSAGE
*          CHARSET"ASCII" NOCHECKDIV NOCHECKREFMOD NOCICS CICS-CPY
*          NOCICSOPTIMIZE NOCMPR2 NOCOBFSTATCONV NOCOBIDY NOCOBOL370 COBOLDIR
*          NOCOMP COMP-5"2" COMP-6"2" NOCOMS85 CONFIRM NOCONVERTRET CONVSPACE
*          COPYEXT",cbl,cpy" NOCOPYLBR COPYLIST COPYLISTCOMMENT"1" CSI
*          CURRENCY-SIGN"36" CURRENT-DATE"MMDDYY" NODATA DATACOMPRESS"0"
*          NODATA-CONTEXT DATE DBCHECK DBCS"2" NODBCSSOSI DBSPACE DE-EDIT"2"
*          DEFAULTBYTE"32" NODEFAULTCALLS DETECTLOCK NODG DIALECT"MF"
*          NODIRECTIVES-IN-COMMENTS NODOSVS NODPCINSUBSCRIPT DYNAM
*          NOEARLY-RELEASE ECHO NOECHOALL NOEDITOR ENSUITE"0" NOENTCOBOL
*          ERRFORMAT"1" ERRLIST"EMBED" NOERRQ FASTSORT NOFCD3 NOFCDREG
*          NOFDCLEAR NOFILESHARE FILETYPE"0" NOFLAG NOFLAGAS NOFLAGCD
*          NOFLAGEUC NOFLAGMIG NOFLAGQ FLAGSINEDIT NOFLAGSTD NOFOLDCALLNAME
*          NOFOLDCOPYNAME FORM"60" NOFP-ROUNDING NOHOSTARITHMETIC
*          NOHOSTCONTZERO NOHOST-NUMCOMPARE NOHOST-NUMMOVE NOHOSTFD NOHOSTRW
*          NOIBM-MS IBMCOMP IDXFORMAT"0" NOILGEN IMPLICITSCOPE NOINDD
*          INFORETURN"0" NOINITCALL INITPTR INT"PEMCRF3C.int" INTDATE"ANSI"
*          INTLEVEL"2" IOCONV NOISO2002 NOIXNLSKEY NOIXNUMKEY KEEP-INT
*          KEYCHECK KEYCOMPRESS"0" LIBRARIAN"2" NOLINE-COUNT LIST
*          "PEMCRF3C.lst" LISTPATH"" LISTWIDTH"80" LITVAL-SIZE"4" LOCKTYPE"0"
*          NOMAPNAME NOMAXERROR METHODDEFAULT"REFERENCE" MF"15" MFCOMMENT
*          NOMOVELENCHECK NOMS NOMVS NATIVE"ASCII" NONATIVEFLOATINGPOINT
*          NONCHAR NONEWBASENAME NONLS NSYMBOL"DBCS" NOODOOSVS NOODOSLIDE
*          NOOLDBLANKLINE NOOLDCOPY NOOLDINDEX NOOLDNEXTSENTENCE NOOLDREADINTO
*          NOOLDSTRMIX OOCTRL"-C-E-G-P+Q+R-S+W" OPTIONAL-FILE NOOS390 OSEXT""
*          NOOSVS NOOUTDD NOP64 NOPANVALET PERFORM-TYPE"OSVS" NOPREPLIST
*          NOPREPROCESS NOPRINT-EXT NOPROFILE NOPROGID-COMMENT
*          NOPROGID-INT-NAME NOPROTECT-LINKAGE PROTOTYPE"RELAXED" QUAL
*          QUALPROC NOQUERY NOQUOTE NORAWLIST NORDW RECMODE"F" NOREENTRANT
*          NOREF NOREFNO REMAINDER"1" REPORT-LINE"256" RESEQ NORETRYLOCK
*          REWRITE-LS NORM RTNCODE-SIZE"4" NORWHARDPAGE NOSAA SEG NOSEQCHK
*          SEQUENTIAL"RECORD" NOSERIAL SETTING"LINE" NOSHAREOUTDD NOSHOW-DIR
*          SIGN"ASCII" NOSIGNDISCARD NOSIGNFIXUP SORTTYPE"DFSORT" SOURCEFORMAT
*          "FIXED" SOURCETABSTOP"8" NOSPZERO NOSSRANGE STDERR NOSTICKY-LINKAGE
*          NOSTICKY-PERFORM SUPFF SWITCHTYPE"1" SYMBSTART"1" SYSPUNCH"132"
*          TERMPAGE TIME NOTRACE NOTRUNC NOTRUNCCALLNAME NOTRUNCCOPY TRUNCINC
*          "10" UNICODE"NATIVE" VERBOSE VSC2"2" WARNING"1" NOWB NOWB2 NOWB3
*          WEBSERVER"CGI" NOWRITELOCK NOWRITETHRU NOXOPEN NOXREF
*          NOZEROLENGTHFALSE NOZEROSEQ NOZWB
     1 IDENTIFICATION DIVISION.
     2 PROGRAM-ID. PEMCRF3C.
     3 AUTHOR.     PABLO
     4 DATE-COMPILED. 06-Oct-15 17:19.
     5 ENVIRONMENT DIVISION.
     6 INPUT-OUTPUT SECTION.
     7 FILE-CONTROL.
     8
     9     SELECT  CERT-IN             ASSIGN TO CERTIN.
    10     SELECT  CERT-OUT            ASSIGN TO CERTOT.
    11
    12 DATA DIVISION.
    13 FILE SECTION.
* Micro Focus Server Express         V5.1 revision 000 06-Oct-15 17:19 Page   2
* PEMCRF3C.cbl
    14
    15 FD  CERT-IN
    16     RECORDING MODE F
    17     LABEL RECORDS STANDARD
    18     BLOCK CONTAINS 0 RECORDS.
    19
*   20                                 COPY ECSCRT01.
    21******************************************************************
    22*                                                                *
    23*                            ECSCRT01                            *
    24*           COPYBOOK REVIEWED FOR YEAR 2000 COMPLIANCE
    25*                            VMOD=2.016                          *
    26*                                                                *
    27*   FILE DESCRIPTION = CERTIFICATE RECORD    (OFF-LINE)          *
    28*                                                                *
    29*   FILE TYPE = SEQUENTIAL
    30*   RECORD SIZE = 1056 RECFORM = FIXED                           *
    31*                                                                *
    32*   KEY DATA =                         START=4, LEN=36           *
    33*                                                                *
    34*  NO  CID  MODS  IN  COPYBOOK  ECSCRT01                         *
    35*                                                                *
    36******************************************************************
    37******************************************************************
    38*                   C H A N G E   L O G
    39*
    40* CHANGES ARE MARKED BY THE CHANGE EFFECTIVE DATE.
    41*-----------------------------------------------------------------
    42*  CHANGE   CHANGE REQUEST PGMR  DESCRIPTION OF CHANGE
    43* EFFECTIVE    NUMBER
    44*-----------------------------------------------------------------
    45* 122002                   PEMA  ADD MONTHLY PRODUCT PROCESSING
    46* 100703    2003080800002  PEMA  ADD SUPER GAP PROCESSING
    47* 040504    2003080800002  PEMA  ADD DEALER INCENTIVE PROCESSING
    48* 020305    2005020000000  PEMA  ADD CLP STATE TO CERT RECORD
    49* 110105    2005071200004  PEMA  INCREASE SIZE OF LOAN OFFICER
    50* 042408    2007110500003  PEMA  ADD REFUND INTEREST PROCESSING
    51* 071211  CR2009050700003  PEMA  ADD SPP DEALER DIRECT
    52* 032612  CR2011110200001  PEMA  AHL CHANGES
    53* 052814  CR2014012300001  PEMA  DCC CREDIT UNION CHANGES
    54* 090314  CR2014081300001  PEMA  LOAD CERTS INVOLVED IN THAO
    55******************************************************************
    56
    57 01  CERTIFICATE-RECORD.
    58     12  CR-RECORD-ID                      PIC XX.
    59         88  VALID-CR-ID                      VALUE 'CR'.
    60
    61     12  CR-COMPANY-CD                     PIC X.
    62
    63     12  CR-FULL-CONTROL.
    64         16  CR-CONTROL-1.
    65             20  CR-ACCT-CONTROL.
    66                 24  CR-CARRIER            PIC X.
    67                 24  CR-GROUPING.
    68                     28  CR-GROUP-PREFIX   PIC XXX.
    69                     28  CR-GROUP-PRIME    PIC XXX.
    70                 24  CR-STATE              PIC XX.
    71                 24  CR-ACCOUNT.
* Micro Focus Server Express         V5.1 revision 000 06-Oct-15 17:19 Page   3
* PEMCRF3C.cbl (/apps/prod/cid1p/copy/ECSCRT01)
    72                     28  CR-ACCT-PREFIX    PIC X(4).
    73                     28  CR-ACCT-PRIME     PIC X(6).
    74             20  CR-DT                     PIC 9(11)  COMP-3.
    75         16  CR-CERT-NO.
    76             20  CR-CERT.
    77                 24  CR-CERT-PREFIX        PIC X(3).
    78                 24  CR-CERT-PRIME         PIC X(7).
    79             20  CR-CERT-SFX               PIC X.
    80
    81     12  CR-INSUREDS-PROFILE.
    82         16  CR-NAME.
    83             20  CR-LNAME                  PIC X(15).
    84             20  CR-FNAME.
    85                 24  CR-1ST-INITIAL        PIC X.
    86                 24  FILLER                PIC X(9).
    87             20  CR-INIT                   PIC X.
    88         16  CR-AGE                        PIC 99.
    89         16  CR-SEX                        PIC X.
    90             88  CR-SEX-MALE                  VALUE 'M'.
    91             88  CR-SEX-FEMALE                VALUE 'F'.
    92         16  CR-SOC-SEC                    PIC X(11).
    93         16  CR-JOINT-NAME.
    94             20  CR-JT-LNAME               PIC X(15).
    95             20  CR-JT-FNAME.
    96                 24  CR-JT-1ST-INIT        PIC X.
    97                 24  FILLER                PIC X(9).
    98             20  CR-JT-INIT                PIC X.
    99         16  CR-JOINT-AGE                  PIC 99.
   100
   101         16  cr-ahl-ah-claim-no            pic x(9).
   102         16  cr-ahl-ah-cert-seq            pic x(3).
   103         16  cr-hst-proc-lf                pic x.
   104         16  f                             pic x(7).
   105
   106     12  CR-LF-COVERAGE-DATA.
   107         16  CR-LFTYP                      PIC XX.
   108         16  CR-LF-TERM                    PIC S999       COMP-3.
   109         16  CR-LF-CRIT-PERIOD             PIC S999       COMP-3.
   110         16  CR-LF-TERM-IN-DAYS            PIC S9(5)      COMP-3.
   111         16  CR-LF-DEV-CODE                PIC XXX.
   112         16  CR-LF-DEV-PCT                 PIC S9V9(6)    COMP-3.
   113
   114         16  CR-LFAMT                      PIC S9(9)V99   COMP-3.
   115         16  CR-LFPRM                      PIC S9(7)V99   COMP-3.
   116         16  CR-LFPRM-CALC                 PIC S9(7)V99   COMP-3.
   117         16  CR-LFPRM-RATE                 PIC S99V9(5)   COMP-3.
   118
   119         16  CR-LFAMT-ALT                  PIC S9(9)V99   COMP-3.
   120         16  CR-LFPRM-ALT                  PIC S9(7)V99   COMP-3.
   121         16  CR-LFPRM-CALC-ALT             PIC S9(7)V99   COMP-3.
   122         16  CR-LFPRM-RATE-ALT             PIC S99V9(5)   COMP-3.
   123
   124         16  CR-LFRFND                     PIC S9(7)V99   COMP-3.
   125         16  CR-LFRFND-CALC                PIC S9(7)V99   COMP-3.
   126
   127         16  CR-LF-NSP-PRM                 PIC S9(7)V99   COMP-3.
   128         16  CR-LF-NSP-PRM-RATE            PIC S99V9(5)   COMP-3.
   129
* Micro Focus Server Express         V5.1 revision 000 06-Oct-15 17:19 Page   4
* PEMCRF3C.cbl (/apps/prod/cid1p/copy/ECSCRT01)
   130         16  CR-LF-REFUND-TYPE             PIC X.
   131         16  CR-LF-POLICY-FEE              PIC S9(3)V99   COMP-3.
   132
   133         16  CR-LF-COMM-CHARGEBACK         PIC X.
   134             88  CR-NO-LF-CHARGEBACK          VALUE 'N'.
   135
   136         16  CR-LF-REI-RISK-PRM            PIC S9(7)V99   COMP-3.
   137
   138         16  CR-LF-EXPIRE-DATE             PIC 9(11)      COMP-3.
   139         16  CR-LF-ISS-PREM-TAX            PIC S9V9(4)    COMP-3.
   140         16  CR-LF-CNC-PREM-TAX            PIC S9V9(4)    COMP-3.
   141
   142         16  cr-ahl-lf-claim-no            pic x(9).
   143         16  cr-ahl-lf-cert-seq            pic x(3).
   144         16  FILLER                        PIC XX.
   145
   146     12  CR-AH-COVERAGE-DATA.
   147         16  CR-AHTYP                      PIC XX.
   148         16  CR-AH-TERM                    PIC S999       COMP-3.
   149         16  CR-AH-CRIT-PERIOD             PIC S999       COMP-3.
   150         16  CR-AH-DEV-CODE                PIC XXX.
   151         16  CR-AH-DEV-PCT                 PIC S9V9(6)    COMP-3.
   152
   153         16  CR-AHAMT                      PIC S9(7)V99   COMP-3.
   154         16  CR-AHPRM                      PIC S9(7)V99   COMP-3.
   155         16  CR-AHPRM-CALC                 PIC S9(7)V99   COMP-3.
   156         16  CR-AHPRM-RATE                 PIC S99V9(5)   COMP-3.
   157
   158         16  CR-AHRFND                     PIC S9(7)V99   COMP-3.
   159         16  CR-AHRFND-CALC                PIC S9(7)V99   COMP-3.
   160
   161         16  CR-AH-NSP-PRM                 PIC S9(7)V99   COMP-3.
   162         16  CR-AH-NSP-PRM-RATE            PIC S99V9(5)   COMP-3.
   163
   164         16  CR-AH-REFUND-TYPE             PIC X.
   165         16  CR-AH-POLICY-FEE              PIC S9(3)V99   COMP-3.
   166
   167         16  CR-AH-COMM-CHARGEBACK         PIC X.
   168             88  CR-NO-AH-CHARGEBACK          VALUE 'N'.
   169
   170         16  CR-AH-REI-RISK-PRM            PIC S9(7)V99   COMP-3.
   171
   172         16  CR-AH-EXPIRE-DATE             PIC 9(11)      COMP-3.
   173         16  CR-AH-ISS-PREM-TAX            PIC S9V9(4)    COMP-3.
   174         16  CR-AH-CNC-PREM-TAX            PIC S9V9(4)    COMP-3.
   175
   176         16  FILLER                        PIC XX.
   177*        16  FILLER                        PIC X(8).
   178
   179     12  CR-LOAN-DATA.
   180         16  CR-LIVES                      PIC S9(7)      COMP-3.
   181         16  CR-DDF-IU-RATE-UP REDEFINES CR-LIVES
   182                                           PIC S9(5)V99   COMP-3.
   183         16  CR-BILLED                     PIC S9(7)      COMP-3.
   184         16  CR-APR                        PIC S999V9(4)  COMP-3.
   185         16  CR-PMT-FREQ                   PIC 99.
   186         16  CR-LOAN-TERM                  PIC S999       COMP-3.
   187         16  CR-RATING-CLASS               PIC XX.
* Micro Focus Server Express         V5.1 revision 000 06-Oct-15 17:19 Page   5
* PEMCRF3C.cbl (/apps/prod/cid1p/copy/ECSCRT01)
   188         16  CR-POLICY-FORM-NO             PIC X(12).
   189         16  CR-GRPTYP                     PIC XX.
   190         16  CR-IND-GRP                    PIC X.
   191             88  CR-INDIVIDUAL                VALUE '1'.
   192             88  CR-GROUP                     VALUE '2'.
   193         16  CR-SKIP                       PIC 99.
   194             88  NO-MONTHS-SKIPPED            VALUE 00.
   195             88  SKIP-JULY                    VALUE 01.
   196             88  SKIP-AUGUST                  VALUE 02.
   197             88  SKIP-SEPTEMBER               VALUE 03.
   198             88  SKIP-JULY-AUG                VALUE 04.
   199             88  SKIP-AUG-SEPT                VALUE 05.
   200             88  SKIP-JULY-AUG-SEPT           VALUE 06.
   201             88  SKIP-JUNE-JULY-AUG           VALUE 07.
   202             88  SKIP-JUNE                    VALUE 08.
   203             88  SKIP-JUNE-JULY               VALUE 09.
   204             88  SKIP-AUG-SEPT-OCT            VALUE 10.
   205             88  SKIP-BI-WEEKLY-3RD-PMT       VALUE 11.
   206         16  CR-RESIDENT-STATE             PIC XX.
   207         16  CR-RATE-CODE.
   208             20  CR-LF-CLASS-CD            PIC XX.
   209             20  CR-AH-CLASS-CD            PIC XX.
   210         16  CR-MORT.
   211             20  CR-TAB                    PIC X.
   212             20  CR-INT                    PIC 99.
   213             20  CR-GRP                    PIC X.
   214         16  CR-MEMBER-NO                  PIC X(12).
   215         16  CR-OLD-LOF                    PIC XXX.
   216*        16  CR-LOAN-OFFICER               PIC XXX.
   217         16  CR-REIN-TABLE                 PIC XXX.
   218         16  CR-REIN-SPEC                  PIC X.
   219         16  CR-LOAN-1ST-PMT-DT.
   220             20  CR-1ST-PMT-YR             PIC 99.
   221             20  CR-1ST-PMT-MO             PIC 99.
   222             20  CR-1ST-PMT-DA             PIC 99.
   223         16  CR-SUM-CAN-CNT-ITD            PIC S999       COMP-3.
   224         16  CR-SUM-CAN-CNT-YTD            PIC S999       COMP-3.
   225         16  CR-PMT-EXTENSION-DAYS         PIC S999       COMP-3.
   226         16  CR-LAST-ADD-ON-DT             PIC XX.
   227
   228         16  CR-UNDERWRITING-CODE          PIC X.
   229             88  CR-POLICY-UNDERWRITTEN       VALUE 'Y'.
   230
   231         16  CR-STATE-TAX                  PIC S9(7)V99   COMP-3.
   232         16  CR-MUNI-TAX                   PIC S9(7)V99   COMP-3.
   233         16  CR-CANCEL-STATE-TAX           PIC S9(7)V99   COMP-3.
   234         16  CR-CANCEL-MUNI-TAX            PIC S9(7)V99   COMP-3.
   235
   236     12  CR-STATUS-INFORMATION.
   237         16  CR-ENTRY-STATUS               PIC X.
   238             88  CR-NORMAL-ENTRY              VALUE '1'.
   239             88  CR-POLICY-IS-RESTORE         VALUE '3'.
   240             88  CR-CONVERSION-ENTRY          VALUE '4'.
   241             88  CR-POLICY-IS-REISSUE         VALUE '5'.
   242             88  CR-POLICY-IS-CASH            VALUE 'C'.
   243             88  CR-POLICY-IS-MONTHLY         VALUE 'M'.
   244             88  CR-POLICY-IS-REIN-ONLY       VALUE '9'.
   245             88  CR-POLICY-IS-DECLINED        VALUE 'D'.
* Micro Focus Server Express         V5.1 revision 000 06-Oct-15 17:19 Page   6
* PEMCRF3C.cbl (/apps/prod/cid1p/copy/ECSCRT01)
   246             88  CR-POLICY-IS-VOID            VALUE 'V'.
   247             88  CR-POLICY-IS-PREM-ONLY       VALUE 'P'.
   248             88  CR-POLICY-IS-ACTIVE          VALUE '1' '3' '4'
   249                                                'C' '5' '9' 'P'.
   250         16  CR-ENTRY-DATE                 PIC 9(11)  COMP-3.
   251
   252         16  CR-LF-STATUS-AT-CANCEL        PIC X.
   253         16  CR-LF-CANC-DT                 PIC 9(11)  COMP-3.
   254         16  CR-LF-CANCEL-EXIT-DATE        PIC 9(11)  COMP-3.
   255
   256         16  CR-LF-STATUS-AT-DEATH         PIC X.
   257         16  CR-LF-CLAIM-EXIT-DATE         PIC 9(11)  COMP-3.
   258
   259         16  CR-LF-CURRENT-STATUS          PIC X.
   260             88  CR-LF-NORMAL-ENTRY           VALUE '1'.
   261             88  CR-LF-POLICY-PENDING         VALUE '2'.
   262             88  CR-LF-POLICY-IS-RESTORE      VALUE '3'.
   263             88  CR-LF-CONVERSION-ENTRY       VALUE '4'.
   264             88  CR-LF-POLICY-IS-REISSUE      VALUE '5'.
   265             88  CR-LF-POLICY-IS-MONTHLY      VALUE 'M'.
   266             88  CR-LF-LUMP-SUM-DISAB         VALUE '6'.
   267             88  CR-LF-DEATH-CLAIM-APPLIED    VALUE '7'.
   268             88  CR-LF-CANCEL-APPLIED         VALUE '8'.
   269             88  CR-LF-IS-REIN-ONLY           VALUE '9'.
   270             88  CR-LF-IS-DECLINED            VALUE 'D'.
   271             88  CR-LF-IS-VOID                VALUE 'V'.
   272             88  CR-LF-POLICY-IS-ACTIVE       VALUE '1' '2' '3'
   273                                                    '4' '5' '9'.
   274
   275         16  CR-AH-STATUS-AT-CANCEL        PIC X.
   276
   277         16  CR-AH-CANC-DT                 PIC 9(11)  COMP-3.
   278         16  CR-AH-CANCEL-EXIT-DATE        PIC 9(11)  COMP-3.
   279
   280         16  CR-AH-STATUS-AT-SETTLEMENT    PIC X.
   281         16  CR-AH-SETTLEMENT-EXIT-DATE    PIC 9(11)  COMP-3.
   282
   283         16  CR-AH-CURRENT-STATUS          PIC X.
   284             88  CR-AH-NORMAL-ENTRY           VALUE '1'.
   285             88  CR-AH-POLICY-PENDING         VALUE '2'.
   286             88  CR-AH-POLICY-IS-RESTORE      VALUE '3'.
   287             88  CR-AH-CONVERSION-ENTRY       VALUE '4'.
   288             88  CR-AH-POLICY-IS-REISSUE      VALUE '5'.
   289             88  CR-AH-POLICY-IS-MONTHLY      VALUE 'M'.
   290             88  CR-AH-LUMP-SUM-DISAB         VALUE '6'.
   291             88  CR-AH-DEATH-CLAIM-APPLIED    VALUE '7'.
   292             88  CR-AH-CANCEL-APPLIED         VALUE '8'.
   293             88  CR-AH-IS-REIN-ONLY           VALUE '9'.
   294             88  CR-AH-IS-DECLINED            VALUE 'D'.
   295             88  CR-AH-IS-VOID                VALUE 'V'.
   296             88  CR-AH-POLICY-IS-ACTIVE       VALUE '1' '2' '3'
   297                                                    '4' '5' '9'.
   298         16  CR-LOAN-OFFICER               PIC X(5).
   299         16  CR-CANCEL-REASON              PIC X.
   300         16  cr-xycor-lf-cov-code          pic x(4).
   301         16  cr-xycor-ah-cov-code          pic x(4).
   302         16  cr-temp-epiq                  pic x(4).
   303         16  FILLER                        PIC XX.
* Micro Focus Server Express         V5.1 revision 000 06-Oct-15 17:19 Page   7
* PEMCRF3C.cbl (/apps/prod/cid1p/copy/ECSCRT01)
   304
   305     12  CR-DEATH-CLAIM-DATA.
   306         16  CR-NUM-DTH-CLM                PIC S999       COMP-3.
   307
   308         16  CR-DTH-DT                     PIC 9(11)      COMP-3.
   309         16  CR-DTH-RPT-DT.
   310             20  CR-DTH-RPT-YR             PIC 99.
   311             20  CR-DTH-RPT-MO             PIC 99.
   312             20  CR-DTH-RPT-DA             PIC 99.
   313         16  CR-DTH-PAY-DT                 PIC 9(11)      COMP-3.
   314
   315         16  CR-DTHAMT                     PIC S9(9)V99   COMP-3.
   316         16  CR-DTHAMT-YTD                 PIC S9(9)V99   COMP-3.
   317         16  CR-DTHAMT-LAST                PIC S9(9)V99   COMP-3.
   318         16  CR-DTHEXP                     PIC S9(7)V99   COMP-3.
   319         16  CR-DTHEXP-YTD                 PIC S9(7)V99   COMP-3.
   320
   321         16  CR-DTH-AGE                    PIC 99.
   322         16  CR-DTH-PAY-CD                 PIC X.
   323         16  CR-DEATH-CAUSE                PIC X(6).
   324
   325         16  FILLER                        PIC X(16).
   326
   327     12  CR-DISAB-CLAIM-DATA.
   328         16  CR-NUM-DIS-CLM                PIC S999       COMP-3.
   329
   330         16  CR-DIS-DT                     PIC 9(11)      COMP-3.
   331         16  CR-DIS-RPT-DT.
   332             20  CR-DIS-RPT-YR             PIC 99.
   333             20  CR-DIS-RPT-MO             PIC 99.
   334             20  CR-DIS-RPT-DA             PIC 99.
   335         16  CR-DIS-PAY-DT                 PIC 9(11)      COMP-3.
   336         16  CR-DIS-PTO-DT                 PIC 9(11)      COMP-3.
   337
   338         16  CR-DISAMT                     PIC S9(9)V99   COMP-3.
   339         16  CR-DISAMT-YTD                 PIC S9(9)V99   COMP-3.
   340         16  CR-DISAMT-LAST                PIC S9(9)V99   COMP-3.
   341         16  CR-DISEXP                     PIC S9(7)V99   COMP-3.
   342         16  CR-DISEXP-YTD                 PIC S9(7)V99   COMP-3.
   343
   344         16  CR-DAYS-DISAB                 PIC 999        COMP-3.
   345         16  CR-DIS-PAY-CD                 PIC X.
   346         16  FILLER                        PIC XX.
   347
   348         16  CR-DISAB-INCURRED-DETAIL.
   349             20  CR-DISAB-DETAIL-DATA  OCCURS 5 TIMES.
   350**ELCCRTVR MUST BE CHANGED IF THE "OCCURS" IS CHANGED.
   351                 24  CR-DIS-INCUR-DT       PIC 9(11)     COMP-3.
   352                 24  CR-INCUR-DISAMT       PIC S9(9)V99  COMP-3.
   353                 24  CR-INCUR-DISEXP       PIC S9(9)V99  COMP-3.
   354
   355         16  CR-DISAB-CAUSE                PIC X(6).
   356         16  FILLER                        PIC X(14).
   357
   358     12  CR-REMIT-TO                       PIC 99.
   359
   360     12  CR-COMPENSATION-LEVELS.
   361         16  CR-AGT-LEVELS      OCCURS 10 TIMES.
* Micro Focus Server Express         V5.1 revision 000 06-Oct-15 17:19 Page   8
* PEMCRF3C.cbl (/apps/prod/cid1p/copy/ECSCRT01)
   362             20  CR-COM-AGT.
   363                 24  CR-COM-AGT-PREFIX     PIC X(4).
   364                 24  CR-COM-AGT-PRIME      PIC X(6).
   365             20  CR-AGT-TYPE               PIC X.
   366             20  CR-LCOM-L                 PIC SV9(5)     COMP-3.
   367             20  CR-LCOM-AH                PIC SV9(5)     COMP-3.
   368
   369     12  CR-BANK-NOCHRGB-MONTHS            PIC 99.
   370     12  CR-MOB-NET-TOT-FEES               PIC S9(7)V99   COMP-3.
   371     12  CR-ADDL-CLP                       PIC S9(5)V99   COMP-3.
   372     12  CR-CLP-STATE                      PIC XX.
   373     12  CR-POST-CARD-IND                  PIC X.
   374     12  CR-LF-CLP                         PIC S9(5)V99   COMP-3.
   375     12  CR-AH-CLP                         PIC S9(5)V99   COMP-3.
   376     12  CR-DCC-PRODUCT-CODE               PIC XXX.
   377     12  CR-LF-RFND-CLP                    PIC S9(5)V99   COMP-3.
   378     12  CR-AH-RFND-CLP                    PIC S9(5)V99   COMP-3.
   379     12  FILLER                            PIC X(07).
   380
   381     12  CR-CSR-CODE                       PIC XXX.
   382
   383     12  CR-CLAIM-DEDUCT-WITHHELD          PIC S9(5)V99   COMP-3.
   384     12  CR-CANCEL-DEDUCT-WITHHELD         PIC S9(5)V99   COMP-3.
   385
   386     12  CR-MICROFILM-NUMBERS.
   387*        16  CR-ISS-MICROFILM-NO           PIC S9(9)      COMP-3.
   388         16  FILLER                        PIC X(5).
   389     12  CR-NH-INT-ON-REF                  PIC S9(7)V99   COMP-3.
   390
   391     12  CR-USER-CODE                      PIC X.
   392     12  CR-USER-FUTURE                    PIC X(9).
   393
   394     12  CR-BENEFICIARY.
   395         16  CR-BANK-NO                    PIC X(10).
   396         16  FILLER                        PIC X(15).
   397
   398     12  CR-ENTRY-BATCH                    PIC X(6).
   399     12  CR-LF-EXIT-BATCH                  PIC X(6).
   400     12  CR-AH-EXIT-BATCH                  PIC X(6).
   401
   402     12  CR-NOTE-SW                        PIC X.
   403
   404     12  CR-ORIGIN-INDICATOR               PIC X.
   405         88  CR-ENTERED-MANUALLY              VALUE '1'.
   406         88  CR-CREATED-FROM-TAPE-LOAD        VALUE '2'.
   407
   408     12  CR-LF-CNC-ENT-DT                  PIC 9(11)  COMP-3.
   409     12  CR-AH-CNC-ENT-DT                  PIC 9(11)  COMP-3.
   410     12  FILLER                            PIC X(33).
   411
   412******************************************************************
   413
   414 FD  CERT-OUT
   415     RECORDING MODE F
   416     LABEL RECORDS STANDARD
   417     BLOCK CONTAINS 0 RECORDS.
   418 01  CERT-RECORD                 PIC X(1056).
   419
* Micro Focus Server Express         V5.1 revision 000 06-Oct-15 17:19 Page   9
* PEMCRF3C.cbl
   420 WORKING-STORAGE SECTION.
   421 77  FILLER  PIC X(32) VALUE '********************************'.
   422 77  FILLER  PIC X(32) VALUE '   PEMCRF3C  WORKING-STORAGE    '.
   423 77  FILLER  PIC X(32) VALUE '********************************'.
   424
   425 77  WS-EOF-SW               PIC X VALUE SPACES.
   426     88  END-OF-INPUT              VALUE 'Y'.
   427 77  CERT-RECS-IN            PIC 9(9) VALUE ZEROS.
   428 77  CERT-RECS-OUT           PIC 9(9) VALUE ZEROS.
   429 77  CERT-RECS-FIX           PIC 9(9) VALUE ZEROS.
   430 77  WS-DIS-DATE             PIC X(10)  VALUE SPACES.
   431 77  A1                      PIC S999 COMP-3 VALUE +0.
   432 77  WS-LF-ISS-TAX           PIC S9(7)V99 COMP-3 VALUE +0.
   433 77  WS-AH-ISS-TAX           PIC S9(7)V99 COMP-3 VALUE +0.
   434 77  WS-LF-REF-TAX           PIC S9(7)V99 COMP-3 VALUE +0.
   435 77  WS-AH-REF-TAX           PIC S9(7)V99 COMP-3 VALUE +0.
   436 77  WS-OLD-NAME             PIC X(15) VALUE SPACES.
   437 77  WS-NEW-NAME             PIC X(15) VALUE SPACES.
   438 77  WS-NAME-TYPE            PIC X(10) VALUE SPACES.
   439 77  WS-FIX-SW               PIC X  VALUE SPACES.
   440     88  NAME-FIXED              VALUE 'Y'.
   441 01  WS-DISPLAY-DT           PIC 9(8) VALUE ZEROS.
   442 01  WS-DISPLAY-AMT          PIC Z,ZZZ,ZZ9.99 VALUE ZEROS.
   443 01  FILLER.
   444     05  WS-WORK-DATE        PIC 9(8)  VALUE ZEROS.
   445
   446 PROCEDURE DIVISION.
   447
   448 0000-MAIN.
   449
   450     PERFORM 0400-OPEN-FILES     THRU 0400-EXIT
   451
   452     PERFORM 0600-INITIALIZE     THRU 0600-EXIT
   453
   454     PERFORM 0100-PROCESS-CERT   THRU 0100-EXIT UNTIL
   455        END-OF-INPUT
   456
   457     PERFORM 0500-CLOSE-FILES    THRU 0500-EXIT
   458
   459     DISPLAY ' CERT RECORDS READ    ' CERT-RECS-IN
   460     DISPLAY ' CERT RECORDS WRITTEN ' CERT-RECS-OUT
   461     DISPLAY ' CERT RECORDS FIXED   ' CERT-RECS-FIX
   462
   463     GOBACK
   464
   465     .
   466 0100-PROCESS-CERT.
   467
   468     MOVE ' '                    TO WS-FIX-SW
   469
   470     IF (CR-LNAME NOT = SPACES)
   471        AND (CR-LNAME (1:1) = SPACES)
   472*       AND (CR-LNAME (1:1) < 'A' OR > 'Z')
   473        MOVE CR-LNAME            TO WS-OLD-NAME
   474        MOVE FUNCTION UPPER-CASE(CR-LNAME)
   475                                 TO CR-LNAME
   476        PERFORM UNTIL CR-LNAME (1:1) NOT = SPACES
   477*       PERFORM UNTIL (CR-LNAME >= 'A' AND <= 'Z')
* Micro Focus Server Express         V5.1 revision 000 06-Oct-15 17:19 Page  10
* PEMCRF3C.cbl
   478*          OR (CR-LNAME = SPACES)
   479           MOVE CR-LNAME (2:14)  TO CR-LNAME
   480        END-PERFORM
   481        MOVE CR-LNAME            TO WS-NEW-NAME
   482        MOVE 'PRI LAST'          TO WS-NAME-TYPE
   483        PERFORM 0150-DISPLAY-CRT THRU 0150-EXIT
   484     END-IF
   485
   486     IF (CR-FNAME NOT = SPACES)
   487        AND (CR-FNAME (1:1) = SPACES)
   488*       AND (CR-FNAME (1:1) < 'A' OR > 'Z')
   489        MOVE CR-FNAME            TO WS-OLD-NAME
   490        MOVE FUNCTION UPPER-CASE(CR-FNAME)
   491                                 TO CR-FNAME
   492        PERFORM UNTIL CR-FNAME (1:1) NOT = SPACES
   493*       PERFORM UNTIL (CR-FNAME >= 'A' AND <= 'Z')
   494*          OR (CR-FNAME = SPACES)
   495           MOVE CR-FNAME (2:9)   TO CR-FNAME
   496        END-PERFORM
   497        MOVE CR-FNAME            TO WS-NEW-NAME
   498        MOVE 'PRI FIRST'         TO WS-NAME-TYPE
   499        PERFORM 0150-DISPLAY-CRT THRU 0150-EXIT
   500     END-IF
   501
   502     IF (CR-JT-LNAME NOT = SPACES)
   503        AND (CR-JT-LNAME (1:1) = SPACES)
   504*       AND (CR-JT-LNAME (1:1) < 'A' OR > 'Z')
   505        MOVE CR-JT-LNAME         TO WS-OLD-NAME
   506        MOVE FUNCTION UPPER-CASE(CR-JT-LNAME)
   507                                 TO CR-JT-LNAME
   508        PERFORM UNTIL CR-JT-LNAME (1:1) NOT = SPACES
   509*       PERFORM UNTIL (CR-JT-LNAME >= 'A' AND <= 'Z')
   510*          OR (CR-JT-LNAME = SPACES)
   511           MOVE CR-JT-LNAME (2:14)
   512                                 TO CR-JT-LNAME
   513        END-PERFORM
   514        MOVE CR-JT-LNAME         TO WS-NEW-NAME
   515        MOVE 'JNT LAST'          TO WS-NAME-TYPE
   516        PERFORM 0150-DISPLAY-CRT THRU 0150-EXIT
   517     END-IF
   518
   519     IF (CR-JT-FNAME NOT = SPACES)
   520        AND (CR-JT-FNAME (1:1) = SPACES)
   521*       AND (CR-JT-FNAME (1:1) < 'A' OR > 'Z')
   522        MOVE CR-JT-FNAME         TO WS-OLD-NAME
   523        MOVE FUNCTION UPPER-CASE(CR-JT-FNAME)
   524                                 TO CR-JT-FNAME
   525        PERFORM UNTIL CR-JT-FNAME (1:1) NOT = SPACES
   526*       PERFORM UNTIL (CR-JT-FNAME >= 'A' AND <= 'Z')
   527*          OR (CR-JT-FNAME = SPACES)
   528           MOVE CR-JT-FNAME (2:9)
   529                                 TO CR-JT-FNAME
   530        END-PERFORM
   531        MOVE CR-JT-FNAME         TO WS-NEW-NAME
   532        MOVE 'JNT FIRST'         TO WS-NAME-TYPE
   533        PERFORM 0150-DISPLAY-CRT THRU 0150-EXIT
   534     END-IF
   535
* Micro Focus Server Express         V5.1 revision 000 06-Oct-15 17:19 Page  11
* PEMCRF3C.cbl
   536*     IF (CR-CARRIER = '1')
   537*        AND (CR-ACCOUNT = '0005500120')
   538*        AND (CR-ENTRY-STATUS = 'M')
   539*        AND ((CR-LF-EXPIRE-DATE > 20070731)
   540*            OR (CR-AH-EXPIRE-DATE > 20070731))
   541*        PERFORM 0110-FIX-CERT    THRU 0110-EXIT
   542*     END-IF
   543
   544     PERFORM 0300-WRITE-CERT     THRU 0300-EXIT
   545     PERFORM 0200-CERT-READ      THRU 0200-EXIT
   546
   547     .
   548 0100-EXIT.
   549     EXIT.
   550
   551 0110-FIX-CERT.
   552
   553     IF ((CR-LFTYP NOT = '00' AND '  ')
   554        AND (CR-LF-CANCEL-EXIT-DATE = ZEROS))
   555                       OR
   556        ((CR-AHTYP NOT = '00' AND '  ')
   557        AND (CR-AH-CANCEL-EXIT-DATE = ZEROS))
   558        ADD 1 TO CERT-RECS-FIX
   559     END-IF
   560
   561
   562     IF CR-LFTYP NOT = '00' AND '  '
   563        IF CR-LF-CANCEL-EXIT-DATE = ZEROS
   564           MOVE 20090831         TO CR-LF-CANCEL-EXIT-DATE
   565           MOVE 20070801         TO CR-LF-CANC-DT
   566           MOVE CR-LF-CURRENT-STATUS
   567                                 TO CR-LF-STATUS-AT-CANCEL
   568           MOVE '8'              TO CR-LF-CURRENT-STATUS
   569           MOVE 'AUTO'           TO CR-LF-EXIT-BATCH
   570           MOVE CR-DT            TO WS-DISPLAY-DT
   571           DISPLAY ' CANCELING LF COVERAGE ON ' CR-ACCT-CONTROL
   572           ' ' WS-DISPLAY-DT ' ' CR-CERT-NO
   573        END-IF
   574     END-IF
   575
   576     IF CR-AHTYP NOT = '00' AND '  '
   577        IF CR-AH-CANCEL-EXIT-DATE = ZEROS
   578           MOVE 20090831         TO CR-AH-CANCEL-EXIT-DATE
   579           MOVE 20070801         TO CR-AH-CANC-DT
   580           MOVE CR-AH-CURRENT-STATUS
   581                                 TO CR-AH-STATUS-AT-CANCEL
   582           MOVE '8'              TO CR-AH-CURRENT-STATUS
   583           MOVE 'AUTO'           TO CR-AH-EXIT-BATCH
   584           MOVE CR-DT            TO WS-DISPLAY-DT
   585           DISPLAY ' CANCELING AH COVERAGE ON ' CR-ACCT-CONTROL
   586           ' ' WS-DISPLAY-DT ' ' CR-CERT-NO
   587        END-IF
   588     END-IF
   589
   590     .
   591 0110-EXIT.
   592     EXIT.
   593
* Micro Focus Server Express         V5.1 revision 000 06-Oct-15 17:19 Page  12
* PEMCRF3C.cbl
   594 0150-DISPLAY-CRT.
   595
   596     MOVE CR-DT                  TO WS-DISPLAY-DT
   597
   598     SET NAME-FIXED              TO TRUE
   599
   600     DISPLAY ' CORRECTD ' WS-NAME-TYPE ' FROM ' WS-OLD-NAME
   601        ' TO ' WS-NEW-NAME ' ON ' CR-CARRIER ' ' CR-STATE ' '
   602        CR-ACCOUNT ' ' WS-DISPLAY-DT ' ' CR-CERT-NO
   603
   604     .
   605 0150-EXIT.
   606     EXIT.
   607
   608 0200-CERT-READ.
   609
   610     READ CERT-IN AT END
   611        SET END-OF-INPUT         TO TRUE
   612     END-READ
   613
   614     IF NOT END-OF-INPUT
   615        ADD 1                    TO CERT-RECS-IN
   616     END-IF
   617
   618     .
   619 0200-EXIT.
   620     EXIT.
   621
   622 0300-WRITE-CERT.
   623
   624     IF NAME-FIXED
   625        ADD 1                    TO CERT-RECS-FIX
   626     END-IF
   627
   628     WRITE CERT-RECORD           FROM CERTIFICATE-RECORD
   629     ADD 1                       TO CERT-RECS-OUT
   630
   631     .
   632 0300-EXIT.
   633     EXIT.
   634
   635 0400-OPEN-FILES.
   636
   637     OPEN INPUT CERT-IN
   638         OUTPUT CERT-OUT
   639
   640     .
   641 0400-EXIT.
   642     EXIT.
   643
   644 0500-CLOSE-FILES.
   645
   646     CLOSE CERT-IN CERT-OUT
   647
   648     .
   649 0500-EXIT.
   650     EXIT.
   651
* Micro Focus Server Express         V5.1 revision 000 06-Oct-15 17:19 Page  13
* PEMCRF3C.cbl
   652 0600-INITIALIZE.
   653
   654     PERFORM 0200-CERT-READ      THRU 0200-EXIT
   655
   656     .
   657 0600-EXIT.
   658     EXIT.
   659
* Micro Focus Server Express         V5.1 revision 000 Compiler
* Copyright (C) Micro Focus IP Development Limited 1984-2012.
*                                                        REF GNR-008065005AF
* Total Messages:     0
* Data:        3804     Code:        1521
