Compile completed for PEMBLDIDX1
Compile completed for ECS020T
Compile completed for ECS020TT
Compile completed for ECS020TT
Compile completed for ECS020TT
Compile completed for ECS020TT
Compile completed for PEMBLDIDX1
Compile completed for ECS020TT
Compile completed for ECS020TT
Compile completed for ECS020TT
Compile completed for ECS020TT
Compile completed for ECS020TT
Compile completed for ECS020TT
Compile completed for ECS020TT
Compile completed for ECS020TT
Compile completed for ECS020TT
Compile completed for ECS020TT
Compile completed for PEMBLDIDX
Compile completed for EL350PE
Compile completed for PEMBLDIDX
Compile completed for EL350PE
Compile completed for EL311P
Compile completed for PEMLAC2
Compile completed for PEMBLDLA
Compile completed for PEMLAC2
Compile completed for PEMLAC2
Compile completed for PEMBLDIDX
Compile completed for EL350PE
Compile completed for EL311P
Compile completed for EL350PE
Compile completed for EL585PM
Compile completed for EL585PM
Compile completed for EL585PM
Compile completed for EL585PM
Compile completed for PEMBLDPBPC
Compile completed for EL523TST
Compile completed for EL523TST
Compile completed for EL523P
Compile completed for EL524TST
Compile completed for EL524P
Compile completed for EL540TST
Compile completed for PEMBLDPBPC
Compile completed for EL585MTST
Compile completed for EL585MP
Compile completed for EL344TST
Compile completed for EL344P
Compile completed for PEMCFC2
Compile completed for PEMBLDCF
Compile completed for PEMCFC2
Compile completed for PEMCFC2
Compile completed for PEMCFC2
Compile completed for PEMCFC2
Compile completed for PEMANIMT
Compile completed for ECS042
Compile completed for ECS042
Compile completed for EL547T
Compile completed for EL547T
Compile completed for PEMBLDIDX
Compile completed for EL350PE
Compile completed for EL350PE
Compile completed for EL350PE
Compile completed for EL350PE
Compile completed for EL547T
Compile completed for EL547T
Compile completed for EL350PE
Compile completed for EL311P
Compile completed for EL350PE
Compile completed for EL350PE
Compile completed for EL517
Compile completed for PEMBLDMF
Compile completed for PEMBLDMF
Compile completed for EL512
Compile completed for EL512MF
Compile completed for EL513MF
Compile completed for EL517MF
Compile completed for EL517MF
Compile completed for EL517MF
Compile completed for PEMBLDIDX
Compile completed for EL350PE
Compile completed for EL350PE
Compile completed for EL350PE
Compile completed for EL350PE
Compile completed for PEMBLDIDX
Compile completed for EL350PE
Compile completed for EL311P
Compile completed for EL350PE
Compile completed for EL350PE
Compile completed for EL350PE
Compile completed for PEMAMC1
Compile completed for EL350PE
Compile completed for EL350PE
Compile completed for EL350PE
Compile completed for EL350PE
Compile completed for EL350PE
Compile completed for EL350PE
Compile completed for EL350PE
Compile completed for EL350PE
Compile completed for EL350PE
Compile completed for EL350PE
Compile completed for EL350PE
Compile completed for EL350PE
Compile completed for EL350PE
Compile completed for EL350PE
Compile completed for PEMEPX4A
