* Micro Focus Server Express         V5.1 revision 000 06-Oct-15 17:19 Page   1
* PEMCRF4.cbl
* Options: int("PEMCRF4.int") anim csi verbose NOBOUND PARAMCOUNTCHECK
*          directives(cobopt.bth) endp list("PEMCRF4.lst")
* Setting: NOACCEPTREFRESH NOADV ALIGN"8" ALPHASTART"1" NOALTER NOAMODE ANIM
*          NOANIMPREP ANS85 APOST NOAREACHECK ARITHMETIC"OSVS" ASSIGN
*          "EXTERNAL" NOASSIGN-PRINTER NOAUTOLOCK NOBELL NOBOUND NOBRIEF
*          NOBS2000 BWZSTAR NOBYTEMODEMOVE CALLFH"ebmlsfile" NOCALLMCS
*          NOCALLRECOVERY CALLSORT"EXTSM" CANCEL CANCELLBR NOCHANGEMESSAGE
*          CHARSET"ASCII" NOCHECKDIV NOCHECKREFMOD NOCICS CICS-CPY
*          NOCICSOPTIMIZE NOCMPR2 NOCOBFSTATCONV NOCOBIDY NOCOBOL370 COBOLDIR
*          NOCOMP COMP-5"2" COMP-6"2" NOCOMS85 CONFIRM NOCONVERTRET CONVSPACE
*          COPYEXT",cbl,cpy" NOCOPYLBR COPYLIST COPYLISTCOMMENT"1" CSI
*          CURRENCY-SIGN"36" CURRENT-DATE"MMDDYY" NODATA DATACOMPRESS"0"
*          NODATA-CONTEXT DATE DBCHECK DBCS"2" NODBCSSOSI DBSPACE DE-EDIT"2"
*          DEFAULTBYTE"32" NODEFAULTCALLS DETECTLOCK NODG DIALECT"MF"
*          NODIRECTIVES-IN-COMMENTS NODOSVS NODPCINSUBSCRIPT DYNAM
*          NOEARLY-RELEASE ECHO NOECHOALL NOEDITOR ENSUITE"0" NOENTCOBOL
*          ERRFORMAT"1" ERRLIST"EMBED" NOERRQ FASTSORT NOFCD3 NOFCDREG
*          NOFDCLEAR NOFILESHARE FILETYPE"0" NOFLAG NOFLAGAS NOFLAGCD
*          NOFLAGEUC NOFLAGMIG NOFLAGQ FLAGSINEDIT NOFLAGSTD NOFOLDCALLNAME
*          NOFOLDCOPYNAME FORM"60" NOFP-ROUNDING NOHOSTARITHMETIC
*          NOHOSTCONTZERO NOHOST-NUMCOMPARE NOHOST-NUMMOVE NOHOSTFD NOHOSTRW
*          NOIBM-MS IBMCOMP IDXFORMAT"0" NOILGEN IMPLICITSCOPE NOINDD
*          INFORETURN"0" NOINITCALL INITPTR INT"PEMCRF4.int" INTDATE"ANSI"
*          INTLEVEL"2" IOCONV NOISO2002 NOIXNLSKEY NOIXNUMKEY KEEP-INT
*          KEYCHECK KEYCOMPRESS"0" LIBRARIAN"2" NOLINE-COUNT LIST"PEMCRF4.lst"
*          LISTPATH"" LISTWIDTH"80" LITVAL-SIZE"4" LOCKTYPE"0" NOMAPNAME
*          NOMAXERROR METHODDEFAULT"REFERENCE" MF"15" MFCOMMENT NOMOVELENCHECK
*          NOMS NOMVS NATIVE"ASCII" NONATIVEFLOATINGPOINT NONCHAR
*          NONEWBASENAME NONLS NSYMBOL"DBCS" NOODOOSVS NOODOSLIDE
*          NOOLDBLANKLINE NOOLDCOPY NOOLDINDEX NOOLDNEXTSENTENCE NOOLDREADINTO
*          NOOLDSTRMIX OOCTRL"-C-E-G-P+Q+R-S+W" OPTIONAL-FILE NOOS390 OSEXT""
*          NOOSVS NOOUTDD NOP64 NOPANVALET PERFORM-TYPE"OSVS" NOPREPLIST
*          NOPREPROCESS NOPRINT-EXT NOPROFILE NOPROGID-COMMENT
*          NOPROGID-INT-NAME NOPROTECT-LINKAGE PROTOTYPE"RELAXED" QUAL
*          QUALPROC NOQUERY NOQUOTE NORAWLIST NORDW RECMODE"F" NOREENTRANT
*          NOREF NOREFNO REMAINDER"1" REPORT-LINE"256" RESEQ NORETRYLOCK
*          REWRITE-LS NORM RTNCODE-SIZE"4" NORWHARDPAGE NOSAA SEG NOSEQCHK
*          SEQUENTIAL"RECORD" NOSERIAL SETTING"LINE" NOSHAREOUTDD NOSHOW-DIR
*          SIGN"ASCII" NOSIGNDISCARD NOSIGNFIXUP SORTTYPE"DFSORT" SOURCEFORMAT
*          "FIXED" SOURCETABSTOP"8" NOSPZERO NOSSRANGE STDERR NOSTICKY-LINKAGE
*          NOSTICKY-PERFORM SUPFF SWITCHTYPE"1" SYMBSTART"1" SYSPUNCH"132"
*          TERMPAGE TIME NOTRACE NOTRUNC NOTRUNCCALLNAME NOTRUNCCOPY TRUNCINC
*          "10" UNICODE"NATIVE" VERBOSE VSC2"2" WARNING"1" NOWB NOWB2 NOWB3
*          WEBSERVER"CGI" NOWRITELOCK NOWRITETHRU NOXOPEN NOXREF
*          NOZEROLENGTHFALSE NOZEROSEQ NOZWB
     1 IDENTIFICATION DIVISION.
     2 PROGRAM-ID. PEMCRF4.
     3 AUTHOR.     PABLO
     4 DATE-COMPILED. 06-Oct-15 17:19.
     5 ENVIRONMENT DIVISION.
     6 INPUT-OUTPUT SECTION.
     7 FILE-CONTROL.
     8
     9     SELECT  CERT-IN             ASSIGN TO CERTIN.
    10     SELECT  CERT-OUT            ASSIGN TO CERTOT.
    11
    12 DATA DIVISION.
    13 FILE SECTION.
* Micro Focus Server Express         V5.1 revision 000 06-Oct-15 17:19 Page   2
* PEMCRF4.cbl
    14
    15 FD  CERT-IN
    16     RECORDING MODE F
    17     LABEL RECORDS STANDARD
    18     BLOCK CONTAINS 0 RECORDS.
    19
*   20                                 COPY ECSCRT01.
    21******************************************************************
    22*                                                                *
    23*                            ECSCRT01                            *
    24*           COPYBOOK REVIEWED FOR YEAR 2000 COMPLIANCE
    25*                            VMOD=2.016                          *
    26*                                                                *
    27*   FILE DESCRIPTION = CERTIFICATE RECORD    (OFF-LINE)          *
    28*                                                                *
    29*   FILE TYPE = SEQUENTIAL
    30*   RECORD SIZE = 1056 RECFORM = FIXED                           *
    31*                                                                *
    32*   KEY DATA =                         START=4, LEN=36           *
    33*                                                                *
    34*  NO  CID  MODS  IN  COPYBOOK  ECSCRT01                         *
    35*                                                                *
    36******************************************************************
    37******************************************************************
    38*                   C H A N G E   L O G
    39*
    40* CHANGES ARE MARKED BY THE CHANGE EFFECTIVE DATE.
    41*-----------------------------------------------------------------
    42*  CHANGE   CHANGE REQUEST PGMR  DESCRIPTION OF CHANGE
    43* EFFECTIVE    NUMBER
    44*-----------------------------------------------------------------
    45* 122002                   PEMA  ADD MONTHLY PRODUCT PROCESSING
    46* 100703    2003080800002  PEMA  ADD SUPER GAP PROCESSING
    47* 040504    2003080800002  PEMA  ADD DEALER INCENTIVE PROCESSING
    48* 020305    2005020000000  PEMA  ADD CLP STATE TO CERT RECORD
    49* 110105    2005071200004  PEMA  INCREASE SIZE OF LOAN OFFICER
    50* 042408    2007110500003  PEMA  ADD REFUND INTEREST PROCESSING
    51* 071211  CR2009050700003  PEMA  ADD SPP DEALER DIRECT
    52* 032612  CR2011110200001  PEMA  AHL CHANGES
    53* 052814  CR2014012300001  PEMA  DCC CREDIT UNION CHANGES
    54* 090314  CR2014081300001  PEMA  LOAD CERTS INVOLVED IN THAO
    55******************************************************************
    56
    57 01  CERTIFICATE-RECORD.
    58     12  CR-RECORD-ID                      PIC XX.
    59         88  VALID-CR-ID                      VALUE 'CR'.
    60
    61     12  CR-COMPANY-CD                     PIC X.
    62
    63     12  CR-FULL-CONTROL.
    64         16  CR-CONTROL-1.
    65             20  CR-ACCT-CONTROL.
    66                 24  CR-CARRIER            PIC X.
    67                 24  CR-GROUPING.
    68                     28  CR-GROUP-PREFIX   PIC XXX.
    69                     28  CR-GROUP-PRIME    PIC XXX.
    70                 24  CR-STATE              PIC XX.
    71                 24  CR-ACCOUNT.
* Micro Focus Server Express         V5.1 revision 000 06-Oct-15 17:19 Page   3
* PEMCRF4.cbl (/apps/prod/cid1p/copy/ECSCRT01)
    72                     28  CR-ACCT-PREFIX    PIC X(4).
    73                     28  CR-ACCT-PRIME     PIC X(6).
    74             20  CR-DT                     PIC 9(11)  COMP-3.
    75         16  CR-CERT-NO.
    76             20  CR-CERT.
    77                 24  CR-CERT-PREFIX        PIC X(3).
    78                 24  CR-CERT-PRIME         PIC X(7).
    79             20  CR-CERT-SFX               PIC X.
    80
    81     12  CR-INSUREDS-PROFILE.
    82         16  CR-NAME.
    83             20  CR-LNAME                  PIC X(15).
    84             20  CR-FNAME.
    85                 24  CR-1ST-INITIAL        PIC X.
    86                 24  FILLER                PIC X(9).
    87             20  CR-INIT                   PIC X.
    88         16  CR-AGE                        PIC 99.
    89         16  CR-SEX                        PIC X.
    90             88  CR-SEX-MALE                  VALUE 'M'.
    91             88  CR-SEX-FEMALE                VALUE 'F'.
    92         16  CR-SOC-SEC                    PIC X(11).
    93         16  CR-JOINT-NAME.
    94             20  CR-JT-LNAME               PIC X(15).
    95             20  CR-JT-FNAME.
    96                 24  CR-JT-1ST-INIT        PIC X.
    97                 24  FILLER                PIC X(9).
    98             20  CR-JT-INIT                PIC X.
    99         16  CR-JOINT-AGE                  PIC 99.
   100
   101         16  cr-ahl-ah-claim-no            pic x(9).
   102         16  cr-ahl-ah-cert-seq            pic x(3).
   103         16  cr-hst-proc-lf                pic x.
   104         16  f                             pic x(7).
   105
   106     12  CR-LF-COVERAGE-DATA.
   107         16  CR-LFTYP                      PIC XX.
   108         16  CR-LF-TERM                    PIC S999       COMP-3.
   109         16  CR-LF-CRIT-PERIOD             PIC S999       COMP-3.
   110         16  CR-LF-TERM-IN-DAYS            PIC S9(5)      COMP-3.
   111         16  CR-LF-DEV-CODE                PIC XXX.
   112         16  CR-LF-DEV-PCT                 PIC S9V9(6)    COMP-3.
   113
   114         16  CR-LFAMT                      PIC S9(9)V99   COMP-3.
   115         16  CR-LFPRM                      PIC S9(7)V99   COMP-3.
   116         16  CR-LFPRM-CALC                 PIC S9(7)V99   COMP-3.
   117         16  CR-LFPRM-RATE                 PIC S99V9(5)   COMP-3.
   118
   119         16  CR-LFAMT-ALT                  PIC S9(9)V99   COMP-3.
   120         16  CR-LFPRM-ALT                  PIC S9(7)V99   COMP-3.
   121         16  CR-LFPRM-CALC-ALT             PIC S9(7)V99   COMP-3.
   122         16  CR-LFPRM-RATE-ALT             PIC S99V9(5)   COMP-3.
   123
   124         16  CR-LFRFND                     PIC S9(7)V99   COMP-3.
   125         16  CR-LFRFND-CALC                PIC S9(7)V99   COMP-3.
   126
   127         16  CR-LF-NSP-PRM                 PIC S9(7)V99   COMP-3.
   128         16  CR-LF-NSP-PRM-RATE            PIC S99V9(5)   COMP-3.
   129
* Micro Focus Server Express         V5.1 revision 000 06-Oct-15 17:19 Page   4
* PEMCRF4.cbl (/apps/prod/cid1p/copy/ECSCRT01)
   130         16  CR-LF-REFUND-TYPE             PIC X.
   131         16  CR-LF-POLICY-FEE              PIC S9(3)V99   COMP-3.
   132
   133         16  CR-LF-COMM-CHARGEBACK         PIC X.
   134             88  CR-NO-LF-CHARGEBACK          VALUE 'N'.
   135
   136         16  CR-LF-REI-RISK-PRM            PIC S9(7)V99   COMP-3.
   137
   138         16  CR-LF-EXPIRE-DATE             PIC 9(11)      COMP-3.
   139         16  CR-LF-ISS-PREM-TAX            PIC S9V9(4)    COMP-3.
   140         16  CR-LF-CNC-PREM-TAX            PIC S9V9(4)    COMP-3.
   141
   142         16  cr-ahl-lf-claim-no            pic x(9).
   143         16  cr-ahl-lf-cert-seq            pic x(3).
   144         16  FILLER                        PIC XX.
   145
   146     12  CR-AH-COVERAGE-DATA.
   147         16  CR-AHTYP                      PIC XX.
   148         16  CR-AH-TERM                    PIC S999       COMP-3.
   149         16  CR-AH-CRIT-PERIOD             PIC S999       COMP-3.
   150         16  CR-AH-DEV-CODE                PIC XXX.
   151         16  CR-AH-DEV-PCT                 PIC S9V9(6)    COMP-3.
   152
   153         16  CR-AHAMT                      PIC S9(7)V99   COMP-3.
   154         16  CR-AHPRM                      PIC S9(7)V99   COMP-3.
   155         16  CR-AHPRM-CALC                 PIC S9(7)V99   COMP-3.
   156         16  CR-AHPRM-RATE                 PIC S99V9(5)   COMP-3.
   157
   158         16  CR-AHRFND                     PIC S9(7)V99   COMP-3.
   159         16  CR-AHRFND-CALC                PIC S9(7)V99   COMP-3.
   160
   161         16  CR-AH-NSP-PRM                 PIC S9(7)V99   COMP-3.
   162         16  CR-AH-NSP-PRM-RATE            PIC S99V9(5)   COMP-3.
   163
   164         16  CR-AH-REFUND-TYPE             PIC X.
   165         16  CR-AH-POLICY-FEE              PIC S9(3)V99   COMP-3.
   166
   167         16  CR-AH-COMM-CHARGEBACK         PIC X.
   168             88  CR-NO-AH-CHARGEBACK          VALUE 'N'.
   169
   170         16  CR-AH-REI-RISK-PRM            PIC S9(7)V99   COMP-3.
   171
   172         16  CR-AH-EXPIRE-DATE             PIC 9(11)      COMP-3.
   173         16  CR-AH-ISS-PREM-TAX            PIC S9V9(4)    COMP-3.
   174         16  CR-AH-CNC-PREM-TAX            PIC S9V9(4)    COMP-3.
   175
   176         16  FILLER                        PIC XX.
   177*        16  FILLER                        PIC X(8).
   178
   179     12  CR-LOAN-DATA.
   180         16  CR-LIVES                      PIC S9(7)      COMP-3.
   181         16  CR-DDF-IU-RATE-UP REDEFINES CR-LIVES
   182                                           PIC S9(5)V99   COMP-3.
   183         16  CR-BILLED                     PIC S9(7)      COMP-3.
   184         16  CR-APR                        PIC S999V9(4)  COMP-3.
   185         16  CR-PMT-FREQ                   PIC 99.
   186         16  CR-LOAN-TERM                  PIC S999       COMP-3.
   187         16  CR-RATING-CLASS               PIC XX.
* Micro Focus Server Express         V5.1 revision 000 06-Oct-15 17:19 Page   5
* PEMCRF4.cbl (/apps/prod/cid1p/copy/ECSCRT01)
   188         16  CR-POLICY-FORM-NO             PIC X(12).
   189         16  CR-GRPTYP                     PIC XX.
   190         16  CR-IND-GRP                    PIC X.
   191             88  CR-INDIVIDUAL                VALUE '1'.
   192             88  CR-GROUP                     VALUE '2'.
   193         16  CR-SKIP                       PIC 99.
   194             88  NO-MONTHS-SKIPPED            VALUE 00.
   195             88  SKIP-JULY                    VALUE 01.
   196             88  SKIP-AUGUST                  VALUE 02.
   197             88  SKIP-SEPTEMBER               VALUE 03.
   198             88  SKIP-JULY-AUG                VALUE 04.
   199             88  SKIP-AUG-SEPT                VALUE 05.
   200             88  SKIP-JULY-AUG-SEPT           VALUE 06.
   201             88  SKIP-JUNE-JULY-AUG           VALUE 07.
   202             88  SKIP-JUNE                    VALUE 08.
   203             88  SKIP-JUNE-JULY               VALUE 09.
   204             88  SKIP-AUG-SEPT-OCT            VALUE 10.
   205             88  SKIP-BI-WEEKLY-3RD-PMT       VALUE 11.
   206         16  CR-RESIDENT-STATE             PIC XX.
   207         16  CR-RATE-CODE.
   208             20  CR-LF-CLASS-CD            PIC XX.
   209             20  CR-AH-CLASS-CD            PIC XX.
   210         16  CR-MORT.
   211             20  CR-TAB                    PIC X.
   212             20  CR-INT                    PIC 99.
   213             20  CR-GRP                    PIC X.
   214         16  CR-MEMBER-NO                  PIC X(12).
   215         16  CR-OLD-LOF                    PIC XXX.
   216*        16  CR-LOAN-OFFICER               PIC XXX.
   217         16  CR-REIN-TABLE                 PIC XXX.
   218         16  CR-REIN-SPEC                  PIC X.
   219         16  CR-LOAN-1ST-PMT-DT.
   220             20  CR-1ST-PMT-YR             PIC 99.
   221             20  CR-1ST-PMT-MO             PIC 99.
   222             20  CR-1ST-PMT-DA             PIC 99.
   223         16  CR-SUM-CAN-CNT-ITD            PIC S999       COMP-3.
   224         16  CR-SUM-CAN-CNT-YTD            PIC S999       COMP-3.
   225         16  CR-PMT-EXTENSION-DAYS         PIC S999       COMP-3.
   226         16  CR-LAST-ADD-ON-DT             PIC XX.
   227
   228         16  CR-UNDERWRITING-CODE          PIC X.
   229             88  CR-POLICY-UNDERWRITTEN       VALUE 'Y'.
   230
   231         16  CR-STATE-TAX                  PIC S9(7)V99   COMP-3.
   232         16  CR-MUNI-TAX                   PIC S9(7)V99   COMP-3.
   233         16  CR-CANCEL-STATE-TAX           PIC S9(7)V99   COMP-3.
   234         16  CR-CANCEL-MUNI-TAX            PIC S9(7)V99   COMP-3.
   235
   236     12  CR-STATUS-INFORMATION.
   237         16  CR-ENTRY-STATUS               PIC X.
   238             88  CR-NORMAL-ENTRY              VALUE '1'.
   239             88  CR-POLICY-IS-RESTORE         VALUE '3'.
   240             88  CR-CONVERSION-ENTRY          VALUE '4'.
   241             88  CR-POLICY-IS-REISSUE         VALUE '5'.
   242             88  CR-POLICY-IS-CASH            VALUE 'C'.
   243             88  CR-POLICY-IS-MONTHLY         VALUE 'M'.
   244             88  CR-POLICY-IS-REIN-ONLY       VALUE '9'.
   245             88  CR-POLICY-IS-DECLINED        VALUE 'D'.
* Micro Focus Server Express         V5.1 revision 000 06-Oct-15 17:19 Page   6
* PEMCRF4.cbl (/apps/prod/cid1p/copy/ECSCRT01)
   246             88  CR-POLICY-IS-VOID            VALUE 'V'.
   247             88  CR-POLICY-IS-PREM-ONLY       VALUE 'P'.
   248             88  CR-POLICY-IS-ACTIVE          VALUE '1' '3' '4'
   249                                                'C' '5' '9' 'P'.
   250         16  CR-ENTRY-DATE                 PIC 9(11)  COMP-3.
   251
   252         16  CR-LF-STATUS-AT-CANCEL        PIC X.
   253         16  CR-LF-CANC-DT                 PIC 9(11)  COMP-3.
   254         16  CR-LF-CANCEL-EXIT-DATE        PIC 9(11)  COMP-3.
   255
   256         16  CR-LF-STATUS-AT-DEATH         PIC X.
   257         16  CR-LF-CLAIM-EXIT-DATE         PIC 9(11)  COMP-3.
   258
   259         16  CR-LF-CURRENT-STATUS          PIC X.
   260             88  CR-LF-NORMAL-ENTRY           VALUE '1'.
   261             88  CR-LF-POLICY-PENDING         VALUE '2'.
   262             88  CR-LF-POLICY-IS-RESTORE      VALUE '3'.
   263             88  CR-LF-CONVERSION-ENTRY       VALUE '4'.
   264             88  CR-LF-POLICY-IS-REISSUE      VALUE '5'.
   265             88  CR-LF-POLICY-IS-MONTHLY      VALUE 'M'.
   266             88  CR-LF-LUMP-SUM-DISAB         VALUE '6'.
   267             88  CR-LF-DEATH-CLAIM-APPLIED    VALUE '7'.
   268             88  CR-LF-CANCEL-APPLIED         VALUE '8'.
   269             88  CR-LF-IS-REIN-ONLY           VALUE '9'.
   270             88  CR-LF-IS-DECLINED            VALUE 'D'.
   271             88  CR-LF-IS-VOID                VALUE 'V'.
   272             88  CR-LF-POLICY-IS-ACTIVE       VALUE '1' '2' '3'
   273                                                    '4' '5' '9'.
   274
   275         16  CR-AH-STATUS-AT-CANCEL        PIC X.
   276
   277         16  CR-AH-CANC-DT                 PIC 9(11)  COMP-3.
   278         16  CR-AH-CANCEL-EXIT-DATE        PIC 9(11)  COMP-3.
   279
   280         16  CR-AH-STATUS-AT-SETTLEMENT    PIC X.
   281         16  CR-AH-SETTLEMENT-EXIT-DATE    PIC 9(11)  COMP-3.
   282
   283         16  CR-AH-CURRENT-STATUS          PIC X.
   284             88  CR-AH-NORMAL-ENTRY           VALUE '1'.
   285             88  CR-AH-POLICY-PENDING         VALUE '2'.
   286             88  CR-AH-POLICY-IS-RESTORE      VALUE '3'.
   287             88  CR-AH-CONVERSION-ENTRY       VALUE '4'.
   288             88  CR-AH-POLICY-IS-REISSUE      VALUE '5'.
   289             88  CR-AH-POLICY-IS-MONTHLY      VALUE 'M'.
   290             88  CR-AH-LUMP-SUM-DISAB         VALUE '6'.
   291             88  CR-AH-DEATH-CLAIM-APPLIED    VALUE '7'.
   292             88  CR-AH-CANCEL-APPLIED         VALUE '8'.
   293             88  CR-AH-IS-REIN-ONLY           VALUE '9'.
   294             88  CR-AH-IS-DECLINED            VALUE 'D'.
   295             88  CR-AH-IS-VOID                VALUE 'V'.
   296             88  CR-AH-POLICY-IS-ACTIVE       VALUE '1' '2' '3'
   297                                                    '4' '5' '9'.
   298         16  CR-LOAN-OFFICER               PIC X(5).
   299         16  CR-CANCEL-REASON              PIC X.
   300         16  cr-xycor-lf-cov-code          pic x(4).
   301         16  cr-xycor-ah-cov-code          pic x(4).
   302         16  cr-temp-epiq                  pic x(4).
   303         16  FILLER                        PIC XX.
* Micro Focus Server Express         V5.1 revision 000 06-Oct-15 17:19 Page   7
* PEMCRF4.cbl (/apps/prod/cid1p/copy/ECSCRT01)
   304
   305     12  CR-DEATH-CLAIM-DATA.
   306         16  CR-NUM-DTH-CLM                PIC S999       COMP-3.
   307
   308         16  CR-DTH-DT                     PIC 9(11)      COMP-3.
   309         16  CR-DTH-RPT-DT.
   310             20  CR-DTH-RPT-YR             PIC 99.
   311             20  CR-DTH-RPT-MO             PIC 99.
   312             20  CR-DTH-RPT-DA             PIC 99.
   313         16  CR-DTH-PAY-DT                 PIC 9(11)      COMP-3.
   314
   315         16  CR-DTHAMT                     PIC S9(9)V99   COMP-3.
   316         16  CR-DTHAMT-YTD                 PIC S9(9)V99   COMP-3.
   317         16  CR-DTHAMT-LAST                PIC S9(9)V99   COMP-3.
   318         16  CR-DTHEXP                     PIC S9(7)V99   COMP-3.
   319         16  CR-DTHEXP-YTD                 PIC S9(7)V99   COMP-3.
   320
   321         16  CR-DTH-AGE                    PIC 99.
   322         16  CR-DTH-PAY-CD                 PIC X.
   323         16  CR-DEATH-CAUSE                PIC X(6).
   324
   325         16  FILLER                        PIC X(16).
   326
   327     12  CR-DISAB-CLAIM-DATA.
   328         16  CR-NUM-DIS-CLM                PIC S999       COMP-3.
   329
   330         16  CR-DIS-DT                     PIC 9(11)      COMP-3.
   331         16  CR-DIS-RPT-DT.
   332             20  CR-DIS-RPT-YR             PIC 99.
   333             20  CR-DIS-RPT-MO             PIC 99.
   334             20  CR-DIS-RPT-DA             PIC 99.
   335         16  CR-DIS-PAY-DT                 PIC 9(11)      COMP-3.
   336         16  CR-DIS-PTO-DT                 PIC 9(11)      COMP-3.
   337
   338         16  CR-DISAMT                     PIC S9(9)V99   COMP-3.
   339         16  CR-DISAMT-YTD                 PIC S9(9)V99   COMP-3.
   340         16  CR-DISAMT-LAST                PIC S9(9)V99   COMP-3.
   341         16  CR-DISEXP                     PIC S9(7)V99   COMP-3.
   342         16  CR-DISEXP-YTD                 PIC S9(7)V99   COMP-3.
   343
   344         16  CR-DAYS-DISAB                 PIC 999        COMP-3.
   345         16  CR-DIS-PAY-CD                 PIC X.
   346         16  FILLER                        PIC XX.
   347
   348         16  CR-DISAB-INCURRED-DETAIL.
   349             20  CR-DISAB-DETAIL-DATA  OCCURS 5 TIMES.
   350**ELCCRTVR MUST BE CHANGED IF THE "OCCURS" IS CHANGED.
   351                 24  CR-DIS-INCUR-DT       PIC 9(11)     COMP-3.
   352                 24  CR-INCUR-DISAMT       PIC S9(9)V99  COMP-3.
   353                 24  CR-INCUR-DISEXP       PIC S9(9)V99  COMP-3.
   354
   355         16  CR-DISAB-CAUSE                PIC X(6).
   356         16  FILLER                        PIC X(14).
   357
   358     12  CR-REMIT-TO                       PIC 99.
   359
   360     12  CR-COMPENSATION-LEVELS.
   361         16  CR-AGT-LEVELS      OCCURS 10 TIMES.
* Micro Focus Server Express         V5.1 revision 000 06-Oct-15 17:19 Page   8
* PEMCRF4.cbl (/apps/prod/cid1p/copy/ECSCRT01)
   362             20  CR-COM-AGT.
   363                 24  CR-COM-AGT-PREFIX     PIC X(4).
   364                 24  CR-COM-AGT-PRIME      PIC X(6).
   365             20  CR-AGT-TYPE               PIC X.
   366             20  CR-LCOM-L                 PIC SV9(5)     COMP-3.
   367             20  CR-LCOM-AH                PIC SV9(5)     COMP-3.
   368
   369     12  CR-BANK-NOCHRGB-MONTHS            PIC 99.
   370     12  CR-MOB-NET-TOT-FEES               PIC S9(7)V99   COMP-3.
   371     12  CR-ADDL-CLP                       PIC S9(5)V99   COMP-3.
   372     12  CR-CLP-STATE                      PIC XX.
   373     12  CR-POST-CARD-IND                  PIC X.
   374     12  CR-LF-CLP                         PIC S9(5)V99   COMP-3.
   375     12  CR-AH-CLP                         PIC S9(5)V99   COMP-3.
   376     12  CR-DCC-PRODUCT-CODE               PIC XXX.
   377     12  CR-LF-RFND-CLP                    PIC S9(5)V99   COMP-3.
   378     12  CR-AH-RFND-CLP                    PIC S9(5)V99   COMP-3.
   379     12  FILLER                            PIC X(07).
   380
   381     12  CR-CSR-CODE                       PIC XXX.
   382
   383     12  CR-CLAIM-DEDUCT-WITHHELD          PIC S9(5)V99   COMP-3.
   384     12  CR-CANCEL-DEDUCT-WITHHELD         PIC S9(5)V99   COMP-3.
   385
   386     12  CR-MICROFILM-NUMBERS.
   387*        16  CR-ISS-MICROFILM-NO           PIC S9(9)      COMP-3.
   388         16  FILLER                        PIC X(5).
   389     12  CR-NH-INT-ON-REF                  PIC S9(7)V99   COMP-3.
   390
   391     12  CR-USER-CODE                      PIC X.
   392     12  CR-USER-FUTURE                    PIC X(9).
   393
   394     12  CR-BENEFICIARY.
   395         16  CR-BANK-NO                    PIC X(10).
   396         16  FILLER                        PIC X(15).
   397
   398     12  CR-ENTRY-BATCH                    PIC X(6).
   399     12  CR-LF-EXIT-BATCH                  PIC X(6).
   400     12  CR-AH-EXIT-BATCH                  PIC X(6).
   401
   402     12  CR-NOTE-SW                        PIC X.
   403
   404     12  CR-ORIGIN-INDICATOR               PIC X.
   405         88  CR-ENTERED-MANUALLY              VALUE '1'.
   406         88  CR-CREATED-FROM-TAPE-LOAD        VALUE '2'.
   407
   408     12  CR-LF-CNC-ENT-DT                  PIC 9(11)  COMP-3.
   409     12  CR-AH-CNC-ENT-DT                  PIC 9(11)  COMP-3.
   410     12  FILLER                            PIC X(33).
   411
   412******************************************************************
   413
   414 FD  CERT-OUT
   415     RECORDING MODE F
   416     LABEL RECORDS STANDARD
   417     BLOCK CONTAINS 0 RECORDS.
   418 01  CERT-RECORD                 PIC X(1056).
   419
* Micro Focus Server Express         V5.1 revision 000 06-Oct-15 17:19 Page   9
* PEMCRF4.cbl
   420 WORKING-STORAGE SECTION.
   421 77  FILLER  PIC X(32) VALUE '********************************'.
   422 77  FILLER  PIC X(32) VALUE '   PEMCRF4   WORKING-STORAGE    '.
   423 77  FILLER  PIC X(32) VALUE '********************************'.
   424
   425 77  WS-EOF-SW               PIC X VALUE SPACES.
   426     88  END-OF-INPUT              VALUE 'Y'.
   427 77  CERT-RECS-IN            PIC 9(9) VALUE ZEROS.
   428 77  CERT-RECS-OUT           PIC 9(9) VALUE ZEROS.
   429 77  CERT-RECS-FIX           PIC 9(9) VALUE ZEROS.
   430 77  WS-DIS-DATE             PIC X(10)  VALUE SPACES.
   431 77  A1                      PIC S999 COMP-3 VALUE +0.
   432 01  WS-DISPLAY-DT           PIC 9(8) VALUE ZEROS.
   433 01  WS-DISPLAY-AMT          PIC Z,ZZZ,ZZ9.99 VALUE ZEROS.
   434 01  FILLER.
   435     05  WS-WORK-DATE        PIC 9(8)  VALUE ZEROS.
   436
   437 PROCEDURE DIVISION.
   438
   439 0000-MAIN.
   440
   441     PERFORM 0400-OPEN-FILES     THRU 0400-EXIT
   442
   443     PERFORM 0600-INITIALIZE     THRU 0600-EXIT
   444
   445     PERFORM 0100-PROCESS-CERT   THRU 0100-EXIT UNTIL
   446        END-OF-INPUT
   447
   448     PERFORM 0500-CLOSE-FILES    THRU 0500-EXIT
   449
   450     DISPLAY ' CERT RECORDS READ    ' CERT-RECS-IN
   451     DISPLAY ' CERT RECORDS WRITTEN ' CERT-RECS-OUT
   452     DISPLAY ' CERT RECORDS FIXED   ' CERT-RECS-FIX
   453
   454     GOBACK
   455
   456     .
   457 0100-PROCESS-CERT.
   458
   459     EVALUATE TRUE
   460        WHEN (CR-STATE = 'TX')
   461           AND (CR-ACCOUNT = '0600001385' OR '0600001386' OR
   462             '0600001387' OR '0600001465' OR '0600001728' OR
   463             '0600001758' OR '0600009091' OR '0600990013')
   464           AND (CR-DT > 20091231)
   465           ADD 1 TO CERT-RECS-FIX
   466           IF CR-LCOM-L (2) NOT = ZEROS
   467              DISPLAY ' 2 LIFE COMM BEFORE ' CR-STATE ' '
   468                 CR-ACCOUNT ' ' CR-CERT-NO ' '
   469                 CR-LCOM-L (2)
   470              MOVE .04500        TO CR-LCOM-L (2)
   471              DISPLAY ' 2 LIFE COMM AFTER  ' CR-LCOM-L (2)
   472           END-IF
   473           IF CR-LCOM-AH (2) NOT = ZEROS
   474              DISPLAY ' 2  AH  COMM BEFORE ' CR-STATE ' '
   475                 CR-ACCOUNT ' ' CR-CERT-NO ' '
   476                 CR-LCOM-AH (2)
   477              MOVE .04500        TO CR-LCOM-AH (2)
* Micro Focus Server Express         V5.1 revision 000 06-Oct-15 17:19 Page  10
* PEMCRF4.cbl
   478              DISPLAY ' 2  AH  COMM AFTER  ' CR-LCOM-AH (2)
   479           END-IF
   480           IF CR-LCOM-L (3) NOT = ZEROS
   481              DISPLAY ' 3 LIFE COMM BEFORE ' CR-STATE ' '
   482                 CR-ACCOUNT ' ' CR-CERT-NO ' '
   483                 CR-LCOM-L (3)
   484              MOVE .00333        TO CR-LCOM-L (3)
   485              DISPLAY ' 3 LIFE COMM AFTER  ' CR-LCOM-L (3)
   486           END-IF
   487           IF CR-LCOM-AH (3) NOT = ZEROS
   488              DISPLAY ' 3  AH  COMM BEFORE ' CR-STATE ' '
   489                 CR-ACCOUNT ' ' CR-CERT-NO ' '
   490                 CR-LCOM-AH (3)
   491              MOVE .00333           TO CR-LCOM-AH (3)
   492              DISPLAY ' 3  AH  COMM AFTER  ' CR-LCOM-AH (3)
   493           END-IF
   494           IF CR-LCOM-L (4) NOT = ZEROS
   495              DISPLAY ' 4 LIFE COMM BEFORE ' CR-STATE ' '
   496                 CR-ACCOUNT ' ' CR-CERT-NO ' '
   497                 CR-LCOM-L (4)
   498              MOVE .00167        TO CR-LCOM-L (4)
   499              DISPLAY ' 4 LIFE COMM AFTER  ' CR-LCOM-L (4)
   500           END-IF
   501           IF CR-LCOM-AH (4) NOT = ZEROS
   502              DISPLAY ' 4  AH  COMM BEFORE ' CR-STATE ' '
   503                 CR-ACCOUNT ' ' CR-CERT-NO ' '
   504                 CR-LCOM-AH (4)
   505              MOVE .00167        TO CR-LCOM-AH (4)
   506              DISPLAY ' 4  AH  COMM AFTER  ' CR-LCOM-AH (4)
   507           END-IF
   508
   509        WHEN (CR-STATE = 'TX')
   510           AND (CR-ACCOUNT = '0600001420')
   511           AND (CR-DT > 20091231)
   512           ADD 1 TO CERT-RECS-FIX
   513           IF CR-LCOM-L (2) NOT = ZEROS
   514              DISPLAY ' 2 LIFE COMM BEFORE ' CR-STATE ' '
   515                 CR-ACCOUNT ' ' CR-CERT-NO ' '
   516                 CR-LCOM-L (2)
   517              MOVE .04500        TO CR-LCOM-L (2)
   518              DISPLAY ' 2 LIFE COMM AFTER  ' CR-LCOM-L (2)
   519           END-IF
   520           IF CR-LCOM-AH (2) NOT = ZEROS
   521              DISPLAY ' 2  AH  COMM BEFORE ' CR-STATE ' '
   522                 CR-ACCOUNT ' ' CR-CERT-NO ' '
   523                 CR-LCOM-AH (2)
   524              MOVE .04500        TO CR-LCOM-AH (2)
   525              DISPLAY ' 2  AH  COMM AFTER  ' CR-LCOM-AH (2)
   526           END-IF
   527
   528           MOVE '0001300107'     TO CR-COM-AGT (3)
   529           IF CR-LCOM-L (3) NOT = ZEROS
   530              DISPLAY ' 3 LIFE COMM BEFORE ' CR-STATE ' '
   531                 CR-ACCOUNT ' ' CR-CERT-NO ' '
   532                 CR-LCOM-L (3)
   533              MOVE .00333        TO CR-LCOM-L (3)
   534              DISPLAY ' 3 LIFE COMM AFTER  ' CR-LCOM-L (3)
   535           END-IF
* Micro Focus Server Express         V5.1 revision 000 06-Oct-15 17:19 Page  11
* PEMCRF4.cbl
   536           IF CR-LCOM-AH (3) NOT = ZEROS
   537              DISPLAY ' 3  AH  COMM BEFORE ' CR-STATE ' '
   538                 CR-ACCOUNT ' ' CR-CERT-NO ' '
   539                 CR-LCOM-AH (3)
   540              MOVE .00333           TO CR-LCOM-AH (3)
   541              DISPLAY ' 3  AH  COMM AFTER  ' CR-LCOM-AH (3)
   542           END-IF
   543
   544           MOVE '0001300108'     TO CR-COM-AGT (4)
   545           IF CR-LFTYP NOT = '00' AND '  '
   546              DISPLAY ' 4 LIFE COMM BEFORE ' CR-STATE ' '
   547                 CR-ACCOUNT ' ' CR-CERT-NO ' '
   548                 CR-LCOM-L (4)
   549              MOVE .00167        TO CR-LCOM-L (4)
   550              DISPLAY ' 4 LIFE COMM AFTER  ' CR-LCOM-L (4)
   551           END-IF
   552           IF CR-AHTYP NOT = '00' AND '  '
   553              DISPLAY ' 4  AH  COMM BEFORE ' CR-STATE ' '
   554                 CR-ACCOUNT ' ' CR-CERT-NO ' '
   555                 CR-LCOM-AH (4)
   556              MOVE .00167        TO CR-LCOM-AH (4)
   557              DISPLAY ' 4  AH  COMM AFTER  ' CR-LCOM-AH (4)
   558           END-IF
   559           IF CR-DT > 20100131
   560              MOVE '0001300119'  TO CR-COM-AGT (4)
   561           END-IF
   562
   563        WHEN (CR-STATE = 'TX')
   564           AND (CR-ACCOUNT = '0600001440')
   565           AND (CR-DT > 20091231)
   566           ADD 1 TO CERT-RECS-FIX
   567           IF CR-LCOM-L (2) NOT = ZEROS
   568              DISPLAY ' 2 LIFE COMM BEFORE ' CR-STATE ' '
   569                 CR-ACCOUNT ' ' CR-CERT-NO ' '
   570                 CR-LCOM-L (2)
   571              MOVE .04500        TO CR-LCOM-L (2)
   572              DISPLAY ' 2 LIFE COMM AFTER  ' CR-LCOM-L (2)
   573           END-IF
   574           IF CR-LCOM-AH (2) NOT = ZEROS
   575              DISPLAY ' 2  AH  COMM BEFORE ' CR-STATE ' '
   576                 CR-ACCOUNT ' ' CR-CERT-NO ' '
   577                 CR-LCOM-AH (2)
   578              MOVE .04500        TO CR-LCOM-AH (2)
   579              DISPLAY ' 2  AH  COMM AFTER  ' CR-LCOM-AH (2)
   580           END-IF
   581
   582           MOVE '0001300107'     TO CR-COM-AGT (3)
   583           IF CR-LCOM-L (3) NOT = ZEROS
   584              DISPLAY ' 3 LIFE COMM BEFORE ' CR-STATE ' '
   585                 CR-ACCOUNT ' ' CR-CERT-NO ' '
   586                 CR-LCOM-L (3)
   587              MOVE .00333        TO CR-LCOM-L (3)
   588              DISPLAY ' 3 LIFE COMM AFTER  ' CR-LCOM-L (3)
   589           END-IF
   590           IF CR-LCOM-AH (3) NOT = ZEROS
   591              DISPLAY ' 3  AH  COMM BEFORE ' CR-STATE ' '
   592                 CR-ACCOUNT ' ' CR-CERT-NO ' '
   593                 CR-LCOM-AH (3)
* Micro Focus Server Express         V5.1 revision 000 06-Oct-15 17:19 Page  12
* PEMCRF4.cbl
   594              MOVE .00333           TO CR-LCOM-AH (3)
   595              DISPLAY ' 3  AH  COMM AFTER  ' CR-LCOM-AH (3)
   596           END-IF
   597
   598           MOVE '0001300108'     TO CR-COM-AGT (4)
   599           IF CR-LFTYP NOT = '00' AND '  '
   600              DISPLAY ' 4 LIFE COMM BEFORE ' CR-STATE ' '
   601                 CR-ACCOUNT ' ' CR-CERT-NO ' '
   602                 CR-LCOM-L (4)
   603              MOVE .00167        TO CR-LCOM-L (4)
   604              DISPLAY ' 4 LIFE COMM AFTER  ' CR-LCOM-L (4)
   605           END-IF
   606           IF CR-AHTYP NOT = '00' AND '  '
   607              DISPLAY ' 4  AH  COMM BEFORE ' CR-STATE ' '
   608                 CR-ACCOUNT ' ' CR-CERT-NO ' '
   609                 CR-LCOM-AH (4)
   610              MOVE .00167        TO CR-LCOM-AH (4)
   611              DISPLAY ' 4  AH  COMM AFTER  ' CR-LCOM-AH (4)
   612           END-IF
   613
   614
   615        WHEN (CR-STATE = 'TX')
   616           AND (CR-ACCOUNT = '0600001579')
   617           AND (CR-DT > 20091231)
   618           ADD 1 TO CERT-RECS-FIX
   619           IF CR-LCOM-L (2) NOT = ZEROS
   620              DISPLAY ' 2 LIFE COMM BEFORE ' CR-STATE ' '
   621                 CR-ACCOUNT ' ' CR-CERT-NO ' '
   622                 CR-LCOM-L (2)
   623              MOVE .04500        TO CR-LCOM-L (2)
   624              DISPLAY ' 2 LIFE COMM AFTER  ' CR-LCOM-L (2)
   625           END-IF
   626           IF CR-LCOM-AH (2) NOT = ZEROS
   627              DISPLAY ' 2  AH  COMM BEFORE ' CR-STATE ' '
   628                 CR-ACCOUNT ' ' CR-CERT-NO ' '
   629                 CR-LCOM-AH (2)
   630              MOVE .04500        TO CR-LCOM-AH (2)
   631              DISPLAY ' 2  AH  COMM AFTER  ' CR-LCOM-AH (2)
   632           END-IF
   633           IF CR-LCOM-L (3) NOT = ZEROS
   634              DISPLAY ' 3 LIFE COMM BEFORE ' CR-STATE ' '
   635                 CR-ACCOUNT ' ' CR-CERT-NO ' '
   636                 CR-LCOM-L (3)
   637              MOVE .00500        TO CR-LCOM-L (3)
   638              DISPLAY ' 3 LIFE COMM AFTER  ' CR-LCOM-L (3)
   639           END-IF
   640           IF CR-LCOM-AH (3) NOT = ZEROS
   641              DISPLAY ' 3  AH  COMM BEFORE ' CR-STATE ' '
   642                 CR-ACCOUNT ' ' CR-CERT-NO ' '
   643                 CR-LCOM-AH (3)
   644              MOVE .00500           TO CR-LCOM-AH (3)
   645              DISPLAY ' 3  AH  COMM AFTER  ' CR-LCOM-AH (3)
   646           END-IF
   647
   648
   649        WHEN (CR-STATE = 'FL')
   650           AND (CR-ACCOUNT = '0900733015')
   651           AND (CR-DT > 20081231)
* Micro Focus Server Express         V5.1 revision 000 06-Oct-15 17:19 Page  13
* PEMCRF4.cbl
   652           ADD 1 TO CERT-RECS-FIX
   653           IF CR-LCOM-L (2) NOT = ZEROS
   654              DISPLAY ' 2 LIFE COMM BEFORE ' CR-STATE ' '
   655                 CR-ACCOUNT ' ' CR-CERT-NO ' '
   656                 CR-LCOM-L (2)
   657              MOVE .17250        TO CR-LCOM-L (2)
   658              DISPLAY ' 2 LIFE COMM AFTER  ' CR-LCOM-L (2)
   659           END-IF
   660           IF CR-LCOM-AH (2) NOT = ZEROS
   661              DISPLAY ' 2  AH  COMM BEFORE ' CR-STATE ' '
   662                 CR-ACCOUNT ' ' CR-CERT-NO ' '
   663                 CR-LCOM-AH (2)
   664              MOVE .17250        TO CR-LCOM-AH (2)
   665              DISPLAY ' 2  AH  COMM AFTER  ' CR-LCOM-AH (2)
   666           END-IF
   667           IF CR-LCOM-L (3) NOT = ZEROS
   668              DISPLAY ' 3 LIFE COMM BEFORE ' CR-STATE ' '
   669                 CR-ACCOUNT ' ' CR-CERT-NO ' '
   670                 CR-LCOM-L (3)
   671              MOVE .05750        TO CR-LCOM-L (3)
   672              DISPLAY ' 3 LIFE COMM AFTER  ' CR-LCOM-L (3)
   673           END-IF
   674           IF CR-LCOM-AH (3) NOT = ZEROS
   675              DISPLAY ' 3  AH  COMM BEFORE ' CR-STATE ' '
   676                 CR-ACCOUNT ' ' CR-CERT-NO ' '
   677                 CR-LCOM-AH (3)
   678              MOVE .05750           TO CR-LCOM-AH (3)
   679              DISPLAY ' 3  AH  COMM AFTER  ' CR-LCOM-AH (3)
   680           END-IF
   681
   682        WHEN (CR-STATE = 'NC')
   683           AND (CR-ACCOUNT = '0900733030')
   684           AND (CR-DT > 20081231)
   685           ADD 1 TO CERT-RECS-FIX
   686           IF CR-LCOM-L (2) NOT = ZEROS
   687              DISPLAY ' 2 LIFE COMM BEFORE ' CR-STATE ' '
   688                 CR-ACCOUNT ' ' CR-CERT-NO ' '
   689                 CR-LCOM-L (2)
   690              MOVE .23000        TO CR-LCOM-L (2)
   691              DISPLAY ' 2 LIFE COMM AFTER  ' CR-LCOM-L (2)
   692           END-IF
   693           IF CR-LCOM-AH (2) NOT = ZEROS
   694              DISPLAY ' 2  AH  COMM BEFORE ' CR-STATE ' '
   695                 CR-ACCOUNT ' ' CR-CERT-NO ' '
   696                 CR-LCOM-AH (2)
   697              MOVE .23000        TO CR-LCOM-AH (2)
   698              DISPLAY ' 2  AH  COMM AFTER  ' CR-LCOM-AH (2)
   699           END-IF
   700           DISPLAY ' 3 LIFE COMM BEFORE ' CR-STATE ' '
   701              CR-ACCOUNT ' ' CR-CERT-NO ' '
   702              CR-LCOM-L (3)
   703           MOVE .00000        TO CR-LCOM-L (3)
   704           DISPLAY ' 3 LIFE COMM AFTER  ' CR-LCOM-L (3)
   705           DISPLAY ' 3  AH  COMM BEFORE ' CR-STATE ' '
   706              CR-ACCOUNT ' ' CR-CERT-NO ' '
   707              CR-LCOM-AH (3)
   708           MOVE .00000           TO CR-LCOM-AH (3)
   709           DISPLAY ' 3  AH  COMM AFTER  ' CR-LCOM-AH (3)
* Micro Focus Server Express         V5.1 revision 000 06-Oct-15 17:19 Page  14
* PEMCRF4.cbl
   710
   711        WHEN (CR-STATE = 'FL')
   712           AND (CR-ACCOUNT = '0900733036')
   713           AND (CR-DT > 20080108)
   714           ADD 1 TO CERT-RECS-FIX
   715           IF CR-LCOM-L (2) NOT = ZEROS
   716              DISPLAY ' 2 LIFE COMM BEFORE ' CR-STATE ' '
   717                 CR-ACCOUNT ' ' CR-CERT-NO ' '
   718                 CR-LCOM-L (2)
   719              MOVE .17250        TO CR-LCOM-L (2)
   720              DISPLAY ' 2 LIFE COMM AFTER  ' CR-LCOM-L (2)
   721           END-IF
   722           IF CR-LCOM-AH (2) NOT = ZEROS
   723              DISPLAY ' 2  AH  COMM BEFORE ' CR-STATE ' '
   724                 CR-ACCOUNT ' ' CR-CERT-NO ' '
   725                 CR-LCOM-AH (2)
   726              MOVE .17250        TO CR-LCOM-AH (2)
   727              DISPLAY ' 2  AH  COMM AFTER  ' CR-LCOM-AH (2)
   728           END-IF
   729           IF CR-LCOM-L (3) NOT = ZEROS
   730              DISPLAY ' 3 LIFE COMM BEFORE ' CR-STATE ' '
   731                 CR-ACCOUNT ' ' CR-CERT-NO ' '
   732                 CR-LCOM-L (3)
   733              MOVE .05750        TO CR-LCOM-L (3)
   734              DISPLAY ' 3 LIFE COMM AFTER  ' CR-LCOM-L (3)
   735           END-IF
   736           IF CR-LCOM-AH (3) NOT = ZEROS
   737              DISPLAY ' 3  AH  COMM BEFORE ' CR-STATE ' '
   738                 CR-ACCOUNT ' ' CR-CERT-NO ' '
   739                 CR-LCOM-AH (3)
   740              MOVE .05750           TO CR-LCOM-AH (3)
   741              DISPLAY ' 3  AH  COMM AFTER  ' CR-LCOM-AH (3)
   742           END-IF
   743           DISPLAY ' 4 LIFE COMM BEFORE ' CR-STATE ' '
   744              CR-ACCOUNT ' ' CR-CERT-NO ' '
   745              CR-LCOM-L (4)
   746           MOVE .00000        TO CR-LCOM-L (4)
   747           DISPLAY ' 4 LIFE COMM AFTER  ' CR-LCOM-L (4)
   748           DISPLAY ' 4  AH  COMM BEFORE ' CR-STATE ' '
   749              CR-ACCOUNT ' ' CR-CERT-NO ' '
   750              CR-LCOM-AH (4)
   751           MOVE .00000           TO CR-LCOM-AH (4)
   752           DISPLAY ' 4  AH  COMM AFTER  ' CR-LCOM-AH (4)
   753
   754        WHEN (CR-STATE = 'GA')
   755           AND (CR-ACCOUNT = '0990000190')
   756           AND (CR-DT > 20091130)
   757           ADD 1 TO CERT-RECS-FIX
   758           IF CR-LCOM-L (2) NOT = ZEROS
   759              DISPLAY ' 2 LIFE COMM BEFORE ' CR-STATE ' '
   760                 CR-ACCOUNT ' ' CR-CERT-NO ' '
   761                 CR-LCOM-L (2)
   762              MOVE .05750        TO CR-LCOM-L (2)
   763              DISPLAY ' 2 LIFE COMM AFTER  ' CR-LCOM-L (2)
   764           END-IF
   765           IF CR-LCOM-AH (2) NOT = ZEROS
   766              DISPLAY ' 2  AH  COMM BEFORE ' CR-STATE ' '
   767                 CR-ACCOUNT ' ' CR-CERT-NO ' '
* Micro Focus Server Express         V5.1 revision 000 06-Oct-15 17:19 Page  15
* PEMCRF4.cbl
   768                 CR-LCOM-AH (2)
   769              MOVE .05750        TO CR-LCOM-AH (2)
   770              DISPLAY ' 2  AH  COMM AFTER  ' CR-LCOM-AH (2)
   771           END-IF
   772
   773           MOVE '0001200084'     TO CR-COM-AGT (3)
   774           IF CR-LCOM-L (3) NOT = ZEROS
   775              DISPLAY ' 3 LIFE COMM BEFORE ' CR-STATE ' '
   776                 CR-ACCOUNT ' ' CR-CERT-NO ' '
   777                 CR-LCOM-L (3)
   778              MOVE .01150        TO CR-LCOM-L (3)
   779              DISPLAY ' 3 LIFE COMM AFTER  ' CR-LCOM-L (3)
   780           END-IF
   781           IF CR-LCOM-AH (3) NOT = ZEROS
   782              DISPLAY ' 3  AH  COMM BEFORE ' CR-STATE ' '
   783                 CR-ACCOUNT ' ' CR-CERT-NO ' '
   784                 CR-LCOM-AH (3)
   785              MOVE .01150           TO CR-LCOM-AH (3)
   786              DISPLAY ' 3  AH  COMM AFTER  ' CR-LCOM-AH (3)
   787           END-IF
   788
   789           MOVE '0001200010'     TO CR-COM-AGT (4)
   790           IF CR-LFTYP NOT = '00' AND '  '
   791              DISPLAY ' 4 LIFE COMM BEFORE ' CR-STATE ' '
   792                 CR-ACCOUNT ' ' CR-CERT-NO ' '
   793                 CR-LCOM-L (4)
   794              MOVE .16100        TO CR-LCOM-L (4)
   795              DISPLAY ' 4 LIFE COMM AFTER  ' CR-LCOM-L (4)
   796           END-IF
   797           IF CR-AHTYP NOT = '00' AND '  '
   798              DISPLAY ' 4  AH  COMM BEFORE ' CR-STATE ' '
   799                 CR-ACCOUNT ' ' CR-CERT-NO ' '
   800                 CR-LCOM-AH (4)
   801              MOVE .16100        TO CR-LCOM-AH (4)
   802              DISPLAY ' 4  AH  COMM AFTER  ' CR-LCOM-AH (4)
   803           END-IF
   804
   805     END-EVALUATE
   806
   807     PERFORM 0300-WRITE-CERT     THRU 0300-EXIT
   808     PERFORM 0200-CERT-READ      THRU 0200-EXIT
   809
   810     .
   811 0100-EXIT.
   812     EXIT.
   813
   814 0110-FIX-CERT.
   815
   816
   817     .
   818 0110-EXIT.
   819     EXIT.
   820
   821 0200-CERT-READ.
   822
   823     READ CERT-IN AT END
   824        SET END-OF-INPUT         TO TRUE
   825     END-READ
* Micro Focus Server Express         V5.1 revision 000 06-Oct-15 17:19 Page  16
* PEMCRF4.cbl
   826
   827     IF NOT END-OF-INPUT
   828        ADD 1                    TO CERT-RECS-IN
   829     END-IF
   830
   831     .
   832 0200-EXIT.
   833     EXIT.
   834
   835 0300-WRITE-CERT.
   836
   837     WRITE CERT-RECORD           FROM CERTIFICATE-RECORD
   838     ADD 1                       TO CERT-RECS-OUT
   839
   840     .
   841 0300-EXIT.
   842     EXIT.
   843
   844 0400-OPEN-FILES.
   845
   846     OPEN INPUT CERT-IN
   847         OUTPUT CERT-OUT
   848
   849     .
   850 0400-EXIT.
   851     EXIT.
   852
   853 0500-CLOSE-FILES.
   854
   855     CLOSE CERT-IN CERT-OUT
   856
   857     .
   858 0500-EXIT.
   859     EXIT.
   860
   861 0600-INITIALIZE.
   862
   863     PERFORM 0200-CERT-READ      THRU 0200-EXIT
   864
   865     .
   866 0600-EXIT.
   867     EXIT.
   868
* Micro Focus Server Express         V5.1 revision 000 Compiler
* Copyright (C) Micro Focus IP Development Limited 1984-2012.
*                                                        REF GNR-008065005AF
* Total Messages:     0
* Data:        3716     Code:        8736
