* Micro Focus Server Express         V5.1 revision 000 06-Oct-15 17:19 Page   1
* PEMEPX3.cbl
* Options: int("PEMEPX3.int") anim csi verbose NOBOUND PARAMCOUNTCHECK
*          directives(cobopt.bth) endp list("PEMEPX3.lst")
* Setting: NOACCEPTREFRESH NOADV ALIGN"8" ALPHASTART"1" NOALTER NOAMODE ANIM
*          NOANIMPREP ANS85 APOST NOAREACHECK ARITHMETIC"OSVS" ASSIGN
*          "EXTERNAL" NOASSIGN-PRINTER NOAUTOLOCK NOBELL NOBOUND NOBRIEF
*          NOBS2000 BWZSTAR NOBYTEMODEMOVE CALLFH"ebmlsfile" NOCALLMCS
*          NOCALLRECOVERY CALLSORT"EXTSM" CANCEL CANCELLBR NOCHANGEMESSAGE
*          CHARSET"ASCII" NOCHECKDIV NOCHECKREFMOD NOCICS CICS-CPY
*          NOCICSOPTIMIZE NOCMPR2 NOCOBFSTATCONV NOCOBIDY NOCOBOL370 COBOLDIR
*          NOCOMP COMP-5"2" COMP-6"2" NOCOMS85 CONFIRM NOCONVERTRET CONVSPACE
*          COPYEXT",cbl,cpy" NOCOPYLBR COPYLIST COPYLISTCOMMENT"1" CSI
*          CURRENCY-SIGN"36" CURRENT-DATE"MMDDYY" NODATA DATACOMPRESS"0"
*          NODATA-CONTEXT DATE DBCHECK DBCS"2" NODBCSSOSI DBSPACE DE-EDIT"2"
*          DEFAULTBYTE"32" NODEFAULTCALLS DETECTLOCK NODG DIALECT"MF"
*          NODIRECTIVES-IN-COMMENTS NODOSVS NODPCINSUBSCRIPT DYNAM
*          NOEARLY-RELEASE ECHO NOECHOALL NOEDITOR ENSUITE"0" NOENTCOBOL
*          ERRFORMAT"1" ERRLIST"EMBED" NOERRQ FASTSORT NOFCD3 NOFCDREG
*          NOFDCLEAR NOFILESHARE FILETYPE"0" NOFLAG NOFLAGAS NOFLAGCD
*          NOFLAGEUC NOFLAGMIG NOFLAGQ FLAGSINEDIT NOFLAGSTD NOFOLDCALLNAME
*          NOFOLDCOPYNAME FORM"60" NOFP-ROUNDING NOHOSTARITHMETIC
*          NOHOSTCONTZERO NOHOST-NUMCOMPARE NOHOST-NUMMOVE NOHOSTFD NOHOSTRW
*          NOIBM-MS IBMCOMP IDXFORMAT"0" NOILGEN IMPLICITSCOPE NOINDD
*          INFORETURN"0" NOINITCALL INITPTR INT"PEMEPX3.int" INTDATE"ANSI"
*          INTLEVEL"2" IOCONV NOISO2002 NOIXNLSKEY NOIXNUMKEY KEEP-INT
*          KEYCHECK KEYCOMPRESS"0" LIBRARIAN"2" NOLINE-COUNT LIST"PEMEPX3.lst"
*          LISTPATH"" LISTWIDTH"80" LITVAL-SIZE"4" LOCKTYPE"0" NOMAPNAME
*          NOMAXERROR METHODDEFAULT"REFERENCE" MF"15" MFCOMMENT NOMOVELENCHECK
*          NOMS NOMVS NATIVE"ASCII" NONATIVEFLOATINGPOINT NONCHAR
*          NONEWBASENAME NONLS NSYMBOL"DBCS" NOODOOSVS NOODOSLIDE
*          NOOLDBLANKLINE NOOLDCOPY NOOLDINDEX NOOLDNEXTSENTENCE NOOLDREADINTO
*          NOOLDSTRMIX OOCTRL"-C-E-G-P+Q+R-S+W" OPTIONAL-FILE NOOS390 OSEXT""
*          NOOSVS NOOUTDD NOP64 NOPANVALET PERFORM-TYPE"OSVS" NOPREPLIST
*          NOPREPROCESS NOPRINT-EXT NOPROFILE NOPROGID-COMMENT
*          NOPROGID-INT-NAME NOPROTECT-LINKAGE PROTOTYPE"RELAXED" QUAL
*          QUALPROC NOQUERY NOQUOTE NORAWLIST NORDW RECMODE"F" NOREENTRANT
*          NOREF NOREFNO REMAINDER"1" REPORT-LINE"256" RESEQ NORETRYLOCK
*          REWRITE-LS NORM RTNCODE-SIZE"4" NORWHARDPAGE NOSAA SEG NOSEQCHK
*          SEQUENTIAL"RECORD" NOSERIAL SETTING"LINE" NOSHAREOUTDD NOSHOW-DIR
*          SIGN"ASCII" NOSIGNDISCARD NOSIGNFIXUP SORTTYPE"DFSORT" SOURCEFORMAT
*          "FIXED" SOURCETABSTOP"8" NOSPZERO NOSSRANGE STDERR NOSTICKY-LINKAGE
*          NOSTICKY-PERFORM SUPFF SWITCHTYPE"1" SYMBSTART"1" SYSPUNCH"132"
*          TERMPAGE TIME NOTRACE NOTRUNC NOTRUNCCALLNAME NOTRUNCCOPY TRUNCINC
*          "10" UNICODE"NATIVE" VERBOSE VSC2"2" WARNING"1" NOWB NOWB2 NOWB3
*          WEBSERVER"CGI" NOWRITELOCK NOWRITETHRU NOXOPEN NOXREF
*          NOZEROLENGTHFALSE NOZEROSEQ NOZWB
     1 IDENTIFICATION DIVISION.
     2 PROGRAM-ID.    PEMEPX3.
     3 AUTHOR.        PABLO.
     4 DATE-COMPILED. 06-Oct-15 17:19.
     6*REMARKS.
     8 ENVIRONMENT DIVISION.
     9 INPUT-OUTPUT SECTION.
    10 FILE-CONTROL.
    11
    12     SELECT EPECS        ASSIGN TO SYS010.
    13     SELECT EXTRACT      ASSIGN TO SYS011
    14         ORGANIZATION IS LINE SEQUENTIAL.
    15
* Micro Focus Server Express         V5.1 revision 000 06-Oct-15 17:19 Page   2
* PEMEPX3.cbl
    16
    17
    18 DATA DIVISION.
    19 FILE SECTION.
    20
    21 FD  EPECS
    22     BLOCK CONTAINS 0 RECORDS
    23     RECORDING MODE IS F.
*   24                                 COPY ECSEPC01.
    25******************************************************************
    26*                                                                *
    27*                            ECSEPC01                            *
    28*           COPYBOOK REVIEWED FOR YEAR 2000 COMPLIANCE
    29*                            VMOD=2.008                          *
    30*                                                                *
    31*   FILE DESCRIPTION =  EARNED PREM / EARNED COMM  (E.P.E.C.)    *
    32*                                                                *
    33*   FILE TYPE = SEQUENTIAL                                       *
    34*   RECORD SIZE = 325  RECFORM = FIXED                           *
    35*                                                                *
    36*   KEY DATA =                                  START=5, LEN=31  *
    37*                                                                *
    38*  NO  CID  MODS  IN  COPYBOOK  ECSEPC01                         *
    39*                                                                *
    40******************************************************************
    41
    42 01  EP-RECORD.
    43     02 EP-FILE.
    44     12  EP-RECORD-ID                      PIC XX.
    45         88  VALID-EP-ID                      VALUE 'EP'.
    46
    47     12  EP-COMPANY-CD                     PIC X.
    48
    49     12  EP-REIN                           PIC X.
    50         88  EP-REIN-EXTRACT                  VALUE 'R'.
    51
    52     12  EP-CONTROL.
    53         16  EP-CNTRL-1.
    54             20  EP-COMPANY.
    55                 24  EP-CARRIER            PIC X.
    56                 24  EP-GROUPING.
    57                     28  EP-GROUP-PREFIX   PIC XXX.
    58                     28  EP-GROUP-PRIME    PIC XXX.
    59             20  EP-STATE                  PIC XX.
    60             20  EP-ACCOUNT.
    61                 24  EP-ACCT-PREFIX        PIC X(4).
    62                 24  EP-ACCT-PRIME         PIC X(6).
    63         16  EP-CNTRL-2.
    64             20  EP-DATES.
    65                 24  EP-EXP-DTE            PIC 9(11)   COMP-3.
    66                 24  EP-EFF-DTE            PIC 9(11)   COMP-3.
    67
    68     12  EP-REI-CO.
    69         16  EP-REINCO                     PIC XXX.
    70         16  EP-REINCO-SUB                 PIC XXX.
    71
    72     12  EP-RCD-TYPE                       PIC X.
    73         88  EP-BEN-TYPE-LIFE                 VALUE 'L'.
* Micro Focus Server Express         V5.1 revision 000 06-Oct-15 17:19 Page   3
* PEMEPX3.cbl (/apps/prod/cid1p/copy/ECSEPC01)
    74         88  EP-BEN-TYPE-AH                   VALUE 'A'.
    75         88  EP-BEN-TYPE-PROPERTY             VALUE 'P'.
    76         88  EP-BEN-TYPE-UNEMPLOYMENT         VALUE 'U'.
    77         88  EP-BEN-TYPE-DISMEMBURMENT        VALUE 'D'.
    78         88  EP-BEN-TYPE-AD-D                 VALUE 'E'.
    79     12  EP-BEN-CODE                       PIC XX.
    80     12  FILLER                            PIC X.
    81
    82     12  EP-ISS-CNT                        PIC S9(7)      COMP-3.
    83     12  EP-ISS-BEN                        PIC S9(11)V99  COMP-3.
    84     12  EP-ISS-BEN-GROSS                  PIC S9(11)V99  COMP-3.
    85
    86     12  EP-CNC-CNT                        PIC S9(7)      COMP-3.
    87     12  EP-CNC-BEN                        PIC S9(11)V99  COMP-3.
    88     12  EP-CNC-BEN-GROSS                  PIC S9(11)V99  COMP-3.
    89
    90     12  EP-ISS-PRM                        PIC S9(9)V99   COMP-3.
    91     12  EP-ISS-PRM-GROSS                  PIC S9(9)V99   COMP-3.
    92     12  EP-CNC-PRM                        PIC S9(9)V99   COMP-3.
    93     12  EP-CNC-PRM-GROSS                  PIC S9(9)V99   COMP-3.
    94
    95     12  EP-PRM-78                         PIC S9(9)V99   COMP-3.
    96     12  EP-PRM-PR                         PIC S9(9)V99   COMP-3.
    97     12  EP-PRM-ST                         PIC S9(9)V99   COMP-3.
    98
    99     12  EP-CLM-AMT                        PIC S9(9)V99   COMP-3.
   100     12  EP-CLM-CNT                        PIC S9(7)      COMP-3.
   101     12  EP-CLM-CRT                        PIC S9(7)      COMP-3.
   102
   103     12  EP-CLM-DU                         PIC S9(7)V99   COMP-3.
   104     12  EP-CLM-PV                         PIC S9(7)V99   COMP-3.
   105     12  EP-CLM-IBNR                       PIC S9(7)V99   COMP-3.
   106     12  EP-LOSS-RESV                      PIC S9(7)V99   COMP-3.
   107     12  EP-CLAIM-ADJ                      PIC S9(7)V99   COMP-3.
   108
   109     12  EP-RETRO-EXPENSES                 PIC S9(7)V99   COMP-3.
   110     12  EP-RETRO-PAYMENTS                 PIC S9(7)V99   COMP-3.
   111     12  EP-RETRO-OTH-COMM                 PIC S9(7)V99   COMP-3.
   112
   113     12  EP-MORT-RESV                      PIC S9(11)V9(6) COMP-3.
   114     12  EP-IN-FORCE                       PIC S9(11)V99   COMP-3.
   115     12  EP-ADJUST                         PIC S9(7)V99    COMP-3.
   116
   117     12  EP-SPECIFIC-OPT-RSV-FIELDS.
   118         16  EP-LIFE-YEARS                 PIC S9(9)      COMP-3.
   119         16  EP-NEW-DATA-IND               PIC X(01).
   120             88  EP-NEW-DATA                   VALUE 'Y'.
   121         16  EP-CLM-EXP                    PIC S9(9)V99   COMP-3.
   122         16  FILLER                        PIC X(19).
   123
   124     12  EP-PRM-78-ADJ                     PIC S9(9)V99   COMP-3.
   125     12  EP-PRM-PR-ADJ                     PIC S9(9)V99   COMP-3.
   126     12  EP-PRM-ST-ADJ                     PIC S9(9)V99   COMP-3.
   127
   128     12  FILLER                            PIC XXX.
   129
   130     12  EP-UNDERWRITING-CODE              PIC X.
   131         88  EP-UNDERWRITTEN-DATA             VALUE 'Y'.
* Micro Focus Server Express         V5.1 revision 000 06-Oct-15 17:19 Page   4
* PEMEPX3.cbl (/apps/prod/cid1p/copy/ECSEPC01)
   132
   133     12  EP-PRM-TAX                        PIC S9(7)V99   COMP-3.
   134
   135     12  FILLER                            PIC X(29).
   136*    12  FILLER                            PIC X(34).
   137
   138     12  EP-AVG-AGE                        PIC S9(3)      COMP-3.
   139     12  EP-AVG-ORIG-TERM                  PIC S9(3)      COMP-3.
   140     12  EP-WEIGHTED-AGE                   PIC S9(3)      COMP-3.
   141     12  EP-WEIGHTED-ORIG-TERM             PIC S9(3)      COMP-3.
   142     12  EP-AVG-REM-TERM                   PIC S9(3)      COMP-3.
   143     12  EP-INFORCE-CNT                    PIC S9(9)      COMP-3.
   144
   145     12  EP-HI-COV-DT                      PIC 9(11)      COMP-3.
   146
   147     12  EP-HI-CERT                        PIC 9(11)      COMP-3.
   148     12  EP-LO-CERT                        PIC 9(11)      COMP-3.
   149
   150     12  EP-PURGE                          PIC X.
   151         88  EP-DATA-FROM-PURGED-CERTS        VALUE 'P'.
   152
   153     12  EP-RUN-DTE                        PIC 9(11)      COMP-3.
   154
   155     02 EC-RECORD     REDEFINES     EP-FILE.
   156     12  EC-RECORD-ID                      PIC XX.
   157         88  VALID-EC-ID                      VALUE 'EC'.
   158
   159     12  EC-COMPANY-CD                     PIC X.
   160
   161     12  EC-REIN                           PIC X.
   162         88  EC-REIN-EXTRACT                  VALUE 'R'.
   163
   164     12  EC-CONTROL.
   165         16  EC-CARRIER                    PIC X.
   166         16  EC-GROUPING.
   167             20  EC-GROUP-PREFIX           PIC XXX.
   168             20  EC-GROUP-PRIME            PIC XXX.
   169         16  EC-STATE                      PIC XX.
   170         16  EC-ACCOUNT.
   171             20  EC-ACCT-PREFIX            PIC X(4).
   172             20  EC-ACCT-PRIME             PIC X(6).
   173         16  EC-DATES.
   174             20  EC-EXP-DTE                PIC 9(11)    COMP-3.
   175             20  EC-EFF-DTE                PIC 9(11)    COMP-3.
   176
   177     12  EC-REI-CO.
   178         16  EC-REINCO                     PIC XXX.
   179         16  EC-REINCO-SUB                 PIC XXX.
   180
   181     12  EC-RCD-TYPE                       PIC X.
   182         88  EC-BEN-TYPE-LIFE                 VALUE 'L'.
   183         88  EC-BEN-TYPE-AH                   VALUE 'A'.
   184         88  EC-BEN-TYPE-PROPERTY             VALUE 'P'.
   185         88  EC-BEN-TYPE-UNEMPLOYMENT         VALUE 'U'.
   186         88  EC-BEN-TYPE-DISMEMBURMENT        VALUE 'D'.
   187     12  EC-BEN-CODE                       PIC XX.
   188     12  EC-SEQ-NBR                        PIC X.
   189         88  EC-COMP-LEVELS-1-5               VALUE '1'.
* Micro Focus Server Express         V5.1 revision 000 06-Oct-15 17:19 Page   5
* PEMEPX3.cbl (/apps/prod/cid1p/copy/ECSEPC01)
   190         88  EC-COMP-LEVELS-6-10              VALUE '2'.
   191
   192     12  EC-AGENTS-DATA.
   193         16  EC-AGENTS-LEVEL     OCCURS   5   TIMES.
   194             20  EC-AGT-NO.
   195                 24  EC-AGT-PREFIX         PIC X(4).
   196                 24  EC-AGT-PRIME          PIC X(6).
   197             20  EC-AGT-TYPE               PIC X.
   198             20  EC-ISS-COMM               PIC S9(9)V99   COMP-3.
   199             20  EC-CNC-COMM               PIC S9(9)V99   COMP-3.
   200             20  EC-COMM-78                PIC S9(9)V99   COMP-3.
   201             20  EC-COMM-PR                PIC S9(9)V99   COMP-3.
   202             20  EC-COMM-ST                PIC S9(9)V99   COMP-3.
   203
   204     12  EC-UNDERWRITING-CODE              PIC X.
   205         88  EC-UNDERWRITTEN-DATA             VALUE 'Y'.
   206
   207     12  EC-AGENTS-DATA-II.
   208         16  EC-AGENTS-LEVEL-II  OCCURS   5   TIMES.
   209             20  EC-COMM-78-ADJ            PIC S9(9)V99   COMP-3.
   210             20  EC-COMM-PR-ADJ            PIC S9(9)V99   COMP-3.
   211
   212     12  FILLER                            PIC X(7).
   213
   214     12  EC-PURGE                          PIC X.
   215         88  EC-DATA-FROM-PURGED-CERTS        VALUE 'P'.
   216
   217     12  EC-RUN-DTE                        PIC 9(11)     COMP-3.
   218
   219******************************************************************
   220
* Micro Focus Server Express         V5.1 revision 000 06-Oct-15 17:19 Page   6
* PEMEPX3.cbl
   222 FD  EXTRACT
   223     BLOCK CONTAINS 0 RECORDS
   224     RECORDING MODE IS F.
   225
   226 01  EXTRACT-RECORD-OUT          PIC X(254).
   227
   228 WORKING-STORAGE SECTION.
   229 77  FILLER  PIC X(32) VALUE '********************************'.
   230 77  FILLER  PIC X(32) VALUE '     PEMEPX3 WORKING STORAGE    '.
   231 77  FILLER  PIC X(32) VALUE '********************************'.
   232
   233 77  WS-EOF-SW                   PIC X  VALUE SPACES.
   234     88  END-OF-EPEC                VALUE 'Y'.
   235 77  PAGE-CTR                    PIC S9(07) VALUE +0  COMP-3.
   236 77  LINE-CTR                    PIC S9(03) VALUE +99 COMP-3.
   237 77  X                           PIC X      VALUE ' '.
   238 77  EPEC-IN-CNT                 PIC 9(11)  VALUE ZEROS.
   239 77  EXTR-OUT-CNT                PIC 9(11)  VALUE ZEROS.
   240
   241 01  WS-INIT-EXTRACT             PIC X(254).
   242 01  EXTRACT-RECORD.
   243     05  EXT-ACCOUNT             PIC X(10).
   244     05  EXT-TAB1                PIC X.
   245     05  EXT-EXP-DT              PIC 9(11).
   246     05  EXT-TAB2                PIC X.
   247     05  EXT-EFF-DT              PIC 9(11).
   248     05  EXT-TAB3                PIC X.
   249     05  EXT-REIN-COMP           PIC X(6).
   250     05  EXT-TAB4                PIC X.
   251     05  EXT-RUN-DATE            PIC 9(11).
   252     05  EXT-TAB5                PIC X.
   253     05  EXT-RCD-TYPE            PIC X.
   254     05  EXT-TAB6                PIC X.
   255     05  EXT-BEN-CODE            PIC XX.
   256     05  EXT-TAB7                PIC X.
   257     05  EXT-PURGE-CODE          PIC X.
   258     05  EXT-TAB8                PIC X.
   259     05  EXT-REC-TYPE            PIC XX.
   260     05  EXT-TAB9                PIC X.
   261     05  EXT-COMM-SEQ            PIC X.
   262     05  EXT-TAB10               PIC X.
   263     05  EXT-ISS-PRM             PIC ZZ,ZZZ,ZZ9.99.
   264     05  EXT-TAB11               PIC X.
   265     05  EXT-CNC-PRM             PIC ZZ,ZZZ,ZZ9.99.
   266     05  EXT-TAB12               PIC X.
   267     05  EXT-EPR-78              PIC ZZZ,ZZ9.99.
   268     05  EXT-TAB13               PIC X.
   269     05  EXT-EPR-PR              PIC ZZZ,ZZ9.99.
   270     05  EXT-TAB14               PIC X.
   271     05  EXT-EPR-ST              PIC ZZZ,ZZ9.99.
   272     05  EXT-TAB15               PIC X.
   273     05  EXT-DU                  PIC ZZZ,ZZ9.99.
   274     05  EXT-TAB16               PIC X.
   275     05  EXT-PV                  PIC ZZZ,ZZ9.99.
   276     05  EXT-TAB17               PIC X.
   277     05  EXT-IBNR                PIC ZZZ,ZZ9.99.
   278     05  EXT-TAB18               PIC X.
   279     05  EXT-LR                  PIC ZZZ,ZZ9.99.
* Micro Focus Server Express         V5.1 revision 000 06-Oct-15 17:19 Page   7
* PEMEPX3.cbl
   280     05  EXT-TAB19               PIC X.
   281     05  EXT-CLM-AMT             PIC ZZZ,ZZ9.99.
   282     05  EXT-TAB20               PIC X.
   283     05  EXT-AVG-ORG-TRM         PIC ZZ9.
   284     05  EXT-TAB21               PIC X.
   285     05  EXT-ISS-CNT             PIC ZZZ9.
   286     05  EXT-TAB22               PIC X.
   287     05  EXT-LO-CERT-DT          PIC 9(11).
   288     05  EXT-TAB23               PIC X.
   289     05  EXT-HI-CERT-DT          PIC 9(11).
   290     05  EXT-TAB24               PIC X.
   291     05  EXT-END                 PIC X.
   292
   293 01  WS-ABEND-AREA.
   294     05  WS-ABEND-FILE-STATUS    PIC X(02).
   295     05  WS-ABEND-MESSAGE        PIC X(80) VALUE SPACES.
   296     05  WS-RETURN-CODE          PIC S9(04)  COMP VALUE +0.
   297     05  WS-ZERO                 PIC S9(01) VALUE +0 COMP-3.
   298
   299 01  WORK-ABEND-CODE.
   300     12  WAC-1                   PIC X.
   301     12  WAC-2                   PIC X.
   302     12  WAC-3-4.
   303         16  WAC-3               PIC X.
   304         16  WAC-4               PIC X.
   305
   306 01  DATE-AREAS.
   307     05  WS-WORK-DATE            PIC 9(11).
   308     05  FILLER REDEFINES WS-WORK-DATE.
   309         10  FILLER              PIC XXX.
   310         10  WS-WORK-CCYY        PIC X(4).
   311         10  WS-WORK-MM          PIC XX.
   312         10  WS-WORK-DD          PIC XX.
   313
   314 01  ABEND-FIELDS.
   315     12  PGM-SUB                 PIC S999 COMP  VALUE +158.
   316     12  FIRST-TIME-SW           PIC X  VALUE 'Y'.
   317         88  FIRST-TIME                 VALUE 'Y'.
   318
*  319                                 COPY ELCDATE.
   320******************************************************************06/11/98
   321*                                                                *ELCDATE
   322*                                                                *ELCDATE
   323*                            ELCDATE.                            *   LV023
   324*           COPYBOOK REVIEWED FOR YEAR 2000 COMPLIANCE               CL*16
   325*                            VMOD=2.003                           ELCDATE
   326*                                                                *ELCDATE
   327*                                                                *ELCDATE
   328*   DESCRIPTION:  DATA PASSED TO DATE CONVERSION ROUTINE.        *ELCDATE
   329*                 LENGTH = 200                                   *   CL*19
   330******************************************************************ELCDATE
   331                                                                  ELCDATE
   332 01  DATE-CONVERSION-DATA.                                        ELCDATE
   333     12  DC-COMM-LENGTH                PIC S9(4) COMP VALUE +200.    CL*19
   334     12  DC-OPTION-CODE                PIC X.                        CL*15
   335         88  BIN-TO-GREG                VALUE ' '.                ELCDATE
   336         88  ELAPSED-BETWEEN-BIN        VALUE '1'.                ELCDATE
   337         88  EDIT-GREG-TO-BIN           VALUE '2'.                ELCDATE
* Micro Focus Server Express         V5.1 revision 000 06-Oct-15 17:19 Page   8
* PEMEPX3.cbl (/apps/prod/cid1p/copy/ELCDATE)
   338         88  YMD-GREG-TO-BIN            VALUE '3'.                ELCDATE
   339         88  MDY-GREG-TO-BIN            VALUE '4'.                ELCDATE
   340         88  JULIAN-TO-BIN              VALUE '5'.                ELCDATE
   341         88  BIN-PLUS-ELAPSED           VALUE '6'.                ELCDATE
   342         88  FIND-CENTURY               VALUE '7'.                   CL*22
   343         88  ELAPSED-BETWEEN-BIN-3      VALUE '8'.                ELCDATE
   344         88  EDIT-GREG-TO-BIN-3         VALUE '9'.                ELCDATE
   345         88  YMD-GREG-TO-BIN-3          VALUE 'A'.                ELCDATE
   346         88  MDY-GREG-TO-BIN-3          VALUE 'B'.                ELCDATE
   347         88  JULIAN-TO-BIN-3            VALUE 'C'.                ELCDATE
   348         88  BIN-PLUS-ELAPSED-3         VALUE 'D'.                ELCDATE
   349         88  JULIAN-EXPANDED-TO-BIN     VALUE 'E'.                   CL*14
   350         88  JULIAN-EXPANDED-TO-BIN-3   VALUE 'F'.                   CL*14
   351         88  BIN-TO-JULIAN-EXPANDED     VALUE 'G'.                   CL*14
   352         88  JULIAN-EXPANDED            VALUE 'E', 'F', 'G'.         CL*14
   353         88  CHECK-LEAP-YEAR            VALUE 'H'.                   CL*14
   354         88  BIN-3-TO-GREG              VALUE 'I'.                   CL*14
   355         88  CYMD-GREG-TO-BIN-3         VALUE 'J'.                   CL*14
   356         88  MDCY-GREG-TO-BIN-3         VALUE 'K'.                   CL*14
   357         88  CYMD-GREG-TO-BIN           VALUE 'L'.                   CL*14
   358         88  MDCY-GREG-TO-BIN           VALUE 'M'.                   CL*14
   359         88  MDY-GREG-TO-JULIAN         VALUE 'N'.                   CL*14
   360         88  MDCY-GREG-TO-JULIAN        VALUE 'O'.                   CL*14
   361         88  YMD-GREG-TO-JULIAN         VALUE 'P'.                   CL*14
   362         88  CYMD-GREG-TO-JULIAN        VALUE 'Q'.                   CL*14
   363         88  THREE-CHARACTER-BIN                                  ELCDATE
   364                  VALUES  '8' '9' 'A' 'B' 'C' 'D' 'I' 'J' 'K'.       CL*14
   365         88  GREGORIAN-TO-BIN                                        CL**2
   366                  VALUES '2' '3' '4' '9' 'A' 'B' 'J' 'K' 'L' 'M'.    CL*14
   367         88  BIN-TO-GREGORIAN                                        CL**2
   368                  VALUES ' ' '1' 'I' '8' 'G'.                        CL*14
   369         88  JULIAN-TO-BINARY                                        CL**2
   370                  VALUES '5' 'C' 'E' 'F'.                            CL*14
   371     12  DC-ERROR-CODE                 PIC X.                        CL*15
   372         88  NO-CONVERSION-ERROR        VALUE ' '.                   CL**3
   373         88  DATE-CONVERSION-ERROR                                ELCDATE
   374                  VALUES '1' '2' '3' '4' '5' '9' 'A' 'B' 'C'.        CL*14
   375         88  DATE-IS-ZERO               VALUE '1'.                ELCDATE
   376         88  DATE-IS-NON-NUMERIC        VALUE '2'.                ELCDATE
   377         88  DATE-IS-INVALID            VALUE '3'.                ELCDATE
   378         88  DATE1-GREATER-DATE2        VALUE '4'.                ELCDATE
   379         88  ELAPSED-PLUS-NEGATIVE      VALUE '5'.                ELCDATE
   380         88  DATE-INVALID-OPTION        VALUE '9'.                ELCDATE
   381         88  INVALID-CENTURY            VALUE 'A'.                ELCDATE
   382         88  ONLY-CENTURY               VALUE 'B'.                ELCDATE
   383         88  ONLY-LEAP-YEAR             VALUE 'C'.                ELCDATE
   384         88  VALID-CENTURY-LEAP-YEAR    VALUE 'B', 'C'.              CL**3
   385     12  DC-END-OF-MONTH               PIC X.                        CL*15
   386         88  CALCULATE-END-OF-MONTH     VALUE '1'.                ELCDATE
   387     12  DC-CENTURY-ADJUSTMENT         PIC X   VALUE SPACES.         CL*15
   388         88  USE-NORMAL-PROCESS         VALUE ' '.                ELCDATE
   389         88  ADJUST-DOWN-100-YRS        VALUE '1'.                ELCDATE
   390         88  ADJUST-UP-100-YRS          VALUE '2'.                ELCDATE
   391     12  FILLER                        PIC X.                        CL*15
   392     12  DC-CONVERSION-DATES.                                        CL*15
   393         16  DC-BIN-DATE-1             PIC XX.                       CL*15
   394         16  DC-BIN-DATE-2             PIC XX.                       CL*15
   395         16  DC-GREG-DATE-1-EDIT       PIC X(08).                    CL*15
* Micro Focus Server Express         V5.1 revision 000 06-Oct-15 17:19 Page   9
* PEMEPX3.cbl (/apps/prod/cid1p/copy/ELCDATE)
   396         16  DC-GREG-DATE-1-EDIT-R REDEFINES                         CL*15
   397                       DC-GREG-DATE-1-EDIT.                       ELCDATE
   398             20  DC-EDIT1-MONTH        PIC 99.                       CL*15
   399             20  SLASH1-1              PIC X.                        CL*15
   400             20  DC-EDIT1-DAY          PIC 99.                       CL*15
   401             20  SLASH1-2              PIC X.                        CL*15
   402             20  DC-EDIT1-YEAR         PIC 99.                       CL*15
   403         16  DC-GREG-DATE-2-EDIT       PIC X(08).                    CL*15
   404         16  DC-GREG-DATE-2-EDIT-R REDEFINES                         CL*15
   405                     DC-GREG-DATE-2-EDIT.                         ELCDATE
   406             20  DC-EDIT2-MONTH        PIC 99.                       CL*15
   407             20  SLASH2-1              PIC X.                        CL*15
   408             20  DC-EDIT2-DAY          PIC 99.                       CL*15
   409             20  SLASH2-2              PIC X.                        CL*15
   410             20  DC-EDIT2-YEAR         PIC 99.                       CL*15
   411         16  DC-GREG-DATE-1-YMD        PIC 9(06).                    CL*15
   412         16  DC-GREG-DATE-1-YMD-R  REDEFINES                         CL*15
   413                     DC-GREG-DATE-1-YMD.                          ELCDATE
   414             20  DC-YMD-YEAR           PIC 99.                       CL*15
   415             20  DC-YMD-MONTH          PIC 99.                       CL*15
   416             20  DC-YMD-DAY            PIC 99.                       CL*15
   417         16  DC-GREG-DATE-1-MDY        PIC 9(06).                    CL*15
   418         16  DC-GREG-DATE-1-MDY-R REDEFINES                          CL*15
   419                      DC-GREG-DATE-1-MDY.                         ELCDATE
   420             20  DC-MDY-MONTH          PIC 99.                       CL*15
   421             20  DC-MDY-DAY            PIC 99.                       CL*15
   422             20  DC-MDY-YEAR           PIC 99.                       CL*15
   423         16  DC-GREG-DATE-1-ALPHA.                                   CL*15
   424             20  DC-ALPHA-MONTH        PIC X(10).                    CL*15
   425             20  DC-ALPHA-DAY          PIC 99.                       CL*15
   426             20  FILLER                PIC XX.                       CL*15
   427             20  DC-ALPHA-CENTURY.                                   CL*15
   428                 24 DC-ALPHA-CEN-N     PIC 99.                       CL*15
   429             20  DC-ALPHA-YEAR         PIC 99.                       CL*15
   430         16  DC-ELAPSED-MONTHS         PIC S9(4)     COMP.           CL*15
   431         16  DC-ODD-DAYS-OVER          PIC S9(4)     COMP.           CL*15
   432         16  DC-ELAPSED-DAYS           PIC S9(4)     COMP.           CL*15
   433         16  DC-JULIAN-DATE            PIC 9(05).                    CL*15
   434         16  DC-JULIAN-YYDDD REDEFINES DC-JULIAN-DATE                CL*20
   435                                       PIC 9(05).                    CL*20
   436         16  DC-JULIAN-DT REDEFINES DC-JULIAN-DATE.                  CL*15
   437             20  DC-JULIAN-YEAR        PIC 99.                       CL*15
   438             20  DC-JULIAN-DAYS        PIC 999.                      CL*15
   439         16  DC-DAYS-IN-MONTH          PIC S9(3)       COMP-3.       CL*15
   440         16  DC-DAY-OF-WEEK            PIC S9  VALUE ZERO COMP-3.    CL*15
   441         16  DC-DAY-OF-WEEK2           PIC S9  VALUE ZERO COMP-3.    CL*15
   442     12  DATE-CONVERSION-VARIBLES.                                   CL*15
   443         16  HOLD-CENTURY-1            PIC 9(11) VALUE 0.            CL*15
   444         16  HOLD-CENTURY-1-SPLIT REDEFINES HOLD-CENTURY-1.          CL*15
   445             20  FILLER                PIC 9(3).                     CL*15
   446             20  HOLD-CEN-1-CCYY.                                    CL*15
   447                 24  HOLD-CEN-1-CC     PIC 99.                       CL*17
   448                 24  HOLD-CEN-1-YY     PIC 99.                       CL*17
   449             20  HOLD-CEN-1-MO         PIC 99.                       CL*17
   450             20  HOLD-CEN-1-DA         PIC 99.                       CL*17
   451         16  HOLD-CENTURY-1-R   REDEFINES HOLD-CENTURY-1.            CL*15
   452             20  HOLD-CEN-1-R-MO       PIC 99.                       CL*17
   453             20  HOLD-CEN-1-R-DA       PIC 99.                       CL*17
* Micro Focus Server Express         V5.1 revision 000 06-Oct-15 17:19 Page  10
* PEMEPX3.cbl (/apps/prod/cid1p/copy/ELCDATE)
   454             20  HOLD-CEN-1-R-CCYY.                                  CL*15
   455                 24  HOLD-CEN-1-R-CC   PIC 99.                       CL*17
   456                 24  HOLD-CEN-1-R-YY   PIC 99.                       CL*17
   457             20  FILLER                PIC 9(3).                     CL*15
   458         16  HOLD-CENTURY-1-X.                                       CL*15
   459             20  FILLER                PIC X(3)  VALUE SPACES.       CL*15
   460             20  HOLD-CEN-1-X-CCYY.                                  CL*15
   461                 24  HOLD-CEN-1-X-CC   PIC XX VALUE SPACES.          CL*17
   462                 24  HOLD-CEN-1-X-YY   PIC XX VALUE SPACES.          CL*17
   463             20  HOLD-CEN-1-X-MO       PIC XX VALUE SPACES.          CL*17
   464             20  HOLD-CEN-1-X-DA       PIC XX VALUE SPACES.          CL*17
   465         16  HOLD-CENTURY-1-R-X REDEFINES HOLD-CENTURY-1-X.          CL*15
   466             20  HOLD-CEN-1-R-X-MO     PIC XX.                       CL*17
   467             20  HOLD-CEN-1-R-X-DA     PIC XX.                       CL*17
   468             20  HOLD-CEN-1-R-X-CCYY.                                CL*15
   469                 24  HOLD-CEN-1-R-X-CC PIC XX.                       CL*17
   470                 24  HOLD-CEN-1-R-X-YY PIC XX.                       CL*17
   471             20  FILLER                PIC XXX.                      CL*23
   472         16  DC-BIN-DATE-EXPAND-1      PIC XXX.                      CL*15
   473         16  DC-BIN-DATE-EXPAND-2      PIC XXX.                      CL*15
   474         16  DC-JULIAN-DATE-1          PIC 9(07).                    CL*15
   475         16  DC-JULIAN-DATE-1-R REDEFINES DC-JULIAN-DATE-1.          CL*15
   476             20  DC-JULIAN-1-CCYY.                                   CL*15
   477                 24  DC-JULIAN-1-CC    PIC 99.                       CL*15
   478                 24  DC-JULIAN-1-YR    PIC 99.                       CL*15
   479             20  DC-JULIAN-DA-1        PIC 999.                      CL*15
   480         16  DC-JULIAN-DATE-2          PIC 9(07).                    CL*15
   481         16  DC-JULIAN-DATE-2-R REDEFINES DC-JULIAN-DATE-2.          CL*15
   482             20  DC-JULIAN-2-CCYY.                                   CL*15
   483                 24  DC-JULIAN-2-CC    PIC 99.                       CL*15
   484                 24  DC-JULIAN-2-YR    PIC 99.                       CL*15
   485             20  DC-JULIAN-DA-2        PIC 999.                      CL*15
   486         16  DC-GREG-DATE-A-EDIT.                                    CL*15
   487             20  DC-EDITA-MONTH        PIC 99.                       CL*15
   488             20  SLASHA-1              PIC X VALUE '/'.              CL*15
   489             20  DC-EDITA-DAY          PIC 99.                       CL*15
   490             20  SLASHA-2              PIC X VALUE '/'.              CL*15
   491             20  DC-EDITA-CCYY.                                      CL*15
   492                 24  DC-EDITA-CENT     PIC 99.                       CL*15
   493                 24  DC-EDITA-YEAR     PIC 99.                       CL*15
   494         16  DC-GREG-DATE-B-EDIT.                                    CL*15
   495             20  DC-EDITB-MONTH        PIC 99.                       CL*15
   496             20  SLASHB-1              PIC X VALUE '/'.              CL*15
   497             20  DC-EDITB-DAY          PIC 99.                       CL*15
   498             20  SLASHB-2              PIC X VALUE '/'.              CL*15
   499             20  DC-EDITB-CCYY.                                      CL*15
   500                 24  DC-EDITB-CENT     PIC 99.                       CL*15
   501                 24  DC-EDITB-YEAR     PIC 99.                       CL*15
   502         16  DC-GREG-DATE-CYMD         PIC 9(08).                    CL*15
   503         16  DC-GREG-DATE-CYMD-R REDEFINES                           CL*15
   504                              DC-GREG-DATE-CYMD.                  ELCDATE
   505             20  DC-CYMD-CEN           PIC 99.                       CL*15
   506             20  DC-CYMD-YEAR          PIC 99.                       CL*15
   507             20  DC-CYMD-MONTH         PIC 99.                       CL*15
   508             20  DC-CYMD-DAY           PIC 99.                       CL*15
   509         16  DC-GREG-DATE-MDCY         PIC 9(08).                    CL*15
   510         16  DC-GREG-DATE-MDCY-R REDEFINES                           CL*15
   511                              DC-GREG-DATE-MDCY.                  ELCDATE
* Micro Focus Server Express         V5.1 revision 000 06-Oct-15 17:19 Page  11
* PEMEPX3.cbl (/apps/prod/cid1p/copy/ELCDATE)
   512             20  DC-MDCY-MONTH         PIC 99.                       CL*15
   513             20  DC-MDCY-DAY           PIC 99.                       CL*15
   514             20  DC-MDCY-CEN           PIC 99.                       CL*15
   515             20  DC-MDCY-YEAR          PIC 99.                       CL*15
   516    12  DC-FORCE-EL310-DATE-SW         PIC X    VALUE SPACE.      ELCDATE
   517        88  DC-FORCE-EL310-DATE                 VALUE 'Y'.        ELCDATE
   518    12  DC-EL310-DATE                  PIC X(21).                    CL*26
   519    12  FILLER                         PIC X(28).                    CL*26
   520
*  521                                 COPY ELCDTECX.
   522******************************************************************06/05/98
   523*                                                                *ELCDTECX
   524*                            ELCDTECX.                           *   LV005
   525*           COPYBOOK REVIEWED FOR YEAR 2000 COMPLIANCE               CL**2
   526*                            VMOD=2.015                          *ELCDTECX
   527*                                                                *ELCDTECX
   528*      WORKING STORAGE COPY CODE FOR APPLICATIONS CALLING        *ELCDTECX
   529*      THE DATE CARD DISK FILE. ( READ ROUTINE = ELCDTERX,       *ELCDTECX
   530*      AND DISK FILE FD = ELCDTEFX)                              *ELCDTECX
   531*                                                                *ELCDTECX
   532******************************************************************ELCDTECX
   533******************************************************************
   534*                   C H A N G E   L O G
   535*
   536* CHANGES ARE MARKED BY THE CHANGE EFFECTIVE DATE.
   537*-----------------------------------------------------------------
   538*  CHANGE   CHANGE REQUEST PGMR  DESCRIPTION OF CHANGE
   539* EFFECTIVE    NUMBER
   540*-----------------------------------------------------------------
   541* 092602    2002091900008  PEMA  INCREASE NUMBER OF MAXIMUM
   542*                                  BENEFIT CODES FROM 300 TO 900
   543* 090803    2003080800002  PEMA  ADD CATEGORY FOR SUPER GAP
   544* 051304    2003080800002  SMVA  ADD REFUND METHOD
   545* 071714    2013100100002  PEMA  FIX CRIT PERIOD EDITS
   546******************************************************************
   547 01  DATE-CARD.                                                   ELCDTECX
   548     12  DATX-COD                    PIC  X(4).                   ELCDTECX
   549     12  RUN-DATE                    PIC  9(11)  COMP-3.          ELCDTECX
   550     12  ALPH-DATE                   PIC  X(18).                  ELCDTECX
   551     12  EP-DT                       PIC  9(11)  COMP-3.          ELCDTECX
   552     12  PEND-ACT-FILE               PIC  XX.                     ELCDTECX
   553     12  EP-SW                       PIC  X.                      ELCDTECX
   554         88  NO-EP-EXTRACTS          VALUE SPACE.                 ELCDTECX
   555     12  TAPE-BATCHES                PIC  X.                      ELCDTECX
   556         88  TP-PREL-BAL             VALUE '1'.                   ELCDTECX
   557     12  BIN-RUN-DATE                PIC  XX.                     ELCDTECX
   558     12  RUN-CENTURY.                                             ELCDTECX
   559         16 RUN-CENTURY-N            PIC  99.                        CL**4
   560     12  FILLER                      PIC  X.                         CL**4
   561     12  CLAS-MORT-OVRD              PIC  X(4).                   ELCDTECX
   562     12  FILLER                      PIC  XXX.                    ELCDTECX
   563     12  COMPANY-NAME                PIC  X(30).                  ELCDTECX
   564                                                                  ELCDTECX
   565 01  FILLER                          PIC  X(7)                       CL**6
   566                                          VALUE 'OPTIONS'.        ELCDTECX
   567 01  DATE-CARD-OPTIONS.                                           ELCDTECX
   568     12  DATE-OPTIONS-ID             PIC  X(4).                   ELCDTECX
   569     12  DTE-MIN-PREM                PIC  99V99.                  ELCDTECX
* Micro Focus Server Express         V5.1 revision 000 06-Oct-15 17:19 Page  12
* PEMEPX3.cbl (/apps/prod/cid1p/copy/ELCDTECX)
   570     12  DTE-LANGUAGE-IND            PIC  X.                      ELCDTECX
   571         88  DTE-LANGUAGE-IS-FR           VALUE 'F'.              ELCDTECX
   572         88  DTE-LANGUAGE-IS-ENG          VALUE 'E'.              ELCDTECX
   573     12  DTE-MIN-AGE                 PIC  99.                     ELCDTECX
   574     12  DTE-DEFAULT-AGE             PIC  99.                     ELCDTECX
   575     12  FILLER                      PIC  X.                      ELCDTECX
   576     12  DTE-MAX-TERM                PIC  999.                    ELCDTECX
   577     12  DTE-COMP-VG                 PIC  X.                      ELCDTECX
   578     12  DTE-REM-TRM                 PIC  X.                      ELCDTECX
   579     12  DTE-PRM-CK                  PIC S99V99.                  ELCDTECX
   580     12  DTE-PRORATA                 PIC  X.                      ELCDTECX
   581     12  DTE-CLM-REJ                 PIC  X.                      ELCDTECX
   582     12  DTE-REF-REJ                 PIC  X.                      ELCDTECX
   583     12  DTE-COM-TBL-USED            PIC  X.                      ELCDTECX
   584     12  FILLER                      PIC  X.                      ELCDTECX
   585     12  DTE-QTR-CO                  PIC  X.                      ELCDTECX
   586     12  DTE-REF-CK                  PIC S99V99.                  ELCDTECX
   587     12  DTE-CLM-CK                  PIC S99V99.                  ELCDTECX
   588     12  DTE-CONV-DT                 PIC 9(11) COMP-3.               CL**2
   589     12  DTE-DEFAULT-SEX             PIC  X.                      ELCDTECX
   590     12  DTE-EPL-FORMAT              PIC  X.                      ELCDTECX
   591     12  FILLER                      PIC  X.                      ELCDTECX
   592     12  DTE-JT-AGE                  PIC  X.                      ELCDTECX
   593     12  DTE-KEY-BIRTH               PIC  X.                      ELCDTECX
   594     12  DTE-REINSURANCE             PIC  X.                      ELCDTECX
   595     12  DTE-CLAIM-SORT              PIC  X.                      ELCDTECX
   596     12  DTE-WRT-OFF                 PIC  S99V99.                 ELCDTECX
   597     12  DTE-R78                     PIC  X.                      ELCDTECX
   598     12  DTE-DLY-BILL                PIC  X.                      ELCDTECX
   599     12  DTE-ALT-MORT-CODE           PIC  X(4).                   ELCDTECX
   600     12  DTE-CLAIM-PAID-THRU-TO      PIC  X.                      ELCDTECX
   601     12  DTE-COMPENSATION-ACCESS     PIC  X.                      ELCDTECX
   602     12  DTE-MORTG-ACCESS-CNTL       PIC  X.                      ELCDTECX
   603     12  DTE-MP-ALT-MORT-CODE        PIC  X(4).                   ELCDTECX
   604     12  DTE-MORTALITY-AGE-CALC-METHOD                            ELCDTECX
   605                                     PIC  X.                      ELCDTECX
   606         88  DTE-USE-TABLE-ASSIGNED-METHOD VALUE '1'              ELCDTECX
   607                                                 ' '.             ELCDTECX
   608         88  DTE-USE-ALL-AGE-LAST          VALUE '2'.             ELCDTECX
   609         88  DTE-USE-ALL-AGE-NEAR          VALUE '3'.             ELCDTECX
   610     12  DTE-RESERVE-OPTION-SWITCH   PIC  X.                      ELCDTECX
   611         88  DTE-OPT-RESERVE-METHOD-AUTH       VALUE 'Y'.         ELCDTECX
   612         88  DTE-OPT-RESERVE-METHOD-UNAUTH     VALUE 'N' ' '.     ELCDTECX
   613     12  DTE-REM-TRM-CALC-OPTION     PIC  X.                      ELCDTECX
   614     12  DTE-EXPERIENCE-RETENTION-AGE                             ELCDTECX
   615                                     PIC  9.                         CL**4
   616     12  DTE-SYSTEM.                                              ELCDTECX
   617         16  DTE-SYS-A-CREDIT        PIC  X.                      ELCDTECX
   618         16  DTE-SYS-B-PEND-CLAIM    PIC  X.                      ELCDTECX
   619         16  DTE-SYS-C-CONFIRMATIONS PIC  X.                      ELCDTECX
   620         16  DTE-SYS-D-DEMAND-BILL   PIC  X.                      ELCDTECX
   621         16  DTE-SYS-E-CLASIC-CLAIMS PIC  X.                      ELCDTECX
   622         16  DTE-SYS-F-CLASIC-CREDIT PIC  X.                      ELCDTECX
   623         16  DTE-SYS-G-AR-USED       PIC  X.                      ELCDTECX
   624         16  DTE-SYS-H               PIC  X.                      ELCDTECX
   625         16  DTE-SYS-I               PIC  X.                      ELCDTECX
   626         16  DTE-SYS-J               PIC  X.                      ELCDTECX
   627         16  DTE-SYS-K               PIC  X.                      ELCDTECX
* Micro Focus Server Express         V5.1 revision 000 06-Oct-15 17:19 Page  13
* PEMEPX3.cbl (/apps/prod/cid1p/copy/ELCDTECX)
   628         16  DTE-SYS-L               PIC  X.                      ELCDTECX
   629         16  DTE-SYS-M               PIC  X.                      ELCDTECX
   630         16  DTE-SYS-N               PIC  X.                      ELCDTECX
   631         16  DTE-SYS-O               PIC  X.                      ELCDTECX
   632         16  DTE-SYS-P               PIC  X.                      ELCDTECX
   633         16  DTE-SYS-Q               PIC  X.                      ELCDTECX
   634         16  DTE-SYS-R               PIC  X.                      ELCDTECX
   635         16  DTE-SYS-S               PIC  X.                      ELCDTECX
   636         16  DTE-SYS-T               PIC  X.                      ELCDTECX
   637         16  DTE-SYS-U               PIC  X.                      ELCDTECX
   638         16  DTE-SYS-V               PIC  X.                      ELCDTECX
   639         16  DTE-SYS-W               PIC  X.                      ELCDTECX
   640         16  DTE-SYS-X               PIC  X.                      ELCDTECX
   641         16  DTE-SYS-Y               PIC  X.                      ELCDTECX
   642         16  DTE-SYS-Z               PIC  X.                      ELCDTECX
   643     12  FILLER                      REDEFINES DTE-SYSTEM.        ELCDTECX
   644         16  DTE-SYS-CODE            OCCURS 26 TIMES              ELCDTECX
   645                                     PIC  X.                      ELCDTECX
   646     12  DTE-CLIENT                  PIC  XXX.                    ELCDTECX
   647                                                                  ELCDTECX
   648 01  CLASIC-SYSTEM-CODES.                                         ELCDTECX
   649     12  DTE-COLC-ID                 PIC  X(4).                   ELCDTECX
   650     12  DTE-CLASIC-COMPANY-CD       PIC  X.                      ELCDTECX
   651     12  DTE-CLASIC-COMPANY-NUMBER   PIC  999.                    ELCDTECX
   652*    12  DTE-CLASIC-CLAIM-ACCESS     PIC  X.                      ELCDTECX
   653     12  FILLER                      PIC  X.                      ELCDTECX
   654     12  CLASIC-REIN-MAINT           PIC  XX.                     ELCDTECX
   655     12  CLASIC-COMP-MAINT           PIC  XX.                     ELCDTECX
   656     12  CLASIC-ACCT-MAINT           PIC  XX.                     ELCDTECX
   657     12  CLASIC-CTBL-MAINT           PIC  XX.                     ELCDTECX
   658     12  CLASIC-RATE-MAINT           PIC  XX.                     ELCDTECX
   659     12  CLASIC-CREDIT-EOM-DT        PIC  XX.                     ELCDTECX
   660     12  CLASIC-CLAIMS-EOM-DT        PIC  XX.                     ELCDTECX
   661                                                                  ELCDTECX
   662     12  LIFE-OVERRIDE-L1            PIC  X.                      ELCDTECX
   663     12  LIFE-OVERRIDE-L2            PIC  XX.                     ELCDTECX
   664     12  LIFE-OVERRIDE-L6            PIC  X(6).                   ELCDTECX
   665     12  LIFE-OVERRIDE-L12           PIC  X(12).                  ELCDTECX
   666                                                                  ELCDTECX
   667     12  AH-OVERRIDE-L1              PIC  X.                      ELCDTECX
   668     12  AH-OVERRIDE-L2              PIC  XX.                     ELCDTECX
   669     12  AH-OVERRIDE-L6              PIC  X(6).                   ELCDTECX
   670     12  AH-OVERRIDE-L12             PIC  X(12).                  ELCDTECX
   671                                                                  ELCDTECX
   672     12  CLAS-REPORT-CD1-CAPTION     PIC  X(10).                  ELCDTECX
   673     12  CLAS-REPORT-CD2-CAPTION     PIC  X(10).                  ELCDTECX
   674                                                                  ELCDTECX
   675     12  CLASIC-MORTG-EOM-DT         PIC  XX.                     ELCDTECX
   676     12  CLASIC-AR-EOM-DT            PIC  XX.                     ELCDTECX
   677                                                                  ELCDTECX
   678     12  FILLER                      PIC  X(11)      VALUE SPACE. ELCDTECX
   679                                                                  ELCDTECX
   680 01  DATE-CARD-FACTORS.                                           ELCDTECX
   681     12  DATE-FACTOR-ID              PIC  X(4).                   ELCDTECX
   682     12  FAC-1                       PIC S999V9(5).               ELCDTECX
   683     12  FAC-2                       PIC S999V9(5).               ELCDTECX
   684     12  FAC-3                       PIC S999V9(5).               ELCDTECX
   685     12  FAC-4                       PIC S999V9(5).               ELCDTECX
* Micro Focus Server Express         V5.1 revision 000 06-Oct-15 17:19 Page  14
* PEMEPX3.cbl (/apps/prod/cid1p/copy/ELCDTECX)
   686     12  FAC-5                       PIC S999V9(5).               ELCDTECX
   687     12  FAC-6                       PIC S999V9(5).               ELCDTECX
   688                                                                  ELCDTECX
   689 01  FILLER                          PIC  X(12)                   ELCDTECX
   690                                          VALUE 'COMPANY NAME'.   ELCDTECX
   691 01  COMPANY-NAME-TABLE.                                          ELCDTECX
   692     12  C-N-TBL                     OCCURS 6 TIMES.              ELCDTECX
   693         16  CNT-ID                  PIC  X.                      ELCDTECX
   694         16  CNT-NAME                PIC  X(30).                  ELCDTECX
   695                                                                  ELCDTECX
   696 01  FILLER                          PIC  X(11)                   ELCDTECX
   697                                          VALUE 'STATE NAMES'.    ELCDTECX
   698 01  STATE-NAMES.                                                 ELCDTECX
   699     12  STATE-NAME-FLD              OCCURS 75 TIMES.             ELCDTECX
   700         16  STATE-SUB               PIC  XX.                     ELCDTECX
   701         16  STATE-PIC1.                                          ELCDTECX
   702             20  STATE-ABBR          PIC  XX.                     ELCDTECX
   703             20  FILLER              PIC  XXX.                    ELCDTECX
   704             20  STATE-PIC           PIC  X(20).                  ELCDTECX
   705             20  STATE-CALL-EARN     PIC  X.                      ELCDTECX
   706             20  STATE-CALL-BREAK    PIC  X.                      ELCDTECX
   707             20  STATE-PRIM-FAC-DEV  PIC  XXX.                    ELCDTECX
   708                                                                  ELCDTECX
   709 01  FILLER                          PIC  X(13)                   ELCDTECX
   710                                          VALUE 'CARRIER NAMES'.  ELCDTECX
   711 01  CARRIER-NAMES.                                               ELCDTECX
   712     12  CARRIER-NAME-FLD            OCCURS 25 TIMES.             ELCDTECX
   713         16  CARRIER-SUB             PIC  X.                      ELCDTECX
   714         16  CARRIER-DOM-ST          PIC  XX.                     ELCDTECX
   715         16  CARRIER-PIC             PIC  X(30).                  ELCDTECX
   716         16  CARRIER-UEP-PCT         PIC  S9V9(4) COMP-3.            CL**6
   717         16  CARRIER-R78-PCT         PIC  S9V9(4) COMP-3.            CL**6
   718         16  CARRIER-PRO-PCT         PIC  S9V9(4) COMP-3.            CL**6
   719*        16  FILLER                  PIC  X.                      ELCDTECX
   720         16  CARRIER-SEC-PAY         PIC  X.
   721             88  SEC-PAY-CARRIER          VALUE 'Y'.
   722                                                                  ELCDTECX
   723 01  FILLER                          PIC  X(9)                       CL**6
   724                                          VALUE 'INS TYPES'.      ELCDTECX
   725 01  CLAS-INS-TYPES.                                              ELCDTECX
   726*    12 CLAS-ALL-TYPES               OCCURS 300 TIMES.            ELCDTECX
   727     12 CLAS-ALL-TYPES               OCCURS 900 TIMES.            ELCDTECX
   728         16  CLAS-I-BEN              PIC  XX.                     ELCDTECX
   729         16  CLAS-I-AB3.                                          ELCDTECX
   730             20  FILLER              PIC  X.                      ELCDTECX
   731             20  CLAS-I-AB2.                                      ELCDTECX
   732                 24  FILLER          PIC  X.                      ELCDTECX
   733                 24  CLAS-I-AB1      PIC  X.                      ELCDTECX
   734         16  CLAS-I-AB3-AH REDEFINES CLAS-I-AB3.                  ELCDTECX
   735             20  CLAS-EXCLUSION      PIC  XX.                        CL**4
   736             20  FILLER              PIC  X.                         CL**4
   737         16  CLAS-I-AB10.                                         ELCDTECX
   738             20  FILLER              PIC  X(9).                   ELCDTECX
   739             20  CLAS-I-REIN-YN      PIC  X.                      ELCDTECX
   740         16  CLAS-I-COMMENT          PIC  X(10).                  ELCDTECX
   741         16  CLAS-I-JOINT            PIC  X.                      ELCDTECX
   742         16  CLAS-I-RL-AH            PIC  X.                      ELCDTECX
   743         16  CLAS-I-CALC-TYPE.                                    ELCDTECX
* Micro Focus Server Express         V5.1 revision 000 06-Oct-15 17:19 Page  15
* PEMEPX3.cbl (/apps/prod/cid1p/copy/ELCDTECX)
   744             20  CLAS-I-BAL          PIC  X.                      ELCDTECX
   745         16  CLAS-I-EP               PIC  X.                      ELCDTECX
   746         16  CLAS-CO-BEN-I-G-CD      PIC  X.                      ELCDTECX
   747         16  CLAS-CO-REM-TERM-CALC   PIC  X.                      ELCDTECX
   748         16  CLAS-I-BEN-CATEGORY     PIC  X.
   749         16  CLAS-I-REFUND-METHOD    PIC  X.
   750         16  CLAS-I-MAX-BENEFITS     PIC 99.
   751         16  FILLER                  PIC  XXX.
   752                                                                  ELCDTECX
   753 01  FILLER                          PIC  X(16)                   ELCDTECX
   754                                     VALUE 'MORTALITY TABLES'.    ELCDTECX
   755 01  CLAS-MORTALITY-CODES.                                        ELCDTECX
   756     12  CLAS-MORT-FLD               OCCURS 99 TIMES              ELCDTECX
   757                                     INDEXED BY CLAS-MORT-NDX.    ELCDTECX
   758         16  CLAS-MORT-CODE          PIC  X(4).                      CL**6
   759         16  CLAS-MORT-J-CODE        PIC  X.                         CL**5
   760         16  CLAS-MORT-J-FACT        PIC S9V9(4).                    CL**6
   761         16  CLAS-MORT-DESC.                                      ELCDTECX
   762             20  CLAS-RESERVE-ADJ    PIC  999.                       CL**6
   763             20  FILLER              PIC  XX.                        CL**5
   764             20  CLAS-YEAR           PIC  X(4).                      CL**6
   765             20  FILLER              PIC  X.                         CL**5
   766             20  CLAS-TABLE-TYPE     PIC  XXX.                       CL**6
   767             20  FILLER              PIC  X.                         CL**5
   768             20  CLAS-AGE-METHOD     PIC  XX.                        CL**5
   769             20  FILLER              PIC  X.                         CL**5
   770             20  CLAS-INTEREST       PIC  99.99.                     CL**5
   771             20  FILLER              PIC  X(5).                      CL**6
   772                                                                  ELCDTECX
   773 01  FILLER                          PIC  X(15)                   ELCDTECX
   774                                     VALUE 'BUSINESS TABLES'.     ELCDTECX
   775 01  CLAS-BUSINESS-CLASSES.                                       ELCDTECX
   776     12  CLAS-BUSC-FLD               OCCURS 50 TIMES.             ELCDTECX
   777         16  CLAS-BUSC-CODE          PIC  99.                     ELCDTECX
   778         16  CLAS-BUSC-GROUP         PIC  X.                      ELCDTECX
   779         16  CLAS-BUSC-DESC          PIC  X(19).                  ELCDTECX
   780         16  CLAS-BUSC-EXCL          PIC  X.                         CL**5
   781         16  FILLER                  PIC  X(4).                      CL**6
   782                                                                  ELCDTECX
   783 01  FILLER                          PIC  X(7)                       CL**6
   784                                     VALUE 'INDEXES'.             ELCDTECX
   785 01  CLAS-INDEX-TBL.                                              ELCDTECX
   786     12  CLAX-ID                     PIC  X(4).                   ELCDTECX
   787     12  CLAS-STARTC                 PIC S9(4) COMP.              ELCDTECX
   788     12  CLAS-MAXC                   PIC S9(4) COMP.              ELCDTECX
   789     12  CLAS-STARTL                 PIC S9(4) COMP.              ELCDTECX
   790     12  CLAS-MAXL                   PIC S9(4) COMP.              ELCDTECX
   791     12  CLAS-STARTA                 PIC S9(4) COMP.              ELCDTECX
   792     12  CLAS-MAXA                   PIC S9(4) COMP.              ELCDTECX
   793     12  CLAS-STARTM                 PIC S9(4) COMP.              ELCDTECX
   794     12  CLAS-MAXM                   PIC S9(4) COMP.              ELCDTECX
   795     12  CLAS-STARTB                 PIC S9(4) COMP.              ELCDTECX
   796     12  CLAS-MAXB                   PIC S9(4) COMP.              ELCDTECX
   797     12  CLAS-STARTS                 PIC S9(4) COMP.              ELCDTECX
   798     12  CLAS-MAXS                   PIC S9(4) COMP.              ELCDTECX
   799     12  CLAS-STARTE                 PIC S9(4) COMP.              ELCDTECX
   800     12  CLAS-MAXE                   PIC S9(4) COMP.              ELCDTECX
   801     12  CLAS-STARTCN                PIC S9(4) COMP.              ELCDTECX
* Micro Focus Server Express         V5.1 revision 000 06-Oct-15 17:19 Page  16
* PEMEPX3.cbl (/apps/prod/cid1p/copy/ELCDTECX)
   802     12  CLAS-MAXCN                  PIC S9(4) COMP.              ELCDTECX
   803                                                                  ELCDTECX
   804 01  CLAS-TYPE-MISC.                                              ELCDTECX
   805     12  CLAS-INDEXC                 PIC S9(4) COMP.              ELCDTECX
   806     12  CLAS-INDEXL                 PIC S9(4) COMP.              ELCDTECX
   807     12  CLAS-INDEXA                 PIC S9(4) COMP.              ELCDTECX
   808     12  CLAS-INDEXM                 PIC S9(4) COMP.              ELCDTECX
   809     12  CLAS-INDEXB                 PIC S9(4) COMP.              ELCDTECX
   810     12  CLAS-INDEXS                 PIC S9(4) COMP.              ELCDTECX
   811     12  CLAS-INDEXE                 PIC S9(4) COMP.              ELCDTECX
   812     12  CLAS-INDEX                  PIC S9(4) COMP.              ELCDTECX
   813     12  CLAS-INDEXEN                PIC S9(4) COMP.              ELCDTECX
   814     12  CLAS-INDEXCN                PIC S9(4) COMP.              ELCDTECX
   815     12  CLAS-INDEXON                PIC S9(4) COMP.              ELCDTECX
   816                                                                  ELCDTECX
   817 01  FILLER                          PIC  X(13)                   ELCDTECX
   818                                     VALUE 'MISCELLANEOUS'.       ELCDTECX
   819 01  CLAS-MISC.                                                   ELCDTECX
   820     12  DTE-FICH                    PIC  X.                      ELCDTECX
   821         88  FICH-NO                 VALUE SPACE.                 ELCDTECX
   822         88  FICH-ONLY               VALUE '1'.                   ELCDTECX
   823         88  FICH-BOTH               VALUE '2'.                   ELCDTECX
   824     12  FICH-OPEN                   PIC  X.                      ELCDTECX
   825     12  REPT-OPEN                   PIC  X.                      ELCDTECX
   826     12  DTE-PGM-OPT                 PIC  9.                         CL**5
   827     12  DTE-PRT-OPT                 PIC  X.                      ELCDTECX
   828     12  DTE-FMT-OPT                 PIC  9.                      ELCDTECX
   829     12  DTE-PRC-OPT                 PIC  9.                      ELCDTECX
   830     12  DTE-TOT-OPT                 PIC  9.                      ELCDTECX
   831     12  CLAS-LOOK                   PIC  XX.                     ELCDTECX
   832     12  DTE-TOT-LINES               PIC S9(8)      COMP.         ELCDTECX
   833     12  STATE-L                     PIC  XX.                     ELCDTECX
   834     12  CLAS-CN                     PIC  99.                     ELCDTECX
   835     12  CLAS-CO                     PIC  99.                     ELCDTECX
   836     12  DTE-VSAM-FLAGS                              VALUE ZERO.  ELCDTECX
   837         16  DTE-F-1                 PIC  X.                      ELCDTECX
   838         16  DTE-F-2                 PIC  X.                      ELCDTECX
   839     12  DTE-ABEND-WORK.                                          ELCDTECX
   840         16  DTE-ABEND-CD-1          PIC  XX         VALUE SPACES.ELCDTECX
   841         16  DTE-ABEND-CD-2          PIC  XX         VALUE SPACES.ELCDTECX
   842                                                                  ELCDTECX
   843 01  FILLER                          PIC  X(12)                   ELCDTECX
   844                                     VALUE 'WORKING DATE'.        ELCDTECX
   845 01  WS-DATE-AND-TIME.                                            ELCDTECX
   846     12  WS-ACCEPT-DATE.                                          ELCDTECX
   847         16  WS-AD-YY                PIC  99.                     ELCDTECX
   848         16  WS-AD-MM                PIC  99.                     ELCDTECX
   849         16  WS-AD-DD                PIC  99.                     ELCDTECX
   850     12  WS-CURRENT-DATE.                                         ELCDTECX
   851         16  WS-CD-MM                PIC  99.                     ELCDTECX
   852         16  FILLER                  PIC  X          VALUE '/'.   ELCDTECX
   853         16  WS-CD-DD                PIC  99.                     ELCDTECX
   854         16  FILLER                  PIC  X          VALUE '/'.   ELCDTECX
   855         16  WS-CD-YY                PIC  99.                     ELCDTECX
   856     12  WS-TIME-OF-DAY.                                          ELCDTECX
   857         16  WS-TIME                 PIC  9(6).                   ELCDTECX
   858         16  WS-HUN-SEC              PIC  99.                     ELCDTECX
   859                                                                  ELCDTECX
* Micro Focus Server Express         V5.1 revision 000 06-Oct-15 17:19 Page  17
* PEMEPX3.cbl (/apps/prod/cid1p/copy/ELCDTECX)
   860 01  FILLER                          PIC  X(12)                   ELCDTECX
   861                                     VALUE 'CARRIER CLMS'.        ELCDTECX
   862 01  CARRIER-OPT-CLAIM-DATA.                                      ELCDTECX
   863     12  CARRIER-FLDS                OCCURS 25 TIMES.             ELCDTECX
   864         16  CARRIER-IBNR-SWITCH     PIC  X.                         CL**5
   865         16  CARRIER-IBNR-PERCENT    PIC S9V9(4) COMP-3.             CL**6
   866         16  CARRIER-CIDA-DISCOUNT   PIC S9V9(4) COMP-3.             CL**6
   867                                                                  ELCDTECX
   868 01  FILLER                          PIC  X(10)                   ELCDTECX
   869                                     VALUE 'STATE TLRS'.          ELCDTECX
   870 01  STATE-TARGET-LOSS-RATIOS.                                    ELCDTECX
   871     12  STATE-TLR-FLD               OCCURS 75 TIMES.             ELCDTECX
   872         16  STATE-TARGET-LOSS-RATIO PIC S9V9(4) COMP-3.             CL**6
   873         16  STATE-CALC-INTEREST     PIC S9V9(4) COMP-3.             CL**6
   874                                                                  ELCDTECX
   875 01  FILLER                          PIC  X(13)                   ELCDTECX
   876                                     VALUE 'BUSINESS TLRS'.       ELCDTECX
   877 01  BUSINESS-TRGT-LOSS-RATIO-MODS.                               ELCDTECX
   878     12  BUS-TLRM-FLD                OCCURS 99 TIMES.             ELCDTECX
   879         16  BUS-TRGT-LOSS-RATIO-MOD PIC S9V9(4) COMP-3.             CL**6
   880                                                                  ELCDTECX
   881 01  FILLER                          PIC  X(13)                   ELCDTECX
   882                                     VALUE 'MISC CLM DATA'.       ELCDTECX
   883 01  MISC-OPT-CLM-RSV-DATA.                                       ELCDTECX
   884     12  COMPANY-CALC-INTEREST       PIC S9V9(4) COMP-3.             CL**6
   885     12  COMPANY-CIDA-DISCOUNT       PIC S9V9(4) COMP-3.             CL**6
   886     12  COMPANY-CRDB-TABLE-SELECTION                             ELCDTECX
   887                                     PIC  X.                         CL**5
   888     12  COMPANY-IBNR-AH-FACTOR      PIC S9V9(4) COMP-3.             CL**6
   889     12  COMPANY-IBNR-LAG-MONTH      PIC S999    COMP-3.             CL**6
   890     12  COMPANY-IBNR-LIFE-FACTOR    PIC S9V9(4) COMP-3.             CL**6
   891     12  COMPANY-OPTION-START-DATE   PIC  XX.                        CL**5
   892     12  INDEXBS                     PIC S9(4)   COMP.               CL**6
   893     12  INDEXCA                     PIC S9(4)   COMP.               CL**6
   894     12  INDEXST                     PIC S9(4)   COMP.               CL**6
   895     12  FILLER                      PIC  X(75).                  ELCDTECX
   896******************************************************************ELCDTECX
   897*01  MISC-CARR-PCT-DATA.                                          00001521
   898*    12  DD-CARR1-UEP-PCT            PIC S9V9(4) COMP-3.          00001522
   899*    12  DD-CARR1-R78-PCT            PIC S9V9(4) COMP-3.          00001522
   900*    12  DD-CARR1-PRO-PCT            PIC S9V9(4) COMP-3.          00001522
   901*    12  DD-CARR2-UEP-PCT            PIC S9V9(4) COMP-3.          00001522
   902*    12  DD-CARR2-R78-PCT            PIC S9V9(4) COMP-3.          00001522
   903*    12  DD-CARR2-PRO-PCT            PIC S9V9(4) COMP-3.          00001522
   904******************************************************************ELCDTECX
   905
   906 PROCEDURE DIVISION.
   907
   908 0002-INPUT.
   909
   910     PERFORM 0010-INITIALIZE     THRU 0010-EXIT
   911
   912     PERFORM 0020-OPEN-FILES     THRU 0020-EXIT
   913
   914     PERFORM 0060-READ-EPEC      THRU 0060-EXIT
   915
   916     PERFORM 0080-PROCESS-EPEC   THRU 0080-EXIT UNTIL
   917           (END-OF-EPEC)
* Micro Focus Server Express         V5.1 revision 000 06-Oct-15 17:19 Page  18
* PEMEPX3.cbl
   918*          OR (EPEC-IN-CNT > 10000)
   919
   920     PERFORM 0030-CLOSE-FILES    THRU 0030-EXIT
   921     GOBACK
   922
   923     .
   924 0002-EXIT.
   925     EXIT.
   926
   927 0010-INITIALIZE.
   928
   929     MOVE SPACES                 TO EXTRACT-RECORD
   930     MOVE ';'                    TO EXT-TAB1
   931                                    EXT-TAB2
   932                                    EXT-TAB3
   933                                    EXT-TAB4
   934                                    EXT-TAB5
   935                                    EXT-TAB6
   936                                    EXT-TAB7
   937                                    EXT-TAB8
   938                                    EXT-TAB9
   939                                    EXT-TAB10
   940                                    EXT-TAB11
   941                                    EXT-TAB12
   942                                    EXT-TAB13
   943                                    EXT-TAB14
   944                                    EXT-TAB15
   945                                    EXT-TAB16
   946                                    EXT-TAB17
   947                                    EXT-TAB18
   948                                    EXT-TAB19
   949                                    EXT-TAB20
   950                                    EXT-TAB21
   951                                    EXT-TAB22
   952                                    EXT-TAB23
   953                                    EXT-TAB24
   954     MOVE 'E'                    TO EXT-END
   955     MOVE EXTRACT-RECORD         TO WS-INIT-EXTRACT
   956
   957     .
   958 0010-EXIT.
   959     EXIT.
   960
   961 0020-OPEN-FILES.
   962
   963     OPEN INPUT EPECS
   964         OUTPUT EXTRACT
   965
   966     .
   967 0020-EXIT.
   968     EXIT.
   969
   970 0030-CLOSE-FILES.
   971
   972     DISPLAY ' EPEC IN RECORDS  ' EPEC-IN-CNT
   973     DISPLAY ' EXTR OUT RECORDS ' EXTR-OUT-CNT
   974     CLOSE EPECS
   975         EXTRACT
* Micro Focus Server Express         V5.1 revision 000 06-Oct-15 17:19 Page  19
* PEMEPX3.cbl
   976
   977     .
   978 0030-EXIT.
   979     EXIT.
   980
   981 0060-READ-EPEC.
   982
   983     READ EPECS AT END
   984         SET END-OF-EPEC TO TRUE
   985     END-READ
   986
   987     IF NOT END-OF-EPEC
   988        ADD 1 TO EPEC-IN-CNT
   989     END-IF
   990
   991     .
   992 0060-EXIT.
   993     EXIT.
   994
   995 0080-PROCESS-EPEC.
   996
   997     IF (EP-RECORD-ID = 'EP')
   998        AND (EP-REIN NOT = 'R')
   999*       AND (EP-ACCOUNT = '0700000119' OR '0900419005')
  1000        PERFORM 0090-BUILD-EXTRACT
  1001                                 THRU 0090-EXIT
  1002     END-IF
  1003
  1004     PERFORM 0060-READ-EPEC      THRU 0060-EXIT
  1005
  1006     .
  1007 0080-EXIT.
  1008     EXIT.
  1009
  1010 0090-BUILD-EXTRACT.
  1011
  1012     MOVE WS-INIT-EXTRACT        TO EXTRACT-RECORD
  1013
  1014     MOVE EP-ACCOUNT             TO EXT-ACCOUNT
  1015     MOVE EP-EXP-DTE             TO EXT-EXP-DT
  1016     MOVE EP-EFF-DTE             TO EXT-EFF-DT
  1017     MOVE EP-LO-CERT             TO EXT-LO-CERT-DT
  1018     MOVE EP-HI-CERT             TO EXT-HI-CERT-DT
  1019     MOVE EP-REI-CO              TO EXT-REIN-COMP
  1020     MOVE EP-RUN-DTE             TO EXT-RUN-DATE
  1021     MOVE EP-RCD-TYPE            TO EXT-RCD-TYPE
  1022     MOVE EP-BEN-CODE            TO EXT-BEN-CODE
  1023     MOVE EP-PURGE               TO EXT-PURGE-CODE
  1024     MOVE EP-RECORD-ID           TO EXT-REC-TYPE
  1025     MOVE EP-ISS-PRM             TO EXT-ISS-PRM
  1026     MOVE EP-CNC-PRM             TO EXT-CNC-PRM
  1027     MOVE EP-PRM-78              TO EXT-EPR-78
  1028     MOVE EP-PRM-PR              TO EXT-EPR-PR
  1029     MOVE EP-PRM-ST              TO EXT-EPR-ST
  1030     MOVE EP-CLM-DU              TO EXT-DU
  1031     MOVE EP-CLM-PV              TO EXT-PV
  1032     MOVE EP-CLM-IBNR            TO EXT-IBNR
  1033     MOVE EP-LOSS-RESV           TO EXT-LR
* Micro Focus Server Express         V5.1 revision 000 06-Oct-15 17:19 Page  20
* PEMEPX3.cbl
  1034     MOVE EP-CLM-AMT             TO EXT-CLM-AMT
  1035     MOVE ZEROS                  TO EXT-COMM-SEQ
  1036     MOVE EP-AVG-ORIG-TERM       TO EXT-AVG-ORG-TRM
  1037     MOVE EP-ISS-CNT             TO EXT-ISS-CNT
  1038     MOVE 'E'                    TO EXT-END
  1039
  1040     PERFORM 0100-WRITE-EXTRACT  THRU 0100-EXIT
  1041
  1042     .
  1043 0090-EXIT.
  1044     EXIT.
  1045
  1046 0100-WRITE-EXTRACT.
  1047
  1048     WRITE EXTRACT-RECORD-OUT    FROM EXTRACT-RECORD
  1049     ADD 1 TO EXTR-OUT-CNT
  1050
  1051     .
  1052 0100-EXIT.
  1053     EXIT.
  1054
  1055 8510-DATE-CONVERSION.
  1056
  1057     CALL 'ELDATCX' USING DATE-CONVERSION-DATA
  1058
  1059     .
  1060 8590-EXIT.
  1061     EXIT.
  1062
  1063 ABEND-PGM.
* 1064                                 COPY ELCABEND.
  1065***************************************************************** 04/14/98
  1066*                                                               * ELCABEND
  1067*                            ELCABEND.                          *    LV003
  1068*           COPYBOOK REVIEWED FOR YEAR 2000 COMPLIANCE               CL**3
  1069*                            VMOD 2.002                              CL**2
  1070*                                                               * ELCABEND
  1071*                THIS SECTION DISPLAYS THE NECESSARY MESSAGES   * ELCABEND
  1072*            AND THEN ABENDS.                                   * ELCABEND
  1073*                                                               * ELCABEND
  1074*  NO  CID  MODS  IN  COPYBOOK  ELCABEND                        * ELCABEND
  1075*                                                               * ELCABEND
  1076***************************************************************** ELCABEND
  1077*APS-010.                                                         ELCABEND
  1078     DISPLAY WS-ABEND-MESSAGE.                                    ELCABEND
  1079     DISPLAY WS-ABEND-MESSAGE UPON CONSOLE.                       ELCABEND
  1080                                                                  ELCABEND
  1081     IF WS-ABEND-FILE-STATUS NOT = ZERO                           ELCABEND
  1082         DISPLAY 'FILE STATUS = ' WS-ABEND-FILE-STATUS            ELCABEND
  1083         DISPLAY 'FILE STATUS = ' WS-ABEND-FILE-STATUS            ELCABEND
  1084                                 UPON CONSOLE.                    ELCABEND
  1085                                                                  ELCABEND
  1086     IF WS-RETURN-CODE NOT = ZERO                                 ELCABEND
  1087         DISPLAY 'RETURN CODE = '  WS-RETURN-CODE                 ELCABEND
  1088         DISPLAY 'RETURN CODE = '  WS-RETURN-CODE                 ELCABEND
  1089                                 UPON CONSOLE.                    ELCABEND
  1090                                                                  ELCABEND
  1091     DISPLAY 'PROGRAM WILL NOW ABEND **************'              ELCABEND
* Micro Focus Server Express         V5.1 revision 000 06-Oct-15 17:19 Page  21
* PEMEPX3.cbl (/apps/prod/cid1p/copy/ELCABEND)
  1092     DISPLAY 'PROGRAM WILL NOW ABEND **************'              ELCABEND
  1093                                 UPON CONSOLE.                    ELCABEND
  1094                                                                  ELCABEND
  1095     DIVIDE WS-ZERO BY WS-ZERO GIVING WS-ZERO.                    ELCABEND
  1096     CALL 'ABORTME'.
  1097                                                                  ELCABEND
  1098 APS-EXIT.                                                        ELCABEND
  1099     EXIT.                                                        ELCABEND
* Micro Focus Server Express         V5.1 revision 000 Compiler
* Copyright (C) Micro Focus IP Development Limited 1984-2012.
*                                                        REF GNR-008065005AF
* Total Messages:     0
* Data:       47536     Code:        1288
