* Micro Focus Server Express         V5.1 revision 000 06-Oct-15 17:19 Page   1
* PEMPBX3.cbl
* Options: int("PEMPBX3.int") anim csi verbose NOBOUND PARAMCOUNTCHECK
*          directives(cobopt.bth) endp list("PEMPBX3.lst")
* Setting: NOACCEPTREFRESH NOADV ALIGN"8" ALPHASTART"1" NOALTER NOAMODE ANIM
*          NOANIMPREP ANS85 APOST NOAREACHECK ARITHMETIC"OSVS" ASSIGN
*          "EXTERNAL" NOASSIGN-PRINTER NOAUTOLOCK NOBELL NOBOUND NOBRIEF
*          NOBS2000 BWZSTAR NOBYTEMODEMOVE CALLFH"ebmlsfile" NOCALLMCS
*          NOCALLRECOVERY CALLSORT"EXTSM" CANCEL CANCELLBR NOCHANGEMESSAGE
*          CHARSET"ASCII" NOCHECKDIV NOCHECKREFMOD NOCICS CICS-CPY
*          NOCICSOPTIMIZE NOCMPR2 NOCOBFSTATCONV NOCOBIDY NOCOBOL370 COBOLDIR
*          NOCOMP COMP-5"2" COMP-6"2" NOCOMS85 CONFIRM NOCONVERTRET CONVSPACE
*          COPYEXT",cbl,cpy" NOCOPYLBR COPYLIST COPYLISTCOMMENT"1" CSI
*          CURRENCY-SIGN"36" CURRENT-DATE"MMDDYY" NODATA DATACOMPRESS"0"
*          NODATA-CONTEXT DATE DBCHECK DBCS"2" NODBCSSOSI DBSPACE DE-EDIT"2"
*          DEFAULTBYTE"32" NODEFAULTCALLS DETECTLOCK NODG DIALECT"MF"
*          NODIRECTIVES-IN-COMMENTS NODOSVS NODPCINSUBSCRIPT DYNAM
*          NOEARLY-RELEASE ECHO NOECHOALL NOEDITOR ENSUITE"0" NOENTCOBOL
*          ERRFORMAT"1" ERRLIST"EMBED" NOERRQ FASTSORT NOFCD3 NOFCDREG
*          NOFDCLEAR NOFILESHARE FILETYPE"0" NOFLAG NOFLAGAS NOFLAGCD
*          NOFLAGEUC NOFLAGMIG NOFLAGQ FLAGSINEDIT NOFLAGSTD NOFOLDCALLNAME
*          NOFOLDCOPYNAME FORM"60" NOFP-ROUNDING NOHOSTARITHMETIC
*          NOHOSTCONTZERO NOHOST-NUMCOMPARE NOHOST-NUMMOVE NOHOSTFD NOHOSTRW
*          NOIBM-MS IBMCOMP IDXFORMAT"0" NOILGEN IMPLICITSCOPE NOINDD
*          INFORETURN"0" NOINITCALL INITPTR INT"PEMPBX3.int" INTDATE"ANSI"
*          INTLEVEL"2" IOCONV NOISO2002 NOIXNLSKEY NOIXNUMKEY KEEP-INT
*          KEYCHECK KEYCOMPRESS"0" LIBRARIAN"2" NOLINE-COUNT LIST"PEMPBX3.lst"
*          LISTPATH"" LISTWIDTH"80" LITVAL-SIZE"4" LOCKTYPE"0" NOMAPNAME
*          NOMAXERROR METHODDEFAULT"REFERENCE" MF"15" MFCOMMENT NOMOVELENCHECK
*          NOMS NOMVS NATIVE"ASCII" NONATIVEFLOATINGPOINT NONCHAR
*          NONEWBASENAME NONLS NSYMBOL"DBCS" NOODOOSVS NOODOSLIDE
*          NOOLDBLANKLINE NOOLDCOPY NOOLDINDEX NOOLDNEXTSENTENCE NOOLDREADINTO
*          NOOLDSTRMIX OOCTRL"-C-E-G-P+Q+R-S+W" OPTIONAL-FILE NOOS390 OSEXT""
*          NOOSVS NOOUTDD NOP64 NOPANVALET PERFORM-TYPE"OSVS" NOPREPLIST
*          NOPREPROCESS NOPRINT-EXT NOPROFILE NOPROGID-COMMENT
*          NOPROGID-INT-NAME NOPROTECT-LINKAGE PROTOTYPE"RELAXED" QUAL
*          QUALPROC NOQUERY NOQUOTE NORAWLIST NORDW RECMODE"F" NOREENTRANT
*          NOREF NOREFNO REMAINDER"1" REPORT-LINE"256" RESEQ NORETRYLOCK
*          REWRITE-LS NORM RTNCODE-SIZE"4" NORWHARDPAGE NOSAA SEG NOSEQCHK
*          SEQUENTIAL"RECORD" NOSERIAL SETTING"LINE" NOSHAREOUTDD NOSHOW-DIR
*          SIGN"ASCII" NOSIGNDISCARD NOSIGNFIXUP SORTTYPE"DFSORT" SOURCEFORMAT
*          "FIXED" SOURCETABSTOP"8" NOSPZERO NOSSRANGE STDERR NOSTICKY-LINKAGE
*          NOSTICKY-PERFORM SUPFF SWITCHTYPE"1" SYMBSTART"1" SYSPUNCH"132"
*          TERMPAGE TIME NOTRACE NOTRUNC NOTRUNCCALLNAME NOTRUNCCOPY TRUNCINC
*          "10" UNICODE"NATIVE" VERBOSE VSC2"2" WARNING"1" NOWB NOWB2 NOWB3
*          WEBSERVER"CGI" NOWRITELOCK NOWRITETHRU NOXOPEN NOXREF
*          NOZEROLENGTHFALSE NOZEROSEQ NOZWB
     1 IDENTIFICATION DIVISION.
     2 PROGRAM-ID. PEMPBX3.
     3 AUTHOR.     PABLO.
     4 DATE-COMPILED. 06-Oct-15 17:19.
     5 ENVIRONMENT DIVISION.
     6 INPUT-OUTPUT SECTION.
     7 FILE-CONTROL.
     8
     9     SELECT ERPNDB           ASSIGN TO ERPNDB2
    10                             ORGANIZATION IS INDEXED
    11                             ACCESS IS DYNAMIC
    12                             RECORD KEY IS PB-CONTROL-BY-ACCOUNT
    13                             FILE STATUS IS ERPNDB-FILE-STATUS.
* Micro Focus Server Express         V5.1 revision 000 06-Oct-15 17:19 Page   2
* PEMPBX3.cbl
    14
    15     SELECT ERPNDB-OUT       ASSIGN TO ERPNDBOT
    16         organization is line sequential.
    17
* Micro Focus Server Express         V5.1 revision 000 06-Oct-15 17:19 Page   3
* PEMPBX3.cbl
    19 DATA DIVISION.
    20 FILE SECTION.
    21
    22 FD  ERPNDB.
    23
*   24                                 COPY ERCPNDB.
    25******************************************************************
    26*                                                                *
    27*                                                                *
    28*                            ERCPNDB.                            *
    29*           COPYBOOK REVIEWED FOR YEAR 2000 COMPLIANCE
    30*                            VMOD=2.025                          *
    31*                                                                *
    32*   FILE DESCRIPTION = PENDING NEW BUSINESS (ISSUES AND CANCELS) *
    33*                                                                *
    34******************************************************************
    35*   NOTE: IF THIS FORMAT IS CHANGED, THE SORT RECORD IN THE      *
    36*         EL861 A/R SYSTEM MAY NEED TO BE CHANGED.               *
    37******************************************************************
    38*                                                                *
    39*                                                                *
    40*   FILE TYPE = VSAM,KSDS                                        *
    41*   RECORD SIZE = 585  RECFORM = FIXED                           *
    42*                                                                *
    43*   BASE CLUSTER = ERPNDB                         RKP=2,LEN=11   *
    44*       ALTERNATE PATH1 = ERPNDB2  (BY CAR GRP STATE ACCOUNT     *
    45*                                  EFF-DT CERT CHG-SEQ REC-TYPE) *
    46*                                                 RKP=13,LEN=36  *
    47*       ALTERNATE PATH2 = ERPNDB3  (BY CO, ORIGINAL BATCH, SEQ.  *
    48*                                      AND CHG-SEQ.)             *
    49*                                                RKP=49,LEN=11   *
    50*       ALTERNATE PATH3 = ERPNDB4  (BY CO, CSR-ID, BATCH, SEQ.   *
    51*                                      AND CHG-SEQ.)             *
    52*                                                RKP=60,LEN=15   *
    53*                                                                *
    54*   LOG = NO                                                     *
    55*   SERVREQ = BROWSE, DELETE, UPDATE, NEWREC                     *
    56******************************************************************
    57******************************************************************
    58*                   C H A N G E   L O G
    59*
    60* CHANGES ARE MARKED BY THE CHANGE EFFECTIVE DATE.
    61*-----------------------------------------------------------------
    62*  CHANGE   CHANGE REQUEST PGMR  DESCRIPTION OF CHANGE
    63* EFFECTIVE    NUMBER
    64*-----------------------------------------------------------------
    65* 122002                   PEMA  ADD MONTHLY PRODUCT PROCESSING
    66* 100703    2003080800002  PEMA  ADD SUPERGAP PROCESSING
    67* 011904                   PEMA  ADD TOTAL FEE PROCESSING
    68* 040504    2003080800002  PEMA  ADD DEALER INCENTIVE PROCESSING
    69* 020305    2005020000000  PEMA  ADD CLP STATE TO PNDB RECORD
    70* 110105    2005071200004  PEMA  INCREASE SIZE OF LOAN OFFICER
    71* 032306                   PEMA  ADD BOW LOAN NUMBER
    72* 081606    2006080800002  PEMA  ADD VIN, ISSUES ONLY
    73* 073107  CR2006051600002  PEMA  ADD OVERCHARGE PROCESSING
    74* 072308  CR2007110500003  PEMA  ADD NH REFUND INTEREST PROCESSING
    75* 090408  CR2008040800002  PEMA  ADD JOINT BIRTH DATE PROCESSING
    76* 032109    2009021700002  PEMA  ADD CRED BENE TO PNDB REC
* Micro Focus Server Express         V5.1 revision 000 06-Oct-15 17:19 Page   4
* PEMPBX3.cbl (/apps/prod/cid1p/copy/ERCPNDB)
    77* 072209  CR2008101500003  AJRA  ADD BORROWER FIRST NAME TO ENDORSEMENT
    78* 011410  CR2009050700003  PEMA  ADD SPP DEALER DIRECT
    79* 071211  CR2010012700001  PEMA  ADD SPP DEALER DIRECT
    80* 073114  CR2014012300001  PEMA  ADD CU CARRIER 7 PROCESSING
    81******************************************************************
    82
    83 01  PENDING-BUSINESS.
    84     12  PB-RECORD-ID                     PIC XX.
    85         88  VALID-PB-ID                        VALUE 'PB'.
    86
    87     12  PB-CONTROL-PRIMARY.
    88         16  PB-COMPANY-CD                PIC X.
    89         16  PB-ENTRY-BATCH               PIC X(6).
    90         16  PB-BATCH-SEQ-NO              PIC S9(4)     COMP.
    91         16  PB-BATCH-CHG-SEQ-NO          PIC S9(4)     COMP.
    92
    93     12  PB-CONTROL-BY-ACCOUNT.
    94         16  PB-COMPANY-CD-A1             PIC X.
    95         16  PB-CARRIER                   PIC X.
    96         16  PB-GROUPING.
    97             20  PB-GROUPING-PREFIX       PIC XXX.
    98             20  PB-GROUPING-PRIME        PIC XXX.
    99         16  PB-STATE                     PIC XX.
   100         16  PB-ACCOUNT.
   101             20  PB-ACCOUNT-PREFIX        PIC X(4).
   102             20  PB-ACCOUNT-PRIME         PIC X(6).
   103         16  PB-CERT-EFF-DT               PIC XX.
   104         16  PB-CERT-NO.
   105             20  PB-CERT-PRIME            PIC X(10).
   106             20  PB-CERT-SFX              PIC X.
   107         16  PB-ALT-CHG-SEQ-NO            PIC S9(4)     COMP.
   108
   109         16  PB-RECORD-TYPE               PIC X.
   110             88  PB-MAILING-DATA                VALUE '0'.
   111             88  PB-ISSUE                       VALUE '1'.
   112             88  PB-CANCELLATION                VALUE '2'.
   113             88  PB-BATCH-TRAILER               VALUE '9'.
   114
   115     12  PB-CONTROL-BY-ORIG-BATCH.
   116         16  PB-ORIGINAL-COMPANY-CD       PIC X.
   117         16  PB-ORIGINAL-ENTRY-BATCH      PIC X(6).
   118         16  PB-ORIGINAL-SEQ-NO           PIC S9(4)     COMP.
   119         16  PB-ORIGINAL-CHG-SEQ-NO       PIC S9(4)     COMP.
   120
   121     12  PB-CONTROL-BY-CSR.
   122         16  PB-CSR-COMPANY-CD            PIC X.
   123         16  PB-CSR-ID                    PIC X(4).
   124         16  PB-CSR-ENTRY-BATCH           PIC X(6).
   125         16  PB-CSR-BATCH-SEQ-NO          PIC S9(4)     COMP.
   126         16  PB-CSR-BATCH-CHG-SEQ-NO      PIC S9(4)     COMP.
   127******************************************************************
   128*    MAILING DATA IS PROCESSED IN ONLY PRGS. EL512 & EL513       *
   129******************************************************************
   130
   131     12  PB-LAST-MAINT-DT                 PIC XX.
   132     12  PB-LAST-MAINT-BY                 PIC X(4).
   133     12  PB-LAST-MAINT-HHMMSS             PIC S9(6)     COMP-3.
   134
* Micro Focus Server Express         V5.1 revision 000 06-Oct-15 17:19 Page   5
* PEMPBX3.cbl (/apps/prod/cid1p/copy/ERCPNDB)
   135     12  PB-RECORD-BODY                   PIC X(375).
   136
   137     12  PB-ISSUE-RECORD   REDEFINES PB-RECORD-BODY.
   138         16  PB-CERT-ORIGIN               PIC X.
   139             88  CLASIC-CREATED-CERT         VALUE '1'.
   140         16  PB-I-NAME.
   141             20  PB-I-INSURED-LAST-NAME   PIC X(15).
   142             20  PB-I-INSURED-FIRST-NAME.
   143                 24  PB-I-INSURED-1ST-INIT PIC X.
   144                 24  FILLER                PIC X(9).
   145             20  PB-I-INSURED-MIDDLE-INIT PIC X.
   146         16  PB-I-AGE                     PIC S99   COMP-3.
   147         16  PB-I-JOINT-AGE               PIC S99   COMP-3.
   148         16  PB-I-BIRTHDAY                PIC XX.
   149         16  PB-I-INSURED-SEX             PIC X.
   150             88  PB-SEX-MALE     VALUE 'M'.
   151             88  PB-SEX-FEMALE   VALUE 'F'.
   152
   153         16  PB-I-LF-TERM                 PIC S999   COMP-3.
   154         16  PB-I-AH-TERM                 PIC S999   COMP-3.
   155         16  PB-I-LOAN-TERM               PIC S999   COMP-3.
   156         16  PB-I-PAY-FREQUENCY           PIC S99    COMP-3.
   157         16  PB-I-SKIP-CODE               PIC X.
   158             88  PB-NO-MONTHS-SKIPPED      VALUE ' ' '0'.
   159             88  PB-SKIP-JULY              VALUE '1'.
   160             88  PB-SKIP-AUGUST            VALUE '2'.
   161             88  PB-SKIP-SEPTEMBER         VALUE '3'.
   162             88  PB-SKIP-JULY-AUG          VALUE '4'.
   163             88  PB-SKIP-AUG-SEPT          VALUE '5'.
   164             88  PB-SKIP-JULY-AUG-SEPT     VALUE '6'.
   165             88  PB-SKIP-JUNE-JULY-AUG     VALUE '7'.
   166             88  PB-SKIP-JUNE              VALUE '8'.
   167             88  PB-SKIP-JUNE-JULY         VALUE '9'.
   168             88  PB-SKIP-AUG-SEPT-OCT      VALUE 'A'.
   169             88  PB-SKIP-BI-WKLY-3RD-PMT   VALUE 'X'.
   170         16  PB-I-TERM-TYPE               PIC X.
   171             88  PB-PAID-MONTHLY           VALUE ' ' 'M'.
   172             88  PB-PAID-WEEKLY            VALUE 'W'.
   173             88  PB-PAID-SEMI-MONTHLY      VALUE 'S'.
   174             88  PB-PAID-BI-WEEKLY         VALUE 'B'.
   175             88  PB-PAID-13-YEARLY         VALUE 'T'.
   176         16  PB-I-NO-OF-PAYMENTS          PIC S999   COMP-3.
   177         16  PB-I-POLICY-FORM-NO          PIC X(12).
   178         16  PB-I-DATA-ENTRY-SW           PIC X.
   179             88  PB-EFF-DT-PROCESSING      VALUE '1' ' '.
   180             88  PB-EXT-DAYS-PROCESSING    VALUE '2'.
   181             88  PB-EXPIRE-DT-PROCESSING   VALUE '3'.
   182             88  PB-1ST-PMT-DT-PROCESSING  VALUE '4'.
   183         16  PB-I-PAYMENT-AMOUNT          PIC S9(7)V99  COMP-3.
   184         16  PB-I-DCC-OVER-CHG-AMT        PIC S9(5)V99  COMP-3.
   185*        16  PB-I-MICROFILM-NO            PIC S9(9)      COMP-3.
   186         16  PB-I-AH-CLP                  PIC S9(5)V99 COMP-3.
   187         16  FILLER                       PIC X.
   188
   189         16  PB-I-LIFE-BENEFIT-CD         PIC XX.
   190             88  PB-VALID-LIFE               VALUE '01' THRU '89'.
   191             88  PB-INVALID-LIFE             VALUE '  ' '00'
   192                                                   '90' THRU '99'.
* Micro Focus Server Express         V5.1 revision 000 06-Oct-15 17:19 Page   6
* PEMPBX3.cbl (/apps/prod/cid1p/copy/ERCPNDB)
   193         16  PB-I-LF-BENEFIT-CD   REDEFINES PB-I-LIFE-BENEFIT-CD
   194                                          PIC XX.
   195         16  PB-I-LF-BENEFIT-AMT          PIC S9(9)V99   COMP-3.
   196         16  PB-I-AMOUNT-FINANCED REDEFINES
   197                  PB-I-LF-BENEFIT-AMT     PIC S9(9)V99   COMP-3.
   198         16  PB-I-LF-ALT-BENEFIT-AMT      PIC S9(9)V99   COMP-3.
   199         16  PB-I-UNPAID-CASH-PRICE REDEFINES
   200                  PB-I-LF-ALT-BENEFIT-AMT PIC S9(9)V99   COMP-3.
   201         16  PB-I-LF-PREMIUM-AMT          PIC S9(7)V99   COMP-3.
   202         16  PB-I-LF-ALT-PREMIUM-AMT      PIC S9(7)V99   COMP-3.
   203         16  PB-I-CLP-AMOUNT REDEFINES
   204                  PB-I-LF-ALT-PREMIUM-AMT PIC S9(7)V99   COMP-3.
   205         16  PB-I-LF-CALC-FLAG            PIC X.
   206             88 PB-COMP-LF-PREM               VALUE '?'.
   207         16  PB-I-LF-PREM-CALC            PIC S9(7)V99   COMP-3.
   208         16  PB-I-LF-ALT-PREM-CALC        PIC S9(7)V99   COMP-3.
   209         16  PB-I-LF-RATE                 PIC S99V9(5)   COMP-3.
   210         16  PB-I-LF-ALT-RATE             PIC S99V9(5)   COMP-3.
   211         16  PB-I-LF-POLICY-FEE           PIC S9(3)V99   COMP-3.
   212         16  PB-I-LF-REI-RATE             PIC S99V9(5)   COMP-3.
   213         16  PB-I-LF-ALT-REI-RATE         PIC S99V9(5)   COMP-3.
   214         16  PB-I-LF-ABBR                 PIC XXX.
   215         16  PB-I-LF-INPUT-CD             PIC XX.
   216
   217         16  PB-I-AH-BENEFIT-CD           PIC XX.
   218             88  PB-VALID-AH                 VALUE '01' THRU '89'.
   219             88  PB-INVALID-AH               VALUE '  ' '00'
   220                                                   '90' THRU '99'.
   221         16  PB-I-AH-BENEFIT-AMT          PIC S9(7)V99   COMP-3.
   222         16  PB-I-AH-PREMIUM-AMT          PIC S9(7)V99   COMP-3.
   223         16  PB-I-AH-CALC-FLAG            PIC X.
   224             88 PB-COMP-AH-PREM                  VALUE '?'.
   225         16  PB-I-AH-PREM-CALC            PIC S9(7)V99   COMP-3.
   226         16  PB-I-AH-RATE                 PIC S99V9(5)   COMP-3.
   227         16  PB-I-AH-POLICY-FEE           PIC S9(3)V99   COMP-3.
   228         16  PB-I-AH-REI-RATE             PIC S99V9(5)   COMP-3.
   229         16  PB-I-AH-RATE-TRM             PIC S999       COMP-3.
   230         16  PB-I-AH-ABBR                 PIC XXX.
   231         16  PB-I-AH-INPUT-CD             PIC XXX.
   232
   233         16  PB-I-SPECIAL-REIN-CODE       PIC X.
   234         16  PB-I-REIN-TABLE              PIC XXX.
   235         16  PB-I-BUSINESS-TYPE           PIC 99.
   236         16  PB-I-INDV-GRP-CD             PIC X.
   237         16  PB-I-MORT-CODE.
   238             20  PB-I-TABLE               PIC X.
   239             20  PB-I-INTEREST            PIC XX.
   240             20  PB-I-MORT-TYP            PIC X.
   241         16  PB-I-LF-CRIT-PER             PIC S9(3)      COMP-3.
   242         16  PB-I-AH-CRIT-PER             PIC S9(3)      COMP-3.
   243         16  PB-I-LF-CLP                  PIC S9(5)V99   COMP-3.
   244         16  PB-I-INDV-GRP-OVRD           PIC X.
   245         16  PB-I-RATE-CLASS-OVRD         PIC XX.
   246         16  PB-I-SIG-SW                  PIC X.
   247             88  PB-POLICY-SIGNED             VALUE 'Y'.
   248         16  PB-I-RATE-CLASS              PIC XX.
   249         16  PB-I-RATE-DEVIATION-LF       PIC XXX.
   250         16  PB-I-RATE-DEVIATION-AH       PIC XXX.
* Micro Focus Server Express         V5.1 revision 000 06-Oct-15 17:19 Page   7
* PEMPBX3.cbl (/apps/prod/cid1p/copy/ERCPNDB)
   251         16  PB-I-RATE-DEV-PCT-LF         PIC S9V9(6)    COMP-3.
   252         16  PB-I-RATE-DEV-PCT-AH         PIC S9V9(6)    COMP-3.
   253         16  PB-I-LIFE-COMMISSION         PIC SV9(5)     COMP-3.
   254         16  PB-I-JOINT-COMMISSION        PIC SV9(5)     COMP-3.
   255         16  PB-I-AH-COMMISSION           PIC SV9(5)     COMP-3.
   256         16  PB-I-BENEFIT-TYPE            PIC XXX.
   257         16  PB-I-OB-FLAG                 PIC X.
   258             88  PB-I-OB                      VALUE 'B'.
   259             88  PB-I-SUMMARY                 VALUE 'Z'.
   260         16  PB-I-ENTRY-STATUS            PIC X.
   261             88  PB-I-POLICY-IS-ACTIVE        VALUE '1' '3' '4'
   262                                              'M' '5' '9' '2'.
   263             88  PB-I-NORMAL-ENTRY            VALUE '1'.
   264             88  PB-I-POLICY-PENDING          VALUE '2'.
   265             88  PB-I-CONVERSION-ENTRY        VALUE '4'.
   266             88  PB-I-POLICY-IS-REISSUE       VALUE '5'.
   267             88  PB-I-POLICY-IS-CASH          VALUE 'C'.
   268             88  PB-I-POLICY-IS-MONTHLY       VALUE 'M'.
   269             88  PB-I-REIN-ONLY               VALUE '9'.
   270             88  PB-I-POLICY-IS-DECLINED      VALUE 'D'.
   271             88  PB-I-POLICY-IS-VOIDED        VALUE 'V'.
   272             88  PB-I-PREM-ACCTNG-ONLY        VALUE 'P'.
   273             88  PB-I-UNDERWRITE-POLICY       VALUE 'U'.
   274         16  PB-I-INT-CODE                PIC X.
   275             88  PB-ADD-ON-INTEREST           VALUE 'A'.
   276             88  PB-SIMPLE-INTEREST           VALUE 'S'.
   277         16  PB-I-LOAN-APR                PIC 9(3)V9(4)   COMP-3.
   278         16  PB-I-SOC-SEC-NO              PIC X(11).
   279         16  PB-I-MEMBER-NO               PIC X(12).
   280         16  PB-I-CURR-SEQ                PIC S9(4)       COMP.
   281*        16  PB-I-LOAN-OFFICER            PIC XXX.
   282         16  PB-I-OLD-LOF                 PIC XXX.
   283         16  PB-I-LF-EXPIRE-DT            PIC XX.
   284         16  PB-I-AH-EXPIRE-DT            PIC XX.
   285         16  PB-I-EXTENTION-DAYS          PIC S999        COMP-3.
   286         16  PB-I-TERM-IN-DAYS            PIC S9(5)       COMP-3.
   287         16  PB-I-LIFE-INDICATOR          PIC X.
   288             88  PB-I-JOINT-COVERAGE         VALUE 'J'.
   289         16  PB-I-LIVES                   PIC S9(7)       COMP-3.
   290         16  PB-I-DDF-IU-RATE-UP REDEFINES PB-I-LIVES
   291                                          PIC S9(5)V99    COMP-3.
   292         16  PB-I-MAIL-ADDRS-SW           PIC X.
   293             88 PB-I-MAIL-ADDRS-NOT-PRESENT  VALUE ' '.
   294             88 PB-I-MAIL-ADDRS-PRESENT      VALUE '1'.
   295         16  PB-I-1ST-PMT-DT              PIC XX.
   296         16  PB-I-JOINT-INSURED.
   297             20 PB-I-JOINT-LAST-NAME      PIC X(15).
   298             20 PB-I-JOINT-FIRST-NAME.
   299                24  PB-I-JOINT-FIRST-INIT PIC X.
   300                24  FILLER                PIC X(9).
   301             20 PB-I-JOINT-MIDDLE-INIT    PIC X.
   302*        16  PB-I-BENEFICIARY-NAME        PIC X(25).
   303         16  PB-I-BENEFICIARY-NAME.
   304             20  PB-I-BANK-NUMBER         PIC X(10).
   305             20  FILLER                   PIC X(15).
   306         16  PB-I-LAST-ADD-ON-DT          PIC XX.
   307         16  PB-I-REFERENCE               PIC X(12).
   308         16  FILLER REDEFINES PB-I-REFERENCE.
* Micro Focus Server Express         V5.1 revision 000 06-Oct-15 17:19 Page   8
* PEMPBX3.cbl (/apps/prod/cid1p/copy/ERCPNDB)
   309             20  PB-I-TOT-FEES            PIC S9(7)V99 COMP-3.
   310             20  PB-I-TOT-FEES-CALC       PIC S9(7)V99 COMP-3.
   311             20  PB-I-CLP-STATE           PIC XX.
   312         16  PB-I-UNDERWRITING-STATUS     PIC X.
   313             88  PB-I-POLICY-ACCEPTED         VALUE 'A' 'N'.
   314             88  PB-I-POLICY-DECLINED         VALUE 'D'.
   315             88  PB-I-NEEDS-UNDERWRITING      VALUE 'U'.
   316         16  PB-I-STATE-TAX               PIC S9(7)V99 COMP-3.
   317         16  PB-I-MUNI-TAX                PIC S9(7)V99 COMP-3.
   318         16  PB-I-RESIDENT-STATE          PIC XX.
   319         16  PB-I-RATE-CODE               PIC X(4).
   320         16  PB-I-NUM-BILLED              PIC S9(7)    COMP-3.
   321         16  PB-I-LF-PREM-TAX             PIC S9V9(4)  COMP-3.
   322         16  PB-I-AH-PREM-TAX             PIC S9V9(4)  COMP-3.
   323         16  PB-I-BANK-FEE                PIC S999V99  COMP-3.
   324         16  PB-I-BANK-NOCHRGB            PIC 99.
   325         16  PB-I-ADDL-CLP                PIC S9(5)V99 COMP-3.
   326         16  PB-I-JOINT-BIRTHDAY          PIC XX.
   327
   328     12  PB-CANCEL-RECORD   REDEFINES PB-RECORD-BODY.
   329         16  PB-C-LF-CANCEL-VOID-SW       PIC X.
   330             88  PB-C-LF-CANCEL-VOIDED        VALUE '1'.
   331         16  PB-C-CANCEL-ORIGIN           PIC X.
   332             88  PB-C-CLAIM-CREATED-CANCEL   VALUE '1'.
   333         16  PB-C-LF-CANCEL-DT            PIC XX.
   334         16  PB-C-LF-CANCEL-AMT           PIC S9(7)V99    COMP-3.
   335         16  PB-C-LF-CALC-REQ             PIC X.
   336             88 PB-COMP-LF-CANCEL            VALUE '?'.
   337         16  PB-C-LF-REF-CALC             PIC S9(7)V99    COMP-3.
   338         16  PB-C-LF-REM-TERM             PIC S9(3)       COMP-3.
   339         16  PB-C-AH-CANCEL-VOID-SW       PIC X.
   340             88  PB-C-AH-CANCEL-VOIDED        VALUE '1'.
   341         16  PB-C-AH-CANCEL-DT            PIC XX.
   342         16  PB-C-AH-CANCEL-AMT           PIC S9(7)V99    COMP-3.
   343         16  PB-C-AH-CALC-REQ             PIC X.
   344             88 PB-COMP-AH-CANCEL            VALUE '?'.
   345         16  PB-C-AH-REF-CALC             PIC S9(7)V99    COMP-3.
   346         16  PB-C-AH-REM-TERM             PIC S9(3)       COMP-3.
   347         16  PB-C-LAST-NAME               PIC X(15).
   348         16  PB-C-REFUND-SW               PIC X.
   349             88  PB-C-REFUND-CREATED          VALUE 'Y'.
   350             88  PB-C-REFUND-REQUESTED        VALUE 'R'.
   351         16  PB-C-LIVES                   PIC S9(3)       COMP-3.
   352         16  PB-C-PAYEE-CODE              PIC X(6).
   353         16  PB-C-LF-REFUND-OVERRIDE      PIC X.
   354         16  PB-C-AH-REFUND-OVERRIDE      PIC X.
   355         16  PB-C-LF-COMM-CHARGEBACK      PIC X.
   356         16  PB-C-AH-COMM-CHARGEBACK      PIC X.
   357         16  PB-C-REFERENCE               PIC X(12).
   358         16  PB-C-LF-PREM-TAX             PIC S9V9(4)  COMP-3.
   359         16  PB-C-AH-PREM-TAX             PIC S9V9(4)  COMP-3.
   360         16  PB-C-POST-CARD-IND           PIC X.
   361         16  PB-C-CANCEL-REASON           PIC X.
   362         16  PB-C-REF-INTERFACE-SW        PIC X.
   363         16  PB-C-LF-RFND-CLP             PIC S9(5)V99 COMP-3.
   364         16  PB-C-AH-RFND-CLP             PIC S9(5)V99 COMP-3.
   365         16  FILLER                       PIC X(01).
   366*        16  FILLER                       PIC X(18).
* Micro Focus Server Express         V5.1 revision 000 06-Oct-15 17:19 Page   9
* PEMPBX3.cbl (/apps/prod/cid1p/copy/ERCPNDB)
   367         16  PB-C-POLICY-FORM-NO          PIC X(12).
   368*        16  PB-C-MICROFILM-NO            PIC S9(9)      COMP-3.
   369         16  PB-C-NH-INT-ON-REFS          PIC S9(7)V99   COMP-3.
   370         16  PB-CANCELED-CERT-DATA.
   371             20  PB-CI-INSURED-NAME.
   372                 24  PB-CI-LAST-NAME      PIC X(15).
   373                 24  PB-CI-INITIALS       PIC XX.
   374             20  PB-CI-INSURED-AGE        PIC S99         COMP-3.
   375             20  PB-CI-INSURED-SEX        PIC X.
   376             20  PB-CI-LF-TERM            PIC S999        COMP-3.
   377             20  PB-CI-LF-BENEFIT-CD      PIC XX.
   378             20  PB-CI-LF-BENEFIT-AMT     PIC S9(9)V99    COMP-3.
   379             20  PB-CI-LF-ALT-BENEFIT-AMT PIC S9(9)V99    COMP-3.
   380             20  PB-CI-LF-PREMIUM-AMT     PIC S9(7)V99    COMP-3.
   381             20  PB-CI-LF-ALT-PREMIUM-AMT PIC S9(7)V99    COMP-3.
   382             20  PB-CI-AH-TERM            PIC S999        COMP-3.
   383             20  PB-CI-AH-BENEFIT-CD      PIC XX.
   384             20  PB-CI-AH-BENEFIT-AMT     PIC S9(7)V99    COMP-3.
   385             20  PB-CI-AH-PREMIUM-AMT     PIC S9(7)V99    COMP-3.
   386             20  PB-CI-RATE-CLASS         PIC XX.
   387             20  PB-CI-RATE-DEV-LF        PIC XXX.
   388             20  PB-CI-RATE-DEV-AH        PIC XXX.
   389             20  PB-CI-RATE-DEV-PCT-LF    PIC S9V9(6)     COMP-3.
   390             20  PB-CI-RATE-DEV-PCT-AH    PIC S9V9(6)     COMP-3.
   391             20  PB-CI-LIFE-COMMISSION    PIC SV9(5)      COMP-3.
   392             20  PB-CI-AH-COMMISSION      PIC SV9(5)      COMP-3.
   393             20  PB-CI-LF-ABBR            PIC X(3).
   394             20  PB-CI-AH-ABBR            PIC X(3).
   395             20  PB-CI-OB-FLAG            PIC X.
   396                 88  PB-CI-OB                VALUE 'B'.
   397             20  PB-CI-LF-POLICY-STATUS   PIC X.
   398                 88  PB-CI-LF-POLICY-IS-ACTIVE       VALUE '1' '3'
   399                                           'M' '4' '5' '9' '2'.
   400                 88  PB-CI-LF-NORMAL-ENTRY           VALUE '1'.
   401                 88  PB-CI-LF-POLICY-PENDING         VALUE '2'.
   402                 88  PB-CI-LF-POLICY-IS-RESTORE      VALUE '3'.
   403                 88  PB-CI-LF-CONVERSION-ENTRY       VALUE '4'.
   404                 88  PB-CI-LF-POLICY-IS-REISSUE      VALUE '5'.
   405                 88  PB-CI-LF-POLICY-IS-CASH         VALUE 'C'.
   406                 88  PB-CI-LF-POLICY-IS-MONTHLY      VALUE 'M'.
   407                 88  PB-CI-LF-LUMP-SUM-DISAB         VALUE '6'.
   408                 88  PB-CI-LF-DEATH-CLAIM-APPLIED    VALUE '7'.
   409                 88  PB-CI-LF-CANCEL-APPLIED         VALUE '8'.
   410                 88  PB-CI-LF-REIN-ONLY              VALUE '9'.
   411                 88  PB-CI-LF-POLICY-IS-DECLINED     VALUE 'D'.
   412                 88  PB-CI-LF-POLICY-IS-VOID         VALUE 'V'.
   413             20  PB-CI-AH-POLICY-STATUS   PIC X.
   414                 88  PB-CI-AH-POLICY-IS-ACTIVE       VALUE '1' '3'
   415                                           'M' '4' '5' '9' '2'.
   416                 88  PB-CI-AH-NORMAL-ENTRY           VALUE '1'.
   417                 88  PB-CI-AH-POLICY-PENDING         VALUE '2'.
   418                 88  PB-CI-AH-POLICY-IS-RESTORE      VALUE '3'.
   419                 88  PB-CI-AH-CONVERSION-ENTRY       VALUE '4'.
   420                 88  PB-CI-AH-POLICY-IS-REISSUE      VALUE '5'.
   421                 88  PB-CI-AH-POLICY-IS-CASH         VALUE 'C'.
   422                 88  PB-CI-AH-POLICY-IS-MONTHLY      VALUE 'M'.
   423                 88  PB-CI-AH-LUMP-SUM-DISAB         VALUE '6'.
   424                 88  PB-CI-AH-DEATH-CLAIM-APPLIED    VALUE '7'.
* Micro Focus Server Express         V5.1 revision 000 06-Oct-15 17:19 Page  10
* PEMPBX3.cbl (/apps/prod/cid1p/copy/ERCPNDB)
   425                 88  PB-CI-AH-CANCEL-APPLIED         VALUE '8'.
   426                 88  PB-CI-AH-REIN-ONLY              VALUE '9'.
   427                 88  PB-CI-AH-POLICY-IS-DECLINED     VALUE 'D'.
   428                 88  PB-CI-AH-POLICY-IS-VOID         VALUE 'V'.
   429             20  PB-CI-PAY-FREQUENCY      PIC 99.
   430             20  PB-CI-LOAN-APR           PIC 9(3)V9(4)   COMP-3.
   431             20  PB-CI-SOC-SEC-NO         PIC X(11).
   432             20  PB-CI-MEMBER-NO          PIC X(12).
   433             20  PB-CI-INT-CODE           PIC X.
   434                 88  PB-CI-ADD-ON                  VALUE 'A'.
   435                 88  PB-CI-SIMPLE                  VALUE 'S'.
   436             20  PB-CI-LOAN-TERM          PIC S999        COMP-3.
   437             20  PB-CI-LOAN-1ST-PMT-DT    PIC X(2).
   438             20  PB-CI-COMP-EXCP-SW       PIC X.
   439                 88  PB-CI-NO-COMP-EXCP            VALUE ' '.
   440                 88  PB-CI-CERT-HAS-ERCOMM-ENTRY   VALUE '1'.
   441             20  PB-CI-ENTRY-STATUS       PIC X.
   442             20  PB-CI-CURR-SEQ           PIC S9(4)       COMP.
   443             20  PB-CI-AH-PAID-THRU-DT    PIC XX.
   444             20  PB-CI-AH-SETTLEMENT-DT   PIC XX.
   445             20  PB-CI-DEATH-DT           PIC XX.
   446             20  PB-CI-LF-PRIOR-CANCEL-DT PIC XX.
   447             20  PB-CI-AH-PRIOR-CANCEL-DT PIC XX.
   448             20  PB-CI-AH-CANCEL-AMT      PIC S9(7)V99    COMP-3.
   449             20  PB-CI-LF-CANCEL-AMT      PIC S9(7)V99    COMP-3.
   450             20  PB-CI-CREDIT-INTERFACE-SW-1 PIC X.
   451             20  PB-CI-CREDIT-INTERFACE-SW-2 PIC X.
   452             20  PB-CI-ENTRY-DT              PIC XX.
   453             20  PB-CI-ENTRY-BATCH           PIC X(6).
   454             20  PB-CI-LF-EXPIRE-DT          PIC XX.
   455             20  PB-CI-AH-EXPIRE-DT          PIC XX.
   456             20  PB-CI-EXTENTION-DAYS        PIC S999     COMP-3.
   457             20  PB-CI-TERM-IN-DAYS          PIC S9(5)    COMP-3.
   458             20  PB-CI-OLD-LOF               PIC XXX.
   459*            20  PB-CI-LOAN-OFFICER          PIC XXX.
   460             20  PB-CI-LIVES                 PIC S9(3)    COMP-3.
   461             20  PB-CI-LF-CRIT-PER           PIC S9(3)    COMP-3.
   462             20  PB-CI-AH-CRIT-PER           PIC S9(3)    COMP-3.
   463             20  PB-CI-INDV-GRP-CD           PIC X.
   464             20  PB-CI-BENEFICIARY-NAME.
   465                 24  PB-CI-BANK-NUMBER       PIC X(10).
   466                 24  FILLER                  PIC X(15).
   467             20  PB-CI-NOTE-SW               PIC X.
   468             20  PB-CI-CANCEL-FEE            PIC S9(3)V99 COMP-3.
   469             20  PB-CI-MUNI-TAX              PIC S9(7)V99 COMP-3.
   470             20  PB-CI-STATE-TAX             PIC S9(7)V99 COMP-3.
   471             20  PB-CI-ADDL-CLP              PIC S9(5)V99 COMP-3.
   472             20  PB-CI-LOAN-OFFICER          PIC X(5).
   473             20  PB-CI-BOW-LOAN-NUMBER       PIC X(14).
   474             20  PB-CI-FIRST-NAME            PIC X(10).
   475             20  PB-CI-DDF-IU-RATE-UP        PIC S9(5)V99 COMP-3.
   476
   477         16  FILLER                       PIC X(13).
   478*032306  16  FILLER                       PIC X(27).
   479*        16  FILLER                       PIC X(46).
   480
   481     12  PB-MAIL-RECORD    REDEFINES PB-RECORD-BODY.
   482         16  FILLER                       PIC X(10).
* Micro Focus Server Express         V5.1 revision 000 06-Oct-15 17:19 Page  11
* PEMPBX3.cbl (/apps/prod/cid1p/copy/ERCPNDB)
   483         16  PB-M-INSURED-LAST-NAME       PIC X(15).
   484         16  PB-M-INSURED-FIRST-NAME      PIC X(10).
   485         16  PB-M-INSURED-MID-INIT        PIC X.
   486         16  PB-M-INSURED-AGE             PIC 99.
   487         16  PB-M-INSURED-BIRTHDAY        PIC XX.
   488         16  PB-M-INSURED-SEX             PIC X.
   489         16  PB-M-INSURED-SOC-SEC-NO      PIC X(11).
   490         16  PB-M-INSURED-ADDRESS-1       PIC X(30).
   491         16  PB-M-INSURED-ADDRESS-2       PIC X(30).
   492         16  PB-M-INSURED-CITY-STATE.
   493             20  PB-M-INSURED-CITY        PIC X(28).
   494             20  PB-M-INSURED-STATE       PIC XX.
   495         16  PB-M-INSURED-ZIP-CODE.
   496             20  PB-M-INSURED-ZIP-PRIME.
   497                 24  PB-M-INSURED-ZIP-1   PIC X.
   498                     88  PB-M-CANADIAN-POST-CODE
   499                                             VALUE 'A' THRU 'Z'.
   500                 24  FILLER               PIC X(4).
   501             20  PB-M-INSURED-ZIP-PLUS4   PIC X(4).
   502         16  PB-M-INSURED-CANADIAN-ZIP  REDEFINES
   503                                        PB-M-INSURED-ZIP-CODE.
   504             20  PM-M-INS-CAN-POST1       PIC XXX.
   505             20  PM-M-INS-CAN-POST2       PIC XXX.
   506             20  FILLER                   PIC XXX.
   507         16  PB-M-INSURED-PHONE-NO        PIC 9(10).
   508         16  PB-M-JOINT-BIRTHDAY          PIC XX.
   509         16  PB-M-CRED-BENE-NAME          PIC X(30).
   510         16  PB-M-CRED-BENE-ADDR1         PIC X(30).
   511         16  PB-M-CRED-BENE-ADDR2         PIC X(30).
   512         16  PB-M-CRED-BENE-CITYST.
   513             20  PB-M-CRED-BENE-CITY      PIC X(28).
   514             20  PB-M-CRED-BENE-STATE     PIC XX.
   515
   516         16  FILLER                       PIC X(92).
   517
   518     12  PB-BATCH-RECORD   REDEFINES PB-RECORD-BODY.
   519         16  FILLER                       PIC X(10).
   520         16  PB-B-LF-ISS-PRM-REMITTED     PIC S9(9)V99 COMP-3.
   521         16  PB-B-LF-ISS-PRM-ENTERED      PIC S9(9)V99 COMP-3.
   522         16  PB-B-LF-ISS-PRM-COMPUTED     PIC S9(9)V99 COMP-3.
   523         16  PB-B-LF-CAN-PRM-REMITTED     PIC S9(9)V99 COMP-3.
   524         16  PB-B-LF-CAN-PRM-ENTERED      PIC S9(9)V99 COMP-3.
   525         16  PB-B-LF-CAN-PRM-COMPUTED     PIC S9(9)V99 COMP-3.
   526         16  PB-B-AH-ISS-PRM-REMITTED     PIC S9(9)V99 COMP-3.
   527         16  PB-B-AH-ISS-PRM-ENTERED      PIC S9(9)V99 COMP-3.
   528         16  PB-B-AH-ISS-PRM-COMPUTED     PIC S9(9)V99 COMP-3.
   529         16  PB-B-AH-CAN-PRM-REMITTED     PIC S9(9)V99 COMP-3.
   530         16  PB-B-AH-CAN-PRM-ENTERED      PIC S9(9)V99 COMP-3.
   531         16  PB-B-AH-CAN-PRM-COMPUTED     PIC S9(9)V99 COMP-3.
   532         16  PB-B-ISSUE-CNT-REMITTED      PIC S9(5)    COMP-3.
   533         16  PB-B-ISSUE-CNT-ENTERED       PIC S9(5)    COMP-3.
   534         16  PB-B-CANCEL-CNT-REMITTED     PIC S9(5)    COMP-3.
   535         16  PB-B-CANCEL-CNT-ENTERED      PIC S9(5)    COMP-3.
   536         16  PB-B-HIGHEST-SEQ-NO          PIC S9(4)    COMP.
   537         16  PB-ACCOUNT-NAME              PIC X(30).
   538         16  PB-PREM-REF-RPT-FLAG         PIC X.
   539         16  PB-REFERENCE                 PIC X(12).
   540         16  PB-B-RECEIVED-DT             PIC XX.
* Micro Focus Server Express         V5.1 revision 000 06-Oct-15 17:19 Page  12
* PEMPBX3.cbl (/apps/prod/cid1p/copy/ERCPNDB)
   541         16  FILLER                       PIC X(234).
   542
   543     12  PB-RECORD-STATUS.
   544         16  PB-CREDIT-SELECT-DT          PIC XX.
   545         16  PB-CREDIT-ACCEPT-DT          PIC XX.
   546         16  PB-BILLED-DT                 PIC XX.
   547         16  PB-BILLING-STATUS            PIC X.
   548             88  PB-ENTRY-REVERSED            VALUE 'R'.
   549             88  PB-EL860-INTERNAL-ERROR      VALUE 'E'.
   550             88  PB-EL860-INTERNAL-PROCESS    VALUE 'P'.
   551         16  PB-RECORD-BILL               PIC X.
   552             88  PB-RECORD-ON-HOLD            VALUE 'H'.
   553             88  PB-RECORD-RETURNED           VALUE 'R'.
   554             88  PB-RECORD-ENDORSED           VALUE 'E'.
   555             88  PB-OVERRIDE-LIFE             VALUE 'L'.
   556             88  PB-OVERRIDE-AH               VALUE 'A'.
   557             88  PB-OVERRIDE-BOTH             VALUE 'B'.
   558         16  PB-BATCH-ENTRY               PIC X.
   559             88  PB-POLICY-IS-DECLINED        VALUE 'D'.
   560             88  PB-REIN-ONLY-CERT            VALUE 'R'.
   561             88  PB-REISSUED-CERT             VALUE 'E'.
   562             88  PB-CASH-CERT                 VALUE 'C'.
   563             88  PB-MONTHLY-CERT              VALUE 'M'.
   564             88  PB-PREM-ACCTNG-ONLY          VALUE 'P'.
   565             88  PB-NEEDS-UNDERWRITING        VALUE 'U'.
   566             88  PB-POLICY-IS-VOIDED          VALUE 'V'.
   567         16  PB-FORCE-CODE                PIC X.
   568             88  PB-FORCE-OFF                 VALUE ' ' '0'.
   569             88  PB-ISSUE-FORCE               VALUE 'A' 'O'.
   570             88  PB-CANCEL-FORCE              VALUE '8'.
   571             88  PB-ALL-ISSUE-FORCED          VALUE 'A' 'O'.
   572             88  PB-ALL-CANCEL-FORCED         VALUE '8'.
   573             88  PB-ALL-CANCEL-FORCED-NO-FEE  VALUE '9'.
   574             88  PB-CANCEL-DATE-FORCED        VALUE 'D'.
   575             88  PB-CANCEL-DATE-FORCED-NO-FEE VALUE 'E'.
   576             88  PB-ISSUE-DATE-FORCED         VALUE 'D'.
   577             88  PB-OVERCHARGE-FORCE          VALUE 'O'.
   578         16  PB-FATAL-FLAG                PIC X.
   579             88  PB-FATAL-ERRORS              VALUE 'X'.
   580         16  PB-FORCE-ER-CD               PIC X.
   581             88  PB-FORCE-ERRORS              VALUE 'F'.
   582             88  PB-UNFORCED-ERRORS           VALUE 'X'.
   583         16  PB-WARN-ER-CD                PIC X.
   584             88  PB-WARNING-ERRORS            VALUE 'W'.
   585         16  FILLER                       PIC X.
   586         16  PB-OUT-BAL-CD                PIC X.
   587             88  PB-OUT-OF-BAL                VALUE 'O'.
   588         16  PB-LIFE-OVERRIDE-L1          PIC X.
   589         16  PB-AH-OVERRIDE-L1            PIC X.
   590         16  PB-INPUT-DT                  PIC XX.
   591         16  PB-INPUT-BY                  PIC X(4).
   592         16  PB-CHG-COUNT                 PIC 9(3)        COMP-3.
   593         16  PB-CALC-TOLERANCE            PIC 9(3)V99     COMP-3.
   594         16  PB-TOLERANCE-REJECT-SW       PIC X.
   595         16  PB-LF-EARNING-METHOD         PIC X.
   596         16  PB-AH-EARNING-METHOD         PIC X.
   597         16  PB-LF-TERM-CALC-METHOD       PIC X.
   598         16  PB-AH-TERM-CALC-METHOD       PIC X.
* Micro Focus Server Express         V5.1 revision 000 06-Oct-15 17:19 Page  13
* PEMPBX3.cbl (/apps/prod/cid1p/copy/ERCPNDB)
   599         16  PB-REIN-CD                   PIC XXX.
   600         16  PB-LF-REFUND-TYPE            PIC X.
   601         16  PB-AH-REFUND-TYPE            PIC X.
   602         16  PB-ACCT-EFF-DT               PIC XX.
   603         16  PB-ACCT-EXP-DT               PIC XX.
   604         16  PB-COMPANY-ID                PIC X(3).
   605         16  PB-LF-BILLED-AMTS            PIC S9(7)V99  COMP-3.
   606         16  PB-AH-BILLED-AMTS            PIC S9(7)V99  COMP-3.
   607         16  PB-SV-CARRIER                PIC X.
   608         16  PB-SV-GROUPING               PIC X(6).
   609         16  PB-SV-STATE                  PIC XX.
   610         16  PB-CONFIRMATION-REPT-DT      PIC XX.
   611         16  PB-GA-BILLING-INFO.
   612             20  PB-GA-BILL-DT OCCURS 5 TIMES
   613                                          PIC XX.
   614         16  PB-SV-REMIT-TO  REDEFINES
   615             PB-GA-BILLING-INFO           PIC X(10).
   616         16  PB-NO-OF-ERRORS              PIC S9(3) COMP-3.
   617         16  PB-I-LOAN-OFFICER            PIC X(5).
   618         16  PB-I-VIN                     PIC X(17).
   619
   620         16  FILLER                       PIC X(04).
   621         16  IMNET-BYPASS-SW              PIC X.
   622
   623******************************************************************
   624*                COMMON EDIT ERRORS                              *
   625******************************************************************
   626
   627     12  PB-COMMON-ERRORS.
   628         16  PB-COMMON-ERROR    OCCURS 10 TIMES
   629                                           PIC S9(4)     COMP.
   630
   631******************************************************************
   632
   633 FD  ERPNDB-OUT
   634     RECORDING MODE F
   635     LABEL RECORDS STANDARD
   636     BLOCK CONTAINS 0 RECORDS.
   637
   638 01  ERPNDB-OUT-REC              PIC X(630).
   639
* Micro Focus Server Express         V5.1 revision 000 06-Oct-15 17:19 Page  14
* PEMPBX3.cbl
   641
   642 WORKING-STORAGE SECTION.
   643 77  FILLER  PIC X(32) VALUE '********************************'.
   644 77  FILLER  PIC X(32) VALUE '   PEMPBX3  WORKING STORAGE     '.
   645 77  FILLER  PIC X(32) VALUE '********************************'.
   646
   647 77  WS-EOF-SW               PIC X VALUE SPACES.
   648     88  END-OF-ERPNDB             VALUE 'Y'.
   649 77  ERPNDB-RECS-IN             PIC 9(9) VALUE ZEROS.
   650 77  ERPNDB-RECS-OUT            PIC 9(9) VALUE ZEROS.
   651 77  SUB1                    PIC S9(5) VALUE +0 COMP-3.
   652
   653 01  ERPNDB-DETAIL-RECORD.
   654     12  EX-BATCH-NO             PIC X(6).
   655     12  EX-TABA                 PIC X.
   656     12  EX-CARRIER              PIC X.
   657     12  EX-TAB1                 PIC X.
   658     12  EX-GROUPING             PIC X(6).
   659     12  EX-TAB2                 PIC X.
   660     12  EX-STATE                PIC XX.
   661     12  EX-TAB3                 PIC X.
   662     12  EX-ACCOUNT              PIC X(10).
   663     12  EX-TAB4                 PIC X.
   664     12  EX-CERT-EFF-DT          PIC X(10).
   665     12  EX-TAB5                 PIC X.
   666     12  EX-CERT-NO              PIC X(11).
   667     12  EX-TAB6                 PIC X.
   668     12  EX-INSURED-LAST-NAME    PIC X(15).
   669     12  EX-TAB7                 PIC X.
   670     12  EX-LF-BENEFIT-CD        PIC XX.
   671     12  EX-TAB8                 PIC X.
   672     12  EX-LF-ORIG-TERM         PIC 999.
   673     12  EX-TAB9                 PIC X.
   674     12  EX-LF-BENEFIT-AMT       PIC -9(9).99.
   675     12  EX-TAB10                PIC X.
   676     12  EX-LF-PREMIUM-AMT       PIC -9(7).99.
   677     12  EX-TAB11                PIC X.
   678     12  EX-LF-ITD-CANCEL-AMT    PIC -9(7).99.
   679     12  EX-TAB12                PIC X.
   680     12  EX-LF-CALC-CANCEL       PIC -9(7).99.
   681     12  EX-TAB12A               PIC X.
   682     12  EX-AH-BENEFIT-CD        PIC XX.
   683     12  EX-TAB13                PIC X.
   684     12  EX-AH-ORIG-TERM         PIC 999.
   685     12  EX-TAB14                PIC X.
   686     12  EX-AH-BENEFIT-AMT       PIC -9(7).99.
   687     12  EX-TAB15                PIC X.
   688     12  EX-AH-PREMIUM-AMT       PIC -9(7).99.
   689     12  EX-TAB16                PIC X.
   690     12  EX-AH-ITD-CANCEL-AMT    PIC -9(7).99.
   691     12  EX-TAB17                PIC X.
   692     12  EX-AH-CALC-CANCEL       PIC -9(7).99.
   693     12  EX-TAB17A               PIC X.
   694     12  EX-LF-LOAN-EXPIRE-DT    PIC X(10).
   695     12  EX-TAB18                PIC X.
   696     12  EX-AH-LOAN-EXPIRE-DT    PIC X(10).
   697     12  EX-TAB19                PIC X.
   698     12  EX-ENTRY-DT             PIC X(10).
* Micro Focus Server Express         V5.1 revision 000 06-Oct-15 17:19 Page  15
* PEMPBX3.cbl
   699     12  EX-TAB20                PIC X.
   700     12  EX-LF-CANCEL-DT         PIC X(10).
   701     12  EX-TAB21                PIC X.
   702     12  EX-AH-CANCEL-DT         PIC X(10).
   703     12  EX-TAB22                PIC X.
   704     12  EX-JOINT-BIRTHDATE      PIC X(10).
   705     12  EX-TAB23                PIC X.
   706     12  EX-JOINT-AGE            PIC 99.
   707     12  EX-TAB24                PIC X.
   708     12  EX-FORCE                PIC X(10).
   709     12  EX-TAB25                PIC X.
   710     12  EX-ERRORS1              PIC X(4).
   711     12  EX-COM1                 PIC X.
   712     12  EX-ERRORS2              PIC X(4).
   713     12  EX-COM2                 PIC X.
   714     12  EX-ERRORS3              PIC X(4).
   715     12  EX-COM3                 PIC X.
   716     12  EX-ERRORS4              PIC X(4).
   717     12  EX-COM4                 PIC X.
   718     12  EX-ERRORS5              PIC X(4).
   719     12  EX-COM5                 PIC X.
   720     12  EX-ERRORS6              PIC X(4).
   721     12  EX-COM6                 PIC X.
   722     12  EX-ERRORS7              PIC X(4).
   723     12  EX-COM7                 PIC X.
   724     12  EX-ERRORS8              PIC X(4).
   725     12  EX-COM8                 PIC X.
   726     12  EX-ERRORS9              PIC X(4).
   727     12  EX-COM9                 PIC X.
   728     12  EX-ERRORS10             PIC X(4).
   729     12  EX-TAB26                PIC X.
   730     12  EX-FATAL-FLAG           PIC X.
   731     12  EX-TAB27                PIC X.
   732     12  EX-FORCE-FLAG           PIC X.
   733     12  EX-TAB28                PIC X.
   734     12  EX-EOR                  PIC X.
   735
   736******************************************************************
   737 01  WS-MISC.
   738     05  WS-SAVE-ERPNDB          PIC X(330) VALUE LOW-VALUES.
   739     05  ERPNDB-FILE-STATUS      PIC XX    VALUE ZEROS.
   740     05  WS-DATE                 PIC 9(11) VALUE ZEROS.
   741
*  742                                 COPY ELCDATE.
   743******************************************************************06/11/98
   744*                                                                *ELCDATE
   745*                                                                *ELCDATE
   746*                            ELCDATE.                            *   LV023
   747*           COPYBOOK REVIEWED FOR YEAR 2000 COMPLIANCE               CL*16
   748*                            VMOD=2.003                           ELCDATE
   749*                                                                *ELCDATE
   750*                                                                *ELCDATE
   751*   DESCRIPTION:  DATA PASSED TO DATE CONVERSION ROUTINE.        *ELCDATE
   752*                 LENGTH = 200                                   *   CL*19
   753******************************************************************ELCDATE
   754                                                                  ELCDATE
   755 01  DATE-CONVERSION-DATA.                                        ELCDATE
   756     12  DC-COMM-LENGTH                PIC S9(4) COMP VALUE +200.    CL*19
* Micro Focus Server Express         V5.1 revision 000 06-Oct-15 17:19 Page  16
* PEMPBX3.cbl (/apps/prod/cid1p/copy/ELCDATE)
   757     12  DC-OPTION-CODE                PIC X.                        CL*15
   758         88  BIN-TO-GREG                VALUE ' '.                ELCDATE
   759         88  ELAPSED-BETWEEN-BIN        VALUE '1'.                ELCDATE
   760         88  EDIT-GREG-TO-BIN           VALUE '2'.                ELCDATE
   761         88  YMD-GREG-TO-BIN            VALUE '3'.                ELCDATE
   762         88  MDY-GREG-TO-BIN            VALUE '4'.                ELCDATE
   763         88  JULIAN-TO-BIN              VALUE '5'.                ELCDATE
   764         88  BIN-PLUS-ELAPSED           VALUE '6'.                ELCDATE
   765         88  FIND-CENTURY               VALUE '7'.                   CL*22
   766         88  ELAPSED-BETWEEN-BIN-3      VALUE '8'.                ELCDATE
   767         88  EDIT-GREG-TO-BIN-3         VALUE '9'.                ELCDATE
   768         88  YMD-GREG-TO-BIN-3          VALUE 'A'.                ELCDATE
   769         88  MDY-GREG-TO-BIN-3          VALUE 'B'.                ELCDATE
   770         88  JULIAN-TO-BIN-3            VALUE 'C'.                ELCDATE
   771         88  BIN-PLUS-ELAPSED-3         VALUE 'D'.                ELCDATE
   772         88  JULIAN-EXPANDED-TO-BIN     VALUE 'E'.                   CL*14
   773         88  JULIAN-EXPANDED-TO-BIN-3   VALUE 'F'.                   CL*14
   774         88  BIN-TO-JULIAN-EXPANDED     VALUE 'G'.                   CL*14
   775         88  JULIAN-EXPANDED            VALUE 'E', 'F', 'G'.         CL*14
   776         88  CHECK-LEAP-YEAR            VALUE 'H'.                   CL*14
   777         88  BIN-3-TO-GREG              VALUE 'I'.                   CL*14
   778         88  CYMD-GREG-TO-BIN-3         VALUE 'J'.                   CL*14
   779         88  MDCY-GREG-TO-BIN-3         VALUE 'K'.                   CL*14
   780         88  CYMD-GREG-TO-BIN           VALUE 'L'.                   CL*14
   781         88  MDCY-GREG-TO-BIN           VALUE 'M'.                   CL*14
   782         88  MDY-GREG-TO-JULIAN         VALUE 'N'.                   CL*14
   783         88  MDCY-GREG-TO-JULIAN        VALUE 'O'.                   CL*14
   784         88  YMD-GREG-TO-JULIAN         VALUE 'P'.                   CL*14
   785         88  CYMD-GREG-TO-JULIAN        VALUE 'Q'.                   CL*14
   786         88  THREE-CHARACTER-BIN                                  ELCDATE
   787                  VALUES  '8' '9' 'A' 'B' 'C' 'D' 'I' 'J' 'K'.       CL*14
   788         88  GREGORIAN-TO-BIN                                        CL**2
   789                  VALUES '2' '3' '4' '9' 'A' 'B' 'J' 'K' 'L' 'M'.    CL*14
   790         88  BIN-TO-GREGORIAN                                        CL**2
   791                  VALUES ' ' '1' 'I' '8' 'G'.                        CL*14
   792         88  JULIAN-TO-BINARY                                        CL**2
   793                  VALUES '5' 'C' 'E' 'F'.                            CL*14
   794     12  DC-ERROR-CODE                 PIC X.                        CL*15
   795         88  NO-CONVERSION-ERROR        VALUE ' '.                   CL**3
   796         88  DATE-CONVERSION-ERROR                                ELCDATE
   797                  VALUES '1' '2' '3' '4' '5' '9' 'A' 'B' 'C'.        CL*14
   798         88  DATE-IS-ZERO               VALUE '1'.                ELCDATE
   799         88  DATE-IS-NON-NUMERIC        VALUE '2'.                ELCDATE
   800         88  DATE-IS-INVALID            VALUE '3'.                ELCDATE
   801         88  DATE1-GREATER-DATE2        VALUE '4'.                ELCDATE
   802         88  ELAPSED-PLUS-NEGATIVE      VALUE '5'.                ELCDATE
   803         88  DATE-INVALID-OPTION        VALUE '9'.                ELCDATE
   804         88  INVALID-CENTURY            VALUE 'A'.                ELCDATE
   805         88  ONLY-CENTURY               VALUE 'B'.                ELCDATE
   806         88  ONLY-LEAP-YEAR             VALUE 'C'.                ELCDATE
   807         88  VALID-CENTURY-LEAP-YEAR    VALUE 'B', 'C'.              CL**3
   808     12  DC-END-OF-MONTH               PIC X.                        CL*15
   809         88  CALCULATE-END-OF-MONTH     VALUE '1'.                ELCDATE
   810     12  DC-CENTURY-ADJUSTMENT         PIC X   VALUE SPACES.         CL*15
   811         88  USE-NORMAL-PROCESS         VALUE ' '.                ELCDATE
   812         88  ADJUST-DOWN-100-YRS        VALUE '1'.                ELCDATE
   813         88  ADJUST-UP-100-YRS          VALUE '2'.                ELCDATE
   814     12  FILLER                        PIC X.                        CL*15
* Micro Focus Server Express         V5.1 revision 000 06-Oct-15 17:19 Page  17
* PEMPBX3.cbl (/apps/prod/cid1p/copy/ELCDATE)
   815     12  DC-CONVERSION-DATES.                                        CL*15
   816         16  DC-BIN-DATE-1             PIC XX.                       CL*15
   817         16  DC-BIN-DATE-2             PIC XX.                       CL*15
   818         16  DC-GREG-DATE-1-EDIT       PIC X(08).                    CL*15
   819         16  DC-GREG-DATE-1-EDIT-R REDEFINES                         CL*15
   820                       DC-GREG-DATE-1-EDIT.                       ELCDATE
   821             20  DC-EDIT1-MONTH        PIC 99.                       CL*15
   822             20  SLASH1-1              PIC X.                        CL*15
   823             20  DC-EDIT1-DAY          PIC 99.                       CL*15
   824             20  SLASH1-2              PIC X.                        CL*15
   825             20  DC-EDIT1-YEAR         PIC 99.                       CL*15
   826         16  DC-GREG-DATE-2-EDIT       PIC X(08).                    CL*15
   827         16  DC-GREG-DATE-2-EDIT-R REDEFINES                         CL*15
   828                     DC-GREG-DATE-2-EDIT.                         ELCDATE
   829             20  DC-EDIT2-MONTH        PIC 99.                       CL*15
   830             20  SLASH2-1              PIC X.                        CL*15
   831             20  DC-EDIT2-DAY          PIC 99.                       CL*15
   832             20  SLASH2-2              PIC X.                        CL*15
   833             20  DC-EDIT2-YEAR         PIC 99.                       CL*15
   834         16  DC-GREG-DATE-1-YMD        PIC 9(06).                    CL*15
   835         16  DC-GREG-DATE-1-YMD-R  REDEFINES                         CL*15
   836                     DC-GREG-DATE-1-YMD.                          ELCDATE
   837             20  DC-YMD-YEAR           PIC 99.                       CL*15
   838             20  DC-YMD-MONTH          PIC 99.                       CL*15
   839             20  DC-YMD-DAY            PIC 99.                       CL*15
   840         16  DC-GREG-DATE-1-MDY        PIC 9(06).                    CL*15
   841         16  DC-GREG-DATE-1-MDY-R REDEFINES                          CL*15
   842                      DC-GREG-DATE-1-MDY.                         ELCDATE
   843             20  DC-MDY-MONTH          PIC 99.                       CL*15
   844             20  DC-MDY-DAY            PIC 99.                       CL*15
   845             20  DC-MDY-YEAR           PIC 99.                       CL*15
   846         16  DC-GREG-DATE-1-ALPHA.                                   CL*15
   847             20  DC-ALPHA-MONTH        PIC X(10).                    CL*15
   848             20  DC-ALPHA-DAY          PIC 99.                       CL*15
   849             20  FILLER                PIC XX.                       CL*15
   850             20  DC-ALPHA-CENTURY.                                   CL*15
   851                 24 DC-ALPHA-CEN-N     PIC 99.                       CL*15
   852             20  DC-ALPHA-YEAR         PIC 99.                       CL*15
   853         16  DC-ELAPSED-MONTHS         PIC S9(4)     COMP.           CL*15
   854         16  DC-ODD-DAYS-OVER          PIC S9(4)     COMP.           CL*15
   855         16  DC-ELAPSED-DAYS           PIC S9(4)     COMP.           CL*15
   856         16  DC-JULIAN-DATE            PIC 9(05).                    CL*15
   857         16  DC-JULIAN-YYDDD REDEFINES DC-JULIAN-DATE                CL*20
   858                                       PIC 9(05).                    CL*20
   859         16  DC-JULIAN-DT REDEFINES DC-JULIAN-DATE.                  CL*15
   860             20  DC-JULIAN-YEAR        PIC 99.                       CL*15
   861             20  DC-JULIAN-DAYS        PIC 999.                      CL*15
   862         16  DC-DAYS-IN-MONTH          PIC S9(3)       COMP-3.       CL*15
   863         16  DC-DAY-OF-WEEK            PIC S9  VALUE ZERO COMP-3.    CL*15
   864         16  DC-DAY-OF-WEEK2           PIC S9  VALUE ZERO COMP-3.    CL*15
   865     12  DATE-CONVERSION-VARIBLES.                                   CL*15
   866         16  HOLD-CENTURY-1            PIC 9(11) VALUE 0.            CL*15
   867         16  HOLD-CENTURY-1-SPLIT REDEFINES HOLD-CENTURY-1.          CL*15
   868             20  FILLER                PIC 9(3).                     CL*15
   869             20  HOLD-CEN-1-CCYY.                                    CL*15
   870                 24  HOLD-CEN-1-CC     PIC 99.                       CL*17
   871                 24  HOLD-CEN-1-YY     PIC 99.                       CL*17
   872             20  HOLD-CEN-1-MO         PIC 99.                       CL*17
* Micro Focus Server Express         V5.1 revision 000 06-Oct-15 17:19 Page  18
* PEMPBX3.cbl (/apps/prod/cid1p/copy/ELCDATE)
   873             20  HOLD-CEN-1-DA         PIC 99.                       CL*17
   874         16  HOLD-CENTURY-1-R   REDEFINES HOLD-CENTURY-1.            CL*15
   875             20  HOLD-CEN-1-R-MO       PIC 99.                       CL*17
   876             20  HOLD-CEN-1-R-DA       PIC 99.                       CL*17
   877             20  HOLD-CEN-1-R-CCYY.                                  CL*15
   878                 24  HOLD-CEN-1-R-CC   PIC 99.                       CL*17
   879                 24  HOLD-CEN-1-R-YY   PIC 99.                       CL*17
   880             20  FILLER                PIC 9(3).                     CL*15
   881         16  HOLD-CENTURY-1-X.                                       CL*15
   882             20  FILLER                PIC X(3)  VALUE SPACES.       CL*15
   883             20  HOLD-CEN-1-X-CCYY.                                  CL*15
   884                 24  HOLD-CEN-1-X-CC   PIC XX VALUE SPACES.          CL*17
   885                 24  HOLD-CEN-1-X-YY   PIC XX VALUE SPACES.          CL*17
   886             20  HOLD-CEN-1-X-MO       PIC XX VALUE SPACES.          CL*17
   887             20  HOLD-CEN-1-X-DA       PIC XX VALUE SPACES.          CL*17
   888         16  HOLD-CENTURY-1-R-X REDEFINES HOLD-CENTURY-1-X.          CL*15
   889             20  HOLD-CEN-1-R-X-MO     PIC XX.                       CL*17
   890             20  HOLD-CEN-1-R-X-DA     PIC XX.                       CL*17
   891             20  HOLD-CEN-1-R-X-CCYY.                                CL*15
   892                 24  HOLD-CEN-1-R-X-CC PIC XX.                       CL*17
   893                 24  HOLD-CEN-1-R-X-YY PIC XX.                       CL*17
   894             20  FILLER                PIC XXX.                      CL*23
   895         16  DC-BIN-DATE-EXPAND-1      PIC XXX.                      CL*15
   896         16  DC-BIN-DATE-EXPAND-2      PIC XXX.                      CL*15
   897         16  DC-JULIAN-DATE-1          PIC 9(07).                    CL*15
   898         16  DC-JULIAN-DATE-1-R REDEFINES DC-JULIAN-DATE-1.          CL*15
   899             20  DC-JULIAN-1-CCYY.                                   CL*15
   900                 24  DC-JULIAN-1-CC    PIC 99.                       CL*15
   901                 24  DC-JULIAN-1-YR    PIC 99.                       CL*15
   902             20  DC-JULIAN-DA-1        PIC 999.                      CL*15
   903         16  DC-JULIAN-DATE-2          PIC 9(07).                    CL*15
   904         16  DC-JULIAN-DATE-2-R REDEFINES DC-JULIAN-DATE-2.          CL*15
   905             20  DC-JULIAN-2-CCYY.                                   CL*15
   906                 24  DC-JULIAN-2-CC    PIC 99.                       CL*15
   907                 24  DC-JULIAN-2-YR    PIC 99.                       CL*15
   908             20  DC-JULIAN-DA-2        PIC 999.                      CL*15
   909         16  DC-GREG-DATE-A-EDIT.                                    CL*15
   910             20  DC-EDITA-MONTH        PIC 99.                       CL*15
   911             20  SLASHA-1              PIC X VALUE '/'.              CL*15
   912             20  DC-EDITA-DAY          PIC 99.                       CL*15
   913             20  SLASHA-2              PIC X VALUE '/'.              CL*15
   914             20  DC-EDITA-CCYY.                                      CL*15
   915                 24  DC-EDITA-CENT     PIC 99.                       CL*15
   916                 24  DC-EDITA-YEAR     PIC 99.                       CL*15
   917         16  DC-GREG-DATE-B-EDIT.                                    CL*15
   918             20  DC-EDITB-MONTH        PIC 99.                       CL*15
   919             20  SLASHB-1              PIC X VALUE '/'.              CL*15
   920             20  DC-EDITB-DAY          PIC 99.                       CL*15
   921             20  SLASHB-2              PIC X VALUE '/'.              CL*15
   922             20  DC-EDITB-CCYY.                                      CL*15
   923                 24  DC-EDITB-CENT     PIC 99.                       CL*15
   924                 24  DC-EDITB-YEAR     PIC 99.                       CL*15
   925         16  DC-GREG-DATE-CYMD         PIC 9(08).                    CL*15
   926         16  DC-GREG-DATE-CYMD-R REDEFINES                           CL*15
   927                              DC-GREG-DATE-CYMD.                  ELCDATE
   928             20  DC-CYMD-CEN           PIC 99.                       CL*15
   929             20  DC-CYMD-YEAR          PIC 99.                       CL*15
   930             20  DC-CYMD-MONTH         PIC 99.                       CL*15
* Micro Focus Server Express         V5.1 revision 000 06-Oct-15 17:19 Page  19
* PEMPBX3.cbl (/apps/prod/cid1p/copy/ELCDATE)
   931             20  DC-CYMD-DAY           PIC 99.                       CL*15
   932         16  DC-GREG-DATE-MDCY         PIC 9(08).                    CL*15
   933         16  DC-GREG-DATE-MDCY-R REDEFINES                           CL*15
   934                              DC-GREG-DATE-MDCY.                  ELCDATE
   935             20  DC-MDCY-MONTH         PIC 99.                       CL*15
   936             20  DC-MDCY-DAY           PIC 99.                       CL*15
   937             20  DC-MDCY-CEN           PIC 99.                       CL*15
   938             20  DC-MDCY-YEAR          PIC 99.                       CL*15
   939    12  DC-FORCE-EL310-DATE-SW         PIC X    VALUE SPACE.      ELCDATE
   940        88  DC-FORCE-EL310-DATE                 VALUE 'Y'.        ELCDATE
   941    12  DC-EL310-DATE                  PIC X(21).                    CL*26
   942    12  FILLER                         PIC X(28).                    CL*26
   943
   944 PROCEDURE DIVISION.
   945
   946     PERFORM 0400-OPEN-FILES     THRU 0400-EXIT
   947
   948     PERFORM 0600-INITIALIZE     THRU 0600-EXIT
   949
   950     PERFORM 0050-PROCESS-ERPNDB THRU 0050-EXIT UNTIL
   951           (END-OF-ERPNDB)
   952*          OR (CRT-RECS-IN > 1000)
   953
   954     PERFORM 0500-CLOSE-FILES    THRU 0500-EXIT
   955
   956     DISPLAY ' PNDB RECORDS READ    '  ERPNDB-RECS-IN
   957     DISPLAY ' PNDB RECORDS WRITTEN '  ERPNDB-RECS-OUT
   958     GOBACK
   959
   960     .
   961 0050-PROCESS-ERPNDB.
   962
   963     IF PB-RECORD-TYPE = '2'
   964*       IF (PB-COMMON-ERROR (1) = 9503 OR 2686 OR 2685 OR 2627
   965*          OR 2696)
   966*          OR (PB-COMMON-ERROR (2) = 9503 OR 2686 OR 2685 OR 2627
   967*          OR 2696)
   968*          OR (PB-COMMON-ERROR (3) = 9503 OR 2686 OR 2685 OR 2627
   969*          OR 2696)
   970*          OR (PB-COMMON-ERROR (4) = 9503 OR 2686 OR 2685 OR 2627
   971*          OR 2696)
   972*          OR (PB-COMMON-ERROR (5) = 9503 OR 2686 OR 2685 OR 2627
   973*          OR 2696)
   974*          OR (PB-COMMON-ERROR (6) = 9503 OR 2686 OR 2685 OR 2627
   975*          OR 2696)
   976*          OR (PB-COMMON-ERROR (7) = 9503 OR 2686 OR 2685 OR 2627
   977*          OR 2696)
   978*          OR (PB-COMMON-ERROR (8) = 9503 OR 2686 OR 2685 OR 2627
   979*          OR 2696)
   980*          OR (PB-COMMON-ERROR (9) = 9503 OR 2686 OR 2685 OR 2627
   981*          OR 2696)
   982*          OR (PB-COMMON-ERROR (10) = 9503 OR 2686 OR 2685 OR 2627
   983*          OR 2696)
   984           PERFORM 0100-PROCESS-ERPNDB THRU 0100-EXIT
   985*        END-IF
   986     END-IF
   987
   988     PERFORM 0200-READ-ERPNDB    THRU 0200-EXIT
* Micro Focus Server Express         V5.1 revision 000 06-Oct-15 17:19 Page  20
* PEMPBX3.cbl
   989
   990     .
   991 0050-EXIT.
   992     EXIT.
   993
   994 0100-PROCESS-ERPNDB.
   995
   996     MOVE WS-SAVE-ERPNDB         TO ERPNDB-DETAIL-RECORD
   997     MOVE PB-ENTRY-BATCH         TO EX-BATCH-NO
   998     MOVE PB-CARRIER             TO EX-CARRIER
   999     MOVE PB-GROUPING            TO EX-GROUPING
  1000     MOVE PB-STATE               TO EX-STATE
  1001     MOVE PB-ACCOUNT             TO EX-ACCOUNT
  1002     MOVE PB-CERT-EFF-DT         TO DC-BIN-DATE-1
  1003     MOVE ' '                    TO DC-OPTION-CODE
  1004     PERFORM 8510-DATE-CONVERSION
  1005                                 THRU 8590-EXIT
  1006     IF NO-CONVERSION-ERROR
  1007        MOVE DC-GREG-DATE-A-EDIT TO EX-CERT-EFF-DT
  1008     END-IF
  1009
  1010     MOVE PB-CERT-NO             TO EX-CERT-NO
  1011     MOVE PB-CI-LAST-NAME TO EX-INSURED-LAST-NAME
  1012     MOVE PB-CI-LF-BENEFIT-CD    TO EX-LF-BENEFIT-CD
  1013     MOVE PB-CI-LF-TERM          TO EX-LF-ORIG-TERM
  1014     MOVE PB-CI-LF-BENEFIT-AMT   TO EX-LF-BENEFIT-AMT
  1015     MOVE PB-CI-LF-PREMIUM-AMT   TO EX-LF-PREMIUM-AMT
  1016     MOVE PB-C-LF-CANCEL-AMT     TO EX-LF-ITD-CANCEL-AMT
  1017     MOVE PB-C-LF-REF-CALC       TO EX-LF-CALC-CANCEL
  1018     MOVE PB-CI-AH-BENEFIT-CD    TO EX-AH-BENEFIT-CD
  1019     MOVE PB-CI-AH-TERM          TO EX-AH-ORIG-TERM
  1020     MOVE PB-CI-AH-BENEFIT-AMT   TO EX-AH-BENEFIT-AMT
  1021     MOVE PB-CI-AH-PREMIUM-AMT   TO EX-AH-PREMIUM-AMT
  1022     MOVE PB-C-AH-CANCEL-AMT     TO EX-AH-ITD-CANCEL-AMT
  1023     MOVE PB-C-AH-REF-CALC       TO EX-AH-CALC-CANCEL
  1024
  1025     MOVE PB-CI-LF-EXPIRE-DT   TO DC-BIN-DATE-1
  1026     MOVE ' '                    TO DC-OPTION-CODE
  1027     PERFORM 8510-DATE-CONVERSION
  1028                                 THRU 8590-EXIT
  1029     IF NO-CONVERSION-ERROR
  1030        MOVE DC-GREG-DATE-A-EDIT TO EX-LF-LOAN-EXPIRE-DT
  1031     END-IF
  1032
  1033     MOVE PB-CI-AH-EXPIRE-DT   TO DC-BIN-DATE-1
  1034     MOVE ' '                    TO DC-OPTION-CODE
  1035     PERFORM 8510-DATE-CONVERSION
  1036                                 THRU 8590-EXIT
  1037     IF NO-CONVERSION-ERROR
  1038        MOVE DC-GREG-DATE-A-EDIT TO EX-AH-LOAN-EXPIRE-DT
  1039     END-IF
  1040
  1041     MOVE SPACES              TO EX-ENTRY-DT
  1042
  1043     MOVE PB-C-LF-CANCEL-DT   TO DC-BIN-DATE-1
  1044     MOVE ' '                    TO DC-OPTION-CODE
  1045     PERFORM 8510-DATE-CONVERSION
  1046                                 THRU 8590-EXIT
* Micro Focus Server Express         V5.1 revision 000 06-Oct-15 17:19 Page  21
* PEMPBX3.cbl
  1047     IF NO-CONVERSION-ERROR
  1048        MOVE DC-GREG-DATE-A-EDIT TO EX-LF-CANCEL-DT
  1049     END-IF
  1050
  1051     MOVE PB-C-AH-CANCEL-DT   TO DC-BIN-DATE-1
  1052     MOVE ' '                    TO DC-OPTION-CODE
  1053     PERFORM 8510-DATE-CONVERSION
  1054                                 THRU 8590-EXIT
  1055     IF NO-CONVERSION-ERROR
  1056        MOVE DC-GREG-DATE-A-EDIT TO EX-AH-CANCEL-DT
  1057     END-IF
  1058
  1059     MOVE PB-COMMON-ERROR (1)    TO EX-ERRORS1
  1060     MOVE PB-COMMON-ERROR (2)    TO EX-ERRORS2
  1061     MOVE PB-COMMON-ERROR (3)    TO EX-ERRORS3
  1062     MOVE PB-COMMON-ERROR (4)    TO EX-ERRORS4
  1063     MOVE PB-COMMON-ERROR (5)    TO EX-ERRORS5
  1064     MOVE PB-COMMON-ERROR (6)    TO EX-ERRORS6
  1065     MOVE PB-COMMON-ERROR (7)    TO EX-ERRORS7
  1066     MOVE PB-COMMON-ERROR (8)    TO EX-ERRORS8
  1067     MOVE PB-COMMON-ERROR (9)    TO EX-ERRORS9
  1068     MOVE PB-COMMON-ERROR (10)   TO EX-ERRORS10
  1069
  1070     MOVE PB-FATAL-FLAG          TO EX-FATAL-FLAG
  1071     MOVE PB-FORCE-ER-CD         TO EX-FORCE-FLAG
  1072
  1073     MOVE 'E'                    TO EX-EOR
  1074     PERFORM 0300-WRITE-PNDB     THRU 0300-EXIT
  1075
  1076     .
  1077 0100-EXIT.
  1078     EXIT.
  1079
  1080 0200-READ-ERPNDB.
  1081
  1082     READ ERPNDB NEXT RECORD
  1083
  1084     IF ERPNDB-FILE-STATUS = '10' OR '23'
  1085        SET END-OF-ERPNDB        TO TRUE
  1086     ELSE
  1087        IF ERPNDB-FILE-STATUS NOT = '00'
  1088           DISPLAY 'ERPNDB READ NEXT ' ERPNDB-FILE-STATUS
  1089           SET END-OF-ERPNDB     TO TRUE
  1090        else
  1091           if PB-company-cd > x'04'
  1092              set end-of-ERPNDB        to true
  1093           end-if
  1094        END-IF
  1095     END-IF
  1096
  1097     IF NOT END-OF-ERPNDB
  1098        ADD 1 TO ERPNDB-RECS-IN
  1099     END-IF
  1100
  1101     .
  1102 0200-EXIT.
  1103     EXIT.
  1104
* Micro Focus Server Express         V5.1 revision 000 06-Oct-15 17:19 Page  22
* PEMPBX3.cbl
  1105 0300-WRITE-PNDB.
  1106
  1107     WRITE ERPNDB-OUT-REC        FROM ERPNDB-DETAIL-RECORD
  1108     ADD 1 TO ERPNDB-RECS-OUT
  1109
  1110     .
  1111 0300-EXIT.
  1112     EXIT.
  1113
  1114 0400-OPEN-FILES.
  1115
  1116     OPEN INPUT ERPNDB
  1117         OUTPUT ERPNDB-OUT
  1118
  1119     .
  1120 0400-EXIT.
  1121     EXIT.
  1122
  1123 0500-CLOSE-FILES.
  1124
  1125     CLOSE ERPNDB ERPNDB-OUT
  1126
  1127     .
  1128 0500-EXIT.
  1129     EXIT.
  1130
  1131 0550-START-ERPNDB.
  1132
  1133     MOVE LOW-VALUES             TO PB-CONTROL-BY-ACCOUNT
  1134     MOVE X'04'                  TO PB-COMPANY-CD-A1
  1135
  1136     START ERPNDB KEY >= PB-CONTROL-BY-ACCOUNT
  1137
  1138     IF ERPNDB-FILE-STATUS = '10' OR '23'
  1139        SET END-OF-ERPNDB        TO TRUE
  1140     ELSE
  1141        IF ERPNDB-FILE-STATUS NOT = '00'
  1142           DISPLAY 'ERPNDB START     ' ERPNDB-FILE-STATUS
  1143           SET END-OF-ERPNDB     TO TRUE
  1144        END-IF
  1145     END-IF
  1146
  1147     .
  1148 0550-EXIT.
  1149     EXIT.
  1150
  1151
  1152 0600-INITIALIZE.
  1153
  1154     MOVE SPACES                 TO ERPNDB-DETAIL-RECORD
  1155     MOVE ','                    TO EX-COM1
  1156                                    EX-COM2
  1157                                    EX-COM3
  1158                                    EX-COM4
  1159                                    EX-COM5
  1160                                    EX-COM6
  1161                                    EX-COM7
  1162                                    EX-COM8
* Micro Focus Server Express         V5.1 revision 000 06-Oct-15 17:19 Page  23
* PEMPBX3.cbl
  1163                                    EX-COM9
  1164     MOVE ';'                    TO EX-TABA
  1165                                    EX-TAB1
  1166                                    EX-TAB2
  1167                                    EX-TAB3
  1168                                    EX-TAB4
  1169                                    EX-TAB5
  1170                                    EX-TAB6
  1171                                    EX-TAB7
  1172                                    EX-TAB8
  1173                                    EX-TAB9
  1174                                    EX-TAB10
  1175                                    EX-TAB11
  1176                                    EX-TAB12
  1177                                    EX-TAB12A
  1178                                    EX-TAB13
  1179                                    EX-TAB14
  1180                                    EX-TAB15
  1181                                    EX-TAB16
  1182                                    EX-TAB17
  1183                                    EX-TAB17A
  1184                                    EX-TAB18
  1185                                    EX-TAB19
  1186                                    EX-TAB20
  1187                                    EX-TAB21
  1188                                    EX-TAB22
  1189                                    EX-TAB23
  1190                                    EX-TAB24
  1191                                    EX-TAB25
  1192                                    EX-TAB26
  1193                                    EX-TAB27
  1194                                    EX-TAB28
  1195
  1196     MOVE ERPNDB-DETAIL-RECORD   TO WS-SAVE-ERPNDB
  1197     PERFORM 0550-START-ERPNDB   THRU 0550-EXIT
  1198     PERFORM 0200-READ-ERPNDB    THRU 0200-EXIT
  1199
  1200     .
  1201 0600-EXIT.
  1202     EXIT.
  1203
  1204 8510-DATE-CONVERSION.
  1205
  1206     CALL 'ELDATCX' USING DATE-CONVERSION-DATA
  1207
  1208     .
  1209 8590-EXIT.
  1210     EXIT.
  1211
* Micro Focus Server Express         V5.1 revision 000 Compiler
* Copyright (C) Micro Focus IP Development Limited 1984-2012.
*                                                        REF GNR-008065005AF
* Total Messages:     0
* Data:        3660     Code:        1408
