* Micro Focus Server Express         V5.1 revision 000 06-Oct-15 17:19 Page   1
* SUNNETRM.cbl
* Options: int("SUNNETRM.int") anim csi verbose NOBOUND PARAMCOUNTCHECK
*          directives(cobopt.bth) endp list("SUNNETRM.lst")
* Setting: NOACCEPTREFRESH NOADV ALIGN"8" ALPHASTART"1" NOALTER NOAMODE ANIM
*          NOANIMPREP ANS85 APOST NOAREACHECK ARITHMETIC"OSVS" ASSIGN
*          "EXTERNAL" NOASSIGN-PRINTER NOAUTOLOCK NOBELL NOBOUND NOBRIEF
*          NOBS2000 BWZSTAR NOBYTEMODEMOVE CALLFH"ebmlsfile" NOCALLMCS
*          NOCALLRECOVERY CALLSORT"EXTSM" CANCEL CANCELLBR NOCHANGEMESSAGE
*          CHARSET"ASCII" NOCHECKDIV NOCHECKREFMOD NOCICS CICS-CPY
*          NOCICSOPTIMIZE NOCMPR2 NOCOBFSTATCONV NOCOBIDY NOCOBOL370 COBOLDIR
*          NOCOMP COMP-5"2" COMP-6"2" NOCOMS85 CONFIRM NOCONVERTRET CONVSPACE
*          COPYEXT",cbl,cpy" NOCOPYLBR COPYLIST COPYLISTCOMMENT"1" CSI
*          CURRENCY-SIGN"36" CURRENT-DATE"MMDDYY" NODATA DATACOMPRESS"0"
*          NODATA-CONTEXT DATE DBCHECK DBCS"2" NODBCSSOSI DBSPACE DE-EDIT"2"
*          DEFAULTBYTE"32" NODEFAULTCALLS DETECTLOCK NODG DIALECT"MF"
*          NODIRECTIVES-IN-COMMENTS NODOSVS NODPCINSUBSCRIPT DYNAM
*          NOEARLY-RELEASE ECHO NOECHOALL NOEDITOR ENSUITE"0" NOENTCOBOL
*          ERRFORMAT"1" ERRLIST"EMBED" NOERRQ FASTSORT NOFCD3 NOFCDREG
*          NOFDCLEAR NOFILESHARE FILETYPE"0" NOFLAG NOFLAGAS NOFLAGCD
*          NOFLAGEUC NOFLAGMIG NOFLAGQ FLAGSINEDIT NOFLAGSTD NOFOLDCALLNAME
*          NOFOLDCOPYNAME FORM"60" NOFP-ROUNDING NOHOSTARITHMETIC
*          NOHOSTCONTZERO NOHOST-NUMCOMPARE NOHOST-NUMMOVE NOHOSTFD NOHOSTRW
*          NOIBM-MS IBMCOMP IDXFORMAT"0" NOILGEN IMPLICITSCOPE NOINDD
*          INFORETURN"0" NOINITCALL INITPTR INT"SUNNETRM.int" INTDATE"ANSI"
*          INTLEVEL"2" IOCONV NOISO2002 NOIXNLSKEY NOIXNUMKEY KEEP-INT
*          KEYCHECK KEYCOMPRESS"0" LIBRARIAN"2" NOLINE-COUNT LIST
*          "SUNNETRM.lst" LISTPATH"" LISTWIDTH"80" LITVAL-SIZE"4" LOCKTYPE"0"
*          NOMAPNAME NOMAXERROR METHODDEFAULT"REFERENCE" MF"15" MFCOMMENT
*          NOMOVELENCHECK NOMS NOMVS NATIVE"ASCII" NONATIVEFLOATINGPOINT
*          NONCHAR NONEWBASENAME NONLS NSYMBOL"DBCS" NOODOOSVS NOODOSLIDE
*          NOOLDBLANKLINE NOOLDCOPY NOOLDINDEX NOOLDNEXTSENTENCE NOOLDREADINTO
*          NOOLDSTRMIX OOCTRL"-C-E-G-P+Q+R-S+W" OPTIONAL-FILE NOOS390 OSEXT""
*          NOOSVS NOOUTDD NOP64 NOPANVALET PERFORM-TYPE"OSVS" NOPREPLIST
*          NOPREPROCESS NOPRINT-EXT NOPROFILE NOPROGID-COMMENT
*          NOPROGID-INT-NAME NOPROTECT-LINKAGE PROTOTYPE"RELAXED" QUAL
*          QUALPROC NOQUERY NOQUOTE NORAWLIST NORDW RECMODE"F" NOREENTRANT
*          NOREF NOREFNO REMAINDER"1" REPORT-LINE"256" RESEQ NORETRYLOCK
*          REWRITE-LS NORM RTNCODE-SIZE"4" NORWHARDPAGE NOSAA SEG NOSEQCHK
*          SEQUENTIAL"RECORD" NOSERIAL SETTING"LINE" NOSHAREOUTDD NOSHOW-DIR
*          SIGN"ASCII" NOSIGNDISCARD NOSIGNFIXUP SORTTYPE"DFSORT" SOURCEFORMAT
*          "FIXED" SOURCETABSTOP"8" NOSPZERO NOSSRANGE STDERR NOSTICKY-LINKAGE
*          NOSTICKY-PERFORM SUPFF SWITCHTYPE"1" SYMBSTART"1" SYSPUNCH"132"
*          TERMPAGE TIME NOTRACE NOTRUNC NOTRUNCCALLNAME NOTRUNCCOPY TRUNCINC
*          "10" UNICODE"NATIVE" VERBOSE VSC2"2" WARNING"1" NOWB NOWB2 NOWB3
*          WEBSERVER"CGI" NOWRITELOCK NOWRITETHRU NOXOPEN NOXREF
*          NOZEROLENGTHFALSE NOZEROSEQ NOZWB
     1 IDENTIFICATION DIVISION.                                         04/14/98
     2                                                                  ECSNETRM
     3 PROGRAM-ID.                 PSDNETRM.                               LV002
     4*              PROGRAM CONVERTED BY                               ECSNETRM
     5*              COBOL CONVERSION AID PO 5785-ABJ                   ECSNETRM
     6*              CONVERSION DATE 02/08/96 12:31:54.                 ECSNETRM
     7*           PROGRAM REVIEWED FOR YEAR 2000 COMPLIANCE                CL**2
     8*                            VMOD=2.004                           ECSNETRM
     9*                                                                 ECSNETRM
    10* NO  CSO  MODS  IN  COPYBOOK  ECSNETRM                           ECSNETRM
    11                                                                  ECSNETRM
    12*AUTHOR.     LOGIC, INC.                                          ECSNETRM
    13*            DALLAS, TEXAS.                                       ECSNETRM
* Micro Focus Server Express         V5.1 revision 000 06-Oct-15 17:19 Page   2
* SUNNETRM.cbl
    14                                                                  ECSNETRM
    15*DATE-COMPILED.                                                   ECSNETRM
    16                                                                  ECSNETRM
    17*            *****************************************************ECSNETRM
    18*            *                                                   *ECSNETRM
    19*            *   THIS PROGRAM IS THE PROPERTY OF LOGIC, INC.     *ECSNETRM
    20*            *                                                   *ECSNETRM
    21*            *   USE OF THIS PROGRAM BY OTHER THAN THE EMPLOYEES *ECSNETRM
    22*                                                                *ECSNETRM
    23*            *   OF LOGIC, INC. IS EXPRESSLY PROHIBITED WITHOUT  *ECSNETRM
    24*            *   THE PRIOR WRITTEN PERMISSION OF LOGIC INC.      *ECSNETRM
    25*            *                                                   *ECSNETRM
    26*            *****************************************************ECSNETRM
    27                                                                  ECSNETRM
    28*REMARKS.                                                         ECSNETRM
    29*        STANDARD NET PAY MODULE.                                 ECSNETRM
    30                                                                  ECSNETRM
    31*        FIVE PARAMETERS ARE PASSED TO THIS MODULE AND A FACTOR   ECSNETRM
    32*        IS RETURNED. PARAMETERS PASSED  - A.P.R. (S999V9999)     ECSNETRM
    33*                                          ORIGINAL TERM (S999)   ECSNETRM
    34*                                          REMAINING TERM (S999)  ECSNETRM
    35*                                          NET PAY OPTION (X)     ECSNETRM
    36*                                          CAPPED TERM (S999)     ECSNETRM
    37*                     FACTOR RETURNED IS - FACTOR (S9(4)V9(9))    ECSNETRM
    38                                                                  ECSNETRM
    39*        FACTOR RETURNED IS MULTIPLIED BY ORIG. FACE TO GET       ECSNETRM
    40*        REMAINING FACE. IF ORIGINAL TERM = REMAINING TERM,       ECSNETRM
    41*        FACTOR WOULD BE 1, THEREFORE MODULE ASSUMES RATING IS    ECSNETRM
    42*        DESIRED AND FACTOR THAT IS RETURNED MAY BE MULTIPLIED    ECSNETRM
    43*        BY THOUSANDS OF ORIGINAL FACE AND REGULAR PREMIUM PER    ECSNETRM
    44*        $100 PER MONTH TO GET PREMIUM TO BE CHARGED.             ECSNETRM
    45                                                                  ECSNETRM
    46*        OPTIONS - S = NET SIMPLE                                 ECSNETRM
    47*              SPACE = NET PAY STANDARD  (1 MO. INTEREST)         ECSNETRM
    48*                  N = NET PAY STANDARD  (1 MO. INTEREST)         ECSNETRM
    49*                  A = ALTERNATE NET PAY  (0 MO. INTEREST)        ECSNETRM
    50*                  I = ALTERNATE NET PAY  (2 MO. INTEREST)        ECSNETRM
    51*                  T = TRUNCATED  (0 MO. INTEREST)                ECSNETRM
    52*                  U = TRUNCATED  (1 MO. INTEREST)                ECSNETRM
    53*                  V = TRUNCATED  (2 MO. INTEREST)                ECSNETRM
    54*                  R = REFUNDS    (REGULAR OR TRUNCATED)          ECSNETRM
* Micro Focus Server Express         V5.1 revision 000 06-Oct-15 17:19 Page   3
* SUNNETRM.cbl
    56 ENVIRONMENT DIVISION.                                            ECSNETRM
    57                                                                  ECSNETRM
    58 DATA DIVISION.                                                   ECSNETRM
    59                                                                  ECSNETRM
    60 WORKING-STORAGE SECTION.                                         ECSNETRM
    61 77  FILLER  PIC X(32) VALUE '********************************'.  ECSNETRM
    62 77  FILLER  PIC X(32) VALUE '     ECSNETRM WORKING-STORAGE   '.  ECSNETRM
    63 77  FILLER  PIC X(32) VALUE '********* VMOD=2.004 ***********'.  ECSNETRM
    64                                                                  ECSNETRM
    65 01  COMP-3-WORK-AREA    COMP-3.                                  ECSNETRM
    66     12  V                   PIC SV9(9)          VALUE +.0.       ECSNETRM
    67     12  I                   PIC SV9(9)          VALUE +.0.       ECSNETRM
    68     12  RA                  PIC S9(6)V9(9)      VALUE +0.0.      ECSNETRM
    69     12  VX                  PIC S9V9(8)         VALUE +0.0.      ECSNETRM
    70     12  SV                  PIC S9V9(8)         VALUE +0.0.      ECSNETRM
    71     12  SX                  PIC S9V9(8)         VALUE +0.0.      ECSNETRM
    72     12  N2                  PIC S9(7)           VALUE +0.        ECSNETRM
    73     12  N3                  PIC S9(7)           VALUE +0.        ECSNETRM
    74     12  K-I                 PIC S9V9(8)         VALUE +0.0.      ECSNETRM
    75     12  FACTOR              PIC S9(4)V9(9)      VALUE +0.0.      ECSNETRM
    76     12  WK1                 PIC S9(4)V9(9)      VALUE +0.0.      ECSNETRM
    77     12  WK2                 PIC S9(4)V9(9)      VALUE +0.0.      ECSNETRM
    78     12  WK3                 PIC S9(7)V9(8)      VALUE +0.0.      ECSNETRM
    79     12  WK4                 PIC S9(7)V9(8)      VALUE +0.0.      ECSNETRM
    80     12  WK5                 PIC S9(7)V9(8)      VALUE +0.0.      ECSNETRM
    81     12  K1                  PIC S9              VALUE +1.        ECSNETRM
    82     12  K12                 PIC S999            VALUE +12.       ECSNETRM
    83     12  K100                PIC S999            VALUE +100.      ECSNETRM
    84     12  K1000               PIC S9(7)           VALUE +1000.     ECSNETRM
    85     12  ANNUAL-INT-RATE     PIC S9(3)V9(4).                      ECSNETRM
    86     12  ORIGINAL-TERM       PIC S999.                            ECSNETRM
    87     12  N  REDEFINES                                             ECSNETRM
    88         ORIGINAL-TERM       PIC S999.                            ECSNETRM
    89     12  REMAINING-TERM      PIC S999.                            ECSNETRM
    90     12  R  REDEFINES                                             ECSNETRM
    91         REMAINING-TERM      PIC S999.                            ECSNETRM
    92     12  CAPPED-TERM         PIC S999.                            ECSNETRM
    93     12  M  REDEFINES                                             ECSNETRM
    94         CAPPED-TERM         PIC S999.                            ECSNETRM
    95     12  EXPIRED-TERM        PIC S999.                            ECSNETRM
    96     12  E  REDEFINES                                             ECSNETRM
    97         EXPIRED-TERM        PIC S999.                            ECSNETRM
    98                                                                  ECSNETRM
    99 01  BINARY-WORK-AREA    COMP.                                    ECSNETRM
   100     12  X1                  PIC S999            VALUE +0.        ECSNETRM
   101     12  X2                  PIC S999            VALUE +0.        ECSNETRM
   102     12  MAX-X               PIC S9(5)           VALUE +0.        ECSNETRM
   103     12  B1                  PIC S9(5)           VALUE +1.        ECSNETRM
   104                                                                  ECSNETRM
   105 01  OPTION-SW               PIC X               VALUE 'X'.       ECSNETRM
   106     88  NPO-STD                             VALUE SPACE.         ECSNETRM
   107     88  NPO-ALT                             VALUE 'A'.           ECSNETRM
   108     88  NPO-SIMPLE                          VALUE 'S'.           ECSNETRM
   109     88  NPO-2MO                             VALUE 'I'.           ECSNETRM
   110     88  NPO-TRUNC                           VALUE 'T' 'U' 'V'.   ECSNETRM
   111     88  NPO-TRUNC-0                         VALUE 'T'.           ECSNETRM
   112     88  NPO-TRUNC-1                         VALUE 'U'.           ECSNETRM
   113     88  NPO-TRUNC-2                         VALUE 'V'.           ECSNETRM
* Micro Focus Server Express         V5.1 revision 000 06-Oct-15 17:19 Page   4
* SUNNETRM.cbl
   114     88  NPO-REFUND                          VALUE 'R'.           ECSNETRM
   115                                                                  ECSNETRM
   116 01  NP-PROCESS-SW           PIC X               VALUE '1'.       ECSNETRM
   117     88  NP-RATING                               VALUE '1'.       ECSNETRM
   118     88  NP-REFUND                               VALUE '2'.       ECSNETRM
   119     88  NP-REMAIN-AMT                           VALUE '3'.       ECSNETRM
   120                                                                  ECSNETRM
   121 01  TYPE-SW                 PIC X               VALUE 'N'.       ECSNETRM
   122     88  NET-STD                                 VALUE 'N'.       ECSNETRM
   123     88  NET-SMP                                 VALUE 'S'.       ECSNETRM
* Micro Focus Server Express         V5.1 revision 000 06-Oct-15 17:19 Page   5
* SUNNETRM.cbl
   125 LINKAGE SECTION.                                                 ECSNETRM
   126                                                                  ECSNETRM
   127 01  N-P-APR                 PIC S9(3)V9(4)  COMP-3.              ECSNETRM
   128                                                                  ECSNETRM
   129 01  N-P-ORIG                PIC S999        COMP-3.              ECSNETRM
   130                                                                  ECSNETRM
   131 01  N-P-REM                 PIC S999        COMP-3.              ECSNETRM
   132                                                                  ECSNETRM
   133 01  N-P-OPT                 PIC X.                               ECSNETRM
   134                                                                  ECSNETRM
   135 01  N-P-CAP                 PIC S999        COMP-3.              ECSNETRM
   136                                                                  ECSNETRM
   137 01  N-P-FACTOR              PIC S9(4)V9(9)  COMP-3.              ECSNETRM
   138                                                                  ECSNETRM
* Micro Focus Server Express         V5.1 revision 000 06-Oct-15 17:19 Page   6
* SUNNETRM.cbl
   140 PROCEDURE DIVISION                                               ECSNETRM
   141     USING N-P-APR  N-P-ORIG  N-P-REM  N-P-OPT  N-P-CAP           ECSNETRM
   142           N-P-FACTOR.                                            ECSNETRM
   143                                                                  ECSNETRM
   144 0000-MAIN-LINE.                                                  ECSNETRM
   145     MOVE N-P-APR     TO ANNUAL-INT-RATE.                         ECSNETRM
   146     MOVE N-P-ORIG    TO ORIGINAL-TERM                            ECSNETRM
   147                         CAPPED-TERM.                             ECSNETRM
   148     MOVE N-P-REM     TO REMAINING-TERM.                          ECSNETRM
   149     MOVE N-P-OPT     TO OPTION-SW.                               ECSNETRM
   150                                                                  ECSNETRM
   151     IF NPO-TRUNC                                                 ECSNETRM
   152         MOVE N-P-CAP TO CAPPED-TERM.                             ECSNETRM
   153                                                                  ECSNETRM
   154     IF NPO-REFUND                                                ECSNETRM
   155         MOVE N-P-CAP TO CAPPED-TERM.                             ECSNETRM
   156                                                                  ECSNETRM
   157     MOVE +0 TO FACTOR.                                           ECSNETRM
   158                                                                  ECSNETRM
   159     IF ANNUAL-INT-RATE = ZERO                                    ECSNETRM
   160         GO TO 9999-EOJ.                                          ECSNETRM
   161                                                                  ECSNETRM
   162     IF ORIGINAL-TERM = ZERO                                      ECSNETRM
   163         GO TO 9999-EOJ.                                          ECSNETRM
   164                                                                  ECSNETRM
   165     IF REMAINING-TERM = ZERO                                     ECSNETRM
   166         GO TO 9999-EOJ.                                          ECSNETRM
   167                                                                  ECSNETRM
   168     IF REMAINING-TERM GREATER ORIGINAL-TERM                      ECSNETRM
   169         GO TO 9999-EOJ.                                          ECSNETRM
   170                                                                  ECSNETRM
   171     IF CAPPED-TERM = ZERO                                        ECSNETRM
   172         GO TO 9999-EOJ.                                          ECSNETRM
   173                                                                  ECSNETRM
   174     IF CAPPED-TERM GREATER ORIGINAL-TERM                         ECSNETRM
   175         GO TO 9999-EOJ.                                          ECSNETRM
   176                                                                  ECSNETRM
   177     IF ANNUAL-INT-RATE LESS +3                                   ECSNETRM
   178         COMPUTE ANNUAL-INT-RATE = ANNUAL-INT-RATE * +10.         ECSNETRM
   179                                                                  ECSNETRM
   180     IF ANNUAL-INT-RATE LESS +3                                   ECSNETRM
   181         COMPUTE ANNUAL-INT-RATE = ANNUAL-INT-RATE * +10.         ECSNETRM
   182                                                                  ECSNETRM
   183     IF ANNUAL-INT-RATE LESS +3                                   ECSNETRM
   184         COMPUTE ANNUAL-INT-RATE = ANNUAL-INT-RATE * +10.         ECSNETRM
   185                                                                  ECSNETRM
   186     IF NPO-REFUND                                                ECSNETRM
   187         MOVE '2' TO NP-PROCESS-SW                                ECSNETRM
   188     ELSE                                                         ECSNETRM
   189         IF ORIGINAL-TERM = REMAINING-TERM                        ECSNETRM
   190             MOVE '1' TO NP-PROCESS-SW                            ECSNETRM
   191         ELSE                                                     ECSNETRM
   192             MOVE '3' TO NP-PROCESS-SW.                           ECSNETRM
   193                                                                  ECSNETRM
   194     IF NPO-SIMPLE                                                ECSNETRM
   195         MOVE 'S' TO TYPE-SW                                      ECSNETRM
   196     ELSE                                                         ECSNETRM
   197         MOVE 'N' TO TYPE-SW.                                     ECSNETRM
* Micro Focus Server Express         V5.1 revision 000 06-Oct-15 17:19 Page   7
* SUNNETRM.cbl
   198                                                                  ECSNETRM
   199     COMPUTE I ROUNDED = (ANNUAL-INT-RATE / K100) / K12.          ECSNETRM
   200                                                                  ECSNETRM
   201     COMPUTE V ROUNDED = K1 / (K1 + I).                           ECSNETRM
   202                                                                  ECSNETRM
   203     MOVE V     TO VX.                                            ECSNETRM
   204     MOVE V     TO SV.                                            ECSNETRM
   205                                                                  ECSNETRM
   206     MOVE +1    TO X1.                                            ECSNETRM
   207     MOVE +1    TO SX.                                            ECSNETRM
   208                                                                  ECSNETRM
   209     MOVE ORIGINAL-TERM TO MAX-X.                                 ECSNETRM
   210                                                                  ECSNETRM
   211     COMPUTE X2 = MAX-X - CAPPED-TERM.                            ECSNETRM
   212                                                                  ECSNETRM
   213     IF MAX-X = +1                                                ECSNETRM
   214         GO TO 1000-COMPUTE-REMAINING-FACTOR.                     ECSNETRM
   215                                                                  ECSNETRM
   216     COMPUTE EXPIRED-TERM = CAPPED-TERM - REMAINING-TERM.         ECSNETRM
   217                                                                  ECSNETRM
   218     IF CAPPED-TERM NOT = ORIGINAL-TERM                           ECSNETRM
   219         COMPUTE REMAINING-TERM = ORIGINAL-TERM - EXPIRED-TERM.   ECSNETRM
   220                                                                  ECSNETRM
   221 0500-VX-LOOP.                                                    ECSNETRM
   222     COMPUTE VX ROUNDED = VX * V.                                 ECSNETRM
   223                                                                  ECSNETRM
   224     ADD B1 TO X1.                                                ECSNETRM
   225                                                                  ECSNETRM
   226     IF X1 = REMAINING-TERM                                       ECSNETRM
   227         MOVE VX    TO SV.                                        ECSNETRM
   228                                                                  ECSNETRM
   229     IF X1 = X2                                                   ECSNETRM
   230         MOVE VX    TO SX.                                        ECSNETRM
   231                                                                  ECSNETRM
   232     IF X1 NOT = MAX-X                                            ECSNETRM
   233         GO TO 0500-VX-LOOP.                                      ECSNETRM
   234                                                                  ECSNETRM
   235 1000-COMPUTE-REMAINING-FACTOR.                                   ECSNETRM
   236     COMPUTE WK1 = K1 - VX.                                       ECSNETRM
   237     COMPUTE WK2 = K1 - SV.                                       ECSNETRM
   238     COMPUTE WK5 = K1 - SX.                                       ECSNETRM
   239                                                                  ECSNETRM
   240     IF NP-RATING                                                 ECSNETRM
   241         GO TO 2000-PREMIUM-RATE.                                 ECSNETRM
   242                                                                  ECSNETRM
   243     IF NP-REFUND                                                 ECSNETRM
   244         GO TO 1500-REFUND-CALC.                                  ECSNETRM
   245                                                                  ECSNETRM
   246     IF NET-STD                                                   ECSNETRM
   247         COMPUTE WK3 ROUNDED = (WK2 * K1000) / WK1.               ECSNETRM
   248                                                                  ECSNETRM
   249     IF NET-SMP                                                   ECSNETRM
   250         COMPUTE WK3 ROUNDED = ((R + 1) / (N + 1)) * (R / N)      ECSNETRM
   251         COMPUTE WK3 ROUNDED = (1 - WK3) * ((I * N / WK1) - 1)    ECSNETRM
   252         COMPUTE WK3 ROUNDED = WK3 + 1 - ((N - R) * I / WK1)      ECSNETRM
   253         COMPUTE WK3 ROUNDED = WK3 * 1000.                        ECSNETRM
   254                                                                  ECSNETRM
   255     IF REMAINING-TERM LESS THAN X2                               ECSNETRM
* Micro Focus Server Express         V5.1 revision 000 06-Oct-15 17:19 Page   8
* SUNNETRM.cbl
   256         MOVE +0 TO WK3.                                          ECSNETRM
   257                                                                  ECSNETRM
   258     MOVE WK3 TO FACTOR.                                          ECSNETRM
   259                                                                  ECSNETRM
   260     GO TO 9999-EOJ.                                              ECSNETRM
   261                                                                  ECSNETRM
   262 1500-REFUND-CALC.                                                ECSNETRM
   263     IF REMAINING-TERM NOT LESS MAX-X                             ECSNETRM
   264         MOVE +1 TO FACTOR                                        ECSNETRM
   265         GO TO 9999-EOJ.                                          ECSNETRM
   266                                                                  ECSNETRM
   267     IF REMAINING-TERM LESS +1                                    ECSNETRM
   268         MOVE 0 TO FACTOR                                         ECSNETRM
   269         GO TO 9999-EOJ.                                          ECSNETRM
   270                                                                  ECSNETRM
   271     COMPUTE WK2 ROUNDED = WK2 / I.                               ECSNETRM
   272     COMPUTE WK5 ROUNDED = WK5 / I.                               ECSNETRM
   273     COMPUTE WK1 ROUNDED = WK1 / I.                               ECSNETRM
   274                                                                  ECSNETRM
   275     COMPUTE WK3 ROUNDED =                                        ECSNETRM
   276          (N-P-REM - WK2 + WK5) / (CAPPED-TERM - WK1 + WK5).      ECSNETRM
   277                                                                  ECSNETRM
   278     MOVE WK3  TO FACTOR.                                         ECSNETRM
   279                                                                  ECSNETRM
   280     GO TO 9999-EOJ.                                              ECSNETRM
   281                                                                  ECSNETRM
   282 2000-PREMIUM-RATE.                                               ECSNETRM
   283*    K-I IS ADJUSTMENT FACTOR FOR NO. MONTHS ADD'L. INTEREST      ECSNETRM
   284*                                                                 ECSNETRM
   285*      OPTION - N OR U OR SPACE  = 1 MO,  SO K-I = 1 + I          ECSNETRM
   286*      OPTION - A OR T           = 0 MO,  SO K-I = 1              ECSNETRM
   287*      OPTION - I OR V           = 2 MO,  SO K-I = 1 + 2I         ECSNETRM
   288*                                                                 ECSNETRM
   289     COMPUTE K-I = K1 + I.                                        ECSNETRM
   290                                                                  ECSNETRM
   291     IF NPO-ALT OR NPO-TRUNC-0                                    ECSNETRM
   292         MOVE K1 TO K-I.                                          ECSNETRM
   293                                                                  ECSNETRM
   294     IF NPO-2MO OR NPO-TRUNC-2                                    ECSNETRM
   295         COMPUTE K-I = K1 + (2 * I).                              ECSNETRM
   296                                                                  ECSNETRM
   297     COMPUTE RA ROUNDED = 1 -                                     ECSNETRM
   298             ((X2 * (X2 + 1)) /                                   ECSNETRM
   299              (N *  (N  + 1))).                                   ECSNETRM
   300                                                                  ECSNETRM
   301     IF NET-STD                                                   ECSNETRM
   302         COMPUTE WK3 ROUNDED = ((I * M) + VX - SX) * 2 * N        ECSNETRM
   303         COMPUTE WK3 ROUNDED = WK3 / ((1 - VX) * M * I)           ECSNETRM
   304         COMPUTE WK3 ROUNDED = WK3 / ((2 * N) - M + 1)            ECSNETRM
   305         COMPUTE WK3 ROUNDED = WK3 * RA * K-I.                    ECSNETRM
   306                                                                  ECSNETRM
   307     IF NET-SMP                                                   ECSNETRM
   308         COMPUTE N2 = N * N                                       ECSNETRM
   309         COMPUTE N3 = N2 * N                                      ECSNETRM
   310         COMPUTE WK3 ROUNDED = 2 * N2 * WK1                       ECSNETRM
   311         COMPUTE WK3 ROUNDED = WK3 + (N3 * I) - (N2 * I)          ECSNETRM
   312         COMPUTE WK3 ROUNDED = WK3 + (4 * N * WK1)                ECSNETRM
   313         COMPUTE WK3 ROUNDED = WK3 * (1 + I) * 10                 ECSNETRM
* Micro Focus Server Express         V5.1 revision 000 06-Oct-15 17:19 Page   9
* SUNNETRM.cbl
   314         COMPUTE WK3 ROUNDED = WK3 / (36 * (N + 1) * WK1).        ECSNETRM
   315                                                                  ECSNETRM
   316     MOVE WK3 TO FACTOR.                                          ECSNETRM
   317                                                                  ECSNETRM
   318     GO TO 9999-EOJ.                                              ECSNETRM
   319                                                                  ECSNETRM
   320 9999-EOJ.                                                        ECSNETRM
   321     MOVE FACTOR TO N-P-FACTOR.                                   ECSNETRM
   322                                                                  ECSNETRM
   323     GOBACK.                                                      ECSNETRM
   324                                                                  ECSNETRM
   325 9999-DUMMY-END.                                                  ECSNETRM
   326     GOBACK.                                                      ECSNETRM
* Micro Focus Server Express         V5.1 revision 000 Compiler
* Copyright (C) Micro Focus IP Development Limited 1984-2012.
*                                                        REF GNR-008065005AF
* Total Messages:     0
* Data:         808     Code:        1755
