* Micro Focus Server Express         V5.1 revision 000 06-Oct-15 17:19 Page   1
* ZAJRATC1.cbl
* Options: int("ZAJRATC1.int") anim csi verbose NOBOUND PARAMCOUNTCHECK
*          directives(cobopt.bth) endp list("ZAJRATC1.lst")
* Setting: NOACCEPTREFRESH NOADV ALIGN"8" ALPHASTART"1" NOALTER NOAMODE ANIM
*          NOANIMPREP ANS85 APOST NOAREACHECK ARITHMETIC"OSVS" ASSIGN
*          "EXTERNAL" NOASSIGN-PRINTER NOAUTOLOCK NOBELL NOBOUND NOBRIEF
*          NOBS2000 BWZSTAR NOBYTEMODEMOVE CALLFH"ebmlsfile" NOCALLMCS
*          NOCALLRECOVERY CALLSORT"EXTSM" CANCEL CANCELLBR NOCHANGEMESSAGE
*          CHARSET"ASCII" NOCHECKDIV NOCHECKREFMOD NOCICS CICS-CPY
*          NOCICSOPTIMIZE NOCMPR2 NOCOBFSTATCONV NOCOBIDY NOCOBOL370 COBOLDIR
*          NOCOMP COMP-5"2" COMP-6"2" NOCOMS85 CONFIRM NOCONVERTRET CONVSPACE
*          COPYEXT",cbl,cpy" NOCOPYLBR COPYLIST COPYLISTCOMMENT"1" CSI
*          CURRENCY-SIGN"36" CURRENT-DATE"MMDDYY" NODATA DATACOMPRESS"0"
*          NODATA-CONTEXT DATE DBCHECK DBCS"2" NODBCSSOSI DBSPACE DE-EDIT"2"
*          DEFAULTBYTE"32" NODEFAULTCALLS DETECTLOCK NODG DIALECT"MF"
*          NODIRECTIVES-IN-COMMENTS NODOSVS NODPCINSUBSCRIPT DYNAM
*          NOEARLY-RELEASE ECHO NOECHOALL NOEDITOR ENSUITE"0" NOENTCOBOL
*          ERRFORMAT"1" ERRLIST"EMBED" NOERRQ FASTSORT NOFCD3 NOFCDREG
*          NOFDCLEAR NOFILESHARE FILETYPE"0" NOFLAG NOFLAGAS NOFLAGCD
*          NOFLAGEUC NOFLAGMIG NOFLAGQ FLAGSINEDIT NOFLAGSTD NOFOLDCALLNAME
*          NOFOLDCOPYNAME FORM"60" NOFP-ROUNDING NOHOSTARITHMETIC
*          NOHOSTCONTZERO NOHOST-NUMCOMPARE NOHOST-NUMMOVE NOHOSTFD NOHOSTRW
*          NOIBM-MS IBMCOMP IDXFORMAT"0" NOILGEN IMPLICITSCOPE NOINDD
*          INFORETURN"0" NOINITCALL INITPTR INT"ZAJRATC1.int" INTDATE"ANSI"
*          INTLEVEL"2" IOCONV NOISO2002 NOIXNLSKEY NOIXNUMKEY KEEP-INT
*          KEYCHECK KEYCOMPRESS"0" LIBRARIAN"2" NOLINE-COUNT LIST
*          "ZAJRATC1.lst" LISTPATH"" LISTWIDTH"80" LITVAL-SIZE"4" LOCKTYPE"0"
*          NOMAPNAME NOMAXERROR METHODDEFAULT"REFERENCE" MF"15" MFCOMMENT
*          NOMOVELENCHECK NOMS NOMVS NATIVE"ASCII" NONATIVEFLOATINGPOINT
*          NONCHAR NONEWBASENAME NONLS NSYMBOL"DBCS" NOODOOSVS NOODOSLIDE
*          NOOLDBLANKLINE NOOLDCOPY NOOLDINDEX NOOLDNEXTSENTENCE NOOLDREADINTO
*          NOOLDSTRMIX OOCTRL"-C-E-G-P+Q+R-S+W" OPTIONAL-FILE NOOS390 OSEXT""
*          NOOSVS NOOUTDD NOP64 NOPANVALET PERFORM-TYPE"OSVS" NOPREPLIST
*          NOPREPROCESS NOPRINT-EXT NOPROFILE NOPROGID-COMMENT
*          NOPROGID-INT-NAME NOPROTECT-LINKAGE PROTOTYPE"RELAXED" QUAL
*          QUALPROC NOQUERY NOQUOTE NORAWLIST NORDW RECMODE"F" NOREENTRANT
*          NOREF NOREFNO REMAINDER"1" REPORT-LINE"256" RESEQ NORETRYLOCK
*          REWRITE-LS NORM RTNCODE-SIZE"4" NORWHARDPAGE NOSAA SEG NOSEQCHK
*          SEQUENTIAL"RECORD" NOSERIAL SETTING"LINE" NOSHAREOUTDD NOSHOW-DIR
*          SIGN"ASCII" NOSIGNDISCARD NOSIGNFIXUP SORTTYPE"DFSORT" SOURCEFORMAT
*          "FIXED" SOURCETABSTOP"8" NOSPZERO NOSSRANGE STDERR NOSTICKY-LINKAGE
*          NOSTICKY-PERFORM SUPFF SWITCHTYPE"1" SYMBSTART"1" SYSPUNCH"132"
*          TERMPAGE TIME NOTRACE NOTRUNC NOTRUNCCALLNAME NOTRUNCCOPY TRUNCINC
*          "10" UNICODE"NATIVE" VERBOSE VSC2"2" WARNING"1" NOWB NOWB2 NOWB3
*          WEBSERVER"CGI" NOWRITELOCK NOWRITETHRU NOXOPEN NOXREF
*          NOZEROLENGTHFALSE NOZEROSEQ NOZWB
     1 IDENTIFICATION DIVISION.
     2 PROGRAM-ID. ZAJRATC1.
     3 AUTHOR.     PABLO
     4 DATE-COMPILED. 06-Oct-15 17:19.
     5 ENVIRONMENT DIVISION.
     6 INPUT-OUTPUT SECTION.
     7 FILE-CONTROL.
     8
     9     SELECT  TRLR-IN       ASSIGN TO TRLRIN.
    10     SELECT  TRLR-OUT      ASSIGN TO TRLROT.
* Micro Focus Server Express         V5.1 revision 000 06-Oct-15 17:19 Page   2
* ZAJRATC1.cbl
    12 DATA DIVISION.
    13 FILE SECTION.
    14
    15 FD  TRLR-IN
    16     RECORDING MODE F
    17     LABEL RECORDS STANDARD
    18     BLOCK CONTAINS 0 RECORDS.
    19
*   20                             COPY ELCTRLR.
    21******************************************************************04/16/98
    22*                                                                *ELCTRLR
    23*                            ELCTRLR.                            *   LV002
    24*           COPYBOOK REVIEWED FOR YEAR 2000 COMPLIANCE               CL**2
    25*                            VMOD=2.014                          *   CL**2
    26*                                                                *ELCTRLR
    27*   FILE DESCRIPTION = ACTIVITY TRAILER FILE                     *ELCTRLR
    28*                                                                *ELCTRLR
    29*   FILE TYPE = VSAM,KSDS                                        *ELCTRLR
    30*   RECORD SIZE = 200    RECFORM = FIXED                         *ELCTRLR
    31*                                                                *ELCTRLR
    32*   BASE CLUSTER NAME = ELTRLR             RKP=2,LEN=22          *ELCTRLR
    33*       ALTERNATE INDEX = NONE                                   *ELCTRLR
    34*                                                                *ELCTRLR
    35*   LOG = YES                                                    *ELCTRLR
    36*   SERVREQ = BROWSE, DELETE, UPDATE, NEWREC                     *ELCTRLR
    37******************************************************************
    38*                   C H A N G E   L O G
    39*
    40* CHANGES ARE MARKED BY THE CHANGE EFFECTIVE DATE.
    41*-----------------------------------------------------------------
    42*  CHANGE   CHANGE REQUEST PGMR  DESCRIPTION OF CHANGE
    43* EFFECTIVE    NUMBER
    44*-----------------------------------------------------------------
    45* 120503    2003080800002  SMVA  INITIAL SECURE PAY CHANGES
    46* 022106    2004040700004  PEMA  ADD LIFE CLAIM INTEREST
    47* 050506    2006030600001  AJRA  ADD DENIAL PROOF DATE
    48* 062806    2006030600001  AJRA  ADD PAYMENT PROOF DATE
    49* 080106    2006052500001  AJRA  ADD N AND R NOTE TYPES
    50* 041807    2006032200004  AJRA  ADD APPROVED BY TO PAYMENT
    51* 082807    2007032100001  PEMA  ADD INT RATE TO PMT TRLR
    52* 101807  IR2007100100007  PEMA  EXPAND SIZE OF CLM RESERVE FLDS
    53* 070909    2009060400001  AJRA  ADD AUTO PAY END LETTER
    54* 040110  CR2009070600002  AJRA  ADD RESEND LETTER ID TO LETTER
    55* 071910  CR2009122800001  PEMA  ADD EOB SWITCHES
    56* 102610    2009122800001  AJRA  ADD STOP DATE TO LETTER
    57* 061511    2011042000002  AJRA  ADD VFY 2ND BENE TO ADDRESS TRAILER
    58* 020413    2012071700001  AJRA  PRINT SURVEY AND PRINT CLM FORM IND
    59* 021213    2012092400007  AJRA  CAUSAL STATE SEQUENCE NO
    60* 061013  CR2012113000002  PEMA  SPP CLAIM RELATED CHANGES
    61* 102413  CR2013100800001  AJRA  ADD SPECIAL RELEASE IND
    62* 022614    2013050100003  AJRA  ADD CERT CANCELLED NOTE TYPE - T
    63* 040814    2014030500002  AJRA  ADD ICD CODES
    64* 052614  CR2014022100001  AJRA  ADD FAMILY LEAVE CLAIM TYPE
    65******************************************************************ELCTRLR
    66 01  ACTIVITY-TRAILERS.                                           ELCTRLR
    67     12  AT-RECORD-ID                    PIC XX.                  ELCTRLR
    68         88  VALID-AT-ID                       VALUE 'AT'.        ELCTRLR
    69                                                                  ELCTRLR
* Micro Focus Server Express         V5.1 revision 000 06-Oct-15 17:19 Page   3
* ZAJRATC1.cbl (/apps/prod/cid1p/copy/ELCTRLR)
    70     12  AT-CONTROL-PRIMARY.                                      ELCTRLR
    71         16  AT-COMPANY-CD               PIC X.                   ELCTRLR
    72         16  AT-CARRIER                  PIC X.                   ELCTRLR
    73         16  AT-CLAIM-NO                 PIC X(7).                ELCTRLR
    74         16  AT-CERT-NO.                                          ELCTRLR
    75             20  AT-CERT-PRIME           PIC X(10).               ELCTRLR
    76             20  AT-CERT-SFX             PIC X.                   ELCTRLR
    77         16  AT-SEQUENCE-NO              PIC S9(4)     COMP.      ELCTRLR
    78             88  AT-1ST-TRL-AVAIL             VALUE +4095.        ELCTRLR
    79             88  AT-LAST-TRL-AVAIL            VALUE +100.         ELCTRLR
    80             88  AT-RESV-EXP-HIST-TRL         VALUE +0.           ELCTRLR
    81             88  AT-INSURED-ADDR-TRL          VALUE +1 THRU +9.   ELCTRLR
    82             88  AT-BENEFICIARY-ADDR-TRL      VALUE +11 THRU +19. ELCTRLR
    83             88  AT-ACCOUNT-ADDR-TRL          VALUE +21 THRU +29. ELCTRLR
    84             88  AT-PHYSICIAN-ADDR-TRL        VALUE +31 THRU +39. ELCTRLR
    85             88  AT-EMPLOYERS-ADDR-TRL        VALUE +41 THRU +49. ELCTRLR
    86             88  AT-OTHER-1-ADDR-TRL          VALUE +51 THRU +59. ELCTRLR
    87             88  AT-OTHER-2-ADDR-TRL          VALUE +61 THRU +69. ELCTRLR
    88             88  AT-DIAGNOSIS-TRL             VALUE +90.          ELCTRLR
    89             88  AT-BENEFICIARY-TRL           VALUE +91.
    90             88  AT-SPECIAL-REVIEW-TRL        VALUE +92.
    91             88  AT-VFY-2ND-BENE-NOTE-TRL     VALUE +93.
    92             88  AT-VFY-CAUSAL-STATE          VALUE +94.
    93             88  AT-ERROR-MSGS-TRL            VALUE +95.
    94                                                                  ELCTRLR
    95     12  AT-TRAILER-TYPE                 PIC X.                   ELCTRLR
    96         88  RESERVE-EXPENSE-TR               VALUE '1'.          ELCTRLR
    97         88  PAYMENT-TR                       VALUE '2'.          ELCTRLR
    98         88  AUTO-PAY-TR                      VALUE '3'.          ELCTRLR
    99         88  CORRESPONDENCE-TR                VALUE '4'.          ELCTRLR
   100         88  ADDRESS-TR                       VALUE '5'.          ELCTRLR
   101         88  GENERAL-INFO-TR                  VALUE '6'.          ELCTRLR
   102         88  AUTO-PROMPT-TR                   VALUE '7'.          ELCTRLR
   103         88  DENIAL-TR                        VALUE '8'.          ELCTRLR
   104         88  INCURRED-CHG-TR                  VALUE '9'.          ELCTRLR
   105         88  FORM-CONTROL-TR                  VALUE 'A'.          ELCTRLR
   106                                                                  ELCTRLR
   107     12  AT-RECORDED-DT                  PIC XX.                  ELCTRLR
   108     12  AT-RECORDED-BY                  PIC X(4).                ELCTRLR
   109     12  AT-LAST-MAINT-HHMMSS            PIC S9(6)     COMP-3.    ELCTRLR
   110                                                                  ELCTRLR
   111     12  AT-TRAILER-BODY                 PIC X(165).              ELCTRLR
   112                                                                  ELCTRLR
   113     12  AT-RESERVE-EXPENSE-TR  REDEFINES  AT-TRAILER-BODY.       ELCTRLR
   114         16  AT-RESERVE-CONTROLS.                                 ELCTRLR
   115             20  AT-MANUAL-SW            PIC X.                   ELCTRLR
   116                 88  AT-MANUAL-RESERVES-USED VALUE '1'.           ELCTRLR
   117             20  AT-FUTURE-SW            PIC X.                   ELCTRLR
   118                 88  AT-FUTURE-RESERVES-USED VALUE '1'.           ELCTRLR
   119             20  AT-PTC-SW               PIC X.                   ELCTRLR
   120                 88  AT-PAY-TO-CURRENT-USED  VALUE '1'.           ELCTRLR
   121             20  AT-IBNR-SW              PIC X.                   ELCTRLR
   122                 88  AT-IBNR-RESERVES-USED   VALUE '1'.           ELCTRLR
   123             20  AT-PTC-LF-SW            PIC X.                   ELCTRLR
   124                 88  AT-LF-PTC-USED          VALUE '1'.           ELCTRLR
   125             20  AT-CDT-ACCESS-METHOD    PIC X.                   ELCTRLR
   126                 88  AT-CDT-ROUND-NEAR       VALUE '1'.           ELCTRLR
   127                 88  AT-CDT-ROUND-HIGH       VALUE '2'.           ELCTRLR
* Micro Focus Server Express         V5.1 revision 000 06-Oct-15 17:19 Page   4
* ZAJRATC1.cbl (/apps/prod/cid1p/copy/ELCTRLR)
   128                 88  AT-CDT-INTERPOLATED     VALUE '3'.           ELCTRLR
   129             20  AT-PERCENT-OF-CDT       PIC S9(3)V99    COMP-3.  ELCTRLR
   130         16  AT-LAST-COMPUTED-DT         PIC XX.                  ELCTRLR
   131         16  AT-FUTURE-RESERVE           PIC S9(7)V99    COMP-3.  ELCTRLR
   132         16  AT-PAY-CURRENT-RESERVE      PIC S9(7)V99    COMP-3.  ELCTRLR
   133         16  AT-IBNR-RESERVE             PIC S9(7)V99    COMP-3.  ELCTRLR
   134         16  AT-INITIAL-MANUAL-RESERVE   PIC S9(7)V99    COMP-3.  ELCTRLR
   135         16  AT-CURRENT-MANUAL-RESERVE   PIC S9(7)V99    COMP-3.  ELCTRLR
   136         16  AT-ITD-ADDITIONAL-RESERVE   PIC S9(7)V99    COMP-3.  ELCTRLR
   137         16  AT-EXPENSE-CONTROLS.                                 ELCTRLR
   138             20  AT-EXPENSE-METHOD       PIC X.                   ELCTRLR
   139                 88  NO-EXPENSE-CALCULATED    VALUE '1'.          ELCTRLR
   140                 88  FLAT-DOLLAR-PER-PMT      VALUE '2'.          ELCTRLR
   141                 88  PERCENT-OF-PMT           VALUE '3'.          ELCTRLR
   142                 88  DOLLAR-PER-OPEN-MONTH    VALUE '4'.          ELCTRLR
   143             20  AT-EXPENSE-PERCENT      PIC S9(3)V99    COMP-3.  ELCTRLR
   144             20  AT-EXPENSE-DOLLAR       PIC S9(3)V99    COMP-3.  ELCTRLR
   145         16  AT-ITD-PAID-EXPENSES        PIC S9(5)V99    COMP-3.  ELCTRLR
   146         16  AT-ITD-CHARGEABLE-EXPENSE   PIC S9(5)V99    COMP-3.  ELCTRLR
   147                                                                  ELCTRLR
   148         16  AT-ITD-LIFE-REFUNDS         PIC S9(5)V99    COMP-3.  ELCTRLR
   149         16  AT-ITD-AH-REFUNDS           PIC S9(5)V99    COMP-3.  ELCTRLR
   150                                                                  ELCTRLR
   151*        16  FILLER                      PIC X(53).               ELCTRLR
   152         16  FILLER                      PIC X(47).               ELCTRLR
   153                                                                  ELCTRLR
   154         16  AT-RESERVES-LAST-MAINT-DT   PIC XX.                  ELCTRLR
   155         16  AT-RESERVES-LAST-UPDATED-BY PIC X(4).                ELCTRLR
   156                                                                  ELCTRLR
   157         16  AT-OPEN-CLOSE-HISTORY OCCURS 6 TIMES.                ELCTRLR
   158             20  AT-OPEN-CLOSE-DATE      PIC XX.                  ELCTRLR
   159             20  AT-OPEN-CLOSE-TYPE      PIC X.                   ELCTRLR
   160*                    C = CLOSED                                   ELCTRLR
   161*                    O = OPEN                                     ELCTRLR
   162             20  AT-OPEN-CLOSE-REASON    PIC X(5).                ELCTRLR
   163*                   REASONS = ALTER, AUTO, FINAL, NEW, FORCE      ELCTRLR
   164                                                                  ELCTRLR
   165     12  AT-PAYMENT-TR  REDEFINES  AT-TRAILER-BODY.               ELCTRLR
   166         16  AT-PAYMENT-TYPE             PIC X.                   ELCTRLR
   167             88  PARTIAL-PAYMENT                VALUE '1'.        ELCTRLR
   168             88  FINAL-PAYMENT                  VALUE '2'.        ELCTRLR
   169             88  LUMP-SUM-PAYMENT               VALUE '3'.        ELCTRLR
   170             88  ADDITIONAL-PAYMENT             VALUE '4'.        ELCTRLR
   171             88  CHARGEABLE-EXPENSE             VALUE '5'.        ELCTRLR
   172             88  NON-CHARGEABLE-EXPENSE         VALUE '6'.        ELCTRLR
   173             88  VOIDED-PAYMENT                 VALUE '9'.        ELCTRLR
   174             88  TRANSFER                       VALUE 'T'.
   175             88  LIFE-INTEREST                  VALUE 'I'.
   176                                                                  ELCTRLR
   177         16  AT-CLAIM-TYPE               PIC X.                   ELCTRLR
   178             88  PAID-FOR-AH                    VALUE 'A'.        ELCTRLR
   179             88  PAID-FOR-LIFE                  VALUE 'L'.        ELCTRLR
   180             88  PAID-FOR-IUI                   VALUE 'I'.        ELCTRLR
   181             88  PAID-FOR-GAP                   VALUE 'G'.        ELCTRLR
   182             88  PAID-FOR-FAM                   VALUE 'F'.
   183         16  AT-CLAIM-PREM-TYPE          PIC X.                   ELCTRLR
   184             88  AT-SINGLE-PREMIUM              VALUE '1'.        ELCTRLR
   185             88  AT-O-B-COVERAGE                VALUE '2'.        ELCTRLR
* Micro Focus Server Express         V5.1 revision 000 06-Oct-15 17:19 Page   5
* ZAJRATC1.cbl (/apps/prod/cid1p/copy/ELCTRLR)
   186             88  AT-OPEN-END-COVERAGE           VALUE '3'.        ELCTRLR
   187         16  AT-AMOUNT-PAID              PIC S9(7)V99  COMP-3.    ELCTRLR
   188         16  AT-CHECK-NO                 PIC X(7).                ELCTRLR
   189         16  AT-PAID-FROM-DT             PIC XX.                  ELCTRLR
   190         16  AT-PAID-THRU-DT             PIC XX.                  ELCTRLR
   191         16  AT-DAYS-IN-PERIOD           PIC S9(4)     COMP.      ELCTRLR
   192         16  FILLER                      PIC X.                   ELCTRLR
   193         16  AT-PAYEES-NAME              PIC X(30).               ELCTRLR
   194         16  AT-PAYMENT-ORIGIN           PIC X.                   ELCTRLR
   195             88  ONLINE-MANUAL-PMT              VALUE '1'.        ELCTRLR
   196             88  ONLINE-AUTO-PMT                VALUE '2'.        ELCTRLR
   197             88  OFFLINE-PMT                    VALUE '3'.        ELCTRLR
   198         16  AT-CHECK-WRITTEN-DT         PIC XX.                  ELCTRLR
   199         16  AT-TO-BE-WRITTEN-DT         PIC XX.                  ELCTRLR
   200         16  AT-VOID-DATA.                                        ELCTRLR
   201             20  AT-VOID-DT              PIC XX.                  ELCTRLR
   202*00144       20  AT-VOID-REASON          PIC X(30).               ELCTRLR
   203             20  AT-VOID-REASON          PIC X(26).
   204         16  AT-PMT-APPROVED-BY          PIC X(04).
   205         16  AT-ADDL-RESERVE             PIC S9(5)V99  COMP-3.    ELCTRLR
   206         16  AT-EXPENSE-PER-PMT          PIC S9(5)V99  COMP-3.    ELCTRLR
   207         16  AT-INT-RATE REDEFINES AT-EXPENSE-PER-PMT
   208                                         PIC S99V9(5)  COMP-3.
   209         16  AT-CREDIT-INTERFACE.                                 ELCTRLR
   210             20  AT-PMT-SELECT-DT        PIC XX.                  ELCTRLR
   211                 88  PAYMENT-NOT-SELECTED  VALUE LOW-VALUE.       ELCTRLR
   212             20  AT-PMT-ACCEPT-DT        PIC XX.                  ELCTRLR
   213                 88  PAYMENT-NOT-ACCEPTED  VALUE LOW-VALUE.       ELCTRLR
   214             20  AT-VOID-SELECT-DT       PIC XX.                  ELCTRLR
   215                 88  VOID-NOT-SELECTED     VALUE LOW-VALUE.       ELCTRLR
   216             20  AT-VOID-ACCEPT-DT       PIC XX.                  ELCTRLR
   217                 88  VOID-NOT-ACCEPTED     VALUE LOW-VALUE.       ELCTRLR
   218                                                                  ELCTRLR
   219         16  AT-CHECK-QUE-CONTROL        PIC S9(8)     COMP.      ELCTRLR
   220                 88  PAYMENT-NOT-QUEUED           VALUE ZERO.     ELCTRLR
   221                 88  CONVERSION-PAYMENT           VALUE +99999999.ELCTRLR
   222         16  AT-CHECK-QUE-SEQUENCE       PIC S9(4)     COMP.      ELCTRLR
   223                                                                  ELCTRLR
   224         16  AT-FORCE-CONTROL            PIC X.                   ELCTRLR
   225             88  PAYMENT-WAS-FORCED           VALUE '1'.          ELCTRLR
   226         16  AT-PREV-LAST-PMT-DT         PIC XX.                  ELCTRLR
   227         16  AT-PREV-PAID-THRU-DT        PIC XX.                  ELCTRLR
   228         16  AT-PREV-LAST-PMT-AMT        PIC S9(7)V99  COMP-3.    ELCTRLR
   229         16  AT-ELIMINATION-DAYS         PIC S999      COMP-3.    ELCTRLR
   230         16  AT-DAILY-RATE               PIC S9(3)V99  COMP-3.    ELCTRLR
   231         16  AT-BENEFIT-TYPE             PIC X.                   ELCTRLR
   232                                                                  ELCTRLR
   233         16  AT-EXPENSE-TYPE             PIC X.                   ELCTRLR
   234         16  AT-PAYMENT-APPROVAL-SW      PIC X.                   ELCTRLR
   235                                                                  ELCTRLR
   236         16  AT-PAYEE-TYPE-CD.                                    ELCTRLR
   237             20  AT-PAYEE-TYPE           PIC X.                   ELCTRLR
   238                 88  INSURED-PAID           VALUE 'I'.            ELCTRLR
   239                 88  BENEFICIARY-PAID       VALUE 'B'.            ELCTRLR
   240                 88  ACCOUNT-PAID           VALUE 'A'.            ELCTRLR
   241                 88  OTHER-1-PAID           VALUE 'O'.            ELCTRLR
   242                 88  OTHER-2-PAID           VALUE 'Q'.            ELCTRLR
   243                 88  DOCTOR-PAID            VALUE 'P'.            ELCTRLR
* Micro Focus Server Express         V5.1 revision 000 06-Oct-15 17:19 Page   6
* ZAJRATC1.cbl (/apps/prod/cid1p/copy/ELCTRLR)
   244                 88  EMPLOYER-PAID          VALUE 'E'.            ELCTRLR
   245             20  AT-PAYEE-SEQ            PIC X.                   ELCTRLR
   246                                                                  ELCTRLR
   247         16  AT-CASH-PAYMENT             PIC X.                   ELCTRLR
   248         16  AT-GROUPED-PAYMENT          PIC X.                   ELCTRLR
   249         16  AT-PAYMENT-NOTE-SEQ-NO      PIC S9(4)       COMP.    ELCTRLR
   250         16  AT-APPROVAL-LEVEL-REQD      PIC X.                   ELCTRLR
   251         16  AT-APPROVED-LEVEL           PIC X.                   ELCTRLR
   252         16  AT-VOID-TYPE                PIC X.                   ELCTRLR
   253             88  AT-PAYMENT-WAS-STOPPED     VALUE 'S'.            ELCTRLR
   254             88  AT-PAYMENT-WAS-VOIDED      VALUE 'V'.            ELCTRLR
   255         16  AT-AIG-UNEMP-IND            PIC X.                   ELCTRLR
   256             88  AT-AIG-UNEMPLOYMENT-PMT    VALUE 'U'.            ELCTRLR
   257         16  AT-ASSOCIATES               PIC X.                   ELCTRLR
   258             88  AT-AIG-INTERFACE           VALUE 'I' 'N'.        ELCTRLR
   259             88  AT-AIG-NON-INTERFACE       VALUE 'A' 'M'.        ELCTRLR
   260                                                                  ELCTRLR
   261         16  AT-FORM-CTL-SEQ-NO          PIC S9(4)       COMP.    ELCTRLR
   262         16  AT-CV-PMT-CODE              PIC X.                   ELCTRLR
   263             88  FULL-DEATH-PAYMENT         VALUE '1'.            ELCTRLR
   264             88  HALF-DEATH-PAYMENT         VALUE '2'.            ELCTRLR
   265             88  FULL-ADD-PAYMENT           VALUE '3'.            ELCTRLR
   266             88  HALF-ADD-PAYMENT           VALUE '4'.            ELCTRLR
   267             88  FULL-RIDER-PAYMENT         VALUE '5'.            ELCTRLR
   268             88  HALF-RIDER-PAYMENT         VALUE '6'.            ELCTRLR
   269             88  NON-CHG-EXP-PAYMENT        VALUE '7'.            ELCTRLR
   270             88  ADDL-PAYMENT               VALUE '8'.            ELCTRLR
   271                                                                  ELCTRLR
   272         16  AT-EOB-CODE1                PIC XXX.                 ELCTRLR
   273         16  AT-EOB-CODE2                PIC XXX.                 ELCTRLR
   274         16  AT-EOB-CODE3                PIC XXX.
   275         16  FILLER REDEFINES AT-EOB-CODE3.
   276             20  AT-PRINT-CLM-FORM       PIC X.
   277             20  AT-PRINT-SURVEY         PIC X.
   278             20  AT-SPECIAL-RELEASE      PIC X.
   279         16  AT-EOB-CODE4                PIC XXX.                 ELCTRLR
   280         16  FILLER REDEFINES AT-EOB-CODE4.
   281             20  AT-INT-PMT-SELECT-DT    PIC XX.
   282             20  FILLER                  PIC X.
   283         16  AT-EOB-CODE5                PIC XXX.                 ELCTRLR
   284         16  FILLER REDEFINES AT-EOB-CODE5.
   285             20  AT-PMT-PROOF-DT         PIC XX.
   286             20  FILLER                  PIC X.
   287                                                                  ELCTRLR
   288         16  AT-PRINT-EOB-WITH-CHECK     PIC X.
   289             88  AT-PRINT-EOB            VALUE 'Y'.
   290                                                                  ELCTRLR
   291         16  AT-PAYMENT-LAST-MAINT-DT    PIC XX.                  ELCTRLR
   292         16  AT-PAYMENT-LAST-UPDATED-BY  PIC X(4).                ELCTRLR
   293                                                                  ELCTRLR
   294     12  AT-AUTO-PAY-TR  REDEFINES  AT-TRAILER-BODY.              ELCTRLR
   295         16  AT-SCHEDULE-START-DT        PIC XX.                  ELCTRLR
   296         16  AT-SCHEDULE-END-DT          PIC XX.                  ELCTRLR
   297         16  AT-TERMINATED-DT            PIC XX.                  ELCTRLR
   298         16  AT-LAST-PMT-TYPE            PIC X.                   ELCTRLR
   299             88  LAST-PMT-IS-FINAL              VALUE 'F'.        ELCTRLR
   300             88  LAST-PMT-IS-PARTIAL            VALUE 'P'.        ELCTRLR
   301         16  AT-FIRST-PMT-DATA.                                   ELCTRLR
* Micro Focus Server Express         V5.1 revision 000 06-Oct-15 17:19 Page   7
* ZAJRATC1.cbl (/apps/prod/cid1p/copy/ELCTRLR)
   302             20  AT-FIRST-PMT-AMT        PIC S9(7)V99  COMP-3.    ELCTRLR
   303             20  AT-DAYS-IN-1ST-PMT      PIC S9(4)     COMP.      ELCTRLR
   304             20  AT-1ST-PAY-THRU-DT      PIC XX.                  ELCTRLR
   305         16  AT-REGULAR-PMT-DATA.                                 ELCTRLR
   306             20  AT-REGULAR-PMT-AMT      PIC S9(7)V99  COMP-3.    ELCTRLR
   307             20  AT-DAYS-IN-REG-PMT      PIC S9(4)     COMP.      ELCTRLR
   308             20  AT-INTERVAL-MONTHS      PIC S9(4)     COMP.      ELCTRLR
   309         16  AT-AUTO-PAYEE-CD.                                    ELCTRLR
   310             20  AT-AUTO-PAYEE-TYPE      PIC X.                   ELCTRLR
   311                 88  INSURED-PAID-AUTO      VALUE 'I'.            ELCTRLR
   312                 88  BENEFICIARY-PAID-AUTO  VALUE 'B'.            ELCTRLR
   313                 88  ACCOUNT-PAID-AUTO      VALUE 'A'.            ELCTRLR
   314                 88  OTHER-1-PAID-AUTO      VALUE 'O'.            ELCTRLR
   315                 88  OTHER-2-PAID-AUTO      VALUE 'Q'.            ELCTRLR
   316             20  AT-AUTO-PAYEE-SEQ       PIC X.                   ELCTRLR
   317         16  AT-AUTO-PAY-DAY             PIC 99.                  ELCTRLR
   318         16  AT-AUTO-CASH                PIC X.                   ELCTRLR
   319             88  AT-CASH                      VALUE 'Y'.          ELCTRLR
   320             88  AT-NON-CASH                  VALUE 'N'.          ELCTRLR
   321*        16  FILLER                      PIC X(129).              ELCTRLR
   322         16  AT-AUTO-END-LETTER          PIC X(4).
   323         16  FILLER                      PIC X(125).
   324                                                                  ELCTRLR
   325         16  AT-AUTO-PAY-LAST-MAINT-DT   PIC XX.                  ELCTRLR
   326         16  AT-AUTO-PAY-LAST-UPDATED-BY PIC X(4).                ELCTRLR
   327                                                                  ELCTRLR
   328     12  AT-CORRESPONDENCE-TR  REDEFINES  AT-TRAILER-BODY.        ELCTRLR
   329         16  AT-LETTER-SENT-DT           PIC XX.                  ELCTRLR
   330         16  AT-RECEIPT-FOLLOW-UP        PIC XX.                  ELCTRLR
   331         16  AT-AUTO-RE-SEND-DT          PIC XX.                  ELCTRLR
   332         16  AT-LETTER-ANSWERED-DT       PIC XX.                  ELCTRLR
   333         16  AT-LETTER-ARCHIVE-NO        PIC S9(8)     COMP.      ELCTRLR
   334         16  AT-LETTER-ORIGIN            PIC X.                   ELCTRLR
   335             88  ONLINE-CREATION              VALUE '1' '3'.
   336             88  OFFLINE-CREATION             VALUE '2' '4'.
   337             88  NAPER-ONLINE-CREATION        VALUE '3'.
   338             88  NAPER-OFFLINE-CREATION       VALUE '4'.
   339         16  AT-STD-LETTER-FORM          PIC X(4).                ELCTRLR
   340         16  AT-REASON-TEXT              PIC X(70).               ELCTRLR
   341         16  AT-ADDRESS-REC-SEQ-NO       PIC S9(4)     COMP.      ELCTRLR
   342         16  AT-ADDRESEE-TYPE            PIC X.                   ELCTRLR
   343              88  INSURED-ADDRESEE            VALUE 'I'.          ELCTRLR
   344              88  BENEFICIARY-ADDRESEE        VALUE 'B'.          ELCTRLR
   345              88  ACCOUNT-ADDRESEE            VALUE 'A'.          ELCTRLR
   346              88  PHYSICIAN-ADDRESEE          VALUE 'P'.          ELCTRLR
   347              88  EMPLOYER-ADDRESEE           VALUE 'E'.          ELCTRLR
   348              88  OTHER-ADDRESEE-1            VALUE 'O'.          ELCTRLR
   349              88  OTHER-ADDRESEE-2            VALUE 'Q'.          ELCTRLR
   350         16  AT-ADDRESSEE-NAME           PIC X(30).               ELCTRLR
   351         16  AT-INITIAL-PRINT-DATE       PIC XX.                  ELCTRLR
   352         16  AT-RESEND-PRINT-DATE        PIC XX.                  ELCTRLR
   353         16  AT-CORR-SOL-UNSOL           PIC X.                   ELCTRLR
   354         16  AT-LETTER-PURGED-DT         PIC XX.                  ELCTRLR
   355*                                                                 ELCTRLR
   356*FOLLOWING CID CHGS REENTERED AS DMD CHGS OVERLAID THEM.          ELCTRLR
   357*                                                                 ELCTRLR
   358         16  AT-CSO-REDEFINITION.                                 00001862
   359             20  AT-RESEND-LETTER-FORM   PIC X(4).
* Micro Focus Server Express         V5.1 revision 000 06-Oct-15 17:19 Page   8
* ZAJRATC1.cbl (/apps/prod/cid1p/copy/ELCTRLR)
   360             20  AT-AUTO-CLOSE-IND       PIC X(1).
   361             20  AT-LETTER-TO-BENE       PIC X(1).
   362             20  AT-STOP-LETTER-DT       PIC X(2).
   363             20  FILLER                  PIC X(19).
   364*             20  FILLER                  PIC X(27).               0000186
   365             20  AT-CSO-LETTER-STATUS    PIC X.                   00001864
   366                 88  AT-CSO-LETTER-ONLINE    VALUE '1'.           00001865
   367                 88  AT-CSO-LETTER-PURGED    VALUE '2'.           00001866
   368                 88  AT-CSO-LETTER-RELOADED  VALUE '3'.           00001867
   369             20  AT-CSO-LETTER-PURGE-DATE   PIC XX.               00001868
   370             20  AT-CSO-LETTER-RELOAD-DATE  PIC XX.               00001869
   371*                                                                 ELCTRLR
   372*FOLLOWING DMD CHGS COMMENTED OUT AS THEY OVERLAY CID MODS NEEDED ELCTRLR
   373*                                                                 ELCTRLR
   374*        16  FILLER                      PIC X(26).               ELCTRLR
   375*                                                                 ELCTRLR
   376*        16  AT-DMD-BSR-CODE             PIC X.                   ELCTRLR
   377*            88  AT-AUTOMATED-BSR              VALUE 'A'.         ELCTRLR
   378*            88  AT-NON-AUTOMATED-BSR          VALUE 'B' ' '.     ELCTRLR
   379*                                                                 ELCTRLR
   380*        16  AT-DMD-LETTER-STATUS        PIC X.                   ELCTRLR
   381*            88  AT-DMD-LETTER-ONLINE          VALUE '1'.         ELCTRLR
   382*            88  AT-DMD-LETTER-PURGED          VALUE '2'.         ELCTRLR
   383*            88  AT-DMD-LETTER-RELOADED        VALUE '3'.         ELCTRLR
   384*        16  AT-DMD-LETTER-PURGE-DT      PIC XX.                  ELCTRLR
   385*        16  AT-DMD-LETTER-RELOAD-DT     PIC XX.                  ELCTRLR
   386                                                                  ELCTRLR
   387         16  AT-CORR-LAST-MAINT-DT       PIC XX.                  ELCTRLR
   388         16  AT-CORR-LAST-UPDATED-BY     PIC X(4).                ELCTRLR
   389                                                                  ELCTRLR
   390     12  AT-ADDRESS-TR  REDEFINES  AT-TRAILER-BODY.               ELCTRLR
   391         16  AT-ADDRESS-TYPE             PIC X.                   ELCTRLR
   392             88  INSURED-ADDRESS               VALUE 'I'.         ELCTRLR
   393             88  BENEFICIARY-ADDRESS           VALUE 'B'.         ELCTRLR
   394             88  ACCOUNT-ADDRESS               VALUE 'A'.         ELCTRLR
   395             88  PHYSICIAN-ADDRESS             VALUE 'P'.         ELCTRLR
   396             88  EMPLOYER-ADDRESS              VALUE 'E'.         ELCTRLR
   397             88  OTHER-ADDRESS-1               VALUE 'O'.         ELCTRLR
   398             88  OTHER-ADDRESS-2               VALUE 'Q'.         ELCTRLR
   399         16  AT-MAIL-TO-NAME             PIC X(30).               ELCTRLR
   400         16  AT-ADDRESS-LINE-1           PIC X(30).               ELCTRLR
   401         16  AT-ADDRESS-LINE-2           PIC X(30).               ELCTRLR
   402         16  AT-CITY-STATE.
   403             20  AT-CITY                 PIC X(28).
   404             20  AT-STATE                PIC XX.
   405         16  AT-ZIP.                                              ELCTRLR
   406             20  AT-ZIP-CODE.                                     ELCTRLR
   407                 24  AT-ZIP-1ST          PIC X.                   ELCTRLR
   408                     88  AT-CANADIAN-POST-CODE VALUE 'A' THRU 'Z'.ELCTRLR
   409                 24  FILLER              PIC X(4).                ELCTRLR
   410             20  AT-ZIP-PLUS4            PIC X(4).                ELCTRLR
   411         16  AT-CANADIAN-POSTAL-CODE  REDEFINES  AT-ZIP.          ELCTRLR
   412             20  AT-CAN-POSTAL-1         PIC XXX.                 ELCTRLR
   413             20  AT-CAN-POSTAL-2         PIC XXX.                 ELCTRLR
   414             20  FILLER                  PIC XXX.                 ELCTRLR
   415         16  AT-PHONE-NO                 PIC 9(11)     COMP-3.    ELCTRLR
   416*         16  FILLER                      PIC X(23).               ELCTRLR
   417         16  AT-VFY-2ND-BENE-SSN         PIC X(9).
* Micro Focus Server Express         V5.1 revision 000 06-Oct-15 17:19 Page   9
* ZAJRATC1.cbl (/apps/prod/cid1p/copy/ELCTRLR)
   418         16  AT-VFY-2ND-BENE-VERIFIED    PIC X.
   419         16  FILLER                      PIC X(13).
   420         16  AT-ADDRESS-LAST-MAINT-DT    PIC XX.                  ELCTRLR
   421         16  AT-ADDRESS-LAST-UPDATED-BY  PIC X(4).                ELCTRLR
   422                                                                  ELCTRLR
   423     12  AT-GENERAL-INFO-TR  REDEFINES  AT-TRAILER-BODY.          ELCTRLR
   424         16  AT-INFO-LINE-1              PIC X(60).               ELCTRLR
   425         16  FILLER REDEFINES AT-INFO-LINE-1.
   426             20  AT-NOTE-ERROR-NO OCCURS 15
   427                                         PIC X(4).
   428         16  AT-INFO-LINE-2              PIC X(60).               ELCTRLR
   429         16  FILLER REDEFINES AT-INFO-LINE-2.
   430             20  AT-ICD-CODE-1           PIC X(8).
   431             20  AT-ICD-CODE-2           PIC X(8).
   432             20  FILLER                  PIC X(44).
   433         16  AT-INFO-TRAILER-TYPE        PIC X.                   ELCTRLR
   434             88  AT-ERRORS-NOTE          VALUE 'E'.
   435             88  AT-PAYMENT-NOTE         VALUE 'P'.               ELCTRLR
   436             88  AT-CALL-NOTE            VALUE 'C'.               ELCTRLR
   437             88  AT-MAINT-NOTE           VALUE 'M'.               ELCTRLR
   438             88  AT-CERT-CHANGE          VALUE 'X'.               ELCTRLR
   439             88  AT-APPROVAL-NOTE        VALUE 'R'.
   440             88  AT-NOTE-FILE-NOTE       VALUE 'N'.
   441             88  AT-CERT-CANCELLED       VALUE 'T'.
   442         16  AT-CALL-TYPE                PIC X.                   ELCTRLR
   443             88  AT-PHONE-CALL-IN        VALUE 'I'.               ELCTRLR
   444             88  AT-PHONE-CALL-OUT       VALUE 'O'.               ELCTRLR
   445         16  AT-NOTE-CONTINUATION        PIC X.                   ELCTRLR
   446             88  AT-CONTINUED-NOTE       VALUE 'X'.
   447         16  AT-EOB-CODES-EXIST          PIC X.
   448             88  AT-EOB-CODES-PRESENT    VALUE 'Y'.
   449         16  FILLER                      PIC X(35).               ELCTRLR
   450         16  AT-GEN-INFO-LAST-MAINT-DT   PIC XX.                  ELCTRLR
   451         16  AT-GEN-INFO-LAST-UPDATED-BY PIC X(4).                ELCTRLR
   452                                                                  ELCTRLR
   453     12  AT-AUTO-PROMPT-TR  REDEFINES  AT-TRAILER-BODY.           ELCTRLR
   454         16  AT-PROMPT-LINE-1            PIC X(60).               ELCTRLR
   455         16  AT-PROMPT-LINE-2            PIC X(60).               ELCTRLR
   456         16  AT-PROMPT-START-DT          PIC XX.                  ELCTRLR
   457         16  AT-PROMPT-END-DT            PIC XX.                  ELCTRLR
   458         16  FILLER                      PIC X(35).               ELCTRLR
   459         16  AT-PROMPT-LAST-MAINT-DT     PIC XX.                  ELCTRLR
   460         16  AT-PROMPT-LAST-UPDATED-BY   PIC X(4).                ELCTRLR
   461                                                                  ELCTRLR
   462     12  AT-DENIAL-INFO-TR  REDEFINES  AT-TRAILER-BODY.           ELCTRLR
   463         16  AT-DENIAL-INFO-1            PIC X(60).               ELCTRLR
   464         16  AT-DENIAL-INFO-2            PIC X(60).               ELCTRLR
   465         16  AT-DENIAL-DT                PIC XX.                  ELCTRLR
   466         16  AT-RETRACTION-DT            PIC XX.                  ELCTRLR
   467         16  AT-DENIAL-REASON-CODE       PIC X(4).                ELCTRLR
   468*         16  FILLER                      PIC X(31).               ELCTRLR
   469         16  AT-DENIAL-PROOF-DT          PIC XX.
   470         16  FILLER                      PIC X(29).
   471         16  AT-DENIAL-LAST-MAINT-DT     PIC XX.                  ELCTRLR
   472         16  AT-DENIAL-LAST-UPDATED-BY   PIC X(4).                ELCTRLR
   473                                                                  ELCTRLR
   474     12  AT-INCURRED-CHG-TR  REDEFINES  AT-TRAILER-BODY.          ELCTRLR
   475         16  AT-OLD-INCURRED-DT          PIC XX.                  ELCTRLR
* Micro Focus Server Express         V5.1 revision 000 06-Oct-15 17:19 Page  10
* ZAJRATC1.cbl (/apps/prod/cid1p/copy/ELCTRLR)
   476         16  AT-OLD-REPORTED-DT          PIC XX.                  ELCTRLR
   477         16  AT-OLD-ESTABLISHED-DT       PIC XX.                  ELCTRLR
   478         16  AT-OLD-TOTAL-PAID           PIC S9(7)V99     COMP-3. ELCTRLR
   479         16  AT-OLD-DAYS-PAID            PIC S9(4)        COMP.   ELCTRLR
   480         16  AT-OLD-NO-OF-PMTS           PIC S9(3)        COMP-3. ELCTRLR
   481         16  AT-OLD-PAID-THRU-DT         PIC XX.                  ELCTRLR
   482         16  AT-LAST-PMT-MADE-DT         PIC XX.                  ELCTRLR
   483         16  FILLER                      PIC X(26).               ELCTRLR
   484         16  AT-OLD-DIAG-CODE            PIC X(6).                ELCTRLR
   485         16  AT-TRAILER-CNT-AT-CHG       PIC S9(4)        COMP.   ELCTRLR
   486         16  AT-OLD-ITD-PAID-EXPENSE     PIC S9(5)V99     COMP-3. ELCTRLR
   487         16  AT-OLD-CHARGABLE-EXPENSE    PIC S9(5)V99     COMP-3. ELCTRLR
   488         16  AT-OLD-INIT-MAN-RESV        PIC S9(7)V99     COMP-3. ELCTRLR
   489         16  AT-OLD-CURRENT-MAN-RESV     PIC S9(7)V99     COMP-3. ELCTRLR
   490         16  AT-OLD-ADDL-MAN-RESV        PIC S9(7)V99     COMP-3. ELCTRLR
   491         16  AT-OLD-DIAG-DESCRIP         PIC X(60).               ELCTRLR
   492         16  AT-OLD-ICD-CODE-1           PIC X(8).
   493         16  AT-OLD-ICD-CODE-2           PIC X(8).
   494         16  FILLER                      PIC X(9).                ELCTRLR
   495         16  AT-INCURRED-LAST-UPDATED-BY PIC X(4).                ELCTRLR
   496                                                                  ELCTRLR
   497     12  AT-FORM-CONTROL-TR  REDEFINES  AT-TRAILER-BODY.          ELCTRLR
   498         16  AT-FORM-SEND-ON-DT          PIC XX.                  ELCTRLR
   499         16  AT-FORM-FOLLOW-UP-DT        PIC XX.                  ELCTRLR
   500         16  AT-FORM-RE-SEND-DT          PIC XX.                  ELCTRLR
   501         16  AT-FORM-ANSWERED-DT         PIC XX.                  ELCTRLR
   502         16  AT-FORM-PRINTED-DT          PIC XX.                  ELCTRLR
   503         16  AT-FORM-REPRINT-DT          PIC XX.                  ELCTRLR
   504         16  AT-FORM-TYPE                PIC X.                   ELCTRLR
   505             88  INITIAL-FORM                  VALUE '1'.         ELCTRLR
   506             88  PROGRESS-FORM                 VALUE '2'.         ELCTRLR
   507         16  AT-INSTRUCT-LN-1            PIC X(28).               ELCTRLR
   508         16  AT-INSTRUCT-LN-2            PIC X(28).               ELCTRLR
   509         16  AT-INSTRUCT-LN-3            PIC X(28).               ELCTRLR
   510         16  AT-FORM-ADDR-SEQ-NO         PIC S9(4)      COMP.     ELCTRLR
   511         16  AT-FORM-ADDRESS             PIC X.                   ELCTRLR
   512             88  FORM-TO-INSURED              VALUE 'I'.          ELCTRLR
   513             88  FORM-TO-ACCOUNT              VALUE 'A'.          ELCTRLR
   514             88  FORM-TO-OTHER-1              VALUE 'O'.          ELCTRLR
   515             88  FORM-TO-OTHER-2              VALUE 'Q'.          ELCTRLR
   516         16  AT-RELATED-1.                                        ELCTRLR
   517             20 AT-REL-CARR-1            PIC X.                   ELCTRLR
   518             20 AT-REL-CLAIM-1           PIC X(7).                ELCTRLR
   519             20 AT-REL-CERT-1            PIC X(11).               ELCTRLR
   520         16  AT-RELATED-2.                                        ELCTRLR
   521             20 AT-REL-CARR-2            PIC X.                   ELCTRLR
   522             20 AT-REL-CLAIM-2           PIC X(7).                ELCTRLR
   523             20 AT-REL-CERT-2            PIC X(11).               ELCTRLR
   524         16  AT-EMP-FORM-SEND-ON-DT      PIC XX.                  ELCTRLR
   525         16  AT-PHY-FORM-SEND-ON-DT      PIC XX.                  ELCTRLR
   526         16  AT-EMP-FORM-ANSWERED-DT     PIC XX.                  ELCTRLR
   527         16  AT-PHY-FORM-ANSWERED-DT     PIC XX.                  ELCTRLR
   528         16  AT-FORM-REM-PRINT-DT        PIC XX.                  ELCTRLR
   529         16  AT-STOP-FORM-DT             PIC X(2).
   530                                                                  ELCTRLR
   531         16  FILLER                      PIC X(09).               ELCTRLR
   532         16  AT-FORM-LAST-MAINT-DT       PIC XX.                  ELCTRLR
   533         16  AT-FORM-LAST-UPDATED-BY     PIC X(4).                ELCTRLR
* Micro Focus Server Express         V5.1 revision 000 06-Oct-15 17:19 Page  11
* ZAJRATC1.cbl
   534******************************************************************ELCTRLR
   535
   536 FD  TRLR-OUT
   537     RECORDING MODE F
   538     LABEL RECORDS STANDARD
   539     BLOCK CONTAINS 0 RECORDS.
   540 01  TRLR-RECORD             PIC X(200).
* Micro Focus Server Express         V5.1 revision 000 06-Oct-15 17:19 Page  12
* ZAJRATC1.cbl
   542 WORKING-STORAGE SECTION.
   543 77  FILLER  PIC X(32) VALUE '********************************'.
   544 77  FILLER  PIC X(32) VALUE '   PEMATC1   WORKING-STORAGE    '.
   545 77  FILLER  PIC X(32) VALUE '********************************'.
   546
   547 77  WS-EOF-SW               PIC X VALUE SPACES.
   548     88  END-OF-FILE               VALUE 'Y'.
   549 77  TRLR-RECS-IN            PIC 9(9) VALUE ZEROS.
   550 77  TRLR-RECS-OUT           PIC 9(9) VALUE ZEROS.
   551 77  TRLR-RECS-FIX           PIC 9(9) VALUE ZEROS.
   552
   553 LINKAGE SECTION.
   554
   555 01  PARM.
   556     05  PARM-LENGTH        COMP     PIC S9(04)    VALUE ZEROS.
   557     05  PARM-CLAIM-NUMBER           PIC X(07)     VALUE SPACES.
   558
   559
   560 PROCEDURE DIVISION USING PARM.
   561
   562 0000-MAIN.
   563
   564     DISPLAY 'PARM = ' PARM-CLAIM-NUMBER
   565
   566     PERFORM 0400-OPEN-FILES THRU 0400-EXIT
   567
   568     PERFORM 0600-INITIALIZE THRU 0600-EXIT
   569
   570     PERFORM 0100-PROCESS-TRLR THRU 0100-EXIT UNTIL
   571           END-OF-FILE
   572
   573     PERFORM 0500-CLOSE-FILES THRU 0500-EXIT
   574
   575     DISPLAY ' TRLR RECORDS READ    ' TRLR-RECS-IN
   576     DISPLAY ' TRLR RECORDS WRITTEN ' TRLR-RECS-OUT
   577     DISPLAY ' TRLR RECORDS FIXED   ' TRLR-RECS-FIX
   578     GOBACK
   579
   580     .
   581 0100-PROCESS-TRLR.
   582
   583     IF AT-CLAIM-NO = PARM-CLAIM-NUMBER
   584        PERFORM 0300-WRITE-TRLR THRU 0300-EXIT
   585     END-IF
   586
   587     PERFORM 0200-READ-TRLR THRU 0200-EXIT
   588
   589     .
   590
   591 0100-EXIT.
   592     EXIT.
   593
   594 0200-READ-TRLR.
   595
   596     READ TRLR-IN AT END
   597          SET END-OF-FILE TO TRUE
   598     END-READ
   599
* Micro Focus Server Express         V5.1 revision 000 06-Oct-15 17:19 Page  13
* ZAJRATC1.cbl
   600     IF NOT END-OF-FILE
   601        ADD 1 TO TRLR-RECS-IN
   602     END-IF
   603
   604     .
   605
   606 0200-EXIT.
   607     EXIT.
   608
   609 0300-WRITE-TRLR.
   610
   611     WRITE TRLR-RECORD FROM ACTIVITY-TRAILERS
   612     ADD 1 TO TRLR-RECS-OUT
   613
   614     .
   615
   616 0300-EXIT.
   617     EXIT.
   618
   619 0400-OPEN-FILES.
   620
   621     OPEN INPUT TRLR-IN
   622         OUTPUT TRLR-OUT
   623
   624     .
   625
   626 0400-EXIT.
   627     EXIT.
   628
   629 0500-CLOSE-FILES.
   630
   631     CLOSE TRLR-IN TRLR-OUT
   632
   633     .
   634
   635 0500-EXIT.
   636     EXIT.
   637
   638 0600-INITIALIZE.
   639
   640     PERFORM 0200-READ-TRLR THRU 0200-EXIT
   641
   642     .
   643
   644 0600-EXIT.
   645     EXIT.
   646
* Micro Focus Server Express         V5.1 revision 000 Compiler
* Copyright (C) Micro Focus IP Development Limited 1984-2012.
*                                                        REF GNR-008065005AF
* Total Messages:     0
* Data:        1944     Code:         670
