
         DFHMDF POS=(3,49),                                            X
               LENGTH=8,                                               X
               INITIAL=' CARRIER:',                                    X
   70:        warning... INITIAL value exceeds LENGTH. value truncated

         DFHMDF POS=(3,60),                                            X
               LENGTH=05,                                              X
               INITIAL=' CERT:',                                       X
   76:        warning... INITIAL value exceeds LENGTH. value truncated

PDAMT    DFHMDF POS=(11,33),                                           X
               LENGTH=9,                                               X
               ATTRB=(ASKIP,NUM),                                      X
  259:        warning... NUM conflicts with ASKIP in ATTRB clause

NODAYS   DFHMDF POS=(11,51),                                           X
               LENGTH=05,                                              X
               PICIN='9(5)',                                           X
               PICOUT='ZZZ99',                                         X
               ATTRB=(ASKIP,NUM)                                        
  268:        warning... NUM conflicts with ASKIP in ATTRB clause

NOPMTS   DFHMDF POS=(11,65),                                           X
               LENGTH=04,                                              X
               PICIN='9(4)',                                           X
               PICOUT='ZZ99',                                          X
               ATTRB=(ASKIP,NUM)                                        
  276:        warning... NUM conflicts with ASKIP in ATTRB clause

* 522:        syntax error


 *** 1 ERRORs reported

