ls EL001S.bms EL009S.bms EL010S.bms EL012S.bms EL013S.bms EL014S.bms EL015S.bms EL052S.bms EL101S.bms EL1031S.bms EL103S.bms EL104S.bms EL105S.bms EL1061S.bms EL106S.bms EL107S.bms EL108S.bms EL109S.bms EL110S.bms EL111S.bms EL112S.bms EL113S.bms EL114S.bms EL119S.bms EL125S.bms EL126S.bms EL130S.bms EL141S.bms EL142S.bms EL143S.bms EL144S.bms EL145S.bms EL146S.bms EL1501S.bms EL1502S.bms EL151S.bms EL152S.bms EL153S.bms EL154S.bms EL155S.bms EL156S.bms EL157S.bms EL158S.bms EL160S.bms EL162S.bms EL171S.bms EL172S.bms EL173S.bms EL174S.bms EL175S.bms EL176S.bms EL178S.bms EL179S.bms EL180S.bms EL181S.bms EL183S.bms EL601S.bms EL602S.bms EL603S.bms EL6041S.bms EL604S.bms EL610S.bms EL626S.bms EL6301S.bms EL6302S.bms EL630S.bms EL6311S.bms EL6312S.bms EL6313S.bms EL631S.bms EL6321S.bms EL632S.bms EL634S.bms EL6351S.bms EL635S.bms EL6361S.bms EL636S.bms EL637S.bms EL6401S.bms EL641S.bms EL6451S.bms EL645S.bms EL6503S.bms EL6507S.bms EL6508S.bms EL6509S.bms EL6511S.bms EL651S.bms EL654S.bms EL655S.bms EL6561S.bms EL6562S.bms EL6563S.bms EL6564S.bms EL6565S.bms EL657S.bms EL658S.bms EL659S.bms EL663S.bms EL671S.bms EL677S.bms EL679S.bms EL680S.bms EL685S.bms EL686S.bms EL687S.bms EL694S.bms EL695S.bms EL850S.bms EL8521S.bms EL852S.bms EL856S.bms EL9301S.bms EL9302S.bms EL930S.bms El1283s.bms el102s.bms el1273s.bms el1274s.bms el1275s.bms el1276s.bms el1277s.bms el1278s.bms el127s.bms el131s.bms el1324s.bms el1325s.bms el132s.bms el150s.bms el6314s.bms el6331s.bms el633s.bms el640s.bms el642s.bms el6501s.bms el6502s.bms el6504s.bms el6505s.bms el6506s.bms el650s.bms el6521s.bms el652s.bms el653s.bms el656s.bms el6592s.bms el689s.bms el690s.bms
ls EL001S.bms EL009S.bms EL010S.bms EL012S.bms EL013S.bms EL014S.bms EL015S.bms EL052S.bms EL101S.bms EL1031S.bms EL103S.bms EL104S.bms EL105S.bms EL1061S.bms EL106S.bms EL107S.bms EL108S.bms EL109S.bms EL110S.bms EL111S.bms EL112S.bms EL113S.bms EL114S.bms EL119S.bms EL125S.bms EL126S.bms EL130S.bms EL141S.bms EL142S.bms EL143S.bms EL144S.bms EL145S.bms EL146S.bms EL1501S.bms EL1502S.bms EL151S.bms EL152S.bms EL153S.bms EL154S.bms EL155S.bms EL156S.bms EL157S.bms EL158S.bms EL160S.bms EL162S.bms EL171S.bms EL172S.bms EL173S.bms EL174S.bms EL175S.bms EL176S.bms EL178S.bms EL179S.bms EL180S.bms EL181S.bms EL183S.bms EL601S.bms EL602S.bms EL603S.bms EL6041S.bms EL604S.bms EL610S.bms EL626S.bms EL6301S.bms EL6302S.bms EL630S.bms EL6311S.bms EL6312S.bms EL6313S.bms EL631S.bms EL6321S.bms EL632S.bms EL634S.bms EL6351S.bms EL635S.bms EL6361S.bms EL636S.bms EL637S.bms EL6401S.bms EL641S.bms EL6451S.bms EL645S.bms EL6503S.bms EL6507S.bms EL6508S.bms EL6509S.bms EL6511S.bms EL651S.bms EL654S.bms EL655S.bms EL6561S.bms EL6562S.bms EL6563S.bms EL6564S.bms EL6565S.bms EL657S.bms EL658S.bms EL659S.bms EL663S.bms EL671S.bms EL677S.bms EL679S.bms EL680S.bms EL685S.bms EL686S.bms EL687S.bms EL694S.bms EL695S.bms EL850S.bms EL8521S.bms EL852S.bms EL856S.bms EL9301S.bms EL9302S.bms EL930S.bms El1283s.bms el102s.bms el1273s.bms el1274s.bms el1275s.bms el1276s.bms el1277s.bms el1278s.bms el127s.bms el131s.bms el1324s.bms el1325s.bms el132s.bms el150s.bms el6314s.bms el6331s.bms el633s.bms el640s.bms el642s.bms el6501s.bms el6502s.bms el6504s.bms el6505s.bms el6506s.bms el650s.bms el6521s.bms el652s.bms el653s.bms el656s.bms el6592s.bms el689s.bms el690s.bms
EL001S.bms
EL009S.bms
EL010S.bms
EL012S.bms
EL013S.bms
EL014S.bms
EL015S.bms
EL052S.bms
EL101S.bms
EL1031S.bms
EL103S.bms
EL104S.bms
EL105S.bms
EL1061S.bms
EL106S.bms
EL107S.bms
EL108S.bms
EL109S.bms
EL110S.bms
EL111S.bms
EL112S.bms
EL113S.bms
EL114S.bms
EL119S.bms
EL125S.bms
EL126S.bms
EL130S.bms
EL141S.bms
EL142S.bms
EL143S.bms
EL144S.bms
EL145S.bms
EL146S.bms
EL1501S.bms
EL1502S.bms
EL151S.bms
EL152S.bms
EL153S.bms
EL154S.bms
EL155S.bms
EL156S.bms
EL157S.bms
EL158S.bms
EL160S.bms
EL162S.bms
EL171S.bms
EL172S.bms
EL173S.bms
EL174S.bms
EL175S.bms
EL176S.bms
EL178S.bms
EL179S.bms
EL180S.bms
EL181S.bms
EL183S.bms
EL601S.bms
EL602S.bms
EL603S.bms
EL6041S.bms
EL604S.bms
EL610S.bms
EL626S.bms
EL6301S.bms
EL6302S.bms
EL630S.bms
EL6311S.bms
EL6312S.bms
EL6313S.bms
EL631S.bms
EL6321S.bms
EL632S.bms
EL634S.bms
EL6351S.bms
EL635S.bms
EL6361S.bms
EL636S.bms
EL637S.bms
EL6401S.bms
EL641S.bms
EL6451S.bms
EL645S.bms
EL6503S.bms
EL6507S.bms
EL6508S.bms
EL6509S.bms
EL6511S.bms
EL651S.bms
EL654S.bms
EL655S.bms
EL6561S.bms
EL6562S.bms
EL6563S.bms
EL6564S.bms
EL6565S.bms
EL657S.bms
EL658S.bms
EL659S.bms
EL663S.bms
EL671S.bms
EL677S.bms
EL679S.bms
EL680S.bms
EL685S.bms
EL686S.bms
EL687S.bms
EL694S.bms
EL695S.bms
EL850S.bms
EL8521S.bms
EL852S.bms
EL856S.bms
EL9301S.bms
EL9302S.bms
EL930S.bms
El1283s.bms
el102s.bms
el1273s.bms
el1274s.bms
el1275s.bms
el1276s.bms
el1277s.bms
el1278s.bms
el127s.bms
el131s.bms
el1324s.bms
el1325s.bms
el132s.bms
el150s.bms
el6314s.bms
el6331s.bms
el633s.bms
el640s.bms
el642s.bms
el6501s.bms
el6502s.bms
el6504s.bms
el6505s.bms
el6506s.bms
el650s.bms
el6521s.bms
el652s.bms
el653s.bms
el656s.bms
el6592s.bms
el689s.bms
el690s.bms
EL6507S.bms
EL6509S.bms
el1273s.bms
el1274s.bms
el1275s.bms
el1276s.bms
el1277s.bms
el1278s.bms
el127s.bms
el131s.bms
el1324s.bms
el1325s.bms
el132s.bms
el150s.bms
el6314s.bms
el6331s.bms
el633s.bms
el640s.bms
el642s.bms
el6501s.bms
el6502s.bms
el6504s.bms
el6505s.bms
el6506s.bms
el650s.bms
el6521s.bms
el652s.bms
el653s.bms
el656s.bms
el6592s.bms
el689s.bms
el690s.bms
EL6507S.bms
EL6509S.bms
el1273s.bms
el1274s.bms
el1275s.bms
el1276s.bms
el1277s.bms
el1278s.bms
el127s.bms
el131s.bms
el1324s.bms
el1325s.bms
el132s.bms
el150s.bms
el6314s.bms
el6331s.bms
el633s.bms
el640s.bms
el642s.bms
el6501s.bms
el6502s.bms
el6504s.bms
el6505s.bms
el6506s.bms
el650s.bms
el6521s.bms
el652s.bms
el653s.bms
el656s.bms
el6592s.bms
el689s.bms
el690s.bms
EL001S.BMS
EL009S.BMS
EL010S.BMS
EL012S.BMS
EL013S.BMS
EL014S.BMS
EL015S.BMS
EL052S.BMS
EL101S.BMS
EL102S.BMS
EL1031S.BMS
EL103S.BMS
EL104S.BMS
EL105S.BMS
EL1061S.BMS
EL106S.BMS
EL107S.BMS
EL108S.BMS
EL109S.BMS
EL110S.BMS
EL111S.BMS
EL112S.BMS
EL113S.BMS
EL114S.BMS
EL119S.BMS
EL125S.BMS
EL126S.BMS
EL1273S.BMS
EL1274S.BMS
EL1275S.BMS
EL1276S.BMS
EL1277S.BMS
EL1278S.BMS
EL127S.BMS
EL1283S.BMS
EL130S.BMS
EL131S.BMS
EL1324S.BMS
EL1325S.BMS
EL132S.BMS
EL141S.BMS
EL142S.BMS
EL143S.BMS
EL144S.BMS
EL145S.BMS
EL146S.BMS
EL1501S.BMS
EL1502S.BMS
EL150S.BMS
EL151S.BMS
EL152S.BMS
EL153S.BMS
EL154S.BMS
EL155S.BMS
EL156S.BMS
EL157S.BMS
EL158S.BMS
EL160S.BMS
EL162S.BMS
EL171S.BMS
EL172S.BMS
EL173S.BMS
EL174S.BMS
EL175S.BMS
EL176S.BMS
EL178S.BMS
EL179S.BMS
EL180S.BMS
EL181S.BMS
EL183S.BMS
EL601S.BMS
EL602S.BMS
EL603S.BMS
EL6041S.BMS
EL604S.BMS
EL610S.BMS
EL626S.BMS
EL6301S.BMS
EL6302S.BMS
EL630S.BMS
EL6311S.BMS
EL6312S.BMS
EL6313S.BMS
EL6314S.BMS
EL631S.BMS
EL6321S.BMS
EL632S.BMS
EL6331S.BMS
EL633S.BMS
EL634S.BMS
EL6351S.BMS
EL635S.BMS
EL6361S.BMS
EL636S.BMS
EL637S.BMS
EL6401S.BMS
EL640S.BMS
EL641S.BMS
EL642S.BMS
EL6451S.BMS
EL645S.BMS
EL6501S.BMS
EL6502S.BMS
EL6503S.BMS
EL6504S.BMS
EL6505S.BMS
EL6506S.BMS
EL6507S.BMS
EL6508S.BMS
EL6509S.BMS
EL650S.BMS
EL6511S.BMS
EL651S.BMS
EL6521S.BMS
EL652S.BMS
EL653S.BMS
EL654S.BMS
EL655S.BMS
EL6561S.BMS
EL6562S.BMS
EL6563S.BMS
EL6564S.BMS
EL6565S.BMS
EL656S.BMS
EL657S.BMS
EL658S.BMS
EL6592S.BMS
EL659S.BMS
EL663S.BMS
EL671S.BMS
EL677S.BMS
EL679S.BMS
EL680S.BMS
EL685S.BMS
EL686S.BMS
EL687S.BMS
EL689S.BMS
EL690S.BMS
EL694S.BMS
EL695S.BMS
EL850S.BMS
EL8521S.BMS
EL852S.BMS
EL856S.BMS
EL9301S.BMS
EL9302S.BMS
EL930S.BMS
EL1273S.bms
EL1274S.bms
EL1275S.bms
EL1276S.bms
EL1277S.bms
EL1278S.bms
EL127S.bms
EL131S.bms
EL1324S.bms
EL1325S.bms
EL132S.bms
EL150S.bms
EL6314S.bms
EL6331S.bms
EL633S.bms
EL642S.bms
EL6501S.bms
EL6502S.bms
EL6504S.bms
EL6505S.bms
EL6506S.bms
EL6507S.bms
EL6509S.bms
EL650S.bms
EL6521S.bms
EL652S.bms
EL653S.bms
EL656S.bms
EL6592S.bms
EL689S.bms
EL690S.bms
EL001S.bms
EL009S.bms
EL010S.bms
EL012S.bms
EL013S.bms
EL014S.bms
EL015S.bms
EL052S.bms
EL101S.bms
EL102S.bms
EL1031S.bms
EL103S.bms
EL104S.bms
EL105S.bms
EL1061S.bms
EL106S.bms
EL107S.bms
EL108S.bms
EL109S.bms
EL110S.bms
EL111S.bms
EL112S.bms
EL113S.bms
EL114S.bms
EL119S.bms
EL125S.bms
EL126S.bms
EL1273S.bms
EL1274S.bms
EL1275S.bms
EL1276S.bms
EL1277S.bms
EL1278S.bms
EL127S.bms
EL1283S.bms
EL130S.bms
EL131S.bms
EL1324S.bms
EL1325S.bms
EL132S.bms
EL141S.bms
EL142S.bms
EL143S.bms
EL144S.bms
EL145S.bms
EL146S.bms
EL1501S.bms
EL1502S.bms
EL150S.bms
EL151S.bms
EL152S.bms
EL153S.bms
EL154S.bms
EL155S.bms
EL156S.bms
EL157S.bms
EL158S.bms
EL160S.bms
EL162S.bms
EL171S.bms
EL172S.bms
EL173S.bms
EL174S.bms
EL175S.bms
EL176S.bms
EL178S.bms
EL179S.bms
EL180S.bms
EL181S.bms
EL183S.bms
EL601S.bms
EL602S.bms
EL603S.bms
EL6041S.bms
EL604S.bms
EL610S.bms
EL626S.bms
EL6301S.bms
EL6302S.bms
EL630S.bms
EL6311S.bms
EL6312S.bms
EL6313S.bms
EL6314S.bms
EL631S.bms
EL6321S.bms
EL632S.bms
EL6331S.bms
EL633S.bms
EL634S.bms
EL6351S.bms
EL635S.bms
EL6361S.bms
EL636S.bms
EL637S.bms
EL6401S.bms
EL640S.bms
EL641S.bms
EL642S.bms
EL6451S.bms
EL645S.bms
EL6501S.bms
EL6502S.bms
EL6503S.bms
EL6504S.bms
EL6505S.bms
EL6506S.bms
EL6507S.bms
EL6508S.bms
EL6509S.bms
EL650S.bms
EL6511S.bms
EL651S.bms
EL6521S.bms
EL652S.bms
EL653S.bms
EL654S.bms
EL655S.bms
EL6561S.bms
EL6562S.bms
EL6563S.bms
EL6564S.bms
EL6565S.bms
EL656S.bms
EL657S.bms
EL658S.bms
EL6592S.bms
EL659S.bms
EL663S.bms
EL671S.bms
EL677S.bms
EL679S.bms
EL680S.bms
EL685S.bms
EL686S.bms
EL687S.bms
EL689S.bms
EL690S.bms
EL694S.bms
EL695S.bms
EL850S.bms
EL8521S.bms
EL852S.bms
EL856S.bms
EL9301S.bms
EL9302S.bms
EL930S.bms
EL1273S.bms
EL1274S.bms
EL1275S.bms
EL1276S.bms
EL1277S.bms
EL1278S.bms
EL127S.bms
EL131S.bms
EL1324S.bms
EL1325S.bms
EL132S.bms
EL150S.bms
EL6314S.bms
EL6331S.bms
EL633S.bms
EL642S.bms
EL6501S.bms
EL6502S.bms
EL6504S.bms
EL6505S.bms
EL6506S.bms
EL6507S.bms
EL6509S.bms
EL650S.bms
EL6521S.bms
EL652S.bms
EL653S.bms
EL656S.bms
EL6592S.bms
EL689S.bms
EL690S.bms
EL1273S.bms
EL1274S.bms
EL1275S.bms
EL1276S.bms
EL1277S.bms
EL1278S.bms
EL127S.bms
EL131S.bms
EL132S.bms
EL690S.bms
EL103S.bms
EL162S.bms
