* Micro Focus Server Express         V5.1 revision 000 02-Nov-12 23:15 Page   1
* CSREADBL.cbl
* Options: int("CSREADBL.int") anim csi verbose NOBOUND LINKCHECK
*          PARAMCOUNTCHECK directives(cobopt.bth) endp list("CSREADBL.lst")
* Setting: NOACCEPTREFRESH NOADV ALIGN"8" ALPHASTART"1" NOALTER NOAMODE ANIM
*          NOANIMPREP ANS85 APOST NOAREACHECK ARITHMETIC"OSVS" ASSIGN
*          "EXTERNAL" NOASSIGN-PRINTER NOAUTOLOCK NOBELL NOBOUND NOBRIEF
*          NOBS2000 BWZSTAR NOBYTEMODEMOVE CALLFH"EXTFH" NOCALLMCS
*          NOCALLRECOVERY CALLSORT"EXTSM" CANCEL CANCELLBR NOCHANGEMESSAGE
*          CHARSET"ASCII" CHECKDIV"ANSI" NOCHECKREFMOD NOCICS CICS-CPY
*          NOCICSOPTIMIZE NOCMPR2 NOCOBFSTATCONV NOCOBIDY NOCOBOL370 COBOLDIR
*          NOCOMP COMP-5"2" COMP-6"2" NOCOMS85 CONFIRM NOCONVERTRET CONVSPACE
*          COPYEXT",cbl,cpy" NOCOPYLBR COPYLIST COPYLISTCOMMENT"1" CSI
*          CURRENCY-SIGN"36" CURRENT-DATE"MMDDYY" NODATA DATACOMPRESS"0"
*          NODATA-CONTEXT DATE DBCHECK DBCS"2" NODBCSSOSI DBSPACE DE-EDIT"2"
*          DEFAULTBYTE"0" NODEFAULTCALLS DETECTLOCK NODG DIALECT"MF"
*          NODIRECTIVES-IN-COMMENTS NODOSVS NODPCINSUBSCRIPT DYNAM
*          NOEARLY-RELEASE ECHO NOECHOALL NOEDITOR ENSUITE"0" NOENTCOBOL
*          ERRFORMAT"1" ERRLIST"EMBED" NOERRQ FASTSORT NOFCD3 NOFCDREG
*          NOFDCLEAR NOFILESHARE FILETYPE"0" NOFLAG NOFLAGAS NOFLAGCD
*          NOFLAGEUC NOFLAGMIG NOFLAGQ FLAGSINEDIT NOFLAGSTD NOFOLDCALLNAME
*          NOFOLDCOPYNAME FORM"60" NOFP-ROUNDING NOHOSTARITHMETIC
*          NOHOSTCONTZERO NOHOST-NUMCOMPARE NOHOST-NUMMOVE NOHOSTFD NOHOSTRW
*          NOIBM-MS IBMCOMP IDXFORMAT"0" NOILGEN IMPLICITSCOPE NOINDD
*          INFORETURN"0" NOINITCALL INITPTR INT"CSREADBL.int" INTDATE"ANSI"
*          INTLEVEL"2" IOCONV NOISO2002 NOIXNLSKEY NOIXNUMKEY KEEP-INT
*          KEYCHECK KEYCOMPRESS"0" LIBRARIAN"2" NOLINE-COUNT LIST
*          "CSREADBL.lst" LISTPATH"" LISTWIDTH"80" LITVAL-SIZE"4" LOCKTYPE"0"
*          NOMAPNAME NOMAXERROR METHODDEFAULT"REFERENCE" MF"15" MFCOMMENT
*          NOMOVELENCHECK NOMS NOMVS NATIVE"ASCII" NONATIVEFLOATINGPOINT
*          NONCHAR NONEWBASENAME NONLS NSYMBOL"DBCS" NOODOOSVS NOODOSLIDE
*          NOOLDBLANKLINE NOOLDCOPY NOOLDINDEX NOOLDNEXTSENTENCE NOOLDREADINTO
*          NOOLDSTRMIX OOCTRL"-C-E-G-P+Q+R-S+W" OPTIONAL-FILE NOOS390 OSEXT""
*          NOOSVS NOOUTDD NOP64 NOPANVALET PERFORM-TYPE"OSVS" NOPREPLIST
*          NOPREPROCESS NOPRINT-EXT NOPROFILE NOPROGID-COMMENT
*          NOPROGID-INT-NAME NOPROTECT-LINKAGE PROTOTYPE"RELAXED" QUAL
*          QUALPROC NOQUERY NOQUOTE NORAWLIST NORDW RECMODE"F" NOREENTRANT
*          NOREF NOREFNO REMAINDER"1" REPORT-LINE"256" RESEQ NORETRYLOCK
*          REWRITE-LS NORM RTNCODE-SIZE"4" NORWHARDPAGE NOSAA SEG NOSEQCHK
*          SEQUENTIAL"RECORD" NOSERIAL SETTING"LINE" NOSHAREOUTDD NOSHOW-DIR
*          SIGN"ASCII" NOSIGNDISCARD NOSIGNFIXUP SORTTYPE"DFSORT" SOURCEFORMAT
*          "FIXED" SOURCETABSTOP"8" NOSPZERO NOSSRANGE STDERR STICKY-LINKAGE
*          "2" NOSTICKY-PERFORM SUPFF SWITCHTYPE"1" SYMBSTART"1" SYSPUNCH"132"
*          TERMPAGE TIME NOTRACE NOTRUNC NOTRUNCCALLNAME NOTRUNCCOPY TRUNCINC
*          "10" UNICODE"NATIVE" VERBOSE VSC2"4" WARNING"1" NOWB NOWB2 NOWB3
*          WEBSERVER"CGI" NOWRITELOCK NOWRITETHRU NOXOPEN NOXREF
*          NOZEROLENGTHFALSE NOZEROSEQ NOZWB
     1*****************************************************************
     2*                                                               *
     3* Copyright (c) 2012 by Central States Health and Life          *
     4* All rights reserved.                                          *
     5*                                                               *
     6*****************************************************************
     7 identification division.
     8 program-id. CSREADBL.
     9*
    10*AUTHOR.    Pablo.
    11*           Colleyville, TEXAS.
    12********************************************
    13*   Coversheet read business logic.
* Micro Focus Server Express         V5.1 revision 000 02-Nov-12 23:15 Page   2
* CSREADBL.cbl
    14********************************************
    15 environment division.
    16 working-storage section.
    17 01  DFH-START PIC X(04).
    18 77  s1                          pic s999 comp-3 value +0.
    19 77  m1                          pic s999 comp-3 value +0.
    20 01  filler.
    21     05  month-table.
    22         10  f                   pic x(5) value '01Jan'.
    23         10  f                   pic x(5) value '02Feb'.
    24         10  f                   pic x(5) value '03Mar'.
    25         10  f                   pic x(5) value '04Apr'.
    26         10  f                   pic x(5) value '05May'.
    27         10  f                   pic x(5) value '06Jun'.
    28         10  f                   pic x(5) value '07Jul'.
    29         10  f                   pic x(5) value '08Aug'.
    30         10  f                   pic x(5) value '09Sep'.
    31         10  f                   pic x(5) value '10Oct'.
    32         10  f                   pic x(5) value '11Nov'.
    33         10  f                   pic x(5) value '12Dec'.
    34     05  filler redefines month-table occurs 12.
    35         10  tbl-month           pic 99.
    36         10  tbl-abbr            pic xxx.
    37 01 w-absolute-time       pic s9(15) comp-3.
    38 01 w-char-date           pic x(10).
    39 01 response-code         pic s9(8) comp.
    40 01 display-response      pic 9(8).
    41 01 record-key            pic x(10).
    42 01 lower-case               pic x(26) value
    43       "abcdefghijklmnopqrstuvwxyz".
    44 01 upper-case               pic x(26) value
    45       "ABCDEFGHIJKLMNOPQRSTUVWXYZ".
    46*                                COPY FORMREC.
    47******************************************************************
    48*                                                                *
    49*                                                                *
    50*                            FORMREC                             *
    51*                            VMOD=2.031                          *
    52*                                                                *
    53*   Billing system file for verbaige in overlays                 *
    54*                                                                *
    55*   FILE DESCRIPTION = FORM DEFINITION FILE                      *
    56*                                                                *
    57*   FILE TYPE = VSAM,KSDS                                        *
    58*   RECORD SIZE = 900   RECFORM = FIX                            *
    59*                                                                *
    60*   BASE CLUSTER NAME = FORMDEFS                  RKP=0,LEN=12   *
    61*                                                                *
    62*   LOG = NO                                                     *
    63*   SERVREQ = BROWSE, DELETE, UPDATE, NEWREC                     *
    64*                                                                *
    65*                                                                *
    66******************************************************************
    67*                   C H A N G E   L O G
    68*
    69* CHANGES ARE MARKED BY THE CHANGE EFFECTIVE DATE.
    70*-----------------------------------------------------------------
    71*  CHANGE   CHANGE REQUEST PGMR  DESCRIPTION OF CHANGE
* Micro Focus Server Express         V5.1 revision 000 02-Nov-12 23:15 Page   3
* CSREADBL.cbl
    72* EFFECTIVE    NUMBER
    73*-----------------------------------------------------------------
    74* 092312  CR2012040900002  PEMA  NEW FILE AND COPYBOOK
    75*****************************************************************
    76  01  form-record.
    77      03  form-key.
    78          05  form-name           pic x(10).
    79          05  form-month          pic 99.
    80      03  form-desc               pic x(30).
    81      03  special-notes occurs 8  pic x(75).
    82      03  comment-1               pic x(95).
    83      03  comment-2               pic x(95).
    84      03  filler                  pic x(68).
    85****************************************************************
    86*
    87* Copyright (c) 2007 by Clerity Solutions, Inc.
    88* All rights reserved.
    89*
    90****************************************************************
    91 01  DFHEIV.
    92   02  DFHEIV0               PIC X(35).
    93   02  DFHEIV1               PIC X(08).
    94   02  DFHEIV2               PIC X(08).
    95   02  DFHEIV3               PIC X(08).
    96   02  DFHEIV4               PIC X(06).
    97   02  DFHEIV5               PIC X(04).
    98   02  DFHEIV6               PIC X(04).
    99   02  DFHEIV7               PIC X(02).
   100   02  DFHEIV8               PIC X(02).
   101   02  DFHEIV9               PIC X(01).
   102   02  DFHEIV10              PIC S9(7) COMP-3.
   103   02  DFHEIV11              PIC S9(4) COMP SYNC.
   104   02  DFHEIV12              PIC S9(4) COMP SYNC.
   105   02  DFHEIV13              PIC S9(4) COMP SYNC.
   106   02  DFHEIV14              PIC S9(4) COMP SYNC.
   107   02  DFHEIV15              PIC S9(4) COMP SYNC.
   108   02  DFHEIV16              PIC S9(9) COMP SYNC.
   109   02  DFHEIV17              PIC X(04).
   110   02  DFHEIV18              PIC X(04).
   111   02  DFHEIV19              PIC X(04).
   112   02  DFHEIV20              USAGE IS POINTER.
   113   02  DFHEIV21              USAGE IS POINTER.
   114   02  DFHEIV22              USAGE IS POINTER.
   115   02  DFHEIV23              USAGE IS POINTER.
   116   02  DFHEIV24              USAGE IS POINTER.
   117   02  DFHEIV25              PIC S9(9) COMP SYNC.
   118   02  DFHEIV26              PIC S9(9) COMP SYNC.
   119   02  DFHEIV27              PIC S9(9) COMP SYNC.
   120   02  DFHEIV28              PIC S9(9) COMP SYNC.
   121   02  DFHEIV97              PIC S9(7) COMP-3 VALUE ZERO.
   122   02  DFHEIV98              PIC S9(4) COMP SYNC VALUE ZERO.
   123   02  FILLER                PIC X(02).
   124   02  DFHEIV99              PIC X(08) VALUE SPACE.
   125   02  DFHEIVL0              PIC X(48) VALUE SPACE.
   126   02  DFHEIVL1              PIC X(48) VALUE SPACE.
   127   02  DFHEIVL2              PIC X(48) VALUE SPACE.
   128   02  DFHEIVL3              PIC X(48) VALUE SPACE.
   129 LINKAGE  SECTION.
* Micro Focus Server Express         V5.1 revision 000 02-Nov-12 23:15 Page   4
* CSREADBL.cbl
   130*****************************************************************
   131*                                                               *
   132* Copyright (c) 2007 by Clerity Solutions, Inc.                 *
   133* All rights reserved.                                          *
   134*                                                               *
   135*****************************************************************
   136 01  dfheiblk.
   137     02  eibtime          pic s9(7) comp-3.
   138     02  eibdate          pic s9(7) comp-3.
   139     02  eibtrnid         pic x(4).
   140     02  eibtaskn         pic s9(7) comp-3.
   141     02  eibtrmid         pic x(4).
   142     02  dfheigdi         pic s9(4) comp.
   143     02  eibcposn         pic s9(4) comp.
   144     02  eibcalen         pic s9(4) comp.
   145     02  eibaid           pic x(1).
   146     02  eibfiller1       pic x(1).
   147     02  eibfn            pic x(2).
   148     02  eibfiller2       pic x(2).
   149     02  eibrcode         pic x(6).
   150     02  eibfiller3       pic x(2).
   151     02  eibds            pic x(8).
   152     02  eibreqid         pic x(8).
   153     02  eibrsrce         pic x(8).
   154     02  eibsync          pic x(1).
   155     02  eibfree          pic x(1).
   156     02  eibrecv          pic x(1).
   157     02  eibsend          pic x(1).
   158     02  eibatt           pic x(1).
   159     02  eibeoc           pic x(1).
   160     02  eibfmh           pic x(1).
   161     02  eibcompl         pic x(1).
   162     02  eibsig           pic x(1).
   163     02  eibconf          pic x(1).
   164     02  eiberr           pic x(1).
   165     02  eibrldbk         pic x(1).
   166     02  eiberrcd         pic x(4).
   167     02  eibsynrb         pic x(1).
   168     02  eibnodat         pic x(1).
   169     02  eibfiller5       pic x(2).
   170     02  eibresp          pic 9(09) comp.
   171     02  eibresp2         pic 9(09) comp.
   172     02  dfheigdj         pic s9(4) comp.
   173     02  dfheigdk         pic s9(4) comp.
   174 01 dfhcommarea.
   175*                                copy CSREAD-COMMAREA.
   176*****************************************************************
   177*                                                               *
   178* Copyright (c) 2007 by Clerity Solutions, Inc.                 *
   179* All rights reserved.                                          *
   180*                                                               *
   181*****************************************************************
   182****************************************
   183*  commarea for READ form
   184*  (business logic input & output)
   185****************************************
   186     03  bl-input.
   187         05  bl-input-form-name          pic x(10).
* Micro Focus Server Express         V5.1 revision 000 02-Nov-12 23:15 Page   5
* CSREADBL.cbl
   188     03  bl-output.
   189         05  bl-status      pic x.
   190             88  bl-ok      value "P".
   191             88  bl-fail    value "F".
   192         05  bl-output-message           pic x(50).
   193         05  bl-output-form-name         pic x(10).
   194         05  bl-output-form-month        pic xxx.
   195         05  bl-output-form-desc         pic x(30).
   196         05  bl-output-messages occurs 8 pic x(75).
   197         05  bl-output-comment1          pic x(95).
   198         05  bl-output-comment2          pic x(95).
   199 PROCEDURE DIVISION USING DFHEIBLK DFHCOMMAREA.
   200 0000-DFHEXIT SECTION.
   201     MOVE '9#                    $   ' TO DFHEIV0.
   202     MOVE 'CSREADBL' TO DFHEIV1.
   203     CALL 'kxdfhei1' USING DFHEIV0 DFH-START DFHEIV DFHEIV1.
   204     inspect bl-input-form-name converting lower-case
   205        to upper-case
   206     move bl-input-form-name     to record-key
   207
   208* exec cics read
   209*       dataset ('FORMDEFS')
   210*       into    (form-record)
   211*       ridfld  (record-key)
   212*       GTEQ
   213*       resp    (response-code)
   214*    end-exec
   215     MOVE LENGTH OF
   216      form-record
   217       TO DFHEIV11
   218     MOVE 'FORMDEFS' TO DFHEIV1
   219*    MOVE '&"IL       G          (  N#00000203' TO DFHEIV0
   220     MOVE X'2622494C2020202020202047' TO DFHEIV0(1:12)
   221     MOVE X'202020202020202020202820' TO DFHEIV0(13:12)
   222     MOVE X'204E233030303030323033' TO DFHEIV0(25:11)
   223     CALL 'kxdfhei1' USING DFHEIV0,
   224           DFHEIV1,
   225           form-record,
   226           DFHEIV11,
   227           record-key,
   228           DFHEIV99,
   229           DFHEIV99,
   230           DFHEIV99
   231     MOVE EIBRESP  TO response-code
   232     GO TO 9999-DFHEXIT DEPENDING ON DFHEIGDK
   233     if (response-code = 0 )
   234*   dfhresp(normal)
   235        and (form-name = bl-input-form-name)
   236        move form-name           to bl-output-form-name
   237        move form-desc           to bl-output-form-desc
   238        perform varying m1 from +1 by +1 until
   239           (m1 > +12)
   240           or (form-month = tbl-month (m1))
   241        end-perform
   242        if m1 <= +12
   243           move tbl-abbr (m1)    to bl-output-form-month
   244        else
   245           move 'XXX'            to bl-output-form-month
* Micro Focus Server Express         V5.1 revision 000 02-Nov-12 23:15 Page   6
* CSREADBL.cbl
   246        end-if
   247        perform varying s1 from +1 by +1 until
   248           s1 > +8
   249           move special-notes (s1) to bl-output-messages (s1)
   250        end-perform
   251        move comment-1           to bl-output-comment1
   252        move comment-2           to bl-output-comment2
   253        move spaces              to bl-output-message
   254        set bl-ok                to true
   255     else
   256        if (response-code = 13 )
   257*   dfhresp(notfnd)
   258           or (response-code = 0 )
   259*   dfhresp(normal)
   260           move bl-input-form-name to bl-output-form-name
   261           move "*** Form name does not exist"
   262                                 to bl-output-message
   263        else
   264           move response-code    to display-response
   265           string "*** Failure: READ resp = " display-response
   266                  into bl-output-message
   267           end-string
   268        end-if
   269        set bl-fail              to true
   270     end-if
   271
   272* exec cics return
   273*    end-exec.
   274*    MOVE '.(                    &   #00000245' TO DFHEIV0
   275     MOVE X'2E2820202020202020202020' TO DFHEIV0(1:12)
   276     MOVE X'202020202020202020202620' TO DFHEIV0(13:12)
   277     MOVE X'2020233030303030323435' TO DFHEIV0(25:11)
   278     CALL 'kxdfhei1' USING DFHEIV0,
   279           DFHEIV99,
   280           DFHEIV99,
   281           DFHEIV99,
   282           DFHEIV99,
   283           DFHEIV99
   284     GO TO 9999-DFHEXIT DEPENDING ON DFHEIGDK.
   285
   286
   287 9999-DFHBACK SECTION.
   288     MOVE '9%                    "   ' TO DFHEIV0
   289     MOVE 'CSREADBL' TO DFHEIV1
   290     CALL 'kxdfhei1' USING DFHEIV0 DFHEIV1
   291     GOBACK.
   292 9999-DFHEXIT.
   293     IF DFHEIGDJ EQUAL 0001
   294         NEXT SENTENCE.
   295     MOVE '9%                    "   ' TO DFHEIV0
   296     MOVE 'CSREADBL' TO DFHEIV1
   297     CALL 'kxdfhei1' USING DFHEIV0 DFHEIV1
   298     GOBACK.
* Micro Focus Server Express         V5.1 revision 000 Compiler
* Copyright (C) Micro Focus IP Development Limited 1984-2012.
*                                                        REF GNR-008065005AF
* Total Messages:     0
* Data:        2060     Code:         963
