* Micro Focus Server Express         V5.1 revision 000 02-Nov-12 23:15 Page   1
* CSSRCH.cbl
* Options: int("CSSRCH.int") anim csi verbose NOBOUND LINKCHECK
*          PARAMCOUNTCHECK directives(cobopt.bth) endp list("CSSRCH.lst")
* Setting: NOACCEPTREFRESH NOADV ALIGN"8" ALPHASTART"1" NOALTER NOAMODE ANIM
*          NOANIMPREP ANS85 APOST NOAREACHECK ARITHMETIC"OSVS" ASSIGN
*          "EXTERNAL" NOASSIGN-PRINTER NOAUTOLOCK NOBELL NOBOUND NOBRIEF
*          NOBS2000 BWZSTAR NOBYTEMODEMOVE CALLFH"EXTFH" NOCALLMCS
*          NOCALLRECOVERY CALLSORT"EXTSM" CANCEL CANCELLBR NOCHANGEMESSAGE
*          CHARSET"ASCII" CHECKDIV"ANSI" NOCHECKREFMOD NOCICS CICS-CPY
*          NOCICSOPTIMIZE NOCMPR2 NOCOBFSTATCONV NOCOBIDY NOCOBOL370 COBOLDIR
*          NOCOMP COMP-5"2" COMP-6"2" NOCOMS85 CONFIRM NOCONVERTRET CONVSPACE
*          COPYEXT",cbl,cpy" NOCOPYLBR COPYLIST COPYLISTCOMMENT"1" CSI
*          CURRENCY-SIGN"36" CURRENT-DATE"MMDDYY" NODATA DATACOMPRESS"0"
*          NODATA-CONTEXT DATE DBCHECK DBCS"2" NODBCSSOSI DBSPACE DE-EDIT"2"
*          DEFAULTBYTE"0" NODEFAULTCALLS DETECTLOCK NODG DIALECT"MF"
*          NODIRECTIVES-IN-COMMENTS NODOSVS NODPCINSUBSCRIPT DYNAM
*          NOEARLY-RELEASE ECHO NOECHOALL NOEDITOR ENSUITE"0" NOENTCOBOL
*          ERRFORMAT"1" ERRLIST"EMBED" NOERRQ FASTSORT NOFCD3 NOFCDREG
*          NOFDCLEAR NOFILESHARE FILETYPE"0" NOFLAG NOFLAGAS NOFLAGCD
*          NOFLAGEUC NOFLAGMIG NOFLAGQ FLAGSINEDIT NOFLAGSTD NOFOLDCALLNAME
*          NOFOLDCOPYNAME FORM"60" NOFP-ROUNDING NOHOSTARITHMETIC
*          NOHOSTCONTZERO NOHOST-NUMCOMPARE NOHOST-NUMMOVE NOHOSTFD NOHOSTRW
*          NOIBM-MS IBMCOMP IDXFORMAT"0" NOILGEN IMPLICITSCOPE NOINDD
*          INFORETURN"0" NOINITCALL INITPTR INT"CSSRCH.int" INTDATE"ANSI"
*          INTLEVEL"2" IOCONV NOISO2002 NOIXNLSKEY NOIXNUMKEY KEEP-INT
*          KEYCHECK KEYCOMPRESS"0" LIBRARIAN"2" NOLINE-COUNT LIST"CSSRCH.lst"
*          LISTPATH"" LISTWIDTH"80" LITVAL-SIZE"4" LOCKTYPE"0" NOMAPNAME
*          NOMAXERROR METHODDEFAULT"REFERENCE" MF"15" MFCOMMENT NOMOVELENCHECK
*          NOMS NOMVS NATIVE"ASCII" NONATIVEFLOATINGPOINT NONCHAR
*          NONEWBASENAME NONLS NSYMBOL"DBCS" NOODOOSVS NOODOSLIDE
*          NOOLDBLANKLINE NOOLDCOPY NOOLDINDEX NOOLDNEXTSENTENCE NOOLDREADINTO
*          NOOLDSTRMIX OOCTRL"-C-E-G-P+Q+R-S+W" OPTIONAL-FILE NOOS390 OSEXT""
*          NOOSVS NOOUTDD NOP64 NOPANVALET PERFORM-TYPE"OSVS" NOPREPLIST
*          NOPREPROCESS NOPRINT-EXT NOPROFILE NOPROGID-COMMENT
*          NOPROGID-INT-NAME NOPROTECT-LINKAGE PROTOTYPE"RELAXED" QUAL
*          QUALPROC NOQUERY NOQUOTE NORAWLIST NORDW RECMODE"F" NOREENTRANT
*          NOREF NOREFNO REMAINDER"1" REPORT-LINE"256" RESEQ NORETRYLOCK
*          REWRITE-LS NORM RTNCODE-SIZE"4" NORWHARDPAGE NOSAA SEG NOSEQCHK
*          SEQUENTIAL"RECORD" NOSERIAL SETTING"LINE" NOSHAREOUTDD NOSHOW-DIR
*          SIGN"ASCII" NOSIGNDISCARD NOSIGNFIXUP SORTTYPE"DFSORT" SOURCEFORMAT
*          "FIXED" SOURCETABSTOP"8" NOSPZERO NOSSRANGE STDERR STICKY-LINKAGE
*          "2" NOSTICKY-PERFORM SUPFF SWITCHTYPE"1" SYMBSTART"1" SYSPUNCH"132"
*          TERMPAGE TIME NOTRACE NOTRUNC NOTRUNCCALLNAME NOTRUNCCOPY TRUNCINC
*          "10" UNICODE"NATIVE" VERBOSE VSC2"4" WARNING"1" NOWB NOWB2 NOWB3
*          WEBSERVER"CGI" NOWRITELOCK NOWRITETHRU NOXOPEN NOXREF
*          NOZEROLENGTHFALSE NOZEROSEQ NOZWB
     1*****************************************************************
     2*                                                               *
     3* Copyright (c) 2012 by Central States Health and Life          *
     4* All rights reserved.                                          *
     5*                                                               *
     6*****************************************************************
     7 identification division.
     8 program-id. CSSRCH.
     9*
    10*AUTHOR.    Pablo.
    11*           Colleyville, TEXAS.
    12********************************************
    13*   Coversheet search for form definitions
* Micro Focus Server Express         V5.1 revision 000 02-Nov-12 23:15 Page   2
* CSSRCH.cbl
    14********************************************
    15 environment division.
    16 data division.
    17 working-storage section.
    18 01  DFH-START PIC X(04).
    19************************************************
    20* commarea passed to the business logic
    21************************************************
    22 01  srch-commarea.
    23*                                copy CSSRCH-COMMAREA.
    24*****************************************************************
    25*                                                               *
    26* Copyright (c) 2012 by CSO.                                    *
    27* All rights reserved.                                          *
    28*                                                               *
    29*****************************************************************
    30****************************************
    31*  commarea for QUERY by Form Name
    32*  (business logic input & output)
    33****************************************
    34     03  bl-input.
    35         05  bl-input-form-name  pic x(10).
    36     03  bl-output.
    37         05  bl-status           pic x.
    38             88  bl-ok                 value "P".
    39             88  bl-fail               value "F".
    40         05  bl-output-message   pic x(50).
    41         05  bl-output-record-count
    42                                 pic 9(8) comp.
    43         05  bl-output-record  occurs 100 times.
    44             07  bl-output-form-name
    45                                 pic x(10).
    46             07  bl-output-form-desc
    47                                 pic x(30).
    48************************************
    49* fields used to read web data
    50************************************
    51 01  w-form-name       pic x(80).
    52 01  w-form-value      pic x(80).
    53 01  w-form-name-len   pic s9(8) comp.
    54 01  w-form-value-len  pic s9(8) comp.
    55 01  w-resp            pic s9(8) comp.
    56 01  w-doctoken        pic x(16).
    57******************************************
    58* symbol list text for SRCHHDR template
    59******************************************
    60 01 output-msg.
    61    05 filler                    pic x(4) value "MSG=".
    62    05 out-msg-text              pic x(50).
    63*****************************************
    64* symbol list for the SRCHROW template
    65*****************************************
    66 01 output-data.
    67    05  filler                   pic x(5) value"FORM=".
    68    05  out-form-name            pic x(10).
    69    05  filler                   pic x(6) value"&DESC=".
    70    05  out-form-desc            pic x(30).
    71*************************
* Micro Focus Server Express         V5.1 revision 000 02-Nov-12 23:15 Page   3
* CSSRCH.cbl
    72*       misc
    73*************************
    74 01 bl-index               pic s9(8) comp.
    75****************************************************************
    76*
    77* Copyright (c) 2007 by Clerity Solutions, Inc.
    78* All rights reserved.
    79*
    80****************************************************************
    81 01  DFHEIV.
    82   02  DFHEIV0               PIC X(35).
    83   02  DFHEIV1               PIC X(08).
    84   02  DFHEIV2               PIC X(08).
    85   02  DFHEIV3               PIC X(08).
    86   02  DFHEIV4               PIC X(06).
    87   02  DFHEIV5               PIC X(04).
    88   02  DFHEIV6               PIC X(04).
    89   02  DFHEIV7               PIC X(02).
    90   02  DFHEIV8               PIC X(02).
    91   02  DFHEIV9               PIC X(01).
    92   02  DFHEIV10              PIC S9(7) COMP-3.
    93   02  DFHEIV11              PIC S9(4) COMP SYNC.
    94   02  DFHEIV12              PIC S9(4) COMP SYNC.
    95   02  DFHEIV13              PIC S9(4) COMP SYNC.
    96   02  DFHEIV14              PIC S9(4) COMP SYNC.
    97   02  DFHEIV15              PIC S9(4) COMP SYNC.
    98   02  DFHEIV16              PIC S9(9) COMP SYNC.
    99   02  DFHEIV17              PIC X(04).
   100   02  DFHEIV18              PIC X(04).
   101   02  DFHEIV19              PIC X(04).
   102   02  DFHEIV20              USAGE IS POINTER.
   103   02  DFHEIV21              USAGE IS POINTER.
   104   02  DFHEIV22              USAGE IS POINTER.
   105   02  DFHEIV23              USAGE IS POINTER.
   106   02  DFHEIV24              USAGE IS POINTER.
   107   02  DFHEIV25              PIC S9(9) COMP SYNC.
   108   02  DFHEIV26              PIC S9(9) COMP SYNC.
   109   02  DFHEIV27              PIC S9(9) COMP SYNC.
   110   02  DFHEIV28              PIC S9(9) COMP SYNC.
   111   02  DFHEIV97              PIC S9(7) COMP-3 VALUE ZERO.
   112   02  DFHEIV98              PIC S9(4) COMP SYNC VALUE ZERO.
   113   02  FILLER                PIC X(02).
   114   02  DFHEIV99              PIC X(08) VALUE SPACE.
   115   02  DFHEIVL0              PIC X(48) VALUE SPACE.
   116   02  DFHEIVL1              PIC X(48) VALUE SPACE.
   117   02  DFHEIVL2              PIC X(48) VALUE SPACE.
   118   02  DFHEIVL3              PIC X(48) VALUE SPACE.
   119 LINKAGE  SECTION.
   120*****************************************************************
   121*                                                               *
   122* Copyright (c) 2007 by Clerity Solutions, Inc.                 *
   123* All rights reserved.                                          *
   124*                                                               *
   125*****************************************************************
   126 01  dfheiblk.
   127     02  eibtime          pic s9(7) comp-3.
   128     02  eibdate          pic s9(7) comp-3.
   129     02  eibtrnid         pic x(4).
* Micro Focus Server Express         V5.1 revision 000 02-Nov-12 23:15 Page   4
* CSSRCH.cbl
   130     02  eibtaskn         pic s9(7) comp-3.
   131     02  eibtrmid         pic x(4).
   132     02  dfheigdi         pic s9(4) comp.
   133     02  eibcposn         pic s9(4) comp.
   134     02  eibcalen         pic s9(4) comp.
   135     02  eibaid           pic x(1).
   136     02  eibfiller1       pic x(1).
   137     02  eibfn            pic x(2).
   138     02  eibfiller2       pic x(2).
   139     02  eibrcode         pic x(6).
   140     02  eibfiller3       pic x(2).
   141     02  eibds            pic x(8).
   142     02  eibreqid         pic x(8).
   143     02  eibrsrce         pic x(8).
   144     02  eibsync          pic x(1).
   145     02  eibfree          pic x(1).
   146     02  eibrecv          pic x(1).
   147     02  eibsend          pic x(1).
   148     02  eibatt           pic x(1).
   149     02  eibeoc           pic x(1).
   150     02  eibfmh           pic x(1).
   151     02  eibcompl         pic x(1).
   152     02  eibsig           pic x(1).
   153     02  eibconf          pic x(1).
   154     02  eiberr           pic x(1).
   155     02  eibrldbk         pic x(1).
   156     02  eiberrcd         pic x(4).
   157     02  eibsynrb         pic x(1).
   158     02  eibnodat         pic x(1).
   159     02  eibfiller5       pic x(2).
   160     02  eibresp          pic 9(09) comp.
   161     02  eibresp2         pic 9(09) comp.
   162     02  dfheigdj         pic s9(4) comp.
   163     02  dfheigdk         pic s9(4) comp.
   164 01  DFHCOMMAREA       PIC X(01).
   165 PROCEDURE DIVISION USING DFHEIBLK DFHCOMMAREA.
   166 0000-DFHEXIT SECTION.
   167     MOVE '9#                    $   ' TO DFHEIV0.
   168     MOVE 'CSSRCH' TO DFHEIV1.
   169     CALL 'kxdfhei1' USING DFHEIV0 DFH-START DFHEIV DFHEIV1.
   170 0000-begin.
   171
   172* exec cics web
   173*      startbr formfield resp(w-resp)
   174*   end-exec.
   175*    MOVE 'X(f                   %  N#00000167' TO DFHEIV0
   176     MOVE X'582866202020202020202020' TO DFHEIV0(1:12)
   177     MOVE X'202020202020202020202520' TO DFHEIV0(13:12)
   178     MOVE X'204E233030303030313637' TO DFHEIV0(25:11)
   179     CALL 'kxdfhei1' USING DFHEIV0,
   180           DFHEIV99,
   181           DFHEIV99,
   182           DFHEIV99,
   183           DFHEIV99
   184     MOVE EIBRESP  TO w-resp
   185     GO TO 9999-DFHEXIT DEPENDING ON DFHEIGDK.
   186
   187    perform 0200-read-form      thru 0200-exit until
* Micro Focus Server Express         V5.1 revision 000 02-Nov-12 23:15 Page   5
* CSSRCH.cbl
   188       w-resp not = 0
   189*   dfhresp(normal)
   190
   191* exec cics web
   192*      endbr formfield
   193*   end-exec
   194*    MOVE 'X,f                   !   #00000172' TO DFHEIV0
   195     MOVE X'582C66202020202020202020' TO DFHEIV0(1:12)
   196     MOVE X'202020202020202020202120' TO DFHEIV0(13:12)
   197     MOVE X'2020233030303030313732' TO DFHEIV0(25:11)
   198     CALL 'kxdfhei1' USING DFHEIV0
   199     GO TO 9999-DFHEXIT DEPENDING ON DFHEIGDK
   200
   201* exec cics link
   202*       program  ('CSSRCHBL')
   203*       commarea (srch-commarea)
   204*   end-exec
   205     MOVE LENGTH OF
   206      srch-commarea
   207       TO DFHEIV11
   208     MOVE 'CSSRCHBL' TO DFHEIV1
   209*    MOVE '."C                   ''   #00000175' TO DFHEIV0
   210     MOVE X'2E2243202020202020202020' TO DFHEIV0(1:12)
   211     MOVE X'202020202020202020202720' TO DFHEIV0(13:12)
   212     MOVE X'2020233030303030313735' TO DFHEIV0(25:11)
   213     CALL 'kxdfhei1' USING DFHEIV0,
   214           DFHEIV1,
   215           srch-commarea,
   216           DFHEIV11,
   217           DFHEIV99,
   218           DFHEIV99,
   219           DFHEIV99
   220     GO TO 9999-DFHEXIT DEPENDING ON DFHEIGDK
   221***********************************************************
   222* Build output document.
   223***********************************************************
   224     move bl-output-message      to out-msg-text
   225
   226* exec cics document create
   227*       doctoken   (w-doctoken)
   228*       template   ('CSHDR')
   229*       symbollist (output-msg)
   230*       listlength (length of output-msg)
   231*    end-exec
   232     MOVE 'CSHDR'
   233      TO DFHEIVL0
   234     MOVE LENGTH OF
   235      output-msg TO DFHEIV16
   236*    MOVE '\"D tSL               )   #00000183' TO DFHEIV0
   237     MOVE X'5C22442074534C2020202020' TO DFHEIV0(1:12)
   238     MOVE X'202020202020202020202920' TO DFHEIV0(13:12)
   239     MOVE X'2020233030303030313833' TO DFHEIV0(25:11)
   240     CALL 'kxdfhei1' USING DFHEIV0,
   241           w-doctoken,
   242           DFHEIV99,
   243           DFHEIVL0,
   244           output-msg,
   245           DFHEIV16,
* Micro Focus Server Express         V5.1 revision 000 02-Nov-12 23:15 Page   6
* CSSRCH.cbl
   246           DFHEIV99,
   247           DFHEIV99,
   248           DFHEIV99
   249     GO TO 9999-DFHEXIT DEPENDING ON DFHEIGDK
   250     move 1                      to bl-index
   251     perform bl-output-record-count times
   252        move bl-output-form-name (bl-index)
   253                                 to out-form-name
   254        move bl-output-form-desc (bl-index)
   255                                 to out-form-desc
   256
   257* exec cics document set
   258*          doctoken   (w-doctoken)
   259*          symbollist (output-data)
   260*          length     (length of output-data)
   261*       end-exec
   262     MOVE LENGTH OF
   263      output-data TO DFHEIV16
   264*    MOVE '\(Ds L                ''   #00000195' TO DFHEIV0
   265     MOVE X'5C284473204C202020202020' TO DFHEIV0(1:12)
   266     MOVE X'202020202020202020202720' TO DFHEIV0(13:12)
   267     MOVE X'2020233030303030313935' TO DFHEIV0(25:11)
   268     CALL 'kxdfhei1' USING DFHEIV0,
   269           w-doctoken,
   270           output-data,
   271           DFHEIV99,
   272           DFHEIV16,
   273           DFHEIV99,
   274           DFHEIV99
   275     GO TO 9999-DFHEXIT DEPENDING ON DFHEIGDK
   276
   277* exec cics document insert
   278*          doctoken (w-doctoken)
   279*          template ('CSROW')
   280*       end-exec
   281     MOVE 'CSROW'
   282      TO DFHEIVL0
   283*    MOVE '\$Dt                  (   #00000200' TO DFHEIV0
   284     MOVE X'5C2444742020202020202020' TO DFHEIV0(1:12)
   285     MOVE X'202020202020202020202820' TO DFHEIV0(13:12)
   286     MOVE X'2020233030303030323030' TO DFHEIV0(25:11)
   287     CALL 'kxdfhei1' USING DFHEIV0,
   288           w-doctoken,
   289           DFHEIVL0,
   290           DFHEIV99,
   291           DFHEIV99,
   292           DFHEIV99,
   293           DFHEIV99,
   294           DFHEIV99
   295     GO TO 9999-DFHEXIT DEPENDING ON DFHEIGDK
   296        add 1                    to bl-index
   297     end-perform
   298
   299* exec cics document insert
   300*       doctoken (w-doctoken)
   301*       template ('CSFTR')
   302*    end-exec
   303     MOVE 'CSFTR'
* Micro Focus Server Express         V5.1 revision 000 02-Nov-12 23:15 Page   7
* CSSRCH.cbl
   304      TO DFHEIVL0
   305*    MOVE '\$Dt                  (   #00000206' TO DFHEIV0
   306     MOVE X'5C2444742020202020202020' TO DFHEIV0(1:12)
   307     MOVE X'202020202020202020202820' TO DFHEIV0(13:12)
   308     MOVE X'2020233030303030323036' TO DFHEIV0(25:11)
   309     CALL 'kxdfhei1' USING DFHEIV0,
   310           w-doctoken,
   311           DFHEIVL0,
   312           DFHEIV99,
   313           DFHEIV99,
   314           DFHEIV99,
   315           DFHEIV99,
   316           DFHEIV99
   317     GO TO 9999-DFHEXIT DEPENDING ON DFHEIGDK
   318    if bl-fail
   319
   320* exec cics syncpoint rollback
   321*      end-exec
   322*    MOVE '6"R                   !   #00000211' TO DFHEIV0
   323     MOVE X'362252202020202020202020' TO DFHEIV0(1:12)
   324     MOVE X'202020202020202020202120' TO DFHEIV0(13:12)
   325     MOVE X'2020233030303030323131' TO DFHEIV0(25:11)
   326     CALL 'kxdfhei1' USING DFHEIV0
   327     GO TO 9999-DFHEXIT DEPENDING ON DFHEIGDK
   328    end-if
   329****************************************
   330* Send the document and return.
   331****************************************
   332
   333* exec cics web send
   334*       doctoken(w-doctoken)
   335*    end-exec
   336*    MOVE 'X$D                   &   #00000217' TO DFHEIV0
   337     MOVE X'582444202020202020202020' TO DFHEIV0(1:12)
   338     MOVE X'202020202020202020202620' TO DFHEIV0(13:12)
   339     MOVE X'2020233030303030323137' TO DFHEIV0(25:11)
   340     CALL 'kxdfhei1' USING DFHEIV0,
   341           w-doctoken,
   342           DFHEIV99,
   343           DFHEIV99,
   344           DFHEIV99,
   345           DFHEIV99
   346     GO TO 9999-DFHEXIT DEPENDING ON DFHEIGDK
   347
   348* exec cics return
   349*    end-exec
   350*    MOVE '.(                    &   #00000220' TO DFHEIV0
   351     MOVE X'2E2820202020202020202020' TO DFHEIV0(1:12)
   352     MOVE X'202020202020202020202620' TO DFHEIV0(13:12)
   353     MOVE X'2020233030303030323230' TO DFHEIV0(25:11)
   354     CALL 'kxdfhei1' USING DFHEIV0,
   355           DFHEIV99,
   356           DFHEIV99,
   357           DFHEIV99,
   358           DFHEIV99,
   359           DFHEIV99
   360     GO TO 9999-DFHEXIT DEPENDING ON DFHEIGDK
   361     .
* Micro Focus Server Express         V5.1 revision 000 02-Nov-12 23:15 Page   8
* CSSRCH.cbl
   362 0200-read-form.
   363     move spaces                 to w-form-name
   364     move length of w-form-name  to w-form-name-len
   365     move spaces                 to w-form-value
   366     move length of w-form-value to w-form-value-len
   367
   368* exec cics web readnext
   369*       formfield   (w-form-name)
   370*       namelength  (w-form-name-len)
   371*       value       (w-form-value)
   372*       valuelength (w-form-value-len)
   373*       resp        (w-resp)
   374*    end-exec
   375*    MOVE 'X*FLVL                %  N#00000228' TO DFHEIV0
   376     MOVE X'582A464C564C202020202020' TO DFHEIV0(1:12)
   377     MOVE X'202020202020202020202520' TO DFHEIV0(13:12)
   378     MOVE X'204E233030303030323238' TO DFHEIV0(25:11)
   379     CALL 'kxdfhei1' USING DFHEIV0,
   380           w-form-name,
   381           w-form-name-len,
   382           w-form-value,
   383           w-form-value-len
   384     MOVE EIBRESP  TO w-resp
   385     GO TO 9999-DFHEXIT DEPENDING ON DFHEIGDK
   386     evaluate w-resp
   387        when 0
   388*   dfhresp(normal)
   389           evaluate w-form-name(1:w-form-name-len)
   390              when 'form_name'
   391                 if w-form-value-len not = 0
   392                    move w-form-value(1:w-form-value-len)
   393                                 to bl-input-form-name
   394                 else
   395                    move spaces  to bl-input-form-name
   396                end-if
   397           end-evaluate
   398        when other
   399           continue
   400     end-evaluate
   401     .
   402 0200-exit.
   403     exit.
   404
   405 9999-DFHBACK SECTION.
   406     MOVE '9%                    "   ' TO DFHEIV0
   407     MOVE 'CSSRCH' TO DFHEIV1
   408     CALL 'kxdfhei1' USING DFHEIV0 DFHEIV1
   409     GOBACK.
   410 9999-DFHEXIT.
   411     IF DFHEIGDJ EQUAL 0001
   412         NEXT SENTENCE.
   413     MOVE '9%                    "   ' TO DFHEIV0
   414     MOVE 'CSSRCH' TO DFHEIV1
   415     CALL 'kxdfhei1' USING DFHEIV0 DFHEIV1
   416     GOBACK.
* Micro Focus Server Express         V5.1 revision 000 Compiler
* Copyright (C) Micro Focus IP Development Limited 1984-2012.
*                                                        REF GNR-008065005AF
* Micro Focus Server Express         V5.1 revision 000 02-Nov-12 23:15 Page   9
* CSSRCH.cbl
* Total Messages:     0
* Data:        5340     Code:        1707
