* Micro Focus Server Express         V5.1 revision 000 14-Apr-17 11:28 Page   1
* CSUPD.cbl
* Options: int("CSUPD.int") anim csi verbose NOBOUND LINKCHECK PARAMCOUNTCHECK
*          directives(cobopt.bth) endp list("CSUPD.lst")
* Setting: NOACCEPTREFRESH NOADV ALIGN"8" ALPHASTART"1" NOALTER NOAMODE ANIM
*          NOANIMPREP ANS85 APOST NOAREACHECK ARITHMETIC"OSVS" ASSIGN
*          "EXTERNAL" NOASSIGN-PRINTER NOAUTOLOCK NOBELL NOBOUND NOBRIEF
*          NOBS2000 BWZSTAR NOBYTEMODEMOVE CALLFH"EXTFH" NOCALLMCS
*          NOCALLRECOVERY CALLSORT"EXTSM" CANCEL CANCELLBR NOCHANGEMESSAGE
*          CHARSET"ASCII" CHECKDIV"ANSI" NOCHECKREFMOD NOCICS CICS-CPY
*          NOCICSOPTIMIZE NOCMPR2 NOCOBFSTATCONV NOCOBIDY NOCOBOL370 COBOLDIR
*          NOCOMP COMP-5"2" COMP-6"2" NOCOMS85 CONFIRM NOCONVERTRET CONVSPACE
*          COPYEXT",cbl,cpy" NOCOPYLBR COPYLIST COPYLISTCOMMENT"1" CSI
*          CURRENCY-SIGN"36" CURRENT-DATE"MMDDYY" NODATA DATACOMPRESS"0"
*          NODATA-CONTEXT DATE DBCHECK DBCS"2" NODBCSSOSI DBSPACE DE-EDIT"2"
*          DEFAULTBYTE"0" NODEFAULTCALLS DETECTLOCK NODG DIALECT"MF"
*          NODIRECTIVES-IN-COMMENTS NODOSVS NODPCINSUBSCRIPT DYNAM
*          NOEARLY-RELEASE ECHO NOECHOALL NOEDITOR ENSUITE"0" NOENTCOBOL
*          ERRFORMAT"1" ERRLIST"EMBED" NOERRQ FASTSORT NOFCD3 NOFCDREG
*          NOFDCLEAR NOFILESHARE FILETYPE"0" NOFLAG NOFLAGAS NOFLAGCD
*          NOFLAGEUC NOFLAGMIG NOFLAGQ FLAGSINEDIT NOFLAGSTD NOFOLDCALLNAME
*          NOFOLDCOPYNAME FORM"60" NOFP-ROUNDING NOHOSTARITHMETIC
*          NOHOSTCONTZERO NOHOST-NUMCOMPARE NOHOST-NUMMOVE NOHOSTFD NOHOSTRW
*          NOIBM-MS IBMCOMP IDXFORMAT"0" NOILGEN IMPLICITSCOPE NOINDD
*          INFORETURN"0" NOINITCALL INITPTR INT"CSUPD.int" INTDATE"ANSI"
*          INTLEVEL"2" IOCONV NOISO2002 NOIXNLSKEY NOIXNUMKEY KEEP-INT
*          KEYCHECK KEYCOMPRESS"0" LIBRARIAN"2" NOLINE-COUNT LIST"CSUPD.lst"
*          LISTPATH"" LISTWIDTH"80" LITVAL-SIZE"4" LOCKTYPE"0" NOMAPNAME
*          NOMAXERROR METHODDEFAULT"REFERENCE" MF"15" MFCOMMENT NOMOVELENCHECK
*          NOMS NOMVS NATIVE"ASCII" NONATIVEFLOATINGPOINT NONCHAR
*          NONEWBASENAME NONLS NSYMBOL"DBCS" NOODOOSVS NOODOSLIDE
*          NOOLDBLANKLINE NOOLDCOPY NOOLDINDEX NOOLDNEXTSENTENCE NOOLDREADINTO
*          NOOLDSTRMIX OOCTRL"-C-E-G-P+Q+R-S+W" OPTIONAL-FILE NOOS390 OSEXT""
*          NOOSVS NOOUTDD NOP64 NOPANVALET PERFORM-TYPE"OSVS" NOPREPLIST
*          NOPREPROCESS NOPRINT-EXT NOPROFILE NOPROGID-COMMENT
*          NOPROGID-INT-NAME NOPROTECT-LINKAGE PROTOTYPE"RELAXED" QUAL
*          QUALPROC NOQUERY NOQUOTE NORAWLIST NORDW RECMODE"F" NOREENTRANT
*          NOREF NOREFNO REMAINDER"1" REPORT-LINE"256" RESEQ NORETRYLOCK
*          REWRITE-LS NORM RTNCODE-SIZE"4" NORWHARDPAGE NOSAA SEG NOSEQCHK
*          SEQUENTIAL"RECORD" NOSERIAL SETTING"LINE" NOSHAREOUTDD NOSHOW-DIR
*          SIGN"ASCII" NOSIGNDISCARD NOSIGNFIXUP SORTTYPE"DFSORT" SOURCEFORMAT
*          "FIXED" SOURCETABSTOP"8" NOSPZERO NOSSRANGE STDERR STICKY-LINKAGE
*          "2" NOSTICKY-PERFORM SUPFF SWITCHTYPE"1" SYMBSTART"1" SYSPUNCH"132"
*          TERMPAGE TIME NOTRACE NOTRUNC NOTRUNCCALLNAME NOTRUNCCOPY TRUNCINC
*          "10" UNICODE"NATIVE" VERBOSE VSC2"4" WARNING"1" NOWB NOWB2 NOWB3
*          WEBSERVER"CGI" NOWRITELOCK NOWRITETHRU NOXOPEN NOXREF
*          NOZEROLENGTHFALSE NOZEROSEQ NOZWB
     1*****************************************************************
     2*                                                               *
     3* Copyright (c) 2012 by Central States Health and Life          *
     4* All rights reserved.                                          *
     5*                                                               *
     6*****************************************************************
     7 identification division.
     8 program-id. CSUPD.
     9*
    10*AUTHOR.    Pablo.
    11*           Colleyville, TEXAS.
    12********************************************
    13*   Coversheet update. get and create document
* Micro Focus Server Express         V5.1 revision 000 14-Apr-17 11:28 Page   2
* CSUPD.cbl
    14********************************************
    15******************************************************************
    16*                   C H A N G E   L O G
    17*
    18* CHANGES ARE MARKED BY THE CHANGE EFFECTIVE DATE.
    19*-----------------------------------------------------------------
    20*  CHANGE   CHANGE REQUEST PGMR  DESCRIPTION OF CHANGE
    21* EFFECTIVE    NUMBER
    22*-----------------------------------------------------------------
    23* 041417  CR2016022400002  PEMA  TPE/BPE Upgrade
    24******************************************************************
    25 environment division.
    26 data division.
    27 working-storage section.
    28 01  DFH-START PIC X(04).
    29************************************************
    30* commarea passed to the business logic
    31************************************************
    32 01 upd-commarea.
    33*                                copy CSUPD-COMMAREA.
    34*****************************************************************
    35*                                                               *
    36* Copyright (c) 2007 by Clerity Solutions, Inc.                 *
    37* All rights reserved.                                          *
    38*                                                               *
    39*****************************************************************
    40*****************************************
    41*  commarea for UPDATE Form
    42*  (business logic input & output)
    43*****************************************
    44           03  bl-input.
    45         05  bl-input-form-name         pic x(10).
    46         05  bl-input-form-month        pic xxx.
    47         05  bl-input-direction         pic xxx.
    48         05  bl-input-form-desc         pic x(30).
    49         05  bl-input-messages occurs 8 pic x(75).
    50         05  bl-input-comment1          pic x(95).
    51         05  bl-input-comment2          pic x(95).
    52     03  bl-output.
    53         05  bl-status      pic x.
    54             88  bl-ok      value "P".
    55             88  bl-fail    value "F".
    56         05  bl-output-message           pic x(50).
    57         05  bl-output-form-name         pic x(10).
    58         05  bl-output-form-month        pic xxx.
    59         05  bl-output-form-desc         pic x(30).
    60         05  bl-output-messages occurs 8 pic x(75).
    61         05  bl-output-comment1          pic x(95).
    62         05  bl-output-comment2          pic x(95).
    63************************************
    64* fields used to read web data
    65************************************
    66 01  w-form-name       pic x(10).
    67 01  w-form-value      pic x(100).
    68 01  w-form-name-len   pic s9(8) comp.
    69 01  w-form-value-len  pic s9(8) comp.
    70 01  w-resp            pic s9(8) comp.
    71 01  w-doctoken        pic x(16).
* Micro Focus Server Express         V5.1 revision 000 14-Apr-17 11:28 Page   3
* CSUPD.cbl
    72 01  w-template-name   pic x(48) value spaces.
    73****************************************
    74* symbol list for the DETAIL template
    75****************************************
    76 01 output-data.
    77    05 filler                pic x(5) value "FORM=".
    78    05 out-form-name         pic x(10).
    79    05 filler                pic x(7) value "&FORM1=".
    80    05 out-form1             pic x(10).
    81    05 filler                pic x(6) value "&FMTH=".
    82    05 out-form-month        pic xxx.
    83    05 filler                pic x(6) value "&DESC=".
    84    05 out-desc              pic x(30).
    85    05 filler                pic x(7) value "&MESS1=".
    86    05 out-msgl1             pic x(75).
    87    05 filler                pic x(7) value "&MESS2=".
    88    05 out-msgl2             pic x(75).
    89    05 filler                pic x(7) value "&MESS3=".
    90    05 out-msgl3             pic x(75).
    91    05 filler                pic x(7) value "&MESS4=".
    92    05 out-msgl4             pic x(75).
    93    05 filler                pic x(7) value "&MESS5=".
    94    05 out-msgl5             pic x(75).
    95    05 filler                pic x(7) value "&MESS6=".
    96    05 out-msgl6             pic x(75).
    97    05 filler                pic x(7) value "&MESS7=".
    98    05 out-msgl7             pic x(75).
    99    05 filler                pic x(7) value "&MESS8=".
   100    05 out-msgl8             pic x(75).
   101    05 filler                pic x(7) value "&COMM1=".
   102    05 out-comm1             pic x(95).
   103    05 filler                pic x(7) value "&COMM2=".
   104    05 out-comm2             pic x(95).
   105    05 filler                pic x(5) value "&MSG=".
   106    05  out-message          pic x(50).
   107****************************************************************
   108*
   109* Copyright (c) 2007 by Clerity Solutions, Inc.
   110* All rights reserved.
   111*
   112****************************************************************
   113 01  DFHEIV.
   114   02  DFHEIV0               PIC X(35).
   115   02  DFHEIV1               PIC X(08).
   116   02  DFHEIV2               PIC X(08).
   117   02  DFHEIV3               PIC X(08).
   118   02  DFHEIV4               PIC X(06).
   119   02  DFHEIV5               PIC X(04).
   120   02  DFHEIV6               PIC X(04).
   121   02  DFHEIV7               PIC X(02).
   122   02  DFHEIV8               PIC X(02).
   123   02  DFHEIV9               PIC X(01).
   124   02  DFHEIV10              PIC S9(7) COMP-3.
   125   02  DFHEIV11              PIC S9(4) COMP SYNC.
   126   02  DFHEIV12              PIC S9(4) COMP SYNC.
   127   02  DFHEIV13              PIC S9(4) COMP SYNC.
   128   02  DFHEIV14              PIC S9(4) COMP SYNC.
   129   02  DFHEIV15              PIC S9(4) COMP SYNC.
* Micro Focus Server Express         V5.1 revision 000 14-Apr-17 11:28 Page   4
* CSUPD.cbl
   130   02  DFHEIV16              PIC S9(9) COMP SYNC.
   131   02  DFHEIV17              PIC X(04).
   132   02  DFHEIV18              PIC X(04).
   133   02  DFHEIV19              PIC X(04).
   134   02  DFHEIV20              USAGE IS POINTER.
   135   02  DFHEIV21              USAGE IS POINTER.
   136   02  DFHEIV22              USAGE IS POINTER.
   137   02  DFHEIV23              USAGE IS POINTER.
   138   02  DFHEIV24              USAGE IS POINTER.
   139   02  DFHEIV25              PIC S9(9) COMP SYNC.
   140   02  DFHEIV26              PIC S9(9) COMP SYNC.
   141   02  DFHEIV27              PIC S9(9) COMP SYNC.
   142   02  DFHEIV28              PIC S9(9) COMP SYNC.
   143   02  DFHEIV97              PIC S9(7) COMP-3 VALUE ZERO.
   144   02  DFHEIV98              PIC S9(4) COMP SYNC VALUE ZERO.
   145   02  FILLER                PIC X(02).
   146   02  DFHEIV99              PIC X(08) VALUE SPACE.
   147   02  DFHEIVL0              PIC X(48) VALUE SPACE.
   148   02  DFHEIVL1              PIC X(48) VALUE SPACE.
   149   02  DFHEIVL2              PIC X(48) VALUE SPACE.
   150   02  DFHEIVL3              PIC X(48) VALUE SPACE.
   151 LINKAGE  SECTION.
   152*****************************************************************
   153*                                                               *
   154* Copyright (c) 2007 by Clerity Solutions, Inc.                 *
   155* All rights reserved.                                          *
   156*                                                               *
   157*****************************************************************
   158 01  dfheiblk.
   159     02  eibtime          pic s9(7) comp-3.
   160     02  eibdate          pic s9(7) comp-3.
   161     02  eibtrnid         pic x(4).
   162     02  eibtaskn         pic s9(7) comp-3.
   163     02  eibtrmid         pic x(4).
   164     02  dfheigdi         pic s9(4) comp.
   165     02  eibcposn         pic s9(4) comp.
   166     02  eibcalen         pic s9(4) comp.
   167     02  eibaid           pic x(1).
   168     02  eibfiller1       pic x(1).
   169     02  eibfn            pic x(2).
   170     02  eibfiller2       pic x(2).
   171     02  eibrcode         pic x(6).
   172     02  eibfiller3       pic x(2).
   173     02  eibds            pic x(8).
   174     02  eibreqid         pic x(8).
   175     02  eibrsrce         pic x(8).
   176     02  eibsync          pic x(1).
   177     02  eibfree          pic x(1).
   178     02  eibrecv          pic x(1).
   179     02  eibsend          pic x(1).
   180     02  eibatt           pic x(1).
   181     02  eibeoc           pic x(1).
   182     02  eibfmh           pic x(1).
   183     02  eibcompl         pic x(1).
   184     02  eibsig           pic x(1).
   185     02  eibconf          pic x(1).
   186     02  eiberr           pic x(1).
   187     02  eibrldbk         pic x(1).
* Micro Focus Server Express         V5.1 revision 000 14-Apr-17 11:28 Page   5
* CSUPD.cbl
   188     02  eiberrcd         pic x(4).
   189     02  eibsynrb         pic x(1).
   190     02  eibnodat         pic x(1).
   191     02  eibfiller5       pic x(2).
   192     02  eibresp          pic 9(09) comp.
   193     02  eibresp2         pic 9(09) comp.
   194     02  dfheigdj         pic s9(4) comp.
   195     02  dfheigdk         pic s9(4) comp.
   196 01  DFHCOMMAREA       PIC X(01).
   197 PROCEDURE DIVISION USING DFHEIBLK DFHCOMMAREA.
   198 0000-DFHEXIT SECTION.
   199     MOVE '9#                    $   ' TO DFHEIV0.
   200     MOVE 'CSUPD' TO DFHEIV1.
   201     CALL 'kxdfhei1' USING DFHEIV0 DFH-START DFHEIV DFHEIV1.
   202 0000-get-started.
   203*    display ' entering updweb '
   204
   205* exec cics web
   206*       startbr formfield resp(w-resp)
   207*    end-exec
   208*    MOVE 'X(f                   &  N#00000200' TO DFHEIV0
   209     MOVE X'582866202020202020202020' TO DFHEIV0(1:12)
   210     MOVE X'202020202020202020202620' TO DFHEIV0(13:12)
   211     MOVE X'204E233030303030323030' TO DFHEIV0(25:11)
   212     CALL 'kxdfhei1' USING DFHEIV0,
   213           DFHEIV99,
   214           DFHEIV99,
   215           DFHEIV99,
   216           DFHEIV99,
   217           DFHEIV99
   218     MOVE EIBRESP  TO w-resp
   219     GO TO 9999-DFHEXIT DEPENDING ON DFHEIGDK
   220     perform 0200-read-form      thru 0200-exit until
   221        w-resp not = 0
   222*   dfhresp(normal)
   223
   224* exec cics web
   225*        endbr formfield
   226*    end-exec.
   227*    MOVE 'X,f                   #   #00000205' TO DFHEIV0
   228     MOVE X'582C66202020202020202020' TO DFHEIV0(1:12)
   229     MOVE X'202020202020202020202320' TO DFHEIV0(13:12)
   230     MOVE X'2020233030303030323035' TO DFHEIV0(25:11)
   231     CALL 'kxdfhei1' USING DFHEIV0,
   232           DFHEIV99,
   233           DFHEIV99
   234     GO TO 9999-DFHEXIT DEPENDING ON DFHEIGDK.
   235
   236*    display ' bl input ' bl-input
   237
   238* exec cics link
   239*       program  ('CSUPDBL')
   240*       commarea (upd-commarea)
   241*    end-exec.
   242     MOVE LENGTH OF
   243      upd-commarea
   244       TO DFHEIV11
   245     MOVE 'CSUPDBL' TO DFHEIV1
* Micro Focus Server Express         V5.1 revision 000 14-Apr-17 11:28 Page   6
* CSUPD.cbl
   246*    MOVE '."C                   (   #00000209' TO DFHEIV0
   247     MOVE X'2E2243202020202020202020' TO DFHEIV0(1:12)
   248     MOVE X'202020202020202020202820' TO DFHEIV0(13:12)
   249     MOVE X'2020233030303030323039' TO DFHEIV0(25:11)
   250     CALL 'kxdfhei1' USING DFHEIV0,
   251           DFHEIV1,
   252           upd-commarea,
   253           DFHEIV11,
   254           DFHEIV99,
   255           DFHEIV99,
   256           DFHEIV99,
   257           DFHEIV99
   258     GO TO 9999-DFHEXIT DEPENDING ON DFHEIGDK.
   259
   260     move bl-output-message      to out-message
   261     move bl-output-form-name    to out-form-name
   262                                    out-form1
   263     move bl-output-form-month   to out-form-month
   264     move bl-output-form-desc    to out-desc
   265     move bl-output-messages (1) to out-msgl1
   266     move bl-output-messages (2) to out-msgl2
   267     move bl-output-messages (3) to out-msgl3
   268     move bl-output-messages (4) to out-msgl4
   269     move bl-output-messages (5) to out-msgl5
   270     move bl-output-messages (6) to out-msgl6
   271     move bl-output-messages (7) to out-msgl7
   272     move bl-output-messages (8) to out-msgl8
   273     move bl-output-comment1     to out-comm1
   274     move bl-output-comment2     to out-comm2
   275*    display ' out data ' output-data
   276     move 'CSDETAIL'             to w-template-name
   277
   278* exec cics document create
   279*       doctoken   (w-doctoken)
   280*       template   (w-template-name)
   281*       symbollist (output-data)
   282*       listlength (length of output-data)
   283*    end-exec
   284     MOVE LENGTH OF
   285      output-data TO DFHEIV16
   286*    MOVE '\"D tSL               )   #00000230' TO DFHEIV0
   287     MOVE X'5C22442074534C2020202020' TO DFHEIV0(1:12)
   288     MOVE X'202020202020202020202920' TO DFHEIV0(13:12)
   289     MOVE X'2020233030303030323330' TO DFHEIV0(25:11)
   290     CALL 'kxdfhei1' USING DFHEIV0,
   291           w-doctoken,
   292           DFHEIV99,
   293           w-template-name,
   294           output-data,
   295           DFHEIV16,
   296           DFHEIV99,
   297           DFHEIV99,
   298           DFHEIV99
   299     GO TO 9999-DFHEXIT DEPENDING ON DFHEIGDK
   300     if bl-fail
   301
   302* exec cics syncpoint rollback
   303*         end-exec
* Micro Focus Server Express         V5.1 revision 000 14-Apr-17 11:28 Page   7
* CSUPD.cbl
   304*    MOVE '6"R                   !   #00000237' TO DFHEIV0
   305     MOVE X'362252202020202020202020' TO DFHEIV0(1:12)
   306     MOVE X'202020202020202020202120' TO DFHEIV0(13:12)
   307     MOVE X'2020233030303030323337' TO DFHEIV0(25:11)
   308     CALL 'kxdfhei1' USING DFHEIV0
   309     GO TO 9999-DFHEXIT DEPENDING ON DFHEIGDK
   310     end-if
   311
   312* exec cics web send
   313*       doctoken (w-doctoken)
   314*    end-exec
   315*    MOVE 'X$D                   *   #00000240' TO DFHEIV0
   316     MOVE X'582444202020202020202020' TO DFHEIV0(1:12)
   317     MOVE X'202020202020202020202A20' TO DFHEIV0(13:12)
   318     MOVE X'2020233030303030323430' TO DFHEIV0(25:11)
   319     CALL 'kxdfhei1' USING DFHEIV0,
   320           w-doctoken,
   321           DFHEIV99,
   322           DFHEIV99,
   323           DFHEIV99,
   324           DFHEIV99,
   325           DFHEIV99,
   326           DFHEIV99,
   327           DFHEIV99,
   328           DFHEIV99
   329     GO TO 9999-DFHEXIT DEPENDING ON DFHEIGDK
   330
   331* exec cics return
   332*    end-exec
   333*    MOVE '.(                    ''   #00000243' TO DFHEIV0
   334     MOVE X'2E2820202020202020202020' TO DFHEIV0(1:12)
   335     MOVE X'202020202020202020202720' TO DFHEIV0(13:12)
   336     MOVE X'2020233030303030323433' TO DFHEIV0(25:11)
   337     CALL 'kxdfhei1' USING DFHEIV0,
   338           DFHEIV99,
   339           DFHEIV99,
   340           DFHEIV99,
   341           DFHEIV99,
   342           DFHEIV99,
   343           DFHEIV99
   344     GO TO 9999-DFHEXIT DEPENDING ON DFHEIGDK
   345     .
   346 0200-read-form.
   347     move length of w-form-name  to w-form-name-len
   348     move length of w-form-value to w-form-value-len
   349
   350* exec cics web readnext
   351*       formfield   (w-form-name)
   352*       namelength  (w-form-name-len)
   353*       value       (w-form-value)
   354*       valuelength (w-form-value-len)
   355*       resp        (w-resp)
   356*    end-exec
   357*    MOVE 'X*FLVL                &  N#00000249' TO DFHEIV0
   358     MOVE X'582A464C564C202020202020' TO DFHEIV0(1:12)
   359     MOVE X'202020202020202020202620' TO DFHEIV0(13:12)
   360     MOVE X'204E233030303030323439' TO DFHEIV0(25:11)
   361     CALL 'kxdfhei1' USING DFHEIV0,
* Micro Focus Server Express         V5.1 revision 000 14-Apr-17 11:28 Page   8
* CSUPD.cbl
   362           w-form-name,
   363           w-form-name-len,
   364           w-form-value,
   365           w-form-value-len,
   366           DFHEIV99
   367     MOVE EIBRESP  TO w-resp
   368     GO TO 9999-DFHEXIT DEPENDING ON DFHEIGDK
   369*    display ' w resp      ' w-resp
   370*    display ' w form name ' w-form-name
   371*    display ' w form name length ' w-form-name-len
   372*    display ' w form value ' w-form-value
   373*    display ' w form length ' w-form-value-len
   374     evaluate w-resp
   375        when 0
   376*   dfhresp(normal)
   377           evaluate w-form-name(1:w-form-name-len)
   378              when 'form_nme'
   379                 move w-form-value(1:w-form-value-len)
   380                                 to bl-input-form-name
   381              when 'form_mth'
   382                 move w-form-value(1:w-form-value-len)
   383                                 to bl-input-form-month
   384              when 'form_nav'
   385                 move w-form-value(1:w-form-value-len)
   386                                 to bl-input-direction
   387              when 'formdesc'
   388                 move w-form-value(1:w-form-value-len)
   389                                 to bl-input-form-desc
   390              when 'msgl1'
   391                 move w-form-value(1:w-form-value-len)
   392                                 to bl-input-messages (1)
   393              when 'msgl2'
   394                 move w-form-value(1:w-form-value-len)
   395                                 to bl-input-messages (2)
   396              when 'msgl3'
   397                 move w-form-value(1:w-form-value-len)
   398                                 to bl-input-messages (3)
   399              when 'msgl4'
   400                 move w-form-value(1:w-form-value-len)
   401                                 to bl-input-messages (4)
   402              when 'msgl5'
   403                 move w-form-value(1:w-form-value-len)
   404                                 to bl-input-messages (5)
   405              when 'msgl6'
   406                 move w-form-value(1:w-form-value-len)
   407                                 to bl-input-messages (6)
   408              when 'msgl7'
   409                 move w-form-value(1:w-form-value-len)
   410                                 to bl-input-messages (7)
   411              when 'msgl8'
   412                 move w-form-value(1:w-form-value-len)
   413                                 to bl-input-messages (8)
   414              when 'comm1'
   415                 move w-form-value(1:w-form-value-len)
   416                                 to bl-input-comment1
   417              when 'comm2'
   418                 move w-form-value(1:w-form-value-len)
   419                                 to bl-input-comment2
* Micro Focus Server Express         V5.1 revision 000 14-Apr-17 11:28 Page   9
* CSUPD.cbl
   420           end-evaluate
   421        when other
   422           continue
   423     end-evaluate
   424     .
   425 0200-exit.
   426     exit.
   427
   428 9999-DFHBACK SECTION.
   429     MOVE '9%                    "   ' TO DFHEIV0
   430     MOVE 'CSUPD' TO DFHEIV1
   431     CALL 'kxdfhei1' USING DFHEIV0 DFHEIV1
   432     GOBACK.
   433 9999-DFHEXIT.
   434     IF DFHEIGDJ EQUAL 0001
   435         NEXT SENTENCE.
   436     MOVE '9%                    "   ' TO DFHEIV0
   437     MOVE 'CSUPD' TO DFHEIV1
   438     CALL 'kxdfhei1' USING DFHEIV0 DFHEIV1
   439     GOBACK.
* Micro Focus Server Express         V5.1 revision 000 Compiler
* Copyright (C) Micro Focus IP Development Limited 1984-2012.
*                                                        REF GNR-008065005AF
* Total Messages:     0
* Data:        3864     Code:        1978
