* Micro Focus Server Express         V5.1 revision 000 13-Nov-12 08:32 Page   1
* PYRPT.cbl
* Options: int("PYRPT.int") anim csi verbose NOBOUND LINKCHECK PARAMCOUNTCHECK
*          directives(cobopt.bth) endp list("PYRPT.lst")
* Setting: NOACCEPTREFRESH NOADV ALIGN"8" ALPHASTART"1" NOALTER NOAMODE ANIM
*          NOANIMPREP ANS85 APOST NOAREACHECK ARITHMETIC"OSVS" ASSIGN
*          "EXTERNAL" NOASSIGN-PRINTER NOAUTOLOCK NOBELL NOBOUND NOBRIEF
*          NOBS2000 BWZSTAR NOBYTEMODEMOVE CALLFH"EXTFH" NOCALLMCS
*          NOCALLRECOVERY CALLSORT"EXTSM" CANCEL CANCELLBR NOCHANGEMESSAGE
*          CHARSET"ASCII" CHECKDIV"ANSI" NOCHECKREFMOD NOCICS CICS-CPY
*          NOCICSOPTIMIZE NOCMPR2 NOCOBFSTATCONV NOCOBIDY NOCOBOL370 COBOLDIR
*          NOCOMP COMP-5"2" COMP-6"2" NOCOMS85 CONFIRM NOCONVERTRET CONVSPACE
*          COPYEXT",cbl,cpy" NOCOPYLBR COPYLIST COPYLISTCOMMENT"1" CSI
*          CURRENCY-SIGN"36" CURRENT-DATE"MMDDYY" NODATA DATACOMPRESS"0"
*          NODATA-CONTEXT DATE DBCHECK DBCS"2" NODBCSSOSI DBSPACE DE-EDIT"2"
*          DEFAULTBYTE"0" NODEFAULTCALLS DETECTLOCK NODG DIALECT"MF"
*          NODIRECTIVES-IN-COMMENTS NODOSVS NODPCINSUBSCRIPT DYNAM
*          NOEARLY-RELEASE ECHO NOECHOALL NOEDITOR ENSUITE"0" NOENTCOBOL
*          ERRFORMAT"1" ERRLIST"EMBED" NOERRQ FASTSORT NOFCD3 NOFCDREG
*          NOFDCLEAR NOFILESHARE FILETYPE"0" NOFLAG NOFLAGAS NOFLAGCD
*          NOFLAGEUC NOFLAGMIG NOFLAGQ FLAGSINEDIT NOFLAGSTD NOFOLDCALLNAME
*          NOFOLDCOPYNAME FORM"60" NOFP-ROUNDING NOHOSTARITHMETIC
*          NOHOSTCONTZERO NOHOST-NUMCOMPARE NOHOST-NUMMOVE NOHOSTFD NOHOSTRW
*          NOIBM-MS IBMCOMP IDXFORMAT"0" NOILGEN IMPLICITSCOPE NOINDD
*          INFORETURN"0" NOINITCALL INITPTR INT"PYRPT.int" INTDATE"ANSI"
*          INTLEVEL"2" IOCONV NOISO2002 NOIXNLSKEY NOIXNUMKEY KEEP-INT
*          KEYCHECK KEYCOMPRESS"0" LIBRARIAN"2" NOLINE-COUNT LIST"PYRPT.lst"
*          LISTPATH"" LISTWIDTH"80" LITVAL-SIZE"4" LOCKTYPE"0" NOMAPNAME
*          NOMAXERROR METHODDEFAULT"REFERENCE" MF"15" MFCOMMENT NOMOVELENCHECK
*          NOMS NOMVS NATIVE"ASCII" NONATIVEFLOATINGPOINT NONCHAR
*          NONEWBASENAME NONLS NSYMBOL"DBCS" NOODOOSVS NOODOSLIDE
*          NOOLDBLANKLINE NOOLDCOPY NOOLDINDEX NOOLDNEXTSENTENCE NOOLDREADINTO
*          NOOLDSTRMIX OOCTRL"-C-E-G-P+Q+R-S+W" OPTIONAL-FILE NOOS390 OSEXT""
*          NOOSVS NOOUTDD NOP64 NOPANVALET PERFORM-TYPE"OSVS" NOPREPLIST
*          NOPREPROCESS NOPRINT-EXT NOPROFILE NOPROGID-COMMENT
*          NOPROGID-INT-NAME NOPROTECT-LINKAGE PROTOTYPE"RELAXED" QUAL
*          QUALPROC NOQUERY NOQUOTE NORAWLIST NORDW RECMODE"F" NOREENTRANT
*          NOREF NOREFNO REMAINDER"1" REPORT-LINE"256" RESEQ NORETRYLOCK
*          REWRITE-LS NORM RTNCODE-SIZE"4" NORWHARDPAGE NOSAA SEG NOSEQCHK
*          SEQUENTIAL"RECORD" NOSERIAL SETTING"LINE" NOSHAREOUTDD NOSHOW-DIR
*          SIGN"ASCII" NOSIGNDISCARD NOSIGNFIXUP SORTTYPE"DFSORT" SOURCEFORMAT
*          "FIXED" SOURCETABSTOP"8" NOSPZERO NOSSRANGE STDERR STICKY-LINKAGE
*          "2" NOSTICKY-PERFORM SUPFF SWITCHTYPE"1" SYMBSTART"1" SYSPUNCH"132"
*          TERMPAGE TIME NOTRACE NOTRUNC NOTRUNCCALLNAME NOTRUNCCOPY TRUNCINC
*          "10" UNICODE"NATIVE" VERBOSE VSC2"4" WARNING"1" NOWB NOWB2 NOWB3
*          WEBSERVER"CGI" NOWRITELOCK NOWRITETHRU NOXOPEN NOXREF
*          NOZEROLENGTHFALSE NOZEROSEQ NOZWB
     1 IDENTIFICATION DIVISION.
     2 PROGRAM-ID.   PYRPT.
     3*AUTHOR.     PABLO
     4*            COLLEYVILLE, TEXAS.
     5*REMARKS.    EXECUTED FROM /PayAdj/INDEX.HTML
     6******************************************************************
     7*                   C H A N G E   L O G
     8*
     9* CHANGES ARE MARKED BY THE CHANGE EFFECTIVE DATE.
    10*-----------------------------------------------------------------
    11*  CHANGE   CHANGE REQUEST PGMR  DESCRIPTION OF CHANGE
    12* EFFECTIVE    NUMBER
    13*-----------------------------------------------------------------
* Micro Focus Server Express         V5.1 revision 000 13-Nov-12 08:32 Page   2
* PYRPT.cbl
    14* 111810                   PEMA  NEW PROGRAM
    15******************************************************************
    16 ENVIRONMENT DIVISION.
    17 DATA DIVISION.
    18 working-storage section.
    19 01  DFH-START PIC X(04).
    20 77  SAVE-DATE                   PIC X(8)    VALUE SPACES.
    21 77  WS-SAVE-EDIT-A-DATE         PIC X(10)   VALUE SPACES.
    22 77  SAVE-BIN-DATE               PIC XX      VALUE SPACES.
    23 01  S1                          PIC S999 VALUE +0 COMP-3.
    24 01  P pointer.
    25 01  KIXSYS                      pic X(7)  VALUE Z"KIXSYS".
    26 01  var-ptr pointer.
    27 01  env-var-len                 pic 9(4)  binary.
    28 01  rc                          pic 9(9)  binary.
    29 01  WS-KIXSYS.
    30     05  WS-KIX-FIL1             PIC X(10).
    31     05  WS-KIX-APPS             PIC X(10).
    32     05  WS-KIX-ENV              PIC X(10).
    33     05  WS-KIX-MYENV            PIC X(10).
    34     05  WS-KIX-SYS              PIC X(10).
    35************************************************
    36* commarea passed to the business logic
    37************************************************
    38 01  BL-COMMAREA.
    39     03  BL-OUTPUT OCCURS 200.
    40         05  BL-CARRIER          PIC X.
    41         05  BL-STATE            PIC XX.
    42         05  BL-FIN-RESP         PIC X(10).
    43         05  BL-ACCOUNT          PIC X(10).
    44         05  BL-ACCT-NAME        PIC X(33).
    45         05  BL-NET-AMT          PIC 9(7)V99.
    46         05  BL-TYPE             PIC X.
    47         05  BL-GL-ACCT          PIC X(10).
    48         05  BL-RETURN-CODE REDEFINES BL-GL-ACCT
    49                                 PIC 9(10).
    50         05  BL-COMMENT          PIC X(13).
    51         05  BL-MAINT-DT         PIC X(10).
    52     03  BL-COUNT                PIC 999.
    53     03  BL-STATUS.
    54         88  BL-OK                          VALUE "P".
    55         88  BL-FAIL                      VALUE "F".
    56         05  BL-MESSAGE          PIC X(50).
    57************************************
    58* fields used to read web data
    59************************************
    60 01  w-form-name       pic x(80).
    61 01  w-form-value      pic x(80).
    62 01  w-form-name-len   pic s9(8) comp.
    63 01  w-form-value-len  pic s9(8) comp.
    64 01  w-resp            pic s9(8) comp.
    65 01  w-doctoken        pic x(16).
    66* COMP ID TPE REGION   GROUP NAME       HOST          HTTP PORT
    67*
    68*  CID      CID1P      BatchClaims     ntcso3            7001
    69*  CID      MDOFF      BatchClaims     ntnapersofttst    7003
    70*  CID      CID1T      BatchClaims     ntnapersofttst    6002
    71*  CID      PAUL       BatchClaims     ntnapersofttst    5002
* Micro Focus Server Express         V5.1 revision 000 13-Nov-12 08:32 Page   3
* PYRPT.cbl
    72*  DCC      CID1P      BatchDCCClaims  ntcso3            7001
    73*  DCC      MDOFF      BatchDCCClaims  ntnapersofttst    7003
    74*  DCC      CID1T      BatchDCCClaims  ntnapersofttst    6002
    75*  DCC      PAUL       BatchDCCClaims  ntnapersofttst    5002
    76******************************************
    77* symbol list text for PYHDR template
    78******************************************
    79 01  WS-PROD-PYHDR.
    80     05  F                       PIC X(7)  VALUE "PGMDT=".
    81     05  PYHDR-DT                PIC X(10) VALUE ' '.
    82******************************************
    83* symbol list text for PYBOD template
    84******************************************
    85 01 WS-PROD-PYBOD.
    86    05 FILLER              PIC X(8) VALUE "CARRIER=".
    87    05 OUT-CARR            PIC X.
    88    05 FILLER              PIC X(7) VALUE "&STATE=".
    89    05 OUT-STATE           PIC XX.
    90    05 FILLER              PIC X(6) VALUE "&RESP=".
    91    05 OUT-RESP            PIC X(10).
    92    05 FILLER              PIC X(9) VALUE "&ACCOUNT=".
    93    05 OUT-ACCT            PIC X(10).
    94    05 FILLER              PIC X(8) VALUE "&ACCTNM=".
    95    05 OUT-ACCT-NAME       PIC X(33).
    96    05 FILLER              PIC X(8) VALUE "&NETAMT=".
    97    05 OUT-AMT             PIC 9999999.99.
    98    05 FILLER              PIC X(6) VALUE "&TYPE=".
    99    05 OUT-TYPE            PIC X.
   100    05 FILLER              PIC X(8) VALUE "&GLACCT=".
   101    05 OUT-GLACCT          PIC X(10).
   102    05 FILLER              PIC X(9) VALUE "&COMMENT=".
   103    05 OUT-COMMENT         PIC X(13).
   104    05 FILLER              PIC X(9) VALUE "&MAINTDT=".
   105    05 OUT-MAINT-DT        PIC X(10).
   106******************************************
   107* symbol list text for PYFTR template
   108******************************************
   109 01  WS-PROD-PYFTR.
   110     05  F                       PIC X(7)  VALUE "MSG=".
   111     05  PYFTR-MSG               PIC X(50) VALUE ' '.
   112 01  WS-VAR-SLUNIKIX.
   113     05  FILLER                  PIC X(09) VALUE "HOSTINFO=".
   114     05  WS-SL-HOST-INFO         PIC X(09) VALUE 'slunikix:'.
   115     05  WS-SL-PORT              PIC XXXX  VALUE '7001'.
   116     05  WS-SL-REST              PIC X(145) VALUE SPACES.
   117 01  WS-VAR-LOGICTEST.
   118     05  FILLER                  PIC X(09) VALUE "HOSTINFO=".
   119     05  WS-LT-HOST-INFO         PIC X(10) VALUE 'logictest:'.
   120     05  WS-LT-PORT              PIC XXXX  VALUE '5002'.
   121     05  WS-LT-REST              PIC X(145) VALUE SPACES.
   122 01  MISC.
   123     12  WS-RESPONSE             PIC S9(8)   COMP.
   124         88  RESP-NORMAL                  VALUE +00.
   125         88  RESP-NOTFND                  VALUE +13.
   126         88  RESP-DUPREC                  VALUE +14.
   127         88  RESP-DUPKEY                  VALUE +15.
   128         88  RESP-NOTOPEN                 VALUE +19.
   129         88  RESP-ENDFILE                 VALUE +20.
* Micro Focus Server Express         V5.1 revision 000 13-Nov-12 08:32 Page   4
* PYRPT.cbl
   130*                                COPY ELCDATE.
   131******************************************************************
   132*                                                                *
   133*                                                                *
   134*                            ELCDATE.                            *
   135*           COPYBOOK REVIEWED FOR YEAR 2000 COMPLIANCE
   136*                            VMOD=2.003
   137*                                                                *
   138*                                                                *
   139*   DESCRIPTION:  DATA PASSED TO DATE CONVERSION ROUTINE.        *
   140*                 LENGTH = 200                                   *
   141******************************************************************
   142
   143 01  DATE-CONVERSION-DATA.
   144     12  DC-COMM-LENGTH                PIC S9(4) COMP VALUE +200.
   145     12  DC-OPTION-CODE                PIC X.
   146         88  BIN-TO-GREG                VALUE ' '.
   147         88  ELAPSED-BETWEEN-BIN        VALUE '1'.
   148         88  EDIT-GREG-TO-BIN           VALUE '2'.
   149         88  YMD-GREG-TO-BIN            VALUE '3'.
   150         88  MDY-GREG-TO-BIN            VALUE '4'.
   151         88  JULIAN-TO-BIN              VALUE '5'.
   152         88  BIN-PLUS-ELAPSED           VALUE '6'.
   153         88  FIND-CENTURY               VALUE '7'.
   154         88  ELAPSED-BETWEEN-BIN-3      VALUE '8'.
   155         88  EDIT-GREG-TO-BIN-3         VALUE '9'.
   156         88  YMD-GREG-TO-BIN-3          VALUE 'A'.
   157         88  MDY-GREG-TO-BIN-3          VALUE 'B'.
   158         88  JULIAN-TO-BIN-3            VALUE 'C'.
   159         88  BIN-PLUS-ELAPSED-3         VALUE 'D'.
   160         88  JULIAN-EXPANDED-TO-BIN     VALUE 'E'.
   161         88  JULIAN-EXPANDED-TO-BIN-3   VALUE 'F'.
   162         88  BIN-TO-JULIAN-EXPANDED     VALUE 'G'.
   163         88  JULIAN-EXPANDED            VALUE 'E', 'F', 'G'.
   164         88  CHECK-LEAP-YEAR            VALUE 'H'.
   165         88  BIN-3-TO-GREG              VALUE 'I'.
   166         88  CYMD-GREG-TO-BIN-3         VALUE 'J'.
   167         88  MDCY-GREG-TO-BIN-3         VALUE 'K'.
   168         88  CYMD-GREG-TO-BIN           VALUE 'L'.
   169         88  MDCY-GREG-TO-BIN           VALUE 'M'.
   170         88  MDY-GREG-TO-JULIAN         VALUE 'N'.
   171         88  MDCY-GREG-TO-JULIAN        VALUE 'O'.
   172         88  YMD-GREG-TO-JULIAN         VALUE 'P'.
   173         88  CYMD-GREG-TO-JULIAN        VALUE 'Q'.
   174         88  THREE-CHARACTER-BIN
   175                  VALUES  '8' '9' 'A' 'B' 'C' 'D' 'I' 'J' 'K'.
   176         88  GREGORIAN-TO-BIN
   177                  VALUES '2' '3' '4' '9' 'A' 'B' 'J' 'K' 'L' 'M'.
   178         88  BIN-TO-GREGORIAN
   179                  VALUES ' ' '1' 'I' '8' 'G'.
   180         88  JULIAN-TO-BINARY
   181                  VALUES '5' 'C' 'E' 'F'.
   182     12  DC-ERROR-CODE                 PIC X.
   183         88  NO-CONVERSION-ERROR        VALUE ' '.
   184         88  DATE-CONVERSION-ERROR
   185                  VALUES '1' '2' '3' '4' '5' '9' 'A' 'B' 'C'.
   186         88  DATE-IS-ZERO               VALUE '1'.
   187         88  DATE-IS-NON-NUMERIC        VALUE '2'.
* Micro Focus Server Express         V5.1 revision 000 13-Nov-12 08:32 Page   5
* PYRPT.cbl
   188         88  DATE-IS-INVALID            VALUE '3'.
   189         88  DATE1-GREATER-DATE2        VALUE '4'.
   190         88  ELAPSED-PLUS-NEGATIVE      VALUE '5'.
   191         88  DATE-INVALID-OPTION        VALUE '9'.
   192         88  INVALID-CENTURY            VALUE 'A'.
   193         88  ONLY-CENTURY               VALUE 'B'.
   194         88  ONLY-LEAP-YEAR             VALUE 'C'.
   195         88  VALID-CENTURY-LEAP-YEAR    VALUE 'B', 'C'.
   196     12  DC-END-OF-MONTH               PIC X.
   197         88  CALCULATE-END-OF-MONTH     VALUE '1'.
   198     12  DC-CENTURY-ADJUSTMENT         PIC X   VALUE SPACES.
   199         88  USE-NORMAL-PROCESS         VALUE ' '.
   200         88  ADJUST-DOWN-100-YRS        VALUE '1'.
   201         88  ADJUST-UP-100-YRS          VALUE '2'.
   202     12  FILLER                        PIC X.
   203     12  DC-CONVERSION-DATES.
   204         16  DC-BIN-DATE-1             PIC XX.
   205         16  DC-BIN-DATE-2             PIC XX.
   206         16  DC-GREG-DATE-1-EDIT       PIC X(08).
   207         16  DC-GREG-DATE-1-EDIT-R REDEFINES
   208                       DC-GREG-DATE-1-EDIT.
   209             20  DC-EDIT1-MONTH        PIC 99.
   210             20  SLASH1-1              PIC X.
   211             20  DC-EDIT1-DAY          PIC 99.
   212             20  SLASH1-2              PIC X.
   213             20  DC-EDIT1-YEAR         PIC 99.
   214         16  DC-GREG-DATE-2-EDIT       PIC X(08).
   215         16  DC-GREG-DATE-2-EDIT-R REDEFINES
   216                     DC-GREG-DATE-2-EDIT.
   217             20  DC-EDIT2-MONTH        PIC 99.
   218             20  SLASH2-1              PIC X.
   219             20  DC-EDIT2-DAY          PIC 99.
   220             20  SLASH2-2              PIC X.
   221             20  DC-EDIT2-YEAR         PIC 99.
   222         16  DC-GREG-DATE-1-YMD        PIC 9(06).
   223         16  DC-GREG-DATE-1-YMD-R  REDEFINES
   224                     DC-GREG-DATE-1-YMD.
   225             20  DC-YMD-YEAR           PIC 99.
   226             20  DC-YMD-MONTH          PIC 99.
   227             20  DC-YMD-DAY            PIC 99.
   228         16  DC-GREG-DATE-1-MDY        PIC 9(06).
   229         16  DC-GREG-DATE-1-MDY-R REDEFINES
   230                      DC-GREG-DATE-1-MDY.
   231             20  DC-MDY-MONTH          PIC 99.
   232             20  DC-MDY-DAY            PIC 99.
   233             20  DC-MDY-YEAR           PIC 99.
   234         16  DC-GREG-DATE-1-ALPHA.
   235             20  DC-ALPHA-MONTH        PIC X(10).
   236             20  DC-ALPHA-DAY          PIC 99.
   237             20  FILLER                PIC XX.
   238             20  DC-ALPHA-CENTURY.
   239                 24 DC-ALPHA-CEN-N     PIC 99.
   240             20  DC-ALPHA-YEAR         PIC 99.
   241         16  DC-ELAPSED-MONTHS         PIC S9(4)     COMP.
   242         16  DC-ODD-DAYS-OVER          PIC S9(4)     COMP.
   243         16  DC-ELAPSED-DAYS           PIC S9(4)     COMP.
   244         16  DC-JULIAN-DATE            PIC 9(05).
   245         16  DC-JULIAN-YYDDD REDEFINES DC-JULIAN-DATE
* Micro Focus Server Express         V5.1 revision 000 13-Nov-12 08:32 Page   6
* PYRPT.cbl
   246                                       PIC 9(05).
   247         16  DC-JULIAN-DT REDEFINES DC-JULIAN-DATE.
   248             20  DC-JULIAN-YEAR        PIC 99.
   249             20  DC-JULIAN-DAYS        PIC 999.
   250         16  DC-DAYS-IN-MONTH          PIC S9(3)       COMP-3.
   251         16  DC-DAY-OF-WEEK            PIC S9  VALUE ZERO COMP-3.
   252         16  DC-DAY-OF-WEEK2           PIC S9  VALUE ZERO COMP-3.
   253     12  DATE-CONVERSION-VARIBLES.
   254         16  HOLD-CENTURY-1            PIC 9(11) VALUE 0.
   255         16  HOLD-CENTURY-1-SPLIT REDEFINES HOLD-CENTURY-1.
   256             20  FILLER                PIC 9(3).
   257             20  HOLD-CEN-1-CCYY.
   258                 24  HOLD-CEN-1-CC     PIC 99.
   259                 24  HOLD-CEN-1-YY     PIC 99.
   260             20  HOLD-CEN-1-MO         PIC 99.
   261             20  HOLD-CEN-1-DA         PIC 99.
   262         16  HOLD-CENTURY-1-R   REDEFINES HOLD-CENTURY-1.
   263             20  HOLD-CEN-1-R-MO       PIC 99.
   264             20  HOLD-CEN-1-R-DA       PIC 99.
   265             20  HOLD-CEN-1-R-CCYY.
   266                 24  HOLD-CEN-1-R-CC   PIC 99.
   267                 24  HOLD-CEN-1-R-YY   PIC 99.
   268             20  FILLER                PIC 9(3).
   269         16  HOLD-CENTURY-1-X.
   270             20  FILLER                PIC X(3)  VALUE SPACES.
   271             20  HOLD-CEN-1-X-CCYY.
   272                 24  HOLD-CEN-1-X-CC   PIC XX VALUE SPACES.
   273                 24  HOLD-CEN-1-X-YY   PIC XX VALUE SPACES.
   274             20  HOLD-CEN-1-X-MO       PIC XX VALUE SPACES.
   275             20  HOLD-CEN-1-X-DA       PIC XX VALUE SPACES.
   276         16  HOLD-CENTURY-1-R-X REDEFINES HOLD-CENTURY-1-X.
   277             20  HOLD-CEN-1-R-X-MO     PIC XX.
   278             20  HOLD-CEN-1-R-X-DA     PIC XX.
   279             20  HOLD-CEN-1-R-X-CCYY.
   280                 24  HOLD-CEN-1-R-X-CC PIC XX.
   281                 24  HOLD-CEN-1-R-X-YY PIC XX.
   282             20  FILLER                PIC XXX.
   283         16  DC-BIN-DATE-EXPAND-1      PIC XXX.
   284         16  DC-BIN-DATE-EXPAND-2      PIC XXX.
   285         16  DC-JULIAN-DATE-1          PIC 9(07).
   286         16  DC-JULIAN-DATE-1-R REDEFINES DC-JULIAN-DATE-1.
   287             20  DC-JULIAN-1-CCYY.
   288                 24  DC-JULIAN-1-CC    PIC 99.
   289                 24  DC-JULIAN-1-YR    PIC 99.
   290             20  DC-JULIAN-DA-1        PIC 999.
   291         16  DC-JULIAN-DATE-2          PIC 9(07).
   292         16  DC-JULIAN-DATE-2-R REDEFINES DC-JULIAN-DATE-2.
   293             20  DC-JULIAN-2-CCYY.
   294                 24  DC-JULIAN-2-CC    PIC 99.
   295                 24  DC-JULIAN-2-YR    PIC 99.
   296             20  DC-JULIAN-DA-2        PIC 999.
   297         16  DC-GREG-DATE-A-EDIT.
   298             20  DC-EDITA-MONTH        PIC 99.
   299             20  SLASHA-1              PIC X VALUE '/'.
   300             20  DC-EDITA-DAY          PIC 99.
   301             20  SLASHA-2              PIC X VALUE '/'.
   302             20  DC-EDITA-CCYY.
   303                 24  DC-EDITA-CENT     PIC 99.
* Micro Focus Server Express         V5.1 revision 000 13-Nov-12 08:32 Page   7
* PYRPT.cbl
   304                 24  DC-EDITA-YEAR     PIC 99.
   305         16  DC-GREG-DATE-B-EDIT.
   306             20  DC-EDITB-MONTH        PIC 99.
   307             20  SLASHB-1              PIC X VALUE '/'.
   308             20  DC-EDITB-DAY          PIC 99.
   309             20  SLASHB-2              PIC X VALUE '/'.
   310             20  DC-EDITB-CCYY.
   311                 24  DC-EDITB-CENT     PIC 99.
   312                 24  DC-EDITB-YEAR     PIC 99.
   313         16  DC-GREG-DATE-CYMD         PIC 9(08).
   314         16  DC-GREG-DATE-CYMD-R REDEFINES
   315                              DC-GREG-DATE-CYMD.
   316             20  DC-CYMD-CEN           PIC 99.
   317             20  DC-CYMD-YEAR          PIC 99.
   318             20  DC-CYMD-MONTH         PIC 99.
   319             20  DC-CYMD-DAY           PIC 99.
   320         16  DC-GREG-DATE-MDCY         PIC 9(08).
   321         16  DC-GREG-DATE-MDCY-R REDEFINES
   322                              DC-GREG-DATE-MDCY.
   323             20  DC-MDCY-MONTH         PIC 99.
   324             20  DC-MDCY-DAY           PIC 99.
   325             20  DC-MDCY-CEN           PIC 99.
   326             20  DC-MDCY-YEAR          PIC 99.
   327    12  DC-FORCE-EL310-DATE-SW         PIC X    VALUE SPACE.
   328        88  DC-FORCE-EL310-DATE                 VALUE 'Y'.
   329    12  DC-EL310-DATE                  PIC X(21).
   330    12  FILLER                         PIC X(28).
   331****************************************************************
   332*
   333* Copyright (c) 2007 by Clerity Solutions, Inc.
   334* All rights reserved.
   335*
   336****************************************************************
   337 01  DFHEIV.
   338   02  DFHEIV0               PIC X(35).
   339   02  DFHEIV1               PIC X(08).
   340   02  DFHEIV2               PIC X(08).
   341   02  DFHEIV3               PIC X(08).
   342   02  DFHEIV4               PIC X(06).
   343   02  DFHEIV5               PIC X(04).
   344   02  DFHEIV6               PIC X(04).
   345   02  DFHEIV7               PIC X(02).
   346   02  DFHEIV8               PIC X(02).
   347   02  DFHEIV9               PIC X(01).
   348   02  DFHEIV10              PIC S9(7) COMP-3.
   349   02  DFHEIV11              PIC S9(4) COMP SYNC.
   350   02  DFHEIV12              PIC S9(4) COMP SYNC.
   351   02  DFHEIV13              PIC S9(4) COMP SYNC.
   352   02  DFHEIV14              PIC S9(4) COMP SYNC.
   353   02  DFHEIV15              PIC S9(4) COMP SYNC.
   354   02  DFHEIV16              PIC S9(9) COMP SYNC.
   355   02  DFHEIV17              PIC X(04).
   356   02  DFHEIV18              PIC X(04).
   357   02  DFHEIV19              PIC X(04).
   358   02  DFHEIV20              USAGE IS POINTER.
   359   02  DFHEIV21              USAGE IS POINTER.
   360   02  DFHEIV22              USAGE IS POINTER.
   361   02  DFHEIV23              USAGE IS POINTER.
* Micro Focus Server Express         V5.1 revision 000 13-Nov-12 08:32 Page   8
* PYRPT.cbl
   362   02  DFHEIV24              USAGE IS POINTER.
   363   02  DFHEIV25              PIC S9(9) COMP SYNC.
   364   02  DFHEIV26              PIC S9(9) COMP SYNC.
   365   02  DFHEIV27              PIC S9(9) COMP SYNC.
   366   02  DFHEIV28              PIC S9(9) COMP SYNC.
   367   02  DFHEIV97              PIC S9(7) COMP-3 VALUE ZERO.
   368   02  DFHEIV98              PIC S9(4) COMP SYNC VALUE ZERO.
   369   02  FILLER                PIC X(02).
   370   02  DFHEIV99              PIC X(08) VALUE SPACE.
   371   02  DFHEIVL0              PIC X(48) VALUE SPACE.
   372   02  DFHEIVL1              PIC X(48) VALUE SPACE.
   373   02  DFHEIVL2              PIC X(48) VALUE SPACE.
   374   02  DFHEIVL3              PIC X(48) VALUE SPACE.
   375 LINKAGE  SECTION.
   376*****************************************************************
   377*                                                               *
   378* Copyright (c) 2007 by Clerity Solutions, Inc.                 *
   379* All rights reserved.                                          *
   380*                                                               *
   381*****************************************************************
   382 01  dfheiblk.
   383     02  eibtime          pic s9(7) comp-3.
   384     02  eibdate          pic s9(7) comp-3.
   385     02  eibtrnid         pic x(4).
   386     02  eibtaskn         pic s9(7) comp-3.
   387     02  eibtrmid         pic x(4).
   388     02  dfheigdi         pic s9(4) comp.
   389     02  eibcposn         pic s9(4) comp.
   390     02  eibcalen         pic s9(4) comp.
   391     02  eibaid           pic x(1).
   392     02  eibfiller1       pic x(1).
   393     02  eibfn            pic x(2).
   394     02  eibfiller2       pic x(2).
   395     02  eibrcode         pic x(6).
   396     02  eibfiller3       pic x(2).
   397     02  eibds            pic x(8).
   398     02  eibreqid         pic x(8).
   399     02  eibrsrce         pic x(8).
   400     02  eibsync          pic x(1).
   401     02  eibfree          pic x(1).
   402     02  eibrecv          pic x(1).
   403     02  eibsend          pic x(1).
   404     02  eibatt           pic x(1).
   405     02  eibeoc           pic x(1).
   406     02  eibfmh           pic x(1).
   407     02  eibcompl         pic x(1).
   408     02  eibsig           pic x(1).
   409     02  eibconf          pic x(1).
   410     02  eiberr           pic x(1).
   411     02  eibrldbk         pic x(1).
   412     02  eiberrcd         pic x(4).
   413     02  eibsynrb         pic x(1).
   414     02  eibnodat         pic x(1).
   415     02  eibfiller5       pic x(2).
   416     02  eibresp          pic 9(09) comp.
   417     02  eibresp2         pic 9(09) comp.
   418     02  dfheigdj         pic s9(4) comp.
   419     02  dfheigdk         pic s9(4) comp.
* Micro Focus Server Express         V5.1 revision 000 13-Nov-12 08:32 Page   9
* PYRPT.cbl
   420 01  DFHCOMMAREA       PIC X(01).
   421 01  var  pic x(30).
   422 PROCEDURE DIVISION USING DFHEIBLK DFHCOMMAREA VAR.
   423 0000-DFHEXIT SECTION.
   424     MOVE '9#                    $   ' TO DFHEIV0.
   425     MOVE 'PYRPT' TO DFHEIV1.
   426     CALL 'kxdfhei1' USING DFHEIV0 DFH-START DFHEIV DFHEIV1.
   427     set P to address of KIXSYS
   428     CALL "getenv" using by value P returning var-ptr
   429     if var-ptr = null then
   430        display ' kixsys not set '
   431     else
   432        set address of var to var-ptr
   433        move 0 to env-var-len
   434        inspect var tallying env-var-len
   435          for characters before X'00'
   436*       DISPLAY '  KIXSYS = ' var (1:env-var-len)
   437        unstring var (1:env-var-len) delimited by '/'
   438           into WS-KIX-FIL1 WS-KIX-APPS WS-KIX-ENV WS-KIX-MYENV
   439              WS-KIX-SYS
   440        end-unstring
   441*       DISPLAY ' WS KIX SYS ' WS-KIXSYS
   442*       DISPLAY ' WS KIX MYENV ' WS-KIX-MYENV
   443     end-if
   444     MOVE EIBDATE                TO DC-JULIAN-YYDDD
   445     MOVE '5'                    TO DC-OPTION-CODE
   446     PERFORM 9700-DATE-LINK      THRU 9700-EXIT
   447     MOVE DC-GREG-DATE-1-EDIT    TO SAVE-DATE
   448     MOVE DC-GREG-DATE-A-EDIT    TO PYHDR-DT
   449     MOVE DC-BIN-DATE-1          TO SAVE-BIN-DATE
   450*********************
   451* Receive web input
   452*********************
   453* NO WEB INPUT FROM THIS PROJECT YET
   454*****************************************
   455* Invoke the report business logic
   456*****************************************
   457     MOVE SPACES                 TO BL-COMMAREA
   458
   459* exec cics link
   460*       program('PYRPTBL')
   461*       commarea(BL-COMMAREA)
   462*    end-exec.
   463     MOVE LENGTH OF
   464      BL-COMMAREA
   465       TO DFHEIV11
   466     MOVE 'PYRPTBL' TO DFHEIV1
   467*    MOVE '."C                   (   #00000454' TO DFHEIV0
   468     MOVE X'2E2243202020202020202020' TO DFHEIV0(1:12)
   469     MOVE X'202020202020202020202820' TO DFHEIV0(13:12)
   470     MOVE X'2020233030303030343534' TO DFHEIV0(25:11)
   471     CALL 'kxdfhei1' USING DFHEIV0,
   472           DFHEIV1,
   473           BL-COMMAREA,
   474           DFHEIV11,
   475           DFHEIV99,
   476           DFHEIV99,
   477           DFHEIV99,
* Micro Focus Server Express         V5.1 revision 000 13-Nov-12 08:32 Page  10
* PYRPT.cbl
   478           DFHEIV99
   479     GO TO 9999-DFHEXIT DEPENDING ON DFHEIGDK.
   480
   481***********************************************************
   482* Build output document.  There are three templates used
   483* for this document.  PYHDR  and  PYFTR are the header
   484* and footer, respectively.   PYBOD is used for the
   485* actual data.  For each array entry in the business
   486* logic output, set the symbol list from the array
   487* entry and insert into the document using the  PYBOD
   488* template.
   489***********************************************************
   490     move bl-MESSAGE        to PYFTR-MSG
   491
   492* exec cics document create
   493*       doctoken   (w-doctoken)
   494*       template   ('PYHDR')
   495*       symbollist (WS-PROD-PYHDR)
   496*       resp       (WS-RESPONSE)
   497*    end-exec
   498     MOVE LENGTH OF
   499      WS-PROD-PYHDR
   500       TO DFHEIV16
   501     MOVE 'PYHDR'
   502      TO DFHEIVL0
   503*    MOVE '\"D tSL               )  N#00000468' TO DFHEIV0
   504     MOVE X'5C22442074534C2020202020' TO DFHEIV0(1:12)
   505     MOVE X'202020202020202020202920' TO DFHEIV0(13:12)
   506     MOVE X'204E233030303030343638' TO DFHEIV0(25:11)
   507     CALL 'kxdfhei1' USING DFHEIV0,
   508           w-doctoken,
   509           DFHEIV99,
   510           DFHEIVL0,
   511           WS-PROD-PYHDR,
   512           DFHEIV16,
   513           DFHEIV99,
   514           DFHEIV99,
   515           DFHEIV99
   516     MOVE EIBRESP  TO WS-RESPONSE
   517     GO TO 9999-DFHEXIT DEPENDING ON DFHEIGDK
   518     move 1 to S1
   519     perform bl-COUNT times
   520        MOVE BL-CARRIER   (S1)   TO OUT-CARR
   521        MOVE BL-STATE     (S1)   TO OUT-STATE
   522        MOVE BL-FIN-RESP  (S1)   TO OUT-RESP
   523        MOVE BL-ACCOUNT   (S1)   TO OUT-ACCT
   524        MOVE BL-ACCT-NAME (S1)   TO OUT-ACCT-NAME
   525        MOVE BL-NET-AMT   (S1)   TO OUT-AMT
   526        MOVE BL-TYPE      (S1)   TO OUT-TYPE
   527        MOVE BL-GL-ACCT   (S1)   TO OUT-GLACCT
   528        MOVE BL-COMMENT   (S1)   TO OUT-COMMENT
   529        MOVE BL-MAINT-DT  (S1)   TO OUT-MAINT-DT
   530
   531* exec cics document set
   532*          doctoken   (w-doctoken)
   533*          symbollist (WS-PROD-PYBOD)
   534*          length     (length of WS-PROD-PYBOD)
   535*                      resp       (WS-RESPONSE)
* Micro Focus Server Express         V5.1 revision 000 13-Nov-12 08:32 Page  11
* PYRPT.cbl
   536*       end-exec
   537     MOVE LENGTH OF
   538      WS-PROD-PYBOD TO DFHEIV16
   539*    MOVE '\(Ds L                ''  N#00000486' TO DFHEIV0
   540     MOVE X'5C284473204C202020202020' TO DFHEIV0(1:12)
   541     MOVE X'202020202020202020202720' TO DFHEIV0(13:12)
   542     MOVE X'204E233030303030343836' TO DFHEIV0(25:11)
   543     CALL 'kxdfhei1' USING DFHEIV0,
   544           w-doctoken,
   545           WS-PROD-PYBOD,
   546           DFHEIV99,
   547           DFHEIV16,
   548           DFHEIV99,
   549           DFHEIV99
   550     MOVE EIBRESP  TO WS-RESPONSE
   551     GO TO 9999-DFHEXIT DEPENDING ON DFHEIGDK
   552
   553* exec cics document insert
   554*          doctoken(w-doctoken)
   555*          template('PYBOD')
   556*                      resp   (WS-RESPONSE)
   557*       end-exec
   558     MOVE 'PYBOD'
   559      TO DFHEIVL0
   560*    MOVE '\$Dt                  (  N#00000492' TO DFHEIV0
   561     MOVE X'5C2444742020202020202020' TO DFHEIV0(1:12)
   562     MOVE X'202020202020202020202820' TO DFHEIV0(13:12)
   563     MOVE X'204E233030303030343932' TO DFHEIV0(25:11)
   564     CALL 'kxdfhei1' USING DFHEIV0,
   565           w-doctoken,
   566           DFHEIVL0,
   567           DFHEIV99,
   568           DFHEIV99,
   569           DFHEIV99,
   570           DFHEIV99,
   571           DFHEIV99
   572     MOVE EIBRESP  TO WS-RESPONSE
   573     GO TO 9999-DFHEXIT DEPENDING ON DFHEIGDK
   574        add 1 to S1
   575     end-perform
   576
   577* exec cics document set
   578*       doctoken   (w-doctoken)
   579*       symbollist (WS-PROD-PYFTR)
   580*       length     (length of WS-PROD-PYFTR)
   581*                   resp       (WS-RESPONSE)
   582*    end-exec
   583     MOVE LENGTH OF
   584      WS-PROD-PYFTR TO DFHEIV16
   585*    MOVE '\(Ds L                ''  N#00000499' TO DFHEIV0
   586     MOVE X'5C284473204C202020202020' TO DFHEIV0(1:12)
   587     MOVE X'202020202020202020202720' TO DFHEIV0(13:12)
   588     MOVE X'204E233030303030343939' TO DFHEIV0(25:11)
   589     CALL 'kxdfhei1' USING DFHEIV0,
   590           w-doctoken,
   591           WS-PROD-PYFTR,
   592           DFHEIV99,
   593           DFHEIV16,
* Micro Focus Server Express         V5.1 revision 000 13-Nov-12 08:32 Page  12
* PYRPT.cbl
   594           DFHEIV99,
   595           DFHEIV99
   596     MOVE EIBRESP  TO WS-RESPONSE
   597     GO TO 9999-DFHEXIT DEPENDING ON DFHEIGDK
   598
   599* exec cics document insert
   600*       doctoken(w-doctoken)
   601*       template('PYFTR')
   602*                   resp   (WS-RESPONSE)
   603*    end-exec
   604     MOVE 'PYFTR'
   605      TO DFHEIVL0
   606*    MOVE '\$Dt                  (  N#00000505' TO DFHEIV0
   607     MOVE X'5C2444742020202020202020' TO DFHEIV0(1:12)
   608     MOVE X'202020202020202020202820' TO DFHEIV0(13:12)
   609     MOVE X'204E233030303030353035' TO DFHEIV0(25:11)
   610     CALL 'kxdfhei1' USING DFHEIV0,
   611           w-doctoken,
   612           DFHEIVL0,
   613           DFHEIV99,
   614           DFHEIV99,
   615           DFHEIV99,
   616           DFHEIV99,
   617           DFHEIV99
   618     MOVE EIBRESP  TO WS-RESPONSE
   619     GO TO 9999-DFHEXIT DEPENDING ON DFHEIGDK
   620****************************************
   621* Send the document and return.
   622****************************************
   623
   624* exec cics web send
   625*       doctoken(w-doctoken)
   626*                   resp   (WS-RESPONSE)
   627*    end-exec.
   628*    MOVE 'X$D                   *  N#00000513' TO DFHEIV0
   629     MOVE X'582444202020202020202020' TO DFHEIV0(1:12)
   630     MOVE X'202020202020202020202A20' TO DFHEIV0(13:12)
   631     MOVE X'204E233030303030353133' TO DFHEIV0(25:11)
   632     CALL 'kxdfhei1' USING DFHEIV0,
   633           w-doctoken,
   634           DFHEIV99,
   635           DFHEIV99,
   636           DFHEIV99,
   637           DFHEIV99,
   638           DFHEIV99,
   639           DFHEIV99,
   640           DFHEIV99,
   641           DFHEIV99
   642     MOVE EIBRESP  TO WS-RESPONSE
   643     GO TO 9999-DFHEXIT DEPENDING ON DFHEIGDK.
   644
   645
   646* exec cics
   647*       return
   648*    end-exec.
   649*    MOVE '.(                    ''   #00000517' TO DFHEIV0
   650     MOVE X'2E2820202020202020202020' TO DFHEIV0(1:12)
   651     MOVE X'202020202020202020202720' TO DFHEIV0(13:12)
* Micro Focus Server Express         V5.1 revision 000 13-Nov-12 08:32 Page  13
* PYRPT.cbl
   652     MOVE X'2020233030303030353137' TO DFHEIV0(25:11)
   653     CALL 'kxdfhei1' USING DFHEIV0,
   654           DFHEIV99,
   655           DFHEIV99,
   656           DFHEIV99,
   657           DFHEIV99,
   658           DFHEIV99,
   659           DFHEIV99
   660     GO TO 9999-DFHEXIT DEPENDING ON DFHEIGDK.
   661
   662 9700-DATE-LINK.
   663
   664* EXEC CICS LINK
   665*        PROGRAM   ('ELDATCV')
   666*        COMMAREA  (DATE-CONVERSION-DATA)
   667*        LENGTH    (DC-COMM-LENGTH)
   668*    END-EXEC.
   669     MOVE 'ELDATCV' TO DFHEIV1
   670*    MOVE '."C                   (   #00000521' TO DFHEIV0
   671     MOVE X'2E2243202020202020202020' TO DFHEIV0(1:12)
   672     MOVE X'202020202020202020202820' TO DFHEIV0(13:12)
   673     MOVE X'2020233030303030353231' TO DFHEIV0(25:11)
   674     CALL 'kxdfhei1' USING DFHEIV0,
   675           DFHEIV1,
   676           DATE-CONVERSION-DATA,
   677           DC-COMM-LENGTH,
   678           DFHEIV99,
   679           DFHEIV99,
   680           DFHEIV99,
   681           DFHEIV99
   682     GO TO 9999-DFHEXIT DEPENDING ON DFHEIGDK.
   683
   684 9700-EXIT.
   685      EXIT.
   686
   687 9999-DFHBACK SECTION.
   688     MOVE '9%                    "   ' TO DFHEIV0
   689     MOVE 'PYRPT' TO DFHEIV1
   690     CALL 'kxdfhei1' USING DFHEIV0 DFHEIV1
   691     GOBACK.
   692 9999-DFHEXIT.
   693     IF DFHEIGDJ EQUAL 0001
   694         NEXT SENTENCE.
   695     MOVE '9%                    "   ' TO DFHEIV0
   696     MOVE 'PYRPT' TO DFHEIV1
   697     CALL 'kxdfhei1' USING DFHEIV0 DFHEIV1
   698     GOBACK.
* Micro Focus Server Express         V5.1 revision 000 Compiler
* Copyright (C) Micro Focus IP Development Limited 1984-2012.
*                                                        REF GNR-008065005AF
* Total Messages:     0
* Data:       21976     Code:        1991
