Local directory now /data/seqfiles
Interactive mode off.
Verbose mode on.
200 PORT command successful.
150 Opening BINARY mode data connection for INPUT.TXT.
226 Transfer complete.
local: INPUT.TXT remote: INPUT.TXT
517 bytes sent in 0.00017 seconds (2918.40 Kbytes/s)
250 CWD command successful.
200 PORT command successful.
150 Opening BINARY mode data connection for CI.DL.CIADM.FICH317.DLY.
226 Transfer complete.
local: CI.DL.CIADM.FICH317.DLY remote: CI.DL.CIADM.FICH317.DLY
424107 bytes sent in 0.031 seconds (13360.23 Kbytes/s)
200 PORT command successful.
150 Opening BINARY mode data connection for CI.DL.CIADM.FICH583.
226 Transfer complete.
local: CI.DL.CIADM.FICH583 remote: CI.DL.CIADM.FICH583
9042 bytes sent in 0.00014 seconds (64453.13 Kbytes/s)
200 PORT command successful.
150 Opening BINARY mode data connection for CI.DL.CIADM.FICH585.
226 Transfer complete.
local: CI.DL.CIADM.FICH585 remote: CI.DL.CIADM.FICH585
16465 bytes sent in 0.00018 seconds (87386.42 Kbytes/s)
200 PORT command successful.
150 Opening BINARY mode data connection for CI.DL.CIADM.FICH591.20071120.
226 Transfer complete.
local: CI.DL.CIADM.FICH591 remote: CI.DL.CIADM.FICH591.20071120
22583 bytes sent in 0.00022 seconds (98454.06 Kbytes/s)
200 PORT command successful.
150 Opening BINARY mode data connection for CI.DL.CIADM.FICH591D.20071120.
226 Transfer complete.
local: CI.DL.CIADM.FICH591D remote: CI.DL.CIADM.FICH591D.20071120
1978418 bytes sent in 0.16 seconds (12001.50 Kbytes/s)
221  
